<ShowPlanXML xmlns="http://schemas.microsoft.com/sqlserver/2004/07/showplan" Version="1.564" Build="16.0.4225.2"><BatchSequence><Batch><Statements><StmtSimple StatementText="SELECT&#xd;&#xa;    s.s_name,&#xd;&#xa;    COUNT(*) AS numwait&#xd;&#xa;FROM&#xd;&#xa;    dbo.supplier s,&#xd;&#xa;    dbo.lineitem l1,&#xd;&#xa;    dbo.orders o,&#xd;&#xa;    dbo.nation n&#xd;&#xa;WHERE&#xd;&#xa;    s.s_suppkey = l1.l_suppkey&#xd;&#xa;    AND o.o_orderkey = l1.l_orderkey&#xd;&#xa;    AND o.o_orderstatus = &apos;F&apos;&#xd;&#xa;    AND l1.l_receiptdate &gt; l1.l_commitdate&#xd;&#xa;    AND EXISTS (&#xd;&#xa;        SELECT *&#xd;&#xa;        FROM dbo.lineitem l2&#xd;&#xa;        WHERE&#xd;&#xa;            l2.l_orderkey = l1.l_orderkey&#xd;&#xa;            AND l2.l_suppkey &lt;&gt; l1.l_suppkey&#xd;&#xa;    )&#xd;&#xa;    AND NOT EXISTS (&#xd;&#xa;        SELECT *&#xd;&#xa;        FROM dbo.lineitem l3&#xd;&#xa;        WHERE&#xd;&#xa;            l3.l_orderkey = l1.l_orderkey&#xd;&#xa;            AND l3.l_suppkey &lt;&gt; l1.l_suppkey&#xd;&#xa;            AND l3.l_receiptdate &gt; l3.l_commitdate&#xd;&#xa;    )&#xd;&#xa;    AND s.s_nationkey = n.n_nationkey&#xd;&#xa;    AND n.n_name = &apos;GERMANY&apos;&#xd;&#xa;GROUP BY&#xd;&#xa;    s.s_name&#xd;&#xa;ORDER BY&#xd;&#xa;    numwait DESC,&#xd;&#xa;    s.s_name" StatementId="1" StatementCompId="1" StatementType="SELECT" StatementSqlHandle="0x09008461AC1C9CB7E3391573F5214E91129E0000000000000000000000000000000000000000000000000000" DatabaseContextSettingsId="7" ParentObjectId="0" StatementParameterizationType="0" RetrievedFromCache="true" StatementSubTreeCost="18.6829" StatementEstRows="400" SecurityPolicyApplied="true" StatementOptmLevel="FULL" QueryHash="0x129CDD9072D82AD9" QueryPlanHash="0x22AE78E7AE3AB4B4" StatementOptmEarlyAbortReason="TimeOut" CardinalityEstimationModelVersion="160" BatchModeOnRowStoreUsed="true"><StatementSetOptions QUOTED_IDENTIFIER="true" ARITHABORT="true" CONCAT_NULL_YIELDS_NULL="true" ANSI_NULLS="true" ANSI_PADDING="true" ANSI_WARNINGS="true" NUMERIC_ROUNDABORT="false"></StatementSetOptions><QueryPlan DegreeOfParallelism="12" MemoryGrant="146408" CachedPlanSize="424" CompileTime="102" CompileCPU="102" CompileMemory="11112"><ThreadStat Branches="2" UsedThreads="24"><ThreadReservation NodeId="0" ReservedThreads="25"></ThreadReservation></ThreadStat><MemoryGrantInfo SerialRequiredMemory="3736" SerialDesiredMemory="100296" RequiredMemory="49832" DesiredMemory="146408" RequestedMemory="146408" GrantWaitTime="0" MaxQueryMemory="1402224" GrantedMemory="146408" MaxUsedMemory="22464" LastRequestedMemory="0" IsMemoryGrantFeedbackAdjusted="No: First Execution"></MemoryGrantInfo><OptimizerHardwareDependentProperties EstimatedAvailableMemoryGrant="106973" EstimatedPagesCached="80230" EstimatedAvailableDegreeOfParallelism="6" MaxCompileMemory="5619080"></OptimizerHardwareDependentProperties><OptimizerStatsUsage><StatisticsInfo LastUpdate="2026-01-12T13:48:35.17" ModificationCount="0" SamplingPercent="100" Statistics="[PK__nation__BD377952AE350C6C]" Table="[nation]" Schema="[dbo]" Database="[tpch]"></StatisticsInfo><StatisticsInfo LastUpdate="2026-02-09T20:08:35.51" ModificationCount="0" SamplingPercent="100" Statistics="[xyz]" Table="[lineitem]" Schema="[dbo]" Database="[tpch]"></StatisticsInfo><StatisticsInfo LastUpdate="2026-02-18T14:07:26.83" ModificationCount="0" SamplingPercent="100" Statistics="[p16_idx]" Table="[orders]" Schema="[dbo]" Database="[tpch]"></StatisticsInfo><StatisticsInfo LastUpdate="2026-02-16T19:44:02.89" ModificationCount="0" SamplingPercent="100" Statistics="[p35_idx]" Table="[lineitem]" Schema="[dbo]" Database="[tpch]"></StatisticsInfo><StatisticsInfo LastUpdate="2026-01-12T13:48:40.22" ModificationCount="0" SamplingPercent="100" Statistics="[PK__lineitem__2B16504EA5720AF2]" Table="[lineitem]" Schema="[dbo]" Database="[tpch]"></StatisticsInfo><StatisticsInfo LastUpdate="2026-01-12T13:48:36.35" ModificationCount="0" SamplingPercent="100" Statistics="[PK__customer__48695B7174053BCB]" Table="[customer]" Schema="[dbo]" Database="[tpch]"></StatisticsInfo><StatisticsInfo LastUpdate="2026-01-12T13:48:36.37" ModificationCount="0" SamplingPercent="35.928" Statistics="[_WA_Sys_00000004_35BCFE0A]" Table="[customer]" Schema="[dbo]" Database="[tpch]"></StatisticsInfo><StatisticsInfo LastUpdate="2026-02-18T14:08:27.63" ModificationCount="0" SamplingPercent="100" Statistics="[q21_p16_19]" Table="[orders]" Schema="[dbo]" Database="[tpch]"></StatisticsInfo><StatisticsInfo LastUpdate="2026-01-12T13:48:35.38" ModificationCount="0" SamplingPercent="100" Statistics="[_WA_Sys_00000004_3C69FB99]" Table="[supplier]" Schema="[dbo]" Database="[tpch]"></StatisticsInfo><StatisticsInfo LastUpdate="2026-02-18T11:40:34.95" ModificationCount="0" SamplingPercent="100" Statistics="[_WA_Sys_00000002_37A5467C]" Table="[nation]" Schema="[dbo]" Database="[tpch]"></StatisticsInfo><StatisticsInfo LastUpdate="2026-02-16T18:45:46.09" ModificationCount="0" SamplingPercent="100" Statistics="[p40_idx]" Table="[lineitem]" Schema="[dbo]" Database="[tpch]"></StatisticsInfo><StatisticsInfo LastUpdate="2026-01-12T13:48:35.37" ModificationCount="0" SamplingPercent="100" Statistics="[PK__supplier__C9D8C8B7B058A0BD]" Table="[supplier]" Schema="[dbo]" Database="[tpch]"></StatisticsInfo><StatisticsInfo LastUpdate="2026-01-12T13:48:40.97" ModificationCount="0" SamplingPercent="100" Statistics="[PK__orders__0F8A1252147E7971]" Table="[orders]" Schema="[dbo]" Database="[tpch]"></StatisticsInfo><StatisticsInfo LastUpdate="2026-02-16T18:58:14.05" ModificationCount="0" SamplingPercent="100" Statistics="[p16_idx]" Table="[lineitem]" Schema="[dbo]" Database="[tpch]"></StatisticsInfo><StatisticsInfo LastUpdate="2026-02-18T11:40:34.96" ModificationCount="0" SamplingPercent="100" Statistics="[_WA_Sys_00000002_3C69FB99]" Table="[supplier]" Schema="[dbo]" Database="[tpch]"></StatisticsInfo><StatisticsInfo LastUpdate="2026-02-16T19:04:26.16" ModificationCount="0" SamplingPercent="100" Statistics="[&lt;Name of Missing Index, sysname,&gt;]" Table="[orders]" Schema="[dbo]" Database="[tpch]"></StatisticsInfo></OptimizerStatsUsage><WaitStats><Wait WaitType="EXECSYNC" WaitTimeMs="24170" WaitCount="94"></Wait><Wait WaitType="CXSYNC_PORT" WaitTimeMs="2435" WaitCount="63"></Wait><Wait WaitType="HTDELETE" WaitTimeMs="385" WaitCount="44"></Wait><Wait WaitType="BMPBUILD" WaitTimeMs="33" WaitCount="44"></Wait><Wait WaitType="HTREPARTITION" WaitTimeMs="30" WaitCount="66"></Wait><Wait WaitType="PWAIT_QRY_BPMEMORY" WaitTimeMs="25" WaitCount="38"></Wait><Wait WaitType="BPSORT" WaitTimeMs="24" WaitCount="396"></Wait><Wait WaitType="LATCH_EX" WaitTimeMs="21" WaitCount="229"></Wait><Wait WaitType="SESSION_WAIT_STATS_CHILDREN" WaitTimeMs="9" WaitCount="38"></Wait><Wait WaitType="HTBUILD" WaitTimeMs="6" WaitCount="44"></Wait></WaitStats><QueryTimeStats ElapsedTime="2403" CpuTime="4134"></QueryTimeStats><RelOp NodeId="0" PhysicalOp="Parallelism" LogicalOp="Gather Streams" EstimateRows="400" EstimateIO="0" EstimateCPU="0.0304816" AvgRowSize="33" EstimatedTotalSubtreeCost="18.6829" Parallel="1" EstimateRebinds="0" EstimateRewinds="0" EstimatedExecutionMode="Row"><OutputList><ColumnReference Database="[tpch]" Schema="[dbo]" Table="[supplier]" Alias="[s]" Column="S_Name"></ColumnReference><ColumnReference Column="Expr1041"></ColumnReference></OutputList><RunTimeInformation><RunTimeCountersPerThread Thread="0" ActualRows="0" Batches="0" ActualElapsedms="2403" ActualCPUms="0" ActualEndOfScans="1" ActualExecutions="1" ActualExecutionMode="Row"></RunTimeCountersPerThread></RunTimeInformation><Parallelism><OrderBy><OrderByColumn Ascending="0"><ColumnReference Column="Expr1041"></ColumnReference></OrderByColumn><OrderByColumn Ascending="1"><ColumnReference Database="[tpch]" Schema="[dbo]" Table="[supplier]" Alias="[s]" Column="S_Name"></ColumnReference></OrderByColumn></OrderBy><RelOp NodeId="1" PhysicalOp="Sort" LogicalOp="Sort" EstimateRows="400" EstimateIO="0.000625626" EstimateCPU="0.000106568" AvgRowSize="33" EstimatedTotalSubtreeCost="18.6524" Parallel="1" EstimateRebinds="0" EstimateRewinds="0" EstimatedExecutionMode="Batch"><OutputList><ColumnReference Database="[tpch]" Schema="[dbo]" Table="[supplier]" Alias="[s]" Column="S_Name"></ColumnReference><ColumnReference Column="Expr1041"></ColumnReference></OutputList><MemoryFractions Input="0.689395" Output="0.689395"></MemoryFractions><RunTimeInformation><RunTimeCountersPerThread Thread="12" ActualRows="0" Batches="0" ActualElapsedms="3" ActualCPUms="2" ActualScans="0" ActualLogicalReads="0" ActualPhysicalReads="0" ActualReadAheads="0" ActualLobLogicalReads="0" ActualLobPhysicalReads="0" ActualLobReadAheads="0" ActualEndOfScans="0" ActualExecutions="1" ActualExecutionMode="Batch"></RunTimeCountersPerThread><RunTimeCountersPerThread Thread="11" ActualRows="0" Batches="0" ActualElapsedms="3" ActualCPUms="1" ActualScans="0" ActualLogicalReads="0" ActualPhysicalReads="0" ActualReadAheads="0" ActualLobLogicalReads="0" ActualLobPhysicalReads="0" ActualLobReadAheads="0" ActualEndOfScans="0" ActualExecutions="1" ActualExecutionMode="Batch"></RunTimeCountersPerThread><RunTimeCountersPerThread Thread="10" ActualRows="0" Batches="0" ActualElapsedms="3" ActualCPUms="1" ActualScans="0" ActualLogicalReads="0" ActualPhysicalReads="0" ActualReadAheads="0" ActualLobLogicalReads="0" ActualLobPhysicalReads="0" ActualLobReadAheads="0" ActualEndOfScans="0" ActualExecutions="1" ActualExecutionMode="Batch"></RunTimeCountersPerThread><RunTimeCountersPerThread Thread="9" ActualRows="0" Batches="0" ActualElapsedms="4" ActualCPUms="0" ActualScans="0" ActualLogicalReads="0" ActualPhysicalReads="0" ActualReadAheads="0" ActualLobLogicalReads="0" ActualLobPhysicalReads="0" ActualLobReadAheads="0" ActualEndOfScans="0" ActualExecutions="1" ActualExecutionMode="Batch"></RunTimeCountersPerThread><RunTimeCountersPerThread Thread="8" ActualRows="0" Batches="0" ActualElapsedms="4" ActualCPUms="1" ActualScans="0" ActualLogicalReads="0" ActualPhysicalReads="0" ActualReadAheads="0" ActualLobLogicalReads="0" ActualLobPhysicalReads="0" ActualLobReadAheads="0" ActualEndOfScans="0" ActualExecutions="1" ActualExecutionMode="Batch"></RunTimeCountersPerThread><RunTimeCountersPerThread Thread="7" ActualRows="0" Batches="0" ActualElapsedms="3" ActualCPUms="1" ActualScans="0" ActualLogicalReads="0" ActualPhysicalReads="0" ActualReadAheads="0" ActualLobLogicalReads="0" ActualLobPhysicalReads="0" ActualLobReadAheads="0" ActualEndOfScans="0" ActualExecutions="1" ActualExecutionMode="Batch"></RunTimeCountersPerThread><RunTimeCountersPerThread Thread="6" ActualRows="0" Batches="0" ActualElapsedms="3" ActualCPUms="1" ActualScans="0" ActualLogicalReads="0" ActualPhysicalReads="0" ActualReadAheads="0" ActualLobLogicalReads="0" ActualLobPhysicalReads="0" ActualLobReadAheads="0" ActualEndOfScans="0" ActualExecutions="1" ActualExecutionMode="Batch"></RunTimeCountersPerThread><RunTimeCountersPerThread Thread="5" ActualRows="0" Batches="0" ActualElapsedms="5" ActualCPUms="0" ActualScans="0" ActualLogicalReads="0" ActualPhysicalReads="0" ActualReadAheads="0" ActualLobLogicalReads="0" ActualLobPhysicalReads="0" ActualLobReadAheads="0" ActualEndOfScans="0" ActualExecutions="1" ActualExecutionMode="Batch"></RunTimeCountersPerThread><RunTimeCountersPerThread Thread="4" ActualRows="0" Batches="0" ActualElapsedms="3" ActualCPUms="1" ActualScans="0" ActualLogicalReads="0" ActualPhysicalReads="0" ActualReadAheads="0" ActualLobLogicalReads="0" ActualLobPhysicalReads="0" ActualLobReadAheads="0" ActualEndOfScans="0" ActualExecutions="1" ActualExecutionMode="Batch"></RunTimeCountersPerThread><RunTimeCountersPerThread Thread="3" ActualRows="0" Batches="0" ActualElapsedms="3" ActualCPUms="1" ActualScans="0" ActualLogicalReads="0" ActualPhysicalReads="0" ActualReadAheads="0" ActualLobLogicalReads="0" ActualLobPhysicalReads="0" ActualLobReadAheads="0" ActualEndOfScans="0" ActualExecutions="1" ActualExecutionMode="Batch"></RunTimeCountersPerThread><RunTimeCountersPerThread Thread="2" ActualRows="0" Batches="0" ActualElapsedms="3" ActualCPUms="1" ActualScans="0" ActualLogicalReads="0" ActualPhysicalReads="0" ActualReadAheads="0" ActualLobLogicalReads="0" ActualLobPhysicalReads="0" ActualLobReadAheads="0" ActualEndOfScans="0" ActualExecutions="1" ActualExecutionMode="Batch"></RunTimeCountersPerThread><RunTimeCountersPerThread Thread="1" ActualRows="0" Batches="0" ActualElapsedms="3" ActualCPUms="1" ActualScans="0" ActualLogicalReads="0" ActualPhysicalReads="0" ActualReadAheads="0" ActualLobLogicalReads="0" ActualLobPhysicalReads="0" ActualLobReadAheads="0" ActualEndOfScans="0" ActualExecutions="1" ActualExecutionMode="Batch"></RunTimeCountersPerThread><RunTimeCountersPerThread Thread="0" ActualRows="0" Batches="0" ActualElapsedms="0" ActualCPUms="0" ActualEndOfScans="0" ActualExecutions="0" ActualExecutionMode="Batch"></RunTimeCountersPerThread></RunTimeInformation><Sort Distinct="0"><OrderBy><OrderByColumn Ascending="0"><ColumnReference Column="Expr1041"></ColumnReference></OrderByColumn><OrderByColumn Ascending="1"><ColumnReference Database="[tpch]" Schema="[dbo]" Table="[supplier]" Alias="[s]" Column="S_Name"></ColumnReference></OrderByColumn></OrderBy><RelOp NodeId="2" PhysicalOp="Compute Scalar" LogicalOp="Compute Scalar" EstimateRows="400" EstimateIO="0" EstimateCPU="0" AvgRowSize="33" EstimatedTotalSubtreeCost="18.6517" Parallel="1" EstimateRebinds="0" EstimateRewinds="0" EstimatedExecutionMode="Row"><OutputList><ColumnReference Database="[tpch]" Schema="[dbo]" Table="[supplier]" Alias="[s]" Column="S_Name"></ColumnReference><ColumnReference Column="Expr1041"></ColumnReference></OutputList><RunTimeInformation><RunTimeCountersPerThread Thread="12" ActualRows="0" Batches="0" ActualElapsedms="0" ActualCPUms="0" ActualEndOfScans="0" ActualExecutions="1" ActualExecutionMode="Row"></RunTimeCountersPerThread><RunTimeCountersPerThread Thread="11" ActualRows="0" Batches="0" ActualElapsedms="0" ActualCPUms="0" ActualEndOfScans="0" ActualExecutions="1" ActualExecutionMode="Row"></RunTimeCountersPerThread><RunTimeCountersPerThread Thread="10" ActualRows="0" Batches="0" ActualElapsedms="0" ActualCPUms="0" ActualEndOfScans="0" ActualExecutions="1" ActualExecutionMode="Row"></RunTimeCountersPerThread><RunTimeCountersPerThread Thread="9" ActualRows="0" Batches="0" ActualElapsedms="0" ActualCPUms="0" ActualEndOfScans="0" ActualExecutions="1" ActualExecutionMode="Row"></RunTimeCountersPerThread><RunTimeCountersPerThread Thread="8" ActualRows="0" Batches="0" ActualElapsedms="0" ActualCPUms="0" ActualEndOfScans="0" ActualExecutions="1" ActualExecutionMode="Row"></RunTimeCountersPerThread><RunTimeCountersPerThread Thread="7" ActualRows="0" Batches="0" ActualElapsedms="0" ActualCPUms="0" ActualEndOfScans="0" ActualExecutions="1" ActualExecutionMode="Row"></RunTimeCountersPerThread><RunTimeCountersPerThread Thread="6" ActualRows="0" Batches="0" ActualElapsedms="0" ActualCPUms="0" ActualEndOfScans="0" ActualExecutions="1" ActualExecutionMode="Row"></RunTimeCountersPerThread><RunTimeCountersPerThread Thread="5" ActualRows="0" Batches="0" ActualElapsedms="0" ActualCPUms="0" ActualEndOfScans="0" ActualExecutions="1" ActualExecutionMode="Row"></RunTimeCountersPerThread><RunTimeCountersPerThread Thread="4" ActualRows="0" Batches="0" ActualElapsedms="0" ActualCPUms="0" ActualEndOfScans="0" ActualExecutions="1" ActualExecutionMode="Row"></RunTimeCountersPerThread><RunTimeCountersPerThread Thread="3" ActualRows="0" Batches="0" ActualElapsedms="0" ActualCPUms="0" ActualEndOfScans="0" ActualExecutions="1" ActualExecutionMode="Row"></RunTimeCountersPerThread><RunTimeCountersPerThread Thread="2" ActualRows="0" Batches="0" ActualElapsedms="0" ActualCPUms="0" ActualEndOfScans="0" ActualExecutions="1" ActualExecutionMode="Row"></RunTimeCountersPerThread><RunTimeCountersPerThread Thread="1" ActualRows="0" Batches="0" ActualElapsedms="0" ActualCPUms="0" ActualEndOfScans="0" ActualExecutions="1" ActualExecutionMode="Row"></RunTimeCountersPerThread><RunTimeCountersPerThread Thread="0" ActualRows="0" Batches="0" ActualElapsedms="2396" ActualCPUms="0" ActualEndOfScans="0" ActualExecutions="0" ActualExecutionMode="Row"></RunTimeCountersPerThread></RunTimeInformation><ComputeScalar><DefinedValues><DefinedValue><ColumnReference Column="Expr1041"></ColumnReference><ScalarOperator ScalarString="CONVERT_IMPLICIT(int,[Expr1254],0)"><Convert DataType="int" Style="0" Implicit="1"><ScalarOperator><Identifier><ColumnReference Column="Expr1254"></ColumnReference></Identifier></ScalarOperator></Convert></ScalarOperator></DefinedValue></DefinedValues><RelOp NodeId="3" PhysicalOp="Hash Match" LogicalOp="Aggregate" EstimateRows="400" EstimateIO="0" EstimateCPU="0.0635179" AvgRowSize="33" EstimatedTotalSubtreeCost="18.6517" Parallel="1" EstimateRebinds="0" EstimateRewinds="0" EstimatedExecutionMode="Row"><OutputList><ColumnReference Database="[tpch]" Schema="[dbo]" Table="[supplier]" Alias="[s]" Column="S_Name"></ColumnReference><ColumnReference Column="Expr1254"></ColumnReference></OutputList><MemoryFractions Input="0.0008285" Output="0.310605"></MemoryFractions><RunTimeInformation><RunTimeCountersPerThread Thread="12" ActualRows="0" Batches="0" ActualElapsedms="0" ActualCPUms="0" ActualScans="0" ActualLogicalReads="0" ActualPhysicalReads="0" ActualReadAheads="0" ActualLobLogicalReads="0" ActualLobPhysicalReads="0" ActualLobReadAheads="0" ActualEndOfScans="1" ActualExecutions="1" InputMemoryGrant="1024" OutputMemoryGrant="3520" UsedMemoryGrant="32" ActualExecutionMode="Row"></RunTimeCountersPerThread><RunTimeCountersPerThread Thread="11" ActualRows="0" Batches="0" ActualElapsedms="0" ActualCPUms="0" ActualScans="0" ActualLogicalReads="0" ActualPhysicalReads="0" ActualReadAheads="0" ActualLobLogicalReads="0" ActualLobPhysicalReads="0" ActualLobReadAheads="0" ActualEndOfScans="1" ActualExecutions="1" InputMemoryGrant="1024" OutputMemoryGrant="3520" UsedMemoryGrant="32" ActualExecutionMode="Row"></RunTimeCountersPerThread><RunTimeCountersPerThread Thread="10" ActualRows="0" Batches="0" ActualElapsedms="0" ActualCPUms="0" ActualScans="0" ActualLogicalReads="0" ActualPhysicalReads="0" ActualReadAheads="0" ActualLobLogicalReads="0" ActualLobPhysicalReads="0" ActualLobReadAheads="0" ActualEndOfScans="1" ActualExecutions="1" InputMemoryGrant="1024" OutputMemoryGrant="3520" UsedMemoryGrant="32" ActualExecutionMode="Row"></RunTimeCountersPerThread><RunTimeCountersPerThread Thread="9" ActualRows="0" Batches="0" ActualElapsedms="0" ActualCPUms="0" ActualScans="0" ActualLogicalReads="0" ActualPhysicalReads="0" ActualReadAheads="0" ActualLobLogicalReads="0" ActualLobPhysicalReads="0" ActualLobReadAheads="0" ActualEndOfScans="1" ActualExecutions="1" InputMemoryGrant="1024" OutputMemoryGrant="3520" UsedMemoryGrant="32" ActualExecutionMode="Row"></RunTimeCountersPerThread><RunTimeCountersPerThread Thread="8" ActualRows="0" Batches="0" ActualElapsedms="0" ActualCPUms="0" ActualScans="0" ActualLogicalReads="0" ActualPhysicalReads="0" ActualReadAheads="0" ActualLobLogicalReads="0" ActualLobPhysicalReads="0" ActualLobReadAheads="0" ActualEndOfScans="1" ActualExecutions="1" InputMemoryGrant="1024" OutputMemoryGrant="3520" UsedMemoryGrant="32" ActualExecutionMode="Row"></RunTimeCountersPerThread><RunTimeCountersPerThread Thread="7" ActualRows="0" Batches="0" ActualElapsedms="0" ActualCPUms="0" ActualScans="0" ActualLogicalReads="0" ActualPhysicalReads="0" ActualReadAheads="0" ActualLobLogicalReads="0" ActualLobPhysicalReads="0" ActualLobReadAheads="0" ActualEndOfScans="1" ActualExecutions="1" InputMemoryGrant="1024" OutputMemoryGrant="3520" UsedMemoryGrant="32" ActualExecutionMode="Row"></RunTimeCountersPerThread><RunTimeCountersPerThread Thread="6" ActualRows="0" Batches="0" ActualElapsedms="0" ActualCPUms="0" ActualScans="0" ActualLogicalReads="0" ActualPhysicalReads="0" ActualReadAheads="0" ActualLobLogicalReads="0" ActualLobPhysicalReads="0" ActualLobReadAheads="0" ActualEndOfScans="1" ActualExecutions="1" InputMemoryGrant="1024" OutputMemoryGrant="3520" UsedMemoryGrant="32" ActualExecutionMode="Row"></RunTimeCountersPerThread><RunTimeCountersPerThread Thread="5" ActualRows="0" Batches="0" ActualElapsedms="0" ActualCPUms="0" ActualScans="0" ActualLogicalReads="0" ActualPhysicalReads="0" ActualReadAheads="0" ActualLobLogicalReads="0" ActualLobPhysicalReads="0" ActualLobReadAheads="0" ActualEndOfScans="1" ActualExecutions="1" InputMemoryGrant="1024" OutputMemoryGrant="3520" UsedMemoryGrant="32" ActualExecutionMode="Row"></RunTimeCountersPerThread><RunTimeCountersPerThread Thread="4" ActualRows="0" Batches="0" ActualElapsedms="0" ActualCPUms="0" ActualScans="0" ActualLogicalReads="0" ActualPhysicalReads="0" ActualReadAheads="0" ActualLobLogicalReads="0" ActualLobPhysicalReads="0" ActualLobReadAheads="0" ActualEndOfScans="1" ActualExecutions="1" InputMemoryGrant="1024" OutputMemoryGrant="3520" UsedMemoryGrant="32" ActualExecutionMode="Row"></RunTimeCountersPerThread><RunTimeCountersPerThread Thread="3" ActualRows="0" Batches="0" ActualElapsedms="0" ActualCPUms="0" ActualScans="0" ActualLogicalReads="0" ActualPhysicalReads="0" ActualReadAheads="0" ActualLobLogicalReads="0" ActualLobPhysicalReads="0" ActualLobReadAheads="0" ActualEndOfScans="1" ActualExecutions="1" InputMemoryGrant="1024" OutputMemoryGrant="3520" UsedMemoryGrant="32" ActualExecutionMode="Row"></RunTimeCountersPerThread><RunTimeCountersPerThread Thread="2" ActualRows="0" Batches="0" ActualElapsedms="0" ActualCPUms="0" ActualScans="0" ActualLogicalReads="0" ActualPhysicalReads="0" ActualReadAheads="0" ActualLobLogicalReads="0" ActualLobPhysicalReads="0" ActualLobReadAheads="0" ActualEndOfScans="1" ActualExecutions="1" InputMemoryGrant="1024" OutputMemoryGrant="3520" UsedMemoryGrant="32" ActualExecutionMode="Row"></RunTimeCountersPerThread><RunTimeCountersPerThread Thread="1" ActualRows="0" Batches="0" ActualElapsedms="0" ActualCPUms="0" ActualScans="0" ActualLogicalReads="0" ActualPhysicalReads="0" ActualReadAheads="0" ActualLobLogicalReads="0" ActualLobPhysicalReads="0" ActualLobReadAheads="0" ActualEndOfScans="1" ActualExecutions="1" InputMemoryGrant="1024" OutputMemoryGrant="3520" UsedMemoryGrant="32" ActualExecutionMode="Row"></RunTimeCountersPerThread><RunTimeCountersPerThread Thread="0" ActualRows="0" Batches="0" ActualElapsedms="2396" ActualCPUms="0" ActualScans="0" ActualLogicalReads="0" ActualPhysicalReads="0" ActualReadAheads="0" ActualLobLogicalReads="0" ActualLobPhysicalReads="0" ActualLobReadAheads="0" ActualEndOfScans="0" ActualExecutions="0" InputMemoryGrant="0" OutputMemoryGrant="0" UsedMemoryGrant="0" ActualExecutionMode="Row"></RunTimeCountersPerThread></RunTimeInformation><Hash><DefinedValues><DefinedValue><ColumnReference Column="Expr1254"></ColumnReference><ScalarOperator ScalarString="COUNT(*)"><Aggregate Distinct="0" AggType="COUNT*"></Aggregate></ScalarOperator></DefinedValue></DefinedValues><HashKeysBuild><ColumnReference Database="[tpch]" Schema="[dbo]" Table="[supplier]" Alias="[s]" Column="S_Name"></ColumnReference></HashKeysBuild><BuildResidual><ScalarOperator ScalarString="[tpch].[dbo].[supplier].[S_Name] as [s].[S_Name] = [tpch].[dbo].[supplier].[S_Name] as [s].[S_Name]"><Compare CompareOp="IS"><ScalarOperator><Identifier><ColumnReference Database="[tpch]" Schema="[dbo]" Table="[supplier]" Alias="[s]" Column="S_Name"></ColumnReference></Identifier></ScalarOperator><ScalarOperator><Identifier><ColumnReference Database="[tpch]" Schema="[dbo]" Table="[supplier]" Alias="[s]" Column="S_Name"></ColumnReference></Identifier></ScalarOperator></Compare></ScalarOperator></BuildResidual><RelOp NodeId="4" PhysicalOp="Parallelism" LogicalOp="Repartition Streams" EstimateRows="35018.9" EstimateIO="0" EstimateCPU="0.0584018" AvgRowSize="29" EstimatedTotalSubtreeCost="18.5882" Parallel="1" EstimateRebinds="0" EstimateRewinds="0" EstimatedExecutionMode="Row"><OutputList><ColumnReference Database="[tpch]" Schema="[dbo]" Table="[supplier]" Alias="[s]" Column="S_Name"></ColumnReference></OutputList><RunTimeInformation><RunTimeCountersPerThread Thread="12" ActualRows="0" Batches="0" ActualElapsedms="0" ActualCPUms="0" ActualEndOfScans="1" ActualExecutions="1" ActualExecutionMode="Row"></RunTimeCountersPerThread><RunTimeCountersPerThread Thread="11" ActualRows="0" Batches="0" ActualElapsedms="0" ActualCPUms="0" ActualEndOfScans="1" ActualExecutions="1" ActualExecutionMode="Row"></RunTimeCountersPerThread><RunTimeCountersPerThread Thread="10" ActualRows="0" Batches="0" ActualElapsedms="0" ActualCPUms="0" ActualEndOfScans="1" ActualExecutions="1" ActualExecutionMode="Row"></RunTimeCountersPerThread><RunTimeCountersPerThread Thread="9" ActualRows="0" Batches="0" ActualElapsedms="0" ActualCPUms="0" ActualEndOfScans="1" ActualExecutions="1" ActualExecutionMode="Row"></RunTimeCountersPerThread><RunTimeCountersPerThread Thread="8" ActualRows="0" Batches="0" ActualElapsedms="0" ActualCPUms="0" ActualEndOfScans="1" ActualExecutions="1" ActualExecutionMode="Row"></RunTimeCountersPerThread><RunTimeCountersPerThread Thread="7" ActualRows="0" Batches="0" ActualElapsedms="0" ActualCPUms="0" ActualEndOfScans="1" ActualExecutions="1" ActualExecutionMode="Row"></RunTimeCountersPerThread><RunTimeCountersPerThread Thread="6" ActualRows="0" Batches="0" ActualElapsedms="0" ActualCPUms="0" ActualEndOfScans="1" ActualExecutions="1" ActualExecutionMode="Row"></RunTimeCountersPerThread><RunTimeCountersPerThread Thread="5" ActualRows="0" Batches="0" ActualElapsedms="0" ActualCPUms="0" ActualEndOfScans="1" ActualExecutions="1" ActualExecutionMode="Row"></RunTimeCountersPerThread><RunTimeCountersPerThread Thread="4" ActualRows="0" Batches="0" ActualElapsedms="0" ActualCPUms="0" ActualEndOfScans="1" ActualExecutions="1" ActualExecutionMode="Row"></RunTimeCountersPerThread><RunTimeCountersPerThread Thread="3" ActualRows="0" Batches="0" ActualElapsedms="0" ActualCPUms="0" ActualEndOfScans="1" ActualExecutions="1" ActualExecutionMode="Row"></RunTimeCountersPerThread><RunTimeCountersPerThread Thread="2" ActualRows="0" Batches="0" ActualElapsedms="0" ActualCPUms="0" ActualEndOfScans="1" ActualExecutions="1" ActualExecutionMode="Row"></RunTimeCountersPerThread><RunTimeCountersPerThread Thread="1" ActualRows="0" Batches="0" ActualElapsedms="0" ActualCPUms="0" ActualEndOfScans="1" ActualExecutions="1" ActualExecutionMode="Row"></RunTimeCountersPerThread><RunTimeCountersPerThread Thread="0" ActualRows="0" Batches="0" ActualElapsedms="2396" ActualCPUms="0" ActualEndOfScans="0" ActualExecutions="0" ActualExecutionMode="Row"></RunTimeCountersPerThread></RunTimeInformation><Parallelism PartitioningType="Hash"><PartitionColumns><ColumnReference Database="[tpch]" Schema="[dbo]" Table="[supplier]" Alias="[s]" Column="S_Name"></ColumnReference></PartitionColumns><RelOp NodeId="5" PhysicalOp="Nested Loops" LogicalOp="Left Anti Semi Join" EstimateRows="35018.9" EstimateIO="0" EstimateCPU="0.0243965" AvgRowSize="29" EstimatedTotalSubtreeCost="18.5298" Parallel="1" EstimateRebinds="0" EstimateRewinds="0" EstimatedExecutionMode="Row"><OutputList><ColumnReference Database="[tpch]" Schema="[dbo]" Table="[supplier]" Alias="[s]" Column="S_Name"></ColumnReference></OutputList><RunTimeInformation><RunTimeCountersPerThread Thread="12" ActualRows="0" Batches="0" ActualElapsedms="2394" ActualCPUms="0" ActualEndOfScans="1" ActualExecutions="1" ActualExecutionMode="Row"></RunTimeCountersPerThread><RunTimeCountersPerThread Thread="11" ActualRows="0" Batches="0" ActualElapsedms="2394" ActualCPUms="0" ActualEndOfScans="1" ActualExecutions="1" ActualExecutionMode="Row"></RunTimeCountersPerThread><RunTimeCountersPerThread Thread="10" ActualRows="0" Batches="0" ActualElapsedms="2394" ActualCPUms="0" ActualEndOfScans="1" ActualExecutions="1" ActualExecutionMode="Row"></RunTimeCountersPerThread><RunTimeCountersPerThread Thread="9" ActualRows="0" Batches="0" ActualElapsedms="2394" ActualCPUms="0" ActualEndOfScans="1" ActualExecutions="1" ActualExecutionMode="Row"></RunTimeCountersPerThread><RunTimeCountersPerThread Thread="8" ActualRows="0" Batches="0" ActualElapsedms="2394" ActualCPUms="0" ActualEndOfScans="1" ActualExecutions="1" ActualExecutionMode="Row"></RunTimeCountersPerThread><RunTimeCountersPerThread Thread="7" ActualRows="0" Batches="0" ActualElapsedms="2394" ActualCPUms="0" ActualEndOfScans="1" ActualExecutions="1" ActualExecutionMode="Row"></RunTimeCountersPerThread><RunTimeCountersPerThread Thread="6" ActualRows="0" Batches="0" ActualElapsedms="2394" ActualCPUms="0" ActualEndOfScans="1" ActualExecutions="1" ActualExecutionMode="Row"></RunTimeCountersPerThread><RunTimeCountersPerThread Thread="5" ActualRows="0" Batches="0" ActualElapsedms="2394" ActualCPUms="0" ActualEndOfScans="1" ActualExecutions="1" ActualExecutionMode="Row"></RunTimeCountersPerThread><RunTimeCountersPerThread Thread="4" ActualRows="0" Batches="0" ActualElapsedms="2394" ActualCPUms="0" ActualEndOfScans="1" ActualExecutions="1" ActualExecutionMode="Row"></RunTimeCountersPerThread><RunTimeCountersPerThread Thread="3" ActualRows="0" Batches="0" ActualElapsedms="2394" ActualCPUms="0" ActualEndOfScans="1" ActualExecutions="1" ActualExecutionMode="Row"></RunTimeCountersPerThread><RunTimeCountersPerThread Thread="2" ActualRows="0" Batches="0" ActualElapsedms="2394" ActualCPUms="0" ActualEndOfScans="1" ActualExecutions="1" ActualExecutionMode="Row"></RunTimeCountersPerThread><RunTimeCountersPerThread Thread="1" ActualRows="0" Batches="0" ActualElapsedms="2394" ActualCPUms="0" ActualEndOfScans="1" ActualExecutions="1" ActualExecutionMode="Row"></RunTimeCountersPerThread><RunTimeCountersPerThread Thread="0" ActualRows="0" Batches="0" ActualElapsedms="1" ActualCPUms="0" ActualEndOfScans="0" ActualExecutions="0" ActualExecutionMode="Row"></RunTimeCountersPerThread></RunTimeInformation><NestedLoops Optimized="0"><OuterReferences><ColumnReference Database="[tpch]" Schema="[dbo]" Table="[lineitem]" Alias="[l1]" Column="L_OrderKey"></ColumnReference><ColumnReference Database="[tpch]" Schema="[dbo]" Table="[lineitem]" Alias="[l1]" Column="L_SuppKey"></ColumnReference></OuterReferences><RelOp NodeId="6" PhysicalOp="Sort" LogicalOp="Sort" EstimateRows="35018.9" EstimateIO="0.00187688" EstimateCPU="0.404426" AvgRowSize="41" EstimatedTotalSubtreeCost="14.1875" Parallel="1" EstimateRebinds="0" EstimateRewinds="0" EstimatedExecutionMode="Row"><OutputList><ColumnReference Database="[tpch]" Schema="[dbo]" Table="[supplier]" Alias="[s]" Column="S_SuppKey"></ColumnReference><ColumnReference Database="[tpch]" Schema="[dbo]" Table="[supplier]" Alias="[s]" Column="S_Name"></ColumnReference><ColumnReference Database="[tpch]" Schema="[dbo]" Table="[lineitem]" Alias="[l1]" Column="L_OrderKey"></ColumnReference><ColumnReference Database="[tpch]" Schema="[dbo]" Table="[lineitem]" Alias="[l1]" Column="L_SuppKey"></ColumnReference></OutputList><MemoryFractions Input="0.0576636" Output="0.309776"></MemoryFractions><RunTimeInformation><RunTimeCountersPerThread Thread="12" ActualRows="0" Batches="0" ActualElapsedms="2394" ActualCPUms="0" ActualScans="0" ActualLogicalReads="0" ActualPhysicalReads="0" ActualReadAheads="0" ActualLobLogicalReads="0" ActualLobPhysicalReads="0" ActualLobReadAheads="0" ActualRebinds="1" ActualRewinds="0" ActualEndOfScans="1" ActualExecutions="1" InputMemoryGrant="976" OutputMemoryGrant="2616" UsedMemoryGrant="0" ActualExecutionMode="Row"></RunTimeCountersPerThread><RunTimeCountersPerThread Thread="11" ActualRows="0" Batches="0" ActualElapsedms="2394" ActualCPUms="0" ActualScans="0" ActualLogicalReads="0" ActualPhysicalReads="0" ActualReadAheads="0" ActualLobLogicalReads="0" ActualLobPhysicalReads="0" ActualLobReadAheads="0" ActualRebinds="1" ActualRewinds="0" ActualEndOfScans="1" ActualExecutions="1" InputMemoryGrant="976" OutputMemoryGrant="2616" UsedMemoryGrant="0" ActualExecutionMode="Row"></RunTimeCountersPerThread><RunTimeCountersPerThread Thread="10" ActualRows="0" Batches="0" ActualElapsedms="2394" ActualCPUms="0" ActualScans="0" ActualLogicalReads="0" ActualPhysicalReads="0" ActualReadAheads="0" ActualLobLogicalReads="0" ActualLobPhysicalReads="0" ActualLobReadAheads="0" ActualRebinds="1" ActualRewinds="0" ActualEndOfScans="1" ActualExecutions="1" InputMemoryGrant="976" OutputMemoryGrant="2616" UsedMemoryGrant="0" ActualExecutionMode="Row"></RunTimeCountersPerThread><RunTimeCountersPerThread Thread="9" ActualRows="0" Batches="0" ActualElapsedms="2394" ActualCPUms="0" ActualScans="0" ActualLogicalReads="0" ActualPhysicalReads="0" ActualReadAheads="0" ActualLobLogicalReads="0" ActualLobPhysicalReads="0" ActualLobReadAheads="0" ActualRebinds="1" ActualRewinds="0" ActualEndOfScans="1" ActualExecutions="1" InputMemoryGrant="976" OutputMemoryGrant="2616" UsedMemoryGrant="0" ActualExecutionMode="Row"></RunTimeCountersPerThread><RunTimeCountersPerThread Thread="8" ActualRows="0" Batches="0" ActualElapsedms="2394" ActualCPUms="0" ActualScans="0" ActualLogicalReads="0" ActualPhysicalReads="0" ActualReadAheads="0" ActualLobLogicalReads="0" ActualLobPhysicalReads="0" ActualLobReadAheads="0" ActualRebinds="1" ActualRewinds="0" ActualEndOfScans="1" ActualExecutions="1" InputMemoryGrant="976" OutputMemoryGrant="2616" UsedMemoryGrant="0" ActualExecutionMode="Row"></RunTimeCountersPerThread><RunTimeCountersPerThread Thread="7" ActualRows="0" Batches="0" ActualElapsedms="2394" ActualCPUms="0" ActualScans="0" ActualLogicalReads="0" ActualPhysicalReads="0" ActualReadAheads="0" ActualLobLogicalReads="0" ActualLobPhysicalReads="0" ActualLobReadAheads="0" ActualRebinds="1" ActualRewinds="0" ActualEndOfScans="1" ActualExecutions="1" InputMemoryGrant="976" OutputMemoryGrant="2616" UsedMemoryGrant="0" ActualExecutionMode="Row"></RunTimeCountersPerThread><RunTimeCountersPerThread Thread="6" ActualRows="0" Batches="0" ActualElapsedms="2394" ActualCPUms="0" ActualScans="0" ActualLogicalReads="0" ActualPhysicalReads="0" ActualReadAheads="0" ActualLobLogicalReads="0" ActualLobPhysicalReads="0" ActualLobReadAheads="0" ActualRebinds="1" ActualRewinds="0" ActualEndOfScans="1" ActualExecutions="1" InputMemoryGrant="976" OutputMemoryGrant="2616" UsedMemoryGrant="0" ActualExecutionMode="Row"></RunTimeCountersPerThread><RunTimeCountersPerThread Thread="5" ActualRows="0" Batches="0" ActualElapsedms="2394" ActualCPUms="0" ActualScans="0" ActualLogicalReads="0" ActualPhysicalReads="0" ActualReadAheads="0" ActualLobLogicalReads="0" ActualLobPhysicalReads="0" ActualLobReadAheads="0" ActualRebinds="1" ActualRewinds="0" ActualEndOfScans="1" ActualExecutions="1" InputMemoryGrant="976" OutputMemoryGrant="2616" UsedMemoryGrant="0" ActualExecutionMode="Row"></RunTimeCountersPerThread><RunTimeCountersPerThread Thread="4" ActualRows="0" Batches="0" ActualElapsedms="2394" ActualCPUms="0" ActualScans="0" ActualLogicalReads="0" ActualPhysicalReads="0" ActualReadAheads="0" ActualLobLogicalReads="0" ActualLobPhysicalReads="0" ActualLobReadAheads="0" ActualRebinds="1" ActualRewinds="0" ActualEndOfScans="1" ActualExecutions="1" InputMemoryGrant="976" OutputMemoryGrant="2616" UsedMemoryGrant="0" ActualExecutionMode="Row"></RunTimeCountersPerThread><RunTimeCountersPerThread Thread="3" ActualRows="0" Batches="0" ActualElapsedms="2394" ActualCPUms="0" ActualScans="0" ActualLogicalReads="0" ActualPhysicalReads="0" ActualReadAheads="0" ActualLobLogicalReads="0" ActualLobPhysicalReads="0" ActualLobReadAheads="0" ActualRebinds="1" ActualRewinds="0" ActualEndOfScans="1" ActualExecutions="1" InputMemoryGrant="976" OutputMemoryGrant="2616" UsedMemoryGrant="0" ActualExecutionMode="Row"></RunTimeCountersPerThread><RunTimeCountersPerThread Thread="2" ActualRows="0" Batches="0" ActualElapsedms="2394" ActualCPUms="0" ActualScans="0" ActualLogicalReads="0" ActualPhysicalReads="0" ActualReadAheads="0" ActualLobLogicalReads="0" ActualLobPhysicalReads="0" ActualLobReadAheads="0" ActualRebinds="1" ActualRewinds="0" ActualEndOfScans="1" ActualExecutions="1" InputMemoryGrant="976" OutputMemoryGrant="2616" UsedMemoryGrant="0" ActualExecutionMode="Row"></RunTimeCountersPerThread><RunTimeCountersPerThread Thread="1" ActualRows="0" Batches="0" ActualElapsedms="2394" ActualCPUms="0" ActualScans="0" ActualLogicalReads="0" ActualPhysicalReads="0" ActualReadAheads="0" ActualLobLogicalReads="0" ActualLobPhysicalReads="0" ActualLobReadAheads="0" ActualRebinds="1" ActualRewinds="0" ActualEndOfScans="1" ActualExecutions="1" InputMemoryGrant="976" OutputMemoryGrant="2616" UsedMemoryGrant="0" ActualExecutionMode="Row"></RunTimeCountersPerThread><RunTimeCountersPerThread Thread="0" ActualRows="0" Batches="0" ActualElapsedms="1" ActualCPUms="0" ActualScans="0" ActualLogicalReads="0" ActualPhysicalReads="0" ActualReadAheads="0" ActualLobLogicalReads="0" ActualLobPhysicalReads="0" ActualLobReadAheads="0" ActualRebinds="0" ActualRewinds="0" ActualEndOfScans="0" ActualExecutions="0" InputMemoryGrant="0" OutputMemoryGrant="0" UsedMemoryGrant="0" ActualExecutionMode="Row"></RunTimeCountersPerThread></RunTimeInformation><Sort Distinct="0"><OrderBy><OrderByColumn Ascending="1"><ColumnReference Database="[tpch]" Schema="[dbo]" Table="[lineitem]" Alias="[l1]" Column="L_OrderKey"></ColumnReference></OrderByColumn><OrderByColumn Ascending="1"><ColumnReference Database="[tpch]" Schema="[dbo]" Table="[supplier]" Alias="[s]" Column="S_SuppKey"></ColumnReference></OrderByColumn></OrderBy><RelOp NodeId="7" PhysicalOp="Parallelism" LogicalOp="Repartition Streams" EstimateRows="35018.9" EstimateIO="0" EstimateCPU="0.0644863" AvgRowSize="41" EstimatedTotalSubtreeCost="13.7812" Parallel="1" EstimateRebinds="0" EstimateRewinds="0" EstimatedExecutionMode="Row"><OutputList><ColumnReference Database="[tpch]" Schema="[dbo]" Table="[supplier]" Alias="[s]" Column="S_SuppKey"></ColumnReference><ColumnReference Database="[tpch]" Schema="[dbo]" Table="[supplier]" Alias="[s]" Column="S_Name"></ColumnReference><ColumnReference Database="[tpch]" Schema="[dbo]" Table="[lineitem]" Alias="[l1]" Column="L_OrderKey"></ColumnReference><ColumnReference Database="[tpch]" Schema="[dbo]" Table="[lineitem]" Alias="[l1]" Column="L_SuppKey"></ColumnReference></OutputList><RunTimeInformation><RunTimeCountersPerThread Thread="12" ActualRows="0" Batches="0" ActualElapsedms="2394" ActualCPUms="0" ActualEndOfScans="1" ActualExecutions="1" ActualExecutionMode="Row"></RunTimeCountersPerThread><RunTimeCountersPerThread Thread="11" ActualRows="0" Batches="0" ActualElapsedms="2394" ActualCPUms="0" ActualEndOfScans="1" ActualExecutions="1" ActualExecutionMode="Row"></RunTimeCountersPerThread><RunTimeCountersPerThread Thread="10" ActualRows="0" Batches="0" ActualElapsedms="2394" ActualCPUms="0" ActualEndOfScans="1" ActualExecutions="1" ActualExecutionMode="Row"></RunTimeCountersPerThread><RunTimeCountersPerThread Thread="9" ActualRows="0" Batches="0" ActualElapsedms="2394" ActualCPUms="0" ActualEndOfScans="1" ActualExecutions="1" ActualExecutionMode="Row"></RunTimeCountersPerThread><RunTimeCountersPerThread Thread="8" ActualRows="0" Batches="0" ActualElapsedms="2394" ActualCPUms="0" ActualEndOfScans="1" ActualExecutions="1" ActualExecutionMode="Row"></RunTimeCountersPerThread><RunTimeCountersPerThread Thread="7" ActualRows="0" Batches="0" ActualElapsedms="2394" ActualCPUms="0" ActualEndOfScans="1" ActualExecutions="1" ActualExecutionMode="Row"></RunTimeCountersPerThread><RunTimeCountersPerThread Thread="6" ActualRows="0" Batches="0" ActualElapsedms="2394" ActualCPUms="0" ActualEndOfScans="1" ActualExecutions="1" ActualExecutionMode="Row"></RunTimeCountersPerThread><RunTimeCountersPerThread Thread="5" ActualRows="0" Batches="0" ActualElapsedms="2394" ActualCPUms="0" ActualEndOfScans="1" ActualExecutions="1" ActualExecutionMode="Row"></RunTimeCountersPerThread><RunTimeCountersPerThread Thread="4" ActualRows="0" Batches="0" ActualElapsedms="2394" ActualCPUms="0" ActualEndOfScans="1" ActualExecutions="1" ActualExecutionMode="Row"></RunTimeCountersPerThread><RunTimeCountersPerThread Thread="3" ActualRows="0" Batches="0" ActualElapsedms="2394" ActualCPUms="0" ActualEndOfScans="1" ActualExecutions="1" ActualExecutionMode="Row"></RunTimeCountersPerThread><RunTimeCountersPerThread Thread="2" ActualRows="0" Batches="0" ActualElapsedms="2394" ActualCPUms="0" ActualEndOfScans="1" ActualExecutions="1" ActualExecutionMode="Row"></RunTimeCountersPerThread><RunTimeCountersPerThread Thread="1" ActualRows="0" Batches="0" ActualElapsedms="2394" ActualCPUms="0" ActualEndOfScans="1" ActualExecutions="1" ActualExecutionMode="Row"></RunTimeCountersPerThread><RunTimeCountersPerThread Thread="0" ActualRows="0" Batches="0" ActualElapsedms="1" ActualCPUms="0" ActualEndOfScans="0" ActualExecutions="0" ActualExecutionMode="Row"></RunTimeCountersPerThread></RunTimeInformation><Parallelism PartitioningType="Hash"><PartitionColumns><ColumnReference Database="[tpch]" Schema="[dbo]" Table="[lineitem]" Alias="[l1]" Column="L_OrderKey"></ColumnReference><ColumnReference Database="[tpch]" Schema="[dbo]" Table="[lineitem]" Alias="[l1]" Column="L_SuppKey"></ColumnReference></PartitionColumns><RelOp NodeId="8" PhysicalOp="Nested Loops" LogicalOp="Left Semi Join" EstimateRows="35018.9" EstimateIO="0" EstimateCPU="0.0243965" AvgRowSize="41" EstimatedTotalSubtreeCost="13.7167" Parallel="1" EstimateRebinds="0" EstimateRewinds="0" EstimatedExecutionMode="Row"><OutputList><ColumnReference Database="[tpch]" Schema="[dbo]" Table="[supplier]" Alias="[s]" Column="S_SuppKey"></ColumnReference><ColumnReference Database="[tpch]" Schema="[dbo]" Table="[supplier]" Alias="[s]" Column="S_Name"></ColumnReference><ColumnReference Database="[tpch]" Schema="[dbo]" Table="[lineitem]" Alias="[l1]" Column="L_OrderKey"></ColumnReference><ColumnReference Database="[tpch]" Schema="[dbo]" Table="[lineitem]" Alias="[l1]" Column="L_SuppKey"></ColumnReference></OutputList><RunTimeInformation><RunTimeCountersPerThread Thread="12" ActualRows="0" Batches="0" ActualElapsedms="2394" ActualCPUms="175" ActualEndOfScans="1" ActualExecutions="1" ActualExecutionMode="Row"></RunTimeCountersPerThread><RunTimeCountersPerThread Thread="11" ActualRows="0" Batches="0" ActualElapsedms="2393" ActualCPUms="183" ActualEndOfScans="1" ActualExecutions="1" ActualExecutionMode="Row"></RunTimeCountersPerThread><RunTimeCountersPerThread Thread="10" ActualRows="0" Batches="0" ActualElapsedms="2393" ActualCPUms="122" ActualEndOfScans="1" ActualExecutions="1" ActualExecutionMode="Row"></RunTimeCountersPerThread><RunTimeCountersPerThread Thread="9" ActualRows="0" Batches="0" ActualElapsedms="2394" ActualCPUms="2359" ActualEndOfScans="1" ActualExecutions="1" ActualExecutionMode="Row"></RunTimeCountersPerThread><RunTimeCountersPerThread Thread="8" ActualRows="0" Batches="0" ActualElapsedms="2393" ActualCPUms="188" ActualEndOfScans="1" ActualExecutions="1" ActualExecutionMode="Row"></RunTimeCountersPerThread><RunTimeCountersPerThread Thread="7" ActualRows="0" Batches="0" ActualElapsedms="2393" ActualCPUms="141" ActualEndOfScans="1" ActualExecutions="1" ActualExecutionMode="Row"></RunTimeCountersPerThread><RunTimeCountersPerThread Thread="6" ActualRows="0" Batches="0" ActualElapsedms="2393" ActualCPUms="163" ActualEndOfScans="1" ActualExecutions="1" ActualExecutionMode="Row"></RunTimeCountersPerThread><RunTimeCountersPerThread Thread="5" ActualRows="0" Batches="0" ActualElapsedms="2394" ActualCPUms="180" ActualEndOfScans="1" ActualExecutions="1" ActualExecutionMode="Row"></RunTimeCountersPerThread><RunTimeCountersPerThread Thread="4" ActualRows="0" Batches="0" ActualElapsedms="2394" ActualCPUms="173" ActualEndOfScans="1" ActualExecutions="1" ActualExecutionMode="Row"></RunTimeCountersPerThread><RunTimeCountersPerThread Thread="3" ActualRows="0" Batches="0" ActualElapsedms="2394" ActualCPUms="153" ActualEndOfScans="1" ActualExecutions="1" ActualExecutionMode="Row"></RunTimeCountersPerThread><RunTimeCountersPerThread Thread="2" ActualRows="0" Batches="0" ActualElapsedms="2394" ActualCPUms="133" ActualEndOfScans="1" ActualExecutions="1" ActualExecutionMode="Row"></RunTimeCountersPerThread><RunTimeCountersPerThread Thread="1" ActualRows="0" Batches="0" ActualElapsedms="2394" ActualCPUms="102" ActualEndOfScans="1" ActualExecutions="1" ActualExecutionMode="Row"></RunTimeCountersPerThread><RunTimeCountersPerThread Thread="0" ActualRows="0" Batches="0" ActualElapsedms="0" ActualCPUms="0" ActualEndOfScans="0" ActualExecutions="0" ActualExecutionMode="Row"></RunTimeCountersPerThread></RunTimeInformation><NestedLoops Optimized="0"><OuterReferences><ColumnReference Database="[tpch]" Schema="[dbo]" Table="[lineitem]" Alias="[l1]" Column="L_OrderKey"></ColumnReference><ColumnReference Database="[tpch]" Schema="[dbo]" Table="[lineitem]" Alias="[l1]" Column="L_SuppKey"></ColumnReference></OuterReferences><RelOp NodeId="9" PhysicalOp="Nested Loops" LogicalOp="Left Semi Join" EstimateRows="35018.9" EstimateIO="0" EstimateCPU="0.0243965" AvgRowSize="41" EstimatedTotalSubtreeCost="6.11834" Parallel="1" EstimateRebinds="0" EstimateRewinds="0" EstimatedExecutionMode="Row"><OutputList><ColumnReference Database="[tpch]" Schema="[dbo]" Table="[supplier]" Alias="[s]" Column="S_SuppKey"></ColumnReference><ColumnReference Database="[tpch]" Schema="[dbo]" Table="[supplier]" Alias="[s]" Column="S_Name"></ColumnReference><ColumnReference Database="[tpch]" Schema="[dbo]" Table="[lineitem]" Alias="[l1]" Column="L_OrderKey"></ColumnReference><ColumnReference Database="[tpch]" Schema="[dbo]" Table="[lineitem]" Alias="[l1]" Column="L_SuppKey"></ColumnReference></OutputList><RunTimeInformation><RunTimeCountersPerThread Thread="12" ActualRows="0" Batches="0" ActualElapsedms="2394" ActualCPUms="175" ActualEndOfScans="1" ActualExecutions="1" ActualExecutionMode="Row"></RunTimeCountersPerThread><RunTimeCountersPerThread Thread="11" ActualRows="1" Batches="0" ActualElapsedms="2393" ActualCPUms="183" ActualEndOfScans="1" ActualExecutions="1" ActualExecutionMode="Row"></RunTimeCountersPerThread><RunTimeCountersPerThread Thread="10" ActualRows="0" Batches="0" ActualElapsedms="2393" ActualCPUms="122" ActualEndOfScans="1" ActualExecutions="1" ActualExecutionMode="Row"></RunTimeCountersPerThread><RunTimeCountersPerThread Thread="9" ActualRows="0" Batches="0" ActualElapsedms="2394" ActualCPUms="2359" ActualEndOfScans="1" ActualExecutions="1" ActualExecutionMode="Row"></RunTimeCountersPerThread><RunTimeCountersPerThread Thread="8" ActualRows="0" Batches="0" ActualElapsedms="2393" ActualCPUms="188" ActualEndOfScans="1" ActualExecutions="1" ActualExecutionMode="Row"></RunTimeCountersPerThread><RunTimeCountersPerThread Thread="7" ActualRows="0" Batches="0" ActualElapsedms="2393" ActualCPUms="141" ActualEndOfScans="1" ActualExecutions="1" ActualExecutionMode="Row"></RunTimeCountersPerThread><RunTimeCountersPerThread Thread="6" ActualRows="0" Batches="0" ActualElapsedms="2393" ActualCPUms="163" ActualEndOfScans="1" ActualExecutions="1" ActualExecutionMode="Row"></RunTimeCountersPerThread><RunTimeCountersPerThread Thread="5" ActualRows="0" Batches="0" ActualElapsedms="2394" ActualCPUms="180" ActualEndOfScans="1" ActualExecutions="1" ActualExecutionMode="Row"></RunTimeCountersPerThread><RunTimeCountersPerThread Thread="4" ActualRows="0" Batches="0" ActualElapsedms="2394" ActualCPUms="173" ActualEndOfScans="1" ActualExecutions="1" ActualExecutionMode="Row"></RunTimeCountersPerThread><RunTimeCountersPerThread Thread="3" ActualRows="0" Batches="0" ActualElapsedms="2394" ActualCPUms="153" ActualEndOfScans="1" ActualExecutions="1" ActualExecutionMode="Row"></RunTimeCountersPerThread><RunTimeCountersPerThread Thread="2" ActualRows="0" Batches="0" ActualElapsedms="2394" ActualCPUms="133" ActualEndOfScans="1" ActualExecutions="1" ActualExecutionMode="Row"></RunTimeCountersPerThread><RunTimeCountersPerThread Thread="1" ActualRows="0" Batches="0" ActualElapsedms="2394" ActualCPUms="102" ActualEndOfScans="1" ActualExecutions="1" ActualExecutionMode="Row"></RunTimeCountersPerThread><RunTimeCountersPerThread Thread="0" ActualRows="0" Batches="0" ActualElapsedms="0" ActualCPUms="0" ActualEndOfScans="0" ActualExecutions="0" ActualExecutionMode="Row"></RunTimeCountersPerThread></RunTimeInformation><NestedLoops Optimized="0"><OuterReferences><ColumnReference Database="[tpch]" Schema="[dbo]" Table="[lineitem]" Alias="[l1]" Column="L_OrderKey"></ColumnReference><ColumnReference Database="[tpch]" Schema="[dbo]" Table="[lineitem]" Alias="[l1]" Column="L_PartKey"></ColumnReference><ColumnReference Database="[tpch]" Schema="[dbo]" Table="[lineitem]" Alias="[l1]" Column="L_Quantity"></ColumnReference></OuterReferences><RelOp NodeId="10" PhysicalOp="Adaptive Join" LogicalOp="Inner Join" EstimatedJoinType="Hash Match" AdaptiveThresholdRows="5326.9" EstimateRows="35018.9" EstimateIO="0" EstimateCPU="0.00011673" AvgRowSize="49" EstimatedTotalSubtreeCost="6.0457" Parallel="1" IsAdaptive="1" EstimateRebinds="0" EstimateRewinds="0" EstimatedExecutionMode="Batch"><OutputList><ColumnReference Database="[tpch]" Schema="[dbo]" Table="[supplier]" Alias="[s]" Column="S_SuppKey"></ColumnReference><ColumnReference Database="[tpch]" Schema="[dbo]" Table="[supplier]" Alias="[s]" Column="S_Name"></ColumnReference><ColumnReference Database="[tpch]" Schema="[dbo]" Table="[lineitem]" Alias="[l1]" Column="L_OrderKey"></ColumnReference><ColumnReference Database="[tpch]" Schema="[dbo]" Table="[lineitem]" Alias="[l1]" Column="L_PartKey"></ColumnReference><ColumnReference Database="[tpch]" Schema="[dbo]" Table="[lineitem]" Alias="[l1]" Column="L_SuppKey"></ColumnReference><ColumnReference Database="[tpch]" Schema="[dbo]" Table="[lineitem]" Alias="[l1]" Column="L_Quantity"></ColumnReference></OutputList><RunTimeInformation><RunTimeCountersPerThread Thread="12" ActualRows="7466" Batches="9" ActualElapsedms="0" ActualCPUms="0" ActualScans="0" ActualLogicalReads="0" ActualPhysicalReads="0" ActualReadAheads="0" ActualLobLogicalReads="0" ActualLobPhysicalReads="0" ActualLobReadAheads="0" ActualEndOfScans="0" ActualExecutions="1" ActualExecutionMode="Batch" ActualJoinType="Hash Match"></RunTimeCountersPerThread><RunTimeCountersPerThread Thread="11" ActualRows="7312" Batches="9" ActualElapsedms="0" ActualCPUms="0" ActualScans="0" ActualLogicalReads="0" ActualPhysicalReads="0" ActualReadAheads="0" ActualLobLogicalReads="0" ActualLobPhysicalReads="0" ActualLobReadAheads="0" ActualEndOfScans="0" ActualExecutions="1" ActualExecutionMode="Batch" ActualJoinType="Hash Match"></RunTimeCountersPerThread><RunTimeCountersPerThread Thread="10" ActualRows="3486" Batches="5" ActualElapsedms="0" ActualCPUms="0" ActualScans="0" ActualLogicalReads="0" ActualPhysicalReads="0" ActualReadAheads="0" ActualLobLogicalReads="0" ActualLobPhysicalReads="0" ActualLobReadAheads="0" ActualEndOfScans="0" ActualExecutions="1" ActualExecutionMode="Batch" ActualJoinType="Hash Match"></RunTimeCountersPerThread><RunTimeCountersPerThread Thread="9" ActualRows="6856" Batches="9" ActualElapsedms="0" ActualCPUms="0" ActualScans="0" ActualLogicalReads="0" ActualPhysicalReads="0" ActualReadAheads="0" ActualLobLogicalReads="0" ActualLobPhysicalReads="0" ActualLobReadAheads="0" ActualEndOfScans="0" ActualExecutions="1" ActualExecutionMode="Batch" ActualJoinType="Hash Match"></RunTimeCountersPerThread><RunTimeCountersPerThread Thread="8" ActualRows="7335" Batches="9" ActualElapsedms="0" ActualCPUms="0" ActualScans="0" ActualLogicalReads="0" ActualPhysicalReads="0" ActualReadAheads="0" ActualLobLogicalReads="0" ActualLobPhysicalReads="0" ActualLobReadAheads="0" ActualEndOfScans="0" ActualExecutions="1" ActualExecutionMode="Batch" ActualJoinType="Hash Match"></RunTimeCountersPerThread><RunTimeCountersPerThread Thread="7" ActualRows="3456" Batches="5" ActualElapsedms="0" ActualCPUms="0" ActualScans="0" ActualLogicalReads="0" ActualPhysicalReads="0" ActualReadAheads="0" ActualLobLogicalReads="0" ActualLobPhysicalReads="0" ActualLobReadAheads="0" ActualEndOfScans="0" ActualExecutions="1" ActualExecutionMode="Batch" ActualJoinType="Hash Match"></RunTimeCountersPerThread><RunTimeCountersPerThread Thread="6" ActualRows="7383" Batches="9" ActualElapsedms="0" ActualCPUms="0" ActualScans="0" ActualLogicalReads="0" ActualPhysicalReads="0" ActualReadAheads="0" ActualLobLogicalReads="0" ActualLobPhysicalReads="0" ActualLobReadAheads="0" ActualEndOfScans="0" ActualExecutions="1" ActualExecutionMode="Batch" ActualJoinType="Hash Match"></RunTimeCountersPerThread><RunTimeCountersPerThread Thread="5" ActualRows="7379" Batches="9" ActualElapsedms="0" ActualCPUms="0" ActualScans="0" ActualLogicalReads="0" ActualPhysicalReads="0" ActualReadAheads="0" ActualLobLogicalReads="0" ActualLobPhysicalReads="0" ActualLobReadAheads="0" ActualEndOfScans="0" ActualExecutions="1" ActualExecutionMode="Batch" ActualJoinType="Hash Match"></RunTimeCountersPerThread><RunTimeCountersPerThread Thread="4" ActualRows="6874" Batches="9" ActualElapsedms="0" ActualCPUms="0" ActualScans="0" ActualLogicalReads="0" ActualPhysicalReads="0" ActualReadAheads="0" ActualLobLogicalReads="0" ActualLobPhysicalReads="0" ActualLobReadAheads="0" ActualEndOfScans="0" ActualExecutions="1" ActualExecutionMode="Batch" ActualJoinType="Hash Match"></RunTimeCountersPerThread><RunTimeCountersPerThread Thread="3" ActualRows="7281" Batches="9" ActualElapsedms="0" ActualCPUms="0" ActualScans="0" ActualLogicalReads="0" ActualPhysicalReads="0" ActualReadAheads="0" ActualLobLogicalReads="0" ActualLobPhysicalReads="0" ActualLobReadAheads="0" ActualEndOfScans="0" ActualExecutions="1" ActualExecutionMode="Batch" ActualJoinType="Hash Match"></RunTimeCountersPerThread><RunTimeCountersPerThread Thread="2" ActualRows="4841" Batches="7" ActualElapsedms="0" ActualCPUms="0" ActualScans="0" ActualLogicalReads="0" ActualPhysicalReads="0" ActualReadAheads="0" ActualLobLogicalReads="0" ActualLobPhysicalReads="0" ActualLobReadAheads="0" ActualEndOfScans="0" ActualExecutions="1" ActualExecutionMode="Batch" ActualJoinType="Hash Match"></RunTimeCountersPerThread><RunTimeCountersPerThread Thread="1" ActualRows="3379" Batches="5" ActualElapsedms="0" ActualCPUms="0" ActualScans="0" ActualLogicalReads="0" ActualPhysicalReads="0" ActualReadAheads="0" ActualLobLogicalReads="0" ActualLobPhysicalReads="0" ActualLobReadAheads="0" ActualEndOfScans="0" ActualExecutions="1" ActualExecutionMode="Batch" ActualJoinType="Hash Match"></RunTimeCountersPerThread><RunTimeCountersPerThread Thread="0" ActualRows="0" Batches="0" ActualElapsedms="0" ActualCPUms="0" ActualEndOfScans="0" ActualExecutions="0" ActualExecutionMode="Batch" ActualJoinType="Hash Match"></RunTimeCountersPerThread></RunTimeInformation><AdaptiveJoin BitmapCreator="1" Optimized="0"><DefinedValues><DefinedValue><ColumnReference Database="[tpch]" Schema="[dbo]" Table="[supplier]" Alias="[s]" Column="S_SuppKey"></ColumnReference><ColumnReference Database="[tpch]" Schema="[dbo]" Table="[supplier]" Alias="[s]" Column="S_SuppKey"></ColumnReference><ColumnReference Database="[tpch]" Schema="[dbo]" Table="[supplier]" Alias="[s]" Column="S_SuppKey"></ColumnReference></DefinedValue><DefinedValue><ColumnReference Database="[tpch]" Schema="[dbo]" Table="[supplier]" Alias="[s]" Column="S_Name"></ColumnReference><ColumnReference Database="[tpch]" Schema="[dbo]" Table="[supplier]" Alias="[s]" Column="S_Name"></ColumnReference><ColumnReference Database="[tpch]" Schema="[dbo]" Table="[supplier]" Alias="[s]" Column="S_Name"></ColumnReference></DefinedValue><DefinedValue><ColumnReference Database="[tpch]" Schema="[dbo]" Table="[lineitem]" Alias="[l1]" Column="L_OrderKey"></ColumnReference><ColumnReference Database="[tpch]" Schema="[dbo]" Table="[lineitem]" Alias="[l1]" Column="L_OrderKey"></ColumnReference><ColumnReference Database="[tpch]" Schema="[dbo]" Table="[lineitem]" Alias="[l1]" Column="L_OrderKey"></ColumnReference></DefinedValue><DefinedValue><ColumnReference Database="[tpch]" Schema="[dbo]" Table="[lineitem]" Alias="[l1]" Column="L_PartKey"></ColumnReference><ColumnReference Database="[tpch]" Schema="[dbo]" Table="[lineitem]" Alias="[l1]" Column="L_PartKey"></ColumnReference><ColumnReference Database="[tpch]" Schema="[dbo]" Table="[lineitem]" Alias="[l1]" Column="L_PartKey"></ColumnReference></DefinedValue><DefinedValue><ColumnReference Database="[tpch]" Schema="[dbo]" Table="[lineitem]" Alias="[l1]" Column="L_SuppKey"></ColumnReference><ColumnReference Database="[tpch]" Schema="[dbo]" Table="[lineitem]" Alias="[l1]" Column="L_SuppKey"></ColumnReference><ColumnReference Database="[tpch]" Schema="[dbo]" Table="[lineitem]" Alias="[l1]" Column="L_SuppKey"></ColumnReference></DefinedValue><DefinedValue><ColumnReference Database="[tpch]" Schema="[dbo]" Table="[lineitem]" Alias="[l1]" Column="L_Quantity"></ColumnReference><ColumnReference Database="[tpch]" Schema="[dbo]" Table="[lineitem]" Alias="[l1]" Column="L_Quantity"></ColumnReference><ColumnReference Database="[tpch]" Schema="[dbo]" Table="[lineitem]" Alias="[l1]" Column="L_Quantity"></ColumnReference></DefinedValue><DefinedValue><ColumnReference Column="Opt_Bitmap1244"></ColumnReference></DefinedValue></DefinedValues><HashKeysBuild><ColumnReference Database="[tpch]" Schema="[dbo]" Table="[lineitem]" Alias="[l1]" Column="L_OrderKey"></ColumnReference></HashKeysBuild><HashKeysProbe><ColumnReference Database="[tpch]" Schema="[dbo]" Table="[orders]" Alias="[o]" Column="O_OrderKey"></ColumnReference></HashKeysProbe><OuterReferences><ColumnReference Database="[tpch]" Schema="[dbo]" Table="[lineitem]" Alias="[l1]" Column="L_OrderKey"></ColumnReference></OuterReferences><RelOp NodeId="12" PhysicalOp="Adaptive Join" LogicalOp="Inner Join" EstimatedJoinType="Nested Loops" AdaptiveThresholdRows="6561.59" EstimateRows="72014.6" EstimateIO="0" EstimateCPU="0.00240049" AvgRowSize="49" EstimatedTotalSubtreeCost="4.84332" Parallel="1" IsAdaptive="1" EstimateRebinds="0" EstimateRewinds="0" EstimatedExecutionMode="Row"><OutputList><ColumnReference Database="[tpch]" Schema="[dbo]" Table="[supplier]" Alias="[s]" Column="S_SuppKey"></ColumnReference><ColumnReference Database="[tpch]" Schema="[dbo]" Table="[supplier]" Alias="[s]" Column="S_Name"></ColumnReference><ColumnReference Database="[tpch]" Schema="[dbo]" Table="[lineitem]" Alias="[l1]" Column="L_OrderKey"></ColumnReference><ColumnReference Database="[tpch]" Schema="[dbo]" Table="[lineitem]" Alias="[l1]" Column="L_PartKey"></ColumnReference><ColumnReference Database="[tpch]" Schema="[dbo]" Table="[lineitem]" Alias="[l1]" Column="L_SuppKey"></ColumnReference><ColumnReference Database="[tpch]" Schema="[dbo]" Table="[lineitem]" Alias="[l1]" Column="L_Quantity"></ColumnReference></OutputList><RunTimeInformation><RunTimeCountersPerThread Thread="12" ActualRows="13240" Batches="15" ActualElapsedms="9" ActualCPUms="6" ActualEndOfScans="0" ActualExecutions="1" ActualExecutionMode="Row" ActualJoinType="Nested Loops"></RunTimeCountersPerThread><RunTimeCountersPerThread Thread="11" ActualRows="10031" Batches="12" ActualElapsedms="8" ActualCPUms="5" ActualEndOfScans="0" ActualExecutions="1" ActualExecutionMode="Row" ActualJoinType="Nested Loops"></RunTimeCountersPerThread><RunTimeCountersPerThread Thread="10" ActualRows="13573" Batches="16" ActualElapsedms="11" ActualCPUms="7" ActualEndOfScans="0" ActualExecutions="1" ActualExecutionMode="Row" ActualJoinType="Nested Loops"></RunTimeCountersPerThread><RunTimeCountersPerThread Thread="9" ActualRows="13278" Batches="15" ActualElapsedms="10" ActualCPUms="7" ActualEndOfScans="0" ActualExecutions="1" ActualExecutionMode="Row" ActualJoinType="Nested Loops"></RunTimeCountersPerThread><RunTimeCountersPerThread Thread="8" ActualRows="12430" Batches="14" ActualElapsedms="9" ActualCPUms="7" ActualEndOfScans="0" ActualExecutions="1" ActualExecutionMode="Row" ActualJoinType="Nested Loops"></RunTimeCountersPerThread><RunTimeCountersPerThread Thread="7" ActualRows="10169" Batches="12" ActualElapsedms="8" ActualCPUms="5" ActualEndOfScans="0" ActualExecutions="1" ActualExecutionMode="Row" ActualJoinType="Nested Loops"></RunTimeCountersPerThread><RunTimeCountersPerThread Thread="6" ActualRows="9178" Batches="11" ActualElapsedms="7" ActualCPUms="5" ActualEndOfScans="0" ActualExecutions="1" ActualExecutionMode="Row" ActualJoinType="Nested Loops"></RunTimeCountersPerThread><RunTimeCountersPerThread Thread="5" ActualRows="14191" Batches="16" ActualElapsedms="10" ActualCPUms="7" ActualEndOfScans="0" ActualExecutions="1" ActualExecutionMode="Row" ActualJoinType="Nested Loops"></RunTimeCountersPerThread><RunTimeCountersPerThread Thread="4" ActualRows="12227" Batches="14" ActualElapsedms="10" ActualCPUms="7" ActualEndOfScans="0" ActualExecutions="1" ActualExecutionMode="Row" ActualJoinType="Nested Loops"></RunTimeCountersPerThread><RunTimeCountersPerThread Thread="3" ActualRows="15209" Batches="17" ActualElapsedms="11" ActualCPUms="8" ActualEndOfScans="0" ActualExecutions="1" ActualExecutionMode="Row" ActualJoinType="Nested Loops"></RunTimeCountersPerThread><RunTimeCountersPerThread Thread="2" ActualRows="12102" Batches="14" ActualElapsedms="9" ActualCPUms="6" ActualEndOfScans="0" ActualExecutions="1" ActualExecutionMode="Row" ActualJoinType="Nested Loops"></RunTimeCountersPerThread><RunTimeCountersPerThread Thread="1" ActualRows="15166" Batches="17" ActualElapsedms="10" ActualCPUms="8" ActualEndOfScans="0" ActualExecutions="1" ActualExecutionMode="Row" ActualJoinType="Nested Loops"></RunTimeCountersPerThread><RunTimeCountersPerThread Thread="0" ActualRows="0" Batches="0" ActualElapsedms="0" ActualCPUms="0" ActualEndOfScans="0" ActualExecutions="0" ActualExecutionMode="Row" ActualJoinType="Nested Loops"></RunTimeCountersPerThread></RunTimeInformation><AdaptiveJoin BitmapCreator="1" Optimized="1"><DefinedValues><DefinedValue><ColumnReference Database="[tpch]" Schema="[dbo]" Table="[supplier]" Alias="[s]" Column="S_SuppKey"></ColumnReference><ColumnReference Database="[tpch]" Schema="[dbo]" Table="[supplier]" Alias="[s]" Column="S_SuppKey"></ColumnReference><ColumnReference Database="[tpch]" Schema="[dbo]" Table="[supplier]" Alias="[s]" Column="S_SuppKey"></ColumnReference></DefinedValue><DefinedValue><ColumnReference Database="[tpch]" Schema="[dbo]" Table="[supplier]" Alias="[s]" Column="S_Name"></ColumnReference><ColumnReference Database="[tpch]" Schema="[dbo]" Table="[supplier]" Alias="[s]" Column="S_Name"></ColumnReference><ColumnReference Database="[tpch]" Schema="[dbo]" Table="[supplier]" Alias="[s]" Column="S_Name"></ColumnReference></DefinedValue><DefinedValue><ColumnReference Database="[tpch]" Schema="[dbo]" Table="[lineitem]" Alias="[l1]" Column="L_OrderKey"></ColumnReference><ColumnReference Database="[tpch]" Schema="[dbo]" Table="[lineitem]" Alias="[l1]" Column="L_OrderKey"></ColumnReference><ColumnReference Database="[tpch]" Schema="[dbo]" Table="[lineitem]" Alias="[l1]" Column="L_OrderKey"></ColumnReference></DefinedValue><DefinedValue><ColumnReference Database="[tpch]" Schema="[dbo]" Table="[lineitem]" Alias="[l1]" Column="L_PartKey"></ColumnReference><ColumnReference Database="[tpch]" Schema="[dbo]" Table="[lineitem]" Alias="[l1]" Column="L_PartKey"></ColumnReference><ColumnReference Database="[tpch]" Schema="[dbo]" Table="[lineitem]" Alias="[l1]" Column="L_PartKey"></ColumnReference></DefinedValue><DefinedValue><ColumnReference Database="[tpch]" Schema="[dbo]" Table="[lineitem]" Alias="[l1]" Column="L_SuppKey"></ColumnReference><ColumnReference Database="[tpch]" Schema="[dbo]" Table="[lineitem]" Alias="[l1]" Column="L_SuppKey"></ColumnReference><ColumnReference Database="[tpch]" Schema="[dbo]" Table="[lineitem]" Alias="[l1]" Column="L_SuppKey"></ColumnReference></DefinedValue><DefinedValue><ColumnReference Database="[tpch]" Schema="[dbo]" Table="[lineitem]" Alias="[l1]" Column="L_Quantity"></ColumnReference><ColumnReference Database="[tpch]" Schema="[dbo]" Table="[lineitem]" Alias="[l1]" Column="L_Quantity"></ColumnReference><ColumnReference Database="[tpch]" Schema="[dbo]" Table="[lineitem]" Alias="[l1]" Column="L_Quantity"></ColumnReference></DefinedValue><DefinedValue><ColumnReference Column="Opt_Bitmap1247"></ColumnReference></DefinedValue></DefinedValues><HashKeysBuild><ColumnReference Database="[tpch]" Schema="[dbo]" Table="[supplier]" Alias="[s]" Column="S_SuppKey"></ColumnReference></HashKeysBuild><HashKeysProbe><ColumnReference Database="[tpch]" Schema="[dbo]" Table="[lineitem]" Alias="[l1]" Column="L_SuppKey"></ColumnReference></HashKeysProbe><ProbeResidual><ScalarOperator ScalarString="[tpch].[dbo].[supplier].[S_SuppKey] as [s].[S_SuppKey]=[tpch].[dbo].[lineitem].[L_SuppKey] as [l1].[L_SuppKey]"><Compare CompareOp="EQ"><ScalarOperator><Identifier><ColumnReference Database="[tpch]" Schema="[dbo]" Table="[supplier]" Alias="[s]" Column="S_SuppKey"></ColumnReference></Identifier></ScalarOperator><ScalarOperator><Identifier><ColumnReference Database="[tpch]" Schema="[dbo]" Table="[lineitem]" Alias="[l1]" Column="L_SuppKey"></ColumnReference></Identifier></ScalarOperator></Compare></ScalarOperator></ProbeResidual><OuterReferences><ColumnReference Database="[tpch]" Schema="[dbo]" Table="[supplier]" Alias="[s]" Column="S_SuppKey"></ColumnReference></OuterReferences><RelOp NodeId="14" PhysicalOp="Hash Match" LogicalOp="Inner Join" EstimateRows="400" EstimateIO="0" EstimateCPU="0.00188205" AvgRowSize="33" EstimatedTotalSubtreeCost="0.15447" Parallel="1" EstimateRebinds="0" EstimateRewinds="0" EstimatedExecutionMode="Batch"><OutputList><ColumnReference Database="[tpch]" Schema="[dbo]" Table="[supplier]" Alias="[s]" Column="S_SuppKey"></ColumnReference><ColumnReference Database="[tpch]" Schema="[dbo]" Table="[supplier]" Alias="[s]" Column="S_Name"></ColumnReference></OutputList><MemoryFractions Input="0.00587434" Output="0.00587434"></MemoryFractions><RunTimeInformation><RunTimeCountersPerThread Thread="12" ActualRows="37" Batches="1" ActualElapsedms="1" ActualCPUms="0" ActualScans="0" ActualLogicalReads="0" ActualPhysicalReads="0" ActualReadAheads="0" ActualLobLogicalReads="0" ActualLobPhysicalReads="0" ActualLobReadAheads="0" ActualEndOfScans="0" ActualExecutions="1" ActualExecutionMode="Batch"></RunTimeCountersPerThread><RunTimeCountersPerThread Thread="11" ActualRows="42" Batches="1" ActualElapsedms="1" ActualCPUms="0" ActualScans="0" ActualLogicalReads="0" ActualPhysicalReads="0" ActualReadAheads="0" ActualLobLogicalReads="0" ActualLobPhysicalReads="0" ActualLobReadAheads="0" ActualEndOfScans="0" ActualExecutions="1" ActualExecutionMode="Batch"></RunTimeCountersPerThread><RunTimeCountersPerThread Thread="10" ActualRows="36" Batches="1" ActualElapsedms="1" ActualCPUms="0" ActualScans="0" ActualLogicalReads="0" ActualPhysicalReads="0" ActualReadAheads="0" ActualLobLogicalReads="0" ActualLobPhysicalReads="0" ActualLobReadAheads="0" ActualEndOfScans="0" ActualExecutions="1" ActualExecutionMode="Batch"></RunTimeCountersPerThread><RunTimeCountersPerThread Thread="9" ActualRows="33" Batches="1" ActualElapsedms="1" ActualCPUms="0" ActualScans="0" ActualLogicalReads="0" ActualPhysicalReads="0" ActualReadAheads="0" ActualLobLogicalReads="0" ActualLobPhysicalReads="0" ActualLobReadAheads="0" ActualEndOfScans="0" ActualExecutions="1" ActualExecutionMode="Batch"></RunTimeCountersPerThread><RunTimeCountersPerThread Thread="8" ActualRows="24" Batches="1" ActualElapsedms="1" ActualCPUms="0" ActualScans="0" ActualLogicalReads="0" ActualPhysicalReads="0" ActualReadAheads="0" ActualLobLogicalReads="0" ActualLobPhysicalReads="0" ActualLobReadAheads="0" ActualEndOfScans="0" ActualExecutions="1" ActualExecutionMode="Batch"></RunTimeCountersPerThread><RunTimeCountersPerThread Thread="7" ActualRows="35" Batches="1" ActualElapsedms="1" ActualCPUms="0" ActualScans="0" ActualLogicalReads="0" ActualPhysicalReads="0" ActualReadAheads="0" ActualLobLogicalReads="0" ActualLobPhysicalReads="0" ActualLobReadAheads="0" ActualEndOfScans="0" ActualExecutions="1" ActualExecutionMode="Batch"></RunTimeCountersPerThread><RunTimeCountersPerThread Thread="6" ActualRows="31" Batches="1" ActualElapsedms="1" ActualCPUms="0" ActualScans="0" ActualLogicalReads="0" ActualPhysicalReads="0" ActualReadAheads="0" ActualLobLogicalReads="0" ActualLobPhysicalReads="0" ActualLobReadAheads="0" ActualEndOfScans="0" ActualExecutions="1" ActualExecutionMode="Batch"></RunTimeCountersPerThread><RunTimeCountersPerThread Thread="5" ActualRows="29" Batches="1" ActualElapsedms="1" ActualCPUms="0" ActualScans="0" ActualLogicalReads="0" ActualPhysicalReads="0" ActualReadAheads="0" ActualLobLogicalReads="0" ActualLobPhysicalReads="0" ActualLobReadAheads="0" ActualEndOfScans="0" ActualExecutions="1" ActualExecutionMode="Batch"></RunTimeCountersPerThread><RunTimeCountersPerThread Thread="4" ActualRows="42" Batches="1" ActualElapsedms="1" ActualCPUms="0" ActualScans="0" ActualLogicalReads="0" ActualPhysicalReads="0" ActualReadAheads="0" ActualLobLogicalReads="0" ActualLobPhysicalReads="0" ActualLobReadAheads="0" ActualEndOfScans="0" ActualExecutions="1" ActualExecutionMode="Batch"></RunTimeCountersPerThread><RunTimeCountersPerThread Thread="3" ActualRows="30" Batches="1" ActualElapsedms="1" ActualCPUms="0" ActualScans="0" ActualLogicalReads="0" ActualPhysicalReads="0" ActualReadAheads="0" ActualLobLogicalReads="0" ActualLobPhysicalReads="0" ActualLobReadAheads="0" ActualEndOfScans="0" ActualExecutions="1" ActualExecutionMode="Batch"></RunTimeCountersPerThread><RunTimeCountersPerThread Thread="2" ActualRows="32" Batches="1" ActualElapsedms="1" ActualCPUms="0" ActualScans="0" ActualLogicalReads="0" ActualPhysicalReads="0" ActualReadAheads="0" ActualLobLogicalReads="0" ActualLobPhysicalReads="0" ActualLobReadAheads="0" ActualEndOfScans="0" ActualExecutions="1" ActualExecutionMode="Batch"></RunTimeCountersPerThread><RunTimeCountersPerThread Thread="1" ActualRows="25" Batches="1" ActualElapsedms="1" ActualCPUms="0" ActualScans="0" ActualLogicalReads="0" ActualPhysicalReads="0" ActualReadAheads="0" ActualLobLogicalReads="0" ActualLobPhysicalReads="0" ActualLobReadAheads="0" ActualEndOfScans="0" ActualExecutions="1" ActualExecutionMode="Batch"></RunTimeCountersPerThread><RunTimeCountersPerThread Thread="0" ActualRows="0" Batches="0" ActualElapsedms="0" ActualCPUms="0" ActualEndOfScans="0" ActualExecutions="0" ActualExecutionMode="Batch"></RunTimeCountersPerThread></RunTimeInformation><Hash BitmapCreator="1"><DefinedValues><DefinedValue><ColumnReference Column="Opt_Bitmap1162"></ColumnReference></DefinedValue></DefinedValues><HashKeysBuild><ColumnReference Database="[tpch]" Schema="[dbo]" Table="[nation]" Alias="[n]" Column="N_NationKey"></ColumnReference></HashKeysBuild><HashKeysProbe><ColumnReference Database="[tpch]" Schema="[dbo]" Table="[supplier]" Alias="[s]" Column="S_NationKey"></ColumnReference></HashKeysProbe><ProbeResidual><ScalarOperator ScalarString="[tpch].[dbo].[supplier].[S_NationKey] as [s].[S_NationKey]=[tpch].[dbo].[nation].[N_NationKey] as [n].[N_NationKey]"><Compare CompareOp="EQ"><ScalarOperator><Identifier><ColumnReference Database="[tpch]" Schema="[dbo]" Table="[supplier]" Alias="[s]" Column="S_NationKey"></ColumnReference></Identifier></ScalarOperator><ScalarOperator><Identifier><ColumnReference Database="[tpch]" Schema="[dbo]" Table="[nation]" Alias="[n]" Column="N_NationKey"></ColumnReference></Identifier></ScalarOperator></Compare></ScalarOperator></ProbeResidual><RelOp NodeId="15" PhysicalOp="Clustered Index Scan" LogicalOp="Clustered Index Scan" EstimateRows="1" EstimatedRowsRead="25" EstimateIO="0.003125" EstimateCPU="3.075e-05" AvgRowSize="22" EstimatedTotalSubtreeCost="0.00315575" TableCardinality="25" Parallel="1" EstimateRebinds="0" EstimateRewinds="0" EstimatedExecutionMode="Batch"><OutputList><ColumnReference Database="[tpch]" Schema="[dbo]" Table="[nation]" Alias="[n]" Column="N_NationKey"></ColumnReference></OutputList><RunTimeInformation><RunTimeCountersPerThread Thread="12" ActualRows="0" Batches="0" ActualElapsedms="0" ActualCPUms="0" ActualScans="1" ActualLogicalReads="0" ActualPhysicalReads="0" ActualReadAheads="0" ActualLobLogicalReads="0" ActualLobPhysicalReads="0" ActualLobReadAheads="0" ActualEndOfScans="0" ActualExecutions="1" ActualExecutionMode="Batch"></RunTimeCountersPerThread><RunTimeCountersPerThread Thread="11" ActualRows="0" Batches="0" ActualElapsedms="0" ActualCPUms="0" ActualScans="0" ActualLogicalReads="0" ActualPhysicalReads="0" ActualReadAheads="0" ActualLobLogicalReads="0" ActualLobPhysicalReads="0" ActualLobReadAheads="0" ActualEndOfScans="0" ActualExecutions="1" ActualExecutionMode="Batch"></RunTimeCountersPerThread><RunTimeCountersPerThread Thread="10" ActualRows="0" Batches="0" ActualElapsedms="0" ActualCPUms="0" ActualScans="0" ActualLogicalReads="0" ActualPhysicalReads="0" ActualReadAheads="0" ActualLobLogicalReads="0" ActualLobPhysicalReads="0" ActualLobReadAheads="0" ActualEndOfScans="0" ActualExecutions="1" ActualExecutionMode="Batch"></RunTimeCountersPerThread><RunTimeCountersPerThread Thread="9" ActualRows="0" Batches="0" ActualElapsedms="0" ActualCPUms="0" ActualScans="0" ActualLogicalReads="0" ActualPhysicalReads="0" ActualReadAheads="0" ActualLobLogicalReads="0" ActualLobPhysicalReads="0" ActualLobReadAheads="0" ActualEndOfScans="0" ActualExecutions="1" ActualExecutionMode="Batch"></RunTimeCountersPerThread><RunTimeCountersPerThread Thread="8" ActualRows="0" Batches="0" ActualElapsedms="0" ActualCPUms="0" ActualScans="0" ActualLogicalReads="0" ActualPhysicalReads="0" ActualReadAheads="0" ActualLobLogicalReads="0" ActualLobPhysicalReads="0" ActualLobReadAheads="0" ActualEndOfScans="0" ActualExecutions="1" ActualExecutionMode="Batch"></RunTimeCountersPerThread><RunTimeCountersPerThread Thread="7" ActualRows="0" Batches="0" ActualElapsedms="0" ActualCPUms="0" ActualScans="0" ActualLogicalReads="0" ActualPhysicalReads="0" ActualReadAheads="0" ActualLobLogicalReads="0" ActualLobPhysicalReads="0" ActualLobReadAheads="0" ActualEndOfScans="0" ActualExecutions="1" ActualExecutionMode="Batch"></RunTimeCountersPerThread><RunTimeCountersPerThread Thread="6" ActualRows="0" Batches="0" ActualElapsedms="0" ActualCPUms="0" ActualScans="0" ActualLogicalReads="0" ActualPhysicalReads="0" ActualReadAheads="0" ActualLobLogicalReads="0" ActualLobPhysicalReads="0" ActualLobReadAheads="0" ActualEndOfScans="0" ActualExecutions="1" ActualExecutionMode="Batch"></RunTimeCountersPerThread><RunTimeCountersPerThread Thread="5" ActualRows="0" Batches="0" ActualElapsedms="0" ActualCPUms="0" ActualScans="0" ActualLogicalReads="0" ActualPhysicalReads="0" ActualReadAheads="0" ActualLobLogicalReads="0" ActualLobPhysicalReads="0" ActualLobReadAheads="0" ActualEndOfScans="0" ActualExecutions="1" ActualExecutionMode="Batch"></RunTimeCountersPerThread><RunTimeCountersPerThread Thread="4" ActualRows="0" Batches="0" ActualElapsedms="0" ActualCPUms="0" ActualScans="0" ActualLogicalReads="0" ActualPhysicalReads="0" ActualReadAheads="0" ActualLobLogicalReads="0" ActualLobPhysicalReads="0" ActualLobReadAheads="0" ActualEndOfScans="0" ActualExecutions="1" ActualExecutionMode="Batch"></RunTimeCountersPerThread><RunTimeCountersPerThread Thread="3" ActualRows="1" Batches="1" ActualElapsedms="0" ActualCPUms="0" ActualScans="1" ActualLogicalReads="2" ActualPhysicalReads="0" ActualReadAheads="0" ActualLobLogicalReads="0" ActualLobPhysicalReads="0" ActualLobReadAheads="0" ActualRowsRead="25" ActualEndOfScans="0" ActualExecutions="1" ActualExecutionMode="Batch"></RunTimeCountersPerThread><RunTimeCountersPerThread Thread="2" ActualRows="0" Batches="0" ActualElapsedms="0" ActualCPUms="0" ActualScans="0" ActualLogicalReads="0" ActualPhysicalReads="0" ActualReadAheads="0" ActualLobLogicalReads="0" ActualLobPhysicalReads="0" ActualLobReadAheads="0" ActualEndOfScans="0" ActualExecutions="1" ActualExecutionMode="Batch"></RunTimeCountersPerThread><RunTimeCountersPerThread Thread="1" ActualRows="0" Batches="0" ActualElapsedms="0" ActualCPUms="0" ActualScans="0" ActualLogicalReads="0" ActualPhysicalReads="0" ActualReadAheads="0" ActualLobLogicalReads="0" ActualLobPhysicalReads="0" ActualLobReadAheads="0" ActualEndOfScans="0" ActualExecutions="1" ActualExecutionMode="Batch"></RunTimeCountersPerThread><RunTimeCountersPerThread Thread="0" ActualRows="0" Batches="0" ActualElapsedms="0" ActualCPUms="0" ActualEndOfScans="0" ActualExecutions="0" ActualExecutionMode="Batch"></RunTimeCountersPerThread></RunTimeInformation><IndexScan Ordered="0" ForcedIndex="0" ForceSeek="0" ForceScan="0" NoExpandHint="0" Storage="RowStore"><DefinedValues><DefinedValue><ColumnReference Database="[tpch]" Schema="[dbo]" Table="[nation]" Alias="[n]" Column="N_NationKey"></ColumnReference></DefinedValue></DefinedValues><Object Database="[tpch]" Schema="[dbo]" Table="[nation]" Index="[PK__nation__BD377952AE350C6C]" Alias="[n]" TableReferenceId="2" IndexKind="Clustered" Storage="RowStore"></Object><Predicate><ScalarOperator ScalarString="[tpch].[dbo].[nation].[N_Name] as [n].[N_Name]=&apos;GERMANY&apos;"><Compare CompareOp="EQ"><ScalarOperator><Identifier><ColumnReference Database="[tpch]" Schema="[dbo]" Table="[nation]" Alias="[n]" Column="N_Name"></ColumnReference></Identifier></ScalarOperator><ScalarOperator><Const ConstValue="&apos;GERMANY&apos;"></Const></ScalarOperator></Compare></ScalarOperator></Predicate></IndexScan></RelOp><RelOp NodeId="17" PhysicalOp="Clustered Index Scan" LogicalOp="Clustered Index Scan" EstimateRows="1000" EstimatedRowsRead="10000" EstimateIO="0.147569" EstimateCPU="0.00185783" AvgRowSize="37" EstimatedTotalSubtreeCost="0.149427" TableCardinality="10000" Parallel="1" EstimateRebinds="0" EstimateRewinds="0" EstimatedExecutionMode="Batch"><OutputList><ColumnReference Database="[tpch]" Schema="[dbo]" Table="[supplier]" Alias="[s]" Column="S_SuppKey"></ColumnReference><ColumnReference Database="[tpch]" Schema="[dbo]" Table="[supplier]" Alias="[s]" Column="S_Name"></ColumnReference><ColumnReference Database="[tpch]" Schema="[dbo]" Table="[supplier]" Alias="[s]" Column="S_NationKey"></ColumnReference></OutputList><RunTimeInformation><RunTimeCountersPerThread Thread="12" ActualRows="37" Batches="1" ActualElapsedms="1" ActualCPUms="0" ActualScans="1" ActualLogicalReads="48" ActualPhysicalReads="0" ActualReadAheads="0" ActualLobLogicalReads="0" ActualLobPhysicalReads="0" ActualLobReadAheads="0" ActualRowsRead="824" ActualEndOfScans="0" ActualExecutions="1" ActualExecutionMode="Batch"></RunTimeCountersPerThread><RunTimeCountersPerThread Thread="11" ActualRows="42" Batches="1" ActualElapsedms="2" ActualCPUms="0" ActualScans="1" ActualLogicalReads="54" ActualPhysicalReads="0" ActualReadAheads="0" ActualLobLogicalReads="0" ActualLobPhysicalReads="0" ActualLobReadAheads="0" ActualRowsRead="919" ActualEndOfScans="0" ActualExecutions="1" ActualExecutionMode="Batch"></RunTimeCountersPerThread><RunTimeCountersPerThread Thread="10" ActualRows="36" Batches="1" ActualElapsedms="2" ActualCPUms="0" ActualScans="1" ActualLogicalReads="53" ActualPhysicalReads="0" ActualReadAheads="0" ActualLobLogicalReads="0" ActualLobPhysicalReads="0" ActualLobReadAheads="0" ActualRowsRead="887" ActualEndOfScans="0" ActualExecutions="1" ActualExecutionMode="Batch"></RunTimeCountersPerThread><RunTimeCountersPerThread Thread="9" ActualRows="33" Batches="1" ActualElapsedms="2" ActualCPUms="0" ActualScans="1" ActualLogicalReads="51" ActualPhysicalReads="0" ActualReadAheads="0" ActualLobLogicalReads="0" ActualLobPhysicalReads="0" ActualLobReadAheads="0" ActualRowsRead="876" ActualEndOfScans="0" ActualExecutions="1" ActualExecutionMode="Batch"></RunTimeCountersPerThread><RunTimeCountersPerThread Thread="8" ActualRows="24" Batches="1" ActualElapsedms="1" ActualCPUms="0" ActualScans="1" ActualLogicalReads="48" ActualPhysicalReads="0" ActualReadAheads="0" ActualLobLogicalReads="0" ActualLobPhysicalReads="0" ActualLobReadAheads="0" ActualRowsRead="823" ActualEndOfScans="0" ActualExecutions="1" ActualExecutionMode="Batch"></RunTimeCountersPerThread><RunTimeCountersPerThread Thread="7" ActualRows="35" Batches="1" ActualElapsedms="1" ActualCPUms="0" ActualScans="1" ActualLogicalReads="45" ActualPhysicalReads="0" ActualReadAheads="0" ActualLobLogicalReads="0" ActualLobPhysicalReads="0" ActualLobReadAheads="0" ActualRowsRead="765" ActualEndOfScans="0" ActualExecutions="1" ActualExecutionMode="Batch"></RunTimeCountersPerThread><RunTimeCountersPerThread Thread="6" ActualRows="31" Batches="1" ActualElapsedms="1" ActualCPUms="0" ActualScans="1" ActualLogicalReads="45" ActualPhysicalReads="0" ActualReadAheads="0" ActualLobLogicalReads="0" ActualLobPhysicalReads="0" ActualLobReadAheads="0" ActualRowsRead="771" ActualEndOfScans="0" ActualExecutions="1" ActualExecutionMode="Batch"></RunTimeCountersPerThread><RunTimeCountersPerThread Thread="5" ActualRows="29" Batches="1" ActualElapsedms="1" ActualCPUms="0" ActualScans="1" ActualLogicalReads="48" ActualPhysicalReads="0" ActualReadAheads="0" ActualLobLogicalReads="0" ActualLobPhysicalReads="0" ActualLobReadAheads="0" ActualRowsRead="821" ActualEndOfScans="0" ActualExecutions="1" ActualExecutionMode="Batch"></RunTimeCountersPerThread><RunTimeCountersPerThread Thread="4" ActualRows="42" Batches="1" ActualElapsedms="1" ActualCPUms="0" ActualScans="1" ActualLogicalReads="48" ActualPhysicalReads="0" ActualReadAheads="0" ActualLobLogicalReads="0" ActualLobPhysicalReads="0" ActualLobReadAheads="0" ActualRowsRead="823" ActualEndOfScans="0" ActualExecutions="1" ActualExecutionMode="Batch"></RunTimeCountersPerThread><RunTimeCountersPerThread Thread="3" ActualRows="30" Batches="1" ActualElapsedms="2" ActualCPUms="0" ActualScans="1" ActualLogicalReads="51" ActualPhysicalReads="0" ActualReadAheads="0" ActualLobLogicalReads="0" ActualLobPhysicalReads="0" ActualLobReadAheads="0" ActualRowsRead="862" ActualEndOfScans="0" ActualExecutions="1" ActualExecutionMode="Batch"></RunTimeCountersPerThread><RunTimeCountersPerThread Thread="2" ActualRows="32" Batches="1" ActualElapsedms="1" ActualCPUms="0" ActualScans="1" ActualLogicalReads="48" ActualPhysicalReads="0" ActualReadAheads="0" ActualLobLogicalReads="0" ActualLobPhysicalReads="0" ActualLobReadAheads="0" ActualRowsRead="816" ActualEndOfScans="0" ActualExecutions="1" ActualExecutionMode="Batch"></RunTimeCountersPerThread><RunTimeCountersPerThread Thread="1" ActualRows="25" Batches="1" ActualElapsedms="1" ActualCPUms="0" ActualScans="1" ActualLogicalReads="48" ActualPhysicalReads="0" ActualReadAheads="0" ActualLobLogicalReads="0" ActualLobPhysicalReads="0" ActualLobReadAheads="0" ActualRowsRead="813" ActualEndOfScans="0" ActualExecutions="1" ActualExecutionMode="Batch"></RunTimeCountersPerThread><RunTimeCountersPerThread Thread="0" ActualRows="0" Batches="0" ActualElapsedms="0" ActualCPUms="0" ActualEndOfScans="0" ActualExecutions="0" ActualExecutionMode="Batch"></RunTimeCountersPerThread></RunTimeInformation><IndexScan Ordered="0" ForcedIndex="0" ForceSeek="0" ForceScan="0" NoExpandHint="0" Storage="RowStore"><DefinedValues><DefinedValue><ColumnReference Database="[tpch]" Schema="[dbo]" Table="[supplier]" Alias="[s]" Column="S_SuppKey"></ColumnReference></DefinedValue><DefinedValue><ColumnReference Database="[tpch]" Schema="[dbo]" Table="[supplier]" Alias="[s]" Column="S_Name"></ColumnReference></DefinedValue><DefinedValue><ColumnReference Database="[tpch]" Schema="[dbo]" Table="[supplier]" Alias="[s]" Column="S_NationKey"></ColumnReference></DefinedValue></DefinedValues><Object Database="[tpch]" Schema="[dbo]" Table="[supplier]" Index="[PK__supplier__C9D8C8B7B058A0BD]" Alias="[s]" IndexKind="Clustered" Storage="RowStore"></Object><Predicate><ScalarOperator ScalarString="PROBE([Opt_Bitmap1162],[tpch].[dbo].[supplier].[S_NationKey] as [s].[S_NationKey])"><Intrinsic FunctionName="PROBE"><ScalarOperator><Identifier><ColumnReference Column="Opt_Bitmap1162"></ColumnReference></Identifier></ScalarOperator><ScalarOperator><Identifier><ColumnReference Database="[tpch]" Schema="[dbo]" Table="[supplier]" Alias="[s]" Column="S_NationKey"></ColumnReference></Identifier></ScalarOperator></Intrinsic></ScalarOperator></Predicate></IndexScan></RelOp></Hash></RelOp><RelOp NodeId="19" PhysicalOp="Index Scan" LogicalOp="Index Scan" EstimateRows="180036" EstimatedRowsRead="6.00122e+06" EstimateIO="75.1876" EstimateCPU="1.09925" AvgRowSize="39" EstimatedTotalSubtreeCost="18.6524" TableCardinality="6.00122e+06" Parallel="1" EstimateRebinds="0" EstimateRewinds="0" EstimatedExecutionMode="Batch"><OutputList><ColumnReference Database="[tpch]" Schema="[dbo]" Table="[lineitem]" Alias="[l1]" Column="L_OrderKey"></ColumnReference><ColumnReference Database="[tpch]" Schema="[dbo]" Table="[lineitem]" Alias="[l1]" Column="L_PartKey"></ColumnReference><ColumnReference Database="[tpch]" Schema="[dbo]" Table="[lineitem]" Alias="[l1]" Column="L_SuppKey"></ColumnReference><ColumnReference Database="[tpch]" Schema="[dbo]" Table="[lineitem]" Alias="[l1]" Column="L_Quantity"></ColumnReference></OutputList><RunTimeInformation><RunTimeCountersPerThread Thread="12" ActualRows="0" Batches="0" ActualElapsedms="0" ActualCPUms="0" ActualScans="0" ActualLogicalReads="0" ActualPhysicalReads="0" ActualReadAheads="0" ActualLobLogicalReads="0" ActualLobPhysicalReads="0" ActualLobReadAheads="0" ActualEndOfScans="0" ActualExecutions="0" ActualExecutionMode="Row"></RunTimeCountersPerThread><RunTimeCountersPerThread Thread="11" ActualRows="0" Batches="0" ActualElapsedms="0" ActualCPUms="0" ActualScans="0" ActualLogicalReads="0" ActualPhysicalReads="0" ActualReadAheads="0" ActualLobLogicalReads="0" ActualLobPhysicalReads="0" ActualLobReadAheads="0" ActualEndOfScans="0" ActualExecutions="0" ActualExecutionMode="Row"></RunTimeCountersPerThread><RunTimeCountersPerThread Thread="10" ActualRows="0" Batches="0" ActualElapsedms="0" ActualCPUms="0" ActualScans="0" ActualLogicalReads="0" ActualPhysicalReads="0" ActualReadAheads="0" ActualLobLogicalReads="0" ActualLobPhysicalReads="0" ActualLobReadAheads="0" ActualEndOfScans="0" ActualExecutions="0" ActualExecutionMode="Row"></RunTimeCountersPerThread><RunTimeCountersPerThread Thread="9" ActualRows="0" Batches="0" ActualElapsedms="0" ActualCPUms="0" ActualScans="0" ActualLogicalReads="0" ActualPhysicalReads="0" ActualReadAheads="0" ActualLobLogicalReads="0" ActualLobPhysicalReads="0" ActualLobReadAheads="0" ActualEndOfScans="0" ActualExecutions="0" ActualExecutionMode="Row"></RunTimeCountersPerThread><RunTimeCountersPerThread Thread="8" ActualRows="0" Batches="0" ActualElapsedms="0" ActualCPUms="0" ActualScans="0" ActualLogicalReads="0" ActualPhysicalReads="0" ActualReadAheads="0" ActualLobLogicalReads="0" ActualLobPhysicalReads="0" ActualLobReadAheads="0" ActualEndOfScans="0" ActualExecutions="0" ActualExecutionMode="Row"></RunTimeCountersPerThread><RunTimeCountersPerThread Thread="7" ActualRows="0" Batches="0" ActualElapsedms="0" ActualCPUms="0" ActualScans="0" ActualLogicalReads="0" ActualPhysicalReads="0" ActualReadAheads="0" ActualLobLogicalReads="0" ActualLobPhysicalReads="0" ActualLobReadAheads="0" ActualEndOfScans="0" ActualExecutions="0" ActualExecutionMode="Row"></RunTimeCountersPerThread><RunTimeCountersPerThread Thread="6" ActualRows="0" Batches="0" ActualElapsedms="0" ActualCPUms="0" ActualScans="0" ActualLogicalReads="0" ActualPhysicalReads="0" ActualReadAheads="0" ActualLobLogicalReads="0" ActualLobPhysicalReads="0" ActualLobReadAheads="0" ActualEndOfScans="0" ActualExecutions="0" ActualExecutionMode="Row"></RunTimeCountersPerThread><RunTimeCountersPerThread Thread="5" ActualRows="0" Batches="0" ActualElapsedms="0" ActualCPUms="0" ActualScans="0" ActualLogicalReads="0" ActualPhysicalReads="0" ActualReadAheads="0" ActualLobLogicalReads="0" ActualLobPhysicalReads="0" ActualLobReadAheads="0" ActualEndOfScans="0" ActualExecutions="0" ActualExecutionMode="Row"></RunTimeCountersPerThread><RunTimeCountersPerThread Thread="4" ActualRows="0" Batches="0" ActualElapsedms="0" ActualCPUms="0" ActualScans="0" ActualLogicalReads="0" ActualPhysicalReads="0" ActualReadAheads="0" ActualLobLogicalReads="0" ActualLobPhysicalReads="0" ActualLobReadAheads="0" ActualEndOfScans="0" ActualExecutions="0" ActualExecutionMode="Row"></RunTimeCountersPerThread><RunTimeCountersPerThread Thread="3" ActualRows="0" Batches="0" ActualElapsedms="0" ActualCPUms="0" ActualScans="0" ActualLogicalReads="0" ActualPhysicalReads="0" ActualReadAheads="0" ActualLobLogicalReads="0" ActualLobPhysicalReads="0" ActualLobReadAheads="0" ActualEndOfScans="0" ActualExecutions="0" ActualExecutionMode="Row"></RunTimeCountersPerThread><RunTimeCountersPerThread Thread="2" ActualRows="0" Batches="0" ActualElapsedms="0" ActualCPUms="0" ActualScans="0" ActualLogicalReads="0" ActualPhysicalReads="0" ActualReadAheads="0" ActualLobLogicalReads="0" ActualLobPhysicalReads="0" ActualLobReadAheads="0" ActualEndOfScans="0" ActualExecutions="0" ActualExecutionMode="Row"></RunTimeCountersPerThread><RunTimeCountersPerThread Thread="1" ActualRows="0" Batches="0" ActualElapsedms="0" ActualCPUms="0" ActualScans="0" ActualLogicalReads="0" ActualPhysicalReads="0" ActualReadAheads="0" ActualLobLogicalReads="0" ActualLobPhysicalReads="0" ActualLobReadAheads="0" ActualEndOfScans="0" ActualExecutions="0" ActualExecutionMode="Row"></RunTimeCountersPerThread><RunTimeCountersPerThread Thread="0" ActualRows="0" Batches="0" ActualElapsedms="0" ActualCPUms="0" ActualEndOfScans="0" ActualExecutions="0" ActualExecutionMode="Row"></RunTimeCountersPerThread></RunTimeInformation><IndexScan Ordered="0" ForcedIndex="0" ForceSeek="0" ForceScan="0" NoExpandHint="0" Storage="RowStore"><DefinedValues><DefinedValue><ColumnReference Database="[tpch]" Schema="[dbo]" Table="[lineitem]" Alias="[l1]" Column="L_OrderKey"></ColumnReference></DefinedValue><DefinedValue><ColumnReference Database="[tpch]" Schema="[dbo]" Table="[lineitem]" Alias="[l1]" Column="L_PartKey"></ColumnReference></DefinedValue><DefinedValue><ColumnReference Database="[tpch]" Schema="[dbo]" Table="[lineitem]" Alias="[l1]" Column="L_SuppKey"></ColumnReference></DefinedValue><DefinedValue><ColumnReference Database="[tpch]" Schema="[dbo]" Table="[lineitem]" Alias="[l1]" Column="L_Quantity"></ColumnReference></DefinedValue></DefinedValues><Object Database="[tpch]" Schema="[dbo]" Table="[lineitem]" Index="[p40_idx]" Alias="[l1]" IndexKind="NonClustered" Storage="RowStore"></Object><Predicate><ScalarOperator ScalarString="[tpch].[dbo].[lineitem].[L_ReceiptDate] as [l1].[L_ReceiptDate]&gt;[tpch].[dbo].[lineitem].[L_CommitDate] as [l1].[L_CommitDate] AND PROBE([Opt_Bitmap1247],[tpch].[dbo].[lineitem].[L_SuppKey] as [l1].[L_SuppKey])"><Logical Operation="AND"><ScalarOperator><Compare CompareOp="GT"><ScalarOperator><Identifier><ColumnReference Database="[tpch]" Schema="[dbo]" Table="[lineitem]" Alias="[l1]" Column="L_ReceiptDate"></ColumnReference></Identifier></ScalarOperator><ScalarOperator><Identifier><ColumnReference Database="[tpch]" Schema="[dbo]" Table="[lineitem]" Alias="[l1]" Column="L_CommitDate"></ColumnReference></Identifier></ScalarOperator></Compare></ScalarOperator><ScalarOperator><Intrinsic FunctionName="PROBE"><ScalarOperator><Identifier><ColumnReference Column="Opt_Bitmap1247"></ColumnReference></Identifier></ScalarOperator><ScalarOperator><Identifier><ColumnReference Database="[tpch]" Schema="[dbo]" Table="[lineitem]" Alias="[l1]" Column="L_SuppKey"></ColumnReference></Identifier></ScalarOperator></Intrinsic></ScalarOperator></Logical></ScalarOperator></Predicate></IndexScan></RelOp><RelOp NodeId="23" PhysicalOp="Index Seek" LogicalOp="Index Seek" EstimateRows="180.036" EstimatedRowsRead="600.121" EstimateIO="0.0105324" EstimateCPU="0.000817134" AvgRowSize="39" EstimatedTotalSubtreeCost="4.52106" TableCardinality="6.00122e+06" Parallel="1" EstimateRebinds="399" EstimateRewinds="0" EstimatedExecutionMode="Row"><OutputList><ColumnReference Database="[tpch]" Schema="[dbo]" Table="[lineitem]" Alias="[l1]" Column="L_OrderKey"></ColumnReference><ColumnReference Database="[tpch]" Schema="[dbo]" Table="[lineitem]" Alias="[l1]" Column="L_PartKey"></ColumnReference><ColumnReference Database="[tpch]" Schema="[dbo]" Table="[lineitem]" Alias="[l1]" Column="L_SuppKey"></ColumnReference><ColumnReference Database="[tpch]" Schema="[dbo]" Table="[lineitem]" Alias="[l1]" Column="L_Quantity"></ColumnReference></OutputList><RunTimeInformation><RunTimeCountersPerThread Thread="12" ActualRows="13240" Batches="0" ActualElapsedms="3" ActualCPUms="3" ActualScans="34" ActualLogicalReads="484" ActualPhysicalReads="0" ActualReadAheads="0" ActualLobLogicalReads="0" ActualLobPhysicalReads="0" ActualLobReadAheads="0" ActualRowsRead="20652" ActualEndOfScans="34" ActualExecutions="34" ActualExecutionMode="Row"></RunTimeCountersPerThread><RunTimeCountersPerThread Thread="11" ActualRows="10031" Batches="0" ActualElapsedms="3" ActualCPUms="3" ActualScans="26" ActualLogicalReads="372" ActualPhysicalReads="0" ActualReadAheads="0" ActualLobLogicalReads="0" ActualLobPhysicalReads="0" ActualLobReadAheads="0" ActualRowsRead="15700" ActualEndOfScans="26" ActualExecutions="26" ActualExecutionMode="Row"></RunTimeCountersPerThread><RunTimeCountersPerThread Thread="10" ActualRows="13573" Batches="0" ActualElapsedms="4" ActualCPUms="4" ActualScans="36" ActualLogicalReads="512" ActualPhysicalReads="0" ActualReadAheads="0" ActualLobLogicalReads="0" ActualLobPhysicalReads="0" ActualLobReadAheads="0" ActualRowsRead="21641" ActualEndOfScans="36" ActualExecutions="36" ActualExecutionMode="Row"></RunTimeCountersPerThread><RunTimeCountersPerThread Thread="9" ActualRows="13278" Batches="0" ActualElapsedms="4" ActualCPUms="4" ActualScans="35" ActualLogicalReads="496" ActualPhysicalReads="0" ActualReadAheads="0" ActualLobLogicalReads="0" ActualLobPhysicalReads="0" ActualLobReadAheads="0" ActualRowsRead="20941" ActualEndOfScans="35" ActualExecutions="35" ActualExecutionMode="Row"></RunTimeCountersPerThread><RunTimeCountersPerThread Thread="8" ActualRows="12430" Batches="0" ActualElapsedms="4" ActualCPUms="4" ActualScans="33" ActualLogicalReads="468" ActualPhysicalReads="0" ActualReadAheads="0" ActualLobLogicalReads="0" ActualLobPhysicalReads="0" ActualLobReadAheads="0" ActualRowsRead="19701" ActualEndOfScans="33" ActualExecutions="33" ActualExecutionMode="Row"></RunTimeCountersPerThread><RunTimeCountersPerThread Thread="7" ActualRows="10169" Batches="0" ActualElapsedms="3" ActualCPUms="3" ActualScans="27" ActualLogicalReads="385" ActualPhysicalReads="0" ActualReadAheads="0" ActualLobLogicalReads="0" ActualLobPhysicalReads="0" ActualLobReadAheads="0" ActualRowsRead="16203" ActualEndOfScans="27" ActualExecutions="27" ActualExecutionMode="Row"></RunTimeCountersPerThread><RunTimeCountersPerThread Thread="6" ActualRows="9178" Batches="0" ActualElapsedms="2" ActualCPUms="2" ActualScans="24" ActualLogicalReads="346" ActualPhysicalReads="0" ActualReadAheads="0" ActualLobLogicalReads="0" ActualLobPhysicalReads="0" ActualLobReadAheads="0" ActualRowsRead="14569" ActualEndOfScans="24" ActualExecutions="24" ActualExecutionMode="Row"></RunTimeCountersPerThread><RunTimeCountersPerThread Thread="5" ActualRows="14191" Batches="0" ActualElapsedms="4" ActualCPUms="4" ActualScans="37" ActualLogicalReads="525" ActualPhysicalReads="0" ActualReadAheads="0" ActualLobLogicalReads="0" ActualLobPhysicalReads="0" ActualLobReadAheads="0" ActualRowsRead="22478" ActualEndOfScans="37" ActualExecutions="37" ActualExecutionMode="Row"></RunTimeCountersPerThread><RunTimeCountersPerThread Thread="4" ActualRows="12227" Batches="0" ActualElapsedms="3" ActualCPUms="3" ActualScans="32" ActualLogicalReads="454" ActualPhysicalReads="0" ActualReadAheads="0" ActualLobLogicalReads="0" ActualLobPhysicalReads="0" ActualLobReadAheads="0" ActualRowsRead="19218" ActualEndOfScans="32" ActualExecutions="32" ActualExecutionMode="Row"></RunTimeCountersPerThread><RunTimeCountersPerThread Thread="3" ActualRows="15209" Batches="0" ActualElapsedms="4" ActualCPUms="4" ActualScans="40" ActualLogicalReads="563" ActualPhysicalReads="0" ActualReadAheads="0" ActualLobLogicalReads="0" ActualLobPhysicalReads="0" ActualLobReadAheads="0" ActualRowsRead="24013" ActualEndOfScans="40" ActualExecutions="40" ActualExecutionMode="Row"></RunTimeCountersPerThread><RunTimeCountersPerThread Thread="2" ActualRows="12102" Batches="0" ActualElapsedms="3" ActualCPUms="3" ActualScans="32" ActualLogicalReads="449" ActualPhysicalReads="0" ActualReadAheads="0" ActualLobLogicalReads="0" ActualLobPhysicalReads="0" ActualLobReadAheads="0" ActualRowsRead="19028" ActualEndOfScans="32" ActualExecutions="32" ActualExecutionMode="Row"></RunTimeCountersPerThread><RunTimeCountersPerThread Thread="1" ActualRows="15166" Batches="0" ActualElapsedms="4" ActualCPUms="4" ActualScans="40" ActualLogicalReads="571" ActualPhysicalReads="0" ActualReadAheads="0" ActualLobLogicalReads="0" ActualLobPhysicalReads="0" ActualLobReadAheads="0" ActualRowsRead="24060" ActualEndOfScans="40" ActualExecutions="40" ActualExecutionMode="Row"></RunTimeCountersPerThread><RunTimeCountersPerThread Thread="0" ActualRows="0" Batches="0" ActualElapsedms="0" ActualCPUms="0" ActualScans="0" ActualLogicalReads="0" ActualPhysicalReads="0" ActualReadAheads="0" ActualLobLogicalReads="0" ActualLobPhysicalReads="0" ActualLobReadAheads="0" ActualEndOfScans="0" ActualExecutions="0" ActualExecutionMode="Row"></RunTimeCountersPerThread></RunTimeInformation><IndexScan Ordered="1" ScanDirection="FORWARD" ForcedIndex="0" ForceSeek="0" ForceScan="0" NoExpandHint="0" Storage="RowStore"><DefinedValues><DefinedValue><ColumnReference Database="[tpch]" Schema="[dbo]" Table="[lineitem]" Alias="[l1]" Column="L_OrderKey"></ColumnReference></DefinedValue><DefinedValue><ColumnReference Database="[tpch]" Schema="[dbo]" Table="[lineitem]" Alias="[l1]" Column="L_PartKey"></ColumnReference></DefinedValue><DefinedValue><ColumnReference Database="[tpch]" Schema="[dbo]" Table="[lineitem]" Alias="[l1]" Column="L_SuppKey"></ColumnReference></DefinedValue><DefinedValue><ColumnReference Database="[tpch]" Schema="[dbo]" Table="[lineitem]" Alias="[l1]" Column="L_Quantity"></ColumnReference></DefinedValue></DefinedValues><Object Database="[tpch]" Schema="[dbo]" Table="[lineitem]" Index="[p40_idx]" Alias="[l1]" IndexKind="NonClustered" Storage="RowStore"></Object><SeekPredicates><SeekPredicateNew><SeekKeys><Prefix ScanType="EQ"><RangeColumns><ColumnReference Database="[tpch]" Schema="[dbo]" Table="[lineitem]" Alias="[l1]" Column="L_SuppKey"></ColumnReference></RangeColumns><RangeExpressions><ScalarOperator ScalarString="[tpch].[dbo].[supplier].[S_SuppKey] as [s].[S_SuppKey]"><Identifier><ColumnReference Database="[tpch]" Schema="[dbo]" Table="[supplier]" Alias="[s]" Column="S_SuppKey"></ColumnReference></Identifier></ScalarOperator></RangeExpressions></Prefix></SeekKeys></SeekPredicateNew></SeekPredicates><Predicate><ScalarOperator ScalarString="[tpch].[dbo].[lineitem].[L_ReceiptDate] as [l1].[L_ReceiptDate]&gt;[tpch].[dbo].[lineitem].[L_CommitDate] as [l1].[L_CommitDate]"><Compare CompareOp="GT"><ScalarOperator><Identifier><ColumnReference Database="[tpch]" Schema="[dbo]" Table="[lineitem]" Alias="[l1]" Column="L_ReceiptDate"></ColumnReference></Identifier></ScalarOperator><ScalarOperator><Identifier><ColumnReference Database="[tpch]" Schema="[dbo]" Table="[lineitem]" Alias="[l1]" Column="L_CommitDate"></ColumnReference></Identifier></ScalarOperator></Compare></ScalarOperator></Predicate></IndexScan></RelOp></AdaptiveJoin></RelOp><RelOp NodeId="25" PhysicalOp="Index Seek" LogicalOp="Index Seek" EstimateRows="72941.3" EstimatedRowsRead="729413" EstimateIO="1.00555" EstimateCPU="0.13363" AvgRowSize="11" EstimatedTotalSubtreeCost="1.13918" TableCardinality="1.5e+06" Parallel="1" EstimateRebinds="0" EstimateRewinds="0" EstimatedExecutionMode="Batch"><OutputList><ColumnReference Database="[tpch]" Schema="[dbo]" Table="[orders]" Alias="[o]" Column="O_OrderKey"></ColumnReference></OutputList><RunTimeInformation><RunTimeCountersPerThread Thread="12" ActualRows="7101" Batches="8" ActualElapsedms="5" ActualCPUms="5" ActualScans="1" ActualLogicalReads="142" ActualPhysicalReads="0" ActualReadAheads="0" ActualLobLogicalReads="0" ActualLobPhysicalReads="0" ActualLobReadAheads="0" ActualRowsRead="73304" ActualEndOfScans="0" ActualExecutions="1" ActualExecutionMode="Batch"></RunTimeCountersPerThread><RunTimeCountersPerThread Thread="11" ActualRows="6976" Batches="8" ActualElapsedms="5" ActualCPUms="5" ActualScans="1" ActualLogicalReads="142" ActualPhysicalReads="0" ActualReadAheads="0" ActualLobLogicalReads="0" ActualLobPhysicalReads="0" ActualLobReadAheads="0" ActualRowsRead="73304" ActualEndOfScans="0" ActualExecutions="1" ActualExecutionMode="Batch"></RunTimeCountersPerThread><RunTimeCountersPerThread Thread="10" ActualRows="3321" Batches="4" ActualElapsedms="2" ActualCPUms="2" ActualScans="1" ActualLogicalReads="67" ActualPhysicalReads="0" ActualReadAheads="0" ActualLobLogicalReads="0" ActualLobPhysicalReads="0" ActualLobReadAheads="0" ActualRowsRead="34496" ActualEndOfScans="0" ActualExecutions="1" ActualExecutionMode="Batch"></RunTimeCountersPerThread><RunTimeCountersPerThread Thread="9" ActualRows="6559" Batches="8" ActualElapsedms="4" ActualCPUms="4" ActualScans="1" ActualLogicalReads="134" ActualPhysicalReads="0" ActualReadAheads="0" ActualLobLogicalReads="0" ActualLobPhysicalReads="0" ActualLobReadAheads="0" ActualRowsRead="68992" ActualEndOfScans="0" ActualExecutions="1" ActualExecutionMode="Batch"></RunTimeCountersPerThread><RunTimeCountersPerThread Thread="8" ActualRows="6991" Batches="8" ActualElapsedms="6" ActualCPUms="5" ActualScans="1" ActualLogicalReads="142" ActualPhysicalReads="0" ActualReadAheads="0" ActualLobLogicalReads="0" ActualLobPhysicalReads="0" ActualLobReadAheads="0" ActualRowsRead="73304" ActualEndOfScans="0" ActualExecutions="1" ActualExecutionMode="Batch"></RunTimeCountersPerThread><RunTimeCountersPerThread Thread="7" ActualRows="3282" Batches="4" ActualElapsedms="2" ActualCPUms="2" ActualScans="1" ActualLogicalReads="67" ActualPhysicalReads="0" ActualReadAheads="0" ActualLobLogicalReads="0" ActualLobPhysicalReads="0" ActualLobReadAheads="0" ActualRowsRead="34496" ActualEndOfScans="0" ActualExecutions="1" ActualExecutionMode="Batch"></RunTimeCountersPerThread><RunTimeCountersPerThread Thread="6" ActualRows="6999" Batches="8" ActualElapsedms="4" ActualCPUms="4" ActualScans="1" ActualLogicalReads="141" ActualPhysicalReads="0" ActualReadAheads="0" ActualLobLogicalReads="0" ActualLobPhysicalReads="0" ActualLobReadAheads="0" ActualRowsRead="72766" ActualEndOfScans="0" ActualExecutions="1" ActualExecutionMode="Batch"></RunTimeCountersPerThread><RunTimeCountersPerThread Thread="5" ActualRows="7033" Batches="8" ActualElapsedms="5" ActualCPUms="5" ActualScans="1" ActualLogicalReads="142" ActualPhysicalReads="0" ActualReadAheads="0" ActualLobLogicalReads="0" ActualLobPhysicalReads="0" ActualLobReadAheads="0" ActualRowsRead="73304" ActualEndOfScans="0" ActualExecutions="1" ActualExecutionMode="Batch"></RunTimeCountersPerThread><RunTimeCountersPerThread Thread="4" ActualRows="6532" Batches="8" ActualElapsedms="4" ActualCPUms="4" ActualScans="1" ActualLogicalReads="134" ActualPhysicalReads="0" ActualReadAheads="0" ActualLobLogicalReads="0" ActualLobPhysicalReads="0" ActualLobReadAheads="0" ActualRowsRead="68992" ActualEndOfScans="0" ActualExecutions="1" ActualExecutionMode="Batch"></RunTimeCountersPerThread><RunTimeCountersPerThread Thread="3" ActualRows="6932" Batches="8" ActualElapsedms="4" ActualCPUms="4" ActualScans="1" ActualLogicalReads="142" ActualPhysicalReads="0" ActualReadAheads="0" ActualLobLogicalReads="0" ActualLobPhysicalReads="0" ActualLobReadAheads="0" ActualRowsRead="73304" ActualEndOfScans="0" ActualExecutions="1" ActualExecutionMode="Batch"></RunTimeCountersPerThread><RunTimeCountersPerThread Thread="2" ActualRows="4589" Batches="6" ActualElapsedms="4" ActualCPUms="3" ActualScans="1" ActualLogicalReads="97" ActualPhysicalReads="0" ActualReadAheads="0" ActualLobLogicalReads="0" ActualLobPhysicalReads="0" ActualLobReadAheads="0" ActualRowsRead="48655" ActualEndOfScans="0" ActualExecutions="1" ActualExecutionMode="Batch"></RunTimeCountersPerThread><RunTimeCountersPerThread Thread="1" ActualRows="3216" Batches="4" ActualElapsedms="2" ActualCPUms="2" ActualScans="1" ActualLogicalReads="67" ActualPhysicalReads="0" ActualReadAheads="0" ActualLobLogicalReads="0" ActualLobPhysicalReads="0" ActualLobReadAheads="0" ActualRowsRead="34496" ActualEndOfScans="0" ActualExecutions="1" ActualExecutionMode="Batch"></RunTimeCountersPerThread><RunTimeCountersPerThread Thread="0" ActualRows="0" Batches="0" ActualElapsedms="0" ActualCPUms="0" ActualEndOfScans="0" ActualExecutions="0" ActualExecutionMode="Batch"></RunTimeCountersPerThread></RunTimeInformation><IndexScan Ordered="1" ScanDirection="FORWARD" ForcedIndex="0" ForceSeek="0" ForceScan="0" NoExpandHint="0" Storage="RowStore"><DefinedValues><DefinedValue><ColumnReference Database="[tpch]" Schema="[dbo]" Table="[orders]" Alias="[o]" Column="O_OrderKey"></ColumnReference></DefinedValue></DefinedValues><Object Database="[tpch]" Schema="[dbo]" Table="[orders]" Index="[q21_p16_19]" Alias="[o]" TableReferenceId="2" IndexKind="NonClustered" Storage="RowStore"></Object><SeekPredicates><SeekPredicateNew><SeekKeys><Prefix ScanType="EQ"><RangeColumns><ColumnReference Database="[tpch]" Schema="[dbo]" Table="[orders]" Alias="[o]" Column="O_OrderStatus"></ColumnReference></RangeColumns><RangeExpressions><ScalarOperator ScalarString="&apos;F&apos;"><Const ConstValue="&apos;F&apos;"></Const></ScalarOperator></RangeExpressions></Prefix></SeekKeys></SeekPredicateNew></SeekPredicates><Predicate><ScalarOperator ScalarString="PROBE([Opt_Bitmap1244],[tpch].[dbo].[orders].[O_OrderKey] as [o].[O_OrderKey])"><Intrinsic FunctionName="PROBE"><ScalarOperator><Identifier><ColumnReference Column="Opt_Bitmap1244"></ColumnReference></Identifier></ScalarOperator><ScalarOperator><Identifier><ColumnReference Database="[tpch]" Schema="[dbo]" Table="[orders]" Alias="[o]" Column="O_OrderKey"></ColumnReference></Identifier></ScalarOperator></Intrinsic></ScalarOperator></Predicate></IndexScan></RelOp><RelOp NodeId="28" PhysicalOp="Index Seek" LogicalOp="Index Seek" EstimateRows="1" EstimatedRowsRead="1" EstimateIO="0.003125" EstimateCPU="0.0001581" AvgRowSize="9" EstimatedTotalSubtreeCost="15.6176" TableCardinality="1.5e+06" Parallel="1" EstimateRebinds="72013.6" EstimateRewinds="0.0181855" EstimatedExecutionMode="Row"><OutputList></OutputList><RunTimeInformation><RunTimeCountersPerThread Thread="12" ActualRows="0" Batches="0" ActualElapsedms="0" ActualCPUms="0" ActualScans="0" ActualLogicalReads="0" ActualPhysicalReads="0" ActualReadAheads="0" ActualLobLogicalReads="0" ActualLobPhysicalReads="0" ActualLobReadAheads="0" ActualEndOfScans="0" ActualExecutions="0" ActualExecutionMode="Row"></RunTimeCountersPerThread><RunTimeCountersPerThread Thread="11" ActualRows="0" Batches="0" ActualElapsedms="0" ActualCPUms="0" ActualScans="0" ActualLogicalReads="0" ActualPhysicalReads="0" ActualReadAheads="0" ActualLobLogicalReads="0" ActualLobPhysicalReads="0" ActualLobReadAheads="0" ActualEndOfScans="0" ActualExecutions="0" ActualExecutionMode="Row"></RunTimeCountersPerThread><RunTimeCountersPerThread Thread="10" ActualRows="0" Batches="0" ActualElapsedms="0" ActualCPUms="0" ActualScans="0" ActualLogicalReads="0" ActualPhysicalReads="0" ActualReadAheads="0" ActualLobLogicalReads="0" ActualLobPhysicalReads="0" ActualLobReadAheads="0" ActualEndOfScans="0" ActualExecutions="0" ActualExecutionMode="Row"></RunTimeCountersPerThread><RunTimeCountersPerThread Thread="9" ActualRows="0" Batches="0" ActualElapsedms="0" ActualCPUms="0" ActualScans="0" ActualLogicalReads="0" ActualPhysicalReads="0" ActualReadAheads="0" ActualLobLogicalReads="0" ActualLobPhysicalReads="0" ActualLobReadAheads="0" ActualEndOfScans="0" ActualExecutions="0" ActualExecutionMode="Row"></RunTimeCountersPerThread><RunTimeCountersPerThread Thread="8" ActualRows="0" Batches="0" ActualElapsedms="0" ActualCPUms="0" ActualScans="0" ActualLogicalReads="0" ActualPhysicalReads="0" ActualReadAheads="0" ActualLobLogicalReads="0" ActualLobPhysicalReads="0" ActualLobReadAheads="0" ActualEndOfScans="0" ActualExecutions="0" ActualExecutionMode="Row"></RunTimeCountersPerThread><RunTimeCountersPerThread Thread="7" ActualRows="0" Batches="0" ActualElapsedms="0" ActualCPUms="0" ActualScans="0" ActualLogicalReads="0" ActualPhysicalReads="0" ActualReadAheads="0" ActualLobLogicalReads="0" ActualLobPhysicalReads="0" ActualLobReadAheads="0" ActualEndOfScans="0" ActualExecutions="0" ActualExecutionMode="Row"></RunTimeCountersPerThread><RunTimeCountersPerThread Thread="6" ActualRows="0" Batches="0" ActualElapsedms="0" ActualCPUms="0" ActualScans="0" ActualLogicalReads="0" ActualPhysicalReads="0" ActualReadAheads="0" ActualLobLogicalReads="0" ActualLobPhysicalReads="0" ActualLobReadAheads="0" ActualEndOfScans="0" ActualExecutions="0" ActualExecutionMode="Row"></RunTimeCountersPerThread><RunTimeCountersPerThread Thread="5" ActualRows="0" Batches="0" ActualElapsedms="0" ActualCPUms="0" ActualScans="0" ActualLogicalReads="0" ActualPhysicalReads="0" ActualReadAheads="0" ActualLobLogicalReads="0" ActualLobPhysicalReads="0" ActualLobReadAheads="0" ActualEndOfScans="0" ActualExecutions="0" ActualExecutionMode="Row"></RunTimeCountersPerThread><RunTimeCountersPerThread Thread="4" ActualRows="0" Batches="0" ActualElapsedms="0" ActualCPUms="0" ActualScans="0" ActualLogicalReads="0" ActualPhysicalReads="0" ActualReadAheads="0" ActualLobLogicalReads="0" ActualLobPhysicalReads="0" ActualLobReadAheads="0" ActualEndOfScans="0" ActualExecutions="0" ActualExecutionMode="Row"></RunTimeCountersPerThread><RunTimeCountersPerThread Thread="3" ActualRows="0" Batches="0" ActualElapsedms="0" ActualCPUms="0" ActualScans="0" ActualLogicalReads="0" ActualPhysicalReads="0" ActualReadAheads="0" ActualLobLogicalReads="0" ActualLobPhysicalReads="0" ActualLobReadAheads="0" ActualEndOfScans="0" ActualExecutions="0" ActualExecutionMode="Row"></RunTimeCountersPerThread><RunTimeCountersPerThread Thread="2" ActualRows="0" Batches="0" ActualElapsedms="0" ActualCPUms="0" ActualScans="0" ActualLogicalReads="0" ActualPhysicalReads="0" ActualReadAheads="0" ActualLobLogicalReads="0" ActualLobPhysicalReads="0" ActualLobReadAheads="0" ActualEndOfScans="0" ActualExecutions="0" ActualExecutionMode="Row"></RunTimeCountersPerThread><RunTimeCountersPerThread Thread="1" ActualRows="0" Batches="0" ActualElapsedms="0" ActualCPUms="0" ActualScans="0" ActualLogicalReads="0" ActualPhysicalReads="0" ActualReadAheads="0" ActualLobLogicalReads="0" ActualLobPhysicalReads="0" ActualLobReadAheads="0" ActualEndOfScans="0" ActualExecutions="0" ActualExecutionMode="Row"></RunTimeCountersPerThread><RunTimeCountersPerThread Thread="0" ActualRows="0" Batches="0" ActualElapsedms="0" ActualCPUms="0" ActualScans="0" ActualLogicalReads="0" ActualPhysicalReads="0" ActualReadAheads="0" ActualLobLogicalReads="0" ActualLobPhysicalReads="0" ActualLobReadAheads="0" ActualEndOfScans="0" ActualExecutions="0" ActualExecutionMode="Row"></RunTimeCountersPerThread></RunTimeInformation><IndexScan Ordered="1" ScanDirection="FORWARD" ForcedIndex="0" ForceSeek="0" ForceScan="0" NoExpandHint="0" Storage="RowStore"><DefinedValues></DefinedValues><Object Database="[tpch]" Schema="[dbo]" Table="[orders]" Index="[q21_p16_19]" Alias="[o]" TableReferenceId="2" IndexKind="NonClustered" Storage="RowStore"></Object><SeekPredicates><SeekPredicateNew><SeekKeys><Prefix ScanType="EQ"><RangeColumns><ColumnReference Database="[tpch]" Schema="[dbo]" Table="[orders]" Alias="[o]" Column="O_OrderStatus"></ColumnReference><ColumnReference Database="[tpch]" Schema="[dbo]" Table="[orders]" Alias="[o]" Column="O_OrderKey"></ColumnReference></RangeColumns><RangeExpressions><ScalarOperator ScalarString="&apos;F&apos;"><Const ConstValue="&apos;F&apos;"></Const></ScalarOperator><ScalarOperator ScalarString="[tpch].[dbo].[lineitem].[L_OrderKey] as [l1].[L_OrderKey]"><Identifier><ColumnReference Database="[tpch]" Schema="[dbo]" Table="[lineitem]" Alias="[l1]" Column="L_OrderKey"></ColumnReference></Identifier></ScalarOperator></RangeExpressions></Prefix></SeekKeys></SeekPredicateNew></SeekPredicates></IndexScan></RelOp></AdaptiveJoin></RelOp><RelOp NodeId="29" PhysicalOp="Concatenation" LogicalOp="Concatenation" EstimateRows="1" EstimateRowsWithoutRowGoal="2" EstimateIO="0" EstimateCPU="2e-07" AvgRowSize="9" EstimatedTotalSubtreeCost="0.0483262" Parallel="1" EstimateRebinds="35017.9" EstimateRewinds="0" EstimatedExecutionMode="Row"><OutputList></OutputList><RunTimeInformation><RunTimeCountersPerThread Thread="12" ActualRows="0" Batches="0" ActualElapsedms="2349" ActualCPUms="153" ActualEndOfScans="7466" ActualExecutions="7466" ActualExecutionMode="Row"></RunTimeCountersPerThread><RunTimeCountersPerThread Thread="11" ActualRows="1" Batches="0" ActualElapsedms="2356" ActualCPUms="160" ActualEndOfScans="7311" ActualExecutions="7312" ActualExecutionMode="Row"></RunTimeCountersPerThread><RunTimeCountersPerThread Thread="10" ActualRows="0" Batches="0" ActualElapsedms="2303" ActualCPUms="106" ActualEndOfScans="3486" ActualExecutions="3486" ActualExecutionMode="Row"></RunTimeCountersPerThread><RunTimeCountersPerThread Thread="9" ActualRows="0" Batches="0" ActualElapsedms="2337" ActualCPUms="2337" ActualEndOfScans="6856" ActualExecutions="6856" ActualExecutionMode="Row"></RunTimeCountersPerThread><RunTimeCountersPerThread Thread="8" ActualRows="0" Batches="0" ActualElapsedms="2359" ActualCPUms="162" ActualEndOfScans="7335" ActualExecutions="7335" ActualExecutionMode="Row"></RunTimeCountersPerThread><RunTimeCountersPerThread Thread="7" ActualRows="0" Batches="0" ActualElapsedms="2321" ActualCPUms="125" ActualEndOfScans="3456" ActualExecutions="3456" ActualExecutionMode="Row"></RunTimeCountersPerThread><RunTimeCountersPerThread Thread="6" ActualRows="0" Batches="0" ActualElapsedms="2339" ActualCPUms="143" ActualEndOfScans="7383" ActualExecutions="7383" ActualExecutionMode="Row"></RunTimeCountersPerThread><RunTimeCountersPerThread Thread="5" ActualRows="0" Batches="0" ActualElapsedms="2350" ActualCPUms="154" ActualEndOfScans="7379" ActualExecutions="7379" ActualExecutionMode="Row"></RunTimeCountersPerThread><RunTimeCountersPerThread Thread="4" ActualRows="0" Batches="0" ActualElapsedms="2344" ActualCPUms="148" ActualEndOfScans="6874" ActualExecutions="6874" ActualExecutionMode="Row"></RunTimeCountersPerThread><RunTimeCountersPerThread Thread="3" ActualRows="0" Batches="0" ActualElapsedms="2328" ActualCPUms="131" ActualEndOfScans="7281" ActualExecutions="7281" ActualExecutionMode="Row"></RunTimeCountersPerThread><RunTimeCountersPerThread Thread="2" ActualRows="0" Batches="0" ActualElapsedms="2309" ActualCPUms="113" ActualEndOfScans="4841" ActualExecutions="4841" ActualExecutionMode="Row"></RunTimeCountersPerThread><RunTimeCountersPerThread Thread="1" ActualRows="0" Batches="0" ActualElapsedms="2280" ActualCPUms="83" ActualEndOfScans="3379" ActualExecutions="3379" ActualExecutionMode="Row"></RunTimeCountersPerThread><RunTimeCountersPerThread Thread="0" ActualRows="0" Batches="0" ActualElapsedms="0" ActualCPUms="0" ActualEndOfScans="0" ActualExecutions="0" ActualExecutionMode="Row"></RunTimeCountersPerThread></RunTimeInformation><Concat><DefinedValues></DefinedValues><RelOp NodeId="30" PhysicalOp="Filter" LogicalOp="Filter" EstimateRows="1" EstimateIO="0" EstimateCPU="2.8e-07" AvgRowSize="9" EstimatedTotalSubtreeCost="0.0448244" Parallel="1" EstimateRebinds="0" EstimateRewinds="35017.9" EstimatedExecutionMode="Row"><OutputList></OutputList><RunTimeInformation><RunTimeCountersPerThread Thread="12" ActualRows="0" Batches="0" ActualElapsedms="1" ActualCPUms="1" ActualRebinds="7466" ActualRewinds="0" ActualEndOfScans="7466" ActualExecutions="7466" ActualExecutionMode="Row"></RunTimeCountersPerThread><RunTimeCountersPerThread Thread="11" ActualRows="0" Batches="0" ActualElapsedms="1" ActualCPUms="1" ActualRebinds="7312" ActualRewinds="0" ActualEndOfScans="7312" ActualExecutions="7312" ActualExecutionMode="Row"></RunTimeCountersPerThread><RunTimeCountersPerThread Thread="10" ActualRows="0" Batches="0" ActualElapsedms="0" ActualCPUms="0" ActualRebinds="3486" ActualRewinds="0" ActualEndOfScans="3486" ActualExecutions="3486" ActualExecutionMode="Row"></RunTimeCountersPerThread><RunTimeCountersPerThread Thread="9" ActualRows="0" Batches="0" ActualElapsedms="1" ActualCPUms="1" ActualRebinds="6856" ActualRewinds="0" ActualEndOfScans="6856" ActualExecutions="6856" ActualExecutionMode="Row"></RunTimeCountersPerThread><RunTimeCountersPerThread Thread="8" ActualRows="0" Batches="0" ActualElapsedms="1" ActualCPUms="1" ActualRebinds="7335" ActualRewinds="0" ActualEndOfScans="7335" ActualExecutions="7335" ActualExecutionMode="Row"></RunTimeCountersPerThread><RunTimeCountersPerThread Thread="7" ActualRows="0" Batches="0" ActualElapsedms="0" ActualCPUms="0" ActualRebinds="3456" ActualRewinds="0" ActualEndOfScans="3456" ActualExecutions="3456" ActualExecutionMode="Row"></RunTimeCountersPerThread><RunTimeCountersPerThread Thread="6" ActualRows="0" Batches="0" ActualElapsedms="1" ActualCPUms="1" ActualRebinds="7383" ActualRewinds="0" ActualEndOfScans="7383" ActualExecutions="7383" ActualExecutionMode="Row"></RunTimeCountersPerThread><RunTimeCountersPerThread Thread="5" ActualRows="0" Batches="0" ActualElapsedms="1" ActualCPUms="1" ActualRebinds="7379" ActualRewinds="0" ActualEndOfScans="7379" ActualExecutions="7379" ActualExecutionMode="Row"></RunTimeCountersPerThread><RunTimeCountersPerThread Thread="4" ActualRows="0" Batches="0" ActualElapsedms="1" ActualCPUms="1" ActualRebinds="6874" ActualRewinds="0" ActualEndOfScans="6874" ActualExecutions="6874" ActualExecutionMode="Row"></RunTimeCountersPerThread><RunTimeCountersPerThread Thread="3" ActualRows="0" Batches="0" ActualElapsedms="0" ActualCPUms="0" ActualRebinds="7281" ActualRewinds="0" ActualEndOfScans="7281" ActualExecutions="7281" ActualExecutionMode="Row"></RunTimeCountersPerThread><RunTimeCountersPerThread Thread="2" ActualRows="0" Batches="0" ActualElapsedms="1" ActualCPUms="1" ActualRebinds="4841" ActualRewinds="0" ActualEndOfScans="4841" ActualExecutions="4841" ActualExecutionMode="Row"></RunTimeCountersPerThread><RunTimeCountersPerThread Thread="1" ActualRows="0" Batches="0" ActualElapsedms="0" ActualCPUms="0" ActualRebinds="3379" ActualRewinds="0" ActualEndOfScans="3379" ActualExecutions="3379" ActualExecutionMode="Row"></RunTimeCountersPerThread><RunTimeCountersPerThread Thread="0" ActualRows="0" Batches="0" ActualElapsedms="0" ActualCPUms="0" ActualRebinds="0" ActualRewinds="0" ActualEndOfScans="0" ActualExecutions="0" ActualExecutionMode="Row"></RunTimeCountersPerThread></RunTimeInformation><Filter StartupExpression="1"><RelOp NodeId="31" PhysicalOp="Constant Scan" LogicalOp="Constant Scan" EstimateRows="1" EstimateIO="0" EstimateCPU="1.157e-06" AvgRowSize="9" EstimatedTotalSubtreeCost="0.0350191" Parallel="1" EstimateRebinds="0" EstimateRewinds="35017.9" EstimatedExecutionMode="Row"><OutputList></OutputList><RunTimeInformation><RunTimeCountersPerThread Thread="12" ActualRows="0" Batches="0" ActualElapsedms="0" ActualCPUms="0" ActualEndOfScans="0" ActualExecutions="7466" ActualExecutionMode="Row"></RunTimeCountersPerThread><RunTimeCountersPerThread Thread="11" ActualRows="0" Batches="0" ActualElapsedms="0" ActualCPUms="0" ActualEndOfScans="0" ActualExecutions="7312" ActualExecutionMode="Row"></RunTimeCountersPerThread><RunTimeCountersPerThread Thread="10" ActualRows="0" Batches="0" ActualElapsedms="0" ActualCPUms="0" ActualEndOfScans="0" ActualExecutions="3486" ActualExecutionMode="Row"></RunTimeCountersPerThread><RunTimeCountersPerThread Thread="9" ActualRows="0" Batches="0" ActualElapsedms="0" ActualCPUms="0" ActualEndOfScans="0" ActualExecutions="6856" ActualExecutionMode="Row"></RunTimeCountersPerThread><RunTimeCountersPerThread Thread="8" ActualRows="0" Batches="0" ActualElapsedms="0" ActualCPUms="0" ActualEndOfScans="0" ActualExecutions="7335" ActualExecutionMode="Row"></RunTimeCountersPerThread><RunTimeCountersPerThread Thread="7" ActualRows="0" Batches="0" ActualElapsedms="0" ActualCPUms="0" ActualEndOfScans="0" ActualExecutions="3456" ActualExecutionMode="Row"></RunTimeCountersPerThread><RunTimeCountersPerThread Thread="6" ActualRows="0" Batches="0" ActualElapsedms="0" ActualCPUms="0" ActualEndOfScans="0" ActualExecutions="7383" ActualExecutionMode="Row"></RunTimeCountersPerThread><RunTimeCountersPerThread Thread="5" ActualRows="0" Batches="0" ActualElapsedms="0" ActualCPUms="0" ActualEndOfScans="0" ActualExecutions="7379" ActualExecutionMode="Row"></RunTimeCountersPerThread><RunTimeCountersPerThread Thread="4" ActualRows="0" Batches="0" ActualElapsedms="0" ActualCPUms="0" ActualEndOfScans="0" ActualExecutions="6874" ActualExecutionMode="Row"></RunTimeCountersPerThread><RunTimeCountersPerThread Thread="3" ActualRows="0" Batches="0" ActualElapsedms="0" ActualCPUms="0" ActualEndOfScans="0" ActualExecutions="7281" ActualExecutionMode="Row"></RunTimeCountersPerThread><RunTimeCountersPerThread Thread="2" ActualRows="0" Batches="0" ActualElapsedms="0" ActualCPUms="0" ActualEndOfScans="0" ActualExecutions="4841" ActualExecutionMode="Row"></RunTimeCountersPerThread><RunTimeCountersPerThread Thread="1" ActualRows="0" Batches="0" ActualElapsedms="0" ActualCPUms="0" ActualEndOfScans="0" ActualExecutions="3379" ActualExecutionMode="Row"></RunTimeCountersPerThread><RunTimeCountersPerThread Thread="0" ActualRows="0" Batches="0" ActualElapsedms="0" ActualCPUms="0" ActualEndOfScans="0" ActualExecutions="0" ActualExecutionMode="Row"></RunTimeCountersPerThread></RunTimeInformation><ConstantScan></ConstantScan></RelOp><Predicate><ScalarOperator ScalarString="user_name()=N&apos;user3&apos;"><Identifier><ColumnReference Column="ConstExpr1042"><ScalarOperator><Compare CompareOp="EQ"><ScalarOperator><Intrinsic FunctionName="user_name"><ScalarOperator><Const ConstValue=""></Const></ScalarOperator></Intrinsic></ScalarOperator><ScalarOperator><Const ConstValue="N&apos;user3&apos;"></Const></ScalarOperator></Compare></ScalarOperator></ColumnReference></Identifier></ScalarOperator></Predicate></Filter></RelOp><RelOp NodeId="32" PhysicalOp="Nested Loops" LogicalOp="Inner Join" EstimateRows="1" EstimateIO="0" EstimateCPU="4.18e-06" AvgRowSize="9" EstimatedTotalSubtreeCost="18.6524" Parallel="1" EstimateRebinds="35017.9" EstimateRewinds="0" EstimatedExecutionMode="Row"><OutputList></OutputList><RunTimeInformation><RunTimeCountersPerThread Thread="12" ActualRows="0" Batches="0" ActualElapsedms="2346" ActualCPUms="150" ActualEndOfScans="7466" ActualExecutions="7466" ActualExecutionMode="Row"></RunTimeCountersPerThread><RunTimeCountersPerThread Thread="11" ActualRows="1" Batches="0" ActualElapsedms="2353" ActualCPUms="157" ActualEndOfScans="7311" ActualExecutions="7312" ActualExecutionMode="Row"></RunTimeCountersPerThread><RunTimeCountersPerThread Thread="10" ActualRows="0" Batches="0" ActualElapsedms="2301" ActualCPUms="105" ActualEndOfScans="3486" ActualExecutions="3486" ActualExecutionMode="Row"></RunTimeCountersPerThread><RunTimeCountersPerThread Thread="9" ActualRows="0" Batches="0" ActualElapsedms="2335" ActualCPUms="2335" ActualEndOfScans="6856" ActualExecutions="6856" ActualExecutionMode="Row"></RunTimeCountersPerThread><RunTimeCountersPerThread Thread="8" ActualRows="0" Batches="0" ActualElapsedms="2355" ActualCPUms="159" ActualEndOfScans="7335" ActualExecutions="7335" ActualExecutionMode="Row"></RunTimeCountersPerThread><RunTimeCountersPerThread Thread="7" ActualRows="0" Batches="0" ActualElapsedms="2320" ActualCPUms="123" ActualEndOfScans="3456" ActualExecutions="3456" ActualExecutionMode="Row"></RunTimeCountersPerThread><RunTimeCountersPerThread Thread="6" ActualRows="0" Batches="0" ActualElapsedms="2337" ActualCPUms="140" ActualEndOfScans="7383" ActualExecutions="7383" ActualExecutionMode="Row"></RunTimeCountersPerThread><RunTimeCountersPerThread Thread="5" ActualRows="0" Batches="0" ActualElapsedms="2347" ActualCPUms="151" ActualEndOfScans="7379" ActualExecutions="7379" ActualExecutionMode="Row"></RunTimeCountersPerThread><RunTimeCountersPerThread Thread="4" ActualRows="0" Batches="0" ActualElapsedms="2342" ActualCPUms="145" ActualEndOfScans="6874" ActualExecutions="6874" ActualExecutionMode="Row"></RunTimeCountersPerThread><RunTimeCountersPerThread Thread="3" ActualRows="0" Batches="0" ActualElapsedms="2326" ActualCPUms="129" ActualEndOfScans="7281" ActualExecutions="7281" ActualExecutionMode="Row"></RunTimeCountersPerThread><RunTimeCountersPerThread Thread="2" ActualRows="0" Batches="0" ActualElapsedms="2307" ActualCPUms="110" ActualEndOfScans="4841" ActualExecutions="4841" ActualExecutionMode="Row"></RunTimeCountersPerThread><RunTimeCountersPerThread Thread="1" ActualRows="0" Batches="0" ActualElapsedms="2278" ActualCPUms="82" ActualEndOfScans="3379" ActualExecutions="3379" ActualExecutionMode="Row"></RunTimeCountersPerThread><RunTimeCountersPerThread Thread="0" ActualRows="0" Batches="0" ActualElapsedms="0" ActualCPUms="0" ActualEndOfScans="0" ActualExecutions="0" ActualExecutionMode="Row"></RunTimeCountersPerThread></RunTimeInformation><NestedLoops Optimized="0"><RelOp NodeId="33" PhysicalOp="Nested Loops" LogicalOp="Inner Join" EstimateRows="1" EstimateIO="0" EstimateCPU="4.18e-06" AvgRowSize="9" EstimatedTotalSubtreeCost="18.6524" Parallel="1" EstimateRebinds="35017.9" EstimateRewinds="0" EstimatedExecutionMode="Row"><OutputList></OutputList><RunTimeInformation><RunTimeCountersPerThread Thread="12" ActualRows="1476" Batches="0" ActualElapsedms="2326" ActualCPUms="130" ActualEndOfScans="5990" ActualExecutions="7466" ActualExecutionMode="Row"></RunTimeCountersPerThread><RunTimeCountersPerThread Thread="11" ActualRows="1443" Batches="0" ActualElapsedms="2333" ActualCPUms="137" ActualEndOfScans="5869" ActualExecutions="7312" ActualExecutionMode="Row"></RunTimeCountersPerThread><RunTimeCountersPerThread Thread="10" ActualRows="709" Batches="0" ActualElapsedms="2293" ActualCPUms="96" ActualEndOfScans="2777" ActualExecutions="3486" ActualExecutionMode="Row"></RunTimeCountersPerThread><RunTimeCountersPerThread Thread="9" ActualRows="1362" Batches="0" ActualElapsedms="2318" ActualCPUms="2318" ActualEndOfScans="5494" ActualExecutions="6856" ActualExecutionMode="Row"></RunTimeCountersPerThread><RunTimeCountersPerThread Thread="8" ActualRows="1529" Batches="0" ActualElapsedms="2332" ActualCPUms="136" ActualEndOfScans="5806" ActualExecutions="7335" ActualExecutionMode="Row"></RunTimeCountersPerThread><RunTimeCountersPerThread Thread="7" ActualRows="689" Batches="0" ActualElapsedms="2309" ActualCPUms="113" ActualEndOfScans="2767" ActualExecutions="3456" ActualExecutionMode="Row"></RunTimeCountersPerThread><RunTimeCountersPerThread Thread="6" ActualRows="1465" Batches="0" ActualElapsedms="2320" ActualCPUms="123" ActualEndOfScans="5918" ActualExecutions="7383" ActualExecutionMode="Row"></RunTimeCountersPerThread><RunTimeCountersPerThread Thread="5" ActualRows="1399" Batches="0" ActualElapsedms="2326" ActualCPUms="130" ActualEndOfScans="5980" ActualExecutions="7379" ActualExecutionMode="Row"></RunTimeCountersPerThread><RunTimeCountersPerThread Thread="4" ActualRows="1346" Batches="0" ActualElapsedms="2325" ActualCPUms="128" ActualEndOfScans="5528" ActualExecutions="6874" ActualExecutionMode="Row"></RunTimeCountersPerThread><RunTimeCountersPerThread Thread="3" ActualRows="1481" Batches="0" ActualElapsedms="2309" ActualCPUms="113" ActualEndOfScans="5800" ActualExecutions="7281" ActualExecutionMode="Row"></RunTimeCountersPerThread><RunTimeCountersPerThread Thread="2" ActualRows="1016" Batches="0" ActualElapsedms="2292" ActualCPUms="95" ActualEndOfScans="3825" ActualExecutions="4841" ActualExecutionMode="Row"></RunTimeCountersPerThread><RunTimeCountersPerThread Thread="1" ActualRows="642" Batches="0" ActualElapsedms="2269" ActualCPUms="72" ActualEndOfScans="2737" ActualExecutions="3379" ActualExecutionMode="Row"></RunTimeCountersPerThread><RunTimeCountersPerThread Thread="0" ActualRows="0" Batches="0" ActualElapsedms="0" ActualCPUms="0" ActualEndOfScans="0" ActualExecutions="0" ActualExecutionMode="Row"></RunTimeCountersPerThread></RunTimeInformation><NestedLoops Optimized="0"><Predicate><ScalarOperator ScalarString="[Expr1048]=[Expr1046]"><Compare CompareOp="EQ"><ScalarOperator><Identifier><ColumnReference Column="Expr1048"></ColumnReference></Identifier></ScalarOperator><ScalarOperator><Identifier><ColumnReference Column="Expr1046"></ColumnReference></Identifier></ScalarOperator></Compare></ScalarOperator></Predicate><RelOp NodeId="34" PhysicalOp="Assert" LogicalOp="Assert" EstimateRows="1" EstimateIO="0" EstimateCPU="4.8e-07" AvgRowSize="11" EstimatedTotalSubtreeCost="18.6524" Parallel="1" EstimateRebinds="35017.9" EstimateRewinds="0" EstimatedExecutionMode="Row"><OutputList><ColumnReference Column="Expr1046"></ColumnReference></OutputList><RunTimeInformation><RunTimeCountersPerThread Thread="12" ActualRows="7466" Batches="0" ActualElapsedms="2273" ActualCPUms="76" ActualEndOfScans="5990" ActualExecutions="7466" ActualExecutionMode="Row"></RunTimeCountersPerThread><RunTimeCountersPerThread Thread="11" ActualRows="7312" Batches="0" ActualElapsedms="2277" ActualCPUms="81" ActualEndOfScans="5869" ActualExecutions="7312" ActualExecutionMode="Row"></RunTimeCountersPerThread><RunTimeCountersPerThread Thread="10" ActualRows="3486" Batches="0" ActualElapsedms="2250" ActualCPUms="54" ActualEndOfScans="2777" ActualExecutions="3486" ActualExecutionMode="Row"></RunTimeCountersPerThread><RunTimeCountersPerThread Thread="9" ActualRows="6856" Batches="0" ActualElapsedms="2265" ActualCPUms="2265" ActualEndOfScans="5494" ActualExecutions="6856" ActualExecutionMode="Row"></RunTimeCountersPerThread><RunTimeCountersPerThread Thread="8" ActualRows="7335" Batches="0" ActualElapsedms="2274" ActualCPUms="77" ActualEndOfScans="5806" ActualExecutions="7335" ActualExecutionMode="Row"></RunTimeCountersPerThread><RunTimeCountersPerThread Thread="7" ActualRows="3456" Batches="0" ActualElapsedms="2264" ActualCPUms="67" ActualEndOfScans="2767" ActualExecutions="3456" ActualExecutionMode="Row"></RunTimeCountersPerThread><RunTimeCountersPerThread Thread="6" ActualRows="7383" Batches="0" ActualElapsedms="2265" ActualCPUms="69" ActualEndOfScans="5918" ActualExecutions="7383" ActualExecutionMode="Row"></RunTimeCountersPerThread><RunTimeCountersPerThread Thread="5" ActualRows="7379" Batches="0" ActualElapsedms="2275" ActualCPUms="79" ActualEndOfScans="5980" ActualExecutions="7379" ActualExecutionMode="Row"></RunTimeCountersPerThread><RunTimeCountersPerThread Thread="4" ActualRows="6874" Batches="0" ActualElapsedms="2271" ActualCPUms="75" ActualEndOfScans="5528" ActualExecutions="6874" ActualExecutionMode="Row"></RunTimeCountersPerThread><RunTimeCountersPerThread Thread="3" ActualRows="7281" Batches="0" ActualElapsedms="2265" ActualCPUms="68" ActualEndOfScans="5800" ActualExecutions="7281" ActualExecutionMode="Row"></RunTimeCountersPerThread><RunTimeCountersPerThread Thread="2" ActualRows="4841" Batches="0" ActualElapsedms="2251" ActualCPUms="54" ActualEndOfScans="3825" ActualExecutions="4841" ActualExecutionMode="Row"></RunTimeCountersPerThread><RunTimeCountersPerThread Thread="1" ActualRows="3379" Batches="0" ActualElapsedms="2239" ActualCPUms="42" ActualEndOfScans="2737" ActualExecutions="3379" ActualExecutionMode="Row"></RunTimeCountersPerThread><RunTimeCountersPerThread Thread="0" ActualRows="0" Batches="0" ActualElapsedms="0" ActualCPUms="0" ActualEndOfScans="0" ActualExecutions="0" ActualExecutionMode="Row"></RunTimeCountersPerThread></RunTimeInformation><Assert StartupExpression="0"><RelOp NodeId="35" PhysicalOp="Stream Aggregate" LogicalOp="Aggregate" EstimateRows="1" EstimateIO="0" EstimateCPU="1.1e-06" AvgRowSize="19" EstimatedTotalSubtreeCost="18.6524" Parallel="1" EstimateRebinds="35017.9" EstimateRewinds="0" EstimatedExecutionMode="Row"><OutputList><ColumnReference Column="Expr1045"></ColumnReference><ColumnReference Column="Expr1046"></ColumnReference></OutputList><RunTimeInformation><RunTimeCountersPerThread Thread="12" ActualRows="7466" Batches="0" ActualElapsedms="2271" ActualCPUms="74" ActualEndOfScans="5990" ActualExecutions="7466" ActualExecutionMode="Row"></RunTimeCountersPerThread><RunTimeCountersPerThread Thread="11" ActualRows="7312" Batches="0" ActualElapsedms="2275" ActualCPUms="79" ActualEndOfScans="5869" ActualExecutions="7312" ActualExecutionMode="Row"></RunTimeCountersPerThread><RunTimeCountersPerThread Thread="10" ActualRows="3486" Batches="0" ActualElapsedms="2250" ActualCPUms="53" ActualEndOfScans="2777" ActualExecutions="3486" ActualExecutionMode="Row"></RunTimeCountersPerThread><RunTimeCountersPerThread Thread="9" ActualRows="6856" Batches="0" ActualElapsedms="2263" ActualCPUms="2263" ActualEndOfScans="5494" ActualExecutions="6856" ActualExecutionMode="Row"></RunTimeCountersPerThread><RunTimeCountersPerThread Thread="8" ActualRows="7335" Batches="0" ActualElapsedms="2271" ActualCPUms="75" ActualEndOfScans="5806" ActualExecutions="7335" ActualExecutionMode="Row"></RunTimeCountersPerThread><RunTimeCountersPerThread Thread="7" ActualRows="3456" Batches="0" ActualElapsedms="2263" ActualCPUms="66" ActualEndOfScans="2767" ActualExecutions="3456" ActualExecutionMode="Row"></RunTimeCountersPerThread><RunTimeCountersPerThread Thread="6" ActualRows="7383" Batches="0" ActualElapsedms="2264" ActualCPUms="67" ActualEndOfScans="5918" ActualExecutions="7383" ActualExecutionMode="Row"></RunTimeCountersPerThread><RunTimeCountersPerThread Thread="5" ActualRows="7379" Batches="0" ActualElapsedms="2273" ActualCPUms="77" ActualEndOfScans="5980" ActualExecutions="7379" ActualExecutionMode="Row"></RunTimeCountersPerThread><RunTimeCountersPerThread Thread="4" ActualRows="6874" Batches="0" ActualElapsedms="2269" ActualCPUms="73" ActualEndOfScans="5528" ActualExecutions="6874" ActualExecutionMode="Row"></RunTimeCountersPerThread><RunTimeCountersPerThread Thread="3" ActualRows="7281" Batches="0" ActualElapsedms="2264" ActualCPUms="67" ActualEndOfScans="5800" ActualExecutions="7281" ActualExecutionMode="Row"></RunTimeCountersPerThread><RunTimeCountersPerThread Thread="2" ActualRows="4841" Batches="0" ActualElapsedms="2249" ActualCPUms="53" ActualEndOfScans="3825" ActualExecutions="4841" ActualExecutionMode="Row"></RunTimeCountersPerThread><RunTimeCountersPerThread Thread="1" ActualRows="3379" Batches="0" ActualElapsedms="2238" ActualCPUms="41" ActualEndOfScans="2737" ActualExecutions="3379" ActualExecutionMode="Row"></RunTimeCountersPerThread><RunTimeCountersPerThread Thread="0" ActualRows="0" Batches="0" ActualElapsedms="0" ActualCPUms="0" ActualEndOfScans="0" ActualExecutions="0" ActualExecutionMode="Row"></RunTimeCountersPerThread></RunTimeInformation><StreamAggregate><DefinedValues><DefinedValue><ColumnReference Column="Expr1045"></ColumnReference><ScalarOperator ScalarString="Count(*)"><Aggregate AggType="countstar" Distinct="0"></Aggregate></ScalarOperator></DefinedValue><DefinedValue><ColumnReference Column="Expr1046"></ColumnReference><ScalarOperator ScalarString="ANY([tpch].[dbo].[nation].[N_RegionKey] as [n].[N_RegionKey])"><Aggregate Distinct="0" AggType="ANY"><ScalarOperator><Identifier><ColumnReference Database="[tpch]" Schema="[dbo]" Table="[nation]" Alias="[n]" Column="N_RegionKey"></ColumnReference></Identifier></ScalarOperator></Aggregate></ScalarOperator></DefinedValue></DefinedValues><RelOp NodeId="36" PhysicalOp="Nested Loops" LogicalOp="Inner Join" EstimateRows="1" EstimateIO="0" EstimateCPU="4.18e-06" AvgRowSize="11" EstimatedTotalSubtreeCost="18.6524" Parallel="1" EstimateRebinds="35017.9" EstimateRewinds="0" EstimatedExecutionMode="Row"><OutputList><ColumnReference Database="[tpch]" Schema="[dbo]" Table="[nation]" Alias="[n]" Column="N_RegionKey"></ColumnReference></OutputList><RunTimeInformation><RunTimeCountersPerThread Thread="12" ActualRows="7466" Batches="0" ActualElapsedms="2269" ActualCPUms="72" ActualEndOfScans="7466" ActualExecutions="7466" ActualExecutionMode="Row"></RunTimeCountersPerThread><RunTimeCountersPerThread Thread="11" ActualRows="7312" Batches="0" ActualElapsedms="2273" ActualCPUms="77" ActualEndOfScans="7312" ActualExecutions="7312" ActualExecutionMode="Row"></RunTimeCountersPerThread><RunTimeCountersPerThread Thread="10" ActualRows="3486" Batches="0" ActualElapsedms="2249" ActualCPUms="52" ActualEndOfScans="3486" ActualExecutions="3486" ActualExecutionMode="Row"></RunTimeCountersPerThread><RunTimeCountersPerThread Thread="9" ActualRows="6856" Batches="0" ActualElapsedms="2261" ActualCPUms="2261" ActualEndOfScans="6856" ActualExecutions="6856" ActualExecutionMode="Row"></RunTimeCountersPerThread><RunTimeCountersPerThread Thread="8" ActualRows="7335" Batches="0" ActualElapsedms="2269" ActualCPUms="73" ActualEndOfScans="7335" ActualExecutions="7335" ActualExecutionMode="Row"></RunTimeCountersPerThread><RunTimeCountersPerThread Thread="7" ActualRows="3456" Batches="0" ActualElapsedms="2262" ActualCPUms="65" ActualEndOfScans="3456" ActualExecutions="3456" ActualExecutionMode="Row"></RunTimeCountersPerThread><RunTimeCountersPerThread Thread="6" ActualRows="7383" Batches="0" ActualElapsedms="2262" ActualCPUms="65" ActualEndOfScans="7383" ActualExecutions="7383" ActualExecutionMode="Row"></RunTimeCountersPerThread><RunTimeCountersPerThread Thread="5" ActualRows="7379" Batches="0" ActualElapsedms="2271" ActualCPUms="74" ActualEndOfScans="7379" ActualExecutions="7379" ActualExecutionMode="Row"></RunTimeCountersPerThread><RunTimeCountersPerThread Thread="4" ActualRows="6874" Batches="0" ActualElapsedms="2267" ActualCPUms="71" ActualEndOfScans="6874" ActualExecutions="6874" ActualExecutionMode="Row"></RunTimeCountersPerThread><RunTimeCountersPerThread Thread="3" ActualRows="7281" Batches="0" ActualElapsedms="2262" ActualCPUms="65" ActualEndOfScans="7281" ActualExecutions="7281" ActualExecutionMode="Row"></RunTimeCountersPerThread><RunTimeCountersPerThread Thread="2" ActualRows="4841" Batches="0" ActualElapsedms="2248" ActualCPUms="51" ActualEndOfScans="4841" ActualExecutions="4841" ActualExecutionMode="Row"></RunTimeCountersPerThread><RunTimeCountersPerThread Thread="1" ActualRows="3379" Batches="0" ActualElapsedms="2237" ActualCPUms="40" ActualEndOfScans="3379" ActualExecutions="3379" ActualExecutionMode="Row"></RunTimeCountersPerThread><RunTimeCountersPerThread Thread="0" ActualRows="0" Batches="0" ActualElapsedms="0" ActualCPUms="0" ActualEndOfScans="0" ActualExecutions="0" ActualExecutionMode="Row"></RunTimeCountersPerThread></RunTimeInformation><NestedLoops Optimized="0"><OuterReferences><ColumnReference Database="[tpch]" Schema="[dbo]" Table="[customer]" Alias="[c]" Column="C_NationKey"></ColumnReference></OuterReferences><RelOp NodeId="37" PhysicalOp="Nested Loops" LogicalOp="Inner Join" EstimateRows="1" EstimateIO="0" EstimateCPU="4.18e-06" AvgRowSize="11" EstimatedTotalSubtreeCost="18.6524" Parallel="1" EstimateRebinds="35017.9" EstimateRewinds="0" EstimatedExecutionMode="Row"><OutputList><ColumnReference Database="[tpch]" Schema="[dbo]" Table="[customer]" Alias="[c]" Column="C_NationKey"></ColumnReference></OutputList><RunTimeInformation><RunTimeCountersPerThread Thread="12" ActualRows="7466" Batches="0" ActualElapsedms="2252" ActualCPUms="56" ActualEndOfScans="7466" ActualExecutions="7466" ActualExecutionMode="Row"></RunTimeCountersPerThread><RunTimeCountersPerThread Thread="11" ActualRows="7312" Batches="0" ActualElapsedms="2256" ActualCPUms="60" ActualEndOfScans="7312" ActualExecutions="7312" ActualExecutionMode="Row"></RunTimeCountersPerThread><RunTimeCountersPerThread Thread="10" ActualRows="3486" Batches="0" ActualElapsedms="2237" ActualCPUms="40" ActualEndOfScans="3486" ActualExecutions="3486" ActualExecutionMode="Row"></RunTimeCountersPerThread><RunTimeCountersPerThread Thread="9" ActualRows="6856" Batches="0" ActualElapsedms="2246" ActualCPUms="2246" ActualEndOfScans="6856" ActualExecutions="6856" ActualExecutionMode="Row"></RunTimeCountersPerThread><RunTimeCountersPerThread Thread="8" ActualRows="7335" Batches="0" ActualElapsedms="2251" ActualCPUms="55" ActualEndOfScans="7335" ActualExecutions="7335" ActualExecutionMode="Row"></RunTimeCountersPerThread><RunTimeCountersPerThread Thread="7" ActualRows="3456" Batches="0" ActualElapsedms="2249" ActualCPUms="52" ActualEndOfScans="3456" ActualExecutions="3456" ActualExecutionMode="Row"></RunTimeCountersPerThread><RunTimeCountersPerThread Thread="6" ActualRows="7383" Batches="0" ActualElapsedms="2246" ActualCPUms="50" ActualEndOfScans="7383" ActualExecutions="7383" ActualExecutionMode="Row"></RunTimeCountersPerThread><RunTimeCountersPerThread Thread="5" ActualRows="7379" Batches="0" ActualElapsedms="2253" ActualCPUms="56" ActualEndOfScans="7379" ActualExecutions="7379" ActualExecutionMode="Row"></RunTimeCountersPerThread><RunTimeCountersPerThread Thread="4" ActualRows="6874" Batches="0" ActualElapsedms="2252" ActualCPUms="56" ActualEndOfScans="6874" ActualExecutions="6874" ActualExecutionMode="Row"></RunTimeCountersPerThread><RunTimeCountersPerThread Thread="3" ActualRows="7281" Batches="0" ActualElapsedms="2247" ActualCPUms="51" ActualEndOfScans="7281" ActualExecutions="7281" ActualExecutionMode="Row"></RunTimeCountersPerThread><RunTimeCountersPerThread Thread="2" ActualRows="4841" Batches="0" ActualElapsedms="2235" ActualCPUms="39" ActualEndOfScans="4841" ActualExecutions="4841" ActualExecutionMode="Row"></RunTimeCountersPerThread><RunTimeCountersPerThread Thread="1" ActualRows="3379" Batches="0" ActualElapsedms="2228" ActualCPUms="32" ActualEndOfScans="3379" ActualExecutions="3379" ActualExecutionMode="Row"></RunTimeCountersPerThread><RunTimeCountersPerThread Thread="0" ActualRows="0" Batches="0" ActualElapsedms="0" ActualCPUms="0" ActualEndOfScans="0" ActualExecutions="0" ActualExecutionMode="Row"></RunTimeCountersPerThread></RunTimeInformation><NestedLoops Optimized="0"><OuterReferences><ColumnReference Database="[tpch]" Schema="[dbo]" Table="[orders]" Alias="[o]" Column="O_CustKey"></ColumnReference></OuterReferences><RelOp NodeId="38" PhysicalOp="Index Spool" LogicalOp="Eager Spool" EstimateRows="1" EstimateIO="28.9658" EstimateCPU="1.50026" AvgRowSize="11" EstimatedTotalSubtreeCost="18.6524" Parallel="1" EstimateRebinds="35017.9" EstimateRewinds="0" EstimatedExecutionMode="Row"><OutputList><ColumnReference Database="[tpch]" Schema="[dbo]" Table="[orders]" Alias="[o]" Column="O_CustKey"></ColumnReference></OutputList><RunTimeInformation><RunTimeCountersPerThread Thread="12" ActualRows="7466" Batches="0" ActualElapsedms="2217" ActualCPUms="20" ActualScans="0" ActualLogicalReads="0" ActualPhysicalReads="0" ActualReadAheads="0" ActualLobLogicalReads="0" ActualLobPhysicalReads="0" ActualLobReadAheads="0" ActualRebinds="1" ActualRewinds="7465" ActualEndOfScans="7466" ActualExecutions="7466" ActualExecutionMode="Row"></RunTimeCountersPerThread><RunTimeCountersPerThread Thread="11" ActualRows="7312" Batches="0" ActualElapsedms="2217" ActualCPUms="21" ActualScans="0" ActualLogicalReads="0" ActualPhysicalReads="0" ActualReadAheads="0" ActualLobLogicalReads="0" ActualLobPhysicalReads="0" ActualLobReadAheads="0" ActualRebinds="1" ActualRewinds="7311" ActualEndOfScans="7312" ActualExecutions="7312" ActualExecutionMode="Row"></RunTimeCountersPerThread><RunTimeCountersPerThread Thread="10" ActualRows="3486" Batches="0" ActualElapsedms="2204" ActualCPUms="8" ActualScans="0" ActualLogicalReads="0" ActualPhysicalReads="0" ActualReadAheads="0" ActualLobLogicalReads="0" ActualLobPhysicalReads="0" ActualLobReadAheads="0" ActualRebinds="1" ActualRewinds="3485" ActualEndOfScans="3486" ActualExecutions="3486" ActualExecutionMode="Row"></RunTimeCountersPerThread><RunTimeCountersPerThread Thread="9" ActualRows="6856" Batches="0" ActualElapsedms="2213" ActualCPUms="2213" ActualScans="0" ActualLogicalReads="0" ActualPhysicalReads="0" ActualReadAheads="0" ActualLobLogicalReads="0" ActualLobPhysicalReads="0" ActualLobReadAheads="0" ActualRebinds="1" ActualRewinds="6855" ActualEndOfScans="6856" ActualExecutions="6856" ActualExecutionMode="Row"></RunTimeCountersPerThread><RunTimeCountersPerThread Thread="8" ActualRows="7335" Batches="0" ActualElapsedms="2220" ActualCPUms="24" ActualScans="0" ActualLogicalReads="0" ActualPhysicalReads="0" ActualReadAheads="0" ActualLobLogicalReads="0" ActualLobPhysicalReads="0" ActualLobReadAheads="0" ActualRebinds="1" ActualRewinds="7334" ActualEndOfScans="7335" ActualExecutions="7335" ActualExecutionMode="Row"></RunTimeCountersPerThread><RunTimeCountersPerThread Thread="7" ActualRows="3456" Batches="0" ActualElapsedms="2208" ActualCPUms="11" ActualScans="0" ActualLogicalReads="0" ActualPhysicalReads="0" ActualReadAheads="0" ActualLobLogicalReads="0" ActualLobPhysicalReads="0" ActualLobReadAheads="0" ActualRebinds="1" ActualRewinds="3455" ActualEndOfScans="3456" ActualExecutions="3456" ActualExecutionMode="Row"></RunTimeCountersPerThread><RunTimeCountersPerThread Thread="6" ActualRows="7383" Batches="0" ActualElapsedms="2214" ActualCPUms="17" ActualScans="0" ActualLogicalReads="0" ActualPhysicalReads="0" ActualReadAheads="0" ActualLobLogicalReads="0" ActualLobPhysicalReads="0" ActualLobReadAheads="0" ActualRebinds="1" ActualRewinds="7382" ActualEndOfScans="7383" ActualExecutions="7383" ActualExecutionMode="Row"></RunTimeCountersPerThread><RunTimeCountersPerThread Thread="5" ActualRows="7379" Batches="0" ActualElapsedms="2220" ActualCPUms="24" ActualScans="0" ActualLogicalReads="0" ActualPhysicalReads="0" ActualReadAheads="0" ActualLobLogicalReads="0" ActualLobPhysicalReads="0" ActualLobReadAheads="0" ActualRebinds="1" ActualRewinds="7378" ActualEndOfScans="7379" ActualExecutions="7379" ActualExecutionMode="Row"></RunTimeCountersPerThread><RunTimeCountersPerThread Thread="4" ActualRows="6874" Batches="0" ActualElapsedms="2214" ActualCPUms="17" ActualScans="0" ActualLogicalReads="0" ActualPhysicalReads="0" ActualReadAheads="0" ActualLobLogicalReads="0" ActualLobPhysicalReads="0" ActualLobReadAheads="0" ActualRebinds="1" ActualRewinds="6873" ActualEndOfScans="6874" ActualExecutions="6874" ActualExecutionMode="Row"></RunTimeCountersPerThread><RunTimeCountersPerThread Thread="3" ActualRows="7281" Batches="0" ActualElapsedms="2210" ActualCPUms="14" ActualScans="0" ActualLogicalReads="0" ActualPhysicalReads="0" ActualReadAheads="0" ActualLobLogicalReads="0" ActualLobPhysicalReads="0" ActualLobReadAheads="0" ActualRebinds="1" ActualRewinds="7280" ActualEndOfScans="7281" ActualExecutions="7281" ActualExecutionMode="Row"></RunTimeCountersPerThread><RunTimeCountersPerThread Thread="2" ActualRows="4841" Batches="0" ActualElapsedms="2212" ActualCPUms="16" ActualScans="0" ActualLogicalReads="0" ActualPhysicalReads="0" ActualReadAheads="0" ActualLobLogicalReads="0" ActualLobPhysicalReads="0" ActualLobReadAheads="0" ActualRebinds="1" ActualRewinds="4840" ActualEndOfScans="4841" ActualExecutions="4841" ActualExecutionMode="Row"></RunTimeCountersPerThread><RunTimeCountersPerThread Thread="1" ActualRows="3379" Batches="0" ActualElapsedms="2208" ActualCPUms="11" ActualScans="0" ActualLogicalReads="0" ActualPhysicalReads="0" ActualReadAheads="0" ActualLobLogicalReads="0" ActualLobPhysicalReads="0" ActualLobReadAheads="0" ActualRebinds="1" ActualRewinds="3378" ActualEndOfScans="3379" ActualExecutions="3379" ActualExecutionMode="Row"></RunTimeCountersPerThread><RunTimeCountersPerThread Thread="0" ActualRows="0" Batches="0" ActualElapsedms="0" ActualCPUms="0" ActualScans="0" ActualLogicalReads="0" ActualPhysicalReads="0" ActualReadAheads="0" ActualLobLogicalReads="0" ActualLobPhysicalReads="0" ActualLobReadAheads="0" ActualRebinds="0" ActualRewinds="0" ActualEndOfScans="0" ActualExecutions="0" ActualExecutionMode="Row"></RunTimeCountersPerThread></RunTimeInformation><Spool><SeekPredicateNew><SeekKeys><Prefix ScanType="EQ"><RangeColumns><ColumnReference Database="[tpch]" Schema="[dbo]" Table="[orders]" Alias="[o]" Column="O_OrderKey"></ColumnReference></RangeColumns><RangeExpressions><ScalarOperator ScalarString="CONVERT_IMPLICIT(bigint,[tpch].[dbo].[lineitem].[L_OrderKey] as [l1].[L_OrderKey],0)"><Convert DataType="bigint" Style="0" Implicit="1"><ScalarOperator><Identifier><ColumnReference Database="[tpch]" Schema="[dbo]" Table="[lineitem]" Alias="[l1]" Column="L_OrderKey"></ColumnReference></Identifier></ScalarOperator></Convert></ScalarOperator></RangeExpressions></Prefix></SeekKeys></SeekPredicateNew><RelOp NodeId="39" PhysicalOp="Index Scan" LogicalOp="Index Scan" EstimateRows="1.5e+06" EstimatedRowsRead="1.5e+06" EstimateIO="1.92831" EstimateCPU="1.65016" AvgRowSize="15" EstimatedTotalSubtreeCost="3.57847" TableCardinality="1.5e+06" Parallel="1" EstimateRebinds="0" EstimateRewinds="0" EstimatedExecutionMode="Row"><OutputList><ColumnReference Database="[tpch]" Schema="[dbo]" Table="[orders]" Alias="[o]" Column="O_OrderKey"></ColumnReference><ColumnReference Database="[tpch]" Schema="[dbo]" Table="[orders]" Alias="[o]" Column="O_CustKey"></ColumnReference></OutputList><RunTimeInformation><RunTimeCountersPerThread Thread="12" ActualRows="0" Batches="0" ActualElapsedms="0" ActualCPUms="0" ActualScans="0" ActualLogicalReads="0" ActualPhysicalReads="0" ActualReadAheads="0" ActualLobLogicalReads="0" ActualLobPhysicalReads="0" ActualLobReadAheads="0" ActualEndOfScans="0" ActualExecutions="0" ActualExecutionMode="Row"></RunTimeCountersPerThread><RunTimeCountersPerThread Thread="11" ActualRows="0" Batches="0" ActualElapsedms="0" ActualCPUms="0" ActualScans="0" ActualLogicalReads="0" ActualPhysicalReads="0" ActualReadAheads="0" ActualLobLogicalReads="0" ActualLobPhysicalReads="0" ActualLobReadAheads="0" ActualEndOfScans="0" ActualExecutions="0" ActualExecutionMode="Row"></RunTimeCountersPerThread><RunTimeCountersPerThread Thread="10" ActualRows="0" Batches="0" ActualElapsedms="0" ActualCPUms="0" ActualScans="0" ActualLogicalReads="0" ActualPhysicalReads="0" ActualReadAheads="0" ActualLobLogicalReads="0" ActualLobPhysicalReads="0" ActualLobReadAheads="0" ActualEndOfScans="0" ActualExecutions="0" ActualExecutionMode="Row"></RunTimeCountersPerThread><RunTimeCountersPerThread Thread="9" ActualRows="1500000" Batches="0" ActualElapsedms="127" ActualCPUms="127" ActualScans="1" ActualLogicalReads="2614" ActualPhysicalReads="0" ActualReadAheads="0" ActualLobLogicalReads="0" ActualLobPhysicalReads="0" ActualLobReadAheads="0" ActualRowsRead="1500000" ActualEndOfScans="1" ActualExecutions="1" ActualExecutionMode="Row"></RunTimeCountersPerThread><RunTimeCountersPerThread Thread="8" ActualRows="0" Batches="0" ActualElapsedms="0" ActualCPUms="0" ActualScans="0" ActualLogicalReads="0" ActualPhysicalReads="0" ActualReadAheads="0" ActualLobLogicalReads="0" ActualLobPhysicalReads="0" ActualLobReadAheads="0" ActualEndOfScans="0" ActualExecutions="0" ActualExecutionMode="Row"></RunTimeCountersPerThread><RunTimeCountersPerThread Thread="7" ActualRows="0" Batches="0" ActualElapsedms="0" ActualCPUms="0" ActualScans="0" ActualLogicalReads="0" ActualPhysicalReads="0" ActualReadAheads="0" ActualLobLogicalReads="0" ActualLobPhysicalReads="0" ActualLobReadAheads="0" ActualEndOfScans="0" ActualExecutions="0" ActualExecutionMode="Row"></RunTimeCountersPerThread><RunTimeCountersPerThread Thread="6" ActualRows="0" Batches="0" ActualElapsedms="0" ActualCPUms="0" ActualScans="0" ActualLogicalReads="0" ActualPhysicalReads="0" ActualReadAheads="0" ActualLobLogicalReads="0" ActualLobPhysicalReads="0" ActualLobReadAheads="0" ActualEndOfScans="0" ActualExecutions="0" ActualExecutionMode="Row"></RunTimeCountersPerThread><RunTimeCountersPerThread Thread="5" ActualRows="0" Batches="0" ActualElapsedms="0" ActualCPUms="0" ActualScans="0" ActualLogicalReads="0" ActualPhysicalReads="0" ActualReadAheads="0" ActualLobLogicalReads="0" ActualLobPhysicalReads="0" ActualLobReadAheads="0" ActualEndOfScans="0" ActualExecutions="0" ActualExecutionMode="Row"></RunTimeCountersPerThread><RunTimeCountersPerThread Thread="4" ActualRows="0" Batches="0" ActualElapsedms="0" ActualCPUms="0" ActualScans="0" ActualLogicalReads="0" ActualPhysicalReads="0" ActualReadAheads="0" ActualLobLogicalReads="0" ActualLobPhysicalReads="0" ActualLobReadAheads="0" ActualEndOfScans="0" ActualExecutions="0" ActualExecutionMode="Row"></RunTimeCountersPerThread><RunTimeCountersPerThread Thread="3" ActualRows="0" Batches="0" ActualElapsedms="0" ActualCPUms="0" ActualScans="0" ActualLogicalReads="0" ActualPhysicalReads="0" ActualReadAheads="0" ActualLobLogicalReads="0" ActualLobPhysicalReads="0" ActualLobReadAheads="0" ActualEndOfScans="0" ActualExecutions="0" ActualExecutionMode="Row"></RunTimeCountersPerThread><RunTimeCountersPerThread Thread="2" ActualRows="0" Batches="0" ActualElapsedms="0" ActualCPUms="0" ActualScans="0" ActualLogicalReads="0" ActualPhysicalReads="0" ActualReadAheads="0" ActualLobLogicalReads="0" ActualLobPhysicalReads="0" ActualLobReadAheads="0" ActualEndOfScans="0" ActualExecutions="0" ActualExecutionMode="Row"></RunTimeCountersPerThread><RunTimeCountersPerThread Thread="1" ActualRows="0" Batches="0" ActualElapsedms="0" ActualCPUms="0" ActualScans="0" ActualLogicalReads="0" ActualPhysicalReads="0" ActualReadAheads="0" ActualLobLogicalReads="0" ActualLobPhysicalReads="0" ActualLobReadAheads="0" ActualEndOfScans="0" ActualExecutions="0" ActualExecutionMode="Row"></RunTimeCountersPerThread><RunTimeCountersPerThread Thread="0" ActualRows="0" Batches="0" ActualElapsedms="0" ActualCPUms="0" ActualScans="0" ActualLogicalReads="0" ActualPhysicalReads="0" ActualReadAheads="0" ActualLobLogicalReads="0" ActualLobPhysicalReads="0" ActualLobReadAheads="0" ActualEndOfScans="0" ActualExecutions="0" ActualExecutionMode="Row"></RunTimeCountersPerThread></RunTimeInformation><IndexScan Ordered="0" ForcedIndex="0" ForceSeek="0" ForceScan="0" NoExpandHint="0" Storage="RowStore"><DefinedValues><DefinedValue><ColumnReference Database="[tpch]" Schema="[dbo]" Table="[orders]" Alias="[o]" Column="O_OrderKey"></ColumnReference></DefinedValue><DefinedValue><ColumnReference Database="[tpch]" Schema="[dbo]" Table="[orders]" Alias="[o]" Column="O_CustKey"></ColumnReference></DefinedValue></DefinedValues><Object Database="[tpch]" Schema="[dbo]" Table="[orders]" Index="[&lt;Name of Missing Index, sysname,&gt;]" Alias="[o]" TableReferenceId="1" IndexKind="NonClustered" Storage="RowStore"></Object></IndexScan></RelOp></Spool></RelOp><RelOp NodeId="40" PhysicalOp="Clustered Index Seek" LogicalOp="Clustered Index Seek" EstimateRows="1" EstimatedRowsRead="1" EstimateIO="0.003125" EstimateCPU="0.0001581" AvgRowSize="11" EstimatedTotalSubtreeCost="7.57705" TableCardinality="150000" Parallel="1" EstimateRebinds="35017.9" EstimateRewinds="0" EstimatedExecutionMode="Row"><OutputList><ColumnReference Database="[tpch]" Schema="[dbo]" Table="[customer]" Alias="[c]" Column="C_NationKey"></ColumnReference></OutputList><RunTimeInformation><RunTimeCountersPerThread Thread="12" ActualRows="7466" Batches="0" ActualElapsedms="32" ActualCPUms="32" ActualScans="0" ActualLogicalReads="22398" ActualPhysicalReads="0" ActualReadAheads="0" ActualLobLogicalReads="0" ActualLobPhysicalReads="0" ActualLobReadAheads="0" ActualRowsRead="7466" ActualEndOfScans="0" ActualExecutions="7466" ActualExecutionMode="Row"></RunTimeCountersPerThread><RunTimeCountersPerThread Thread="11" ActualRows="7312" Batches="0" ActualElapsedms="35" ActualCPUms="35" ActualScans="0" ActualLogicalReads="21936" ActualPhysicalReads="0" ActualReadAheads="0" ActualLobLogicalReads="0" ActualLobPhysicalReads="0" ActualLobReadAheads="0" ActualRowsRead="7312" ActualEndOfScans="0" ActualExecutions="7312" ActualExecutionMode="Row"></RunTimeCountersPerThread><RunTimeCountersPerThread Thread="10" ActualRows="3486" Batches="0" ActualElapsedms="31" ActualCPUms="31" ActualScans="0" ActualLogicalReads="10458" ActualPhysicalReads="0" ActualReadAheads="0" ActualLobLogicalReads="0" ActualLobPhysicalReads="0" ActualLobReadAheads="0" ActualRowsRead="3486" ActualEndOfScans="0" ActualExecutions="3486" ActualExecutionMode="Row"></RunTimeCountersPerThread><RunTimeCountersPerThread Thread="9" ActualRows="6856" Batches="0" ActualElapsedms="30" ActualCPUms="30" ActualScans="0" ActualLogicalReads="20568" ActualPhysicalReads="0" ActualReadAheads="0" ActualLobLogicalReads="0" ActualLobPhysicalReads="0" ActualLobReadAheads="0" ActualRowsRead="6856" ActualEndOfScans="0" ActualExecutions="6856" ActualExecutionMode="Row"></RunTimeCountersPerThread><RunTimeCountersPerThread Thread="8" ActualRows="7335" Batches="0" ActualElapsedms="28" ActualCPUms="28" ActualScans="0" ActualLogicalReads="22005" ActualPhysicalReads="0" ActualReadAheads="0" ActualLobLogicalReads="0" ActualLobPhysicalReads="0" ActualLobReadAheads="0" ActualRowsRead="7335" ActualEndOfScans="0" ActualExecutions="7335" ActualExecutionMode="Row"></RunTimeCountersPerThread><RunTimeCountersPerThread Thread="7" ActualRows="3456" Batches="0" ActualElapsedms="39" ActualCPUms="39" ActualScans="0" ActualLogicalReads="10368" ActualPhysicalReads="0" ActualReadAheads="0" ActualLobLogicalReads="0" ActualLobPhysicalReads="0" ActualLobReadAheads="0" ActualRowsRead="3456" ActualEndOfScans="0" ActualExecutions="3456" ActualExecutionMode="Row"></RunTimeCountersPerThread><RunTimeCountersPerThread Thread="6" ActualRows="7383" Batches="0" ActualElapsedms="29" ActualCPUms="29" ActualScans="0" ActualLogicalReads="22149" ActualPhysicalReads="0" ActualReadAheads="0" ActualLobLogicalReads="0" ActualLobPhysicalReads="0" ActualLobReadAheads="0" ActualRowsRead="7383" ActualEndOfScans="0" ActualExecutions="7383" ActualExecutionMode="Row"></RunTimeCountersPerThread><RunTimeCountersPerThread Thread="5" ActualRows="7379" Batches="0" ActualElapsedms="29" ActualCPUms="29" ActualScans="0" ActualLogicalReads="22137" ActualPhysicalReads="0" ActualReadAheads="0" ActualLobLogicalReads="0" ActualLobPhysicalReads="0" ActualLobReadAheads="0" ActualRowsRead="7379" ActualEndOfScans="0" ActualExecutions="7379" ActualExecutionMode="Row"></RunTimeCountersPerThread><RunTimeCountersPerThread Thread="4" ActualRows="6874" Batches="0" ActualElapsedms="35" ActualCPUms="35" ActualScans="0" ActualLogicalReads="20622" ActualPhysicalReads="0" ActualReadAheads="0" ActualLobLogicalReads="0" ActualLobPhysicalReads="0" ActualLobReadAheads="0" ActualRowsRead="6874" ActualEndOfScans="0" ActualExecutions="6874" ActualExecutionMode="Row"></RunTimeCountersPerThread><RunTimeCountersPerThread Thread="3" ActualRows="7281" Batches="0" ActualElapsedms="34" ActualCPUms="34" ActualScans="0" ActualLogicalReads="21843" ActualPhysicalReads="0" ActualReadAheads="0" ActualLobLogicalReads="0" ActualLobPhysicalReads="0" ActualLobReadAheads="0" ActualRowsRead="7281" ActualEndOfScans="0" ActualExecutions="7281" ActualExecutionMode="Row"></RunTimeCountersPerThread><RunTimeCountersPerThread Thread="2" ActualRows="4841" Batches="0" ActualElapsedms="21" ActualCPUms="21" ActualScans="0" ActualLogicalReads="14523" ActualPhysicalReads="0" ActualReadAheads="0" ActualLobLogicalReads="0" ActualLobPhysicalReads="0" ActualLobReadAheads="0" ActualRowsRead="4841" ActualEndOfScans="0" ActualExecutions="4841" ActualExecutionMode="Row"></RunTimeCountersPerThread><RunTimeCountersPerThread Thread="1" ActualRows="3379" Batches="0" ActualElapsedms="19" ActualCPUms="19" ActualScans="0" ActualLogicalReads="10137" ActualPhysicalReads="0" ActualReadAheads="0" ActualLobLogicalReads="0" ActualLobPhysicalReads="0" ActualLobReadAheads="0" ActualRowsRead="3379" ActualEndOfScans="0" ActualExecutions="3379" ActualExecutionMode="Row"></RunTimeCountersPerThread><RunTimeCountersPerThread Thread="0" ActualRows="0" Batches="0" ActualElapsedms="0" ActualCPUms="0" ActualScans="0" ActualLogicalReads="0" ActualPhysicalReads="0" ActualReadAheads="0" ActualLobLogicalReads="0" ActualLobPhysicalReads="0" ActualLobReadAheads="0" ActualEndOfScans="0" ActualExecutions="0" ActualExecutionMode="Row"></RunTimeCountersPerThread></RunTimeInformation><IndexScan Ordered="1" ScanDirection="FORWARD" ForcedIndex="0" ForceSeek="0" ForceScan="0" NoExpandHint="0" Storage="RowStore"><DefinedValues><DefinedValue><ColumnReference Database="[tpch]" Schema="[dbo]" Table="[customer]" Alias="[c]" Column="C_NationKey"></ColumnReference></DefinedValue></DefinedValues><Object Database="[tpch]" Schema="[dbo]" Table="[customer]" Index="[PK__customer__48695B7174053BCB]" Alias="[c]" TableReferenceId="1" IndexKind="Clustered" Storage="RowStore"></Object><SeekPredicates><SeekPredicateNew><SeekKeys><Prefix ScanType="EQ"><RangeColumns><ColumnReference Database="[tpch]" Schema="[dbo]" Table="[customer]" Alias="[c]" Column="C_CustKey"></ColumnReference></RangeColumns><RangeExpressions><ScalarOperator ScalarString="[tpch].[dbo].[orders].[O_CustKey] as [o].[O_CustKey]"><Identifier><ColumnReference Database="[tpch]" Schema="[dbo]" Table="[orders]" Alias="[o]" Column="O_CustKey"></ColumnReference></Identifier></ScalarOperator></RangeExpressions></Prefix></SeekKeys></SeekPredicateNew></SeekPredicates></IndexScan></RelOp></NestedLoops></RelOp><RelOp NodeId="41" PhysicalOp="Clustered Index Seek" LogicalOp="Clustered Index Seek" EstimateRows="1" EstimatedRowsRead="1" EstimateIO="0.003125" EstimateCPU="0.0001581" AvgRowSize="11" EstimatedTotalSubtreeCost="5.53962" TableCardinality="25" Parallel="1" EstimateRebinds="35017.9" EstimateRewinds="0" EstimatedExecutionMode="Row"><OutputList><ColumnReference Database="[tpch]" Schema="[dbo]" Table="[nation]" Alias="[n]" Column="N_RegionKey"></ColumnReference></OutputList><RunTimeInformation><RunTimeCountersPerThread Thread="12" ActualRows="7466" Batches="0" ActualElapsedms="11" ActualCPUms="11" ActualScans="0" ActualLogicalReads="14932" ActualPhysicalReads="0" ActualReadAheads="0" ActualLobLogicalReads="0" ActualLobPhysicalReads="0" ActualLobReadAheads="0" ActualRowsRead="7466" ActualEndOfScans="0" ActualExecutions="7466" ActualExecutionMode="Row"></RunTimeCountersPerThread><RunTimeCountersPerThread Thread="11" ActualRows="7312" Batches="0" ActualElapsedms="11" ActualCPUms="11" ActualScans="0" ActualLogicalReads="14624" ActualPhysicalReads="0" ActualReadAheads="0" ActualLobLogicalReads="0" ActualLobPhysicalReads="0" ActualLobReadAheads="0" ActualRowsRead="7312" ActualEndOfScans="0" ActualExecutions="7312" ActualExecutionMode="Row"></RunTimeCountersPerThread><RunTimeCountersPerThread Thread="10" ActualRows="3486" Batches="0" ActualElapsedms="6" ActualCPUms="6" ActualScans="0" ActualLogicalReads="6972" ActualPhysicalReads="0" ActualReadAheads="0" ActualLobLogicalReads="0" ActualLobPhysicalReads="0" ActualLobReadAheads="0" ActualRowsRead="3486" ActualEndOfScans="0" ActualExecutions="3486" ActualExecutionMode="Row"></RunTimeCountersPerThread><RunTimeCountersPerThread Thread="9" ActualRows="6856" Batches="0" ActualElapsedms="10" ActualCPUms="10" ActualScans="0" ActualLogicalReads="13712" ActualPhysicalReads="0" ActualReadAheads="0" ActualLobLogicalReads="0" ActualLobPhysicalReads="0" ActualLobReadAheads="0" ActualRowsRead="6856" ActualEndOfScans="0" ActualExecutions="6856" ActualExecutionMode="Row"></RunTimeCountersPerThread><RunTimeCountersPerThread Thread="8" ActualRows="7335" Batches="0" ActualElapsedms="12" ActualCPUms="12" ActualScans="0" ActualLogicalReads="14670" ActualPhysicalReads="0" ActualReadAheads="0" ActualLobLogicalReads="0" ActualLobPhysicalReads="0" ActualLobReadAheads="0" ActualRowsRead="7335" ActualEndOfScans="0" ActualExecutions="7335" ActualExecutionMode="Row"></RunTimeCountersPerThread><RunTimeCountersPerThread Thread="7" ActualRows="3456" Batches="0" ActualElapsedms="7" ActualCPUms="7" ActualScans="0" ActualLogicalReads="6912" ActualPhysicalReads="0" ActualReadAheads="0" ActualLobLogicalReads="0" ActualLobPhysicalReads="0" ActualLobReadAheads="0" ActualRowsRead="3456" ActualEndOfScans="0" ActualExecutions="3456" ActualExecutionMode="Row"></RunTimeCountersPerThread><RunTimeCountersPerThread Thread="6" ActualRows="7383" Batches="0" ActualElapsedms="10" ActualCPUms="10" ActualScans="0" ActualLogicalReads="14766" ActualPhysicalReads="0" ActualReadAheads="0" ActualLobLogicalReads="0" ActualLobPhysicalReads="0" ActualLobReadAheads="0" ActualRowsRead="7383" ActualEndOfScans="0" ActualExecutions="7383" ActualExecutionMode="Row"></RunTimeCountersPerThread><RunTimeCountersPerThread Thread="5" ActualRows="7379" Batches="0" ActualElapsedms="12" ActualCPUms="12" ActualScans="0" ActualLogicalReads="14758" ActualPhysicalReads="0" ActualReadAheads="0" ActualLobLogicalReads="0" ActualLobPhysicalReads="0" ActualLobReadAheads="0" ActualRowsRead="7379" ActualEndOfScans="0" ActualExecutions="7379" ActualExecutionMode="Row"></RunTimeCountersPerThread><RunTimeCountersPerThread Thread="4" ActualRows="6874" Batches="0" ActualElapsedms="10" ActualCPUms="10" ActualScans="0" ActualLogicalReads="13748" ActualPhysicalReads="0" ActualReadAheads="0" ActualLobLogicalReads="0" ActualLobPhysicalReads="0" ActualLobReadAheads="0" ActualRowsRead="6874" ActualEndOfScans="0" ActualExecutions="6874" ActualExecutionMode="Row"></RunTimeCountersPerThread><RunTimeCountersPerThread Thread="3" ActualRows="7281" Batches="0" ActualElapsedms="9" ActualCPUms="9" ActualScans="0" ActualLogicalReads="14562" ActualPhysicalReads="0" ActualReadAheads="0" ActualLobLogicalReads="0" ActualLobPhysicalReads="0" ActualLobReadAheads="0" ActualRowsRead="7281" ActualEndOfScans="0" ActualExecutions="7281" ActualExecutionMode="Row"></RunTimeCountersPerThread><RunTimeCountersPerThread Thread="2" ActualRows="4841" Batches="0" ActualElapsedms="8" ActualCPUms="8" ActualScans="0" ActualLogicalReads="9682" ActualPhysicalReads="0" ActualReadAheads="0" ActualLobLogicalReads="0" ActualLobPhysicalReads="0" ActualLobReadAheads="0" ActualRowsRead="4841" ActualEndOfScans="0" ActualExecutions="4841" ActualExecutionMode="Row"></RunTimeCountersPerThread><RunTimeCountersPerThread Thread="1" ActualRows="3379" Batches="0" ActualElapsedms="5" ActualCPUms="5" ActualScans="0" ActualLogicalReads="6758" ActualPhysicalReads="0" ActualReadAheads="0" ActualLobLogicalReads="0" ActualLobPhysicalReads="0" ActualLobReadAheads="0" ActualRowsRead="3379" ActualEndOfScans="0" ActualExecutions="3379" ActualExecutionMode="Row"></RunTimeCountersPerThread><RunTimeCountersPerThread Thread="0" ActualRows="0" Batches="0" ActualElapsedms="0" ActualCPUms="0" ActualScans="0" ActualLogicalReads="0" ActualPhysicalReads="0" ActualReadAheads="0" ActualLobLogicalReads="0" ActualLobPhysicalReads="0" ActualLobReadAheads="0" ActualEndOfScans="0" ActualExecutions="0" ActualExecutionMode="Row"></RunTimeCountersPerThread></RunTimeInformation><IndexScan Ordered="1" ScanDirection="FORWARD" ForcedIndex="0" ForceSeek="0" ForceScan="0" NoExpandHint="0" Storage="RowStore"><DefinedValues><DefinedValue><ColumnReference Database="[tpch]" Schema="[dbo]" Table="[nation]" Alias="[n]" Column="N_RegionKey"></ColumnReference></DefinedValue></DefinedValues><Object Database="[tpch]" Schema="[dbo]" Table="[nation]" Index="[PK__nation__BD377952AE350C6C]" Alias="[n]" TableReferenceId="1" IndexKind="Clustered" Storage="RowStore"></Object><SeekPredicates><SeekPredicateNew><SeekKeys><Prefix ScanType="EQ"><RangeColumns><ColumnReference Database="[tpch]" Schema="[dbo]" Table="[nation]" Alias="[n]" Column="N_NationKey"></ColumnReference></RangeColumns><RangeExpressions><ScalarOperator ScalarString="[tpch].[dbo].[customer].[C_NationKey] as [c].[C_NationKey]"><Identifier><ColumnReference Database="[tpch]" Schema="[dbo]" Table="[customer]" Alias="[c]" Column="C_NationKey"></ColumnReference></Identifier></ScalarOperator></RangeExpressions></Prefix></SeekKeys></SeekPredicateNew></SeekPredicates></IndexScan></RelOp></NestedLoops></RelOp></StreamAggregate></RelOp><Predicate><ScalarOperator ScalarString="CASE WHEN [Expr1045]&gt;(1) THEN (0) ELSE NULL END"><IF><Condition><ScalarOperator><Compare CompareOp="GT"><ScalarOperator><Identifier><ColumnReference Column="Expr1045"></ColumnReference></Identifier></ScalarOperator><ScalarOperator><Const ConstValue="(1)"></Const></ScalarOperator></Compare></ScalarOperator></Condition><Then><ScalarOperator><Const ConstValue="(0)"></Const></ScalarOperator></Then><Else><ScalarOperator><Const ConstValue="NULL"></Const></ScalarOperator></Else></IF></ScalarOperator></Predicate></Assert></RelOp><RelOp NodeId="42" PhysicalOp="Assert" LogicalOp="Assert" EstimateRows="1" EstimateIO="0" EstimateCPU="4.8e-07" AvgRowSize="11" EstimatedTotalSubtreeCost="11.2809" Parallel="1" EstimateRebinds="0" EstimateRewinds="35017.9" EstimatedExecutionMode="Row"><OutputList><ColumnReference Column="Expr1048"></ColumnReference></OutputList><RunTimeInformation><RunTimeCountersPerThread Thread="12" ActualRows="7466" Batches="0" ActualElapsedms="50" ActualCPUms="50" ActualEndOfScans="5990" ActualExecutions="7466" ActualExecutionMode="Row"></RunTimeCountersPerThread><RunTimeCountersPerThread Thread="11" ActualRows="7312" Batches="0" ActualElapsedms="52" ActualCPUms="52" ActualEndOfScans="5869" ActualExecutions="7312" ActualExecutionMode="Row"></RunTimeCountersPerThread><RunTimeCountersPerThread Thread="10" ActualRows="3486" Batches="0" ActualElapsedms="40" ActualCPUms="40" ActualEndOfScans="2777" ActualExecutions="3486" ActualExecutionMode="Row"></RunTimeCountersPerThread><RunTimeCountersPerThread Thread="9" ActualRows="6856" Batches="0" ActualElapsedms="50" ActualCPUms="50" ActualEndOfScans="5494" ActualExecutions="6856" ActualExecutionMode="Row"></RunTimeCountersPerThread><RunTimeCountersPerThread Thread="8" ActualRows="7335" Batches="0" ActualElapsedms="55" ActualCPUms="55" ActualEndOfScans="5806" ActualExecutions="7335" ActualExecutionMode="Row"></RunTimeCountersPerThread><RunTimeCountersPerThread Thread="7" ActualRows="3456" Batches="0" ActualElapsedms="43" ActualCPUms="43" ActualEndOfScans="2767" ActualExecutions="3456" ActualExecutionMode="Row"></RunTimeCountersPerThread><RunTimeCountersPerThread Thread="6" ActualRows="7383" Batches="0" ActualElapsedms="51" ActualCPUms="51" ActualEndOfScans="5918" ActualExecutions="7383" ActualExecutionMode="Row"></RunTimeCountersPerThread><RunTimeCountersPerThread Thread="5" ActualRows="7379" Batches="0" ActualElapsedms="47" ActualCPUms="47" ActualEndOfScans="5980" ActualExecutions="7379" ActualExecutionMode="Row"></RunTimeCountersPerThread><RunTimeCountersPerThread Thread="4" ActualRows="6874" Batches="0" ActualElapsedms="51" ActualCPUms="51" ActualEndOfScans="5528" ActualExecutions="6874" ActualExecutionMode="Row"></RunTimeCountersPerThread><RunTimeCountersPerThread Thread="3" ActualRows="7281" Batches="0" ActualElapsedms="42" ActualCPUms="42" ActualEndOfScans="5800" ActualExecutions="7281" ActualExecutionMode="Row"></RunTimeCountersPerThread><RunTimeCountersPerThread Thread="2" ActualRows="4841" Batches="0" ActualElapsedms="38" ActualCPUms="38" ActualEndOfScans="3825" ActualExecutions="4841" ActualExecutionMode="Row"></RunTimeCountersPerThread><RunTimeCountersPerThread Thread="1" ActualRows="3379" Batches="0" ActualElapsedms="28" ActualCPUms="28" ActualEndOfScans="2737" ActualExecutions="3379" ActualExecutionMode="Row"></RunTimeCountersPerThread><RunTimeCountersPerThread Thread="0" ActualRows="0" Batches="0" ActualElapsedms="0" ActualCPUms="0" ActualEndOfScans="0" ActualExecutions="0" ActualExecutionMode="Row"></RunTimeCountersPerThread></RunTimeInformation><Assert StartupExpression="0"><RelOp NodeId="43" PhysicalOp="Stream Aggregate" LogicalOp="Aggregate" EstimateRows="1" EstimateIO="0" EstimateCPU="1.1e-06" AvgRowSize="19" EstimatedTotalSubtreeCost="11.2641" Parallel="1" EstimateRebinds="0" EstimateRewinds="35017.9" EstimatedExecutionMode="Row"><OutputList><ColumnReference Column="Expr1047"></ColumnReference><ColumnReference Column="Expr1048"></ColumnReference></OutputList><RunTimeInformation><RunTimeCountersPerThread Thread="12" ActualRows="7466" Batches="0" ActualElapsedms="49" ActualCPUms="49" ActualEndOfScans="5990" ActualExecutions="7466" ActualExecutionMode="Row"></RunTimeCountersPerThread><RunTimeCountersPerThread Thread="11" ActualRows="7312" Batches="0" ActualElapsedms="51" ActualCPUms="51" ActualEndOfScans="5869" ActualExecutions="7312" ActualExecutionMode="Row"></RunTimeCountersPerThread><RunTimeCountersPerThread Thread="10" ActualRows="3486" Batches="0" ActualElapsedms="40" ActualCPUms="40" ActualEndOfScans="2777" ActualExecutions="3486" ActualExecutionMode="Row"></RunTimeCountersPerThread><RunTimeCountersPerThread Thread="9" ActualRows="6856" Batches="0" ActualElapsedms="49" ActualCPUms="49" ActualEndOfScans="5494" ActualExecutions="6856" ActualExecutionMode="Row"></RunTimeCountersPerThread><RunTimeCountersPerThread Thread="8" ActualRows="7335" Batches="0" ActualElapsedms="54" ActualCPUms="54" ActualEndOfScans="5806" ActualExecutions="7335" ActualExecutionMode="Row"></RunTimeCountersPerThread><RunTimeCountersPerThread Thread="7" ActualRows="3456" Batches="0" ActualElapsedms="43" ActualCPUms="43" ActualEndOfScans="2767" ActualExecutions="3456" ActualExecutionMode="Row"></RunTimeCountersPerThread><RunTimeCountersPerThread Thread="6" ActualRows="7383" Batches="0" ActualElapsedms="50" ActualCPUms="50" ActualEndOfScans="5918" ActualExecutions="7383" ActualExecutionMode="Row"></RunTimeCountersPerThread><RunTimeCountersPerThread Thread="5" ActualRows="7379" Batches="0" ActualElapsedms="46" ActualCPUms="46" ActualEndOfScans="5980" ActualExecutions="7379" ActualExecutionMode="Row"></RunTimeCountersPerThread><RunTimeCountersPerThread Thread="4" ActualRows="6874" Batches="0" ActualElapsedms="49" ActualCPUms="49" ActualEndOfScans="5528" ActualExecutions="6874" ActualExecutionMode="Row"></RunTimeCountersPerThread><RunTimeCountersPerThread Thread="3" ActualRows="7281" Batches="0" ActualElapsedms="41" ActualCPUms="41" ActualEndOfScans="5800" ActualExecutions="7281" ActualExecutionMode="Row"></RunTimeCountersPerThread><RunTimeCountersPerThread Thread="2" ActualRows="4841" Batches="0" ActualElapsedms="37" ActualCPUms="37" ActualEndOfScans="3825" ActualExecutions="4841" ActualExecutionMode="Row"></RunTimeCountersPerThread><RunTimeCountersPerThread Thread="1" ActualRows="3379" Batches="0" ActualElapsedms="27" ActualCPUms="27" ActualEndOfScans="2737" ActualExecutions="3379" ActualExecutionMode="Row"></RunTimeCountersPerThread><RunTimeCountersPerThread Thread="0" ActualRows="0" Batches="0" ActualElapsedms="0" ActualCPUms="0" ActualEndOfScans="0" ActualExecutions="0" ActualExecutionMode="Row"></RunTimeCountersPerThread></RunTimeInformation><StreamAggregate><DefinedValues><DefinedValue><ColumnReference Column="Expr1047"></ColumnReference><ScalarOperator ScalarString="Count(*)"><Aggregate AggType="countstar" Distinct="0"></Aggregate></ScalarOperator></DefinedValue><DefinedValue><ColumnReference Column="Expr1048"></ColumnReference><ScalarOperator ScalarString="ANY([tpch].[dbo].[nation].[N_RegionKey] as [n2].[N_RegionKey])"><Aggregate Distinct="0" AggType="ANY"><ScalarOperator><Identifier><ColumnReference Database="[tpch]" Schema="[dbo]" Table="[nation]" Alias="[n2]" Column="N_RegionKey"></ColumnReference></Identifier></ScalarOperator></Aggregate></ScalarOperator></DefinedValue></DefinedValues><RelOp NodeId="44" PhysicalOp="Nested Loops" LogicalOp="Inner Join" EstimateRows="1" EstimateIO="0" EstimateCPU="4.18e-06" AvgRowSize="11" EstimatedTotalSubtreeCost="11.2256" Parallel="1" EstimateRebinds="0" EstimateRewinds="35017.9" EstimatedExecutionMode="Row"><OutputList><ColumnReference Database="[tpch]" Schema="[dbo]" Table="[nation]" Alias="[n2]" Column="N_RegionKey"></ColumnReference></OutputList><RunTimeInformation><RunTimeCountersPerThread Thread="12" ActualRows="7466" Batches="0" ActualElapsedms="47" ActualCPUms="47" ActualEndOfScans="7466" ActualExecutions="7466" ActualExecutionMode="Row"></RunTimeCountersPerThread><RunTimeCountersPerThread Thread="11" ActualRows="7312" Batches="0" ActualElapsedms="49" ActualCPUms="49" ActualEndOfScans="7312" ActualExecutions="7312" ActualExecutionMode="Row"></RunTimeCountersPerThread><RunTimeCountersPerThread Thread="10" ActualRows="3486" Batches="0" ActualElapsedms="39" ActualCPUms="39" ActualEndOfScans="3486" ActualExecutions="3486" ActualExecutionMode="Row"></RunTimeCountersPerThread><RunTimeCountersPerThread Thread="9" ActualRows="6856" Batches="0" ActualElapsedms="47" ActualCPUms="47" ActualEndOfScans="6856" ActualExecutions="6856" ActualExecutionMode="Row"></RunTimeCountersPerThread><RunTimeCountersPerThread Thread="8" ActualRows="7335" Batches="0" ActualElapsedms="51" ActualCPUms="51" ActualEndOfScans="7335" ActualExecutions="7335" ActualExecutionMode="Row"></RunTimeCountersPerThread><RunTimeCountersPerThread Thread="7" ActualRows="3456" Batches="0" ActualElapsedms="41" ActualCPUms="41" ActualEndOfScans="3456" ActualExecutions="3456" ActualExecutionMode="Row"></RunTimeCountersPerThread><RunTimeCountersPerThread Thread="6" ActualRows="7383" Batches="0" ActualElapsedms="48" ActualCPUms="48" ActualEndOfScans="7383" ActualExecutions="7383" ActualExecutionMode="Row"></RunTimeCountersPerThread><RunTimeCountersPerThread Thread="5" ActualRows="7379" Batches="0" ActualElapsedms="44" ActualCPUms="44" ActualEndOfScans="7379" ActualExecutions="7379" ActualExecutionMode="Row"></RunTimeCountersPerThread><RunTimeCountersPerThread Thread="4" ActualRows="6874" Batches="0" ActualElapsedms="48" ActualCPUms="48" ActualEndOfScans="6874" ActualExecutions="6874" ActualExecutionMode="Row"></RunTimeCountersPerThread><RunTimeCountersPerThread Thread="3" ActualRows="7281" Batches="0" ActualElapsedms="39" ActualCPUms="39" ActualEndOfScans="7281" ActualExecutions="7281" ActualExecutionMode="Row"></RunTimeCountersPerThread><RunTimeCountersPerThread Thread="2" ActualRows="4841" Batches="0" ActualElapsedms="36" ActualCPUms="36" ActualEndOfScans="4841" ActualExecutions="4841" ActualExecutionMode="Row"></RunTimeCountersPerThread><RunTimeCountersPerThread Thread="1" ActualRows="3379" Batches="0" ActualElapsedms="26" ActualCPUms="26" ActualEndOfScans="3379" ActualExecutions="3379" ActualExecutionMode="Row"></RunTimeCountersPerThread><RunTimeCountersPerThread Thread="0" ActualRows="0" Batches="0" ActualElapsedms="0" ActualCPUms="0" ActualEndOfScans="0" ActualExecutions="0" ActualExecutionMode="Row"></RunTimeCountersPerThread></RunTimeInformation><NestedLoops Optimized="0"><OuterReferences><ColumnReference Database="[tpch]" Schema="[dbo]" Table="[customer]" Alias="[c2]" Column="C_NationKey"></ColumnReference></OuterReferences><RelOp NodeId="45" PhysicalOp="Clustered Index Seek" LogicalOp="Clustered Index Seek" EstimateRows="1" EstimatedRowsRead="1" EstimateIO="0.003125" EstimateCPU="0.0001581" AvgRowSize="11" EstimatedTotalSubtreeCost="5.53962" TableCardinality="150000" Parallel="1" EstimateRebinds="0" EstimateRewinds="35017.9" EstimatedExecutionMode="Row"><OutputList><ColumnReference Database="[tpch]" Schema="[dbo]" Table="[customer]" Alias="[c2]" Column="C_NationKey"></ColumnReference></OutputList><RunTimeInformation><RunTimeCountersPerThread Thread="12" ActualRows="7466" Batches="0" ActualElapsedms="31" ActualCPUms="31" ActualScans="0" ActualLogicalReads="22398" ActualPhysicalReads="0" ActualReadAheads="0" ActualLobLogicalReads="0" ActualLobPhysicalReads="0" ActualLobReadAheads="0" ActualRowsRead="7466" ActualEndOfScans="7466" ActualExecutions="7466" ActualExecutionMode="Row"></RunTimeCountersPerThread><RunTimeCountersPerThread Thread="11" ActualRows="7312" Batches="0" ActualElapsedms="34" ActualCPUms="34" ActualScans="0" ActualLogicalReads="21936" ActualPhysicalReads="0" ActualReadAheads="0" ActualLobLogicalReads="0" ActualLobPhysicalReads="0" ActualLobReadAheads="0" ActualRowsRead="7312" ActualEndOfScans="7312" ActualExecutions="7312" ActualExecutionMode="Row"></RunTimeCountersPerThread><RunTimeCountersPerThread Thread="10" ActualRows="3486" Batches="0" ActualElapsedms="28" ActualCPUms="28" ActualScans="0" ActualLogicalReads="10458" ActualPhysicalReads="0" ActualReadAheads="0" ActualLobLogicalReads="0" ActualLobPhysicalReads="0" ActualLobReadAheads="0" ActualRowsRead="3486" ActualEndOfScans="3486" ActualExecutions="3486" ActualExecutionMode="Row"></RunTimeCountersPerThread><RunTimeCountersPerThread Thread="9" ActualRows="6856" Batches="0" ActualElapsedms="33" ActualCPUms="33" ActualScans="0" ActualLogicalReads="20568" ActualPhysicalReads="0" ActualReadAheads="0" ActualLobLogicalReads="0" ActualLobPhysicalReads="0" ActualLobReadAheads="0" ActualRowsRead="6856" ActualEndOfScans="6856" ActualExecutions="6856" ActualExecutionMode="Row"></RunTimeCountersPerThread><RunTimeCountersPerThread Thread="8" ActualRows="7335" Batches="0" ActualElapsedms="35" ActualCPUms="35" ActualScans="0" ActualLogicalReads="22005" ActualPhysicalReads="0" ActualReadAheads="0" ActualLobLogicalReads="0" ActualLobPhysicalReads="0" ActualLobReadAheads="0" ActualRowsRead="7335" ActualEndOfScans="7335" ActualExecutions="7335" ActualExecutionMode="Row"></RunTimeCountersPerThread><RunTimeCountersPerThread Thread="7" ActualRows="3456" Batches="0" ActualElapsedms="30" ActualCPUms="30" ActualScans="0" ActualLogicalReads="10368" ActualPhysicalReads="0" ActualReadAheads="0" ActualLobLogicalReads="0" ActualLobPhysicalReads="0" ActualLobReadAheads="0" ActualRowsRead="3456" ActualEndOfScans="3456" ActualExecutions="3456" ActualExecutionMode="Row"></RunTimeCountersPerThread><RunTimeCountersPerThread Thread="6" ActualRows="7383" Batches="0" ActualElapsedms="33" ActualCPUms="33" ActualScans="0" ActualLogicalReads="22149" ActualPhysicalReads="0" ActualReadAheads="0" ActualLobLogicalReads="0" ActualLobPhysicalReads="0" ActualLobReadAheads="0" ActualRowsRead="7383" ActualEndOfScans="7383" ActualExecutions="7383" ActualExecutionMode="Row"></RunTimeCountersPerThread><RunTimeCountersPerThread Thread="5" ActualRows="7379" Batches="0" ActualElapsedms="27" ActualCPUms="27" ActualScans="0" ActualLogicalReads="22137" ActualPhysicalReads="0" ActualReadAheads="0" ActualLobLogicalReads="0" ActualLobPhysicalReads="0" ActualLobReadAheads="0" ActualRowsRead="7379" ActualEndOfScans="7379" ActualExecutions="7379" ActualExecutionMode="Row"></RunTimeCountersPerThread><RunTimeCountersPerThread Thread="4" ActualRows="6874" Batches="0" ActualElapsedms="33" ActualCPUms="33" ActualScans="0" ActualLogicalReads="20622" ActualPhysicalReads="0" ActualReadAheads="0" ActualLobLogicalReads="0" ActualLobPhysicalReads="0" ActualLobReadAheads="0" ActualRowsRead="6874" ActualEndOfScans="6874" ActualExecutions="6874" ActualExecutionMode="Row"></RunTimeCountersPerThread><RunTimeCountersPerThread Thread="3" ActualRows="7281" Batches="0" ActualElapsedms="25" ActualCPUms="25" ActualScans="0" ActualLogicalReads="21843" ActualPhysicalReads="0" ActualReadAheads="0" ActualLobLogicalReads="0" ActualLobPhysicalReads="0" ActualLobReadAheads="0" ActualRowsRead="7281" ActualEndOfScans="7281" ActualExecutions="7281" ActualExecutionMode="Row"></RunTimeCountersPerThread><RunTimeCountersPerThread Thread="2" ActualRows="4841" Batches="0" ActualElapsedms="24" ActualCPUms="24" ActualScans="0" ActualLogicalReads="14523" ActualPhysicalReads="0" ActualReadAheads="0" ActualLobLogicalReads="0" ActualLobPhysicalReads="0" ActualLobReadAheads="0" ActualRowsRead="4841" ActualEndOfScans="4841" ActualExecutions="4841" ActualExecutionMode="Row"></RunTimeCountersPerThread><RunTimeCountersPerThread Thread="1" ActualRows="3379" Batches="0" ActualElapsedms="18" ActualCPUms="18" ActualScans="0" ActualLogicalReads="10137" ActualPhysicalReads="0" ActualReadAheads="0" ActualLobLogicalReads="0" ActualLobPhysicalReads="0" ActualLobReadAheads="0" ActualRowsRead="3379" ActualEndOfScans="3379" ActualExecutions="3379" ActualExecutionMode="Row"></RunTimeCountersPerThread><RunTimeCountersPerThread Thread="0" ActualRows="0" Batches="0" ActualElapsedms="0" ActualCPUms="0" ActualScans="0" ActualLogicalReads="0" ActualPhysicalReads="0" ActualReadAheads="0" ActualLobLogicalReads="0" ActualLobPhysicalReads="0" ActualLobReadAheads="0" ActualEndOfScans="0" ActualExecutions="0" ActualExecutionMode="Row"></RunTimeCountersPerThread></RunTimeInformation><IndexScan Ordered="1" ScanDirection="FORWARD" ForcedIndex="0" ForceSeek="0" ForceScan="0" NoExpandHint="0" Storage="RowStore"><DefinedValues><DefinedValue><ColumnReference Database="[tpch]" Schema="[dbo]" Table="[customer]" Alias="[c2]" Column="C_NationKey"></ColumnReference></DefinedValue></DefinedValues><Object Database="[tpch]" Schema="[dbo]" Table="[customer]" Index="[PK__customer__48695B7174053BCB]" Alias="[c2]" TableReferenceId="1" IndexKind="Clustered" Storage="RowStore"></Object><SeekPredicates><SeekPredicateNew><SeekKeys><Prefix ScanType="EQ"><RangeColumns><ColumnReference Database="[tpch]" Schema="[dbo]" Table="[customer]" Alias="[c2]" Column="C_CustKey"></ColumnReference></RangeColumns><RangeExpressions><ScalarOperator ScalarString="(1111)"><Const ConstValue="(1111)"></Const></ScalarOperator></RangeExpressions></Prefix></SeekKeys></SeekPredicateNew></SeekPredicates></IndexScan></RelOp><RelOp NodeId="46" PhysicalOp="Clustered Index Seek" LogicalOp="Clustered Index Seek" EstimateRows="1" EstimatedRowsRead="1" EstimateIO="0.003125" EstimateCPU="0.0001581" AvgRowSize="11" EstimatedTotalSubtreeCost="5.53962" TableCardinality="25" Parallel="1" EstimateRebinds="0" EstimateRewinds="35017.9" EstimatedExecutionMode="Row"><OutputList><ColumnReference Database="[tpch]" Schema="[dbo]" Table="[nation]" Alias="[n2]" Column="N_RegionKey"></ColumnReference></OutputList><RunTimeInformation><RunTimeCountersPerThread Thread="12" ActualRows="7466" Batches="0" ActualElapsedms="10" ActualCPUms="10" ActualScans="0" ActualLogicalReads="14932" ActualPhysicalReads="0" ActualReadAheads="0" ActualLobLogicalReads="0" ActualLobPhysicalReads="0" ActualLobReadAheads="0" ActualRowsRead="7466" ActualEndOfScans="0" ActualExecutions="7466" ActualExecutionMode="Row"></RunTimeCountersPerThread><RunTimeCountersPerThread Thread="11" ActualRows="7312" Batches="0" ActualElapsedms="10" ActualCPUms="10" ActualScans="0" ActualLogicalReads="14624" ActualPhysicalReads="0" ActualReadAheads="0" ActualLobLogicalReads="0" ActualLobPhysicalReads="0" ActualLobReadAheads="0" ActualRowsRead="7312" ActualEndOfScans="0" ActualExecutions="7312" ActualExecutionMode="Row"></RunTimeCountersPerThread><RunTimeCountersPerThread Thread="10" ActualRows="3486" Batches="0" ActualElapsedms="5" ActualCPUms="5" ActualScans="0" ActualLogicalReads="6972" ActualPhysicalReads="0" ActualReadAheads="0" ActualLobLogicalReads="0" ActualLobPhysicalReads="0" ActualLobReadAheads="0" ActualRowsRead="3486" ActualEndOfScans="0" ActualExecutions="3486" ActualExecutionMode="Row"></RunTimeCountersPerThread><RunTimeCountersPerThread Thread="9" ActualRows="6856" Batches="0" ActualElapsedms="9" ActualCPUms="9" ActualScans="0" ActualLogicalReads="13712" ActualPhysicalReads="0" ActualReadAheads="0" ActualLobLogicalReads="0" ActualLobPhysicalReads="0" ActualLobReadAheads="0" ActualRowsRead="6856" ActualEndOfScans="0" ActualExecutions="6856" ActualExecutionMode="Row"></RunTimeCountersPerThread><RunTimeCountersPerThread Thread="8" ActualRows="7335" Batches="0" ActualElapsedms="11" ActualCPUms="11" ActualScans="0" ActualLogicalReads="14670" ActualPhysicalReads="0" ActualReadAheads="0" ActualLobLogicalReads="0" ActualLobPhysicalReads="0" ActualLobReadAheads="0" ActualRowsRead="7335" ActualEndOfScans="0" ActualExecutions="7335" ActualExecutionMode="Row"></RunTimeCountersPerThread><RunTimeCountersPerThread Thread="7" ActualRows="3456" Batches="0" ActualElapsedms="6" ActualCPUms="6" ActualScans="0" ActualLogicalReads="6912" ActualPhysicalReads="0" ActualReadAheads="0" ActualLobLogicalReads="0" ActualLobPhysicalReads="0" ActualLobReadAheads="0" ActualRowsRead="3456" ActualEndOfScans="0" ActualExecutions="3456" ActualExecutionMode="Row"></RunTimeCountersPerThread><RunTimeCountersPerThread Thread="6" ActualRows="7383" Batches="0" ActualElapsedms="9" ActualCPUms="9" ActualScans="0" ActualLogicalReads="14766" ActualPhysicalReads="0" ActualReadAheads="0" ActualLobLogicalReads="0" ActualLobPhysicalReads="0" ActualLobReadAheads="0" ActualRowsRead="7383" ActualEndOfScans="0" ActualExecutions="7383" ActualExecutionMode="Row"></RunTimeCountersPerThread><RunTimeCountersPerThread Thread="5" ActualRows="7379" Batches="0" ActualElapsedms="11" ActualCPUms="11" ActualScans="0" ActualLogicalReads="14758" ActualPhysicalReads="0" ActualReadAheads="0" ActualLobLogicalReads="0" ActualLobPhysicalReads="0" ActualLobReadAheads="0" ActualRowsRead="7379" ActualEndOfScans="0" ActualExecutions="7379" ActualExecutionMode="Row"></RunTimeCountersPerThread><RunTimeCountersPerThread Thread="4" ActualRows="6874" Batches="0" ActualElapsedms="9" ActualCPUms="9" ActualScans="0" ActualLogicalReads="13748" ActualPhysicalReads="0" ActualReadAheads="0" ActualLobLogicalReads="0" ActualLobPhysicalReads="0" ActualLobReadAheads="0" ActualRowsRead="6874" ActualEndOfScans="0" ActualExecutions="6874" ActualExecutionMode="Row"></RunTimeCountersPerThread><RunTimeCountersPerThread Thread="3" ActualRows="7281" Batches="0" ActualElapsedms="9" ActualCPUms="9" ActualScans="0" ActualLogicalReads="14562" ActualPhysicalReads="0" ActualReadAheads="0" ActualLobLogicalReads="0" ActualLobPhysicalReads="0" ActualLobReadAheads="0" ActualRowsRead="7281" ActualEndOfScans="0" ActualExecutions="7281" ActualExecutionMode="Row"></RunTimeCountersPerThread><RunTimeCountersPerThread Thread="2" ActualRows="4841" Batches="0" ActualElapsedms="7" ActualCPUms="7" ActualScans="0" ActualLogicalReads="9682" ActualPhysicalReads="0" ActualReadAheads="0" ActualLobLogicalReads="0" ActualLobPhysicalReads="0" ActualLobReadAheads="0" ActualRowsRead="4841" ActualEndOfScans="0" ActualExecutions="4841" ActualExecutionMode="Row"></RunTimeCountersPerThread><RunTimeCountersPerThread Thread="1" ActualRows="3379" Batches="0" ActualElapsedms="5" ActualCPUms="5" ActualScans="0" ActualLogicalReads="6758" ActualPhysicalReads="0" ActualReadAheads="0" ActualLobLogicalReads="0" ActualLobPhysicalReads="0" ActualLobReadAheads="0" ActualRowsRead="3379" ActualEndOfScans="0" ActualExecutions="3379" ActualExecutionMode="Row"></RunTimeCountersPerThread><RunTimeCountersPerThread Thread="0" ActualRows="0" Batches="0" ActualElapsedms="0" ActualCPUms="0" ActualScans="0" ActualLogicalReads="0" ActualPhysicalReads="0" ActualReadAheads="0" ActualLobLogicalReads="0" ActualLobPhysicalReads="0" ActualLobReadAheads="0" ActualEndOfScans="0" ActualExecutions="0" ActualExecutionMode="Row"></RunTimeCountersPerThread></RunTimeInformation><IndexScan Ordered="1" ScanDirection="FORWARD" ForcedIndex="0" ForceSeek="0" ForceScan="0" NoExpandHint="0" Storage="RowStore"><DefinedValues><DefinedValue><ColumnReference Database="[tpch]" Schema="[dbo]" Table="[nation]" Alias="[n2]" Column="N_RegionKey"></ColumnReference></DefinedValue></DefinedValues><Object Database="[tpch]" Schema="[dbo]" Table="[nation]" Index="[PK__nation__BD377952AE350C6C]" Alias="[n2]" TableReferenceId="1" IndexKind="Clustered" Storage="RowStore"></Object><SeekPredicates><SeekPredicateNew><SeekKeys><Prefix ScanType="EQ"><RangeColumns><ColumnReference Database="[tpch]" Schema="[dbo]" Table="[nation]" Alias="[n2]" Column="N_NationKey"></ColumnReference></RangeColumns><RangeExpressions><ScalarOperator ScalarString="[tpch].[dbo].[customer].[C_NationKey] as [c2].[C_NationKey]"><Identifier><ColumnReference Database="[tpch]" Schema="[dbo]" Table="[customer]" Alias="[c2]" Column="C_NationKey"></ColumnReference></Identifier></ScalarOperator></RangeExpressions></Prefix></SeekKeys></SeekPredicateNew></SeekPredicates></IndexScan></RelOp></NestedLoops></RelOp></StreamAggregate></RelOp><Predicate><ScalarOperator ScalarString="CASE WHEN [Expr1047]&gt;(1) THEN (0) ELSE NULL END"><IF><Condition><ScalarOperator><Compare CompareOp="GT"><ScalarOperator><Identifier><ColumnReference Column="Expr1047"></ColumnReference></Identifier></ScalarOperator><ScalarOperator><Const ConstValue="(1)"></Const></ScalarOperator></Compare></ScalarOperator></Condition><Then><ScalarOperator><Const ConstValue="(0)"></Const></ScalarOperator></Then><Else><ScalarOperator><Const ConstValue="NULL"></Const></ScalarOperator></Else></IF></ScalarOperator></Predicate></Assert></RelOp></NestedLoops></RelOp><RelOp NodeId="47" PhysicalOp="Filter" LogicalOp="Filter" EstimateRows="1" EstimateIO="0" EstimateCPU="8.8e-07" AvgRowSize="9" EstimatedTotalSubtreeCost="18.6524" Parallel="1" EstimateRebinds="35017.9" EstimateRewinds="0" EstimatedExecutionMode="Row"><OutputList></OutputList><RunTimeInformation><RunTimeCountersPerThread Thread="12" ActualRows="0" Batches="0" ActualElapsedms="18" ActualCPUms="18" ActualEndOfScans="1476" ActualExecutions="1476" ActualExecutionMode="Row"></RunTimeCountersPerThread><RunTimeCountersPerThread Thread="11" ActualRows="1" Batches="0" ActualElapsedms="19" ActualCPUms="19" ActualEndOfScans="1442" ActualExecutions="1443" ActualExecutionMode="Row"></RunTimeCountersPerThread><RunTimeCountersPerThread Thread="10" ActualRows="0" Batches="0" ActualElapsedms="8" ActualCPUms="8" ActualEndOfScans="709" ActualExecutions="709" ActualExecutionMode="Row"></RunTimeCountersPerThread><RunTimeCountersPerThread Thread="9" ActualRows="0" Batches="0" ActualElapsedms="16" ActualCPUms="16" ActualEndOfScans="1362" ActualExecutions="1362" ActualExecutionMode="Row"></RunTimeCountersPerThread><RunTimeCountersPerThread Thread="8" ActualRows="0" Batches="0" ActualElapsedms="21" ActualCPUms="21" ActualEndOfScans="1529" ActualExecutions="1529" ActualExecutionMode="Row"></RunTimeCountersPerThread><RunTimeCountersPerThread Thread="7" ActualRows="0" Batches="0" ActualElapsedms="9" ActualCPUms="9" ActualEndOfScans="689" ActualExecutions="689" ActualExecutionMode="Row"></RunTimeCountersPerThread><RunTimeCountersPerThread Thread="6" ActualRows="0" Batches="0" ActualElapsedms="16" ActualCPUms="16" ActualEndOfScans="1465" ActualExecutions="1465" ActualExecutionMode="Row"></RunTimeCountersPerThread><RunTimeCountersPerThread Thread="5" ActualRows="0" Batches="0" ActualElapsedms="19" ActualCPUms="19" ActualEndOfScans="1399" ActualExecutions="1399" ActualExecutionMode="Row"></RunTimeCountersPerThread><RunTimeCountersPerThread Thread="4" ActualRows="0" Batches="0" ActualElapsedms="16" ActualCPUms="16" ActualEndOfScans="1346" ActualExecutions="1346" ActualExecutionMode="Row"></RunTimeCountersPerThread><RunTimeCountersPerThread Thread="3" ActualRows="0" Batches="0" ActualElapsedms="15" ActualCPUms="15" ActualEndOfScans="1481" ActualExecutions="1481" ActualExecutionMode="Row"></RunTimeCountersPerThread><RunTimeCountersPerThread Thread="2" ActualRows="0" Batches="0" ActualElapsedms="14" ActualCPUms="14" ActualEndOfScans="1016" ActualExecutions="1016" ActualExecutionMode="Row"></RunTimeCountersPerThread><RunTimeCountersPerThread Thread="1" ActualRows="0" Batches="0" ActualElapsedms="9" ActualCPUms="9" ActualEndOfScans="642" ActualExecutions="642" ActualExecutionMode="Row"></RunTimeCountersPerThread><RunTimeCountersPerThread Thread="0" ActualRows="0" Batches="0" ActualElapsedms="0" ActualCPUms="0" ActualEndOfScans="0" ActualExecutions="0" ActualExecutionMode="Row"></RunTimeCountersPerThread></RunTimeInformation><Filter StartupExpression="0"><RelOp NodeId="48" PhysicalOp="Compute Scalar" LogicalOp="Compute Scalar" EstimateRows="1" EstimateIO="0" EstimateCPU="0" AvgRowSize="11" EstimatedTotalSubtreeCost="18.6524" Parallel="1" EstimateRebinds="35017.9" EstimateRewinds="0" EstimatedExecutionMode="Row"><OutputList><ColumnReference Column="Expr1003"></ColumnReference></OutputList><ComputeScalar><DefinedValues><DefinedValue><ColumnReference Column="Expr1003"></ColumnReference><ScalarOperator ScalarString="CASE WHEN [Expr1248]=(0) THEN NULL ELSE [Expr1249] END"><IF><Condition><ScalarOperator><Compare CompareOp="EQ"><ScalarOperator><Identifier><ColumnReference Column="Expr1248"></ColumnReference></Identifier></ScalarOperator><ScalarOperator><Const ConstValue="(0)"></Const></ScalarOperator></Compare></ScalarOperator></Condition><Then><ScalarOperator><Const ConstValue="NULL"></Const></ScalarOperator></Then><Else><ScalarOperator><Identifier><ColumnReference Column="Expr1249"></ColumnReference></Identifier></ScalarOperator></Else></IF></ScalarOperator></DefinedValue></DefinedValues><RelOp NodeId="49" PhysicalOp="Stream Aggregate" LogicalOp="Aggregate" EstimateRows="1" EstimateIO="0" EstimateCPU="1.85036e-05" AvgRowSize="11" EstimatedTotalSubtreeCost="18.6524" Parallel="1" EstimateRebinds="35017.9" EstimateRewinds="0" EstimatedExecutionMode="Row"><OutputList><ColumnReference Column="Expr1248"></ColumnReference><ColumnReference Column="Expr1249"></ColumnReference></OutputList><RunTimeInformation><RunTimeCountersPerThread Thread="12" ActualRows="1476" Batches="0" ActualElapsedms="17" ActualCPUms="17" ActualEndOfScans="1476" ActualExecutions="1476" ActualExecutionMode="Row"></RunTimeCountersPerThread><RunTimeCountersPerThread Thread="11" ActualRows="1443" Batches="0" ActualElapsedms="18" ActualCPUms="18" ActualEndOfScans="1442" ActualExecutions="1443" ActualExecutionMode="Row"></RunTimeCountersPerThread><RunTimeCountersPerThread Thread="10" ActualRows="709" Batches="0" ActualElapsedms="7" ActualCPUms="7" ActualEndOfScans="709" ActualExecutions="709" ActualExecutionMode="Row"></RunTimeCountersPerThread><RunTimeCountersPerThread Thread="9" ActualRows="1362" Batches="0" ActualElapsedms="15" ActualCPUms="15" ActualEndOfScans="1362" ActualExecutions="1362" ActualExecutionMode="Row"></RunTimeCountersPerThread><RunTimeCountersPerThread Thread="8" ActualRows="1529" Batches="0" ActualElapsedms="20" ActualCPUms="20" ActualEndOfScans="1529" ActualExecutions="1529" ActualExecutionMode="Row"></RunTimeCountersPerThread><RunTimeCountersPerThread Thread="7" ActualRows="689" Batches="0" ActualElapsedms="9" ActualCPUms="9" ActualEndOfScans="689" ActualExecutions="689" ActualExecutionMode="Row"></RunTimeCountersPerThread><RunTimeCountersPerThread Thread="6" ActualRows="1465" Batches="0" ActualElapsedms="15" ActualCPUms="15" ActualEndOfScans="1465" ActualExecutions="1465" ActualExecutionMode="Row"></RunTimeCountersPerThread><RunTimeCountersPerThread Thread="5" ActualRows="1399" Batches="0" ActualElapsedms="19" ActualCPUms="19" ActualEndOfScans="1399" ActualExecutions="1399" ActualExecutionMode="Row"></RunTimeCountersPerThread><RunTimeCountersPerThread Thread="4" ActualRows="1346" Batches="0" ActualElapsedms="15" ActualCPUms="15" ActualEndOfScans="1346" ActualExecutions="1346" ActualExecutionMode="Row"></RunTimeCountersPerThread><RunTimeCountersPerThread Thread="3" ActualRows="1481" Batches="0" ActualElapsedms="14" ActualCPUms="14" ActualEndOfScans="1481" ActualExecutions="1481" ActualExecutionMode="Row"></RunTimeCountersPerThread><RunTimeCountersPerThread Thread="2" ActualRows="1016" Batches="0" ActualElapsedms="13" ActualCPUms="13" ActualEndOfScans="1016" ActualExecutions="1016" ActualExecutionMode="Row"></RunTimeCountersPerThread><RunTimeCountersPerThread Thread="1" ActualRows="642" Batches="0" ActualElapsedms="8" ActualCPUms="8" ActualEndOfScans="642" ActualExecutions="642" ActualExecutionMode="Row"></RunTimeCountersPerThread><RunTimeCountersPerThread Thread="0" ActualRows="0" Batches="0" ActualElapsedms="0" ActualCPUms="0" ActualEndOfScans="0" ActualExecutions="0" ActualExecutionMode="Row"></RunTimeCountersPerThread></RunTimeInformation><StreamAggregate><DefinedValues><DefinedValue><ColumnReference Column="Expr1248"></ColumnReference><ScalarOperator ScalarString="COUNT_BIG([tpch].[dbo].[lineitem].[L_Quantity] as [l2].[L_Quantity])"><Aggregate Distinct="0" AggType="COUNT_BIG"><ScalarOperator><Identifier><ColumnReference Database="[tpch]" Schema="[dbo]" Table="[lineitem]" Alias="[l2]" Column="L_Quantity"></ColumnReference></Identifier></ScalarOperator></Aggregate></ScalarOperator></DefinedValue><DefinedValue><ColumnReference Column="Expr1249"></ColumnReference><ScalarOperator ScalarString="SUM([tpch].[dbo].[lineitem].[L_Quantity] as [l2].[L_Quantity])"><Aggregate Distinct="0" AggType="SUM"><ScalarOperator><Identifier><ColumnReference Database="[tpch]" Schema="[dbo]" Table="[lineitem]" Alias="[l2]" Column="L_Quantity"></ColumnReference></Identifier></ScalarOperator></Aggregate></ScalarOperator></DefinedValue></DefinedValues><RelOp NodeId="50" PhysicalOp="Index Seek" LogicalOp="Index Seek" EstimateRows="30.0061" EstimatedRowsRead="30.0061" EstimateIO="0.003125" EstimateCPU="0.000190007" AvgRowSize="11" EstimatedTotalSubtreeCost="18.6524" TableCardinality="6.00122e+06" Parallel="1" EstimateRebinds="35017.9" EstimateRewinds="0" EstimatedExecutionMode="Row"><OutputList><ColumnReference Database="[tpch]" Schema="[dbo]" Table="[lineitem]" Alias="[l2]" Column="L_Quantity"></ColumnReference></OutputList><RunTimeInformation><RunTimeCountersPerThread Thread="12" ActualRows="45730" Batches="0" ActualElapsedms="14" ActualCPUms="14" ActualScans="1476" ActualLogicalReads="8189" ActualPhysicalReads="0" ActualReadAheads="0" ActualLobLogicalReads="0" ActualLobPhysicalReads="0" ActualLobReadAheads="0" ActualRowsRead="45730" ActualEndOfScans="1476" ActualExecutions="1476" ActualExecutionMode="Row"></RunTimeCountersPerThread><RunTimeCountersPerThread Thread="11" ActualRows="44741" Batches="0" ActualElapsedms="15" ActualCPUms="15" ActualScans="1443" ActualLogicalReads="7976" ActualPhysicalReads="0" ActualReadAheads="0" ActualLobLogicalReads="0" ActualLobPhysicalReads="0" ActualLobReadAheads="0" ActualRowsRead="44741" ActualEndOfScans="1443" ActualExecutions="1443" ActualExecutionMode="Row"></RunTimeCountersPerThread><RunTimeCountersPerThread Thread="10" ActualRows="22125" Batches="0" ActualElapsedms="6" ActualCPUms="6" ActualScans="709" ActualLogicalReads="3920" ActualPhysicalReads="0" ActualReadAheads="0" ActualLobLogicalReads="0" ActualLobPhysicalReads="0" ActualLobReadAheads="0" ActualRowsRead="22125" ActualEndOfScans="709" ActualExecutions="709" ActualExecutionMode="Row"></RunTimeCountersPerThread><RunTimeCountersPerThread Thread="9" ActualRows="42278" Batches="0" ActualElapsedms="12" ActualCPUms="12" ActualScans="1362" ActualLogicalReads="7540" ActualPhysicalReads="0" ActualReadAheads="0" ActualLobLogicalReads="0" ActualLobPhysicalReads="0" ActualLobReadAheads="0" ActualRowsRead="42278" ActualEndOfScans="1362" ActualExecutions="1362" ActualExecutionMode="Row"></RunTimeCountersPerThread><RunTimeCountersPerThread Thread="8" ActualRows="47250" Batches="0" ActualElapsedms="16" ActualCPUms="16" ActualScans="1529" ActualLogicalReads="8488" ActualPhysicalReads="0" ActualReadAheads="0" ActualLobLogicalReads="0" ActualLobPhysicalReads="0" ActualLobReadAheads="0" ActualRowsRead="47250" ActualEndOfScans="1529" ActualExecutions="1529" ActualExecutionMode="Row"></RunTimeCountersPerThread><RunTimeCountersPerThread Thread="7" ActualRows="21281" Batches="0" ActualElapsedms="7" ActualCPUms="7" ActualScans="689" ActualLogicalReads="3829" ActualPhysicalReads="0" ActualReadAheads="0" ActualLobLogicalReads="0" ActualLobPhysicalReads="0" ActualLobReadAheads="0" ActualRowsRead="21281" ActualEndOfScans="689" ActualExecutions="689" ActualExecutionMode="Row"></RunTimeCountersPerThread><RunTimeCountersPerThread Thread="6" ActualRows="45247" Batches="0" ActualElapsedms="13" ActualCPUms="13" ActualScans="1465" ActualLogicalReads="8144" ActualPhysicalReads="0" ActualReadAheads="0" ActualLobLogicalReads="0" ActualLobPhysicalReads="0" ActualLobReadAheads="0" ActualRowsRead="45247" ActualEndOfScans="1465" ActualExecutions="1465" ActualExecutionMode="Row"></RunTimeCountersPerThread><RunTimeCountersPerThread Thread="5" ActualRows="43608" Batches="0" ActualElapsedms="15" ActualCPUms="15" ActualScans="1399" ActualLogicalReads="7765" ActualPhysicalReads="0" ActualReadAheads="0" ActualLobLogicalReads="0" ActualLobPhysicalReads="0" ActualLobReadAheads="0" ActualRowsRead="43608" ActualEndOfScans="1399" ActualExecutions="1399" ActualExecutionMode="Row"></RunTimeCountersPerThread><RunTimeCountersPerThread Thread="4" ActualRows="41494" Batches="0" ActualElapsedms="12" ActualCPUms="12" ActualScans="1346" ActualLogicalReads="7466" ActualPhysicalReads="0" ActualReadAheads="0" ActualLobLogicalReads="0" ActualLobPhysicalReads="0" ActualLobReadAheads="0" ActualRowsRead="41494" ActualEndOfScans="1346" ActualExecutions="1346" ActualExecutionMode="Row"></RunTimeCountersPerThread><RunTimeCountersPerThread Thread="3" ActualRows="46296" Batches="0" ActualElapsedms="12" ActualCPUms="12" ActualScans="1481" ActualLogicalReads="8250" ActualPhysicalReads="0" ActualReadAheads="0" ActualLobLogicalReads="0" ActualLobPhysicalReads="0" ActualLobReadAheads="0" ActualRowsRead="46296" ActualEndOfScans="1481" ActualExecutions="1481" ActualExecutionMode="Row"></RunTimeCountersPerThread><RunTimeCountersPerThread Thread="2" ActualRows="31871" Batches="0" ActualElapsedms="11" ActualCPUms="11" ActualScans="1016" ActualLogicalReads="5625" ActualPhysicalReads="0" ActualReadAheads="0" ActualLobLogicalReads="0" ActualLobPhysicalReads="0" ActualLobReadAheads="0" ActualRowsRead="31871" ActualEndOfScans="1016" ActualExecutions="1016" ActualExecutionMode="Row"></RunTimeCountersPerThread><RunTimeCountersPerThread Thread="1" ActualRows="20144" Batches="0" ActualElapsedms="7" ActualCPUms="7" ActualScans="642" ActualLogicalReads="3544" ActualPhysicalReads="0" ActualReadAheads="0" ActualLobLogicalReads="0" ActualLobPhysicalReads="0" ActualLobReadAheads="0" ActualRowsRead="20144" ActualEndOfScans="642" ActualExecutions="642" ActualExecutionMode="Row"></RunTimeCountersPerThread><RunTimeCountersPerThread Thread="0" ActualRows="0" Batches="0" ActualElapsedms="0" ActualCPUms="0" ActualScans="0" ActualLogicalReads="0" ActualPhysicalReads="0" ActualReadAheads="0" ActualLobLogicalReads="0" ActualLobPhysicalReads="0" ActualLobReadAheads="0" ActualEndOfScans="0" ActualExecutions="0" ActualExecutionMode="Row"></RunTimeCountersPerThread></RunTimeInformation><IndexScan Ordered="1" ScanDirection="FORWARD" ForcedIndex="0" ForceSeek="0" ForceScan="0" NoExpandHint="0" Storage="RowStore"><DefinedValues><DefinedValue><ColumnReference Database="[tpch]" Schema="[dbo]" Table="[lineitem]" Alias="[l2]" Column="L_Quantity"></ColumnReference></DefinedValue></DefinedValues><Object Database="[tpch]" Schema="[dbo]" Table="[lineitem]" Index="[p16_idx]" Alias="[l2]" TableReferenceId="1" IndexKind="NonClustered" Storage="RowStore"></Object><SeekPredicates><SeekPredicateNew><SeekKeys><Prefix ScanType="EQ"><RangeColumns><ColumnReference Database="[tpch]" Schema="[dbo]" Table="[lineitem]" Alias="[l2]" Column="L_PartKey"></ColumnReference></RangeColumns><RangeExpressions><ScalarOperator ScalarString="CONVERT_IMPLICIT(bigint,[tpch].[dbo].[lineitem].[L_PartKey] as [l1].[L_PartKey],0)"><Convert DataType="bigint" Style="0" Implicit="1"><ScalarOperator><Identifier><ColumnReference Database="[tpch]" Schema="[dbo]" Table="[lineitem]" Alias="[l1]" Column="L_PartKey"></ColumnReference></Identifier></ScalarOperator></Convert></ScalarOperator></RangeExpressions></Prefix></SeekKeys></SeekPredicateNew></SeekPredicates></IndexScan></RelOp></StreamAggregate></RelOp></ComputeScalar></RelOp><Predicate><ScalarOperator ScalarString="CONVERT_IMPLICIT(numeric(12,1),[tpch].[dbo].[lineitem].[L_Quantity] as [l1].[L_Quantity],0)&gt;=(0.2)*CONVERT_IMPLICIT(numeric(10,0),[Expr1003],0)"><Compare CompareOp="GE"><ScalarOperator><Convert DataType="numeric" Precision="12" Scale="1" Style="0" Implicit="1"><ScalarOperator><Identifier><ColumnReference Database="[tpch]" Schema="[dbo]" Table="[lineitem]" Alias="[l1]" Column="L_Quantity"></ColumnReference></Identifier></ScalarOperator></Convert></ScalarOperator><ScalarOperator><Arithmetic Operation="MULT"><ScalarOperator><Const ConstValue="(0.2)"></Const></ScalarOperator><ScalarOperator><Convert DataType="numeric" Precision="10" Scale="0" Style="0" Implicit="1"><ScalarOperator><Identifier><ColumnReference Column="Expr1003"></ColumnReference></Identifier></ScalarOperator></Convert></ScalarOperator></Arithmetic></ScalarOperator></Compare></ScalarOperator></Predicate></Filter></RelOp></NestedLoops></RelOp></Concat></RelOp></NestedLoops></RelOp><RelOp NodeId="51" PhysicalOp="Nested Loops" LogicalOp="Left Semi Join" EstimateRows="1" EstimateRowsWithoutRowGoal="3.7955" EstimateIO="0" EstimateCPU="1.58652e-05" AvgRowSize="9" EstimatedTotalSubtreeCost="7.57392" Parallel="1" EstimateRebinds="35002.8" EstimateRewinds="15.1179" EstimatedExecutionMode="Row"><OutputList></OutputList><RunTimeInformation><RunTimeCountersPerThread Thread="12" ActualRows="0" Batches="0" ActualElapsedms="0" ActualCPUms="0" ActualEndOfScans="0" ActualExecutions="0" ActualExecutionMode="Row"></RunTimeCountersPerThread><RunTimeCountersPerThread Thread="11" ActualRows="0" Batches="0" ActualElapsedms="0" ActualCPUms="0" ActualEndOfScans="1" ActualExecutions="1" ActualExecutionMode="Row"></RunTimeCountersPerThread><RunTimeCountersPerThread Thread="10" ActualRows="0" Batches="0" ActualElapsedms="0" ActualCPUms="0" ActualEndOfScans="0" ActualExecutions="0" ActualExecutionMode="Row"></RunTimeCountersPerThread><RunTimeCountersPerThread Thread="9" ActualRows="0" Batches="0" ActualElapsedms="0" ActualCPUms="0" ActualEndOfScans="0" ActualExecutions="0" ActualExecutionMode="Row"></RunTimeCountersPerThread><RunTimeCountersPerThread Thread="8" ActualRows="0" Batches="0" ActualElapsedms="0" ActualCPUms="0" ActualEndOfScans="0" ActualExecutions="0" ActualExecutionMode="Row"></RunTimeCountersPerThread><RunTimeCountersPerThread Thread="7" ActualRows="0" Batches="0" ActualElapsedms="0" ActualCPUms="0" ActualEndOfScans="0" ActualExecutions="0" ActualExecutionMode="Row"></RunTimeCountersPerThread><RunTimeCountersPerThread Thread="6" ActualRows="0" Batches="0" ActualElapsedms="0" ActualCPUms="0" ActualEndOfScans="0" ActualExecutions="0" ActualExecutionMode="Row"></RunTimeCountersPerThread><RunTimeCountersPerThread Thread="5" ActualRows="0" Batches="0" ActualElapsedms="0" ActualCPUms="0" ActualEndOfScans="0" ActualExecutions="0" ActualExecutionMode="Row"></RunTimeCountersPerThread><RunTimeCountersPerThread Thread="4" ActualRows="0" Batches="0" ActualElapsedms="0" ActualCPUms="0" ActualEndOfScans="0" ActualExecutions="0" ActualExecutionMode="Row"></RunTimeCountersPerThread><RunTimeCountersPerThread Thread="3" ActualRows="0" Batches="0" ActualElapsedms="0" ActualCPUms="0" ActualEndOfScans="0" ActualExecutions="0" ActualExecutionMode="Row"></RunTimeCountersPerThread><RunTimeCountersPerThread Thread="2" ActualRows="0" Batches="0" ActualElapsedms="0" ActualCPUms="0" ActualEndOfScans="0" ActualExecutions="0" ActualExecutionMode="Row"></RunTimeCountersPerThread><RunTimeCountersPerThread Thread="1" ActualRows="0" Batches="0" ActualElapsedms="0" ActualCPUms="0" ActualEndOfScans="0" ActualExecutions="0" ActualExecutionMode="Row"></RunTimeCountersPerThread><RunTimeCountersPerThread Thread="0" ActualRows="0" Batches="0" ActualElapsedms="0" ActualCPUms="0" ActualEndOfScans="0" ActualExecutions="0" ActualExecutionMode="Row"></RunTimeCountersPerThread></RunTimeInformation><NestedLoops Optimized="0"><OuterReferences><ColumnReference Database="[tpch]" Schema="[dbo]" Table="[lineitem]" Alias="[l2]" Column="L_OrderKey"></ColumnReference><ColumnReference Database="[tpch]" Schema="[dbo]" Table="[lineitem]" Alias="[l2]" Column="L_PartKey"></ColumnReference><ColumnReference Database="[tpch]" Schema="[dbo]" Table="[lineitem]" Alias="[l2]" Column="L_Quantity"></ColumnReference></OuterReferences><RelOp NodeId="52" PhysicalOp="Clustered Index Seek" LogicalOp="Clustered Index Seek" EstimateRows="1" EstimateRowsWithoutRowGoal="3.7955" EstimatedRowsRead="4.00081" EstimateIO="0.003125" EstimateCPU="0.000161401" AvgRowSize="23" EstimatedTotalSubtreeCost="7.31114" TableCardinality="6.00122e+06" Parallel="1" EstimateRebinds="35002.8" EstimateRewinds="15.1179" EstimatedExecutionMode="Row"><OutputList><ColumnReference Database="[tpch]" Schema="[dbo]" Table="[lineitem]" Alias="[l2]" Column="L_OrderKey"></ColumnReference><ColumnReference Database="[tpch]" Schema="[dbo]" Table="[lineitem]" Alias="[l2]" Column="L_PartKey"></ColumnReference><ColumnReference Database="[tpch]" Schema="[dbo]" Table="[lineitem]" Alias="[l2]" Column="L_Quantity"></ColumnReference></OutputList><RunTimeInformation><RunTimeCountersPerThread Thread="12" ActualRows="0" Batches="0" ActualElapsedms="0" ActualCPUms="0" ActualScans="0" ActualLogicalReads="0" ActualPhysicalReads="0" ActualReadAheads="0" ActualLobLogicalReads="0" ActualLobPhysicalReads="0" ActualLobReadAheads="0" ActualEndOfScans="0" ActualExecutions="0" ActualExecutionMode="Row"></RunTimeCountersPerThread><RunTimeCountersPerThread Thread="11" ActualRows="3" Batches="0" ActualElapsedms="0" ActualCPUms="0" ActualScans="1" ActualLogicalReads="3" ActualPhysicalReads="0" ActualReadAheads="0" ActualLobLogicalReads="0" ActualLobPhysicalReads="0" ActualLobReadAheads="0" ActualRowsRead="4" ActualEndOfScans="1" ActualExecutions="1" ActualExecutionMode="Row"></RunTimeCountersPerThread><RunTimeCountersPerThread Thread="10" ActualRows="0" Batches="0" ActualElapsedms="0" ActualCPUms="0" ActualScans="0" ActualLogicalReads="0" ActualPhysicalReads="0" ActualReadAheads="0" ActualLobLogicalReads="0" ActualLobPhysicalReads="0" ActualLobReadAheads="0" ActualEndOfScans="0" ActualExecutions="0" ActualExecutionMode="Row"></RunTimeCountersPerThread><RunTimeCountersPerThread Thread="9" ActualRows="0" Batches="0" ActualElapsedms="0" ActualCPUms="0" ActualScans="0" ActualLogicalReads="0" ActualPhysicalReads="0" ActualReadAheads="0" ActualLobLogicalReads="0" ActualLobPhysicalReads="0" ActualLobReadAheads="0" ActualEndOfScans="0" ActualExecutions="0" ActualExecutionMode="Row"></RunTimeCountersPerThread><RunTimeCountersPerThread Thread="8" ActualRows="0" Batches="0" ActualElapsedms="0" ActualCPUms="0" ActualScans="0" ActualLogicalReads="0" ActualPhysicalReads="0" ActualReadAheads="0" ActualLobLogicalReads="0" ActualLobPhysicalReads="0" ActualLobReadAheads="0" ActualEndOfScans="0" ActualExecutions="0" ActualExecutionMode="Row"></RunTimeCountersPerThread><RunTimeCountersPerThread Thread="7" ActualRows="0" Batches="0" ActualElapsedms="0" ActualCPUms="0" ActualScans="0" ActualLogicalReads="0" ActualPhysicalReads="0" ActualReadAheads="0" ActualLobLogicalReads="0" ActualLobPhysicalReads="0" ActualLobReadAheads="0" ActualEndOfScans="0" ActualExecutions="0" ActualExecutionMode="Row"></RunTimeCountersPerThread><RunTimeCountersPerThread Thread="6" ActualRows="0" Batches="0" ActualElapsedms="0" ActualCPUms="0" ActualScans="0" ActualLogicalReads="0" ActualPhysicalReads="0" ActualReadAheads="0" ActualLobLogicalReads="0" ActualLobPhysicalReads="0" ActualLobReadAheads="0" ActualEndOfScans="0" ActualExecutions="0" ActualExecutionMode="Row"></RunTimeCountersPerThread><RunTimeCountersPerThread Thread="5" ActualRows="0" Batches="0" ActualElapsedms="0" ActualCPUms="0" ActualScans="0" ActualLogicalReads="0" ActualPhysicalReads="0" ActualReadAheads="0" ActualLobLogicalReads="0" ActualLobPhysicalReads="0" ActualLobReadAheads="0" ActualEndOfScans="0" ActualExecutions="0" ActualExecutionMode="Row"></RunTimeCountersPerThread><RunTimeCountersPerThread Thread="4" ActualRows="0" Batches="0" ActualElapsedms="0" ActualCPUms="0" ActualScans="0" ActualLogicalReads="0" ActualPhysicalReads="0" ActualReadAheads="0" ActualLobLogicalReads="0" ActualLobPhysicalReads="0" ActualLobReadAheads="0" ActualEndOfScans="0" ActualExecutions="0" ActualExecutionMode="Row"></RunTimeCountersPerThread><RunTimeCountersPerThread Thread="3" ActualRows="0" Batches="0" ActualElapsedms="0" ActualCPUms="0" ActualScans="0" ActualLogicalReads="0" ActualPhysicalReads="0" ActualReadAheads="0" ActualLobLogicalReads="0" ActualLobPhysicalReads="0" ActualLobReadAheads="0" ActualEndOfScans="0" ActualExecutions="0" ActualExecutionMode="Row"></RunTimeCountersPerThread><RunTimeCountersPerThread Thread="2" ActualRows="0" Batches="0" ActualElapsedms="0" ActualCPUms="0" ActualScans="0" ActualLogicalReads="0" ActualPhysicalReads="0" ActualReadAheads="0" ActualLobLogicalReads="0" ActualLobPhysicalReads="0" ActualLobReadAheads="0" ActualEndOfScans="0" ActualExecutions="0" ActualExecutionMode="Row"></RunTimeCountersPerThread><RunTimeCountersPerThread Thread="1" ActualRows="0" Batches="0" ActualElapsedms="0" ActualCPUms="0" ActualScans="0" ActualLogicalReads="0" ActualPhysicalReads="0" ActualReadAheads="0" ActualLobLogicalReads="0" ActualLobPhysicalReads="0" ActualLobReadAheads="0" ActualEndOfScans="0" ActualExecutions="0" ActualExecutionMode="Row"></RunTimeCountersPerThread><RunTimeCountersPerThread Thread="0" ActualRows="0" Batches="0" ActualElapsedms="0" ActualCPUms="0" ActualScans="0" ActualLogicalReads="0" ActualPhysicalReads="0" ActualReadAheads="0" ActualLobLogicalReads="0" ActualLobPhysicalReads="0" ActualLobReadAheads="0" ActualEndOfScans="0" ActualExecutions="0" ActualExecutionMode="Row"></RunTimeCountersPerThread></RunTimeInformation><IndexScan Ordered="1" ScanDirection="FORWARD" ForcedIndex="0" ForceSeek="0" ForceScan="0" NoExpandHint="0" Storage="RowStore"><DefinedValues><DefinedValue><ColumnReference Database="[tpch]" Schema="[dbo]" Table="[lineitem]" Alias="[l2]" Column="L_OrderKey"></ColumnReference></DefinedValue><DefinedValue><ColumnReference Database="[tpch]" Schema="[dbo]" Table="[lineitem]" Alias="[l2]" Column="L_PartKey"></ColumnReference></DefinedValue><DefinedValue><ColumnReference Database="[tpch]" Schema="[dbo]" Table="[lineitem]" Alias="[l2]" Column="L_Quantity"></ColumnReference></DefinedValue></DefinedValues><Object Database="[tpch]" Schema="[dbo]" Table="[lineitem]" Index="[PK__lineitem__2B16504EA5720AF2]" Alias="[l2]" TableReferenceId="2" IndexKind="Clustered" Storage="RowStore"></Object><SeekPredicates><SeekPredicateNew><SeekKeys><Prefix ScanType="EQ"><RangeColumns><ColumnReference Database="[tpch]" Schema="[dbo]" Table="[lineitem]" Alias="[l2]" Column="L_OrderKey"></ColumnReference></RangeColumns><RangeExpressions><ScalarOperator ScalarString="[tpch].[dbo].[lineitem].[L_OrderKey] as [l1].[L_OrderKey]"><Identifier><ColumnReference Database="[tpch]" Schema="[dbo]" Table="[lineitem]" Alias="[l1]" Column="L_OrderKey"></ColumnReference></Identifier></ScalarOperator></RangeExpressions></Prefix></SeekKeys></SeekPredicateNew></SeekPredicates><Predicate><ScalarOperator ScalarString="[tpch].[dbo].[lineitem].[L_SuppKey] as [l2].[L_SuppKey]&lt;[tpch].[dbo].[lineitem].[L_SuppKey] as [l1].[L_SuppKey] OR [tpch].[dbo].[lineitem].[L_SuppKey] as [l2].[L_SuppKey]&gt;[tpch].[dbo].[lineitem].[L_SuppKey] as [l1].[L_SuppKey]"><Logical Operation="OR"><ScalarOperator><Compare CompareOp="LT"><ScalarOperator><Identifier><ColumnReference Database="[tpch]" Schema="[dbo]" Table="[lineitem]" Alias="[l2]" Column="L_SuppKey"></ColumnReference></Identifier></ScalarOperator><ScalarOperator><Identifier><ColumnReference Database="[tpch]" Schema="[dbo]" Table="[lineitem]" Alias="[l1]" Column="L_SuppKey"></ColumnReference></Identifier></ScalarOperator></Compare></ScalarOperator><ScalarOperator><Compare CompareOp="GT"><ScalarOperator><Identifier><ColumnReference Database="[tpch]" Schema="[dbo]" Table="[lineitem]" Alias="[l2]" Column="L_SuppKey"></ColumnReference></Identifier></ScalarOperator><ScalarOperator><Identifier><ColumnReference Database="[tpch]" Schema="[dbo]" Table="[lineitem]" Alias="[l1]" Column="L_SuppKey"></ColumnReference></Identifier></ScalarOperator></Compare></ScalarOperator></Logical></ScalarOperator></Predicate></IndexScan></RelOp><RelOp NodeId="53" PhysicalOp="Concatenation" LogicalOp="Concatenation" EstimateRows="1" EstimateRowsWithoutRowGoal="2" EstimateIO="0" EstimateCPU="2e-07" AvgRowSize="9" EstimatedTotalSubtreeCost="0.083922" Parallel="1" EstimateRebinds="60748" EstimateRewinds="64" EstimatedExecutionMode="Row"><OutputList></OutputList><RunTimeInformation><RunTimeCountersPerThread Thread="12" ActualRows="0" Batches="0" ActualElapsedms="0" ActualCPUms="0" ActualEndOfScans="0" ActualExecutions="0" ActualExecutionMode="Row"></RunTimeCountersPerThread><RunTimeCountersPerThread Thread="11" ActualRows="0" Batches="0" ActualElapsedms="0" ActualCPUms="0" ActualEndOfScans="3" ActualExecutions="3" ActualExecutionMode="Row"></RunTimeCountersPerThread><RunTimeCountersPerThread Thread="10" ActualRows="0" Batches="0" ActualElapsedms="0" ActualCPUms="0" ActualEndOfScans="0" ActualExecutions="0" ActualExecutionMode="Row"></RunTimeCountersPerThread><RunTimeCountersPerThread Thread="9" ActualRows="0" Batches="0" ActualElapsedms="0" ActualCPUms="0" ActualEndOfScans="0" ActualExecutions="0" ActualExecutionMode="Row"></RunTimeCountersPerThread><RunTimeCountersPerThread Thread="8" ActualRows="0" Batches="0" ActualElapsedms="0" ActualCPUms="0" ActualEndOfScans="0" ActualExecutions="0" ActualExecutionMode="Row"></RunTimeCountersPerThread><RunTimeCountersPerThread Thread="7" ActualRows="0" Batches="0" ActualElapsedms="0" ActualCPUms="0" ActualEndOfScans="0" ActualExecutions="0" ActualExecutionMode="Row"></RunTimeCountersPerThread><RunTimeCountersPerThread Thread="6" ActualRows="0" Batches="0" ActualElapsedms="0" ActualCPUms="0" ActualEndOfScans="0" ActualExecutions="0" ActualExecutionMode="Row"></RunTimeCountersPerThread><RunTimeCountersPerThread Thread="5" ActualRows="0" Batches="0" ActualElapsedms="0" ActualCPUms="0" ActualEndOfScans="0" ActualExecutions="0" ActualExecutionMode="Row"></RunTimeCountersPerThread><RunTimeCountersPerThread Thread="4" ActualRows="0" Batches="0" ActualElapsedms="0" ActualCPUms="0" ActualEndOfScans="0" ActualExecutions="0" ActualExecutionMode="Row"></RunTimeCountersPerThread><RunTimeCountersPerThread Thread="3" ActualRows="0" Batches="0" ActualElapsedms="0" ActualCPUms="0" ActualEndOfScans="0" ActualExecutions="0" ActualExecutionMode="Row"></RunTimeCountersPerThread><RunTimeCountersPerThread Thread="2" ActualRows="0" Batches="0" ActualElapsedms="0" ActualCPUms="0" ActualEndOfScans="0" ActualExecutions="0" ActualExecutionMode="Row"></RunTimeCountersPerThread><RunTimeCountersPerThread Thread="1" ActualRows="0" Batches="0" ActualElapsedms="0" ActualCPUms="0" ActualEndOfScans="0" ActualExecutions="0" ActualExecutionMode="Row"></RunTimeCountersPerThread><RunTimeCountersPerThread Thread="0" ActualRows="0" Batches="0" ActualElapsedms="0" ActualCPUms="0" ActualEndOfScans="0" ActualExecutions="0" ActualExecutionMode="Row"></RunTimeCountersPerThread></RunTimeInformation><Concat><DefinedValues></DefinedValues><RelOp NodeId="54" PhysicalOp="Filter" LogicalOp="Filter" EstimateRows="1" EstimateIO="0" EstimateCPU="2.8e-07" AvgRowSize="9" EstimatedTotalSubtreeCost="0.0778408" Parallel="1" EstimateRebinds="0" EstimateRewinds="60812" EstimatedExecutionMode="Row"><OutputList></OutputList><RunTimeInformation><RunTimeCountersPerThread Thread="12" ActualRows="0" Batches="0" ActualElapsedms="0" ActualCPUms="0" ActualRebinds="0" ActualRewinds="0" ActualEndOfScans="0" ActualExecutions="0" ActualExecutionMode="Row"></RunTimeCountersPerThread><RunTimeCountersPerThread Thread="11" ActualRows="0" Batches="0" ActualElapsedms="0" ActualCPUms="0" ActualRebinds="3" ActualRewinds="0" ActualEndOfScans="3" ActualExecutions="3" ActualExecutionMode="Row"></RunTimeCountersPerThread><RunTimeCountersPerThread Thread="10" ActualRows="0" Batches="0" ActualElapsedms="0" ActualCPUms="0" ActualRebinds="0" ActualRewinds="0" ActualEndOfScans="0" ActualExecutions="0" ActualExecutionMode="Row"></RunTimeCountersPerThread><RunTimeCountersPerThread Thread="9" ActualRows="0" Batches="0" ActualElapsedms="0" ActualCPUms="0" ActualRebinds="0" ActualRewinds="0" ActualEndOfScans="0" ActualExecutions="0" ActualExecutionMode="Row"></RunTimeCountersPerThread><RunTimeCountersPerThread Thread="8" ActualRows="0" Batches="0" ActualElapsedms="0" ActualCPUms="0" ActualRebinds="0" ActualRewinds="0" ActualEndOfScans="0" ActualExecutions="0" ActualExecutionMode="Row"></RunTimeCountersPerThread><RunTimeCountersPerThread Thread="7" ActualRows="0" Batches="0" ActualElapsedms="0" ActualCPUms="0" ActualRebinds="0" ActualRewinds="0" ActualEndOfScans="0" ActualExecutions="0" ActualExecutionMode="Row"></RunTimeCountersPerThread><RunTimeCountersPerThread Thread="6" ActualRows="0" Batches="0" ActualElapsedms="0" ActualCPUms="0" ActualRebinds="0" ActualRewinds="0" ActualEndOfScans="0" ActualExecutions="0" ActualExecutionMode="Row"></RunTimeCountersPerThread><RunTimeCountersPerThread Thread="5" ActualRows="0" Batches="0" ActualElapsedms="0" ActualCPUms="0" ActualRebinds="0" ActualRewinds="0" ActualEndOfScans="0" ActualExecutions="0" ActualExecutionMode="Row"></RunTimeCountersPerThread><RunTimeCountersPerThread Thread="4" ActualRows="0" Batches="0" ActualElapsedms="0" ActualCPUms="0" ActualRebinds="0" ActualRewinds="0" ActualEndOfScans="0" ActualExecutions="0" ActualExecutionMode="Row"></RunTimeCountersPerThread><RunTimeCountersPerThread Thread="3" ActualRows="0" Batches="0" ActualElapsedms="0" ActualCPUms="0" ActualRebinds="0" ActualRewinds="0" ActualEndOfScans="0" ActualExecutions="0" ActualExecutionMode="Row"></RunTimeCountersPerThread><RunTimeCountersPerThread Thread="2" ActualRows="0" Batches="0" ActualElapsedms="0" ActualCPUms="0" ActualRebinds="0" ActualRewinds="0" ActualEndOfScans="0" ActualExecutions="0" ActualExecutionMode="Row"></RunTimeCountersPerThread><RunTimeCountersPerThread Thread="1" ActualRows="0" Batches="0" ActualElapsedms="0" ActualCPUms="0" ActualRebinds="0" ActualRewinds="0" ActualEndOfScans="0" ActualExecutions="0" ActualExecutionMode="Row"></RunTimeCountersPerThread><RunTimeCountersPerThread Thread="0" ActualRows="0" Batches="0" ActualElapsedms="0" ActualCPUms="0" ActualRebinds="0" ActualRewinds="0" ActualEndOfScans="0" ActualExecutions="0" ActualExecutionMode="Row"></RunTimeCountersPerThread></RunTimeInformation><Filter StartupExpression="1"><RelOp NodeId="55" PhysicalOp="Constant Scan" LogicalOp="Constant Scan" EstimateRows="1" EstimateIO="0" EstimateCPU="1.157e-06" AvgRowSize="9" EstimatedTotalSubtreeCost="0.0608132" Parallel="1" EstimateRebinds="0" EstimateRewinds="60812" EstimatedExecutionMode="Row"><OutputList></OutputList><RunTimeInformation><RunTimeCountersPerThread Thread="12" ActualRows="0" Batches="0" ActualElapsedms="0" ActualCPUms="0" ActualEndOfScans="0" ActualExecutions="0" ActualExecutionMode="Row"></RunTimeCountersPerThread><RunTimeCountersPerThread Thread="11" ActualRows="0" Batches="0" ActualElapsedms="0" ActualCPUms="0" ActualEndOfScans="0" ActualExecutions="3" ActualExecutionMode="Row"></RunTimeCountersPerThread><RunTimeCountersPerThread Thread="10" ActualRows="0" Batches="0" ActualElapsedms="0" ActualCPUms="0" ActualEndOfScans="0" ActualExecutions="0" ActualExecutionMode="Row"></RunTimeCountersPerThread><RunTimeCountersPerThread Thread="9" ActualRows="0" Batches="0" ActualElapsedms="0" ActualCPUms="0" ActualEndOfScans="0" ActualExecutions="0" ActualExecutionMode="Row"></RunTimeCountersPerThread><RunTimeCountersPerThread Thread="8" ActualRows="0" Batches="0" ActualElapsedms="0" ActualCPUms="0" ActualEndOfScans="0" ActualExecutions="0" ActualExecutionMode="Row"></RunTimeCountersPerThread><RunTimeCountersPerThread Thread="7" ActualRows="0" Batches="0" ActualElapsedms="0" ActualCPUms="0" ActualEndOfScans="0" ActualExecutions="0" ActualExecutionMode="Row"></RunTimeCountersPerThread><RunTimeCountersPerThread Thread="6" ActualRows="0" Batches="0" ActualElapsedms="0" ActualCPUms="0" ActualEndOfScans="0" ActualExecutions="0" ActualExecutionMode="Row"></RunTimeCountersPerThread><RunTimeCountersPerThread Thread="5" ActualRows="0" Batches="0" ActualElapsedms="0" ActualCPUms="0" ActualEndOfScans="0" ActualExecutions="0" ActualExecutionMode="Row"></RunTimeCountersPerThread><RunTimeCountersPerThread Thread="4" ActualRows="0" Batches="0" ActualElapsedms="0" ActualCPUms="0" ActualEndOfScans="0" ActualExecutions="0" ActualExecutionMode="Row"></RunTimeCountersPerThread><RunTimeCountersPerThread Thread="3" ActualRows="0" Batches="0" ActualElapsedms="0" ActualCPUms="0" ActualEndOfScans="0" ActualExecutions="0" ActualExecutionMode="Row"></RunTimeCountersPerThread><RunTimeCountersPerThread Thread="2" ActualRows="0" Batches="0" ActualElapsedms="0" ActualCPUms="0" ActualEndOfScans="0" ActualExecutions="0" ActualExecutionMode="Row"></RunTimeCountersPerThread><RunTimeCountersPerThread Thread="1" ActualRows="0" Batches="0" ActualElapsedms="0" ActualCPUms="0" ActualEndOfScans="0" ActualExecutions="0" ActualExecutionMode="Row"></RunTimeCountersPerThread><RunTimeCountersPerThread Thread="0" ActualRows="0" Batches="0" ActualElapsedms="0" ActualCPUms="0" ActualEndOfScans="0" ActualExecutions="0" ActualExecutionMode="Row"></RunTimeCountersPerThread></RunTimeInformation><ConstantScan></ConstantScan></RelOp><Predicate><ScalarOperator ScalarString="user_name()=N&apos;user3&apos;"><Identifier><ColumnReference Column="ConstExpr1043"><ScalarOperator><Compare CompareOp="EQ"><ScalarOperator><Intrinsic FunctionName="user_name"><ScalarOperator><Const ConstValue=""></Const></ScalarOperator></Intrinsic></ScalarOperator><ScalarOperator><Const ConstValue="N&apos;user3&apos;"></Const></ScalarOperator></Compare></ScalarOperator></ColumnReference></Identifier></ScalarOperator></Predicate></Filter></RelOp><RelOp NodeId="56" PhysicalOp="Nested Loops" LogicalOp="Inner Join" EstimateRows="1" EstimateIO="0" EstimateCPU="4.18e-06" AvgRowSize="9" EstimatedTotalSubtreeCost="18.6524" Parallel="1" EstimateRebinds="60748" EstimateRewinds="64" EstimatedExecutionMode="Row"><OutputList></OutputList><RunTimeInformation><RunTimeCountersPerThread Thread="12" ActualRows="0" Batches="0" ActualElapsedms="0" ActualCPUms="0" ActualEndOfScans="0" ActualExecutions="0" ActualExecutionMode="Row"></RunTimeCountersPerThread><RunTimeCountersPerThread Thread="11" ActualRows="0" Batches="0" ActualElapsedms="0" ActualCPUms="0" ActualEndOfScans="3" ActualExecutions="3" ActualExecutionMode="Row"></RunTimeCountersPerThread><RunTimeCountersPerThread Thread="10" ActualRows="0" Batches="0" ActualElapsedms="0" ActualCPUms="0" ActualEndOfScans="0" ActualExecutions="0" ActualExecutionMode="Row"></RunTimeCountersPerThread><RunTimeCountersPerThread Thread="9" ActualRows="0" Batches="0" ActualElapsedms="0" ActualCPUms="0" ActualEndOfScans="0" ActualExecutions="0" ActualExecutionMode="Row"></RunTimeCountersPerThread><RunTimeCountersPerThread Thread="8" ActualRows="0" Batches="0" ActualElapsedms="0" ActualCPUms="0" ActualEndOfScans="0" ActualExecutions="0" ActualExecutionMode="Row"></RunTimeCountersPerThread><RunTimeCountersPerThread Thread="7" ActualRows="0" Batches="0" ActualElapsedms="0" ActualCPUms="0" ActualEndOfScans="0" ActualExecutions="0" ActualExecutionMode="Row"></RunTimeCountersPerThread><RunTimeCountersPerThread Thread="6" ActualRows="0" Batches="0" ActualElapsedms="0" ActualCPUms="0" ActualEndOfScans="0" ActualExecutions="0" ActualExecutionMode="Row"></RunTimeCountersPerThread><RunTimeCountersPerThread Thread="5" ActualRows="0" Batches="0" ActualElapsedms="0" ActualCPUms="0" ActualEndOfScans="0" ActualExecutions="0" ActualExecutionMode="Row"></RunTimeCountersPerThread><RunTimeCountersPerThread Thread="4" ActualRows="0" Batches="0" ActualElapsedms="0" ActualCPUms="0" ActualEndOfScans="0" ActualExecutions="0" ActualExecutionMode="Row"></RunTimeCountersPerThread><RunTimeCountersPerThread Thread="3" ActualRows="0" Batches="0" ActualElapsedms="0" ActualCPUms="0" ActualEndOfScans="0" ActualExecutions="0" ActualExecutionMode="Row"></RunTimeCountersPerThread><RunTimeCountersPerThread Thread="2" ActualRows="0" Batches="0" ActualElapsedms="0" ActualCPUms="0" ActualEndOfScans="0" ActualExecutions="0" ActualExecutionMode="Row"></RunTimeCountersPerThread><RunTimeCountersPerThread Thread="1" ActualRows="0" Batches="0" ActualElapsedms="0" ActualCPUms="0" ActualEndOfScans="0" ActualExecutions="0" ActualExecutionMode="Row"></RunTimeCountersPerThread><RunTimeCountersPerThread Thread="0" ActualRows="0" Batches="0" ActualElapsedms="0" ActualCPUms="0" ActualEndOfScans="0" ActualExecutions="0" ActualExecutionMode="Row"></RunTimeCountersPerThread></RunTimeInformation><NestedLoops Optimized="0"><RelOp NodeId="57" PhysicalOp="Nested Loops" LogicalOp="Inner Join" EstimateRows="1" EstimateIO="0" EstimateCPU="4.18e-06" AvgRowSize="9" EstimatedTotalSubtreeCost="18.6524" Parallel="1" EstimateRebinds="60748" EstimateRewinds="64" EstimatedExecutionMode="Row"><OutputList></OutputList><RunTimeInformation><RunTimeCountersPerThread Thread="12" ActualRows="0" Batches="0" ActualElapsedms="0" ActualCPUms="0" ActualEndOfScans="0" ActualExecutions="0" ActualExecutionMode="Row"></RunTimeCountersPerThread><RunTimeCountersPerThread Thread="11" ActualRows="3" Batches="0" ActualElapsedms="0" ActualCPUms="0" ActualEndOfScans="0" ActualExecutions="3" ActualExecutionMode="Row"></RunTimeCountersPerThread><RunTimeCountersPerThread Thread="10" ActualRows="0" Batches="0" ActualElapsedms="0" ActualCPUms="0" ActualEndOfScans="0" ActualExecutions="0" ActualExecutionMode="Row"></RunTimeCountersPerThread><RunTimeCountersPerThread Thread="9" ActualRows="0" Batches="0" ActualElapsedms="0" ActualCPUms="0" ActualEndOfScans="0" ActualExecutions="0" ActualExecutionMode="Row"></RunTimeCountersPerThread><RunTimeCountersPerThread Thread="8" ActualRows="0" Batches="0" ActualElapsedms="0" ActualCPUms="0" ActualEndOfScans="0" ActualExecutions="0" ActualExecutionMode="Row"></RunTimeCountersPerThread><RunTimeCountersPerThread Thread="7" ActualRows="0" Batches="0" ActualElapsedms="0" ActualCPUms="0" ActualEndOfScans="0" ActualExecutions="0" ActualExecutionMode="Row"></RunTimeCountersPerThread><RunTimeCountersPerThread Thread="6" ActualRows="0" Batches="0" ActualElapsedms="0" ActualCPUms="0" ActualEndOfScans="0" ActualExecutions="0" ActualExecutionMode="Row"></RunTimeCountersPerThread><RunTimeCountersPerThread Thread="5" ActualRows="0" Batches="0" ActualElapsedms="0" ActualCPUms="0" ActualEndOfScans="0" ActualExecutions="0" ActualExecutionMode="Row"></RunTimeCountersPerThread><RunTimeCountersPerThread Thread="4" ActualRows="0" Batches="0" ActualElapsedms="0" ActualCPUms="0" ActualEndOfScans="0" ActualExecutions="0" ActualExecutionMode="Row"></RunTimeCountersPerThread><RunTimeCountersPerThread Thread="3" ActualRows="0" Batches="0" ActualElapsedms="0" ActualCPUms="0" ActualEndOfScans="0" ActualExecutions="0" ActualExecutionMode="Row"></RunTimeCountersPerThread><RunTimeCountersPerThread Thread="2" ActualRows="0" Batches="0" ActualElapsedms="0" ActualCPUms="0" ActualEndOfScans="0" ActualExecutions="0" ActualExecutionMode="Row"></RunTimeCountersPerThread><RunTimeCountersPerThread Thread="1" ActualRows="0" Batches="0" ActualElapsedms="0" ActualCPUms="0" ActualEndOfScans="0" ActualExecutions="0" ActualExecutionMode="Row"></RunTimeCountersPerThread><RunTimeCountersPerThread Thread="0" ActualRows="0" Batches="0" ActualElapsedms="0" ActualCPUms="0" ActualEndOfScans="0" ActualExecutions="0" ActualExecutionMode="Row"></RunTimeCountersPerThread></RunTimeInformation><NestedLoops Optimized="0"><Predicate><ScalarOperator ScalarString="[Expr1052]=[Expr1050]"><Compare CompareOp="EQ"><ScalarOperator><Identifier><ColumnReference Column="Expr1052"></ColumnReference></Identifier></ScalarOperator><ScalarOperator><Identifier><ColumnReference Column="Expr1050"></ColumnReference></Identifier></ScalarOperator></Compare></ScalarOperator></Predicate><RelOp NodeId="58" PhysicalOp="Assert" LogicalOp="Assert" EstimateRows="1" EstimateIO="0" EstimateCPU="4.8e-07" AvgRowSize="11" EstimatedTotalSubtreeCost="18.6524" Parallel="1" EstimateRebinds="0" EstimateRewinds="60812" EstimatedExecutionMode="Row"><OutputList><ColumnReference Column="Expr1052"></ColumnReference></OutputList><RunTimeInformation><RunTimeCountersPerThread Thread="12" ActualRows="0" Batches="0" ActualElapsedms="0" ActualCPUms="0" ActualEndOfScans="0" ActualExecutions="0" ActualExecutionMode="Row"></RunTimeCountersPerThread><RunTimeCountersPerThread Thread="11" ActualRows="3" Batches="0" ActualElapsedms="0" ActualCPUms="0" ActualEndOfScans="0" ActualExecutions="3" ActualExecutionMode="Row"></RunTimeCountersPerThread><RunTimeCountersPerThread Thread="10" ActualRows="0" Batches="0" ActualElapsedms="0" ActualCPUms="0" ActualEndOfScans="0" ActualExecutions="0" ActualExecutionMode="Row"></RunTimeCountersPerThread><RunTimeCountersPerThread Thread="9" ActualRows="0" Batches="0" ActualElapsedms="0" ActualCPUms="0" ActualEndOfScans="0" ActualExecutions="0" ActualExecutionMode="Row"></RunTimeCountersPerThread><RunTimeCountersPerThread Thread="8" ActualRows="0" Batches="0" ActualElapsedms="0" ActualCPUms="0" ActualEndOfScans="0" ActualExecutions="0" ActualExecutionMode="Row"></RunTimeCountersPerThread><RunTimeCountersPerThread Thread="7" ActualRows="0" Batches="0" ActualElapsedms="0" ActualCPUms="0" ActualEndOfScans="0" ActualExecutions="0" ActualExecutionMode="Row"></RunTimeCountersPerThread><RunTimeCountersPerThread Thread="6" ActualRows="0" Batches="0" ActualElapsedms="0" ActualCPUms="0" ActualEndOfScans="0" ActualExecutions="0" ActualExecutionMode="Row"></RunTimeCountersPerThread><RunTimeCountersPerThread Thread="5" ActualRows="0" Batches="0" ActualElapsedms="0" ActualCPUms="0" ActualEndOfScans="0" ActualExecutions="0" ActualExecutionMode="Row"></RunTimeCountersPerThread><RunTimeCountersPerThread Thread="4" ActualRows="0" Batches="0" ActualElapsedms="0" ActualCPUms="0" ActualEndOfScans="0" ActualExecutions="0" ActualExecutionMode="Row"></RunTimeCountersPerThread><RunTimeCountersPerThread Thread="3" ActualRows="0" Batches="0" ActualElapsedms="0" ActualCPUms="0" ActualEndOfScans="0" ActualExecutions="0" ActualExecutionMode="Row"></RunTimeCountersPerThread><RunTimeCountersPerThread Thread="2" ActualRows="0" Batches="0" ActualElapsedms="0" ActualCPUms="0" ActualEndOfScans="0" ActualExecutions="0" ActualExecutionMode="Row"></RunTimeCountersPerThread><RunTimeCountersPerThread Thread="1" ActualRows="0" Batches="0" ActualElapsedms="0" ActualCPUms="0" ActualEndOfScans="0" ActualExecutions="0" ActualExecutionMode="Row"></RunTimeCountersPerThread><RunTimeCountersPerThread Thread="0" ActualRows="0" Batches="0" ActualElapsedms="0" ActualCPUms="0" ActualEndOfScans="0" ActualExecutions="0" ActualExecutionMode="Row"></RunTimeCountersPerThread></RunTimeInformation><Assert StartupExpression="0"><RelOp NodeId="59" PhysicalOp="Stream Aggregate" LogicalOp="Aggregate" EstimateRows="1" EstimateIO="0" EstimateCPU="1.1e-06" AvgRowSize="19" EstimatedTotalSubtreeCost="18.6524" Parallel="1" EstimateRebinds="0" EstimateRewinds="60812" EstimatedExecutionMode="Row"><OutputList><ColumnReference Column="Expr1051"></ColumnReference><ColumnReference Column="Expr1052"></ColumnReference></OutputList><RunTimeInformation><RunTimeCountersPerThread Thread="12" ActualRows="0" Batches="0" ActualElapsedms="0" ActualCPUms="0" ActualEndOfScans="0" ActualExecutions="0" ActualExecutionMode="Row"></RunTimeCountersPerThread><RunTimeCountersPerThread Thread="11" ActualRows="3" Batches="0" ActualElapsedms="0" ActualCPUms="0" ActualEndOfScans="0" ActualExecutions="3" ActualExecutionMode="Row"></RunTimeCountersPerThread><RunTimeCountersPerThread Thread="10" ActualRows="0" Batches="0" ActualElapsedms="0" ActualCPUms="0" ActualEndOfScans="0" ActualExecutions="0" ActualExecutionMode="Row"></RunTimeCountersPerThread><RunTimeCountersPerThread Thread="9" ActualRows="0" Batches="0" ActualElapsedms="0" ActualCPUms="0" ActualEndOfScans="0" ActualExecutions="0" ActualExecutionMode="Row"></RunTimeCountersPerThread><RunTimeCountersPerThread Thread="8" ActualRows="0" Batches="0" ActualElapsedms="0" ActualCPUms="0" ActualEndOfScans="0" ActualExecutions="0" ActualExecutionMode="Row"></RunTimeCountersPerThread><RunTimeCountersPerThread Thread="7" ActualRows="0" Batches="0" ActualElapsedms="0" ActualCPUms="0" ActualEndOfScans="0" ActualExecutions="0" ActualExecutionMode="Row"></RunTimeCountersPerThread><RunTimeCountersPerThread Thread="6" ActualRows="0" Batches="0" ActualElapsedms="0" ActualCPUms="0" ActualEndOfScans="0" ActualExecutions="0" ActualExecutionMode="Row"></RunTimeCountersPerThread><RunTimeCountersPerThread Thread="5" ActualRows="0" Batches="0" ActualElapsedms="0" ActualCPUms="0" ActualEndOfScans="0" ActualExecutions="0" ActualExecutionMode="Row"></RunTimeCountersPerThread><RunTimeCountersPerThread Thread="4" ActualRows="0" Batches="0" ActualElapsedms="0" ActualCPUms="0" ActualEndOfScans="0" ActualExecutions="0" ActualExecutionMode="Row"></RunTimeCountersPerThread><RunTimeCountersPerThread Thread="3" ActualRows="0" Batches="0" ActualElapsedms="0" ActualCPUms="0" ActualEndOfScans="0" ActualExecutions="0" ActualExecutionMode="Row"></RunTimeCountersPerThread><RunTimeCountersPerThread Thread="2" ActualRows="0" Batches="0" ActualElapsedms="0" ActualCPUms="0" ActualEndOfScans="0" ActualExecutions="0" ActualExecutionMode="Row"></RunTimeCountersPerThread><RunTimeCountersPerThread Thread="1" ActualRows="0" Batches="0" ActualElapsedms="0" ActualCPUms="0" ActualEndOfScans="0" ActualExecutions="0" ActualExecutionMode="Row"></RunTimeCountersPerThread><RunTimeCountersPerThread Thread="0" ActualRows="0" Batches="0" ActualElapsedms="0" ActualCPUms="0" ActualEndOfScans="0" ActualExecutions="0" ActualExecutionMode="Row"></RunTimeCountersPerThread></RunTimeInformation><StreamAggregate><DefinedValues><DefinedValue><ColumnReference Column="Expr1051"></ColumnReference><ScalarOperator ScalarString="Count(*)"><Aggregate AggType="countstar" Distinct="0"></Aggregate></ScalarOperator></DefinedValue><DefinedValue><ColumnReference Column="Expr1052"></ColumnReference><ScalarOperator ScalarString="ANY([tpch].[dbo].[nation].[N_RegionKey] as [n2].[N_RegionKey])"><Aggregate Distinct="0" AggType="ANY"><ScalarOperator><Identifier><ColumnReference Database="[tpch]" Schema="[dbo]" Table="[nation]" Alias="[n2]" Column="N_RegionKey"></ColumnReference></Identifier></ScalarOperator></Aggregate></ScalarOperator></DefinedValue></DefinedValues><RelOp NodeId="60" PhysicalOp="Nested Loops" LogicalOp="Inner Join" EstimateRows="1" EstimateIO="0" EstimateCPU="4.18e-06" AvgRowSize="11" EstimatedTotalSubtreeCost="18.6524" Parallel="1" EstimateRebinds="0" EstimateRewinds="60812" EstimatedExecutionMode="Row"><OutputList><ColumnReference Database="[tpch]" Schema="[dbo]" Table="[nation]" Alias="[n2]" Column="N_RegionKey"></ColumnReference></OutputList><RunTimeInformation><RunTimeCountersPerThread Thread="12" ActualRows="0" Batches="0" ActualElapsedms="0" ActualCPUms="0" ActualEndOfScans="0" ActualExecutions="0" ActualExecutionMode="Row"></RunTimeCountersPerThread><RunTimeCountersPerThread Thread="11" ActualRows="3" Batches="0" ActualElapsedms="0" ActualCPUms="0" ActualEndOfScans="3" ActualExecutions="3" ActualExecutionMode="Row"></RunTimeCountersPerThread><RunTimeCountersPerThread Thread="10" ActualRows="0" Batches="0" ActualElapsedms="0" ActualCPUms="0" ActualEndOfScans="0" ActualExecutions="0" ActualExecutionMode="Row"></RunTimeCountersPerThread><RunTimeCountersPerThread Thread="9" ActualRows="0" Batches="0" ActualElapsedms="0" ActualCPUms="0" ActualEndOfScans="0" ActualExecutions="0" ActualExecutionMode="Row"></RunTimeCountersPerThread><RunTimeCountersPerThread Thread="8" ActualRows="0" Batches="0" ActualElapsedms="0" ActualCPUms="0" ActualEndOfScans="0" ActualExecutions="0" ActualExecutionMode="Row"></RunTimeCountersPerThread><RunTimeCountersPerThread Thread="7" ActualRows="0" Batches="0" ActualElapsedms="0" ActualCPUms="0" ActualEndOfScans="0" ActualExecutions="0" ActualExecutionMode="Row"></RunTimeCountersPerThread><RunTimeCountersPerThread Thread="6" ActualRows="0" Batches="0" ActualElapsedms="0" ActualCPUms="0" ActualEndOfScans="0" ActualExecutions="0" ActualExecutionMode="Row"></RunTimeCountersPerThread><RunTimeCountersPerThread Thread="5" ActualRows="0" Batches="0" ActualElapsedms="0" ActualCPUms="0" ActualEndOfScans="0" ActualExecutions="0" ActualExecutionMode="Row"></RunTimeCountersPerThread><RunTimeCountersPerThread Thread="4" ActualRows="0" Batches="0" ActualElapsedms="0" ActualCPUms="0" ActualEndOfScans="0" ActualExecutions="0" ActualExecutionMode="Row"></RunTimeCountersPerThread><RunTimeCountersPerThread Thread="3" ActualRows="0" Batches="0" ActualElapsedms="0" ActualCPUms="0" ActualEndOfScans="0" ActualExecutions="0" ActualExecutionMode="Row"></RunTimeCountersPerThread><RunTimeCountersPerThread Thread="2" ActualRows="0" Batches="0" ActualElapsedms="0" ActualCPUms="0" ActualEndOfScans="0" ActualExecutions="0" ActualExecutionMode="Row"></RunTimeCountersPerThread><RunTimeCountersPerThread Thread="1" ActualRows="0" Batches="0" ActualElapsedms="0" ActualCPUms="0" ActualEndOfScans="0" ActualExecutions="0" ActualExecutionMode="Row"></RunTimeCountersPerThread><RunTimeCountersPerThread Thread="0" ActualRows="0" Batches="0" ActualElapsedms="0" ActualCPUms="0" ActualEndOfScans="0" ActualExecutions="0" ActualExecutionMode="Row"></RunTimeCountersPerThread></RunTimeInformation><NestedLoops Optimized="0"><OuterReferences><ColumnReference Database="[tpch]" Schema="[dbo]" Table="[customer]" Alias="[c2]" Column="C_NationKey"></ColumnReference></OuterReferences><RelOp NodeId="61" PhysicalOp="Clustered Index Seek" LogicalOp="Clustered Index Seek" EstimateRows="1" EstimatedRowsRead="1" EstimateIO="0.003125" EstimateCPU="0.0001581" AvgRowSize="11" EstimatedTotalSubtreeCost="9.61766" TableCardinality="150000" Parallel="1" EstimateRebinds="0" EstimateRewinds="60812" EstimatedExecutionMode="Row"><OutputList><ColumnReference Database="[tpch]" Schema="[dbo]" Table="[customer]" Alias="[c2]" Column="C_NationKey"></ColumnReference></OutputList><RunTimeInformation><RunTimeCountersPerThread Thread="12" ActualRows="0" Batches="0" ActualElapsedms="0" ActualCPUms="0" ActualScans="0" ActualLogicalReads="0" ActualPhysicalReads="0" ActualReadAheads="0" ActualLobLogicalReads="0" ActualLobPhysicalReads="0" ActualLobReadAheads="0" ActualEndOfScans="0" ActualExecutions="0" ActualExecutionMode="Row"></RunTimeCountersPerThread><RunTimeCountersPerThread Thread="11" ActualRows="3" Batches="0" ActualElapsedms="0" ActualCPUms="0" ActualScans="0" ActualLogicalReads="9" ActualPhysicalReads="0" ActualReadAheads="0" ActualLobLogicalReads="0" ActualLobPhysicalReads="0" ActualLobReadAheads="0" ActualRowsRead="3" ActualEndOfScans="3" ActualExecutions="3" ActualExecutionMode="Row"></RunTimeCountersPerThread><RunTimeCountersPerThread Thread="10" ActualRows="0" Batches="0" ActualElapsedms="0" ActualCPUms="0" ActualScans="0" ActualLogicalReads="0" ActualPhysicalReads="0" ActualReadAheads="0" ActualLobLogicalReads="0" ActualLobPhysicalReads="0" ActualLobReadAheads="0" ActualEndOfScans="0" ActualExecutions="0" ActualExecutionMode="Row"></RunTimeCountersPerThread><RunTimeCountersPerThread Thread="9" ActualRows="0" Batches="0" ActualElapsedms="0" ActualCPUms="0" ActualScans="0" ActualLogicalReads="0" ActualPhysicalReads="0" ActualReadAheads="0" ActualLobLogicalReads="0" ActualLobPhysicalReads="0" ActualLobReadAheads="0" ActualEndOfScans="0" ActualExecutions="0" ActualExecutionMode="Row"></RunTimeCountersPerThread><RunTimeCountersPerThread Thread="8" ActualRows="0" Batches="0" ActualElapsedms="0" ActualCPUms="0" ActualScans="0" ActualLogicalReads="0" ActualPhysicalReads="0" ActualReadAheads="0" ActualLobLogicalReads="0" ActualLobPhysicalReads="0" ActualLobReadAheads="0" ActualEndOfScans="0" ActualExecutions="0" ActualExecutionMode="Row"></RunTimeCountersPerThread><RunTimeCountersPerThread Thread="7" ActualRows="0" Batches="0" ActualElapsedms="0" ActualCPUms="0" ActualScans="0" ActualLogicalReads="0" ActualPhysicalReads="0" ActualReadAheads="0" ActualLobLogicalReads="0" ActualLobPhysicalReads="0" ActualLobReadAheads="0" ActualEndOfScans="0" ActualExecutions="0" ActualExecutionMode="Row"></RunTimeCountersPerThread><RunTimeCountersPerThread Thread="6" ActualRows="0" Batches="0" ActualElapsedms="0" ActualCPUms="0" ActualScans="0" ActualLogicalReads="0" ActualPhysicalReads="0" ActualReadAheads="0" ActualLobLogicalReads="0" ActualLobPhysicalReads="0" ActualLobReadAheads="0" ActualEndOfScans="0" ActualExecutions="0" ActualExecutionMode="Row"></RunTimeCountersPerThread><RunTimeCountersPerThread Thread="5" ActualRows="0" Batches="0" ActualElapsedms="0" ActualCPUms="0" ActualScans="0" ActualLogicalReads="0" ActualPhysicalReads="0" ActualReadAheads="0" ActualLobLogicalReads="0" ActualLobPhysicalReads="0" ActualLobReadAheads="0" ActualEndOfScans="0" ActualExecutions="0" ActualExecutionMode="Row"></RunTimeCountersPerThread><RunTimeCountersPerThread Thread="4" ActualRows="0" Batches="0" ActualElapsedms="0" ActualCPUms="0" ActualScans="0" ActualLogicalReads="0" ActualPhysicalReads="0" ActualReadAheads="0" ActualLobLogicalReads="0" ActualLobPhysicalReads="0" ActualLobReadAheads="0" ActualEndOfScans="0" ActualExecutions="0" ActualExecutionMode="Row"></RunTimeCountersPerThread><RunTimeCountersPerThread Thread="3" ActualRows="0" Batches="0" ActualElapsedms="0" ActualCPUms="0" ActualScans="0" ActualLogicalReads="0" ActualPhysicalReads="0" ActualReadAheads="0" ActualLobLogicalReads="0" ActualLobPhysicalReads="0" ActualLobReadAheads="0" ActualEndOfScans="0" ActualExecutions="0" ActualExecutionMode="Row"></RunTimeCountersPerThread><RunTimeCountersPerThread Thread="2" ActualRows="0" Batches="0" ActualElapsedms="0" ActualCPUms="0" ActualScans="0" ActualLogicalReads="0" ActualPhysicalReads="0" ActualReadAheads="0" ActualLobLogicalReads="0" ActualLobPhysicalReads="0" ActualLobReadAheads="0" ActualEndOfScans="0" ActualExecutions="0" ActualExecutionMode="Row"></RunTimeCountersPerThread><RunTimeCountersPerThread Thread="1" ActualRows="0" Batches="0" ActualElapsedms="0" ActualCPUms="0" ActualScans="0" ActualLogicalReads="0" ActualPhysicalReads="0" ActualReadAheads="0" ActualLobLogicalReads="0" ActualLobPhysicalReads="0" ActualLobReadAheads="0" ActualEndOfScans="0" ActualExecutions="0" ActualExecutionMode="Row"></RunTimeCountersPerThread><RunTimeCountersPerThread Thread="0" ActualRows="0" Batches="0" ActualElapsedms="0" ActualCPUms="0" ActualScans="0" ActualLogicalReads="0" ActualPhysicalReads="0" ActualReadAheads="0" ActualLobLogicalReads="0" ActualLobPhysicalReads="0" ActualLobReadAheads="0" ActualEndOfScans="0" ActualExecutions="0" ActualExecutionMode="Row"></RunTimeCountersPerThread></RunTimeInformation><IndexScan Ordered="1" ScanDirection="FORWARD" ForcedIndex="0" ForceSeek="0" ForceScan="0" NoExpandHint="0" Storage="RowStore"><DefinedValues><DefinedValue><ColumnReference Database="[tpch]" Schema="[dbo]" Table="[customer]" Alias="[c2]" Column="C_NationKey"></ColumnReference></DefinedValue></DefinedValues><Object Database="[tpch]" Schema="[dbo]" Table="[customer]" Index="[PK__customer__48695B7174053BCB]" Alias="[c2]" TableReferenceId="2" IndexKind="Clustered" Storage="RowStore"></Object><SeekPredicates><SeekPredicateNew><SeekKeys><Prefix ScanType="EQ"><RangeColumns><ColumnReference Database="[tpch]" Schema="[dbo]" Table="[customer]" Alias="[c2]" Column="C_CustKey"></ColumnReference></RangeColumns><RangeExpressions><ScalarOperator ScalarString="(1111)"><Const ConstValue="(1111)"></Const></ScalarOperator></RangeExpressions></Prefix></SeekKeys></SeekPredicateNew></SeekPredicates></IndexScan></RelOp><RelOp NodeId="62" PhysicalOp="Clustered Index Seek" LogicalOp="Clustered Index Seek" EstimateRows="1" EstimatedRowsRead="1" EstimateIO="0.003125" EstimateCPU="0.0001581" AvgRowSize="11" EstimatedTotalSubtreeCost="9.61766" TableCardinality="25" Parallel="1" EstimateRebinds="0" EstimateRewinds="60812" EstimatedExecutionMode="Row"><OutputList><ColumnReference Database="[tpch]" Schema="[dbo]" Table="[nation]" Alias="[n2]" Column="N_RegionKey"></ColumnReference></OutputList><RunTimeInformation><RunTimeCountersPerThread Thread="12" ActualRows="0" Batches="0" ActualElapsedms="0" ActualCPUms="0" ActualScans="0" ActualLogicalReads="0" ActualPhysicalReads="0" ActualReadAheads="0" ActualLobLogicalReads="0" ActualLobPhysicalReads="0" ActualLobReadAheads="0" ActualEndOfScans="0" ActualExecutions="0" ActualExecutionMode="Row"></RunTimeCountersPerThread><RunTimeCountersPerThread Thread="11" ActualRows="3" Batches="0" ActualElapsedms="0" ActualCPUms="0" ActualScans="0" ActualLogicalReads="6" ActualPhysicalReads="0" ActualReadAheads="0" ActualLobLogicalReads="0" ActualLobPhysicalReads="0" ActualLobReadAheads="0" ActualRowsRead="3" ActualEndOfScans="0" ActualExecutions="3" ActualExecutionMode="Row"></RunTimeCountersPerThread><RunTimeCountersPerThread Thread="10" ActualRows="0" Batches="0" ActualElapsedms="0" ActualCPUms="0" ActualScans="0" ActualLogicalReads="0" ActualPhysicalReads="0" ActualReadAheads="0" ActualLobLogicalReads="0" ActualLobPhysicalReads="0" ActualLobReadAheads="0" ActualEndOfScans="0" ActualExecutions="0" ActualExecutionMode="Row"></RunTimeCountersPerThread><RunTimeCountersPerThread Thread="9" ActualRows="0" Batches="0" ActualElapsedms="0" ActualCPUms="0" ActualScans="0" ActualLogicalReads="0" ActualPhysicalReads="0" ActualReadAheads="0" ActualLobLogicalReads="0" ActualLobPhysicalReads="0" ActualLobReadAheads="0" ActualEndOfScans="0" ActualExecutions="0" ActualExecutionMode="Row"></RunTimeCountersPerThread><RunTimeCountersPerThread Thread="8" ActualRows="0" Batches="0" ActualElapsedms="0" ActualCPUms="0" ActualScans="0" ActualLogicalReads="0" ActualPhysicalReads="0" ActualReadAheads="0" ActualLobLogicalReads="0" ActualLobPhysicalReads="0" ActualLobReadAheads="0" ActualEndOfScans="0" ActualExecutions="0" ActualExecutionMode="Row"></RunTimeCountersPerThread><RunTimeCountersPerThread Thread="7" ActualRows="0" Batches="0" ActualElapsedms="0" ActualCPUms="0" ActualScans="0" ActualLogicalReads="0" ActualPhysicalReads="0" ActualReadAheads="0" ActualLobLogicalReads="0" ActualLobPhysicalReads="0" ActualLobReadAheads="0" ActualEndOfScans="0" ActualExecutions="0" ActualExecutionMode="Row"></RunTimeCountersPerThread><RunTimeCountersPerThread Thread="6" ActualRows="0" Batches="0" ActualElapsedms="0" ActualCPUms="0" ActualScans="0" ActualLogicalReads="0" ActualPhysicalReads="0" ActualReadAheads="0" ActualLobLogicalReads="0" ActualLobPhysicalReads="0" ActualLobReadAheads="0" ActualEndOfScans="0" ActualExecutions="0" ActualExecutionMode="Row"></RunTimeCountersPerThread><RunTimeCountersPerThread Thread="5" ActualRows="0" Batches="0" ActualElapsedms="0" ActualCPUms="0" ActualScans="0" ActualLogicalReads="0" ActualPhysicalReads="0" ActualReadAheads="0" ActualLobLogicalReads="0" ActualLobPhysicalReads="0" ActualLobReadAheads="0" ActualEndOfScans="0" ActualExecutions="0" ActualExecutionMode="Row"></RunTimeCountersPerThread><RunTimeCountersPerThread Thread="4" ActualRows="0" Batches="0" ActualElapsedms="0" ActualCPUms="0" ActualScans="0" ActualLogicalReads="0" ActualPhysicalReads="0" ActualReadAheads="0" ActualLobLogicalReads="0" ActualLobPhysicalReads="0" ActualLobReadAheads="0" ActualEndOfScans="0" ActualExecutions="0" ActualExecutionMode="Row"></RunTimeCountersPerThread><RunTimeCountersPerThread Thread="3" ActualRows="0" Batches="0" ActualElapsedms="0" ActualCPUms="0" ActualScans="0" ActualLogicalReads="0" ActualPhysicalReads="0" ActualReadAheads="0" ActualLobLogicalReads="0" ActualLobPhysicalReads="0" ActualLobReadAheads="0" ActualEndOfScans="0" ActualExecutions="0" ActualExecutionMode="Row"></RunTimeCountersPerThread><RunTimeCountersPerThread Thread="2" ActualRows="0" Batches="0" ActualElapsedms="0" ActualCPUms="0" ActualScans="0" ActualLogicalReads="0" ActualPhysicalReads="0" ActualReadAheads="0" ActualLobLogicalReads="0" ActualLobPhysicalReads="0" ActualLobReadAheads="0" ActualEndOfScans="0" ActualExecutions="0" ActualExecutionMode="Row"></RunTimeCountersPerThread><RunTimeCountersPerThread Thread="1" ActualRows="0" Batches="0" ActualElapsedms="0" ActualCPUms="0" ActualScans="0" ActualLogicalReads="0" ActualPhysicalReads="0" ActualReadAheads="0" ActualLobLogicalReads="0" ActualLobPhysicalReads="0" ActualLobReadAheads="0" ActualEndOfScans="0" ActualExecutions="0" ActualExecutionMode="Row"></RunTimeCountersPerThread><RunTimeCountersPerThread Thread="0" ActualRows="0" Batches="0" ActualElapsedms="0" ActualCPUms="0" ActualScans="0" ActualLogicalReads="0" ActualPhysicalReads="0" ActualReadAheads="0" ActualLobLogicalReads="0" ActualLobPhysicalReads="0" ActualLobReadAheads="0" ActualEndOfScans="0" ActualExecutions="0" ActualExecutionMode="Row"></RunTimeCountersPerThread></RunTimeInformation><IndexScan Ordered="1" ScanDirection="FORWARD" ForcedIndex="0" ForceSeek="0" ForceScan="0" NoExpandHint="0" Storage="RowStore"><DefinedValues><DefinedValue><ColumnReference Database="[tpch]" Schema="[dbo]" Table="[nation]" Alias="[n2]" Column="N_RegionKey"></ColumnReference></DefinedValue></DefinedValues><Object Database="[tpch]" Schema="[dbo]" Table="[nation]" Index="[PK__nation__BD377952AE350C6C]" Alias="[n2]" TableReferenceId="2" IndexKind="Clustered" Storage="RowStore"></Object><SeekPredicates><SeekPredicateNew><SeekKeys><Prefix ScanType="EQ"><RangeColumns><ColumnReference Database="[tpch]" Schema="[dbo]" Table="[nation]" Alias="[n2]" Column="N_NationKey"></ColumnReference></RangeColumns><RangeExpressions><ScalarOperator ScalarString="[tpch].[dbo].[customer].[C_NationKey] as [c2].[C_NationKey]"><Identifier><ColumnReference Database="[tpch]" Schema="[dbo]" Table="[customer]" Alias="[c2]" Column="C_NationKey"></ColumnReference></Identifier></ScalarOperator></RangeExpressions></Prefix></SeekKeys></SeekPredicateNew></SeekPredicates></IndexScan></RelOp></NestedLoops></RelOp></StreamAggregate></RelOp><Predicate><ScalarOperator ScalarString="CASE WHEN [Expr1051]&gt;(1) THEN (0) ELSE NULL END"><IF><Condition><ScalarOperator><Compare CompareOp="GT"><ScalarOperator><Identifier><ColumnReference Column="Expr1051"></ColumnReference></Identifier></ScalarOperator><ScalarOperator><Const ConstValue="(1)"></Const></ScalarOperator></Compare></ScalarOperator></Condition><Then><ScalarOperator><Const ConstValue="(0)"></Const></ScalarOperator></Then><Else><ScalarOperator><Const ConstValue="NULL"></Const></ScalarOperator></Else></IF></ScalarOperator></Predicate></Assert></RelOp><RelOp NodeId="63" PhysicalOp="Assert" LogicalOp="Assert" EstimateRows="1" EstimateIO="0" EstimateCPU="4.8e-07" AvgRowSize="11" EstimatedTotalSubtreeCost="18.6524" Parallel="1" EstimateRebinds="60748" EstimateRewinds="64" EstimatedExecutionMode="Row"><OutputList><ColumnReference Column="Expr1050"></ColumnReference></OutputList><RunTimeInformation><RunTimeCountersPerThread Thread="12" ActualRows="0" Batches="0" ActualElapsedms="0" ActualCPUms="0" ActualEndOfScans="0" ActualExecutions="0" ActualExecutionMode="Row"></RunTimeCountersPerThread><RunTimeCountersPerThread Thread="11" ActualRows="3" Batches="0" ActualElapsedms="0" ActualCPUms="0" ActualEndOfScans="0" ActualExecutions="3" ActualExecutionMode="Row"></RunTimeCountersPerThread><RunTimeCountersPerThread Thread="10" ActualRows="0" Batches="0" ActualElapsedms="0" ActualCPUms="0" ActualEndOfScans="0" ActualExecutions="0" ActualExecutionMode="Row"></RunTimeCountersPerThread><RunTimeCountersPerThread Thread="9" ActualRows="0" Batches="0" ActualElapsedms="0" ActualCPUms="0" ActualEndOfScans="0" ActualExecutions="0" ActualExecutionMode="Row"></RunTimeCountersPerThread><RunTimeCountersPerThread Thread="8" ActualRows="0" Batches="0" ActualElapsedms="0" ActualCPUms="0" ActualEndOfScans="0" ActualExecutions="0" ActualExecutionMode="Row"></RunTimeCountersPerThread><RunTimeCountersPerThread Thread="7" ActualRows="0" Batches="0" ActualElapsedms="0" ActualCPUms="0" ActualEndOfScans="0" ActualExecutions="0" ActualExecutionMode="Row"></RunTimeCountersPerThread><RunTimeCountersPerThread Thread="6" ActualRows="0" Batches="0" ActualElapsedms="0" ActualCPUms="0" ActualEndOfScans="0" ActualExecutions="0" ActualExecutionMode="Row"></RunTimeCountersPerThread><RunTimeCountersPerThread Thread="5" ActualRows="0" Batches="0" ActualElapsedms="0" ActualCPUms="0" ActualEndOfScans="0" ActualExecutions="0" ActualExecutionMode="Row"></RunTimeCountersPerThread><RunTimeCountersPerThread Thread="4" ActualRows="0" Batches="0" ActualElapsedms="0" ActualCPUms="0" ActualEndOfScans="0" ActualExecutions="0" ActualExecutionMode="Row"></RunTimeCountersPerThread><RunTimeCountersPerThread Thread="3" ActualRows="0" Batches="0" ActualElapsedms="0" ActualCPUms="0" ActualEndOfScans="0" ActualExecutions="0" ActualExecutionMode="Row"></RunTimeCountersPerThread><RunTimeCountersPerThread Thread="2" ActualRows="0" Batches="0" ActualElapsedms="0" ActualCPUms="0" ActualEndOfScans="0" ActualExecutions="0" ActualExecutionMode="Row"></RunTimeCountersPerThread><RunTimeCountersPerThread Thread="1" ActualRows="0" Batches="0" ActualElapsedms="0" ActualCPUms="0" ActualEndOfScans="0" ActualExecutions="0" ActualExecutionMode="Row"></RunTimeCountersPerThread><RunTimeCountersPerThread Thread="0" ActualRows="0" Batches="0" ActualElapsedms="0" ActualCPUms="0" ActualEndOfScans="0" ActualExecutions="0" ActualExecutionMode="Row"></RunTimeCountersPerThread></RunTimeInformation><Assert StartupExpression="0"><RelOp NodeId="64" PhysicalOp="Stream Aggregate" LogicalOp="Aggregate" EstimateRows="1" EstimateIO="0" EstimateCPU="1.1e-06" AvgRowSize="19" EstimatedTotalSubtreeCost="18.6524" Parallel="1" EstimateRebinds="60748" EstimateRewinds="64" EstimatedExecutionMode="Row"><OutputList><ColumnReference Column="Expr1049"></ColumnReference><ColumnReference Column="Expr1050"></ColumnReference></OutputList><RunTimeInformation><RunTimeCountersPerThread Thread="12" ActualRows="0" Batches="0" ActualElapsedms="0" ActualCPUms="0" ActualEndOfScans="0" ActualExecutions="0" ActualExecutionMode="Row"></RunTimeCountersPerThread><RunTimeCountersPerThread Thread="11" ActualRows="3" Batches="0" ActualElapsedms="0" ActualCPUms="0" ActualEndOfScans="0" ActualExecutions="3" ActualExecutionMode="Row"></RunTimeCountersPerThread><RunTimeCountersPerThread Thread="10" ActualRows="0" Batches="0" ActualElapsedms="0" ActualCPUms="0" ActualEndOfScans="0" ActualExecutions="0" ActualExecutionMode="Row"></RunTimeCountersPerThread><RunTimeCountersPerThread Thread="9" ActualRows="0" Batches="0" ActualElapsedms="0" ActualCPUms="0" ActualEndOfScans="0" ActualExecutions="0" ActualExecutionMode="Row"></RunTimeCountersPerThread><RunTimeCountersPerThread Thread="8" ActualRows="0" Batches="0" ActualElapsedms="0" ActualCPUms="0" ActualEndOfScans="0" ActualExecutions="0" ActualExecutionMode="Row"></RunTimeCountersPerThread><RunTimeCountersPerThread Thread="7" ActualRows="0" Batches="0" ActualElapsedms="0" ActualCPUms="0" ActualEndOfScans="0" ActualExecutions="0" ActualExecutionMode="Row"></RunTimeCountersPerThread><RunTimeCountersPerThread Thread="6" ActualRows="0" Batches="0" ActualElapsedms="0" ActualCPUms="0" ActualEndOfScans="0" ActualExecutions="0" ActualExecutionMode="Row"></RunTimeCountersPerThread><RunTimeCountersPerThread Thread="5" ActualRows="0" Batches="0" ActualElapsedms="0" ActualCPUms="0" ActualEndOfScans="0" ActualExecutions="0" ActualExecutionMode="Row"></RunTimeCountersPerThread><RunTimeCountersPerThread Thread="4" ActualRows="0" Batches="0" ActualElapsedms="0" ActualCPUms="0" ActualEndOfScans="0" ActualExecutions="0" ActualExecutionMode="Row"></RunTimeCountersPerThread><RunTimeCountersPerThread Thread="3" ActualRows="0" Batches="0" ActualElapsedms="0" ActualCPUms="0" ActualEndOfScans="0" ActualExecutions="0" ActualExecutionMode="Row"></RunTimeCountersPerThread><RunTimeCountersPerThread Thread="2" ActualRows="0" Batches="0" ActualElapsedms="0" ActualCPUms="0" ActualEndOfScans="0" ActualExecutions="0" ActualExecutionMode="Row"></RunTimeCountersPerThread><RunTimeCountersPerThread Thread="1" ActualRows="0" Batches="0" ActualElapsedms="0" ActualCPUms="0" ActualEndOfScans="0" ActualExecutions="0" ActualExecutionMode="Row"></RunTimeCountersPerThread><RunTimeCountersPerThread Thread="0" ActualRows="0" Batches="0" ActualElapsedms="0" ActualCPUms="0" ActualEndOfScans="0" ActualExecutions="0" ActualExecutionMode="Row"></RunTimeCountersPerThread></RunTimeInformation><StreamAggregate><DefinedValues><DefinedValue><ColumnReference Column="Expr1049"></ColumnReference><ScalarOperator ScalarString="Count(*)"><Aggregate AggType="countstar" Distinct="0"></Aggregate></ScalarOperator></DefinedValue><DefinedValue><ColumnReference Column="Expr1050"></ColumnReference><ScalarOperator ScalarString="ANY([tpch].[dbo].[nation].[N_RegionKey] as [n].[N_RegionKey])"><Aggregate Distinct="0" AggType="ANY"><ScalarOperator><Identifier><ColumnReference Database="[tpch]" Schema="[dbo]" Table="[nation]" Alias="[n]" Column="N_RegionKey"></ColumnReference></Identifier></ScalarOperator></Aggregate></ScalarOperator></DefinedValue></DefinedValues><RelOp NodeId="65" PhysicalOp="Nested Loops" LogicalOp="Inner Join" EstimateRows="1" EstimateIO="0" EstimateCPU="4.18e-06" AvgRowSize="11" EstimatedTotalSubtreeCost="18.6524" Parallel="1" EstimateRebinds="60748" EstimateRewinds="64" EstimatedExecutionMode="Row"><OutputList><ColumnReference Database="[tpch]" Schema="[dbo]" Table="[nation]" Alias="[n]" Column="N_RegionKey"></ColumnReference></OutputList><RunTimeInformation><RunTimeCountersPerThread Thread="12" ActualRows="0" Batches="0" ActualElapsedms="0" ActualCPUms="0" ActualEndOfScans="0" ActualExecutions="0" ActualExecutionMode="Row"></RunTimeCountersPerThread><RunTimeCountersPerThread Thread="11" ActualRows="3" Batches="0" ActualElapsedms="0" ActualCPUms="0" ActualEndOfScans="3" ActualExecutions="3" ActualExecutionMode="Row"></RunTimeCountersPerThread><RunTimeCountersPerThread Thread="10" ActualRows="0" Batches="0" ActualElapsedms="0" ActualCPUms="0" ActualEndOfScans="0" ActualExecutions="0" ActualExecutionMode="Row"></RunTimeCountersPerThread><RunTimeCountersPerThread Thread="9" ActualRows="0" Batches="0" ActualElapsedms="0" ActualCPUms="0" ActualEndOfScans="0" ActualExecutions="0" ActualExecutionMode="Row"></RunTimeCountersPerThread><RunTimeCountersPerThread Thread="8" ActualRows="0" Batches="0" ActualElapsedms="0" ActualCPUms="0" ActualEndOfScans="0" ActualExecutions="0" ActualExecutionMode="Row"></RunTimeCountersPerThread><RunTimeCountersPerThread Thread="7" ActualRows="0" Batches="0" ActualElapsedms="0" ActualCPUms="0" ActualEndOfScans="0" ActualExecutions="0" ActualExecutionMode="Row"></RunTimeCountersPerThread><RunTimeCountersPerThread Thread="6" ActualRows="0" Batches="0" ActualElapsedms="0" ActualCPUms="0" ActualEndOfScans="0" ActualExecutions="0" ActualExecutionMode="Row"></RunTimeCountersPerThread><RunTimeCountersPerThread Thread="5" ActualRows="0" Batches="0" ActualElapsedms="0" ActualCPUms="0" ActualEndOfScans="0" ActualExecutions="0" ActualExecutionMode="Row"></RunTimeCountersPerThread><RunTimeCountersPerThread Thread="4" ActualRows="0" Batches="0" ActualElapsedms="0" ActualCPUms="0" ActualEndOfScans="0" ActualExecutions="0" ActualExecutionMode="Row"></RunTimeCountersPerThread><RunTimeCountersPerThread Thread="3" ActualRows="0" Batches="0" ActualElapsedms="0" ActualCPUms="0" ActualEndOfScans="0" ActualExecutions="0" ActualExecutionMode="Row"></RunTimeCountersPerThread><RunTimeCountersPerThread Thread="2" ActualRows="0" Batches="0" ActualElapsedms="0" ActualCPUms="0" ActualEndOfScans="0" ActualExecutions="0" ActualExecutionMode="Row"></RunTimeCountersPerThread><RunTimeCountersPerThread Thread="1" ActualRows="0" Batches="0" ActualElapsedms="0" ActualCPUms="0" ActualEndOfScans="0" ActualExecutions="0" ActualExecutionMode="Row"></RunTimeCountersPerThread><RunTimeCountersPerThread Thread="0" ActualRows="0" Batches="0" ActualElapsedms="0" ActualCPUms="0" ActualEndOfScans="0" ActualExecutions="0" ActualExecutionMode="Row"></RunTimeCountersPerThread></RunTimeInformation><NestedLoops Optimized="0"><OuterReferences><ColumnReference Database="[tpch]" Schema="[dbo]" Table="[customer]" Alias="[c]" Column="C_NationKey"></ColumnReference></OuterReferences><RelOp NodeId="66" PhysicalOp="Nested Loops" LogicalOp="Inner Join" EstimateRows="1" EstimateIO="0" EstimateCPU="4.18e-06" AvgRowSize="11" EstimatedTotalSubtreeCost="18.6524" Parallel="1" EstimateRebinds="60748" EstimateRewinds="64" EstimatedExecutionMode="Row"><OutputList><ColumnReference Database="[tpch]" Schema="[dbo]" Table="[customer]" Alias="[c]" Column="C_NationKey"></ColumnReference></OutputList><RunTimeInformation><RunTimeCountersPerThread Thread="12" ActualRows="0" Batches="0" ActualElapsedms="0" ActualCPUms="0" ActualEndOfScans="0" ActualExecutions="0" ActualExecutionMode="Row"></RunTimeCountersPerThread><RunTimeCountersPerThread Thread="11" ActualRows="3" Batches="0" ActualElapsedms="0" ActualCPUms="0" ActualEndOfScans="3" ActualExecutions="3" ActualExecutionMode="Row"></RunTimeCountersPerThread><RunTimeCountersPerThread Thread="10" ActualRows="0" Batches="0" ActualElapsedms="0" ActualCPUms="0" ActualEndOfScans="0" ActualExecutions="0" ActualExecutionMode="Row"></RunTimeCountersPerThread><RunTimeCountersPerThread Thread="9" ActualRows="0" Batches="0" ActualElapsedms="0" ActualCPUms="0" ActualEndOfScans="0" ActualExecutions="0" ActualExecutionMode="Row"></RunTimeCountersPerThread><RunTimeCountersPerThread Thread="8" ActualRows="0" Batches="0" ActualElapsedms="0" ActualCPUms="0" ActualEndOfScans="0" ActualExecutions="0" ActualExecutionMode="Row"></RunTimeCountersPerThread><RunTimeCountersPerThread Thread="7" ActualRows="0" Batches="0" ActualElapsedms="0" ActualCPUms="0" ActualEndOfScans="0" ActualExecutions="0" ActualExecutionMode="Row"></RunTimeCountersPerThread><RunTimeCountersPerThread Thread="6" ActualRows="0" Batches="0" ActualElapsedms="0" ActualCPUms="0" ActualEndOfScans="0" ActualExecutions="0" ActualExecutionMode="Row"></RunTimeCountersPerThread><RunTimeCountersPerThread Thread="5" ActualRows="0" Batches="0" ActualElapsedms="0" ActualCPUms="0" ActualEndOfScans="0" ActualExecutions="0" ActualExecutionMode="Row"></RunTimeCountersPerThread><RunTimeCountersPerThread Thread="4" ActualRows="0" Batches="0" ActualElapsedms="0" ActualCPUms="0" ActualEndOfScans="0" ActualExecutions="0" ActualExecutionMode="Row"></RunTimeCountersPerThread><RunTimeCountersPerThread Thread="3" ActualRows="0" Batches="0" ActualElapsedms="0" ActualCPUms="0" ActualEndOfScans="0" ActualExecutions="0" ActualExecutionMode="Row"></RunTimeCountersPerThread><RunTimeCountersPerThread Thread="2" ActualRows="0" Batches="0" ActualElapsedms="0" ActualCPUms="0" ActualEndOfScans="0" ActualExecutions="0" ActualExecutionMode="Row"></RunTimeCountersPerThread><RunTimeCountersPerThread Thread="1" ActualRows="0" Batches="0" ActualElapsedms="0" ActualCPUms="0" ActualEndOfScans="0" ActualExecutions="0" ActualExecutionMode="Row"></RunTimeCountersPerThread><RunTimeCountersPerThread Thread="0" ActualRows="0" Batches="0" ActualElapsedms="0" ActualCPUms="0" ActualEndOfScans="0" ActualExecutions="0" ActualExecutionMode="Row"></RunTimeCountersPerThread></RunTimeInformation><NestedLoops Optimized="0"><OuterReferences><ColumnReference Database="[tpch]" Schema="[dbo]" Table="[orders]" Alias="[o]" Column="O_CustKey"></ColumnReference></OuterReferences><RelOp NodeId="67" PhysicalOp="Clustered Index Seek" LogicalOp="Clustered Index Seek" EstimateRows="1" EstimatedRowsRead="1" EstimateIO="0.003125" EstimateCPU="0.0001581" AvgRowSize="11" EstimatedTotalSubtreeCost="18.6524" TableCardinality="1.5e+06" Parallel="1" EstimateRebinds="60748" EstimateRewinds="64" EstimatedExecutionMode="Row"><OutputList><ColumnReference Database="[tpch]" Schema="[dbo]" Table="[orders]" Alias="[o]" Column="O_CustKey"></ColumnReference></OutputList><RunTimeInformation><RunTimeCountersPerThread Thread="12" ActualRows="0" Batches="0" ActualElapsedms="0" ActualCPUms="0" ActualScans="0" ActualLogicalReads="0" ActualPhysicalReads="0" ActualReadAheads="0" ActualLobLogicalReads="0" ActualLobPhysicalReads="0" ActualLobReadAheads="0" ActualEndOfScans="0" ActualExecutions="0" ActualExecutionMode="Row"></RunTimeCountersPerThread><RunTimeCountersPerThread Thread="11" ActualRows="3" Batches="0" ActualElapsedms="0" ActualCPUms="0" ActualScans="0" ActualLogicalReads="9" ActualPhysicalReads="0" ActualReadAheads="0" ActualLobLogicalReads="0" ActualLobPhysicalReads="0" ActualLobReadAheads="0" ActualRowsRead="3" ActualEndOfScans="3" ActualExecutions="3" ActualExecutionMode="Row"></RunTimeCountersPerThread><RunTimeCountersPerThread Thread="10" ActualRows="0" Batches="0" ActualElapsedms="0" ActualCPUms="0" ActualScans="0" ActualLogicalReads="0" ActualPhysicalReads="0" ActualReadAheads="0" ActualLobLogicalReads="0" ActualLobPhysicalReads="0" ActualLobReadAheads="0" ActualEndOfScans="0" ActualExecutions="0" ActualExecutionMode="Row"></RunTimeCountersPerThread><RunTimeCountersPerThread Thread="9" ActualRows="0" Batches="0" ActualElapsedms="0" ActualCPUms="0" ActualScans="0" ActualLogicalReads="0" ActualPhysicalReads="0" ActualReadAheads="0" ActualLobLogicalReads="0" ActualLobPhysicalReads="0" ActualLobReadAheads="0" ActualEndOfScans="0" ActualExecutions="0" ActualExecutionMode="Row"></RunTimeCountersPerThread><RunTimeCountersPerThread Thread="8" ActualRows="0" Batches="0" ActualElapsedms="0" ActualCPUms="0" ActualScans="0" ActualLogicalReads="0" ActualPhysicalReads="0" ActualReadAheads="0" ActualLobLogicalReads="0" ActualLobPhysicalReads="0" ActualLobReadAheads="0" ActualEndOfScans="0" ActualExecutions="0" ActualExecutionMode="Row"></RunTimeCountersPerThread><RunTimeCountersPerThread Thread="7" ActualRows="0" Batches="0" ActualElapsedms="0" ActualCPUms="0" ActualScans="0" ActualLogicalReads="0" ActualPhysicalReads="0" ActualReadAheads="0" ActualLobLogicalReads="0" ActualLobPhysicalReads="0" ActualLobReadAheads="0" ActualEndOfScans="0" ActualExecutions="0" ActualExecutionMode="Row"></RunTimeCountersPerThread><RunTimeCountersPerThread Thread="6" ActualRows="0" Batches="0" ActualElapsedms="0" ActualCPUms="0" ActualScans="0" ActualLogicalReads="0" ActualPhysicalReads="0" ActualReadAheads="0" ActualLobLogicalReads="0" ActualLobPhysicalReads="0" ActualLobReadAheads="0" ActualEndOfScans="0" ActualExecutions="0" ActualExecutionMode="Row"></RunTimeCountersPerThread><RunTimeCountersPerThread Thread="5" ActualRows="0" Batches="0" ActualElapsedms="0" ActualCPUms="0" ActualScans="0" ActualLogicalReads="0" ActualPhysicalReads="0" ActualReadAheads="0" ActualLobLogicalReads="0" ActualLobPhysicalReads="0" ActualLobReadAheads="0" ActualEndOfScans="0" ActualExecutions="0" ActualExecutionMode="Row"></RunTimeCountersPerThread><RunTimeCountersPerThread Thread="4" ActualRows="0" Batches="0" ActualElapsedms="0" ActualCPUms="0" ActualScans="0" ActualLogicalReads="0" ActualPhysicalReads="0" ActualReadAheads="0" ActualLobLogicalReads="0" ActualLobPhysicalReads="0" ActualLobReadAheads="0" ActualEndOfScans="0" ActualExecutions="0" ActualExecutionMode="Row"></RunTimeCountersPerThread><RunTimeCountersPerThread Thread="3" ActualRows="0" Batches="0" ActualElapsedms="0" ActualCPUms="0" ActualScans="0" ActualLogicalReads="0" ActualPhysicalReads="0" ActualReadAheads="0" ActualLobLogicalReads="0" ActualLobPhysicalReads="0" ActualLobReadAheads="0" ActualEndOfScans="0" ActualExecutions="0" ActualExecutionMode="Row"></RunTimeCountersPerThread><RunTimeCountersPerThread Thread="2" ActualRows="0" Batches="0" ActualElapsedms="0" ActualCPUms="0" ActualScans="0" ActualLogicalReads="0" ActualPhysicalReads="0" ActualReadAheads="0" ActualLobLogicalReads="0" ActualLobPhysicalReads="0" ActualLobReadAheads="0" ActualEndOfScans="0" ActualExecutions="0" ActualExecutionMode="Row"></RunTimeCountersPerThread><RunTimeCountersPerThread Thread="1" ActualRows="0" Batches="0" ActualElapsedms="0" ActualCPUms="0" ActualScans="0" ActualLogicalReads="0" ActualPhysicalReads="0" ActualReadAheads="0" ActualLobLogicalReads="0" ActualLobPhysicalReads="0" ActualLobReadAheads="0" ActualEndOfScans="0" ActualExecutions="0" ActualExecutionMode="Row"></RunTimeCountersPerThread><RunTimeCountersPerThread Thread="0" ActualRows="0" Batches="0" ActualElapsedms="0" ActualCPUms="0" ActualScans="0" ActualLogicalReads="0" ActualPhysicalReads="0" ActualReadAheads="0" ActualLobLogicalReads="0" ActualLobPhysicalReads="0" ActualLobReadAheads="0" ActualEndOfScans="0" ActualExecutions="0" ActualExecutionMode="Row"></RunTimeCountersPerThread></RunTimeInformation><IndexScan Ordered="1" ScanDirection="FORWARD" ForcedIndex="0" ForceSeek="0" ForceScan="0" NoExpandHint="0" Storage="RowStore"><DefinedValues><DefinedValue><ColumnReference Database="[tpch]" Schema="[dbo]" Table="[orders]" Alias="[o]" Column="O_CustKey"></ColumnReference></DefinedValue></DefinedValues><Object Database="[tpch]" Schema="[dbo]" Table="[orders]" Index="[PK__orders__0F8A1252147E7971]" Alias="[o]" TableReferenceId="3" IndexKind="Clustered" Storage="RowStore"></Object><SeekPredicates><SeekPredicateNew><SeekKeys><Prefix ScanType="EQ"><RangeColumns><ColumnReference Database="[tpch]" Schema="[dbo]" Table="[orders]" Alias="[o]" Column="O_OrderKey"></ColumnReference></RangeColumns><RangeExpressions><ScalarOperator ScalarString="CONVERT_IMPLICIT(bigint,[tpch].[dbo].[lineitem].[L_OrderKey] as [l2].[L_OrderKey],0)"><Convert DataType="bigint" Style="0" Implicit="1"><ScalarOperator><Identifier><ColumnReference Database="[tpch]" Schema="[dbo]" Table="[lineitem]" Alias="[l2]" Column="L_OrderKey"></ColumnReference></Identifier></ScalarOperator></Convert></ScalarOperator></RangeExpressions></Prefix></SeekKeys></SeekPredicateNew></SeekPredicates></IndexScan></RelOp><RelOp NodeId="68" PhysicalOp="Clustered Index Seek" LogicalOp="Clustered Index Seek" EstimateRows="1" EstimatedRowsRead="1" EstimateIO="0.003125" EstimateCPU="0.0001581" AvgRowSize="11" EstimatedTotalSubtreeCost="18.6524" TableCardinality="150000" Parallel="1" EstimateRebinds="60748" EstimateRewinds="64" EstimatedExecutionMode="Row"><OutputList><ColumnReference Database="[tpch]" Schema="[dbo]" Table="[customer]" Alias="[c]" Column="C_NationKey"></ColumnReference></OutputList><RunTimeInformation><RunTimeCountersPerThread Thread="12" ActualRows="0" Batches="0" ActualElapsedms="0" ActualCPUms="0" ActualScans="0" ActualLogicalReads="0" ActualPhysicalReads="0" ActualReadAheads="0" ActualLobLogicalReads="0" ActualLobPhysicalReads="0" ActualLobReadAheads="0" ActualEndOfScans="0" ActualExecutions="0" ActualExecutionMode="Row"></RunTimeCountersPerThread><RunTimeCountersPerThread Thread="11" ActualRows="3" Batches="0" ActualElapsedms="0" ActualCPUms="0" ActualScans="0" ActualLogicalReads="9" ActualPhysicalReads="0" ActualReadAheads="0" ActualLobLogicalReads="0" ActualLobPhysicalReads="0" ActualLobReadAheads="0" ActualRowsRead="3" ActualEndOfScans="0" ActualExecutions="3" ActualExecutionMode="Row"></RunTimeCountersPerThread><RunTimeCountersPerThread Thread="10" ActualRows="0" Batches="0" ActualElapsedms="0" ActualCPUms="0" ActualScans="0" ActualLogicalReads="0" ActualPhysicalReads="0" ActualReadAheads="0" ActualLobLogicalReads="0" ActualLobPhysicalReads="0" ActualLobReadAheads="0" ActualEndOfScans="0" ActualExecutions="0" ActualExecutionMode="Row"></RunTimeCountersPerThread><RunTimeCountersPerThread Thread="9" ActualRows="0" Batches="0" ActualElapsedms="0" ActualCPUms="0" ActualScans="0" ActualLogicalReads="0" ActualPhysicalReads="0" ActualReadAheads="0" ActualLobLogicalReads="0" ActualLobPhysicalReads="0" ActualLobReadAheads="0" ActualEndOfScans="0" ActualExecutions="0" ActualExecutionMode="Row"></RunTimeCountersPerThread><RunTimeCountersPerThread Thread="8" ActualRows="0" Batches="0" ActualElapsedms="0" ActualCPUms="0" ActualScans="0" ActualLogicalReads="0" ActualPhysicalReads="0" ActualReadAheads="0" ActualLobLogicalReads="0" ActualLobPhysicalReads="0" ActualLobReadAheads="0" ActualEndOfScans="0" ActualExecutions="0" ActualExecutionMode="Row"></RunTimeCountersPerThread><RunTimeCountersPerThread Thread="7" ActualRows="0" Batches="0" ActualElapsedms="0" ActualCPUms="0" ActualScans="0" ActualLogicalReads="0" ActualPhysicalReads="0" ActualReadAheads="0" ActualLobLogicalReads="0" ActualLobPhysicalReads="0" ActualLobReadAheads="0" ActualEndOfScans="0" ActualExecutions="0" ActualExecutionMode="Row"></RunTimeCountersPerThread><RunTimeCountersPerThread Thread="6" ActualRows="0" Batches="0" ActualElapsedms="0" ActualCPUms="0" ActualScans="0" ActualLogicalReads="0" ActualPhysicalReads="0" ActualReadAheads="0" ActualLobLogicalReads="0" ActualLobPhysicalReads="0" ActualLobReadAheads="0" ActualEndOfScans="0" ActualExecutions="0" ActualExecutionMode="Row"></RunTimeCountersPerThread><RunTimeCountersPerThread Thread="5" ActualRows="0" Batches="0" ActualElapsedms="0" ActualCPUms="0" ActualScans="0" ActualLogicalReads="0" ActualPhysicalReads="0" ActualReadAheads="0" ActualLobLogicalReads="0" ActualLobPhysicalReads="0" ActualLobReadAheads="0" ActualEndOfScans="0" ActualExecutions="0" ActualExecutionMode="Row"></RunTimeCountersPerThread><RunTimeCountersPerThread Thread="4" ActualRows="0" Batches="0" ActualElapsedms="0" ActualCPUms="0" ActualScans="0" ActualLogicalReads="0" ActualPhysicalReads="0" ActualReadAheads="0" ActualLobLogicalReads="0" ActualLobPhysicalReads="0" ActualLobReadAheads="0" ActualEndOfScans="0" ActualExecutions="0" ActualExecutionMode="Row"></RunTimeCountersPerThread><RunTimeCountersPerThread Thread="3" ActualRows="0" Batches="0" ActualElapsedms="0" ActualCPUms="0" ActualScans="0" ActualLogicalReads="0" ActualPhysicalReads="0" ActualReadAheads="0" ActualLobLogicalReads="0" ActualLobPhysicalReads="0" ActualLobReadAheads="0" ActualEndOfScans="0" ActualExecutions="0" ActualExecutionMode="Row"></RunTimeCountersPerThread><RunTimeCountersPerThread Thread="2" ActualRows="0" Batches="0" ActualElapsedms="0" ActualCPUms="0" ActualScans="0" ActualLogicalReads="0" ActualPhysicalReads="0" ActualReadAheads="0" ActualLobLogicalReads="0" ActualLobPhysicalReads="0" ActualLobReadAheads="0" ActualEndOfScans="0" ActualExecutions="0" ActualExecutionMode="Row"></RunTimeCountersPerThread><RunTimeCountersPerThread Thread="1" ActualRows="0" Batches="0" ActualElapsedms="0" ActualCPUms="0" ActualScans="0" ActualLogicalReads="0" ActualPhysicalReads="0" ActualReadAheads="0" ActualLobLogicalReads="0" ActualLobPhysicalReads="0" ActualLobReadAheads="0" ActualEndOfScans="0" ActualExecutions="0" ActualExecutionMode="Row"></RunTimeCountersPerThread><RunTimeCountersPerThread Thread="0" ActualRows="0" Batches="0" ActualElapsedms="0" ActualCPUms="0" ActualScans="0" ActualLogicalReads="0" ActualPhysicalReads="0" ActualReadAheads="0" ActualLobLogicalReads="0" ActualLobPhysicalReads="0" ActualLobReadAheads="0" ActualEndOfScans="0" ActualExecutions="0" ActualExecutionMode="Row"></RunTimeCountersPerThread></RunTimeInformation><IndexScan Ordered="1" ScanDirection="FORWARD" ForcedIndex="0" ForceSeek="0" ForceScan="0" NoExpandHint="0" Storage="RowStore"><DefinedValues><DefinedValue><ColumnReference Database="[tpch]" Schema="[dbo]" Table="[customer]" Alias="[c]" Column="C_NationKey"></ColumnReference></DefinedValue></DefinedValues><Object Database="[tpch]" Schema="[dbo]" Table="[customer]" Index="[PK__customer__48695B7174053BCB]" Alias="[c]" TableReferenceId="2" IndexKind="Clustered" Storage="RowStore"></Object><SeekPredicates><SeekPredicateNew><SeekKeys><Prefix ScanType="EQ"><RangeColumns><ColumnReference Database="[tpch]" Schema="[dbo]" Table="[customer]" Alias="[c]" Column="C_CustKey"></ColumnReference></RangeColumns><RangeExpressions><ScalarOperator ScalarString="[tpch].[dbo].[orders].[O_CustKey] as [o].[O_CustKey]"><Identifier><ColumnReference Database="[tpch]" Schema="[dbo]" Table="[orders]" Alias="[o]" Column="O_CustKey"></ColumnReference></Identifier></ScalarOperator></RangeExpressions></Prefix></SeekKeys></SeekPredicateNew></SeekPredicates></IndexScan></RelOp></NestedLoops></RelOp><RelOp NodeId="69" PhysicalOp="Clustered Index Seek" LogicalOp="Clustered Index Seek" EstimateRows="1" EstimatedRowsRead="1" EstimateIO="0.003125" EstimateCPU="0.0001581" AvgRowSize="11" EstimatedTotalSubtreeCost="9.61766" TableCardinality="25" Parallel="1" EstimateRebinds="60748" EstimateRewinds="64" EstimatedExecutionMode="Row"><OutputList><ColumnReference Database="[tpch]" Schema="[dbo]" Table="[nation]" Alias="[n]" Column="N_RegionKey"></ColumnReference></OutputList><RunTimeInformation><RunTimeCountersPerThread Thread="12" ActualRows="0" Batches="0" ActualElapsedms="0" ActualCPUms="0" ActualScans="0" ActualLogicalReads="0" ActualPhysicalReads="0" ActualReadAheads="0" ActualLobLogicalReads="0" ActualLobPhysicalReads="0" ActualLobReadAheads="0" ActualEndOfScans="0" ActualExecutions="0" ActualExecutionMode="Row"></RunTimeCountersPerThread><RunTimeCountersPerThread Thread="11" ActualRows="3" Batches="0" ActualElapsedms="0" ActualCPUms="0" ActualScans="0" ActualLogicalReads="6" ActualPhysicalReads="0" ActualReadAheads="0" ActualLobLogicalReads="0" ActualLobPhysicalReads="0" ActualLobReadAheads="0" ActualRowsRead="3" ActualEndOfScans="0" ActualExecutions="3" ActualExecutionMode="Row"></RunTimeCountersPerThread><RunTimeCountersPerThread Thread="10" ActualRows="0" Batches="0" ActualElapsedms="0" ActualCPUms="0" ActualScans="0" ActualLogicalReads="0" ActualPhysicalReads="0" ActualReadAheads="0" ActualLobLogicalReads="0" ActualLobPhysicalReads="0" ActualLobReadAheads="0" ActualEndOfScans="0" ActualExecutions="0" ActualExecutionMode="Row"></RunTimeCountersPerThread><RunTimeCountersPerThread Thread="9" ActualRows="0" Batches="0" ActualElapsedms="0" ActualCPUms="0" ActualScans="0" ActualLogicalReads="0" ActualPhysicalReads="0" ActualReadAheads="0" ActualLobLogicalReads="0" ActualLobPhysicalReads="0" ActualLobReadAheads="0" ActualEndOfScans="0" ActualExecutions="0" ActualExecutionMode="Row"></RunTimeCountersPerThread><RunTimeCountersPerThread Thread="8" ActualRows="0" Batches="0" ActualElapsedms="0" ActualCPUms="0" ActualScans="0" ActualLogicalReads="0" ActualPhysicalReads="0" ActualReadAheads="0" ActualLobLogicalReads="0" ActualLobPhysicalReads="0" ActualLobReadAheads="0" ActualEndOfScans="0" ActualExecutions="0" ActualExecutionMode="Row"></RunTimeCountersPerThread><RunTimeCountersPerThread Thread="7" ActualRows="0" Batches="0" ActualElapsedms="0" ActualCPUms="0" ActualScans="0" ActualLogicalReads="0" ActualPhysicalReads="0" ActualReadAheads="0" ActualLobLogicalReads="0" ActualLobPhysicalReads="0" ActualLobReadAheads="0" ActualEndOfScans="0" ActualExecutions="0" ActualExecutionMode="Row"></RunTimeCountersPerThread><RunTimeCountersPerThread Thread="6" ActualRows="0" Batches="0" ActualElapsedms="0" ActualCPUms="0" ActualScans="0" ActualLogicalReads="0" ActualPhysicalReads="0" ActualReadAheads="0" ActualLobLogicalReads="0" ActualLobPhysicalReads="0" ActualLobReadAheads="0" ActualEndOfScans="0" ActualExecutions="0" ActualExecutionMode="Row"></RunTimeCountersPerThread><RunTimeCountersPerThread Thread="5" ActualRows="0" Batches="0" ActualElapsedms="0" ActualCPUms="0" ActualScans="0" ActualLogicalReads="0" ActualPhysicalReads="0" ActualReadAheads="0" ActualLobLogicalReads="0" ActualLobPhysicalReads="0" ActualLobReadAheads="0" ActualEndOfScans="0" ActualExecutions="0" ActualExecutionMode="Row"></RunTimeCountersPerThread><RunTimeCountersPerThread Thread="4" ActualRows="0" Batches="0" ActualElapsedms="0" ActualCPUms="0" ActualScans="0" ActualLogicalReads="0" ActualPhysicalReads="0" ActualReadAheads="0" ActualLobLogicalReads="0" ActualLobPhysicalReads="0" ActualLobReadAheads="0" ActualEndOfScans="0" ActualExecutions="0" ActualExecutionMode="Row"></RunTimeCountersPerThread><RunTimeCountersPerThread Thread="3" ActualRows="0" Batches="0" ActualElapsedms="0" ActualCPUms="0" ActualScans="0" ActualLogicalReads="0" ActualPhysicalReads="0" ActualReadAheads="0" ActualLobLogicalReads="0" ActualLobPhysicalReads="0" ActualLobReadAheads="0" ActualEndOfScans="0" ActualExecutions="0" ActualExecutionMode="Row"></RunTimeCountersPerThread><RunTimeCountersPerThread Thread="2" ActualRows="0" Batches="0" ActualElapsedms="0" ActualCPUms="0" ActualScans="0" ActualLogicalReads="0" ActualPhysicalReads="0" ActualReadAheads="0" ActualLobLogicalReads="0" ActualLobPhysicalReads="0" ActualLobReadAheads="0" ActualEndOfScans="0" ActualExecutions="0" ActualExecutionMode="Row"></RunTimeCountersPerThread><RunTimeCountersPerThread Thread="1" ActualRows="0" Batches="0" ActualElapsedms="0" ActualCPUms="0" ActualScans="0" ActualLogicalReads="0" ActualPhysicalReads="0" ActualReadAheads="0" ActualLobLogicalReads="0" ActualLobPhysicalReads="0" ActualLobReadAheads="0" ActualEndOfScans="0" ActualExecutions="0" ActualExecutionMode="Row"></RunTimeCountersPerThread><RunTimeCountersPerThread Thread="0" ActualRows="0" Batches="0" ActualElapsedms="0" ActualCPUms="0" ActualScans="0" ActualLogicalReads="0" ActualPhysicalReads="0" ActualReadAheads="0" ActualLobLogicalReads="0" ActualLobPhysicalReads="0" ActualLobReadAheads="0" ActualEndOfScans="0" ActualExecutions="0" ActualExecutionMode="Row"></RunTimeCountersPerThread></RunTimeInformation><IndexScan Ordered="1" ScanDirection="FORWARD" ForcedIndex="0" ForceSeek="0" ForceScan="0" NoExpandHint="0" Storage="RowStore"><DefinedValues><DefinedValue><ColumnReference Database="[tpch]" Schema="[dbo]" Table="[nation]" Alias="[n]" Column="N_RegionKey"></ColumnReference></DefinedValue></DefinedValues><Object Database="[tpch]" Schema="[dbo]" Table="[nation]" Index="[PK__nation__BD377952AE350C6C]" Alias="[n]" TableReferenceId="3" IndexKind="Clustered" Storage="RowStore"></Object><SeekPredicates><SeekPredicateNew><SeekKeys><Prefix ScanType="EQ"><RangeColumns><ColumnReference Database="[tpch]" Schema="[dbo]" Table="[nation]" Alias="[n]" Column="N_NationKey"></ColumnReference></RangeColumns><RangeExpressions><ScalarOperator ScalarString="[tpch].[dbo].[customer].[C_NationKey] as [c].[C_NationKey]"><Identifier><ColumnReference Database="[tpch]" Schema="[dbo]" Table="[customer]" Alias="[c]" Column="C_NationKey"></ColumnReference></Identifier></ScalarOperator></RangeExpressions></Prefix></SeekKeys></SeekPredicateNew></SeekPredicates></IndexScan></RelOp></NestedLoops></RelOp></StreamAggregate></RelOp><Predicate><ScalarOperator ScalarString="CASE WHEN [Expr1049]&gt;(1) THEN (0) ELSE NULL END"><IF><Condition><ScalarOperator><Compare CompareOp="GT"><ScalarOperator><Identifier><ColumnReference Column="Expr1049"></ColumnReference></Identifier></ScalarOperator><ScalarOperator><Const ConstValue="(1)"></Const></ScalarOperator></Compare></ScalarOperator></Condition><Then><ScalarOperator><Const ConstValue="(0)"></Const></ScalarOperator></Then><Else><ScalarOperator><Const ConstValue="NULL"></Const></ScalarOperator></Else></IF></ScalarOperator></Predicate></Assert></RelOp></NestedLoops></RelOp><RelOp NodeId="70" PhysicalOp="Filter" LogicalOp="Filter" EstimateRows="1" EstimateIO="0" EstimateCPU="8.8e-07" AvgRowSize="9" EstimatedTotalSubtreeCost="18.6524" Parallel="1" EstimateRebinds="60748" EstimateRewinds="64" EstimatedExecutionMode="Row"><OutputList></OutputList><RunTimeInformation><RunTimeCountersPerThread Thread="12" ActualRows="0" Batches="0" ActualElapsedms="0" ActualCPUms="0" ActualEndOfScans="0" ActualExecutions="0" ActualExecutionMode="Row"></RunTimeCountersPerThread><RunTimeCountersPerThread Thread="11" ActualRows="0" Batches="0" ActualElapsedms="0" ActualCPUms="0" ActualEndOfScans="3" ActualExecutions="3" ActualExecutionMode="Row"></RunTimeCountersPerThread><RunTimeCountersPerThread Thread="10" ActualRows="0" Batches="0" ActualElapsedms="0" ActualCPUms="0" ActualEndOfScans="0" ActualExecutions="0" ActualExecutionMode="Row"></RunTimeCountersPerThread><RunTimeCountersPerThread Thread="9" ActualRows="0" Batches="0" ActualElapsedms="0" ActualCPUms="0" ActualEndOfScans="0" ActualExecutions="0" ActualExecutionMode="Row"></RunTimeCountersPerThread><RunTimeCountersPerThread Thread="8" ActualRows="0" Batches="0" ActualElapsedms="0" ActualCPUms="0" ActualEndOfScans="0" ActualExecutions="0" ActualExecutionMode="Row"></RunTimeCountersPerThread><RunTimeCountersPerThread Thread="7" ActualRows="0" Batches="0" ActualElapsedms="0" ActualCPUms="0" ActualEndOfScans="0" ActualExecutions="0" ActualExecutionMode="Row"></RunTimeCountersPerThread><RunTimeCountersPerThread Thread="6" ActualRows="0" Batches="0" ActualElapsedms="0" ActualCPUms="0" ActualEndOfScans="0" ActualExecutions="0" ActualExecutionMode="Row"></RunTimeCountersPerThread><RunTimeCountersPerThread Thread="5" ActualRows="0" Batches="0" ActualElapsedms="0" ActualCPUms="0" ActualEndOfScans="0" ActualExecutions="0" ActualExecutionMode="Row"></RunTimeCountersPerThread><RunTimeCountersPerThread Thread="4" ActualRows="0" Batches="0" ActualElapsedms="0" ActualCPUms="0" ActualEndOfScans="0" ActualExecutions="0" ActualExecutionMode="Row"></RunTimeCountersPerThread><RunTimeCountersPerThread Thread="3" ActualRows="0" Batches="0" ActualElapsedms="0" ActualCPUms="0" ActualEndOfScans="0" ActualExecutions="0" ActualExecutionMode="Row"></RunTimeCountersPerThread><RunTimeCountersPerThread Thread="2" ActualRows="0" Batches="0" ActualElapsedms="0" ActualCPUms="0" ActualEndOfScans="0" ActualExecutions="0" ActualExecutionMode="Row"></RunTimeCountersPerThread><RunTimeCountersPerThread Thread="1" ActualRows="0" Batches="0" ActualElapsedms="0" ActualCPUms="0" ActualEndOfScans="0" ActualExecutions="0" ActualExecutionMode="Row"></RunTimeCountersPerThread><RunTimeCountersPerThread Thread="0" ActualRows="0" Batches="0" ActualElapsedms="0" ActualCPUms="0" ActualEndOfScans="0" ActualExecutions="0" ActualExecutionMode="Row"></RunTimeCountersPerThread></RunTimeInformation><Filter StartupExpression="0"><RelOp NodeId="71" PhysicalOp="Compute Scalar" LogicalOp="Compute Scalar" EstimateRows="1" EstimateIO="0" EstimateCPU="0" AvgRowSize="11" EstimatedTotalSubtreeCost="18.6524" Parallel="1" EstimateRebinds="60748" EstimateRewinds="64" EstimatedExecutionMode="Row"><OutputList><ColumnReference Column="Expr1017"></ColumnReference></OutputList><ComputeScalar><DefinedValues><DefinedValue><ColumnReference Column="Expr1017"></ColumnReference><ScalarOperator ScalarString="CASE WHEN [Expr1250]=(0) THEN NULL ELSE [Expr1251] END"><IF><Condition><ScalarOperator><Compare CompareOp="EQ"><ScalarOperator><Identifier><ColumnReference Column="Expr1250"></ColumnReference></Identifier></ScalarOperator><ScalarOperator><Const ConstValue="(0)"></Const></ScalarOperator></Compare></ScalarOperator></Condition><Then><ScalarOperator><Const ConstValue="NULL"></Const></ScalarOperator></Then><Else><ScalarOperator><Identifier><ColumnReference Column="Expr1251"></ColumnReference></Identifier></ScalarOperator></Else></IF></ScalarOperator></DefinedValue></DefinedValues><RelOp NodeId="72" PhysicalOp="Stream Aggregate" LogicalOp="Aggregate" EstimateRows="1" EstimateIO="0" EstimateCPU="1.85036e-05" AvgRowSize="11" EstimatedTotalSubtreeCost="18.6524" Parallel="1" EstimateRebinds="60748" EstimateRewinds="64" EstimatedExecutionMode="Row"><OutputList><ColumnReference Column="Expr1250"></ColumnReference><ColumnReference Column="Expr1251"></ColumnReference></OutputList><RunTimeInformation><RunTimeCountersPerThread Thread="12" ActualRows="0" Batches="0" ActualElapsedms="0" ActualCPUms="0" ActualEndOfScans="0" ActualExecutions="0" ActualExecutionMode="Row"></RunTimeCountersPerThread><RunTimeCountersPerThread Thread="11" ActualRows="3" Batches="0" ActualElapsedms="0" ActualCPUms="0" ActualEndOfScans="3" ActualExecutions="3" ActualExecutionMode="Row"></RunTimeCountersPerThread><RunTimeCountersPerThread Thread="10" ActualRows="0" Batches="0" ActualElapsedms="0" ActualCPUms="0" ActualEndOfScans="0" ActualExecutions="0" ActualExecutionMode="Row"></RunTimeCountersPerThread><RunTimeCountersPerThread Thread="9" ActualRows="0" Batches="0" ActualElapsedms="0" ActualCPUms="0" ActualEndOfScans="0" ActualExecutions="0" ActualExecutionMode="Row"></RunTimeCountersPerThread><RunTimeCountersPerThread Thread="8" ActualRows="0" Batches="0" ActualElapsedms="0" ActualCPUms="0" ActualEndOfScans="0" ActualExecutions="0" ActualExecutionMode="Row"></RunTimeCountersPerThread><RunTimeCountersPerThread Thread="7" ActualRows="0" Batches="0" ActualElapsedms="0" ActualCPUms="0" ActualEndOfScans="0" ActualExecutions="0" ActualExecutionMode="Row"></RunTimeCountersPerThread><RunTimeCountersPerThread Thread="6" ActualRows="0" Batches="0" ActualElapsedms="0" ActualCPUms="0" ActualEndOfScans="0" ActualExecutions="0" ActualExecutionMode="Row"></RunTimeCountersPerThread><RunTimeCountersPerThread Thread="5" ActualRows="0" Batches="0" ActualElapsedms="0" ActualCPUms="0" ActualEndOfScans="0" ActualExecutions="0" ActualExecutionMode="Row"></RunTimeCountersPerThread><RunTimeCountersPerThread Thread="4" ActualRows="0" Batches="0" ActualElapsedms="0" ActualCPUms="0" ActualEndOfScans="0" ActualExecutions="0" ActualExecutionMode="Row"></RunTimeCountersPerThread><RunTimeCountersPerThread Thread="3" ActualRows="0" Batches="0" ActualElapsedms="0" ActualCPUms="0" ActualEndOfScans="0" ActualExecutions="0" ActualExecutionMode="Row"></RunTimeCountersPerThread><RunTimeCountersPerThread Thread="2" ActualRows="0" Batches="0" ActualElapsedms="0" ActualCPUms="0" ActualEndOfScans="0" ActualExecutions="0" ActualExecutionMode="Row"></RunTimeCountersPerThread><RunTimeCountersPerThread Thread="1" ActualRows="0" Batches="0" ActualElapsedms="0" ActualCPUms="0" ActualEndOfScans="0" ActualExecutions="0" ActualExecutionMode="Row"></RunTimeCountersPerThread><RunTimeCountersPerThread Thread="0" ActualRows="0" Batches="0" ActualElapsedms="0" ActualCPUms="0" ActualEndOfScans="0" ActualExecutions="0" ActualExecutionMode="Row"></RunTimeCountersPerThread></RunTimeInformation><StreamAggregate><DefinedValues><DefinedValue><ColumnReference Column="Expr1250"></ColumnReference><ScalarOperator ScalarString="COUNT_BIG([tpch].[dbo].[lineitem].[L_Quantity] as [l2].[L_Quantity])"><Aggregate Distinct="0" AggType="COUNT_BIG"><ScalarOperator><Identifier><ColumnReference Database="[tpch]" Schema="[dbo]" Table="[lineitem]" Alias="[l2]" Column="L_Quantity"></ColumnReference></Identifier></ScalarOperator></Aggregate></ScalarOperator></DefinedValue><DefinedValue><ColumnReference Column="Expr1251"></ColumnReference><ScalarOperator ScalarString="SUM([tpch].[dbo].[lineitem].[L_Quantity] as [l2].[L_Quantity])"><Aggregate Distinct="0" AggType="SUM"><ScalarOperator><Identifier><ColumnReference Database="[tpch]" Schema="[dbo]" Table="[lineitem]" Alias="[l2]" Column="L_Quantity"></ColumnReference></Identifier></ScalarOperator></Aggregate></ScalarOperator></DefinedValue></DefinedValues><RelOp NodeId="73" PhysicalOp="Index Seek" LogicalOp="Index Seek" EstimateRows="30.0061" EstimatedRowsRead="30.0061" EstimateIO="0.003125" EstimateCPU="0.000190007" AvgRowSize="11" EstimatedTotalSubtreeCost="18.6524" TableCardinality="6.00122e+06" Parallel="1" EstimateRebinds="60748" EstimateRewinds="64" EstimatedExecutionMode="Row"><OutputList><ColumnReference Database="[tpch]" Schema="[dbo]" Table="[lineitem]" Alias="[l2]" Column="L_Quantity"></ColumnReference></OutputList><RunTimeInformation><RunTimeCountersPerThread Thread="12" ActualRows="0" Batches="0" ActualElapsedms="0" ActualCPUms="0" ActualScans="0" ActualLogicalReads="0" ActualPhysicalReads="0" ActualReadAheads="0" ActualLobLogicalReads="0" ActualLobPhysicalReads="0" ActualLobReadAheads="0" ActualEndOfScans="0" ActualExecutions="0" ActualExecutionMode="Row"></RunTimeCountersPerThread><RunTimeCountersPerThread Thread="11" ActualRows="96" Batches="0" ActualElapsedms="0" ActualCPUms="0" ActualScans="3" ActualLogicalReads="17" ActualPhysicalReads="0" ActualReadAheads="0" ActualLobLogicalReads="0" ActualLobPhysicalReads="0" ActualLobReadAheads="0" ActualRowsRead="96" ActualEndOfScans="3" ActualExecutions="3" ActualExecutionMode="Row"></RunTimeCountersPerThread><RunTimeCountersPerThread Thread="10" ActualRows="0" Batches="0" ActualElapsedms="0" ActualCPUms="0" ActualScans="0" ActualLogicalReads="0" ActualPhysicalReads="0" ActualReadAheads="0" ActualLobLogicalReads="0" ActualLobPhysicalReads="0" ActualLobReadAheads="0" ActualEndOfScans="0" ActualExecutions="0" ActualExecutionMode="Row"></RunTimeCountersPerThread><RunTimeCountersPerThread Thread="9" ActualRows="0" Batches="0" ActualElapsedms="0" ActualCPUms="0" ActualScans="0" ActualLogicalReads="0" ActualPhysicalReads="0" ActualReadAheads="0" ActualLobLogicalReads="0" ActualLobPhysicalReads="0" ActualLobReadAheads="0" ActualEndOfScans="0" ActualExecutions="0" ActualExecutionMode="Row"></RunTimeCountersPerThread><RunTimeCountersPerThread Thread="8" ActualRows="0" Batches="0" ActualElapsedms="0" ActualCPUms="0" ActualScans="0" ActualLogicalReads="0" ActualPhysicalReads="0" ActualReadAheads="0" ActualLobLogicalReads="0" ActualLobPhysicalReads="0" ActualLobReadAheads="0" ActualEndOfScans="0" ActualExecutions="0" ActualExecutionMode="Row"></RunTimeCountersPerThread><RunTimeCountersPerThread Thread="7" ActualRows="0" Batches="0" ActualElapsedms="0" ActualCPUms="0" ActualScans="0" ActualLogicalReads="0" ActualPhysicalReads="0" ActualReadAheads="0" ActualLobLogicalReads="0" ActualLobPhysicalReads="0" ActualLobReadAheads="0" ActualEndOfScans="0" ActualExecutions="0" ActualExecutionMode="Row"></RunTimeCountersPerThread><RunTimeCountersPerThread Thread="6" ActualRows="0" Batches="0" ActualElapsedms="0" ActualCPUms="0" ActualScans="0" ActualLogicalReads="0" ActualPhysicalReads="0" ActualReadAheads="0" ActualLobLogicalReads="0" ActualLobPhysicalReads="0" ActualLobReadAheads="0" ActualEndOfScans="0" ActualExecutions="0" ActualExecutionMode="Row"></RunTimeCountersPerThread><RunTimeCountersPerThread Thread="5" ActualRows="0" Batches="0" ActualElapsedms="0" ActualCPUms="0" ActualScans="0" ActualLogicalReads="0" ActualPhysicalReads="0" ActualReadAheads="0" ActualLobLogicalReads="0" ActualLobPhysicalReads="0" ActualLobReadAheads="0" ActualEndOfScans="0" ActualExecutions="0" ActualExecutionMode="Row"></RunTimeCountersPerThread><RunTimeCountersPerThread Thread="4" ActualRows="0" Batches="0" ActualElapsedms="0" ActualCPUms="0" ActualScans="0" ActualLogicalReads="0" ActualPhysicalReads="0" ActualReadAheads="0" ActualLobLogicalReads="0" ActualLobPhysicalReads="0" ActualLobReadAheads="0" ActualEndOfScans="0" ActualExecutions="0" ActualExecutionMode="Row"></RunTimeCountersPerThread><RunTimeCountersPerThread Thread="3" ActualRows="0" Batches="0" ActualElapsedms="0" ActualCPUms="0" ActualScans="0" ActualLogicalReads="0" ActualPhysicalReads="0" ActualReadAheads="0" ActualLobLogicalReads="0" ActualLobPhysicalReads="0" ActualLobReadAheads="0" ActualEndOfScans="0" ActualExecutions="0" ActualExecutionMode="Row"></RunTimeCountersPerThread><RunTimeCountersPerThread Thread="2" ActualRows="0" Batches="0" ActualElapsedms="0" ActualCPUms="0" ActualScans="0" ActualLogicalReads="0" ActualPhysicalReads="0" ActualReadAheads="0" ActualLobLogicalReads="0" ActualLobPhysicalReads="0" ActualLobReadAheads="0" ActualEndOfScans="0" ActualExecutions="0" ActualExecutionMode="Row"></RunTimeCountersPerThread><RunTimeCountersPerThread Thread="1" ActualRows="0" Batches="0" ActualElapsedms="0" ActualCPUms="0" ActualScans="0" ActualLogicalReads="0" ActualPhysicalReads="0" ActualReadAheads="0" ActualLobLogicalReads="0" ActualLobPhysicalReads="0" ActualLobReadAheads="0" ActualEndOfScans="0" ActualExecutions="0" ActualExecutionMode="Row"></RunTimeCountersPerThread><RunTimeCountersPerThread Thread="0" ActualRows="0" Batches="0" ActualElapsedms="0" ActualCPUms="0" ActualScans="0" ActualLogicalReads="0" ActualPhysicalReads="0" ActualReadAheads="0" ActualLobLogicalReads="0" ActualLobPhysicalReads="0" ActualLobReadAheads="0" ActualEndOfScans="0" ActualExecutions="0" ActualExecutionMode="Row"></RunTimeCountersPerThread></RunTimeInformation><IndexScan Ordered="1" ScanDirection="FORWARD" ForcedIndex="0" ForceSeek="0" ForceScan="0" NoExpandHint="0" Storage="RowStore"><DefinedValues><DefinedValue><ColumnReference Database="[tpch]" Schema="[dbo]" Table="[lineitem]" Alias="[l2]" Column="L_Quantity"></ColumnReference></DefinedValue></DefinedValues><Object Database="[tpch]" Schema="[dbo]" Table="[lineitem]" Index="[p16_idx]" Alias="[l2]" TableReferenceId="3" IndexKind="NonClustered" Storage="RowStore"></Object><SeekPredicates><SeekPredicateNew><SeekKeys><Prefix ScanType="EQ"><RangeColumns><ColumnReference Database="[tpch]" Schema="[dbo]" Table="[lineitem]" Alias="[l2]" Column="L_PartKey"></ColumnReference></RangeColumns><RangeExpressions><ScalarOperator ScalarString="CONVERT_IMPLICIT(bigint,[tpch].[dbo].[lineitem].[L_PartKey] as [l2].[L_PartKey],0)"><Convert DataType="bigint" Style="0" Implicit="1"><ScalarOperator><Identifier><ColumnReference Database="[tpch]" Schema="[dbo]" Table="[lineitem]" Alias="[l2]" Column="L_PartKey"></ColumnReference></Identifier></ScalarOperator></Convert></ScalarOperator></RangeExpressions></Prefix></SeekKeys></SeekPredicateNew></SeekPredicates></IndexScan></RelOp></StreamAggregate></RelOp></ComputeScalar></RelOp><Predicate><ScalarOperator ScalarString="CONVERT_IMPLICIT(numeric(12,1),[tpch].[dbo].[lineitem].[L_Quantity] as [l2].[L_Quantity],0)&gt;=(0.2)*CONVERT_IMPLICIT(numeric(10,0),[Expr1017],0)"><Compare CompareOp="GE"><ScalarOperator><Convert DataType="numeric" Precision="12" Scale="1" Style="0" Implicit="1"><ScalarOperator><Identifier><ColumnReference Database="[tpch]" Schema="[dbo]" Table="[lineitem]" Alias="[l2]" Column="L_Quantity"></ColumnReference></Identifier></ScalarOperator></Convert></ScalarOperator><ScalarOperator><Arithmetic Operation="MULT"><ScalarOperator><Const ConstValue="(0.2)"></Const></ScalarOperator><ScalarOperator><Convert DataType="numeric" Precision="10" Scale="0" Style="0" Implicit="1"><ScalarOperator><Identifier><ColumnReference Column="Expr1017"></ColumnReference></Identifier></ScalarOperator></Convert></ScalarOperator></Arithmetic></ScalarOperator></Compare></ScalarOperator></Predicate></Filter></RelOp></NestedLoops></RelOp></Concat></RelOp></NestedLoops></RelOp></NestedLoops></RelOp></Parallelism></RelOp></Sort></RelOp><RelOp NodeId="74" PhysicalOp="Row Count Spool" LogicalOp="Lazy Spool" EstimateRows="2.13437" EstimateRowsWithoutRowGoal="2.13437" EstimateIO="0" EstimateCPU="0.000100213" AvgRowSize="9" EstimatedTotalSubtreeCost="4.31792" Parallel="1" EstimateRebinds="2171.67" EstimateRewinds="32846.2" EstimatedExecutionMode="Row"><OutputList></OutputList><RunTimeInformation><RunTimeCountersPerThread Thread="12" ActualRows="0" Batches="0" ActualElapsedms="0" ActualCPUms="0" ActualRebinds="0" ActualRewinds="0" ActualEndOfScans="0" ActualExecutions="0" ActualExecutionMode="Row"></RunTimeCountersPerThread><RunTimeCountersPerThread Thread="11" ActualRows="0" Batches="0" ActualElapsedms="0" ActualCPUms="0" ActualRebinds="0" ActualRewinds="0" ActualEndOfScans="0" ActualExecutions="0" ActualExecutionMode="Row"></RunTimeCountersPerThread><RunTimeCountersPerThread Thread="10" ActualRows="0" Batches="0" ActualElapsedms="0" ActualCPUms="0" ActualRebinds="0" ActualRewinds="0" ActualEndOfScans="0" ActualExecutions="0" ActualExecutionMode="Row"></RunTimeCountersPerThread><RunTimeCountersPerThread Thread="9" ActualRows="0" Batches="0" ActualElapsedms="0" ActualCPUms="0" ActualRebinds="0" ActualRewinds="0" ActualEndOfScans="0" ActualExecutions="0" ActualExecutionMode="Row"></RunTimeCountersPerThread><RunTimeCountersPerThread Thread="8" ActualRows="0" Batches="0" ActualElapsedms="0" ActualCPUms="0" ActualRebinds="0" ActualRewinds="0" ActualEndOfScans="0" ActualExecutions="0" ActualExecutionMode="Row"></RunTimeCountersPerThread><RunTimeCountersPerThread Thread="7" ActualRows="0" Batches="0" ActualElapsedms="0" ActualCPUms="0" ActualRebinds="0" ActualRewinds="0" ActualEndOfScans="0" ActualExecutions="0" ActualExecutionMode="Row"></RunTimeCountersPerThread><RunTimeCountersPerThread Thread="6" ActualRows="0" Batches="0" ActualElapsedms="0" ActualCPUms="0" ActualRebinds="0" ActualRewinds="0" ActualEndOfScans="0" ActualExecutions="0" ActualExecutionMode="Row"></RunTimeCountersPerThread><RunTimeCountersPerThread Thread="5" ActualRows="0" Batches="0" ActualElapsedms="0" ActualCPUms="0" ActualRebinds="0" ActualRewinds="0" ActualEndOfScans="0" ActualExecutions="0" ActualExecutionMode="Row"></RunTimeCountersPerThread><RunTimeCountersPerThread Thread="4" ActualRows="0" Batches="0" ActualElapsedms="0" ActualCPUms="0" ActualRebinds="0" ActualRewinds="0" ActualEndOfScans="0" ActualExecutions="0" ActualExecutionMode="Row"></RunTimeCountersPerThread><RunTimeCountersPerThread Thread="3" ActualRows="0" Batches="0" ActualElapsedms="0" ActualCPUms="0" ActualRebinds="0" ActualRewinds="0" ActualEndOfScans="0" ActualExecutions="0" ActualExecutionMode="Row"></RunTimeCountersPerThread><RunTimeCountersPerThread Thread="2" ActualRows="0" Batches="0" ActualElapsedms="0" ActualCPUms="0" ActualRebinds="0" ActualRewinds="0" ActualEndOfScans="0" ActualExecutions="0" ActualExecutionMode="Row"></RunTimeCountersPerThread><RunTimeCountersPerThread Thread="1" ActualRows="0" Batches="0" ActualElapsedms="0" ActualCPUms="0" ActualRebinds="0" ActualRewinds="0" ActualEndOfScans="0" ActualExecutions="0" ActualExecutionMode="Row"></RunTimeCountersPerThread><RunTimeCountersPerThread Thread="0" ActualRows="0" Batches="0" ActualElapsedms="0" ActualCPUms="0" ActualRebinds="0" ActualRewinds="0" ActualEndOfScans="0" ActualExecutions="0" ActualExecutionMode="Row"></RunTimeCountersPerThread></RunTimeInformation><RowCountSpool><RelOp NodeId="75" PhysicalOp="Nested Loops" LogicalOp="Left Semi Join" EstimateRows="2.13437" EstimateRowsWithoutRowGoal="2.13437" EstimateIO="0" EstimateCPU="8.92166e-06" AvgRowSize="9" EstimatedTotalSubtreeCost="0.808555" Parallel="1" EstimateRebinds="2171.67" EstimateRewinds="0" EstimatedExecutionMode="Row"><OutputList></OutputList><RunTimeInformation><RunTimeCountersPerThread Thread="12" ActualRows="0" Batches="0" ActualElapsedms="0" ActualCPUms="0" ActualEndOfScans="0" ActualExecutions="0" ActualExecutionMode="Row"></RunTimeCountersPerThread><RunTimeCountersPerThread Thread="11" ActualRows="0" Batches="0" ActualElapsedms="0" ActualCPUms="0" ActualEndOfScans="0" ActualExecutions="0" ActualExecutionMode="Row"></RunTimeCountersPerThread><RunTimeCountersPerThread Thread="10" ActualRows="0" Batches="0" ActualElapsedms="0" ActualCPUms="0" ActualEndOfScans="0" ActualExecutions="0" ActualExecutionMode="Row"></RunTimeCountersPerThread><RunTimeCountersPerThread Thread="9" ActualRows="0" Batches="0" ActualElapsedms="0" ActualCPUms="0" ActualEndOfScans="0" ActualExecutions="0" ActualExecutionMode="Row"></RunTimeCountersPerThread><RunTimeCountersPerThread Thread="8" ActualRows="0" Batches="0" ActualElapsedms="0" ActualCPUms="0" ActualEndOfScans="0" ActualExecutions="0" ActualExecutionMode="Row"></RunTimeCountersPerThread><RunTimeCountersPerThread Thread="7" ActualRows="0" Batches="0" ActualElapsedms="0" ActualCPUms="0" ActualEndOfScans="0" ActualExecutions="0" ActualExecutionMode="Row"></RunTimeCountersPerThread><RunTimeCountersPerThread Thread="6" ActualRows="0" Batches="0" ActualElapsedms="0" ActualCPUms="0" ActualEndOfScans="0" ActualExecutions="0" ActualExecutionMode="Row"></RunTimeCountersPerThread><RunTimeCountersPerThread Thread="5" ActualRows="0" Batches="0" ActualElapsedms="0" ActualCPUms="0" ActualEndOfScans="0" ActualExecutions="0" ActualExecutionMode="Row"></RunTimeCountersPerThread><RunTimeCountersPerThread Thread="4" ActualRows="0" Batches="0" ActualElapsedms="0" ActualCPUms="0" ActualEndOfScans="0" ActualExecutions="0" ActualExecutionMode="Row"></RunTimeCountersPerThread><RunTimeCountersPerThread Thread="3" ActualRows="0" Batches="0" ActualElapsedms="0" ActualCPUms="0" ActualEndOfScans="0" ActualExecutions="0" ActualExecutionMode="Row"></RunTimeCountersPerThread><RunTimeCountersPerThread Thread="2" ActualRows="0" Batches="0" ActualElapsedms="0" ActualCPUms="0" ActualEndOfScans="0" ActualExecutions="0" ActualExecutionMode="Row"></RunTimeCountersPerThread><RunTimeCountersPerThread Thread="1" ActualRows="0" Batches="0" ActualElapsedms="0" ActualCPUms="0" ActualEndOfScans="0" ActualExecutions="0" ActualExecutionMode="Row"></RunTimeCountersPerThread><RunTimeCountersPerThread Thread="0" ActualRows="0" Batches="0" ActualElapsedms="0" ActualCPUms="0" ActualEndOfScans="0" ActualExecutions="0" ActualExecutionMode="Row"></RunTimeCountersPerThread></RunTimeInformation><NestedLoops Optimized="0"><OuterReferences><ColumnReference Database="[tpch]" Schema="[dbo]" Table="[lineitem]" Alias="[l3]" Column="L_OrderKey"></ColumnReference><ColumnReference Database="[tpch]" Schema="[dbo]" Table="[lineitem]" Alias="[l3]" Column="L_PartKey"></ColumnReference><ColumnReference Database="[tpch]" Schema="[dbo]" Table="[lineitem]" Alias="[l3]" Column="L_Quantity"></ColumnReference></OuterReferences><RelOp NodeId="76" PhysicalOp="Clustered Index Seek" LogicalOp="Clustered Index Seek" EstimateRows="2.13437" EstimateRowsWithoutRowGoal="2.13437" EstimatedRowsRead="4.00081" EstimateIO="0.003125" EstimateCPU="0.000161401" AvgRowSize="39" EstimatedTotalSubtreeCost="0.771645" TableCardinality="6.00122e+06" Parallel="1" EstimateRebinds="2171.67" EstimateRewinds="0" EstimatedExecutionMode="Row"><OutputList><ColumnReference Database="[tpch]" Schema="[dbo]" Table="[lineitem]" Alias="[l3]" Column="L_OrderKey"></ColumnReference><ColumnReference Database="[tpch]" Schema="[dbo]" Table="[lineitem]" Alias="[l3]" Column="L_PartKey"></ColumnReference><ColumnReference Database="[tpch]" Schema="[dbo]" Table="[lineitem]" Alias="[l3]" Column="L_Quantity"></ColumnReference></OutputList><RunTimeInformation><RunTimeCountersPerThread Thread="12" ActualRows="0" Batches="0" ActualElapsedms="0" ActualCPUms="0" ActualScans="0" ActualLogicalReads="0" ActualPhysicalReads="0" ActualReadAheads="0" ActualLobLogicalReads="0" ActualLobPhysicalReads="0" ActualLobReadAheads="0" ActualEndOfScans="0" ActualExecutions="0" ActualExecutionMode="Row"></RunTimeCountersPerThread><RunTimeCountersPerThread Thread="11" ActualRows="0" Batches="0" ActualElapsedms="0" ActualCPUms="0" ActualScans="0" ActualLogicalReads="0" ActualPhysicalReads="0" ActualReadAheads="0" ActualLobLogicalReads="0" ActualLobPhysicalReads="0" ActualLobReadAheads="0" ActualEndOfScans="0" ActualExecutions="0" ActualExecutionMode="Row"></RunTimeCountersPerThread><RunTimeCountersPerThread Thread="10" ActualRows="0" Batches="0" ActualElapsedms="0" ActualCPUms="0" ActualScans="0" ActualLogicalReads="0" ActualPhysicalReads="0" ActualReadAheads="0" ActualLobLogicalReads="0" ActualLobPhysicalReads="0" ActualLobReadAheads="0" ActualEndOfScans="0" ActualExecutions="0" ActualExecutionMode="Row"></RunTimeCountersPerThread><RunTimeCountersPerThread Thread="9" ActualRows="0" Batches="0" ActualElapsedms="0" ActualCPUms="0" ActualScans="0" ActualLogicalReads="0" ActualPhysicalReads="0" ActualReadAheads="0" ActualLobLogicalReads="0" ActualLobPhysicalReads="0" ActualLobReadAheads="0" ActualEndOfScans="0" ActualExecutions="0" ActualExecutionMode="Row"></RunTimeCountersPerThread><RunTimeCountersPerThread Thread="8" ActualRows="0" Batches="0" ActualElapsedms="0" ActualCPUms="0" ActualScans="0" ActualLogicalReads="0" ActualPhysicalReads="0" ActualReadAheads="0" ActualLobLogicalReads="0" ActualLobPhysicalReads="0" ActualLobReadAheads="0" ActualEndOfScans="0" ActualExecutions="0" ActualExecutionMode="Row"></RunTimeCountersPerThread><RunTimeCountersPerThread Thread="7" ActualRows="0" Batches="0" ActualElapsedms="0" ActualCPUms="0" ActualScans="0" ActualLogicalReads="0" ActualPhysicalReads="0" ActualReadAheads="0" ActualLobLogicalReads="0" ActualLobPhysicalReads="0" ActualLobReadAheads="0" ActualEndOfScans="0" ActualExecutions="0" ActualExecutionMode="Row"></RunTimeCountersPerThread><RunTimeCountersPerThread Thread="6" ActualRows="0" Batches="0" ActualElapsedms="0" ActualCPUms="0" ActualScans="0" ActualLogicalReads="0" ActualPhysicalReads="0" ActualReadAheads="0" ActualLobLogicalReads="0" ActualLobPhysicalReads="0" ActualLobReadAheads="0" ActualEndOfScans="0" ActualExecutions="0" ActualExecutionMode="Row"></RunTimeCountersPerThread><RunTimeCountersPerThread Thread="5" ActualRows="0" Batches="0" ActualElapsedms="0" ActualCPUms="0" ActualScans="0" ActualLogicalReads="0" ActualPhysicalReads="0" ActualReadAheads="0" ActualLobLogicalReads="0" ActualLobPhysicalReads="0" ActualLobReadAheads="0" ActualEndOfScans="0" ActualExecutions="0" ActualExecutionMode="Row"></RunTimeCountersPerThread><RunTimeCountersPerThread Thread="4" ActualRows="0" Batches="0" ActualElapsedms="0" ActualCPUms="0" ActualScans="0" ActualLogicalReads="0" ActualPhysicalReads="0" ActualReadAheads="0" ActualLobLogicalReads="0" ActualLobPhysicalReads="0" ActualLobReadAheads="0" ActualEndOfScans="0" ActualExecutions="0" ActualExecutionMode="Row"></RunTimeCountersPerThread><RunTimeCountersPerThread Thread="3" ActualRows="0" Batches="0" ActualElapsedms="0" ActualCPUms="0" ActualScans="0" ActualLogicalReads="0" ActualPhysicalReads="0" ActualReadAheads="0" ActualLobLogicalReads="0" ActualLobPhysicalReads="0" ActualLobReadAheads="0" ActualEndOfScans="0" ActualExecutions="0" ActualExecutionMode="Row"></RunTimeCountersPerThread><RunTimeCountersPerThread Thread="2" ActualRows="0" Batches="0" ActualElapsedms="0" ActualCPUms="0" ActualScans="0" ActualLogicalReads="0" ActualPhysicalReads="0" ActualReadAheads="0" ActualLobLogicalReads="0" ActualLobPhysicalReads="0" ActualLobReadAheads="0" ActualEndOfScans="0" ActualExecutions="0" ActualExecutionMode="Row"></RunTimeCountersPerThread><RunTimeCountersPerThread Thread="1" ActualRows="0" Batches="0" ActualElapsedms="0" ActualCPUms="0" ActualScans="0" ActualLogicalReads="0" ActualPhysicalReads="0" ActualReadAheads="0" ActualLobLogicalReads="0" ActualLobPhysicalReads="0" ActualLobReadAheads="0" ActualEndOfScans="0" ActualExecutions="0" ActualExecutionMode="Row"></RunTimeCountersPerThread><RunTimeCountersPerThread Thread="0" ActualRows="0" Batches="0" ActualElapsedms="0" ActualCPUms="0" ActualScans="0" ActualLogicalReads="0" ActualPhysicalReads="0" ActualReadAheads="0" ActualLobLogicalReads="0" ActualLobPhysicalReads="0" ActualLobReadAheads="0" ActualEndOfScans="0" ActualExecutions="0" ActualExecutionMode="Row"></RunTimeCountersPerThread></RunTimeInformation><IndexScan Ordered="1" ScanDirection="FORWARD" ForcedIndex="0" ForceSeek="0" ForceScan="0" NoExpandHint="0" Storage="RowStore"><DefinedValues><DefinedValue><ColumnReference Database="[tpch]" Schema="[dbo]" Table="[lineitem]" Alias="[l3]" Column="L_OrderKey"></ColumnReference></DefinedValue><DefinedValue><ColumnReference Database="[tpch]" Schema="[dbo]" Table="[lineitem]" Alias="[l3]" Column="L_PartKey"></ColumnReference></DefinedValue><DefinedValue><ColumnReference Database="[tpch]" Schema="[dbo]" Table="[lineitem]" Alias="[l3]" Column="L_Quantity"></ColumnReference></DefinedValue></DefinedValues><Object Database="[tpch]" Schema="[dbo]" Table="[lineitem]" Index="[PK__lineitem__2B16504EA5720AF2]" Alias="[l3]" IndexKind="Clustered" Storage="RowStore"></Object><SeekPredicates><SeekPredicateNew><SeekKeys><Prefix ScanType="EQ"><RangeColumns><ColumnReference Database="[tpch]" Schema="[dbo]" Table="[lineitem]" Alias="[l3]" Column="L_OrderKey"></ColumnReference></RangeColumns><RangeExpressions><ScalarOperator ScalarString="[tpch].[dbo].[lineitem].[L_OrderKey] as [l1].[L_OrderKey]"><Identifier><ColumnReference Database="[tpch]" Schema="[dbo]" Table="[lineitem]" Alias="[l1]" Column="L_OrderKey"></ColumnReference></Identifier></ScalarOperator></RangeExpressions></Prefix></SeekKeys></SeekPredicateNew></SeekPredicates><Predicate><ScalarOperator ScalarString="[tpch].[dbo].[lineitem].[L_ReceiptDate] as [l3].[L_ReceiptDate]&gt;[tpch].[dbo].[lineitem].[L_CommitDate] as [l3].[L_CommitDate] AND ([tpch].[dbo].[lineitem].[L_SuppKey] as [l3].[L_SuppKey]&lt;[tpch].[dbo].[lineitem].[L_SuppKey] as [l1].[L_SuppKey] OR [tpch].[dbo].[lineitem].[L_SuppKey] as [l3].[L_SuppKey]&gt;[tpch].[dbo].[lineitem].[L_SuppKey] as [l1].[L_SuppKey])"><Logical Operation="AND"><ScalarOperator><Compare CompareOp="GT"><ScalarOperator><Identifier><ColumnReference Database="[tpch]" Schema="[dbo]" Table="[lineitem]" Alias="[l3]" Column="L_ReceiptDate"></ColumnReference></Identifier></ScalarOperator><ScalarOperator><Identifier><ColumnReference Database="[tpch]" Schema="[dbo]" Table="[lineitem]" Alias="[l3]" Column="L_CommitDate"></ColumnReference></Identifier></ScalarOperator></Compare></ScalarOperator><ScalarOperator><Logical Operation="OR"><ScalarOperator><Compare CompareOp="LT"><ScalarOperator><Identifier><ColumnReference Database="[tpch]" Schema="[dbo]" Table="[lineitem]" Alias="[l3]" Column="L_SuppKey"></ColumnReference></Identifier></ScalarOperator><ScalarOperator><Identifier><ColumnReference Database="[tpch]" Schema="[dbo]" Table="[lineitem]" Alias="[l1]" Column="L_SuppKey"></ColumnReference></Identifier></ScalarOperator></Compare></ScalarOperator><ScalarOperator><Compare CompareOp="GT"><ScalarOperator><Identifier><ColumnReference Database="[tpch]" Schema="[dbo]" Table="[lineitem]" Alias="[l3]" Column="L_SuppKey"></ColumnReference></Identifier></ScalarOperator><ScalarOperator><Identifier><ColumnReference Database="[tpch]" Schema="[dbo]" Table="[lineitem]" Alias="[l1]" Column="L_SuppKey"></ColumnReference></Identifier></ScalarOperator></Compare></ScalarOperator></Logical></ScalarOperator></Logical></ScalarOperator></Predicate></IndexScan></RelOp><RelOp NodeId="77" PhysicalOp="Concatenation" LogicalOp="Concatenation" EstimateRows="1" EstimateRowsWithoutRowGoal="2" EstimateIO="0" EstimateCPU="2e-07" AvgRowSize="9" EstimatedTotalSubtreeCost="0.0063995" Parallel="1" EstimateRebinds="4636.28" EstimateRewinds="0" EstimatedExecutionMode="Row"><OutputList></OutputList><RunTimeInformation><RunTimeCountersPerThread Thread="12" ActualRows="0" Batches="0" ActualElapsedms="0" ActualCPUms="0" ActualEndOfScans="0" ActualExecutions="0" ActualExecutionMode="Row"></RunTimeCountersPerThread><RunTimeCountersPerThread Thread="11" ActualRows="0" Batches="0" ActualElapsedms="0" ActualCPUms="0" ActualEndOfScans="0" ActualExecutions="0" ActualExecutionMode="Row"></RunTimeCountersPerThread><RunTimeCountersPerThread Thread="10" ActualRows="0" Batches="0" ActualElapsedms="0" ActualCPUms="0" ActualEndOfScans="0" ActualExecutions="0" ActualExecutionMode="Row"></RunTimeCountersPerThread><RunTimeCountersPerThread Thread="9" ActualRows="0" Batches="0" ActualElapsedms="0" ActualCPUms="0" ActualEndOfScans="0" ActualExecutions="0" ActualExecutionMode="Row"></RunTimeCountersPerThread><RunTimeCountersPerThread Thread="8" ActualRows="0" Batches="0" ActualElapsedms="0" ActualCPUms="0" ActualEndOfScans="0" ActualExecutions="0" ActualExecutionMode="Row"></RunTimeCountersPerThread><RunTimeCountersPerThread Thread="7" ActualRows="0" Batches="0" ActualElapsedms="0" ActualCPUms="0" ActualEndOfScans="0" ActualExecutions="0" ActualExecutionMode="Row"></RunTimeCountersPerThread><RunTimeCountersPerThread Thread="6" ActualRows="0" Batches="0" ActualElapsedms="0" ActualCPUms="0" ActualEndOfScans="0" ActualExecutions="0" ActualExecutionMode="Row"></RunTimeCountersPerThread><RunTimeCountersPerThread Thread="5" ActualRows="0" Batches="0" ActualElapsedms="0" ActualCPUms="0" ActualEndOfScans="0" ActualExecutions="0" ActualExecutionMode="Row"></RunTimeCountersPerThread><RunTimeCountersPerThread Thread="4" ActualRows="0" Batches="0" ActualElapsedms="0" ActualCPUms="0" ActualEndOfScans="0" ActualExecutions="0" ActualExecutionMode="Row"></RunTimeCountersPerThread><RunTimeCountersPerThread Thread="3" ActualRows="0" Batches="0" ActualElapsedms="0" ActualCPUms="0" ActualEndOfScans="0" ActualExecutions="0" ActualExecutionMode="Row"></RunTimeCountersPerThread><RunTimeCountersPerThread Thread="2" ActualRows="0" Batches="0" ActualElapsedms="0" ActualCPUms="0" ActualEndOfScans="0" ActualExecutions="0" ActualExecutionMode="Row"></RunTimeCountersPerThread><RunTimeCountersPerThread Thread="1" ActualRows="0" Batches="0" ActualElapsedms="0" ActualCPUms="0" ActualEndOfScans="0" ActualExecutions="0" ActualExecutionMode="Row"></RunTimeCountersPerThread><RunTimeCountersPerThread Thread="0" ActualRows="0" Batches="0" ActualElapsedms="0" ActualCPUms="0" ActualEndOfScans="0" ActualExecutions="0" ActualExecutionMode="Row"></RunTimeCountersPerThread></RunTimeInformation><Concat><DefinedValues></DefinedValues><RelOp NodeId="78" PhysicalOp="Filter" LogicalOp="Filter" EstimateRows="1" EstimateIO="0" EstimateCPU="2.8e-07" AvgRowSize="9" EstimatedTotalSubtreeCost="0.00593587" Parallel="1" EstimateRebinds="0" EstimateRewinds="4636.28" EstimatedExecutionMode="Row"><OutputList></OutputList><RunTimeInformation><RunTimeCountersPerThread Thread="12" ActualRows="0" Batches="0" ActualElapsedms="0" ActualCPUms="0" ActualRebinds="0" ActualRewinds="0" ActualEndOfScans="0" ActualExecutions="0" ActualExecutionMode="Row"></RunTimeCountersPerThread><RunTimeCountersPerThread Thread="11" ActualRows="0" Batches="0" ActualElapsedms="0" ActualCPUms="0" ActualRebinds="0" ActualRewinds="0" ActualEndOfScans="0" ActualExecutions="0" ActualExecutionMode="Row"></RunTimeCountersPerThread><RunTimeCountersPerThread Thread="10" ActualRows="0" Batches="0" ActualElapsedms="0" ActualCPUms="0" ActualRebinds="0" ActualRewinds="0" ActualEndOfScans="0" ActualExecutions="0" ActualExecutionMode="Row"></RunTimeCountersPerThread><RunTimeCountersPerThread Thread="9" ActualRows="0" Batches="0" ActualElapsedms="0" ActualCPUms="0" ActualRebinds="0" ActualRewinds="0" ActualEndOfScans="0" ActualExecutions="0" ActualExecutionMode="Row"></RunTimeCountersPerThread><RunTimeCountersPerThread Thread="8" ActualRows="0" Batches="0" ActualElapsedms="0" ActualCPUms="0" ActualRebinds="0" ActualRewinds="0" ActualEndOfScans="0" ActualExecutions="0" ActualExecutionMode="Row"></RunTimeCountersPerThread><RunTimeCountersPerThread Thread="7" ActualRows="0" Batches="0" ActualElapsedms="0" ActualCPUms="0" ActualRebinds="0" ActualRewinds="0" ActualEndOfScans="0" ActualExecutions="0" ActualExecutionMode="Row"></RunTimeCountersPerThread><RunTimeCountersPerThread Thread="6" ActualRows="0" Batches="0" ActualElapsedms="0" ActualCPUms="0" ActualRebinds="0" ActualRewinds="0" ActualEndOfScans="0" ActualExecutions="0" ActualExecutionMode="Row"></RunTimeCountersPerThread><RunTimeCountersPerThread Thread="5" ActualRows="0" Batches="0" ActualElapsedms="0" ActualCPUms="0" ActualRebinds="0" ActualRewinds="0" ActualEndOfScans="0" ActualExecutions="0" ActualExecutionMode="Row"></RunTimeCountersPerThread><RunTimeCountersPerThread Thread="4" ActualRows="0" Batches="0" ActualElapsedms="0" ActualCPUms="0" ActualRebinds="0" ActualRewinds="0" ActualEndOfScans="0" ActualExecutions="0" ActualExecutionMode="Row"></RunTimeCountersPerThread><RunTimeCountersPerThread Thread="3" ActualRows="0" Batches="0" ActualElapsedms="0" ActualCPUms="0" ActualRebinds="0" ActualRewinds="0" ActualEndOfScans="0" ActualExecutions="0" ActualExecutionMode="Row"></RunTimeCountersPerThread><RunTimeCountersPerThread Thread="2" ActualRows="0" Batches="0" ActualElapsedms="0" ActualCPUms="0" ActualRebinds="0" ActualRewinds="0" ActualEndOfScans="0" ActualExecutions="0" ActualExecutionMode="Row"></RunTimeCountersPerThread><RunTimeCountersPerThread Thread="1" ActualRows="0" Batches="0" ActualElapsedms="0" ActualCPUms="0" ActualRebinds="0" ActualRewinds="0" ActualEndOfScans="0" ActualExecutions="0" ActualExecutionMode="Row"></RunTimeCountersPerThread><RunTimeCountersPerThread Thread="0" ActualRows="0" Batches="0" ActualElapsedms="0" ActualCPUms="0" ActualRebinds="0" ActualRewinds="0" ActualEndOfScans="0" ActualExecutions="0" ActualExecutionMode="Row"></RunTimeCountersPerThread></RunTimeInformation><Filter StartupExpression="1"><RelOp NodeId="79" PhysicalOp="Constant Scan" LogicalOp="Constant Scan" EstimateRows="1" EstimateIO="0" EstimateCPU="1.157e-06" AvgRowSize="9" EstimatedTotalSubtreeCost="0.00463744" Parallel="1" EstimateRebinds="0" EstimateRewinds="4636.28" EstimatedExecutionMode="Row"><OutputList></OutputList><RunTimeInformation><RunTimeCountersPerThread Thread="12" ActualRows="0" Batches="0" ActualElapsedms="0" ActualCPUms="0" ActualEndOfScans="0" ActualExecutions="0" ActualExecutionMode="Row"></RunTimeCountersPerThread><RunTimeCountersPerThread Thread="11" ActualRows="0" Batches="0" ActualElapsedms="0" ActualCPUms="0" ActualEndOfScans="0" ActualExecutions="0" ActualExecutionMode="Row"></RunTimeCountersPerThread><RunTimeCountersPerThread Thread="10" ActualRows="0" Batches="0" ActualElapsedms="0" ActualCPUms="0" ActualEndOfScans="0" ActualExecutions="0" ActualExecutionMode="Row"></RunTimeCountersPerThread><RunTimeCountersPerThread Thread="9" ActualRows="0" Batches="0" ActualElapsedms="0" ActualCPUms="0" ActualEndOfScans="0" ActualExecutions="0" ActualExecutionMode="Row"></RunTimeCountersPerThread><RunTimeCountersPerThread Thread="8" ActualRows="0" Batches="0" ActualElapsedms="0" ActualCPUms="0" ActualEndOfScans="0" ActualExecutions="0" ActualExecutionMode="Row"></RunTimeCountersPerThread><RunTimeCountersPerThread Thread="7" ActualRows="0" Batches="0" ActualElapsedms="0" ActualCPUms="0" ActualEndOfScans="0" ActualExecutions="0" ActualExecutionMode="Row"></RunTimeCountersPerThread><RunTimeCountersPerThread Thread="6" ActualRows="0" Batches="0" ActualElapsedms="0" ActualCPUms="0" ActualEndOfScans="0" ActualExecutions="0" ActualExecutionMode="Row"></RunTimeCountersPerThread><RunTimeCountersPerThread Thread="5" ActualRows="0" Batches="0" ActualElapsedms="0" ActualCPUms="0" ActualEndOfScans="0" ActualExecutions="0" ActualExecutionMode="Row"></RunTimeCountersPerThread><RunTimeCountersPerThread Thread="4" ActualRows="0" Batches="0" ActualElapsedms="0" ActualCPUms="0" ActualEndOfScans="0" ActualExecutions="0" ActualExecutionMode="Row"></RunTimeCountersPerThread><RunTimeCountersPerThread Thread="3" ActualRows="0" Batches="0" ActualElapsedms="0" ActualCPUms="0" ActualEndOfScans="0" ActualExecutions="0" ActualExecutionMode="Row"></RunTimeCountersPerThread><RunTimeCountersPerThread Thread="2" ActualRows="0" Batches="0" ActualElapsedms="0" ActualCPUms="0" ActualEndOfScans="0" ActualExecutions="0" ActualExecutionMode="Row"></RunTimeCountersPerThread><RunTimeCountersPerThread Thread="1" ActualRows="0" Batches="0" ActualElapsedms="0" ActualCPUms="0" ActualEndOfScans="0" ActualExecutions="0" ActualExecutionMode="Row"></RunTimeCountersPerThread><RunTimeCountersPerThread Thread="0" ActualRows="0" Batches="0" ActualElapsedms="0" ActualCPUms="0" ActualEndOfScans="0" ActualExecutions="0" ActualExecutionMode="Row"></RunTimeCountersPerThread></RunTimeInformation><ConstantScan></ConstantScan></RelOp><Predicate><ScalarOperator ScalarString="user_name()=N&apos;user3&apos;"><Identifier><ColumnReference Column="ConstExpr1044"><ScalarOperator><Compare CompareOp="EQ"><ScalarOperator><Intrinsic FunctionName="user_name"><ScalarOperator><Const ConstValue=""></Const></ScalarOperator></Intrinsic></ScalarOperator><ScalarOperator><Const ConstValue="N&apos;user3&apos;"></Const></ScalarOperator></Compare></ScalarOperator></ColumnReference></Identifier></ScalarOperator></Predicate></Filter></RelOp><RelOp NodeId="80" PhysicalOp="Nested Loops" LogicalOp="Inner Join" EstimateRows="1" EstimateIO="0" EstimateCPU="4.18e-06" AvgRowSize="9" EstimatedTotalSubtreeCost="18.6524" Parallel="1" EstimateRebinds="4636.28" EstimateRewinds="0" EstimatedExecutionMode="Row"><OutputList></OutputList><RunTimeInformation><RunTimeCountersPerThread Thread="12" ActualRows="0" Batches="0" ActualElapsedms="0" ActualCPUms="0" ActualEndOfScans="0" ActualExecutions="0" ActualExecutionMode="Row"></RunTimeCountersPerThread><RunTimeCountersPerThread Thread="11" ActualRows="0" Batches="0" ActualElapsedms="0" ActualCPUms="0" ActualEndOfScans="0" ActualExecutions="0" ActualExecutionMode="Row"></RunTimeCountersPerThread><RunTimeCountersPerThread Thread="10" ActualRows="0" Batches="0" ActualElapsedms="0" ActualCPUms="0" ActualEndOfScans="0" ActualExecutions="0" ActualExecutionMode="Row"></RunTimeCountersPerThread><RunTimeCountersPerThread Thread="9" ActualRows="0" Batches="0" ActualElapsedms="0" ActualCPUms="0" ActualEndOfScans="0" ActualExecutions="0" ActualExecutionMode="Row"></RunTimeCountersPerThread><RunTimeCountersPerThread Thread="8" ActualRows="0" Batches="0" ActualElapsedms="0" ActualCPUms="0" ActualEndOfScans="0" ActualExecutions="0" ActualExecutionMode="Row"></RunTimeCountersPerThread><RunTimeCountersPerThread Thread="7" ActualRows="0" Batches="0" ActualElapsedms="0" ActualCPUms="0" ActualEndOfScans="0" ActualExecutions="0" ActualExecutionMode="Row"></RunTimeCountersPerThread><RunTimeCountersPerThread Thread="6" ActualRows="0" Batches="0" ActualElapsedms="0" ActualCPUms="0" ActualEndOfScans="0" ActualExecutions="0" ActualExecutionMode="Row"></RunTimeCountersPerThread><RunTimeCountersPerThread Thread="5" ActualRows="0" Batches="0" ActualElapsedms="0" ActualCPUms="0" ActualEndOfScans="0" ActualExecutions="0" ActualExecutionMode="Row"></RunTimeCountersPerThread><RunTimeCountersPerThread Thread="4" ActualRows="0" Batches="0" ActualElapsedms="0" ActualCPUms="0" ActualEndOfScans="0" ActualExecutions="0" ActualExecutionMode="Row"></RunTimeCountersPerThread><RunTimeCountersPerThread Thread="3" ActualRows="0" Batches="0" ActualElapsedms="0" ActualCPUms="0" ActualEndOfScans="0" ActualExecutions="0" ActualExecutionMode="Row"></RunTimeCountersPerThread><RunTimeCountersPerThread Thread="2" ActualRows="0" Batches="0" ActualElapsedms="0" ActualCPUms="0" ActualEndOfScans="0" ActualExecutions="0" ActualExecutionMode="Row"></RunTimeCountersPerThread><RunTimeCountersPerThread Thread="1" ActualRows="0" Batches="0" ActualElapsedms="0" ActualCPUms="0" ActualEndOfScans="0" ActualExecutions="0" ActualExecutionMode="Row"></RunTimeCountersPerThread><RunTimeCountersPerThread Thread="0" ActualRows="0" Batches="0" ActualElapsedms="0" ActualCPUms="0" ActualEndOfScans="0" ActualExecutions="0" ActualExecutionMode="Row"></RunTimeCountersPerThread></RunTimeInformation><NestedLoops Optimized="0"><Predicate><ScalarOperator ScalarString="[Expr1056]=[Expr1054]"><Compare CompareOp="EQ"><ScalarOperator><Identifier><ColumnReference Column="Expr1056"></ColumnReference></Identifier></ScalarOperator><ScalarOperator><Identifier><ColumnReference Column="Expr1054"></ColumnReference></Identifier></ScalarOperator></Compare></ScalarOperator></Predicate><RelOp NodeId="81" PhysicalOp="Nested Loops" LogicalOp="Inner Join" EstimateRows="1" EstimateIO="0" EstimateCPU="4.18e-06" AvgRowSize="11" EstimatedTotalSubtreeCost="11.5196" Parallel="1" EstimateRebinds="4636.28" EstimateRewinds="0" EstimatedExecutionMode="Row"><OutputList><ColumnReference Column="Expr1056"></ColumnReference></OutputList><RunTimeInformation><RunTimeCountersPerThread Thread="12" ActualRows="0" Batches="0" ActualElapsedms="0" ActualCPUms="0" ActualEndOfScans="0" ActualExecutions="0" ActualExecutionMode="Row"></RunTimeCountersPerThread><RunTimeCountersPerThread Thread="11" ActualRows="0" Batches="0" ActualElapsedms="0" ActualCPUms="0" ActualEndOfScans="0" ActualExecutions="0" ActualExecutionMode="Row"></RunTimeCountersPerThread><RunTimeCountersPerThread Thread="10" ActualRows="0" Batches="0" ActualElapsedms="0" ActualCPUms="0" ActualEndOfScans="0" ActualExecutions="0" ActualExecutionMode="Row"></RunTimeCountersPerThread><RunTimeCountersPerThread Thread="9" ActualRows="0" Batches="0" ActualElapsedms="0" ActualCPUms="0" ActualEndOfScans="0" ActualExecutions="0" ActualExecutionMode="Row"></RunTimeCountersPerThread><RunTimeCountersPerThread Thread="8" ActualRows="0" Batches="0" ActualElapsedms="0" ActualCPUms="0" ActualEndOfScans="0" ActualExecutions="0" ActualExecutionMode="Row"></RunTimeCountersPerThread><RunTimeCountersPerThread Thread="7" ActualRows="0" Batches="0" ActualElapsedms="0" ActualCPUms="0" ActualEndOfScans="0" ActualExecutions="0" ActualExecutionMode="Row"></RunTimeCountersPerThread><RunTimeCountersPerThread Thread="6" ActualRows="0" Batches="0" ActualElapsedms="0" ActualCPUms="0" ActualEndOfScans="0" ActualExecutions="0" ActualExecutionMode="Row"></RunTimeCountersPerThread><RunTimeCountersPerThread Thread="5" ActualRows="0" Batches="0" ActualElapsedms="0" ActualCPUms="0" ActualEndOfScans="0" ActualExecutions="0" ActualExecutionMode="Row"></RunTimeCountersPerThread><RunTimeCountersPerThread Thread="4" ActualRows="0" Batches="0" ActualElapsedms="0" ActualCPUms="0" ActualEndOfScans="0" ActualExecutions="0" ActualExecutionMode="Row"></RunTimeCountersPerThread><RunTimeCountersPerThread Thread="3" ActualRows="0" Batches="0" ActualElapsedms="0" ActualCPUms="0" ActualEndOfScans="0" ActualExecutions="0" ActualExecutionMode="Row"></RunTimeCountersPerThread><RunTimeCountersPerThread Thread="2" ActualRows="0" Batches="0" ActualElapsedms="0" ActualCPUms="0" ActualEndOfScans="0" ActualExecutions="0" ActualExecutionMode="Row"></RunTimeCountersPerThread><RunTimeCountersPerThread Thread="1" ActualRows="0" Batches="0" ActualElapsedms="0" ActualCPUms="0" ActualEndOfScans="0" ActualExecutions="0" ActualExecutionMode="Row"></RunTimeCountersPerThread><RunTimeCountersPerThread Thread="0" ActualRows="0" Batches="0" ActualElapsedms="0" ActualCPUms="0" ActualEndOfScans="0" ActualExecutions="0" ActualExecutionMode="Row"></RunTimeCountersPerThread></RunTimeInformation><NestedLoops Optimized="0"><RelOp NodeId="82" PhysicalOp="Filter" LogicalOp="Filter" EstimateRows="1" EstimateIO="0" EstimateCPU="8.8e-07" AvgRowSize="9" EstimatedTotalSubtreeCost="10.001" Parallel="1" EstimateRebinds="4636.28" EstimateRewinds="0" EstimatedExecutionMode="Row"><OutputList></OutputList><RunTimeInformation><RunTimeCountersPerThread Thread="12" ActualRows="0" Batches="0" ActualElapsedms="0" ActualCPUms="0" ActualEndOfScans="0" ActualExecutions="0" ActualExecutionMode="Row"></RunTimeCountersPerThread><RunTimeCountersPerThread Thread="11" ActualRows="0" Batches="0" ActualElapsedms="0" ActualCPUms="0" ActualEndOfScans="0" ActualExecutions="0" ActualExecutionMode="Row"></RunTimeCountersPerThread><RunTimeCountersPerThread Thread="10" ActualRows="0" Batches="0" ActualElapsedms="0" ActualCPUms="0" ActualEndOfScans="0" ActualExecutions="0" ActualExecutionMode="Row"></RunTimeCountersPerThread><RunTimeCountersPerThread Thread="9" ActualRows="0" Batches="0" ActualElapsedms="0" ActualCPUms="0" ActualEndOfScans="0" ActualExecutions="0" ActualExecutionMode="Row"></RunTimeCountersPerThread><RunTimeCountersPerThread Thread="8" ActualRows="0" Batches="0" ActualElapsedms="0" ActualCPUms="0" ActualEndOfScans="0" ActualExecutions="0" ActualExecutionMode="Row"></RunTimeCountersPerThread><RunTimeCountersPerThread Thread="7" ActualRows="0" Batches="0" ActualElapsedms="0" ActualCPUms="0" ActualEndOfScans="0" ActualExecutions="0" ActualExecutionMode="Row"></RunTimeCountersPerThread><RunTimeCountersPerThread Thread="6" ActualRows="0" Batches="0" ActualElapsedms="0" ActualCPUms="0" ActualEndOfScans="0" ActualExecutions="0" ActualExecutionMode="Row"></RunTimeCountersPerThread><RunTimeCountersPerThread Thread="5" ActualRows="0" Batches="0" ActualElapsedms="0" ActualCPUms="0" ActualEndOfScans="0" ActualExecutions="0" ActualExecutionMode="Row"></RunTimeCountersPerThread><RunTimeCountersPerThread Thread="4" ActualRows="0" Batches="0" ActualElapsedms="0" ActualCPUms="0" ActualEndOfScans="0" ActualExecutions="0" ActualExecutionMode="Row"></RunTimeCountersPerThread><RunTimeCountersPerThread Thread="3" ActualRows="0" Batches="0" ActualElapsedms="0" ActualCPUms="0" ActualEndOfScans="0" ActualExecutions="0" ActualExecutionMode="Row"></RunTimeCountersPerThread><RunTimeCountersPerThread Thread="2" ActualRows="0" Batches="0" ActualElapsedms="0" ActualCPUms="0" ActualEndOfScans="0" ActualExecutions="0" ActualExecutionMode="Row"></RunTimeCountersPerThread><RunTimeCountersPerThread Thread="1" ActualRows="0" Batches="0" ActualElapsedms="0" ActualCPUms="0" ActualEndOfScans="0" ActualExecutions="0" ActualExecutionMode="Row"></RunTimeCountersPerThread><RunTimeCountersPerThread Thread="0" ActualRows="0" Batches="0" ActualElapsedms="0" ActualCPUms="0" ActualEndOfScans="0" ActualExecutions="0" ActualExecutionMode="Row"></RunTimeCountersPerThread></RunTimeInformation><Filter StartupExpression="0"><RelOp NodeId="83" PhysicalOp="Compute Scalar" LogicalOp="Compute Scalar" EstimateRows="1" EstimateIO="0" EstimateCPU="0" AvgRowSize="11" EstimatedTotalSubtreeCost="9.99689" Parallel="1" EstimateRebinds="4636.28" EstimateRewinds="0" EstimatedExecutionMode="Row"><OutputList><ColumnReference Column="Expr1030"></ColumnReference></OutputList><ComputeScalar><DefinedValues><DefinedValue><ColumnReference Column="Expr1030"></ColumnReference><ScalarOperator ScalarString="CASE WHEN [Expr1252]=(0) THEN NULL ELSE [Expr1253] END"><IF><Condition><ScalarOperator><Compare CompareOp="EQ"><ScalarOperator><Identifier><ColumnReference Column="Expr1252"></ColumnReference></Identifier></ScalarOperator><ScalarOperator><Const ConstValue="(0)"></Const></ScalarOperator></Compare></ScalarOperator></Condition><Then><ScalarOperator><Const ConstValue="NULL"></Const></ScalarOperator></Then><Else><ScalarOperator><Identifier><ColumnReference Column="Expr1253"></ColumnReference></Identifier></ScalarOperator></Else></IF></ScalarOperator></DefinedValue></DefinedValues><RelOp NodeId="84" PhysicalOp="Stream Aggregate" LogicalOp="Aggregate" EstimateRows="1" EstimateIO="0" EstimateCPU="1.85036e-05" AvgRowSize="11" EstimatedTotalSubtreeCost="9.99689" Parallel="1" EstimateRebinds="4636.28" EstimateRewinds="0" EstimatedExecutionMode="Row"><OutputList><ColumnReference Column="Expr1252"></ColumnReference><ColumnReference Column="Expr1253"></ColumnReference></OutputList><RunTimeInformation><RunTimeCountersPerThread Thread="12" ActualRows="0" Batches="0" ActualElapsedms="0" ActualCPUms="0" ActualEndOfScans="0" ActualExecutions="0" ActualExecutionMode="Row"></RunTimeCountersPerThread><RunTimeCountersPerThread Thread="11" ActualRows="0" Batches="0" ActualElapsedms="0" ActualCPUms="0" ActualEndOfScans="0" ActualExecutions="0" ActualExecutionMode="Row"></RunTimeCountersPerThread><RunTimeCountersPerThread Thread="10" ActualRows="0" Batches="0" ActualElapsedms="0" ActualCPUms="0" ActualEndOfScans="0" ActualExecutions="0" ActualExecutionMode="Row"></RunTimeCountersPerThread><RunTimeCountersPerThread Thread="9" ActualRows="0" Batches="0" ActualElapsedms="0" ActualCPUms="0" ActualEndOfScans="0" ActualExecutions="0" ActualExecutionMode="Row"></RunTimeCountersPerThread><RunTimeCountersPerThread Thread="8" ActualRows="0" Batches="0" ActualElapsedms="0" ActualCPUms="0" ActualEndOfScans="0" ActualExecutions="0" ActualExecutionMode="Row"></RunTimeCountersPerThread><RunTimeCountersPerThread Thread="7" ActualRows="0" Batches="0" ActualElapsedms="0" ActualCPUms="0" ActualEndOfScans="0" ActualExecutions="0" ActualExecutionMode="Row"></RunTimeCountersPerThread><RunTimeCountersPerThread Thread="6" ActualRows="0" Batches="0" ActualElapsedms="0" ActualCPUms="0" ActualEndOfScans="0" ActualExecutions="0" ActualExecutionMode="Row"></RunTimeCountersPerThread><RunTimeCountersPerThread Thread="5" ActualRows="0" Batches="0" ActualElapsedms="0" ActualCPUms="0" ActualEndOfScans="0" ActualExecutions="0" ActualExecutionMode="Row"></RunTimeCountersPerThread><RunTimeCountersPerThread Thread="4" ActualRows="0" Batches="0" ActualElapsedms="0" ActualCPUms="0" ActualEndOfScans="0" ActualExecutions="0" ActualExecutionMode="Row"></RunTimeCountersPerThread><RunTimeCountersPerThread Thread="3" ActualRows="0" Batches="0" ActualElapsedms="0" ActualCPUms="0" ActualEndOfScans="0" ActualExecutions="0" ActualExecutionMode="Row"></RunTimeCountersPerThread><RunTimeCountersPerThread Thread="2" ActualRows="0" Batches="0" ActualElapsedms="0" ActualCPUms="0" ActualEndOfScans="0" ActualExecutions="0" ActualExecutionMode="Row"></RunTimeCountersPerThread><RunTimeCountersPerThread Thread="1" ActualRows="0" Batches="0" ActualElapsedms="0" ActualCPUms="0" ActualEndOfScans="0" ActualExecutions="0" ActualExecutionMode="Row"></RunTimeCountersPerThread><RunTimeCountersPerThread Thread="0" ActualRows="0" Batches="0" ActualElapsedms="0" ActualCPUms="0" ActualEndOfScans="0" ActualExecutions="0" ActualExecutionMode="Row"></RunTimeCountersPerThread></RunTimeInformation><StreamAggregate><DefinedValues><DefinedValue><ColumnReference Column="Expr1252"></ColumnReference><ScalarOperator ScalarString="COUNT_BIG([tpch].[dbo].[lineitem].[L_Quantity] as [l2].[L_Quantity])"><Aggregate Distinct="0" AggType="COUNT_BIG"><ScalarOperator><Identifier><ColumnReference Database="[tpch]" Schema="[dbo]" Table="[lineitem]" Alias="[l2]" Column="L_Quantity"></ColumnReference></Identifier></ScalarOperator></Aggregate></ScalarOperator></DefinedValue><DefinedValue><ColumnReference Column="Expr1253"></ColumnReference><ScalarOperator ScalarString="SUM([tpch].[dbo].[lineitem].[L_Quantity] as [l2].[L_Quantity])"><Aggregate Distinct="0" AggType="SUM"><ScalarOperator><Identifier><ColumnReference Database="[tpch]" Schema="[dbo]" Table="[lineitem]" Alias="[l2]" Column="L_Quantity"></ColumnReference></Identifier></ScalarOperator></Aggregate></ScalarOperator></DefinedValue></DefinedValues><RelOp NodeId="85" PhysicalOp="Index Seek" LogicalOp="Index Seek" EstimateRows="30.0061" EstimatedRowsRead="30.0061" EstimateIO="0.003125" EstimateCPU="0.000190007" AvgRowSize="11" EstimatedTotalSubtreeCost="9.91108" TableCardinality="6.00122e+06" Parallel="1" EstimateRebinds="4636.28" EstimateRewinds="0" EstimatedExecutionMode="Row"><OutputList><ColumnReference Database="[tpch]" Schema="[dbo]" Table="[lineitem]" Alias="[l2]" Column="L_Quantity"></ColumnReference></OutputList><RunTimeInformation><RunTimeCountersPerThread Thread="12" ActualRows="0" Batches="0" ActualElapsedms="0" ActualCPUms="0" ActualScans="0" ActualLogicalReads="0" ActualPhysicalReads="0" ActualReadAheads="0" ActualLobLogicalReads="0" ActualLobPhysicalReads="0" ActualLobReadAheads="0" ActualEndOfScans="0" ActualExecutions="0" ActualExecutionMode="Row"></RunTimeCountersPerThread><RunTimeCountersPerThread Thread="11" ActualRows="0" Batches="0" ActualElapsedms="0" ActualCPUms="0" ActualScans="0" ActualLogicalReads="0" ActualPhysicalReads="0" ActualReadAheads="0" ActualLobLogicalReads="0" ActualLobPhysicalReads="0" ActualLobReadAheads="0" ActualEndOfScans="0" ActualExecutions="0" ActualExecutionMode="Row"></RunTimeCountersPerThread><RunTimeCountersPerThread Thread="10" ActualRows="0" Batches="0" ActualElapsedms="0" ActualCPUms="0" ActualScans="0" ActualLogicalReads="0" ActualPhysicalReads="0" ActualReadAheads="0" ActualLobLogicalReads="0" ActualLobPhysicalReads="0" ActualLobReadAheads="0" ActualEndOfScans="0" ActualExecutions="0" ActualExecutionMode="Row"></RunTimeCountersPerThread><RunTimeCountersPerThread Thread="9" ActualRows="0" Batches="0" ActualElapsedms="0" ActualCPUms="0" ActualScans="0" ActualLogicalReads="0" ActualPhysicalReads="0" ActualReadAheads="0" ActualLobLogicalReads="0" ActualLobPhysicalReads="0" ActualLobReadAheads="0" ActualEndOfScans="0" ActualExecutions="0" ActualExecutionMode="Row"></RunTimeCountersPerThread><RunTimeCountersPerThread Thread="8" ActualRows="0" Batches="0" ActualElapsedms="0" ActualCPUms="0" ActualScans="0" ActualLogicalReads="0" ActualPhysicalReads="0" ActualReadAheads="0" ActualLobLogicalReads="0" ActualLobPhysicalReads="0" ActualLobReadAheads="0" ActualEndOfScans="0" ActualExecutions="0" ActualExecutionMode="Row"></RunTimeCountersPerThread><RunTimeCountersPerThread Thread="7" ActualRows="0" Batches="0" ActualElapsedms="0" ActualCPUms="0" ActualScans="0" ActualLogicalReads="0" ActualPhysicalReads="0" ActualReadAheads="0" ActualLobLogicalReads="0" ActualLobPhysicalReads="0" ActualLobReadAheads="0" ActualEndOfScans="0" ActualExecutions="0" ActualExecutionMode="Row"></RunTimeCountersPerThread><RunTimeCountersPerThread Thread="6" ActualRows="0" Batches="0" ActualElapsedms="0" ActualCPUms="0" ActualScans="0" ActualLogicalReads="0" ActualPhysicalReads="0" ActualReadAheads="0" ActualLobLogicalReads="0" ActualLobPhysicalReads="0" ActualLobReadAheads="0" ActualEndOfScans="0" ActualExecutions="0" ActualExecutionMode="Row"></RunTimeCountersPerThread><RunTimeCountersPerThread Thread="5" ActualRows="0" Batches="0" ActualElapsedms="0" ActualCPUms="0" ActualScans="0" ActualLogicalReads="0" ActualPhysicalReads="0" ActualReadAheads="0" ActualLobLogicalReads="0" ActualLobPhysicalReads="0" ActualLobReadAheads="0" ActualEndOfScans="0" ActualExecutions="0" ActualExecutionMode="Row"></RunTimeCountersPerThread><RunTimeCountersPerThread Thread="4" ActualRows="0" Batches="0" ActualElapsedms="0" ActualCPUms="0" ActualScans="0" ActualLogicalReads="0" ActualPhysicalReads="0" ActualReadAheads="0" ActualLobLogicalReads="0" ActualLobPhysicalReads="0" ActualLobReadAheads="0" ActualEndOfScans="0" ActualExecutions="0" ActualExecutionMode="Row"></RunTimeCountersPerThread><RunTimeCountersPerThread Thread="3" ActualRows="0" Batches="0" ActualElapsedms="0" ActualCPUms="0" ActualScans="0" ActualLogicalReads="0" ActualPhysicalReads="0" ActualReadAheads="0" ActualLobLogicalReads="0" ActualLobPhysicalReads="0" ActualLobReadAheads="0" ActualEndOfScans="0" ActualExecutions="0" ActualExecutionMode="Row"></RunTimeCountersPerThread><RunTimeCountersPerThread Thread="2" ActualRows="0" Batches="0" ActualElapsedms="0" ActualCPUms="0" ActualScans="0" ActualLogicalReads="0" ActualPhysicalReads="0" ActualReadAheads="0" ActualLobLogicalReads="0" ActualLobPhysicalReads="0" ActualLobReadAheads="0" ActualEndOfScans="0" ActualExecutions="0" ActualExecutionMode="Row"></RunTimeCountersPerThread><RunTimeCountersPerThread Thread="1" ActualRows="0" Batches="0" ActualElapsedms="0" ActualCPUms="0" ActualScans="0" ActualLogicalReads="0" ActualPhysicalReads="0" ActualReadAheads="0" ActualLobLogicalReads="0" ActualLobPhysicalReads="0" ActualLobReadAheads="0" ActualEndOfScans="0" ActualExecutions="0" ActualExecutionMode="Row"></RunTimeCountersPerThread><RunTimeCountersPerThread Thread="0" ActualRows="0" Batches="0" ActualElapsedms="0" ActualCPUms="0" ActualScans="0" ActualLogicalReads="0" ActualPhysicalReads="0" ActualReadAheads="0" ActualLobLogicalReads="0" ActualLobPhysicalReads="0" ActualLobReadAheads="0" ActualEndOfScans="0" ActualExecutions="0" ActualExecutionMode="Row"></RunTimeCountersPerThread></RunTimeInformation><IndexScan Ordered="1" ScanDirection="FORWARD" ForcedIndex="0" ForceSeek="0" ForceScan="0" NoExpandHint="0" Storage="RowStore"><DefinedValues><DefinedValue><ColumnReference Database="[tpch]" Schema="[dbo]" Table="[lineitem]" Alias="[l2]" Column="L_Quantity"></ColumnReference></DefinedValue></DefinedValues><Object Database="[tpch]" Schema="[dbo]" Table="[lineitem]" Index="[p16_idx]" Alias="[l2]" TableReferenceId="4" IndexKind="NonClustered" Storage="RowStore"></Object><SeekPredicates><SeekPredicateNew><SeekKeys><Prefix ScanType="EQ"><RangeColumns><ColumnReference Database="[tpch]" Schema="[dbo]" Table="[lineitem]" Alias="[l2]" Column="L_PartKey"></ColumnReference></RangeColumns><RangeExpressions><ScalarOperator ScalarString="CONVERT_IMPLICIT(bigint,[tpch].[dbo].[lineitem].[L_PartKey] as [l3].[L_PartKey],0)"><Convert DataType="bigint" Style="0" Implicit="1"><ScalarOperator><Identifier><ColumnReference Database="[tpch]" Schema="[dbo]" Table="[lineitem]" Alias="[l3]" Column="L_PartKey"></ColumnReference></Identifier></ScalarOperator></Convert></ScalarOperator></RangeExpressions></Prefix></SeekKeys></SeekPredicateNew></SeekPredicates></IndexScan></RelOp></StreamAggregate></RelOp></ComputeScalar></RelOp><Predicate><ScalarOperator ScalarString="CONVERT_IMPLICIT(numeric(12,1),[tpch].[dbo].[lineitem].[L_Quantity] as [l3].[L_Quantity],0)&gt;=(0.2)*CONVERT_IMPLICIT(numeric(10,0),[Expr1030],0)"><Compare CompareOp="GE"><ScalarOperator><Convert DataType="numeric" Precision="12" Scale="1" Style="0" Implicit="1"><ScalarOperator><Identifier><ColumnReference Database="[tpch]" Schema="[dbo]" Table="[lineitem]" Alias="[l3]" Column="L_Quantity"></ColumnReference></Identifier></ScalarOperator></Convert></ScalarOperator><ScalarOperator><Arithmetic Operation="MULT"><ScalarOperator><Const ConstValue="(0.2)"></Const></ScalarOperator><ScalarOperator><Convert DataType="numeric" Precision="10" Scale="0" Style="0" Implicit="1"><ScalarOperator><Identifier><ColumnReference Column="Expr1030"></ColumnReference></Identifier></ScalarOperator></Convert></ScalarOperator></Arithmetic></ScalarOperator></Compare></ScalarOperator></Predicate></Filter></RelOp><RelOp NodeId="86" PhysicalOp="Assert" LogicalOp="Assert" EstimateRows="1" EstimateIO="0" EstimateCPU="4.8e-07" AvgRowSize="11" EstimatedTotalSubtreeCost="1.49927" Parallel="1" EstimateRebinds="0" EstimateRewinds="4636.28" EstimatedExecutionMode="Row"><OutputList><ColumnReference Column="Expr1056"></ColumnReference></OutputList><RunTimeInformation><RunTimeCountersPerThread Thread="12" ActualRows="0" Batches="0" ActualElapsedms="0" ActualCPUms="0" ActualEndOfScans="0" ActualExecutions="0" ActualExecutionMode="Row"></RunTimeCountersPerThread><RunTimeCountersPerThread Thread="11" ActualRows="0" Batches="0" ActualElapsedms="0" ActualCPUms="0" ActualEndOfScans="0" ActualExecutions="0" ActualExecutionMode="Row"></RunTimeCountersPerThread><RunTimeCountersPerThread Thread="10" ActualRows="0" Batches="0" ActualElapsedms="0" ActualCPUms="0" ActualEndOfScans="0" ActualExecutions="0" ActualExecutionMode="Row"></RunTimeCountersPerThread><RunTimeCountersPerThread Thread="9" ActualRows="0" Batches="0" ActualElapsedms="0" ActualCPUms="0" ActualEndOfScans="0" ActualExecutions="0" ActualExecutionMode="Row"></RunTimeCountersPerThread><RunTimeCountersPerThread Thread="8" ActualRows="0" Batches="0" ActualElapsedms="0" ActualCPUms="0" ActualEndOfScans="0" ActualExecutions="0" ActualExecutionMode="Row"></RunTimeCountersPerThread><RunTimeCountersPerThread Thread="7" ActualRows="0" Batches="0" ActualElapsedms="0" ActualCPUms="0" ActualEndOfScans="0" ActualExecutions="0" ActualExecutionMode="Row"></RunTimeCountersPerThread><RunTimeCountersPerThread Thread="6" ActualRows="0" Batches="0" ActualElapsedms="0" ActualCPUms="0" ActualEndOfScans="0" ActualExecutions="0" ActualExecutionMode="Row"></RunTimeCountersPerThread><RunTimeCountersPerThread Thread="5" ActualRows="0" Batches="0" ActualElapsedms="0" ActualCPUms="0" ActualEndOfScans="0" ActualExecutions="0" ActualExecutionMode="Row"></RunTimeCountersPerThread><RunTimeCountersPerThread Thread="4" ActualRows="0" Batches="0" ActualElapsedms="0" ActualCPUms="0" ActualEndOfScans="0" ActualExecutions="0" ActualExecutionMode="Row"></RunTimeCountersPerThread><RunTimeCountersPerThread Thread="3" ActualRows="0" Batches="0" ActualElapsedms="0" ActualCPUms="0" ActualEndOfScans="0" ActualExecutions="0" ActualExecutionMode="Row"></RunTimeCountersPerThread><RunTimeCountersPerThread Thread="2" ActualRows="0" Batches="0" ActualElapsedms="0" ActualCPUms="0" ActualEndOfScans="0" ActualExecutions="0" ActualExecutionMode="Row"></RunTimeCountersPerThread><RunTimeCountersPerThread Thread="1" ActualRows="0" Batches="0" ActualElapsedms="0" ActualCPUms="0" ActualEndOfScans="0" ActualExecutions="0" ActualExecutionMode="Row"></RunTimeCountersPerThread><RunTimeCountersPerThread Thread="0" ActualRows="0" Batches="0" ActualElapsedms="0" ActualCPUms="0" ActualEndOfScans="0" ActualExecutions="0" ActualExecutionMode="Row"></RunTimeCountersPerThread></RunTimeInformation><Assert StartupExpression="0"><RelOp NodeId="87" PhysicalOp="Stream Aggregate" LogicalOp="Aggregate" EstimateRows="1" EstimateIO="0" EstimateCPU="1.1e-06" AvgRowSize="19" EstimatedTotalSubtreeCost="1.49704" Parallel="1" EstimateRebinds="0" EstimateRewinds="4636.28" EstimatedExecutionMode="Row"><OutputList><ColumnReference Column="Expr1055"></ColumnReference><ColumnReference Column="Expr1056"></ColumnReference></OutputList><RunTimeInformation><RunTimeCountersPerThread Thread="12" ActualRows="0" Batches="0" ActualElapsedms="0" ActualCPUms="0" ActualEndOfScans="0" ActualExecutions="0" ActualExecutionMode="Row"></RunTimeCountersPerThread><RunTimeCountersPerThread Thread="11" ActualRows="0" Batches="0" ActualElapsedms="0" ActualCPUms="0" ActualEndOfScans="0" ActualExecutions="0" ActualExecutionMode="Row"></RunTimeCountersPerThread><RunTimeCountersPerThread Thread="10" ActualRows="0" Batches="0" ActualElapsedms="0" ActualCPUms="0" ActualEndOfScans="0" ActualExecutions="0" ActualExecutionMode="Row"></RunTimeCountersPerThread><RunTimeCountersPerThread Thread="9" ActualRows="0" Batches="0" ActualElapsedms="0" ActualCPUms="0" ActualEndOfScans="0" ActualExecutions="0" ActualExecutionMode="Row"></RunTimeCountersPerThread><RunTimeCountersPerThread Thread="8" ActualRows="0" Batches="0" ActualElapsedms="0" ActualCPUms="0" ActualEndOfScans="0" ActualExecutions="0" ActualExecutionMode="Row"></RunTimeCountersPerThread><RunTimeCountersPerThread Thread="7" ActualRows="0" Batches="0" ActualElapsedms="0" ActualCPUms="0" ActualEndOfScans="0" ActualExecutions="0" ActualExecutionMode="Row"></RunTimeCountersPerThread><RunTimeCountersPerThread Thread="6" ActualRows="0" Batches="0" ActualElapsedms="0" ActualCPUms="0" ActualEndOfScans="0" ActualExecutions="0" ActualExecutionMode="Row"></RunTimeCountersPerThread><RunTimeCountersPerThread Thread="5" ActualRows="0" Batches="0" ActualElapsedms="0" ActualCPUms="0" ActualEndOfScans="0" ActualExecutions="0" ActualExecutionMode="Row"></RunTimeCountersPerThread><RunTimeCountersPerThread Thread="4" ActualRows="0" Batches="0" ActualElapsedms="0" ActualCPUms="0" ActualEndOfScans="0" ActualExecutions="0" ActualExecutionMode="Row"></RunTimeCountersPerThread><RunTimeCountersPerThread Thread="3" ActualRows="0" Batches="0" ActualElapsedms="0" ActualCPUms="0" ActualEndOfScans="0" ActualExecutions="0" ActualExecutionMode="Row"></RunTimeCountersPerThread><RunTimeCountersPerThread Thread="2" ActualRows="0" Batches="0" ActualElapsedms="0" ActualCPUms="0" ActualEndOfScans="0" ActualExecutions="0" ActualExecutionMode="Row"></RunTimeCountersPerThread><RunTimeCountersPerThread Thread="1" ActualRows="0" Batches="0" ActualElapsedms="0" ActualCPUms="0" ActualEndOfScans="0" ActualExecutions="0" ActualExecutionMode="Row"></RunTimeCountersPerThread><RunTimeCountersPerThread Thread="0" ActualRows="0" Batches="0" ActualElapsedms="0" ActualCPUms="0" ActualEndOfScans="0" ActualExecutions="0" ActualExecutionMode="Row"></RunTimeCountersPerThread></RunTimeInformation><StreamAggregate><DefinedValues><DefinedValue><ColumnReference Column="Expr1055"></ColumnReference><ScalarOperator ScalarString="Count(*)"><Aggregate AggType="countstar" Distinct="0"></Aggregate></ScalarOperator></DefinedValue><DefinedValue><ColumnReference Column="Expr1056"></ColumnReference><ScalarOperator ScalarString="ANY([tpch].[dbo].[nation].[N_RegionKey] as [n2].[N_RegionKey])"><Aggregate Distinct="0" AggType="ANY"><ScalarOperator><Identifier><ColumnReference Database="[tpch]" Schema="[dbo]" Table="[nation]" Alias="[n2]" Column="N_RegionKey"></ColumnReference></Identifier></ScalarOperator></Aggregate></ScalarOperator></DefinedValue></DefinedValues><RelOp NodeId="88" PhysicalOp="Nested Loops" LogicalOp="Inner Join" EstimateRows="1" EstimateIO="0" EstimateCPU="4.18e-06" AvgRowSize="11" EstimatedTotalSubtreeCost="1.49194" Parallel="1" EstimateRebinds="0" EstimateRewinds="4636.28" EstimatedExecutionMode="Row"><OutputList><ColumnReference Database="[tpch]" Schema="[dbo]" Table="[nation]" Alias="[n2]" Column="N_RegionKey"></ColumnReference></OutputList><RunTimeInformation><RunTimeCountersPerThread Thread="12" ActualRows="0" Batches="0" ActualElapsedms="0" ActualCPUms="0" ActualEndOfScans="0" ActualExecutions="0" ActualExecutionMode="Row"></RunTimeCountersPerThread><RunTimeCountersPerThread Thread="11" ActualRows="0" Batches="0" ActualElapsedms="0" ActualCPUms="0" ActualEndOfScans="0" ActualExecutions="0" ActualExecutionMode="Row"></RunTimeCountersPerThread><RunTimeCountersPerThread Thread="10" ActualRows="0" Batches="0" ActualElapsedms="0" ActualCPUms="0" ActualEndOfScans="0" ActualExecutions="0" ActualExecutionMode="Row"></RunTimeCountersPerThread><RunTimeCountersPerThread Thread="9" ActualRows="0" Batches="0" ActualElapsedms="0" ActualCPUms="0" ActualEndOfScans="0" ActualExecutions="0" ActualExecutionMode="Row"></RunTimeCountersPerThread><RunTimeCountersPerThread Thread="8" ActualRows="0" Batches="0" ActualElapsedms="0" ActualCPUms="0" ActualEndOfScans="0" ActualExecutions="0" ActualExecutionMode="Row"></RunTimeCountersPerThread><RunTimeCountersPerThread Thread="7" ActualRows="0" Batches="0" ActualElapsedms="0" ActualCPUms="0" ActualEndOfScans="0" ActualExecutions="0" ActualExecutionMode="Row"></RunTimeCountersPerThread><RunTimeCountersPerThread Thread="6" ActualRows="0" Batches="0" ActualElapsedms="0" ActualCPUms="0" ActualEndOfScans="0" ActualExecutions="0" ActualExecutionMode="Row"></RunTimeCountersPerThread><RunTimeCountersPerThread Thread="5" ActualRows="0" Batches="0" ActualElapsedms="0" ActualCPUms="0" ActualEndOfScans="0" ActualExecutions="0" ActualExecutionMode="Row"></RunTimeCountersPerThread><RunTimeCountersPerThread Thread="4" ActualRows="0" Batches="0" ActualElapsedms="0" ActualCPUms="0" ActualEndOfScans="0" ActualExecutions="0" ActualExecutionMode="Row"></RunTimeCountersPerThread><RunTimeCountersPerThread Thread="3" ActualRows="0" Batches="0" ActualElapsedms="0" ActualCPUms="0" ActualEndOfScans="0" ActualExecutions="0" ActualExecutionMode="Row"></RunTimeCountersPerThread><RunTimeCountersPerThread Thread="2" ActualRows="0" Batches="0" ActualElapsedms="0" ActualCPUms="0" ActualEndOfScans="0" ActualExecutions="0" ActualExecutionMode="Row"></RunTimeCountersPerThread><RunTimeCountersPerThread Thread="1" ActualRows="0" Batches="0" ActualElapsedms="0" ActualCPUms="0" ActualEndOfScans="0" ActualExecutions="0" ActualExecutionMode="Row"></RunTimeCountersPerThread><RunTimeCountersPerThread Thread="0" ActualRows="0" Batches="0" ActualElapsedms="0" ActualCPUms="0" ActualEndOfScans="0" ActualExecutions="0" ActualExecutionMode="Row"></RunTimeCountersPerThread></RunTimeInformation><NestedLoops Optimized="0"><OuterReferences><ColumnReference Database="[tpch]" Schema="[dbo]" Table="[customer]" Alias="[c2]" Column="C_NationKey"></ColumnReference></OuterReferences><RelOp NodeId="89" PhysicalOp="Clustered Index Seek" LogicalOp="Clustered Index Seek" EstimateRows="1" EstimatedRowsRead="1" EstimateIO="0.003125" EstimateCPU="0.0001581" AvgRowSize="11" EstimatedTotalSubtreeCost="0.736279" TableCardinality="150000" Parallel="1" EstimateRebinds="0" EstimateRewinds="4636.28" EstimatedExecutionMode="Row"><OutputList><ColumnReference Database="[tpch]" Schema="[dbo]" Table="[customer]" Alias="[c2]" Column="C_NationKey"></ColumnReference></OutputList><RunTimeInformation><RunTimeCountersPerThread Thread="12" ActualRows="0" Batches="0" ActualElapsedms="0" ActualCPUms="0" ActualScans="0" ActualLogicalReads="0" ActualPhysicalReads="0" ActualReadAheads="0" ActualLobLogicalReads="0" ActualLobPhysicalReads="0" ActualLobReadAheads="0" ActualEndOfScans="0" ActualExecutions="0" ActualExecutionMode="Row"></RunTimeCountersPerThread><RunTimeCountersPerThread Thread="11" ActualRows="0" Batches="0" ActualElapsedms="0" ActualCPUms="0" ActualScans="0" ActualLogicalReads="0" ActualPhysicalReads="0" ActualReadAheads="0" ActualLobLogicalReads="0" ActualLobPhysicalReads="0" ActualLobReadAheads="0" ActualEndOfScans="0" ActualExecutions="0" ActualExecutionMode="Row"></RunTimeCountersPerThread><RunTimeCountersPerThread Thread="10" ActualRows="0" Batches="0" ActualElapsedms="0" ActualCPUms="0" ActualScans="0" ActualLogicalReads="0" ActualPhysicalReads="0" ActualReadAheads="0" ActualLobLogicalReads="0" ActualLobPhysicalReads="0" ActualLobReadAheads="0" ActualEndOfScans="0" ActualExecutions="0" ActualExecutionMode="Row"></RunTimeCountersPerThread><RunTimeCountersPerThread Thread="9" ActualRows="0" Batches="0" ActualElapsedms="0" ActualCPUms="0" ActualScans="0" ActualLogicalReads="0" ActualPhysicalReads="0" ActualReadAheads="0" ActualLobLogicalReads="0" ActualLobPhysicalReads="0" ActualLobReadAheads="0" ActualEndOfScans="0" ActualExecutions="0" ActualExecutionMode="Row"></RunTimeCountersPerThread><RunTimeCountersPerThread Thread="8" ActualRows="0" Batches="0" ActualElapsedms="0" ActualCPUms="0" ActualScans="0" ActualLogicalReads="0" ActualPhysicalReads="0" ActualReadAheads="0" ActualLobLogicalReads="0" ActualLobPhysicalReads="0" ActualLobReadAheads="0" ActualEndOfScans="0" ActualExecutions="0" ActualExecutionMode="Row"></RunTimeCountersPerThread><RunTimeCountersPerThread Thread="7" ActualRows="0" Batches="0" ActualElapsedms="0" ActualCPUms="0" ActualScans="0" ActualLogicalReads="0" ActualPhysicalReads="0" ActualReadAheads="0" ActualLobLogicalReads="0" ActualLobPhysicalReads="0" ActualLobReadAheads="0" ActualEndOfScans="0" ActualExecutions="0" ActualExecutionMode="Row"></RunTimeCountersPerThread><RunTimeCountersPerThread Thread="6" ActualRows="0" Batches="0" ActualElapsedms="0" ActualCPUms="0" ActualScans="0" ActualLogicalReads="0" ActualPhysicalReads="0" ActualReadAheads="0" ActualLobLogicalReads="0" ActualLobPhysicalReads="0" ActualLobReadAheads="0" ActualEndOfScans="0" ActualExecutions="0" ActualExecutionMode="Row"></RunTimeCountersPerThread><RunTimeCountersPerThread Thread="5" ActualRows="0" Batches="0" ActualElapsedms="0" ActualCPUms="0" ActualScans="0" ActualLogicalReads="0" ActualPhysicalReads="0" ActualReadAheads="0" ActualLobLogicalReads="0" ActualLobPhysicalReads="0" ActualLobReadAheads="0" ActualEndOfScans="0" ActualExecutions="0" ActualExecutionMode="Row"></RunTimeCountersPerThread><RunTimeCountersPerThread Thread="4" ActualRows="0" Batches="0" ActualElapsedms="0" ActualCPUms="0" ActualScans="0" ActualLogicalReads="0" ActualPhysicalReads="0" ActualReadAheads="0" ActualLobLogicalReads="0" ActualLobPhysicalReads="0" ActualLobReadAheads="0" ActualEndOfScans="0" ActualExecutions="0" ActualExecutionMode="Row"></RunTimeCountersPerThread><RunTimeCountersPerThread Thread="3" ActualRows="0" Batches="0" ActualElapsedms="0" ActualCPUms="0" ActualScans="0" ActualLogicalReads="0" ActualPhysicalReads="0" ActualReadAheads="0" ActualLobLogicalReads="0" ActualLobPhysicalReads="0" ActualLobReadAheads="0" ActualEndOfScans="0" ActualExecutions="0" ActualExecutionMode="Row"></RunTimeCountersPerThread><RunTimeCountersPerThread Thread="2" ActualRows="0" Batches="0" ActualElapsedms="0" ActualCPUms="0" ActualScans="0" ActualLogicalReads="0" ActualPhysicalReads="0" ActualReadAheads="0" ActualLobLogicalReads="0" ActualLobPhysicalReads="0" ActualLobReadAheads="0" ActualEndOfScans="0" ActualExecutions="0" ActualExecutionMode="Row"></RunTimeCountersPerThread><RunTimeCountersPerThread Thread="1" ActualRows="0" Batches="0" ActualElapsedms="0" ActualCPUms="0" ActualScans="0" ActualLogicalReads="0" ActualPhysicalReads="0" ActualReadAheads="0" ActualLobLogicalReads="0" ActualLobPhysicalReads="0" ActualLobReadAheads="0" ActualEndOfScans="0" ActualExecutions="0" ActualExecutionMode="Row"></RunTimeCountersPerThread><RunTimeCountersPerThread Thread="0" ActualRows="0" Batches="0" ActualElapsedms="0" ActualCPUms="0" ActualScans="0" ActualLogicalReads="0" ActualPhysicalReads="0" ActualReadAheads="0" ActualLobLogicalReads="0" ActualLobPhysicalReads="0" ActualLobReadAheads="0" ActualEndOfScans="0" ActualExecutions="0" ActualExecutionMode="Row"></RunTimeCountersPerThread></RunTimeInformation><IndexScan Ordered="1" ScanDirection="FORWARD" ForcedIndex="0" ForceSeek="0" ForceScan="0" NoExpandHint="0" Storage="RowStore"><DefinedValues><DefinedValue><ColumnReference Database="[tpch]" Schema="[dbo]" Table="[customer]" Alias="[c2]" Column="C_NationKey"></ColumnReference></DefinedValue></DefinedValues><Object Database="[tpch]" Schema="[dbo]" Table="[customer]" Index="[PK__customer__48695B7174053BCB]" Alias="[c2]" TableReferenceId="3" IndexKind="Clustered" Storage="RowStore"></Object><SeekPredicates><SeekPredicateNew><SeekKeys><Prefix ScanType="EQ"><RangeColumns><ColumnReference Database="[tpch]" Schema="[dbo]" Table="[customer]" Alias="[c2]" Column="C_CustKey"></ColumnReference></RangeColumns><RangeExpressions><ScalarOperator ScalarString="(1111)"><Const ConstValue="(1111)"></Const></ScalarOperator></RangeExpressions></Prefix></SeekKeys></SeekPredicateNew></SeekPredicates></IndexScan></RelOp><RelOp NodeId="90" PhysicalOp="Clustered Index Seek" LogicalOp="Clustered Index Seek" EstimateRows="1" EstimatedRowsRead="1" EstimateIO="0.003125" EstimateCPU="0.0001581" AvgRowSize="11" EstimatedTotalSubtreeCost="0.736279" TableCardinality="25" Parallel="1" EstimateRebinds="0" EstimateRewinds="4636.28" EstimatedExecutionMode="Row"><OutputList><ColumnReference Database="[tpch]" Schema="[dbo]" Table="[nation]" Alias="[n2]" Column="N_RegionKey"></ColumnReference></OutputList><RunTimeInformation><RunTimeCountersPerThread Thread="12" ActualRows="0" Batches="0" ActualElapsedms="0" ActualCPUms="0" ActualScans="0" ActualLogicalReads="0" ActualPhysicalReads="0" ActualReadAheads="0" ActualLobLogicalReads="0" ActualLobPhysicalReads="0" ActualLobReadAheads="0" ActualEndOfScans="0" ActualExecutions="0" ActualExecutionMode="Row"></RunTimeCountersPerThread><RunTimeCountersPerThread Thread="11" ActualRows="0" Batches="0" ActualElapsedms="0" ActualCPUms="0" ActualScans="0" ActualLogicalReads="0" ActualPhysicalReads="0" ActualReadAheads="0" ActualLobLogicalReads="0" ActualLobPhysicalReads="0" ActualLobReadAheads="0" ActualEndOfScans="0" ActualExecutions="0" ActualExecutionMode="Row"></RunTimeCountersPerThread><RunTimeCountersPerThread Thread="10" ActualRows="0" Batches="0" ActualElapsedms="0" ActualCPUms="0" ActualScans="0" ActualLogicalReads="0" ActualPhysicalReads="0" ActualReadAheads="0" ActualLobLogicalReads="0" ActualLobPhysicalReads="0" ActualLobReadAheads="0" ActualEndOfScans="0" ActualExecutions="0" ActualExecutionMode="Row"></RunTimeCountersPerThread><RunTimeCountersPerThread Thread="9" ActualRows="0" Batches="0" ActualElapsedms="0" ActualCPUms="0" ActualScans="0" ActualLogicalReads="0" ActualPhysicalReads="0" ActualReadAheads="0" ActualLobLogicalReads="0" ActualLobPhysicalReads="0" ActualLobReadAheads="0" ActualEndOfScans="0" ActualExecutions="0" ActualExecutionMode="Row"></RunTimeCountersPerThread><RunTimeCountersPerThread Thread="8" ActualRows="0" Batches="0" ActualElapsedms="0" ActualCPUms="0" ActualScans="0" ActualLogicalReads="0" ActualPhysicalReads="0" ActualReadAheads="0" ActualLobLogicalReads="0" ActualLobPhysicalReads="0" ActualLobReadAheads="0" ActualEndOfScans="0" ActualExecutions="0" ActualExecutionMode="Row"></RunTimeCountersPerThread><RunTimeCountersPerThread Thread="7" ActualRows="0" Batches="0" ActualElapsedms="0" ActualCPUms="0" ActualScans="0" ActualLogicalReads="0" ActualPhysicalReads="0" ActualReadAheads="0" ActualLobLogicalReads="0" ActualLobPhysicalReads="0" ActualLobReadAheads="0" ActualEndOfScans="0" ActualExecutions="0" ActualExecutionMode="Row"></RunTimeCountersPerThread><RunTimeCountersPerThread Thread="6" ActualRows="0" Batches="0" ActualElapsedms="0" ActualCPUms="0" ActualScans="0" ActualLogicalReads="0" ActualPhysicalReads="0" ActualReadAheads="0" ActualLobLogicalReads="0" ActualLobPhysicalReads="0" ActualLobReadAheads="0" ActualEndOfScans="0" ActualExecutions="0" ActualExecutionMode="Row"></RunTimeCountersPerThread><RunTimeCountersPerThread Thread="5" ActualRows="0" Batches="0" ActualElapsedms="0" ActualCPUms="0" ActualScans="0" ActualLogicalReads="0" ActualPhysicalReads="0" ActualReadAheads="0" ActualLobLogicalReads="0" ActualLobPhysicalReads="0" ActualLobReadAheads="0" ActualEndOfScans="0" ActualExecutions="0" ActualExecutionMode="Row"></RunTimeCountersPerThread><RunTimeCountersPerThread Thread="4" ActualRows="0" Batches="0" ActualElapsedms="0" ActualCPUms="0" ActualScans="0" ActualLogicalReads="0" ActualPhysicalReads="0" ActualReadAheads="0" ActualLobLogicalReads="0" ActualLobPhysicalReads="0" ActualLobReadAheads="0" ActualEndOfScans="0" ActualExecutions="0" ActualExecutionMode="Row"></RunTimeCountersPerThread><RunTimeCountersPerThread Thread="3" ActualRows="0" Batches="0" ActualElapsedms="0" ActualCPUms="0" ActualScans="0" ActualLogicalReads="0" ActualPhysicalReads="0" ActualReadAheads="0" ActualLobLogicalReads="0" ActualLobPhysicalReads="0" ActualLobReadAheads="0" ActualEndOfScans="0" ActualExecutions="0" ActualExecutionMode="Row"></RunTimeCountersPerThread><RunTimeCountersPerThread Thread="2" ActualRows="0" Batches="0" ActualElapsedms="0" ActualCPUms="0" ActualScans="0" ActualLogicalReads="0" ActualPhysicalReads="0" ActualReadAheads="0" ActualLobLogicalReads="0" ActualLobPhysicalReads="0" ActualLobReadAheads="0" ActualEndOfScans="0" ActualExecutions="0" ActualExecutionMode="Row"></RunTimeCountersPerThread><RunTimeCountersPerThread Thread="1" ActualRows="0" Batches="0" ActualElapsedms="0" ActualCPUms="0" ActualScans="0" ActualLogicalReads="0" ActualPhysicalReads="0" ActualReadAheads="0" ActualLobLogicalReads="0" ActualLobPhysicalReads="0" ActualLobReadAheads="0" ActualEndOfScans="0" ActualExecutions="0" ActualExecutionMode="Row"></RunTimeCountersPerThread><RunTimeCountersPerThread Thread="0" ActualRows="0" Batches="0" ActualElapsedms="0" ActualCPUms="0" ActualScans="0" ActualLogicalReads="0" ActualPhysicalReads="0" ActualReadAheads="0" ActualLobLogicalReads="0" ActualLobPhysicalReads="0" ActualLobReadAheads="0" ActualEndOfScans="0" ActualExecutions="0" ActualExecutionMode="Row"></RunTimeCountersPerThread></RunTimeInformation><IndexScan Ordered="1" ScanDirection="FORWARD" ForcedIndex="0" ForceSeek="0" ForceScan="0" NoExpandHint="0" Storage="RowStore"><DefinedValues><DefinedValue><ColumnReference Database="[tpch]" Schema="[dbo]" Table="[nation]" Alias="[n2]" Column="N_RegionKey"></ColumnReference></DefinedValue></DefinedValues><Object Database="[tpch]" Schema="[dbo]" Table="[nation]" Index="[PK__nation__BD377952AE350C6C]" Alias="[n2]" TableReferenceId="3" IndexKind="Clustered" Storage="RowStore"></Object><SeekPredicates><SeekPredicateNew><SeekKeys><Prefix ScanType="EQ"><RangeColumns><ColumnReference Database="[tpch]" Schema="[dbo]" Table="[nation]" Alias="[n2]" Column="N_NationKey"></ColumnReference></RangeColumns><RangeExpressions><ScalarOperator ScalarString="[tpch].[dbo].[customer].[C_NationKey] as [c2].[C_NationKey]"><Identifier><ColumnReference Database="[tpch]" Schema="[dbo]" Table="[customer]" Alias="[c2]" Column="C_NationKey"></ColumnReference></Identifier></ScalarOperator></RangeExpressions></Prefix></SeekKeys></SeekPredicateNew></SeekPredicates></IndexScan></RelOp></NestedLoops></RelOp></StreamAggregate></RelOp><Predicate><ScalarOperator ScalarString="CASE WHEN [Expr1055]&gt;(1) THEN (0) ELSE NULL END"><IF><Condition><ScalarOperator><Compare CompareOp="GT"><ScalarOperator><Identifier><ColumnReference Column="Expr1055"></ColumnReference></Identifier></ScalarOperator><ScalarOperator><Const ConstValue="(1)"></Const></ScalarOperator></Compare></ScalarOperator></Condition><Then><ScalarOperator><Const ConstValue="(0)"></Const></ScalarOperator></Then><Else><ScalarOperator><Const ConstValue="NULL"></Const></ScalarOperator></Else></IF></ScalarOperator></Predicate></Assert></RelOp></NestedLoops></RelOp><RelOp NodeId="91" PhysicalOp="Assert" LogicalOp="Assert" EstimateRows="1" EstimateIO="0" EstimateCPU="4.8e-07" AvgRowSize="11" EstimatedTotalSubtreeCost="16.9522" Parallel="1" EstimateRebinds="4636.28" EstimateRewinds="0" EstimatedExecutionMode="Row"><OutputList><ColumnReference Column="Expr1054"></ColumnReference></OutputList><RunTimeInformation><RunTimeCountersPerThread Thread="12" ActualRows="0" Batches="0" ActualElapsedms="0" ActualCPUms="0" ActualEndOfScans="0" ActualExecutions="0" ActualExecutionMode="Row"></RunTimeCountersPerThread><RunTimeCountersPerThread Thread="11" ActualRows="0" Batches="0" ActualElapsedms="0" ActualCPUms="0" ActualEndOfScans="0" ActualExecutions="0" ActualExecutionMode="Row"></RunTimeCountersPerThread><RunTimeCountersPerThread Thread="10" ActualRows="0" Batches="0" ActualElapsedms="0" ActualCPUms="0" ActualEndOfScans="0" ActualExecutions="0" ActualExecutionMode="Row"></RunTimeCountersPerThread><RunTimeCountersPerThread Thread="9" ActualRows="0" Batches="0" ActualElapsedms="0" ActualCPUms="0" ActualEndOfScans="0" ActualExecutions="0" ActualExecutionMode="Row"></RunTimeCountersPerThread><RunTimeCountersPerThread Thread="8" ActualRows="0" Batches="0" ActualElapsedms="0" ActualCPUms="0" ActualEndOfScans="0" ActualExecutions="0" ActualExecutionMode="Row"></RunTimeCountersPerThread><RunTimeCountersPerThread Thread="7" ActualRows="0" Batches="0" ActualElapsedms="0" ActualCPUms="0" ActualEndOfScans="0" ActualExecutions="0" ActualExecutionMode="Row"></RunTimeCountersPerThread><RunTimeCountersPerThread Thread="6" ActualRows="0" Batches="0" ActualElapsedms="0" ActualCPUms="0" ActualEndOfScans="0" ActualExecutions="0" ActualExecutionMode="Row"></RunTimeCountersPerThread><RunTimeCountersPerThread Thread="5" ActualRows="0" Batches="0" ActualElapsedms="0" ActualCPUms="0" ActualEndOfScans="0" ActualExecutions="0" ActualExecutionMode="Row"></RunTimeCountersPerThread><RunTimeCountersPerThread Thread="4" ActualRows="0" Batches="0" ActualElapsedms="0" ActualCPUms="0" ActualEndOfScans="0" ActualExecutions="0" ActualExecutionMode="Row"></RunTimeCountersPerThread><RunTimeCountersPerThread Thread="3" ActualRows="0" Batches="0" ActualElapsedms="0" ActualCPUms="0" ActualEndOfScans="0" ActualExecutions="0" ActualExecutionMode="Row"></RunTimeCountersPerThread><RunTimeCountersPerThread Thread="2" ActualRows="0" Batches="0" ActualElapsedms="0" ActualCPUms="0" ActualEndOfScans="0" ActualExecutions="0" ActualExecutionMode="Row"></RunTimeCountersPerThread><RunTimeCountersPerThread Thread="1" ActualRows="0" Batches="0" ActualElapsedms="0" ActualCPUms="0" ActualEndOfScans="0" ActualExecutions="0" ActualExecutionMode="Row"></RunTimeCountersPerThread><RunTimeCountersPerThread Thread="0" ActualRows="0" Batches="0" ActualElapsedms="0" ActualCPUms="0" ActualEndOfScans="0" ActualExecutions="0" ActualExecutionMode="Row"></RunTimeCountersPerThread></RunTimeInformation><Assert StartupExpression="0"><RelOp NodeId="92" PhysicalOp="Stream Aggregate" LogicalOp="Aggregate" EstimateRows="1" EstimateIO="0" EstimateCPU="1.1e-06" AvgRowSize="19" EstimatedTotalSubtreeCost="16.95" Parallel="1" EstimateRebinds="4636.28" EstimateRewinds="0" EstimatedExecutionMode="Row"><OutputList><ColumnReference Column="Expr1053"></ColumnReference><ColumnReference Column="Expr1054"></ColumnReference></OutputList><RunTimeInformation><RunTimeCountersPerThread Thread="12" ActualRows="0" Batches="0" ActualElapsedms="0" ActualCPUms="0" ActualEndOfScans="0" ActualExecutions="0" ActualExecutionMode="Row"></RunTimeCountersPerThread><RunTimeCountersPerThread Thread="11" ActualRows="0" Batches="0" ActualElapsedms="0" ActualCPUms="0" ActualEndOfScans="0" ActualExecutions="0" ActualExecutionMode="Row"></RunTimeCountersPerThread><RunTimeCountersPerThread Thread="10" ActualRows="0" Batches="0" ActualElapsedms="0" ActualCPUms="0" ActualEndOfScans="0" ActualExecutions="0" ActualExecutionMode="Row"></RunTimeCountersPerThread><RunTimeCountersPerThread Thread="9" ActualRows="0" Batches="0" ActualElapsedms="0" ActualCPUms="0" ActualEndOfScans="0" ActualExecutions="0" ActualExecutionMode="Row"></RunTimeCountersPerThread><RunTimeCountersPerThread Thread="8" ActualRows="0" Batches="0" ActualElapsedms="0" ActualCPUms="0" ActualEndOfScans="0" ActualExecutions="0" ActualExecutionMode="Row"></RunTimeCountersPerThread><RunTimeCountersPerThread Thread="7" ActualRows="0" Batches="0" ActualElapsedms="0" ActualCPUms="0" ActualEndOfScans="0" ActualExecutions="0" ActualExecutionMode="Row"></RunTimeCountersPerThread><RunTimeCountersPerThread Thread="6" ActualRows="0" Batches="0" ActualElapsedms="0" ActualCPUms="0" ActualEndOfScans="0" ActualExecutions="0" ActualExecutionMode="Row"></RunTimeCountersPerThread><RunTimeCountersPerThread Thread="5" ActualRows="0" Batches="0" ActualElapsedms="0" ActualCPUms="0" ActualEndOfScans="0" ActualExecutions="0" ActualExecutionMode="Row"></RunTimeCountersPerThread><RunTimeCountersPerThread Thread="4" ActualRows="0" Batches="0" ActualElapsedms="0" ActualCPUms="0" ActualEndOfScans="0" ActualExecutions="0" ActualExecutionMode="Row"></RunTimeCountersPerThread><RunTimeCountersPerThread Thread="3" ActualRows="0" Batches="0" ActualElapsedms="0" ActualCPUms="0" ActualEndOfScans="0" ActualExecutions="0" ActualExecutionMode="Row"></RunTimeCountersPerThread><RunTimeCountersPerThread Thread="2" ActualRows="0" Batches="0" ActualElapsedms="0" ActualCPUms="0" ActualEndOfScans="0" ActualExecutions="0" ActualExecutionMode="Row"></RunTimeCountersPerThread><RunTimeCountersPerThread Thread="1" ActualRows="0" Batches="0" ActualElapsedms="0" ActualCPUms="0" ActualEndOfScans="0" ActualExecutions="0" ActualExecutionMode="Row"></RunTimeCountersPerThread><RunTimeCountersPerThread Thread="0" ActualRows="0" Batches="0" ActualElapsedms="0" ActualCPUms="0" ActualEndOfScans="0" ActualExecutions="0" ActualExecutionMode="Row"></RunTimeCountersPerThread></RunTimeInformation><StreamAggregate><DefinedValues><DefinedValue><ColumnReference Column="Expr1053"></ColumnReference><ScalarOperator ScalarString="Count(*)"><Aggregate AggType="countstar" Distinct="0"></Aggregate></ScalarOperator></DefinedValue><DefinedValue><ColumnReference Column="Expr1054"></ColumnReference><ScalarOperator ScalarString="ANY([tpch].[dbo].[nation].[N_RegionKey] as [n].[N_RegionKey])"><Aggregate Distinct="0" AggType="ANY"><ScalarOperator><Identifier><ColumnReference Database="[tpch]" Schema="[dbo]" Table="[nation]" Alias="[n]" Column="N_RegionKey"></ColumnReference></Identifier></ScalarOperator></Aggregate></ScalarOperator></DefinedValue></DefinedValues><RelOp NodeId="93" PhysicalOp="Nested Loops" LogicalOp="Inner Join" EstimateRows="1" EstimateIO="0" EstimateCPU="4.18e-06" AvgRowSize="11" EstimatedTotalSubtreeCost="16.9449" Parallel="1" EstimateRebinds="4636.28" EstimateRewinds="0" EstimatedExecutionMode="Row"><OutputList><ColumnReference Database="[tpch]" Schema="[dbo]" Table="[nation]" Alias="[n]" Column="N_RegionKey"></ColumnReference></OutputList><RunTimeInformation><RunTimeCountersPerThread Thread="12" ActualRows="0" Batches="0" ActualElapsedms="0" ActualCPUms="0" ActualEndOfScans="0" ActualExecutions="0" ActualExecutionMode="Row"></RunTimeCountersPerThread><RunTimeCountersPerThread Thread="11" ActualRows="0" Batches="0" ActualElapsedms="0" ActualCPUms="0" ActualEndOfScans="0" ActualExecutions="0" ActualExecutionMode="Row"></RunTimeCountersPerThread><RunTimeCountersPerThread Thread="10" ActualRows="0" Batches="0" ActualElapsedms="0" ActualCPUms="0" ActualEndOfScans="0" ActualExecutions="0" ActualExecutionMode="Row"></RunTimeCountersPerThread><RunTimeCountersPerThread Thread="9" ActualRows="0" Batches="0" ActualElapsedms="0" ActualCPUms="0" ActualEndOfScans="0" ActualExecutions="0" ActualExecutionMode="Row"></RunTimeCountersPerThread><RunTimeCountersPerThread Thread="8" ActualRows="0" Batches="0" ActualElapsedms="0" ActualCPUms="0" ActualEndOfScans="0" ActualExecutions="0" ActualExecutionMode="Row"></RunTimeCountersPerThread><RunTimeCountersPerThread Thread="7" ActualRows="0" Batches="0" ActualElapsedms="0" ActualCPUms="0" ActualEndOfScans="0" ActualExecutions="0" ActualExecutionMode="Row"></RunTimeCountersPerThread><RunTimeCountersPerThread Thread="6" ActualRows="0" Batches="0" ActualElapsedms="0" ActualCPUms="0" ActualEndOfScans="0" ActualExecutions="0" ActualExecutionMode="Row"></RunTimeCountersPerThread><RunTimeCountersPerThread Thread="5" ActualRows="0" Batches="0" ActualElapsedms="0" ActualCPUms="0" ActualEndOfScans="0" ActualExecutions="0" ActualExecutionMode="Row"></RunTimeCountersPerThread><RunTimeCountersPerThread Thread="4" ActualRows="0" Batches="0" ActualElapsedms="0" ActualCPUms="0" ActualEndOfScans="0" ActualExecutions="0" ActualExecutionMode="Row"></RunTimeCountersPerThread><RunTimeCountersPerThread Thread="3" ActualRows="0" Batches="0" ActualElapsedms="0" ActualCPUms="0" ActualEndOfScans="0" ActualExecutions="0" ActualExecutionMode="Row"></RunTimeCountersPerThread><RunTimeCountersPerThread Thread="2" ActualRows="0" Batches="0" ActualElapsedms="0" ActualCPUms="0" ActualEndOfScans="0" ActualExecutions="0" ActualExecutionMode="Row"></RunTimeCountersPerThread><RunTimeCountersPerThread Thread="1" ActualRows="0" Batches="0" ActualElapsedms="0" ActualCPUms="0" ActualEndOfScans="0" ActualExecutions="0" ActualExecutionMode="Row"></RunTimeCountersPerThread><RunTimeCountersPerThread Thread="0" ActualRows="0" Batches="0" ActualElapsedms="0" ActualCPUms="0" ActualEndOfScans="0" ActualExecutions="0" ActualExecutionMode="Row"></RunTimeCountersPerThread></RunTimeInformation><NestedLoops Optimized="0"><OuterReferences><ColumnReference Database="[tpch]" Schema="[dbo]" Table="[customer]" Alias="[c]" Column="C_NationKey"></ColumnReference></OuterReferences><RelOp NodeId="94" PhysicalOp="Nested Loops" LogicalOp="Inner Join" EstimateRows="1" EstimateIO="0" EstimateCPU="4.18e-06" AvgRowSize="11" EstimatedTotalSubtreeCost="16.1892" Parallel="1" EstimateRebinds="4636.28" EstimateRewinds="0" EstimatedExecutionMode="Row"><OutputList><ColumnReference Database="[tpch]" Schema="[dbo]" Table="[customer]" Alias="[c]" Column="C_NationKey"></ColumnReference></OutputList><RunTimeInformation><RunTimeCountersPerThread Thread="12" ActualRows="0" Batches="0" ActualElapsedms="0" ActualCPUms="0" ActualEndOfScans="0" ActualExecutions="0" ActualExecutionMode="Row"></RunTimeCountersPerThread><RunTimeCountersPerThread Thread="11" ActualRows="0" Batches="0" ActualElapsedms="0" ActualCPUms="0" ActualEndOfScans="0" ActualExecutions="0" ActualExecutionMode="Row"></RunTimeCountersPerThread><RunTimeCountersPerThread Thread="10" ActualRows="0" Batches="0" ActualElapsedms="0" ActualCPUms="0" ActualEndOfScans="0" ActualExecutions="0" ActualExecutionMode="Row"></RunTimeCountersPerThread><RunTimeCountersPerThread Thread="9" ActualRows="0" Batches="0" ActualElapsedms="0" ActualCPUms="0" ActualEndOfScans="0" ActualExecutions="0" ActualExecutionMode="Row"></RunTimeCountersPerThread><RunTimeCountersPerThread Thread="8" ActualRows="0" Batches="0" ActualElapsedms="0" ActualCPUms="0" ActualEndOfScans="0" ActualExecutions="0" ActualExecutionMode="Row"></RunTimeCountersPerThread><RunTimeCountersPerThread Thread="7" ActualRows="0" Batches="0" ActualElapsedms="0" ActualCPUms="0" ActualEndOfScans="0" ActualExecutions="0" ActualExecutionMode="Row"></RunTimeCountersPerThread><RunTimeCountersPerThread Thread="6" ActualRows="0" Batches="0" ActualElapsedms="0" ActualCPUms="0" ActualEndOfScans="0" ActualExecutions="0" ActualExecutionMode="Row"></RunTimeCountersPerThread><RunTimeCountersPerThread Thread="5" ActualRows="0" Batches="0" ActualElapsedms="0" ActualCPUms="0" ActualEndOfScans="0" ActualExecutions="0" ActualExecutionMode="Row"></RunTimeCountersPerThread><RunTimeCountersPerThread Thread="4" ActualRows="0" Batches="0" ActualElapsedms="0" ActualCPUms="0" ActualEndOfScans="0" ActualExecutions="0" ActualExecutionMode="Row"></RunTimeCountersPerThread><RunTimeCountersPerThread Thread="3" ActualRows="0" Batches="0" ActualElapsedms="0" ActualCPUms="0" ActualEndOfScans="0" ActualExecutions="0" ActualExecutionMode="Row"></RunTimeCountersPerThread><RunTimeCountersPerThread Thread="2" ActualRows="0" Batches="0" ActualElapsedms="0" ActualCPUms="0" ActualEndOfScans="0" ActualExecutions="0" ActualExecutionMode="Row"></RunTimeCountersPerThread><RunTimeCountersPerThread Thread="1" ActualRows="0" Batches="0" ActualElapsedms="0" ActualCPUms="0" ActualEndOfScans="0" ActualExecutions="0" ActualExecutionMode="Row"></RunTimeCountersPerThread><RunTimeCountersPerThread Thread="0" ActualRows="0" Batches="0" ActualElapsedms="0" ActualCPUms="0" ActualEndOfScans="0" ActualExecutions="0" ActualExecutionMode="Row"></RunTimeCountersPerThread></RunTimeInformation><NestedLoops Optimized="0"><OuterReferences><ColumnReference Database="[tpch]" Schema="[dbo]" Table="[orders]" Alias="[o]" Column="O_CustKey"></ColumnReference></OuterReferences><RelOp NodeId="95" PhysicalOp="Clustered Index Seek" LogicalOp="Clustered Index Seek" EstimateRows="1" EstimatedRowsRead="1" EstimateIO="0.003125" EstimateCPU="0.0001581" AvgRowSize="11" EstimatedTotalSubtreeCost="9.32903" TableCardinality="1.5e+06" Parallel="1" EstimateRebinds="4636.28" EstimateRewinds="0" EstimatedExecutionMode="Row"><OutputList><ColumnReference Database="[tpch]" Schema="[dbo]" Table="[orders]" Alias="[o]" Column="O_CustKey"></ColumnReference></OutputList><RunTimeInformation><RunTimeCountersPerThread Thread="12" ActualRows="0" Batches="0" ActualElapsedms="0" ActualCPUms="0" ActualScans="0" ActualLogicalReads="0" ActualPhysicalReads="0" ActualReadAheads="0" ActualLobLogicalReads="0" ActualLobPhysicalReads="0" ActualLobReadAheads="0" ActualEndOfScans="0" ActualExecutions="0" ActualExecutionMode="Row"></RunTimeCountersPerThread><RunTimeCountersPerThread Thread="11" ActualRows="0" Batches="0" ActualElapsedms="0" ActualCPUms="0" ActualScans="0" ActualLogicalReads="0" ActualPhysicalReads="0" ActualReadAheads="0" ActualLobLogicalReads="0" ActualLobPhysicalReads="0" ActualLobReadAheads="0" ActualEndOfScans="0" ActualExecutions="0" ActualExecutionMode="Row"></RunTimeCountersPerThread><RunTimeCountersPerThread Thread="10" ActualRows="0" Batches="0" ActualElapsedms="0" ActualCPUms="0" ActualScans="0" ActualLogicalReads="0" ActualPhysicalReads="0" ActualReadAheads="0" ActualLobLogicalReads="0" ActualLobPhysicalReads="0" ActualLobReadAheads="0" ActualEndOfScans="0" ActualExecutions="0" ActualExecutionMode="Row"></RunTimeCountersPerThread><RunTimeCountersPerThread Thread="9" ActualRows="0" Batches="0" ActualElapsedms="0" ActualCPUms="0" ActualScans="0" ActualLogicalReads="0" ActualPhysicalReads="0" ActualReadAheads="0" ActualLobLogicalReads="0" ActualLobPhysicalReads="0" ActualLobReadAheads="0" ActualEndOfScans="0" ActualExecutions="0" ActualExecutionMode="Row"></RunTimeCountersPerThread><RunTimeCountersPerThread Thread="8" ActualRows="0" Batches="0" ActualElapsedms="0" ActualCPUms="0" ActualScans="0" ActualLogicalReads="0" ActualPhysicalReads="0" ActualReadAheads="0" ActualLobLogicalReads="0" ActualLobPhysicalReads="0" ActualLobReadAheads="0" ActualEndOfScans="0" ActualExecutions="0" ActualExecutionMode="Row"></RunTimeCountersPerThread><RunTimeCountersPerThread Thread="7" ActualRows="0" Batches="0" ActualElapsedms="0" ActualCPUms="0" ActualScans="0" ActualLogicalReads="0" ActualPhysicalReads="0" ActualReadAheads="0" ActualLobLogicalReads="0" ActualLobPhysicalReads="0" ActualLobReadAheads="0" ActualEndOfScans="0" ActualExecutions="0" ActualExecutionMode="Row"></RunTimeCountersPerThread><RunTimeCountersPerThread Thread="6" ActualRows="0" Batches="0" ActualElapsedms="0" ActualCPUms="0" ActualScans="0" ActualLogicalReads="0" ActualPhysicalReads="0" ActualReadAheads="0" ActualLobLogicalReads="0" ActualLobPhysicalReads="0" ActualLobReadAheads="0" ActualEndOfScans="0" ActualExecutions="0" ActualExecutionMode="Row"></RunTimeCountersPerThread><RunTimeCountersPerThread Thread="5" ActualRows="0" Batches="0" ActualElapsedms="0" ActualCPUms="0" ActualScans="0" ActualLogicalReads="0" ActualPhysicalReads="0" ActualReadAheads="0" ActualLobLogicalReads="0" ActualLobPhysicalReads="0" ActualLobReadAheads="0" ActualEndOfScans="0" ActualExecutions="0" ActualExecutionMode="Row"></RunTimeCountersPerThread><RunTimeCountersPerThread Thread="4" ActualRows="0" Batches="0" ActualElapsedms="0" ActualCPUms="0" ActualScans="0" ActualLogicalReads="0" ActualPhysicalReads="0" ActualReadAheads="0" ActualLobLogicalReads="0" ActualLobPhysicalReads="0" ActualLobReadAheads="0" ActualEndOfScans="0" ActualExecutions="0" ActualExecutionMode="Row"></RunTimeCountersPerThread><RunTimeCountersPerThread Thread="3" ActualRows="0" Batches="0" ActualElapsedms="0" ActualCPUms="0" ActualScans="0" ActualLogicalReads="0" ActualPhysicalReads="0" ActualReadAheads="0" ActualLobLogicalReads="0" ActualLobPhysicalReads="0" ActualLobReadAheads="0" ActualEndOfScans="0" ActualExecutions="0" ActualExecutionMode="Row"></RunTimeCountersPerThread><RunTimeCountersPerThread Thread="2" ActualRows="0" Batches="0" ActualElapsedms="0" ActualCPUms="0" ActualScans="0" ActualLogicalReads="0" ActualPhysicalReads="0" ActualReadAheads="0" ActualLobLogicalReads="0" ActualLobPhysicalReads="0" ActualLobReadAheads="0" ActualEndOfScans="0" ActualExecutions="0" ActualExecutionMode="Row"></RunTimeCountersPerThread><RunTimeCountersPerThread Thread="1" ActualRows="0" Batches="0" ActualElapsedms="0" ActualCPUms="0" ActualScans="0" ActualLogicalReads="0" ActualPhysicalReads="0" ActualReadAheads="0" ActualLobLogicalReads="0" ActualLobPhysicalReads="0" ActualLobReadAheads="0" ActualEndOfScans="0" ActualExecutions="0" ActualExecutionMode="Row"></RunTimeCountersPerThread><RunTimeCountersPerThread Thread="0" ActualRows="0" Batches="0" ActualElapsedms="0" ActualCPUms="0" ActualScans="0" ActualLogicalReads="0" ActualPhysicalReads="0" ActualReadAheads="0" ActualLobLogicalReads="0" ActualLobPhysicalReads="0" ActualLobReadAheads="0" ActualEndOfScans="0" ActualExecutions="0" ActualExecutionMode="Row"></RunTimeCountersPerThread></RunTimeInformation><IndexScan Ordered="1" ScanDirection="FORWARD" ForcedIndex="0" ForceSeek="0" ForceScan="0" NoExpandHint="0" Storage="RowStore"><DefinedValues><DefinedValue><ColumnReference Database="[tpch]" Schema="[dbo]" Table="[orders]" Alias="[o]" Column="O_CustKey"></ColumnReference></DefinedValue></DefinedValues><Object Database="[tpch]" Schema="[dbo]" Table="[orders]" Index="[PK__orders__0F8A1252147E7971]" Alias="[o]" TableReferenceId="4" IndexKind="Clustered" Storage="RowStore"></Object><SeekPredicates><SeekPredicateNew><SeekKeys><Prefix ScanType="EQ"><RangeColumns><ColumnReference Database="[tpch]" Schema="[dbo]" Table="[orders]" Alias="[o]" Column="O_OrderKey"></ColumnReference></RangeColumns><RangeExpressions><ScalarOperator ScalarString="CONVERT_IMPLICIT(bigint,[tpch].[dbo].[lineitem].[L_OrderKey] as [l3].[L_OrderKey],0)"><Convert DataType="bigint" Style="0" Implicit="1"><ScalarOperator><Identifier><ColumnReference Database="[tpch]" Schema="[dbo]" Table="[lineitem]" Alias="[l3]" Column="L_OrderKey"></ColumnReference></Identifier></ScalarOperator></Convert></ScalarOperator></RangeExpressions></Prefix></SeekKeys></SeekPredicateNew></SeekPredicates></IndexScan></RelOp><RelOp NodeId="96" PhysicalOp="Clustered Index Seek" LogicalOp="Clustered Index Seek" EstimateRows="1" EstimatedRowsRead="1" EstimateIO="0.003125" EstimateCPU="0.0001581" AvgRowSize="11" EstimatedTotalSubtreeCost="6.84081" TableCardinality="150000" Parallel="1" EstimateRebinds="4636.28" EstimateRewinds="0" EstimatedExecutionMode="Row"><OutputList><ColumnReference Database="[tpch]" Schema="[dbo]" Table="[customer]" Alias="[c]" Column="C_NationKey"></ColumnReference></OutputList><RunTimeInformation><RunTimeCountersPerThread Thread="12" ActualRows="0" Batches="0" ActualElapsedms="0" ActualCPUms="0" ActualScans="0" ActualLogicalReads="0" ActualPhysicalReads="0" ActualReadAheads="0" ActualLobLogicalReads="0" ActualLobPhysicalReads="0" ActualLobReadAheads="0" ActualEndOfScans="0" ActualExecutions="0" ActualExecutionMode="Row"></RunTimeCountersPerThread><RunTimeCountersPerThread Thread="11" ActualRows="0" Batches="0" ActualElapsedms="0" ActualCPUms="0" ActualScans="0" ActualLogicalReads="0" ActualPhysicalReads="0" ActualReadAheads="0" ActualLobLogicalReads="0" ActualLobPhysicalReads="0" ActualLobReadAheads="0" ActualEndOfScans="0" ActualExecutions="0" ActualExecutionMode="Row"></RunTimeCountersPerThread><RunTimeCountersPerThread Thread="10" ActualRows="0" Batches="0" ActualElapsedms="0" ActualCPUms="0" ActualScans="0" ActualLogicalReads="0" ActualPhysicalReads="0" ActualReadAheads="0" ActualLobLogicalReads="0" ActualLobPhysicalReads="0" ActualLobReadAheads="0" ActualEndOfScans="0" ActualExecutions="0" ActualExecutionMode="Row"></RunTimeCountersPerThread><RunTimeCountersPerThread Thread="9" ActualRows="0" Batches="0" ActualElapsedms="0" ActualCPUms="0" ActualScans="0" ActualLogicalReads="0" ActualPhysicalReads="0" ActualReadAheads="0" ActualLobLogicalReads="0" ActualLobPhysicalReads="0" ActualLobReadAheads="0" ActualEndOfScans="0" ActualExecutions="0" ActualExecutionMode="Row"></RunTimeCountersPerThread><RunTimeCountersPerThread Thread="8" ActualRows="0" Batches="0" ActualElapsedms="0" ActualCPUms="0" ActualScans="0" ActualLogicalReads="0" ActualPhysicalReads="0" ActualReadAheads="0" ActualLobLogicalReads="0" ActualLobPhysicalReads="0" ActualLobReadAheads="0" ActualEndOfScans="0" ActualExecutions="0" ActualExecutionMode="Row"></RunTimeCountersPerThread><RunTimeCountersPerThread Thread="7" ActualRows="0" Batches="0" ActualElapsedms="0" ActualCPUms="0" ActualScans="0" ActualLogicalReads="0" ActualPhysicalReads="0" ActualReadAheads="0" ActualLobLogicalReads="0" ActualLobPhysicalReads="0" ActualLobReadAheads="0" ActualEndOfScans="0" ActualExecutions="0" ActualExecutionMode="Row"></RunTimeCountersPerThread><RunTimeCountersPerThread Thread="6" ActualRows="0" Batches="0" ActualElapsedms="0" ActualCPUms="0" ActualScans="0" ActualLogicalReads="0" ActualPhysicalReads="0" ActualReadAheads="0" ActualLobLogicalReads="0" ActualLobPhysicalReads="0" ActualLobReadAheads="0" ActualEndOfScans="0" ActualExecutions="0" ActualExecutionMode="Row"></RunTimeCountersPerThread><RunTimeCountersPerThread Thread="5" ActualRows="0" Batches="0" ActualElapsedms="0" ActualCPUms="0" ActualScans="0" ActualLogicalReads="0" ActualPhysicalReads="0" ActualReadAheads="0" ActualLobLogicalReads="0" ActualLobPhysicalReads="0" ActualLobReadAheads="0" ActualEndOfScans="0" ActualExecutions="0" ActualExecutionMode="Row"></RunTimeCountersPerThread><RunTimeCountersPerThread Thread="4" ActualRows="0" Batches="0" ActualElapsedms="0" ActualCPUms="0" ActualScans="0" ActualLogicalReads="0" ActualPhysicalReads="0" ActualReadAheads="0" ActualLobLogicalReads="0" ActualLobPhysicalReads="0" ActualLobReadAheads="0" ActualEndOfScans="0" ActualExecutions="0" ActualExecutionMode="Row"></RunTimeCountersPerThread><RunTimeCountersPerThread Thread="3" ActualRows="0" Batches="0" ActualElapsedms="0" ActualCPUms="0" ActualScans="0" ActualLogicalReads="0" ActualPhysicalReads="0" ActualReadAheads="0" ActualLobLogicalReads="0" ActualLobPhysicalReads="0" ActualLobReadAheads="0" ActualEndOfScans="0" ActualExecutions="0" ActualExecutionMode="Row"></RunTimeCountersPerThread><RunTimeCountersPerThread Thread="2" ActualRows="0" Batches="0" ActualElapsedms="0" ActualCPUms="0" ActualScans="0" ActualLogicalReads="0" ActualPhysicalReads="0" ActualReadAheads="0" ActualLobLogicalReads="0" ActualLobPhysicalReads="0" ActualLobReadAheads="0" ActualEndOfScans="0" ActualExecutions="0" ActualExecutionMode="Row"></RunTimeCountersPerThread><RunTimeCountersPerThread Thread="1" ActualRows="0" Batches="0" ActualElapsedms="0" ActualCPUms="0" ActualScans="0" ActualLogicalReads="0" ActualPhysicalReads="0" ActualReadAheads="0" ActualLobLogicalReads="0" ActualLobPhysicalReads="0" ActualLobReadAheads="0" ActualEndOfScans="0" ActualExecutions="0" ActualExecutionMode="Row"></RunTimeCountersPerThread><RunTimeCountersPerThread Thread="0" ActualRows="0" Batches="0" ActualElapsedms="0" ActualCPUms="0" ActualScans="0" ActualLogicalReads="0" ActualPhysicalReads="0" ActualReadAheads="0" ActualLobLogicalReads="0" ActualLobPhysicalReads="0" ActualLobReadAheads="0" ActualEndOfScans="0" ActualExecutions="0" ActualExecutionMode="Row"></RunTimeCountersPerThread></RunTimeInformation><IndexScan Ordered="1" ScanDirection="FORWARD" ForcedIndex="0" ForceSeek="0" ForceScan="0" NoExpandHint="0" Storage="RowStore"><DefinedValues><DefinedValue><ColumnReference Database="[tpch]" Schema="[dbo]" Table="[customer]" Alias="[c]" Column="C_NationKey"></ColumnReference></DefinedValue></DefinedValues><Object Database="[tpch]" Schema="[dbo]" Table="[customer]" Index="[PK__customer__48695B7174053BCB]" Alias="[c]" TableReferenceId="3" IndexKind="Clustered" Storage="RowStore"></Object><SeekPredicates><SeekPredicateNew><SeekKeys><Prefix ScanType="EQ"><RangeColumns><ColumnReference Database="[tpch]" Schema="[dbo]" Table="[customer]" Alias="[c]" Column="C_CustKey"></ColumnReference></RangeColumns><RangeExpressions><ScalarOperator ScalarString="[tpch].[dbo].[orders].[O_CustKey] as [o].[O_CustKey]"><Identifier><ColumnReference Database="[tpch]" Schema="[dbo]" Table="[orders]" Alias="[o]" Column="O_CustKey"></ColumnReference></Identifier></ScalarOperator></RangeExpressions></Prefix></SeekKeys></SeekPredicateNew></SeekPredicates></IndexScan></RelOp></NestedLoops></RelOp><RelOp NodeId="97" PhysicalOp="Clustered Index Seek" LogicalOp="Clustered Index Seek" EstimateRows="1" EstimatedRowsRead="1" EstimateIO="0.003125" EstimateCPU="0.0001581" AvgRowSize="11" EstimatedTotalSubtreeCost="0.736279" TableCardinality="25" Parallel="1" EstimateRebinds="4636.28" EstimateRewinds="0" EstimatedExecutionMode="Row"><OutputList><ColumnReference Database="[tpch]" Schema="[dbo]" Table="[nation]" Alias="[n]" Column="N_RegionKey"></ColumnReference></OutputList><RunTimeInformation><RunTimeCountersPerThread Thread="12" ActualRows="0" Batches="0" ActualElapsedms="0" ActualCPUms="0" ActualScans="0" ActualLogicalReads="0" ActualPhysicalReads="0" ActualReadAheads="0" ActualLobLogicalReads="0" ActualLobPhysicalReads="0" ActualLobReadAheads="0" ActualEndOfScans="0" ActualExecutions="0" ActualExecutionMode="Row"></RunTimeCountersPerThread><RunTimeCountersPerThread Thread="11" ActualRows="0" Batches="0" ActualElapsedms="0" ActualCPUms="0" ActualScans="0" ActualLogicalReads="0" ActualPhysicalReads="0" ActualReadAheads="0" ActualLobLogicalReads="0" ActualLobPhysicalReads="0" ActualLobReadAheads="0" ActualEndOfScans="0" ActualExecutions="0" ActualExecutionMode="Row"></RunTimeCountersPerThread><RunTimeCountersPerThread Thread="10" ActualRows="0" Batches="0" ActualElapsedms="0" ActualCPUms="0" ActualScans="0" ActualLogicalReads="0" ActualPhysicalReads="0" ActualReadAheads="0" ActualLobLogicalReads="0" ActualLobPhysicalReads="0" ActualLobReadAheads="0" ActualEndOfScans="0" ActualExecutions="0" ActualExecutionMode="Row"></RunTimeCountersPerThread><RunTimeCountersPerThread Thread="9" ActualRows="0" Batches="0" ActualElapsedms="0" ActualCPUms="0" ActualScans="0" ActualLogicalReads="0" ActualPhysicalReads="0" ActualReadAheads="0" ActualLobLogicalReads="0" ActualLobPhysicalReads="0" ActualLobReadAheads="0" ActualEndOfScans="0" ActualExecutions="0" ActualExecutionMode="Row"></RunTimeCountersPerThread><RunTimeCountersPerThread Thread="8" ActualRows="0" Batches="0" ActualElapsedms="0" ActualCPUms="0" ActualScans="0" ActualLogicalReads="0" ActualPhysicalReads="0" ActualReadAheads="0" ActualLobLogicalReads="0" ActualLobPhysicalReads="0" ActualLobReadAheads="0" ActualEndOfScans="0" ActualExecutions="0" ActualExecutionMode="Row"></RunTimeCountersPerThread><RunTimeCountersPerThread Thread="7" ActualRows="0" Batches="0" ActualElapsedms="0" ActualCPUms="0" ActualScans="0" ActualLogicalReads="0" ActualPhysicalReads="0" ActualReadAheads="0" ActualLobLogicalReads="0" ActualLobPhysicalReads="0" ActualLobReadAheads="0" ActualEndOfScans="0" ActualExecutions="0" ActualExecutionMode="Row"></RunTimeCountersPerThread><RunTimeCountersPerThread Thread="6" ActualRows="0" Batches="0" ActualElapsedms="0" ActualCPUms="0" ActualScans="0" ActualLogicalReads="0" ActualPhysicalReads="0" ActualReadAheads="0" ActualLobLogicalReads="0" ActualLobPhysicalReads="0" ActualLobReadAheads="0" ActualEndOfScans="0" ActualExecutions="0" ActualExecutionMode="Row"></RunTimeCountersPerThread><RunTimeCountersPerThread Thread="5" ActualRows="0" Batches="0" ActualElapsedms="0" ActualCPUms="0" ActualScans="0" ActualLogicalReads="0" ActualPhysicalReads="0" ActualReadAheads="0" ActualLobLogicalReads="0" ActualLobPhysicalReads="0" ActualLobReadAheads="0" ActualEndOfScans="0" ActualExecutions="0" ActualExecutionMode="Row"></RunTimeCountersPerThread><RunTimeCountersPerThread Thread="4" ActualRows="0" Batches="0" ActualElapsedms="0" ActualCPUms="0" ActualScans="0" ActualLogicalReads="0" ActualPhysicalReads="0" ActualReadAheads="0" ActualLobLogicalReads="0" ActualLobPhysicalReads="0" ActualLobReadAheads="0" ActualEndOfScans="0" ActualExecutions="0" ActualExecutionMode="Row"></RunTimeCountersPerThread><RunTimeCountersPerThread Thread="3" ActualRows="0" Batches="0" ActualElapsedms="0" ActualCPUms="0" ActualScans="0" ActualLogicalReads="0" ActualPhysicalReads="0" ActualReadAheads="0" ActualLobLogicalReads="0" ActualLobPhysicalReads="0" ActualLobReadAheads="0" ActualEndOfScans="0" ActualExecutions="0" ActualExecutionMode="Row"></RunTimeCountersPerThread><RunTimeCountersPerThread Thread="2" ActualRows="0" Batches="0" ActualElapsedms="0" ActualCPUms="0" ActualScans="0" ActualLogicalReads="0" ActualPhysicalReads="0" ActualReadAheads="0" ActualLobLogicalReads="0" ActualLobPhysicalReads="0" ActualLobReadAheads="0" ActualEndOfScans="0" ActualExecutions="0" ActualExecutionMode="Row"></RunTimeCountersPerThread><RunTimeCountersPerThread Thread="1" ActualRows="0" Batches="0" ActualElapsedms="0" ActualCPUms="0" ActualScans="0" ActualLogicalReads="0" ActualPhysicalReads="0" ActualReadAheads="0" ActualLobLogicalReads="0" ActualLobPhysicalReads="0" ActualLobReadAheads="0" ActualEndOfScans="0" ActualExecutions="0" ActualExecutionMode="Row"></RunTimeCountersPerThread><RunTimeCountersPerThread Thread="0" ActualRows="0" Batches="0" ActualElapsedms="0" ActualCPUms="0" ActualScans="0" ActualLogicalReads="0" ActualPhysicalReads="0" ActualReadAheads="0" ActualLobLogicalReads="0" ActualLobPhysicalReads="0" ActualLobReadAheads="0" ActualEndOfScans="0" ActualExecutions="0" ActualExecutionMode="Row"></RunTimeCountersPerThread></RunTimeInformation><IndexScan Ordered="1" ScanDirection="FORWARD" ForcedIndex="0" ForceSeek="0" ForceScan="0" NoExpandHint="0" Storage="RowStore"><DefinedValues><DefinedValue><ColumnReference Database="[tpch]" Schema="[dbo]" Table="[nation]" Alias="[n]" Column="N_RegionKey"></ColumnReference></DefinedValue></DefinedValues><Object Database="[tpch]" Schema="[dbo]" Table="[nation]" Index="[PK__nation__BD377952AE350C6C]" Alias="[n]" TableReferenceId="4" IndexKind="Clustered" Storage="RowStore"></Object><SeekPredicates><SeekPredicateNew><SeekKeys><Prefix ScanType="EQ"><RangeColumns><ColumnReference Database="[tpch]" Schema="[dbo]" Table="[nation]" Alias="[n]" Column="N_NationKey"></ColumnReference></RangeColumns><RangeExpressions><ScalarOperator ScalarString="[tpch].[dbo].[customer].[C_NationKey] as [c].[C_NationKey]"><Identifier><ColumnReference Database="[tpch]" Schema="[dbo]" Table="[customer]" Alias="[c]" Column="C_NationKey"></ColumnReference></Identifier></ScalarOperator></RangeExpressions></Prefix></SeekKeys></SeekPredicateNew></SeekPredicates></IndexScan></RelOp></NestedLoops></RelOp></StreamAggregate></RelOp><Predicate><ScalarOperator ScalarString="CASE WHEN [Expr1053]&gt;(1) THEN (0) ELSE NULL END"><IF><Condition><ScalarOperator><Compare CompareOp="GT"><ScalarOperator><Identifier><ColumnReference Column="Expr1053"></ColumnReference></Identifier></ScalarOperator><ScalarOperator><Const ConstValue="(1)"></Const></ScalarOperator></Compare></ScalarOperator></Condition><Then><ScalarOperator><Const ConstValue="(0)"></Const></ScalarOperator></Then><Else><ScalarOperator><Const ConstValue="NULL"></Const></ScalarOperator></Else></IF></ScalarOperator></Predicate></Assert></RelOp></NestedLoops></RelOp></Concat></RelOp></NestedLoops></RelOp></RowCountSpool></RelOp></NestedLoops></RelOp></Parallelism></RelOp></Hash></RelOp></ComputeScalar></RelOp></Sort></RelOp></Parallelism></RelOp></QueryPlan></StmtSimple></Statements></Batch></BatchSequence></ShowPlanXML>