<ShowPlanXML xmlns="http://schemas.microsoft.com/sqlserver/2004/07/showplan" Version="1.564" Build="16.0.4225.2"><BatchSequence><Batch><Statements><StmtSimple StatementText="SELECT&#xd;&#xa;    s.s_name,&#xd;&#xa;    COUNT(*) AS numwait&#xd;&#xa;FROM&#xd;&#xa;    dbo.supplier s,&#xd;&#xa;    dbo.lineitem l1,&#xd;&#xa;    dbo.orders o,&#xd;&#xa;    dbo.nation n&#xd;&#xa;WHERE&#xd;&#xa;    s.s_suppkey = l1.l_suppkey&#xd;&#xa;    AND o.o_orderkey = l1.l_orderkey&#xd;&#xa;    AND o.o_orderstatus = &apos;F&apos;&#xd;&#xa;    AND l1.l_receiptdate &gt; l1.l_commitdate&#xd;&#xa;    AND EXISTS (&#xd;&#xa;        SELECT *&#xd;&#xa;        FROM dbo.lineitem l2&#xd;&#xa;        WHERE&#xd;&#xa;            l2.l_orderkey = l1.l_orderkey&#xd;&#xa;            AND l2.l_suppkey &lt;&gt; l1.l_suppkey&#xd;&#xa;    )&#xd;&#xa;    AND NOT EXISTS (&#xd;&#xa;        SELECT *&#xd;&#xa;        FROM dbo.lineitem l3&#xd;&#xa;        WHERE&#xd;&#xa;            l3.l_orderkey = l1.l_orderkey&#xd;&#xa;            AND l3.l_suppkey &lt;&gt; l1.l_suppkey&#xd;&#xa;            AND l3.l_receiptdate &gt; l3.l_commitdate&#xd;&#xa;    )&#xd;&#xa;    AND s.s_nationkey = n.n_nationkey&#xd;&#xa;    AND n.n_name = &apos;GERMANY&apos;&#xd;&#xa;GROUP BY&#xd;&#xa;    s.s_name&#xd;&#xa;ORDER BY&#xd;&#xa;    numwait DESC,&#xd;&#xa;    s.s_name" StatementId="1" StatementCompId="1" StatementType="SELECT" StatementSqlHandle="0x09008461AC1C9CB7E3391573F5214E91129E0000000000000000000000000000000000000000000000000000" DatabaseContextSettingsId="7" ParentObjectId="0" StatementParameterizationType="0" RetrievedFromCache="true" StatementSubTreeCost="31.0876" StatementEstRows="400" SecurityPolicyApplied="true" StatementOptmLevel="FULL" QueryHash="0x129CDD9072D82AD9" QueryPlanHash="0x5D6CD45935D6BFDF" StatementOptmEarlyAbortReason="TimeOut" CardinalityEstimationModelVersion="160" BatchModeOnRowStoreUsed="true"><StatementSetOptions QUOTED_IDENTIFIER="true" ARITHABORT="true" CONCAT_NULL_YIELDS_NULL="true" ANSI_NULLS="true" ANSI_PADDING="true" ANSI_WARNINGS="true" NUMERIC_ROUNDABORT="false"></StatementSetOptions><QueryPlan DegreeOfParallelism="12" MemoryGrant="120008" CachedPlanSize="440" CompileTime="112" CompileCPU="112" CompileMemory="11192"><ThreadStat Branches="2" UsedThreads="24"><ThreadReservation NodeId="0" ReservedThreads="25"></ThreadReservation></ThreadStat><MissingIndexes><MissingIndexGroup Impact="52.7254"><MissingIndex Database="[tpch]" Schema="[dbo]" Table="[orders]"><ColumnGroup Usage="EQUALITY"><Column Name="[O_OrderStatus]" ColumnId="3"></Column></ColumnGroup></MissingIndex></MissingIndexGroup></MissingIndexes><MemoryGrantInfo SerialRequiredMemory="6808" SerialDesiredMemory="42440" RequiredMemory="84296" DesiredMemory="120008" RequestedMemory="120008" GrantWaitTime="0" MaxQueryMemory="1425256" GrantedMemory="120008" MaxUsedMemory="25664" LastRequestedMemory="117800" IsMemoryGrantFeedbackAdjusted="Yes: Percentile Adjusting"></MemoryGrantInfo><OptimizerHardwareDependentProperties EstimatedAvailableMemoryGrant="106973" EstimatedPagesCached="80230" EstimatedAvailableDegreeOfParallelism="6" MaxCompileMemory="5817784"></OptimizerHardwareDependentProperties><OptimizerStatsUsage><StatisticsInfo LastUpdate="2026-01-27T06:47:16.16" ModificationCount="0" SamplingPercent="7.06007" Statistics="[_WA_Sys_00000003_38996AB5]" Table="[orders]" Schema="[dbo]" Database="[tpch]"></StatisticsInfo><StatisticsInfo LastUpdate="2026-01-12T13:48:35.17" ModificationCount="0" SamplingPercent="100" Statistics="[PK__nation__BD377952AE350C6C]" Table="[nation]" Schema="[dbo]" Database="[tpch]"></StatisticsInfo><StatisticsInfo LastUpdate="2026-02-09T20:08:35.51" ModificationCount="0" SamplingPercent="100" Statistics="[xyz]" Table="[lineitem]" Schema="[dbo]" Database="[tpch]"></StatisticsInfo><StatisticsInfo LastUpdate="2026-02-18T14:02:01.11" ModificationCount="0" SamplingPercent="100" Statistics="[p16_idx]" Table="[orders]" Schema="[dbo]" Database="[tpch]"></StatisticsInfo><StatisticsInfo LastUpdate="2026-02-16T19:44:02.89" ModificationCount="0" SamplingPercent="100" Statistics="[p35_idx]" Table="[lineitem]" Schema="[dbo]" Database="[tpch]"></StatisticsInfo><StatisticsInfo LastUpdate="2026-01-12T13:48:40.22" ModificationCount="0" SamplingPercent="100" Statistics="[PK__lineitem__2B16504EA5720AF2]" Table="[lineitem]" Schema="[dbo]" Database="[tpch]"></StatisticsInfo><StatisticsInfo LastUpdate="2026-01-12T13:48:36.35" ModificationCount="0" SamplingPercent="100" Statistics="[PK__customer__48695B7174053BCB]" Table="[customer]" Schema="[dbo]" Database="[tpch]"></StatisticsInfo><StatisticsInfo LastUpdate="2026-01-12T13:48:36.37" ModificationCount="0" SamplingPercent="35.928" Statistics="[_WA_Sys_00000004_35BCFE0A]" Table="[customer]" Schema="[dbo]" Database="[tpch]"></StatisticsInfo><StatisticsInfo LastUpdate="2026-01-12T13:48:35.38" ModificationCount="0" SamplingPercent="100" Statistics="[_WA_Sys_00000004_3C69FB99]" Table="[supplier]" Schema="[dbo]" Database="[tpch]"></StatisticsInfo><StatisticsInfo LastUpdate="2026-02-18T11:40:34.95" ModificationCount="0" SamplingPercent="100" Statistics="[_WA_Sys_00000002_37A5467C]" Table="[nation]" Schema="[dbo]" Database="[tpch]"></StatisticsInfo><StatisticsInfo LastUpdate="2026-02-16T18:45:46.09" ModificationCount="0" SamplingPercent="100" Statistics="[p40_idx]" Table="[lineitem]" Schema="[dbo]" Database="[tpch]"></StatisticsInfo><StatisticsInfo LastUpdate="2026-01-12T13:48:35.37" ModificationCount="0" SamplingPercent="100" Statistics="[PK__supplier__C9D8C8B7B058A0BD]" Table="[supplier]" Schema="[dbo]" Database="[tpch]"></StatisticsInfo><StatisticsInfo LastUpdate="2026-01-12T13:48:40.97" ModificationCount="0" SamplingPercent="100" Statistics="[PK__orders__0F8A1252147E7971]" Table="[orders]" Schema="[dbo]" Database="[tpch]"></StatisticsInfo><StatisticsInfo LastUpdate="2026-02-16T18:58:14.05" ModificationCount="0" SamplingPercent="100" Statistics="[p16_idx]" Table="[lineitem]" Schema="[dbo]" Database="[tpch]"></StatisticsInfo><StatisticsInfo LastUpdate="2026-02-18T11:40:34.96" ModificationCount="0" SamplingPercent="100" Statistics="[_WA_Sys_00000002_3C69FB99]" Table="[supplier]" Schema="[dbo]" Database="[tpch]"></StatisticsInfo><StatisticsInfo LastUpdate="2026-02-16T19:04:26.16" ModificationCount="0" SamplingPercent="100" Statistics="[&lt;Name of Missing Index, sysname,&gt;]" Table="[orders]" Schema="[dbo]" Database="[tpch]"></StatisticsInfo></OptimizerStatsUsage><WaitStats><Wait WaitType="EXECSYNC" WaitTimeMs="24205" WaitCount="70"></Wait><Wait WaitType="CXSYNC_PORT" WaitTimeMs="2461" WaitCount="38"></Wait><Wait WaitType="HTDELETE" WaitTimeMs="249" WaitCount="66"></Wait><Wait WaitType="HTREPARTITION" WaitTimeMs="37" WaitCount="66"></Wait><Wait WaitType="RESERVED_MEMORY_ALLOCATION_EXT" WaitTimeMs="34" WaitCount="1824"></Wait><Wait WaitType="BMPBUILD" WaitTimeMs="34" WaitCount="44"></Wait><Wait WaitType="BPSORT" WaitTimeMs="25" WaitCount="396"></Wait><Wait WaitType="LATCH_EX" WaitTimeMs="23" WaitCount="228"></Wait><Wait WaitType="PWAIT_QRY_BPMEMORY" WaitTimeMs="19" WaitCount="65"></Wait><Wait WaitType="HTBUILD" WaitTimeMs="13" WaitCount="66"></Wait></WaitStats><QueryTimeStats ElapsedTime="2420" CpuTime="4410"></QueryTimeStats><RelOp NodeId="0" PhysicalOp="Parallelism" LogicalOp="Gather Streams" EstimateRows="400" EstimateIO="0" EstimateCPU="0.0304816" AvgRowSize="33" EstimatedTotalSubtreeCost="31.0876" Parallel="1" EstimateRebinds="0" EstimateRewinds="0" EstimatedExecutionMode="Row"><OutputList><ColumnReference Database="[tpch]" Schema="[dbo]" Table="[supplier]" Alias="[s]" Column="S_Name"></ColumnReference><ColumnReference Column="Expr1041"></ColumnReference></OutputList><RunTimeInformation><RunTimeCountersPerThread Thread="0" ActualRows="0" Batches="0" ActualElapsedms="2420" ActualCPUms="0" ActualEndOfScans="1" ActualExecutions="1" ActualExecutionMode="Row"></RunTimeCountersPerThread></RunTimeInformation><Parallelism><OrderBy><OrderByColumn Ascending="0"><ColumnReference Column="Expr1041"></ColumnReference></OrderByColumn><OrderByColumn Ascending="1"><ColumnReference Database="[tpch]" Schema="[dbo]" Table="[supplier]" Alias="[s]" Column="S_Name"></ColumnReference></OrderByColumn></OrderBy><RelOp NodeId="1" PhysicalOp="Sort" LogicalOp="Sort" EstimateRows="400" EstimateIO="0.000625626" EstimateCPU="0.000106568" AvgRowSize="33" EstimatedTotalSubtreeCost="31.0572" Parallel="1" EstimateRebinds="0" EstimateRewinds="0" EstimatedExecutionMode="Batch"><OutputList><ColumnReference Database="[tpch]" Schema="[dbo]" Table="[supplier]" Alias="[s]" Column="S_Name"></ColumnReference><ColumnReference Column="Expr1041"></ColumnReference></OutputList><MemoryFractions Input="0.0442299" Output="0.0442299"></MemoryFractions><RunTimeInformation><RunTimeCountersPerThread Thread="12" ActualRows="0" Batches="0" ActualElapsedms="2" ActualCPUms="0" ActualScans="0" ActualLogicalReads="0" ActualPhysicalReads="0" ActualReadAheads="0" ActualLobLogicalReads="0" ActualLobPhysicalReads="0" ActualLobReadAheads="0" ActualEndOfScans="0" ActualExecutions="1" ActualExecutionMode="Batch"></RunTimeCountersPerThread><RunTimeCountersPerThread Thread="11" ActualRows="0" Batches="0" ActualElapsedms="1" ActualCPUms="0" ActualScans="0" ActualLogicalReads="0" ActualPhysicalReads="0" ActualReadAheads="0" ActualLobLogicalReads="0" ActualLobPhysicalReads="0" ActualLobReadAheads="0" ActualEndOfScans="0" ActualExecutions="1" ActualExecutionMode="Batch"></RunTimeCountersPerThread><RunTimeCountersPerThread Thread="10" ActualRows="0" Batches="0" ActualElapsedms="1" ActualCPUms="0" ActualScans="0" ActualLogicalReads="0" ActualPhysicalReads="0" ActualReadAheads="0" ActualLobLogicalReads="0" ActualLobPhysicalReads="0" ActualLobReadAheads="0" ActualEndOfScans="0" ActualExecutions="1" ActualExecutionMode="Batch"></RunTimeCountersPerThread><RunTimeCountersPerThread Thread="9" ActualRows="0" Batches="0" ActualElapsedms="2" ActualCPUms="0" ActualScans="0" ActualLogicalReads="0" ActualPhysicalReads="0" ActualReadAheads="0" ActualLobLogicalReads="0" ActualLobPhysicalReads="0" ActualLobReadAheads="0" ActualEndOfScans="0" ActualExecutions="1" ActualExecutionMode="Batch"></RunTimeCountersPerThread><RunTimeCountersPerThread Thread="8" ActualRows="0" Batches="0" ActualElapsedms="2" ActualCPUms="0" ActualScans="0" ActualLogicalReads="0" ActualPhysicalReads="0" ActualReadAheads="0" ActualLobLogicalReads="0" ActualLobPhysicalReads="0" ActualLobReadAheads="0" ActualEndOfScans="0" ActualExecutions="1" ActualExecutionMode="Batch"></RunTimeCountersPerThread><RunTimeCountersPerThread Thread="7" ActualRows="0" Batches="0" ActualElapsedms="2" ActualCPUms="0" ActualScans="0" ActualLogicalReads="0" ActualPhysicalReads="0" ActualReadAheads="0" ActualLobLogicalReads="0" ActualLobPhysicalReads="0" ActualLobReadAheads="0" ActualEndOfScans="0" ActualExecutions="1" ActualExecutionMode="Batch"></RunTimeCountersPerThread><RunTimeCountersPerThread Thread="6" ActualRows="0" Batches="0" ActualElapsedms="2" ActualCPUms="0" ActualScans="0" ActualLogicalReads="0" ActualPhysicalReads="0" ActualReadAheads="0" ActualLobLogicalReads="0" ActualLobPhysicalReads="0" ActualLobReadAheads="0" ActualEndOfScans="0" ActualExecutions="1" ActualExecutionMode="Batch"></RunTimeCountersPerThread><RunTimeCountersPerThread Thread="5" ActualRows="0" Batches="0" ActualElapsedms="2" ActualCPUms="0" ActualScans="0" ActualLogicalReads="0" ActualPhysicalReads="0" ActualReadAheads="0" ActualLobLogicalReads="0" ActualLobPhysicalReads="0" ActualLobReadAheads="0" ActualEndOfScans="0" ActualExecutions="1" ActualExecutionMode="Batch"></RunTimeCountersPerThread><RunTimeCountersPerThread Thread="4" ActualRows="0" Batches="0" ActualElapsedms="3" ActualCPUms="0" ActualScans="0" ActualLogicalReads="0" ActualPhysicalReads="0" ActualReadAheads="0" ActualLobLogicalReads="0" ActualLobPhysicalReads="0" ActualLobReadAheads="0" ActualEndOfScans="0" ActualExecutions="1" ActualExecutionMode="Batch"></RunTimeCountersPerThread><RunTimeCountersPerThread Thread="3" ActualRows="0" Batches="0" ActualElapsedms="2" ActualCPUms="0" ActualScans="0" ActualLogicalReads="0" ActualPhysicalReads="0" ActualReadAheads="0" ActualLobLogicalReads="0" ActualLobPhysicalReads="0" ActualLobReadAheads="0" ActualEndOfScans="0" ActualExecutions="1" ActualExecutionMode="Batch"></RunTimeCountersPerThread><RunTimeCountersPerThread Thread="2" ActualRows="0" Batches="0" ActualElapsedms="1" ActualCPUms="0" ActualScans="0" ActualLogicalReads="0" ActualPhysicalReads="0" ActualReadAheads="0" ActualLobLogicalReads="0" ActualLobPhysicalReads="0" ActualLobReadAheads="0" ActualEndOfScans="0" ActualExecutions="1" ActualExecutionMode="Batch"></RunTimeCountersPerThread><RunTimeCountersPerThread Thread="1" ActualRows="0" Batches="0" ActualElapsedms="3" ActualCPUms="0" ActualScans="0" ActualLogicalReads="0" ActualPhysicalReads="0" ActualReadAheads="0" ActualLobLogicalReads="0" ActualLobPhysicalReads="0" ActualLobReadAheads="0" ActualEndOfScans="0" ActualExecutions="1" ActualExecutionMode="Batch"></RunTimeCountersPerThread><RunTimeCountersPerThread Thread="0" ActualRows="0" Batches="0" ActualElapsedms="0" ActualCPUms="0" ActualEndOfScans="0" ActualExecutions="0" ActualExecutionMode="Batch"></RunTimeCountersPerThread></RunTimeInformation><Sort Distinct="0"><OrderBy><OrderByColumn Ascending="0"><ColumnReference Column="Expr1041"></ColumnReference></OrderByColumn><OrderByColumn Ascending="1"><ColumnReference Database="[tpch]" Schema="[dbo]" Table="[supplier]" Alias="[s]" Column="S_Name"></ColumnReference></OrderByColumn></OrderBy><RelOp NodeId="2" PhysicalOp="Compute Scalar" LogicalOp="Compute Scalar" EstimateRows="400" EstimateIO="0" EstimateCPU="0" AvgRowSize="33" EstimatedTotalSubtreeCost="31.0564" Parallel="1" EstimateRebinds="0" EstimateRewinds="0" EstimatedExecutionMode="Batch"><OutputList><ColumnReference Database="[tpch]" Schema="[dbo]" Table="[supplier]" Alias="[s]" Column="S_Name"></ColumnReference><ColumnReference Column="Expr1041"></ColumnReference></OutputList><RunTimeInformation><RunTimeCountersPerThread Thread="12" ActualRows="0" Batches="0" ActualElapsedms="0" ActualCPUms="0" ActualScans="0" ActualLogicalReads="0" ActualPhysicalReads="0" ActualReadAheads="0" ActualLobLogicalReads="0" ActualLobPhysicalReads="0" ActualLobReadAheads="0" ActualEndOfScans="0" ActualExecutions="1" ActualExecutionMode="Batch"></RunTimeCountersPerThread><RunTimeCountersPerThread Thread="11" ActualRows="0" Batches="0" ActualElapsedms="0" ActualCPUms="0" ActualScans="0" ActualLogicalReads="0" ActualPhysicalReads="0" ActualReadAheads="0" ActualLobLogicalReads="0" ActualLobPhysicalReads="0" ActualLobReadAheads="0" ActualEndOfScans="0" ActualExecutions="1" ActualExecutionMode="Batch"></RunTimeCountersPerThread><RunTimeCountersPerThread Thread="10" ActualRows="0" Batches="0" ActualElapsedms="0" ActualCPUms="0" ActualScans="0" ActualLogicalReads="0" ActualPhysicalReads="0" ActualReadAheads="0" ActualLobLogicalReads="0" ActualLobPhysicalReads="0" ActualLobReadAheads="0" ActualEndOfScans="0" ActualExecutions="1" ActualExecutionMode="Batch"></RunTimeCountersPerThread><RunTimeCountersPerThread Thread="9" ActualRows="0" Batches="0" ActualElapsedms="0" ActualCPUms="0" ActualScans="0" ActualLogicalReads="0" ActualPhysicalReads="0" ActualReadAheads="0" ActualLobLogicalReads="0" ActualLobPhysicalReads="0" ActualLobReadAheads="0" ActualEndOfScans="0" ActualExecutions="1" ActualExecutionMode="Batch"></RunTimeCountersPerThread><RunTimeCountersPerThread Thread="8" ActualRows="0" Batches="0" ActualElapsedms="0" ActualCPUms="0" ActualScans="0" ActualLogicalReads="0" ActualPhysicalReads="0" ActualReadAheads="0" ActualLobLogicalReads="0" ActualLobPhysicalReads="0" ActualLobReadAheads="0" ActualEndOfScans="0" ActualExecutions="1" ActualExecutionMode="Batch"></RunTimeCountersPerThread><RunTimeCountersPerThread Thread="7" ActualRows="0" Batches="0" ActualElapsedms="0" ActualCPUms="0" ActualScans="0" ActualLogicalReads="0" ActualPhysicalReads="0" ActualReadAheads="0" ActualLobLogicalReads="0" ActualLobPhysicalReads="0" ActualLobReadAheads="0" ActualEndOfScans="0" ActualExecutions="1" ActualExecutionMode="Batch"></RunTimeCountersPerThread><RunTimeCountersPerThread Thread="6" ActualRows="0" Batches="0" ActualElapsedms="0" ActualCPUms="0" ActualScans="0" ActualLogicalReads="0" ActualPhysicalReads="0" ActualReadAheads="0" ActualLobLogicalReads="0" ActualLobPhysicalReads="0" ActualLobReadAheads="0" ActualEndOfScans="0" ActualExecutions="1" ActualExecutionMode="Batch"></RunTimeCountersPerThread><RunTimeCountersPerThread Thread="5" ActualRows="0" Batches="0" ActualElapsedms="0" ActualCPUms="0" ActualScans="0" ActualLogicalReads="0" ActualPhysicalReads="0" ActualReadAheads="0" ActualLobLogicalReads="0" ActualLobPhysicalReads="0" ActualLobReadAheads="0" ActualEndOfScans="0" ActualExecutions="1" ActualExecutionMode="Batch"></RunTimeCountersPerThread><RunTimeCountersPerThread Thread="4" ActualRows="0" Batches="0" ActualElapsedms="0" ActualCPUms="0" ActualScans="0" ActualLogicalReads="0" ActualPhysicalReads="0" ActualReadAheads="0" ActualLobLogicalReads="0" ActualLobPhysicalReads="0" ActualLobReadAheads="0" ActualEndOfScans="0" ActualExecutions="1" ActualExecutionMode="Batch"></RunTimeCountersPerThread><RunTimeCountersPerThread Thread="3" ActualRows="0" Batches="0" ActualElapsedms="0" ActualCPUms="0" ActualScans="0" ActualLogicalReads="0" ActualPhysicalReads="0" ActualReadAheads="0" ActualLobLogicalReads="0" ActualLobPhysicalReads="0" ActualLobReadAheads="0" ActualEndOfScans="0" ActualExecutions="1" ActualExecutionMode="Batch"></RunTimeCountersPerThread><RunTimeCountersPerThread Thread="2" ActualRows="0" Batches="0" ActualElapsedms="0" ActualCPUms="0" ActualScans="0" ActualLogicalReads="0" ActualPhysicalReads="0" ActualReadAheads="0" ActualLobLogicalReads="0" ActualLobPhysicalReads="0" ActualLobReadAheads="0" ActualEndOfScans="0" ActualExecutions="1" ActualExecutionMode="Batch"></RunTimeCountersPerThread><RunTimeCountersPerThread Thread="1" ActualRows="0" Batches="0" ActualElapsedms="0" ActualCPUms="0" ActualScans="0" ActualLogicalReads="0" ActualPhysicalReads="0" ActualReadAheads="0" ActualLobLogicalReads="0" ActualLobPhysicalReads="0" ActualLobReadAheads="0" ActualEndOfScans="0" ActualExecutions="1" ActualExecutionMode="Batch"></RunTimeCountersPerThread><RunTimeCountersPerThread Thread="0" ActualRows="0" Batches="0" ActualElapsedms="0" ActualCPUms="0" ActualEndOfScans="0" ActualExecutions="0" ActualExecutionMode="Batch"></RunTimeCountersPerThread></RunTimeInformation><ComputeScalar><DefinedValues><DefinedValue><ColumnReference Column="Expr1041"></ColumnReference><ScalarOperator ScalarString="CONVERT_IMPLICIT(int,[Expr1254],0)"><Convert DataType="int" Style="0" Implicit="1"><ScalarOperator><Identifier><ColumnReference Column="Expr1254"></ColumnReference></Identifier></ScalarOperator></Convert></ScalarOperator></DefinedValue></DefinedValues><RelOp NodeId="3" PhysicalOp="Hash Match" LogicalOp="Aggregate" EstimateRows="400" EstimateIO="0" EstimateCPU="0.0063476" AvgRowSize="33" EstimatedTotalSubtreeCost="31.0564" Parallel="1" EstimateRebinds="0" EstimateRewinds="0" EstimatedExecutionMode="Batch"><OutputList><ColumnReference Database="[tpch]" Schema="[dbo]" Table="[supplier]" Alias="[s]" Column="S_Name"></ColumnReference><ColumnReference Column="Expr1254"></ColumnReference></OutputList><MemoryFractions Input="0" Output="0"></MemoryFractions><RunTimeInformation><RunTimeCountersPerThread Thread="12" ActualRows="0" Batches="0" ActualElapsedms="0" ActualCPUms="0" ActualScans="0" ActualLogicalReads="0" ActualPhysicalReads="0" ActualReadAheads="0" ActualLobLogicalReads="0" ActualLobPhysicalReads="0" ActualLobReadAheads="0" ActualEndOfScans="0" ActualExecutions="1" ActualExecutionMode="Batch"></RunTimeCountersPerThread><RunTimeCountersPerThread Thread="11" ActualRows="0" Batches="0" ActualElapsedms="0" ActualCPUms="0" ActualScans="0" ActualLogicalReads="0" ActualPhysicalReads="0" ActualReadAheads="0" ActualLobLogicalReads="0" ActualLobPhysicalReads="0" ActualLobReadAheads="0" ActualEndOfScans="0" ActualExecutions="1" ActualExecutionMode="Batch"></RunTimeCountersPerThread><RunTimeCountersPerThread Thread="10" ActualRows="0" Batches="0" ActualElapsedms="0" ActualCPUms="0" ActualScans="0" ActualLogicalReads="0" ActualPhysicalReads="0" ActualReadAheads="0" ActualLobLogicalReads="0" ActualLobPhysicalReads="0" ActualLobReadAheads="0" ActualEndOfScans="0" ActualExecutions="1" ActualExecutionMode="Batch"></RunTimeCountersPerThread><RunTimeCountersPerThread Thread="9" ActualRows="0" Batches="0" ActualElapsedms="0" ActualCPUms="0" ActualScans="0" ActualLogicalReads="0" ActualPhysicalReads="0" ActualReadAheads="0" ActualLobLogicalReads="0" ActualLobPhysicalReads="0" ActualLobReadAheads="0" ActualEndOfScans="0" ActualExecutions="1" ActualExecutionMode="Batch"></RunTimeCountersPerThread><RunTimeCountersPerThread Thread="8" ActualRows="0" Batches="0" ActualElapsedms="0" ActualCPUms="0" ActualScans="0" ActualLogicalReads="0" ActualPhysicalReads="0" ActualReadAheads="0" ActualLobLogicalReads="0" ActualLobPhysicalReads="0" ActualLobReadAheads="0" ActualEndOfScans="0" ActualExecutions="1" ActualExecutionMode="Batch"></RunTimeCountersPerThread><RunTimeCountersPerThread Thread="7" ActualRows="0" Batches="0" ActualElapsedms="0" ActualCPUms="0" ActualScans="0" ActualLogicalReads="0" ActualPhysicalReads="0" ActualReadAheads="0" ActualLobLogicalReads="0" ActualLobPhysicalReads="0" ActualLobReadAheads="0" ActualEndOfScans="0" ActualExecutions="1" ActualExecutionMode="Batch"></RunTimeCountersPerThread><RunTimeCountersPerThread Thread="6" ActualRows="0" Batches="0" ActualElapsedms="0" ActualCPUms="0" ActualScans="0" ActualLogicalReads="0" ActualPhysicalReads="0" ActualReadAheads="0" ActualLobLogicalReads="0" ActualLobPhysicalReads="0" ActualLobReadAheads="0" ActualEndOfScans="0" ActualExecutions="1" ActualExecutionMode="Batch"></RunTimeCountersPerThread><RunTimeCountersPerThread Thread="5" ActualRows="0" Batches="0" ActualElapsedms="0" ActualCPUms="0" ActualScans="0" ActualLogicalReads="0" ActualPhysicalReads="0" ActualReadAheads="0" ActualLobLogicalReads="0" ActualLobPhysicalReads="0" ActualLobReadAheads="0" ActualEndOfScans="0" ActualExecutions="1" ActualExecutionMode="Batch"></RunTimeCountersPerThread><RunTimeCountersPerThread Thread="4" ActualRows="0" Batches="0" ActualElapsedms="0" ActualCPUms="0" ActualScans="0" ActualLogicalReads="0" ActualPhysicalReads="0" ActualReadAheads="0" ActualLobLogicalReads="0" ActualLobPhysicalReads="0" ActualLobReadAheads="0" ActualEndOfScans="0" ActualExecutions="1" ActualExecutionMode="Batch"></RunTimeCountersPerThread><RunTimeCountersPerThread Thread="3" ActualRows="0" Batches="0" ActualElapsedms="0" ActualCPUms="0" ActualScans="0" ActualLogicalReads="0" ActualPhysicalReads="0" ActualReadAheads="0" ActualLobLogicalReads="0" ActualLobPhysicalReads="0" ActualLobReadAheads="0" ActualEndOfScans="0" ActualExecutions="1" ActualExecutionMode="Batch"></RunTimeCountersPerThread><RunTimeCountersPerThread Thread="2" ActualRows="0" Batches="0" ActualElapsedms="0" ActualCPUms="0" ActualScans="0" ActualLogicalReads="0" ActualPhysicalReads="0" ActualReadAheads="0" ActualLobLogicalReads="0" ActualLobPhysicalReads="0" ActualLobReadAheads="0" ActualEndOfScans="0" ActualExecutions="1" ActualExecutionMode="Batch"></RunTimeCountersPerThread><RunTimeCountersPerThread Thread="1" ActualRows="0" Batches="0" ActualElapsedms="0" ActualCPUms="0" ActualScans="0" ActualLogicalReads="0" ActualPhysicalReads="0" ActualReadAheads="0" ActualLobLogicalReads="0" ActualLobPhysicalReads="0" ActualLobReadAheads="0" ActualEndOfScans="0" ActualExecutions="1" ActualExecutionMode="Batch"></RunTimeCountersPerThread><RunTimeCountersPerThread Thread="0" ActualRows="0" Batches="0" ActualElapsedms="0" ActualCPUms="0" ActualEndOfScans="0" ActualExecutions="0" ActualExecutionMode="Batch"></RunTimeCountersPerThread></RunTimeInformation><Hash><DefinedValues><DefinedValue><ColumnReference Column="Expr1254"></ColumnReference><ScalarOperator ScalarString="COUNT(*)"><Aggregate Distinct="0" AggType="COUNT*"></Aggregate></ScalarOperator></DefinedValue></DefinedValues><HashKeysBuild><ColumnReference Database="[tpch]" Schema="[dbo]" Table="[supplier]" Alias="[s]" Column="S_Name"></ColumnReference></HashKeysBuild><BuildResidual><ScalarOperator ScalarString="[tpch].[dbo].[supplier].[S_Name] as [s].[S_Name] = [tpch].[dbo].[supplier].[S_Name] as [s].[S_Name]"><Compare CompareOp="IS"><ScalarOperator><Identifier><ColumnReference Database="[tpch]" Schema="[dbo]" Table="[supplier]" Alias="[s]" Column="S_Name"></ColumnReference></Identifier></ScalarOperator><ScalarOperator><Identifier><ColumnReference Database="[tpch]" Schema="[dbo]" Table="[supplier]" Alias="[s]" Column="S_Name"></ColumnReference></Identifier></ScalarOperator></Compare></ScalarOperator></BuildResidual><RelOp NodeId="4" PhysicalOp="Nested Loops" LogicalOp="Left Anti Semi Join" EstimateRows="34984.9" EstimateIO="0" EstimateCPU="0.0243728" AvgRowSize="29" EstimatedTotalSubtreeCost="31.0489" Parallel="1" EstimateRebinds="0" EstimateRewinds="0" EstimatedExecutionMode="Row"><OutputList><ColumnReference Database="[tpch]" Schema="[dbo]" Table="[supplier]" Alias="[s]" Column="S_Name"></ColumnReference></OutputList><RunTimeInformation><RunTimeCountersPerThread Thread="12" ActualRows="0" Batches="0" ActualElapsedms="2413" ActualCPUms="0" ActualEndOfScans="0" ActualExecutions="1" ActualExecutionMode="Row"></RunTimeCountersPerThread><RunTimeCountersPerThread Thread="11" ActualRows="0" Batches="0" ActualElapsedms="2413" ActualCPUms="0" ActualEndOfScans="0" ActualExecutions="1" ActualExecutionMode="Row"></RunTimeCountersPerThread><RunTimeCountersPerThread Thread="10" ActualRows="0" Batches="0" ActualElapsedms="2413" ActualCPUms="0" ActualEndOfScans="0" ActualExecutions="1" ActualExecutionMode="Row"></RunTimeCountersPerThread><RunTimeCountersPerThread Thread="9" ActualRows="0" Batches="0" ActualElapsedms="2413" ActualCPUms="0" ActualEndOfScans="0" ActualExecutions="1" ActualExecutionMode="Row"></RunTimeCountersPerThread><RunTimeCountersPerThread Thread="8" ActualRows="0" Batches="0" ActualElapsedms="2413" ActualCPUms="0" ActualEndOfScans="0" ActualExecutions="1" ActualExecutionMode="Row"></RunTimeCountersPerThread><RunTimeCountersPerThread Thread="7" ActualRows="0" Batches="0" ActualElapsedms="2413" ActualCPUms="0" ActualEndOfScans="0" ActualExecutions="1" ActualExecutionMode="Row"></RunTimeCountersPerThread><RunTimeCountersPerThread Thread="6" ActualRows="0" Batches="0" ActualElapsedms="2413" ActualCPUms="0" ActualEndOfScans="0" ActualExecutions="1" ActualExecutionMode="Row"></RunTimeCountersPerThread><RunTimeCountersPerThread Thread="5" ActualRows="0" Batches="0" ActualElapsedms="2413" ActualCPUms="0" ActualEndOfScans="0" ActualExecutions="1" ActualExecutionMode="Row"></RunTimeCountersPerThread><RunTimeCountersPerThread Thread="4" ActualRows="0" Batches="0" ActualElapsedms="2413" ActualCPUms="0" ActualEndOfScans="0" ActualExecutions="1" ActualExecutionMode="Row"></RunTimeCountersPerThread><RunTimeCountersPerThread Thread="3" ActualRows="0" Batches="0" ActualElapsedms="2413" ActualCPUms="0" ActualEndOfScans="0" ActualExecutions="1" ActualExecutionMode="Row"></RunTimeCountersPerThread><RunTimeCountersPerThread Thread="2" ActualRows="0" Batches="0" ActualElapsedms="2413" ActualCPUms="0" ActualEndOfScans="0" ActualExecutions="1" ActualExecutionMode="Row"></RunTimeCountersPerThread><RunTimeCountersPerThread Thread="1" ActualRows="0" Batches="0" ActualElapsedms="2413" ActualCPUms="0" ActualEndOfScans="0" ActualExecutions="1" ActualExecutionMode="Row"></RunTimeCountersPerThread><RunTimeCountersPerThread Thread="0" ActualRows="0" Batches="0" ActualElapsedms="2" ActualCPUms="0" ActualEndOfScans="0" ActualExecutions="0" ActualExecutionMode="Row"></RunTimeCountersPerThread></RunTimeInformation><NestedLoops Optimized="0"><OuterReferences><ColumnReference Database="[tpch]" Schema="[dbo]" Table="[lineitem]" Alias="[l1]" Column="L_OrderKey"></ColumnReference><ColumnReference Database="[tpch]" Schema="[dbo]" Table="[lineitem]" Alias="[l1]" Column="L_SuppKey"></ColumnReference></OuterReferences><RelOp NodeId="5" PhysicalOp="Nested Loops" LogicalOp="Left Semi Join" EstimateRows="34984.9" EstimateIO="0" EstimateCPU="0.0243728" AvgRowSize="41" EstimatedTotalSubtreeCost="26.7108" Parallel="1" EstimateRebinds="0" EstimateRewinds="0" EstimatedExecutionMode="Row"><OutputList><ColumnReference Database="[tpch]" Schema="[dbo]" Table="[supplier]" Alias="[s]" Column="S_SuppKey"></ColumnReference><ColumnReference Database="[tpch]" Schema="[dbo]" Table="[supplier]" Alias="[s]" Column="S_Name"></ColumnReference><ColumnReference Database="[tpch]" Schema="[dbo]" Table="[lineitem]" Alias="[l1]" Column="L_OrderKey"></ColumnReference><ColumnReference Database="[tpch]" Schema="[dbo]" Table="[lineitem]" Alias="[l1]" Column="L_SuppKey"></ColumnReference></OutputList><RunTimeInformation><RunTimeCountersPerThread Thread="12" ActualRows="0" Batches="0" ActualElapsedms="2413" ActualCPUms="0" ActualEndOfScans="1" ActualExecutions="1" ActualExecutionMode="Row"></RunTimeCountersPerThread><RunTimeCountersPerThread Thread="11" ActualRows="0" Batches="0" ActualElapsedms="2413" ActualCPUms="0" ActualEndOfScans="1" ActualExecutions="1" ActualExecutionMode="Row"></RunTimeCountersPerThread><RunTimeCountersPerThread Thread="10" ActualRows="0" Batches="0" ActualElapsedms="2413" ActualCPUms="0" ActualEndOfScans="1" ActualExecutions="1" ActualExecutionMode="Row"></RunTimeCountersPerThread><RunTimeCountersPerThread Thread="9" ActualRows="0" Batches="0" ActualElapsedms="2413" ActualCPUms="0" ActualEndOfScans="1" ActualExecutions="1" ActualExecutionMode="Row"></RunTimeCountersPerThread><RunTimeCountersPerThread Thread="8" ActualRows="0" Batches="0" ActualElapsedms="2413" ActualCPUms="0" ActualEndOfScans="1" ActualExecutions="1" ActualExecutionMode="Row"></RunTimeCountersPerThread><RunTimeCountersPerThread Thread="7" ActualRows="0" Batches="0" ActualElapsedms="2413" ActualCPUms="0" ActualEndOfScans="1" ActualExecutions="1" ActualExecutionMode="Row"></RunTimeCountersPerThread><RunTimeCountersPerThread Thread="6" ActualRows="0" Batches="0" ActualElapsedms="2413" ActualCPUms="0" ActualEndOfScans="1" ActualExecutions="1" ActualExecutionMode="Row"></RunTimeCountersPerThread><RunTimeCountersPerThread Thread="5" ActualRows="0" Batches="0" ActualElapsedms="2413" ActualCPUms="0" ActualEndOfScans="1" ActualExecutions="1" ActualExecutionMode="Row"></RunTimeCountersPerThread><RunTimeCountersPerThread Thread="4" ActualRows="0" Batches="0" ActualElapsedms="2413" ActualCPUms="0" ActualEndOfScans="1" ActualExecutions="1" ActualExecutionMode="Row"></RunTimeCountersPerThread><RunTimeCountersPerThread Thread="3" ActualRows="0" Batches="0" ActualElapsedms="2413" ActualCPUms="0" ActualEndOfScans="1" ActualExecutions="1" ActualExecutionMode="Row"></RunTimeCountersPerThread><RunTimeCountersPerThread Thread="2" ActualRows="0" Batches="0" ActualElapsedms="2413" ActualCPUms="0" ActualEndOfScans="1" ActualExecutions="1" ActualExecutionMode="Row"></RunTimeCountersPerThread><RunTimeCountersPerThread Thread="1" ActualRows="0" Batches="0" ActualElapsedms="2413" ActualCPUms="0" ActualEndOfScans="1" ActualExecutions="1" ActualExecutionMode="Row"></RunTimeCountersPerThread><RunTimeCountersPerThread Thread="0" ActualRows="0" Batches="0" ActualElapsedms="2" ActualCPUms="0" ActualEndOfScans="0" ActualExecutions="0" ActualExecutionMode="Row"></RunTimeCountersPerThread></RunTimeInformation><NestedLoops Optimized="0"><OuterReferences><ColumnReference Database="[tpch]" Schema="[dbo]" Table="[lineitem]" Alias="[l1]" Column="L_OrderKey"></ColumnReference><ColumnReference Database="[tpch]" Schema="[dbo]" Table="[lineitem]" Alias="[l1]" Column="L_SuppKey"></ColumnReference></OuterReferences><RelOp NodeId="6" PhysicalOp="Sort" LogicalOp="Sort" EstimateRows="34984.9" EstimateIO="0.00187688" EstimateCPU="0.403996" AvgRowSize="41" EstimatedTotalSubtreeCost="22.7118" Parallel="1" EstimateRebinds="0" EstimateRewinds="0" EstimatedExecutionMode="Row"><OutputList><ColumnReference Database="[tpch]" Schema="[dbo]" Table="[supplier]" Alias="[s]" Column="S_SuppKey"></ColumnReference><ColumnReference Database="[tpch]" Schema="[dbo]" Table="[supplier]" Alias="[s]" Column="S_Name"></ColumnReference><ColumnReference Database="[tpch]" Schema="[dbo]" Table="[lineitem]" Alias="[l1]" Column="L_OrderKey"></ColumnReference><ColumnReference Database="[tpch]" Schema="[dbo]" Table="[lineitem]" Alias="[l1]" Column="L_SuppKey"></ColumnReference></OutputList><MemoryFractions Input="0.0985631" Output="0.95577"></MemoryFractions><RunTimeInformation><RunTimeCountersPerThread Thread="12" ActualRows="0" Batches="0" ActualElapsedms="2413" ActualCPUms="0" ActualScans="0" ActualLogicalReads="0" ActualPhysicalReads="0" ActualReadAheads="0" ActualLobLogicalReads="0" ActualLobPhysicalReads="0" ActualLobReadAheads="0" ActualRebinds="1" ActualRewinds="0" ActualEndOfScans="1" ActualExecutions="1" InputMemoryGrant="800" OutputMemoryGrant="2968" UsedMemoryGrant="0" ActualExecutionMode="Row"></RunTimeCountersPerThread><RunTimeCountersPerThread Thread="11" ActualRows="0" Batches="0" ActualElapsedms="2413" ActualCPUms="0" ActualScans="0" ActualLogicalReads="0" ActualPhysicalReads="0" ActualReadAheads="0" ActualLobLogicalReads="0" ActualLobPhysicalReads="0" ActualLobReadAheads="0" ActualRebinds="1" ActualRewinds="0" ActualEndOfScans="1" ActualExecutions="1" InputMemoryGrant="800" OutputMemoryGrant="2968" UsedMemoryGrant="0" ActualExecutionMode="Row"></RunTimeCountersPerThread><RunTimeCountersPerThread Thread="10" ActualRows="0" Batches="0" ActualElapsedms="2413" ActualCPUms="0" ActualScans="0" ActualLogicalReads="0" ActualPhysicalReads="0" ActualReadAheads="0" ActualLobLogicalReads="0" ActualLobPhysicalReads="0" ActualLobReadAheads="0" ActualRebinds="1" ActualRewinds="0" ActualEndOfScans="1" ActualExecutions="1" InputMemoryGrant="800" OutputMemoryGrant="2968" UsedMemoryGrant="0" ActualExecutionMode="Row"></RunTimeCountersPerThread><RunTimeCountersPerThread Thread="9" ActualRows="0" Batches="0" ActualElapsedms="2413" ActualCPUms="0" ActualScans="0" ActualLogicalReads="0" ActualPhysicalReads="0" ActualReadAheads="0" ActualLobLogicalReads="0" ActualLobPhysicalReads="0" ActualLobReadAheads="0" ActualRebinds="1" ActualRewinds="0" ActualEndOfScans="1" ActualExecutions="1" InputMemoryGrant="800" OutputMemoryGrant="2968" UsedMemoryGrant="0" ActualExecutionMode="Row"></RunTimeCountersPerThread><RunTimeCountersPerThread Thread="8" ActualRows="0" Batches="0" ActualElapsedms="2413" ActualCPUms="0" ActualScans="0" ActualLogicalReads="0" ActualPhysicalReads="0" ActualReadAheads="0" ActualLobLogicalReads="0" ActualLobPhysicalReads="0" ActualLobReadAheads="0" ActualRebinds="1" ActualRewinds="0" ActualEndOfScans="1" ActualExecutions="1" InputMemoryGrant="800" OutputMemoryGrant="2968" UsedMemoryGrant="0" ActualExecutionMode="Row"></RunTimeCountersPerThread><RunTimeCountersPerThread Thread="7" ActualRows="0" Batches="0" ActualElapsedms="2413" ActualCPUms="0" ActualScans="0" ActualLogicalReads="0" ActualPhysicalReads="0" ActualReadAheads="0" ActualLobLogicalReads="0" ActualLobPhysicalReads="0" ActualLobReadAheads="0" ActualRebinds="1" ActualRewinds="0" ActualEndOfScans="1" ActualExecutions="1" InputMemoryGrant="800" OutputMemoryGrant="2968" UsedMemoryGrant="0" ActualExecutionMode="Row"></RunTimeCountersPerThread><RunTimeCountersPerThread Thread="6" ActualRows="0" Batches="0" ActualElapsedms="2413" ActualCPUms="0" ActualScans="0" ActualLogicalReads="0" ActualPhysicalReads="0" ActualReadAheads="0" ActualLobLogicalReads="0" ActualLobPhysicalReads="0" ActualLobReadAheads="0" ActualRebinds="1" ActualRewinds="0" ActualEndOfScans="1" ActualExecutions="1" InputMemoryGrant="800" OutputMemoryGrant="2968" UsedMemoryGrant="0" ActualExecutionMode="Row"></RunTimeCountersPerThread><RunTimeCountersPerThread Thread="5" ActualRows="0" Batches="0" ActualElapsedms="2413" ActualCPUms="0" ActualScans="0" ActualLogicalReads="0" ActualPhysicalReads="0" ActualReadAheads="0" ActualLobLogicalReads="0" ActualLobPhysicalReads="0" ActualLobReadAheads="0" ActualRebinds="1" ActualRewinds="0" ActualEndOfScans="1" ActualExecutions="1" InputMemoryGrant="800" OutputMemoryGrant="2968" UsedMemoryGrant="0" ActualExecutionMode="Row"></RunTimeCountersPerThread><RunTimeCountersPerThread Thread="4" ActualRows="0" Batches="0" ActualElapsedms="2413" ActualCPUms="0" ActualScans="0" ActualLogicalReads="0" ActualPhysicalReads="0" ActualReadAheads="0" ActualLobLogicalReads="0" ActualLobPhysicalReads="0" ActualLobReadAheads="0" ActualRebinds="1" ActualRewinds="0" ActualEndOfScans="1" ActualExecutions="1" InputMemoryGrant="800" OutputMemoryGrant="2968" UsedMemoryGrant="0" ActualExecutionMode="Row"></RunTimeCountersPerThread><RunTimeCountersPerThread Thread="3" ActualRows="0" Batches="0" ActualElapsedms="2413" ActualCPUms="0" ActualScans="0" ActualLogicalReads="0" ActualPhysicalReads="0" ActualReadAheads="0" ActualLobLogicalReads="0" ActualLobPhysicalReads="0" ActualLobReadAheads="0" ActualRebinds="1" ActualRewinds="0" ActualEndOfScans="1" ActualExecutions="1" InputMemoryGrant="800" OutputMemoryGrant="2968" UsedMemoryGrant="0" ActualExecutionMode="Row"></RunTimeCountersPerThread><RunTimeCountersPerThread Thread="2" ActualRows="1" Batches="0" ActualElapsedms="2413" ActualCPUms="0" ActualScans="0" ActualLogicalReads="0" ActualPhysicalReads="0" ActualReadAheads="0" ActualLobLogicalReads="0" ActualLobPhysicalReads="0" ActualLobReadAheads="0" ActualRebinds="1" ActualRewinds="0" ActualEndOfScans="1" ActualExecutions="1" InputMemoryGrant="800" OutputMemoryGrant="2968" UsedMemoryGrant="0" ActualExecutionMode="Row"></RunTimeCountersPerThread><RunTimeCountersPerThread Thread="1" ActualRows="0" Batches="0" ActualElapsedms="2413" ActualCPUms="0" ActualScans="0" ActualLogicalReads="0" ActualPhysicalReads="0" ActualReadAheads="0" ActualLobLogicalReads="0" ActualLobPhysicalReads="0" ActualLobReadAheads="0" ActualRebinds="1" ActualRewinds="0" ActualEndOfScans="1" ActualExecutions="1" InputMemoryGrant="800" OutputMemoryGrant="2968" UsedMemoryGrant="0" ActualExecutionMode="Row"></RunTimeCountersPerThread><RunTimeCountersPerThread Thread="0" ActualRows="0" Batches="0" ActualElapsedms="2" ActualCPUms="0" ActualScans="0" ActualLogicalReads="0" ActualPhysicalReads="0" ActualReadAheads="0" ActualLobLogicalReads="0" ActualLobPhysicalReads="0" ActualLobReadAheads="0" ActualRebinds="0" ActualRewinds="0" ActualEndOfScans="0" ActualExecutions="0" InputMemoryGrant="0" OutputMemoryGrant="0" UsedMemoryGrant="0" ActualExecutionMode="Row"></RunTimeCountersPerThread></RunTimeInformation><Sort Distinct="0"><OrderBy><OrderByColumn Ascending="1"><ColumnReference Database="[tpch]" Schema="[dbo]" Table="[lineitem]" Alias="[l1]" Column="L_OrderKey"></ColumnReference></OrderByColumn><OrderByColumn Ascending="1"><ColumnReference Database="[tpch]" Schema="[dbo]" Table="[supplier]" Alias="[s]" Column="S_SuppKey"></ColumnReference></OrderByColumn></OrderBy><RelOp NodeId="7" PhysicalOp="Parallelism" LogicalOp="Repartition Streams" EstimateRows="34984.9" EstimateIO="0" EstimateCPU="0.0644513" AvgRowSize="41" EstimatedTotalSubtreeCost="22.3059" Parallel="1" EstimateRebinds="0" EstimateRewinds="0" EstimatedExecutionMode="Row"><OutputList><ColumnReference Database="[tpch]" Schema="[dbo]" Table="[supplier]" Alias="[s]" Column="S_SuppKey"></ColumnReference><ColumnReference Database="[tpch]" Schema="[dbo]" Table="[supplier]" Alias="[s]" Column="S_Name"></ColumnReference><ColumnReference Database="[tpch]" Schema="[dbo]" Table="[lineitem]" Alias="[l1]" Column="L_OrderKey"></ColumnReference><ColumnReference Database="[tpch]" Schema="[dbo]" Table="[lineitem]" Alias="[l1]" Column="L_SuppKey"></ColumnReference></OutputList><RunTimeInformation><RunTimeCountersPerThread Thread="12" ActualRows="0" Batches="0" ActualElapsedms="2413" ActualCPUms="0" ActualEndOfScans="1" ActualExecutions="1" ActualExecutionMode="Row"></RunTimeCountersPerThread><RunTimeCountersPerThread Thread="11" ActualRows="0" Batches="0" ActualElapsedms="2413" ActualCPUms="0" ActualEndOfScans="1" ActualExecutions="1" ActualExecutionMode="Row"></RunTimeCountersPerThread><RunTimeCountersPerThread Thread="10" ActualRows="0" Batches="0" ActualElapsedms="2413" ActualCPUms="0" ActualEndOfScans="1" ActualExecutions="1" ActualExecutionMode="Row"></RunTimeCountersPerThread><RunTimeCountersPerThread Thread="9" ActualRows="0" Batches="0" ActualElapsedms="2413" ActualCPUms="0" ActualEndOfScans="1" ActualExecutions="1" ActualExecutionMode="Row"></RunTimeCountersPerThread><RunTimeCountersPerThread Thread="8" ActualRows="0" Batches="0" ActualElapsedms="2413" ActualCPUms="0" ActualEndOfScans="1" ActualExecutions="1" ActualExecutionMode="Row"></RunTimeCountersPerThread><RunTimeCountersPerThread Thread="7" ActualRows="0" Batches="0" ActualElapsedms="2413" ActualCPUms="0" ActualEndOfScans="1" ActualExecutions="1" ActualExecutionMode="Row"></RunTimeCountersPerThread><RunTimeCountersPerThread Thread="6" ActualRows="0" Batches="0" ActualElapsedms="2413" ActualCPUms="0" ActualEndOfScans="1" ActualExecutions="1" ActualExecutionMode="Row"></RunTimeCountersPerThread><RunTimeCountersPerThread Thread="5" ActualRows="0" Batches="0" ActualElapsedms="2413" ActualCPUms="0" ActualEndOfScans="1" ActualExecutions="1" ActualExecutionMode="Row"></RunTimeCountersPerThread><RunTimeCountersPerThread Thread="4" ActualRows="0" Batches="0" ActualElapsedms="2413" ActualCPUms="0" ActualEndOfScans="1" ActualExecutions="1" ActualExecutionMode="Row"></RunTimeCountersPerThread><RunTimeCountersPerThread Thread="3" ActualRows="0" Batches="0" ActualElapsedms="2413" ActualCPUms="0" ActualEndOfScans="1" ActualExecutions="1" ActualExecutionMode="Row"></RunTimeCountersPerThread><RunTimeCountersPerThread Thread="2" ActualRows="1" Batches="0" ActualElapsedms="2413" ActualCPUms="0" ActualEndOfScans="1" ActualExecutions="1" ActualExecutionMode="Row"></RunTimeCountersPerThread><RunTimeCountersPerThread Thread="1" ActualRows="0" Batches="0" ActualElapsedms="2413" ActualCPUms="0" ActualEndOfScans="1" ActualExecutions="1" ActualExecutionMode="Row"></RunTimeCountersPerThread><RunTimeCountersPerThread Thread="0" ActualRows="0" Batches="0" ActualElapsedms="2" ActualCPUms="0" ActualEndOfScans="0" ActualExecutions="0" ActualExecutionMode="Row"></RunTimeCountersPerThread></RunTimeInformation><Parallelism PartitioningType="Hash"><PartitionColumns><ColumnReference Database="[tpch]" Schema="[dbo]" Table="[lineitem]" Alias="[l1]" Column="L_OrderKey"></ColumnReference><ColumnReference Database="[tpch]" Schema="[dbo]" Table="[lineitem]" Alias="[l1]" Column="L_SuppKey"></ColumnReference></PartitionColumns><RelOp NodeId="8" PhysicalOp="Nested Loops" LogicalOp="Left Semi Join" EstimateRows="34984.9" EstimateIO="0" EstimateCPU="0.0243728" AvgRowSize="41" EstimatedTotalSubtreeCost="22.2414" Parallel="1" EstimateRebinds="0" EstimateRewinds="0" EstimatedExecutionMode="Row"><OutputList><ColumnReference Database="[tpch]" Schema="[dbo]" Table="[supplier]" Alias="[s]" Column="S_SuppKey"></ColumnReference><ColumnReference Database="[tpch]" Schema="[dbo]" Table="[supplier]" Alias="[s]" Column="S_Name"></ColumnReference><ColumnReference Database="[tpch]" Schema="[dbo]" Table="[lineitem]" Alias="[l1]" Column="L_OrderKey"></ColumnReference><ColumnReference Database="[tpch]" Schema="[dbo]" Table="[lineitem]" Alias="[l1]" Column="L_SuppKey"></ColumnReference></OutputList><RunTimeInformation><RunTimeCountersPerThread Thread="12" ActualRows="0" Batches="0" ActualElapsedms="2412" ActualCPUms="156" ActualEndOfScans="1" ActualExecutions="1" ActualExecutionMode="Row"></RunTimeCountersPerThread><RunTimeCountersPerThread Thread="11" ActualRows="0" Batches="0" ActualElapsedms="2412" ActualCPUms="189" ActualEndOfScans="1" ActualExecutions="1" ActualExecutionMode="Row"></RunTimeCountersPerThread><RunTimeCountersPerThread Thread="10" ActualRows="0" Batches="0" ActualElapsedms="2412" ActualCPUms="175" ActualEndOfScans="1" ActualExecutions="1" ActualExecutionMode="Row"></RunTimeCountersPerThread><RunTimeCountersPerThread Thread="9" ActualRows="0" Batches="0" ActualElapsedms="2412" ActualCPUms="149" ActualEndOfScans="1" ActualExecutions="1" ActualExecutionMode="Row"></RunTimeCountersPerThread><RunTimeCountersPerThread Thread="8" ActualRows="0" Batches="0" ActualElapsedms="2412" ActualCPUms="193" ActualEndOfScans="1" ActualExecutions="1" ActualExecutionMode="Row"></RunTimeCountersPerThread><RunTimeCountersPerThread Thread="7" ActualRows="1" Batches="0" ActualElapsedms="2412" ActualCPUms="2384" ActualEndOfScans="1" ActualExecutions="1" ActualExecutionMode="Row"></RunTimeCountersPerThread><RunTimeCountersPerThread Thread="6" ActualRows="0" Batches="0" ActualElapsedms="2412" ActualCPUms="192" ActualEndOfScans="1" ActualExecutions="1" ActualExecutionMode="Row"></RunTimeCountersPerThread><RunTimeCountersPerThread Thread="5" ActualRows="0" Batches="0" ActualElapsedms="2412" ActualCPUms="182" ActualEndOfScans="1" ActualExecutions="1" ActualExecutionMode="Row"></RunTimeCountersPerThread><RunTimeCountersPerThread Thread="4" ActualRows="0" Batches="0" ActualElapsedms="2412" ActualCPUms="188" ActualEndOfScans="1" ActualExecutions="1" ActualExecutionMode="Row"></RunTimeCountersPerThread><RunTimeCountersPerThread Thread="3" ActualRows="0" Batches="0" ActualElapsedms="2412" ActualCPUms="188" ActualEndOfScans="1" ActualExecutions="1" ActualExecutionMode="Row"></RunTimeCountersPerThread><RunTimeCountersPerThread Thread="2" ActualRows="0" Batches="0" ActualElapsedms="2412" ActualCPUms="188" ActualEndOfScans="1" ActualExecutions="1" ActualExecutionMode="Row"></RunTimeCountersPerThread><RunTimeCountersPerThread Thread="1" ActualRows="0" Batches="0" ActualElapsedms="2412" ActualCPUms="199" ActualEndOfScans="1" ActualExecutions="1" ActualExecutionMode="Row"></RunTimeCountersPerThread><RunTimeCountersPerThread Thread="0" ActualRows="0" Batches="0" ActualElapsedms="0" ActualCPUms="0" ActualEndOfScans="0" ActualExecutions="0" ActualExecutionMode="Row"></RunTimeCountersPerThread></RunTimeInformation><NestedLoops Optimized="0"><OuterReferences><ColumnReference Database="[tpch]" Schema="[dbo]" Table="[lineitem]" Alias="[l1]" Column="L_OrderKey"></ColumnReference><ColumnReference Database="[tpch]" Schema="[dbo]" Table="[lineitem]" Alias="[l1]" Column="L_PartKey"></ColumnReference><ColumnReference Database="[tpch]" Schema="[dbo]" Table="[lineitem]" Alias="[l1]" Column="L_Quantity"></ColumnReference></OuterReferences><RelOp NodeId="9" PhysicalOp="Adaptive Join" LogicalOp="Inner Join" EstimatedJoinType="Hash Match" AdaptiveThresholdRows="15674.2" EstimateRows="34984.9" EstimateIO="0" EstimateCPU="0.000116616" AvgRowSize="49" EstimatedTotalSubtreeCost="22.1689" Parallel="1" IsAdaptive="1" EstimateRebinds="0" EstimateRewinds="0" EstimatedExecutionMode="Batch"><OutputList><ColumnReference Database="[tpch]" Schema="[dbo]" Table="[supplier]" Alias="[s]" Column="S_SuppKey"></ColumnReference><ColumnReference Database="[tpch]" Schema="[dbo]" Table="[supplier]" Alias="[s]" Column="S_Name"></ColumnReference><ColumnReference Database="[tpch]" Schema="[dbo]" Table="[lineitem]" Alias="[l1]" Column="L_OrderKey"></ColumnReference><ColumnReference Database="[tpch]" Schema="[dbo]" Table="[lineitem]" Alias="[l1]" Column="L_PartKey"></ColumnReference><ColumnReference Database="[tpch]" Schema="[dbo]" Table="[lineitem]" Alias="[l1]" Column="L_SuppKey"></ColumnReference><ColumnReference Database="[tpch]" Schema="[dbo]" Table="[lineitem]" Alias="[l1]" Column="L_Quantity"></ColumnReference></OutputList><RunTimeInformation><RunTimeCountersPerThread Thread="12" ActualRows="6103" Batches="18" ActualElapsedms="0" ActualCPUms="0" ActualScans="0" ActualLogicalReads="0" ActualPhysicalReads="0" ActualReadAheads="0" ActualLobLogicalReads="0" ActualLobPhysicalReads="0" ActualLobReadAheads="0" ActualEndOfScans="0" ActualExecutions="1" ActualExecutionMode="Batch" ActualJoinType="Hash Match"></RunTimeCountersPerThread><RunTimeCountersPerThread Thread="11" ActualRows="7398" Batches="19" ActualElapsedms="0" ActualCPUms="0" ActualScans="0" ActualLogicalReads="0" ActualPhysicalReads="0" ActualReadAheads="0" ActualLobLogicalReads="0" ActualLobPhysicalReads="0" ActualLobReadAheads="0" ActualEndOfScans="0" ActualExecutions="1" ActualExecutionMode="Batch" ActualJoinType="Hash Match"></RunTimeCountersPerThread><RunTimeCountersPerThread Thread="10" ActualRows="6116" Batches="18" ActualElapsedms="0" ActualCPUms="0" ActualScans="0" ActualLogicalReads="0" ActualPhysicalReads="0" ActualReadAheads="0" ActualLobLogicalReads="0" ActualLobPhysicalReads="0" ActualLobReadAheads="0" ActualEndOfScans="0" ActualExecutions="1" ActualExecutionMode="Batch" ActualJoinType="Hash Match"></RunTimeCountersPerThread><RunTimeCountersPerThread Thread="9" ActualRows="4490" Batches="16" ActualElapsedms="0" ActualCPUms="0" ActualScans="0" ActualLogicalReads="0" ActualPhysicalReads="0" ActualReadAheads="0" ActualLobLogicalReads="0" ActualLobPhysicalReads="0" ActualLobReadAheads="0" ActualEndOfScans="0" ActualExecutions="1" ActualExecutionMode="Batch" ActualJoinType="Hash Match"></RunTimeCountersPerThread><RunTimeCountersPerThread Thread="8" ActualRows="6285" Batches="18" ActualElapsedms="0" ActualCPUms="0" ActualScans="0" ActualLogicalReads="0" ActualPhysicalReads="0" ActualReadAheads="0" ActualLobLogicalReads="0" ActualLobPhysicalReads="0" ActualLobReadAheads="0" ActualEndOfScans="0" ActualExecutions="1" ActualExecutionMode="Batch" ActualJoinType="Hash Match"></RunTimeCountersPerThread><RunTimeCountersPerThread Thread="7" ActualRows="5949" Batches="17" ActualElapsedms="0" ActualCPUms="0" ActualScans="0" ActualLogicalReads="0" ActualPhysicalReads="0" ActualReadAheads="0" ActualLobLogicalReads="0" ActualLobPhysicalReads="0" ActualLobReadAheads="0" ActualEndOfScans="0" ActualExecutions="1" ActualExecutionMode="Batch" ActualJoinType="Hash Match"></RunTimeCountersPerThread><RunTimeCountersPerThread Thread="6" ActualRows="6272" Batches="18" ActualElapsedms="0" ActualCPUms="0" ActualScans="0" ActualLogicalReads="0" ActualPhysicalReads="0" ActualReadAheads="0" ActualLobLogicalReads="0" ActualLobPhysicalReads="0" ActualLobReadAheads="0" ActualEndOfScans="0" ActualExecutions="1" ActualExecutionMode="Batch" ActualJoinType="Hash Match"></RunTimeCountersPerThread><RunTimeCountersPerThread Thread="5" ActualRows="5883" Batches="17" ActualElapsedms="0" ActualCPUms="0" ActualScans="0" ActualLogicalReads="0" ActualPhysicalReads="0" ActualReadAheads="0" ActualLobLogicalReads="0" ActualLobPhysicalReads="0" ActualLobReadAheads="0" ActualEndOfScans="0" ActualExecutions="1" ActualExecutionMode="Batch" ActualJoinType="Hash Match"></RunTimeCountersPerThread><RunTimeCountersPerThread Thread="4" ActualRows="6355" Batches="18" ActualElapsedms="0" ActualCPUms="0" ActualScans="0" ActualLogicalReads="0" ActualPhysicalReads="0" ActualReadAheads="0" ActualLobLogicalReads="0" ActualLobPhysicalReads="0" ActualLobReadAheads="0" ActualEndOfScans="0" ActualExecutions="1" ActualExecutionMode="Batch" ActualJoinType="Hash Match"></RunTimeCountersPerThread><RunTimeCountersPerThread Thread="3" ActualRows="5973" Batches="17" ActualElapsedms="0" ActualCPUms="0" ActualScans="0" ActualLogicalReads="0" ActualPhysicalReads="0" ActualReadAheads="0" ActualLobLogicalReads="0" ActualLobPhysicalReads="0" ActualLobReadAheads="0" ActualEndOfScans="0" ActualExecutions="1" ActualExecutionMode="Batch" ActualJoinType="Hash Match"></RunTimeCountersPerThread><RunTimeCountersPerThread Thread="2" ActualRows="6079" Batches="17" ActualElapsedms="0" ActualCPUms="0" ActualScans="0" ActualLogicalReads="0" ActualPhysicalReads="0" ActualReadAheads="0" ActualLobLogicalReads="0" ActualLobPhysicalReads="0" ActualLobReadAheads="0" ActualEndOfScans="0" ActualExecutions="1" ActualExecutionMode="Batch" ActualJoinType="Hash Match"></RunTimeCountersPerThread><RunTimeCountersPerThread Thread="1" ActualRows="6145" Batches="18" ActualElapsedms="0" ActualCPUms="0" ActualScans="0" ActualLogicalReads="0" ActualPhysicalReads="0" ActualReadAheads="0" ActualLobLogicalReads="0" ActualLobPhysicalReads="0" ActualLobReadAheads="0" ActualEndOfScans="0" ActualExecutions="1" ActualExecutionMode="Batch" ActualJoinType="Hash Match"></RunTimeCountersPerThread><RunTimeCountersPerThread Thread="0" ActualRows="0" Batches="0" ActualElapsedms="0" ActualCPUms="0" ActualEndOfScans="0" ActualExecutions="0" ActualExecutionMode="Batch" ActualJoinType="Hash Match"></RunTimeCountersPerThread></RunTimeInformation><AdaptiveJoin BitmapCreator="1" Optimized="1"><DefinedValues><DefinedValue><ColumnReference Database="[tpch]" Schema="[dbo]" Table="[supplier]" Alias="[s]" Column="S_SuppKey"></ColumnReference><ColumnReference Database="[tpch]" Schema="[dbo]" Table="[supplier]" Alias="[s]" Column="S_SuppKey"></ColumnReference><ColumnReference Database="[tpch]" Schema="[dbo]" Table="[supplier]" Alias="[s]" Column="S_SuppKey"></ColumnReference></DefinedValue><DefinedValue><ColumnReference Database="[tpch]" Schema="[dbo]" Table="[supplier]" Alias="[s]" Column="S_Name"></ColumnReference><ColumnReference Database="[tpch]" Schema="[dbo]" Table="[supplier]" Alias="[s]" Column="S_Name"></ColumnReference><ColumnReference Database="[tpch]" Schema="[dbo]" Table="[supplier]" Alias="[s]" Column="S_Name"></ColumnReference></DefinedValue><DefinedValue><ColumnReference Database="[tpch]" Schema="[dbo]" Table="[lineitem]" Alias="[l1]" Column="L_OrderKey"></ColumnReference><ColumnReference Database="[tpch]" Schema="[dbo]" Table="[lineitem]" Alias="[l1]" Column="L_OrderKey"></ColumnReference><ColumnReference Database="[tpch]" Schema="[dbo]" Table="[lineitem]" Alias="[l1]" Column="L_OrderKey"></ColumnReference></DefinedValue><DefinedValue><ColumnReference Database="[tpch]" Schema="[dbo]" Table="[lineitem]" Alias="[l1]" Column="L_PartKey"></ColumnReference><ColumnReference Database="[tpch]" Schema="[dbo]" Table="[lineitem]" Alias="[l1]" Column="L_PartKey"></ColumnReference><ColumnReference Database="[tpch]" Schema="[dbo]" Table="[lineitem]" Alias="[l1]" Column="L_PartKey"></ColumnReference></DefinedValue><DefinedValue><ColumnReference Database="[tpch]" Schema="[dbo]" Table="[lineitem]" Alias="[l1]" Column="L_SuppKey"></ColumnReference><ColumnReference Database="[tpch]" Schema="[dbo]" Table="[lineitem]" Alias="[l1]" Column="L_SuppKey"></ColumnReference><ColumnReference Database="[tpch]" Schema="[dbo]" Table="[lineitem]" Alias="[l1]" Column="L_SuppKey"></ColumnReference></DefinedValue><DefinedValue><ColumnReference Database="[tpch]" Schema="[dbo]" Table="[lineitem]" Alias="[l1]" Column="L_Quantity"></ColumnReference><ColumnReference Database="[tpch]" Schema="[dbo]" Table="[lineitem]" Alias="[l1]" Column="L_Quantity"></ColumnReference><ColumnReference Database="[tpch]" Schema="[dbo]" Table="[lineitem]" Alias="[l1]" Column="L_Quantity"></ColumnReference></DefinedValue><DefinedValue><ColumnReference Column="Opt_Bitmap1230"></ColumnReference></DefinedValue></DefinedValues><HashKeysBuild><ColumnReference Database="[tpch]" Schema="[dbo]" Table="[lineitem]" Alias="[l1]" Column="L_OrderKey"></ColumnReference></HashKeysBuild><HashKeysProbe><ColumnReference Database="[tpch]" Schema="[dbo]" Table="[orders]" Alias="[o]" Column="O_OrderKey"></ColumnReference></HashKeysProbe><OuterReferences><ColumnReference Database="[tpch]" Schema="[dbo]" Table="[lineitem]" Alias="[l1]" Column="L_OrderKey"></ColumnReference></OuterReferences><RelOp NodeId="11" PhysicalOp="Adaptive Join" LogicalOp="Inner Join" EstimatedJoinType="Nested Loops" AdaptiveThresholdRows="6561.59" EstimateRows="72014.6" EstimateIO="0" EstimateCPU="0.00240049" AvgRowSize="49" EstimatedTotalSubtreeCost="4.84332" Parallel="1" IsAdaptive="1" EstimateRebinds="0" EstimateRewinds="0" EstimatedExecutionMode="Row"><OutputList><ColumnReference Database="[tpch]" Schema="[dbo]" Table="[supplier]" Alias="[s]" Column="S_SuppKey"></ColumnReference><ColumnReference Database="[tpch]" Schema="[dbo]" Table="[supplier]" Alias="[s]" Column="S_Name"></ColumnReference><ColumnReference Database="[tpch]" Schema="[dbo]" Table="[lineitem]" Alias="[l1]" Column="L_OrderKey"></ColumnReference><ColumnReference Database="[tpch]" Schema="[dbo]" Table="[lineitem]" Alias="[l1]" Column="L_PartKey"></ColumnReference><ColumnReference Database="[tpch]" Schema="[dbo]" Table="[lineitem]" Alias="[l1]" Column="L_SuppKey"></ColumnReference><ColumnReference Database="[tpch]" Schema="[dbo]" Table="[lineitem]" Alias="[l1]" Column="L_Quantity"></ColumnReference></OutputList><RunTimeInformation><RunTimeCountersPerThread Thread="12" ActualRows="14191" Batches="16" ActualElapsedms="15" ActualCPUms="12" ActualEndOfScans="0" ActualExecutions="1" ActualExecutionMode="Row" ActualJoinType="Nested Loops"></RunTimeCountersPerThread><RunTimeCountersPerThread Thread="11" ActualRows="13573" Batches="16" ActualElapsedms="13" ActualCPUms="10" ActualEndOfScans="0" ActualExecutions="1" ActualExecutionMode="Row" ActualJoinType="Nested Loops"></RunTimeCountersPerThread><RunTimeCountersPerThread Thread="10" ActualRows="12227" Batches="14" ActualElapsedms="12" ActualCPUms="9" ActualEndOfScans="0" ActualExecutions="1" ActualExecutionMode="Row" ActualJoinType="Nested Loops"></RunTimeCountersPerThread><RunTimeCountersPerThread Thread="9" ActualRows="13278" Batches="15" ActualElapsedms="13" ActualCPUms="10" ActualEndOfScans="0" ActualExecutions="1" ActualExecutionMode="Row" ActualJoinType="Nested Loops"></RunTimeCountersPerThread><RunTimeCountersPerThread Thread="8" ActualRows="12430" Batches="14" ActualElapsedms="12" ActualCPUms="9" ActualEndOfScans="0" ActualExecutions="1" ActualExecutionMode="Row" ActualJoinType="Nested Loops"></RunTimeCountersPerThread><RunTimeCountersPerThread Thread="7" ActualRows="13240" Batches="15" ActualElapsedms="12" ActualCPUms="9" ActualEndOfScans="0" ActualExecutions="1" ActualExecutionMode="Row" ActualJoinType="Nested Loops"></RunTimeCountersPerThread><RunTimeCountersPerThread Thread="6" ActualRows="10169" Batches="12" ActualElapsedms="11" ActualCPUms="8" ActualEndOfScans="0" ActualExecutions="1" ActualExecutionMode="Row" ActualJoinType="Nested Loops"></RunTimeCountersPerThread><RunTimeCountersPerThread Thread="5" ActualRows="15166" Batches="17" ActualElapsedms="14" ActualCPUms="11" ActualEndOfScans="0" ActualExecutions="1" ActualExecutionMode="Row" ActualJoinType="Nested Loops"></RunTimeCountersPerThread><RunTimeCountersPerThread Thread="4" ActualRows="12102" Batches="14" ActualElapsedms="12" ActualCPUms="9" ActualEndOfScans="0" ActualExecutions="1" ActualExecutionMode="Row" ActualJoinType="Nested Loops"></RunTimeCountersPerThread><RunTimeCountersPerThread Thread="3" ActualRows="15209" Batches="17" ActualElapsedms="14" ActualCPUms="11" ActualEndOfScans="0" ActualExecutions="1" ActualExecutionMode="Row" ActualJoinType="Nested Loops"></RunTimeCountersPerThread><RunTimeCountersPerThread Thread="2" ActualRows="9178" Batches="11" ActualElapsedms="10" ActualCPUms="7" ActualEndOfScans="0" ActualExecutions="1" ActualExecutionMode="Row" ActualJoinType="Nested Loops"></RunTimeCountersPerThread><RunTimeCountersPerThread Thread="1" ActualRows="10031" Batches="12" ActualElapsedms="11" ActualCPUms="8" ActualEndOfScans="0" ActualExecutions="1" ActualExecutionMode="Row" ActualJoinType="Nested Loops"></RunTimeCountersPerThread><RunTimeCountersPerThread Thread="0" ActualRows="0" Batches="0" ActualElapsedms="0" ActualCPUms="0" ActualEndOfScans="0" ActualExecutions="0" ActualExecutionMode="Row" ActualJoinType="Nested Loops"></RunTimeCountersPerThread></RunTimeInformation><AdaptiveJoin BitmapCreator="1" Optimized="1"><DefinedValues><DefinedValue><ColumnReference Database="[tpch]" Schema="[dbo]" Table="[supplier]" Alias="[s]" Column="S_SuppKey"></ColumnReference><ColumnReference Database="[tpch]" Schema="[dbo]" Table="[supplier]" Alias="[s]" Column="S_SuppKey"></ColumnReference><ColumnReference Database="[tpch]" Schema="[dbo]" Table="[supplier]" Alias="[s]" Column="S_SuppKey"></ColumnReference></DefinedValue><DefinedValue><ColumnReference Database="[tpch]" Schema="[dbo]" Table="[supplier]" Alias="[s]" Column="S_Name"></ColumnReference><ColumnReference Database="[tpch]" Schema="[dbo]" Table="[supplier]" Alias="[s]" Column="S_Name"></ColumnReference><ColumnReference Database="[tpch]" Schema="[dbo]" Table="[supplier]" Alias="[s]" Column="S_Name"></ColumnReference></DefinedValue><DefinedValue><ColumnReference Database="[tpch]" Schema="[dbo]" Table="[lineitem]" Alias="[l1]" Column="L_OrderKey"></ColumnReference><ColumnReference Database="[tpch]" Schema="[dbo]" Table="[lineitem]" Alias="[l1]" Column="L_OrderKey"></ColumnReference><ColumnReference Database="[tpch]" Schema="[dbo]" Table="[lineitem]" Alias="[l1]" Column="L_OrderKey"></ColumnReference></DefinedValue><DefinedValue><ColumnReference Database="[tpch]" Schema="[dbo]" Table="[lineitem]" Alias="[l1]" Column="L_PartKey"></ColumnReference><ColumnReference Database="[tpch]" Schema="[dbo]" Table="[lineitem]" Alias="[l1]" Column="L_PartKey"></ColumnReference><ColumnReference Database="[tpch]" Schema="[dbo]" Table="[lineitem]" Alias="[l1]" Column="L_PartKey"></ColumnReference></DefinedValue><DefinedValue><ColumnReference Database="[tpch]" Schema="[dbo]" Table="[lineitem]" Alias="[l1]" Column="L_SuppKey"></ColumnReference><ColumnReference Database="[tpch]" Schema="[dbo]" Table="[lineitem]" Alias="[l1]" Column="L_SuppKey"></ColumnReference><ColumnReference Database="[tpch]" Schema="[dbo]" Table="[lineitem]" Alias="[l1]" Column="L_SuppKey"></ColumnReference></DefinedValue><DefinedValue><ColumnReference Database="[tpch]" Schema="[dbo]" Table="[lineitem]" Alias="[l1]" Column="L_Quantity"></ColumnReference><ColumnReference Database="[tpch]" Schema="[dbo]" Table="[lineitem]" Alias="[l1]" Column="L_Quantity"></ColumnReference><ColumnReference Database="[tpch]" Schema="[dbo]" Table="[lineitem]" Alias="[l1]" Column="L_Quantity"></ColumnReference></DefinedValue><DefinedValue><ColumnReference Column="Opt_Bitmap1247"></ColumnReference></DefinedValue></DefinedValues><HashKeysBuild><ColumnReference Database="[tpch]" Schema="[dbo]" Table="[supplier]" Alias="[s]" Column="S_SuppKey"></ColumnReference></HashKeysBuild><HashKeysProbe><ColumnReference Database="[tpch]" Schema="[dbo]" Table="[lineitem]" Alias="[l1]" Column="L_SuppKey"></ColumnReference></HashKeysProbe><ProbeResidual><ScalarOperator ScalarString="[tpch].[dbo].[supplier].[S_SuppKey] as [s].[S_SuppKey]=[tpch].[dbo].[lineitem].[L_SuppKey] as [l1].[L_SuppKey]"><Compare CompareOp="EQ"><ScalarOperator><Identifier><ColumnReference Database="[tpch]" Schema="[dbo]" Table="[supplier]" Alias="[s]" Column="S_SuppKey"></ColumnReference></Identifier></ScalarOperator><ScalarOperator><Identifier><ColumnReference Database="[tpch]" Schema="[dbo]" Table="[lineitem]" Alias="[l1]" Column="L_SuppKey"></ColumnReference></Identifier></ScalarOperator></Compare></ScalarOperator></ProbeResidual><OuterReferences><ColumnReference Database="[tpch]" Schema="[dbo]" Table="[supplier]" Alias="[s]" Column="S_SuppKey"></ColumnReference></OuterReferences><RelOp NodeId="13" PhysicalOp="Hash Match" LogicalOp="Inner Join" EstimateRows="400" EstimateIO="0" EstimateCPU="0.00188205" AvgRowSize="33" EstimatedTotalSubtreeCost="0.15447" Parallel="1" EstimateRebinds="0" EstimateRewinds="0" EstimatedExecutionMode="Batch"><OutputList><ColumnReference Database="[tpch]" Schema="[dbo]" Table="[supplier]" Alias="[s]" Column="S_SuppKey"></ColumnReference><ColumnReference Database="[tpch]" Schema="[dbo]" Table="[supplier]" Alias="[s]" Column="S_Name"></ColumnReference></OutputList><MemoryFractions Input="0.754603" Output="0.754603"></MemoryFractions><RunTimeInformation><RunTimeCountersPerThread Thread="12" ActualRows="36" Batches="1" ActualElapsedms="1" ActualCPUms="0" ActualScans="0" ActualLogicalReads="0" ActualPhysicalReads="0" ActualReadAheads="0" ActualLobLogicalReads="0" ActualLobPhysicalReads="0" ActualLobReadAheads="0" ActualEndOfScans="0" ActualExecutions="1" ActualExecutionMode="Batch"></RunTimeCountersPerThread><RunTimeCountersPerThread Thread="11" ActualRows="32" Batches="1" ActualElapsedms="1" ActualCPUms="0" ActualScans="0" ActualLogicalReads="0" ActualPhysicalReads="0" ActualReadAheads="0" ActualLobLogicalReads="0" ActualLobPhysicalReads="0" ActualLobReadAheads="0" ActualEndOfScans="0" ActualExecutions="1" ActualExecutionMode="Batch"></RunTimeCountersPerThread><RunTimeCountersPerThread Thread="10" ActualRows="37" Batches="1" ActualElapsedms="1" ActualCPUms="0" ActualScans="0" ActualLogicalReads="0" ActualPhysicalReads="0" ActualReadAheads="0" ActualLobLogicalReads="0" ActualLobPhysicalReads="0" ActualLobReadAheads="0" ActualEndOfScans="0" ActualExecutions="1" ActualExecutionMode="Batch"></RunTimeCountersPerThread><RunTimeCountersPerThread Thread="9" ActualRows="31" Batches="1" ActualElapsedms="0" ActualCPUms="0" ActualScans="0" ActualLogicalReads="0" ActualPhysicalReads="0" ActualReadAheads="0" ActualLobLogicalReads="0" ActualLobPhysicalReads="0" ActualLobReadAheads="0" ActualEndOfScans="0" ActualExecutions="1" ActualExecutionMode="Batch"></RunTimeCountersPerThread><RunTimeCountersPerThread Thread="8" ActualRows="38" Batches="1" ActualElapsedms="0" ActualCPUms="0" ActualScans="0" ActualLogicalReads="0" ActualPhysicalReads="0" ActualReadAheads="0" ActualLobLogicalReads="0" ActualLobPhysicalReads="0" ActualLobReadAheads="0" ActualEndOfScans="0" ActualExecutions="1" ActualExecutionMode="Batch"></RunTimeCountersPerThread><RunTimeCountersPerThread Thread="7" ActualRows="44" Batches="1" ActualElapsedms="0" ActualCPUms="0" ActualScans="0" ActualLogicalReads="0" ActualPhysicalReads="0" ActualReadAheads="0" ActualLobLogicalReads="0" ActualLobPhysicalReads="0" ActualLobReadAheads="0" ActualEndOfScans="0" ActualExecutions="1" ActualExecutionMode="Batch"></RunTimeCountersPerThread><RunTimeCountersPerThread Thread="6" ActualRows="31" Batches="1" ActualElapsedms="1" ActualCPUms="0" ActualScans="0" ActualLogicalReads="0" ActualPhysicalReads="0" ActualReadAheads="0" ActualLobLogicalReads="0" ActualLobPhysicalReads="0" ActualLobReadAheads="0" ActualEndOfScans="0" ActualExecutions="1" ActualExecutionMode="Batch"></RunTimeCountersPerThread><RunTimeCountersPerThread Thread="5" ActualRows="28" Batches="1" ActualElapsedms="1" ActualCPUms="0" ActualScans="0" ActualLogicalReads="0" ActualPhysicalReads="0" ActualReadAheads="0" ActualLobLogicalReads="0" ActualLobPhysicalReads="0" ActualLobReadAheads="0" ActualEndOfScans="0" ActualExecutions="1" ActualExecutionMode="Batch"></RunTimeCountersPerThread><RunTimeCountersPerThread Thread="4" ActualRows="19" Batches="1" ActualElapsedms="1" ActualCPUms="0" ActualScans="0" ActualLogicalReads="0" ActualPhysicalReads="0" ActualReadAheads="0" ActualLobLogicalReads="0" ActualLobPhysicalReads="0" ActualLobReadAheads="0" ActualEndOfScans="0" ActualExecutions="1" ActualExecutionMode="Batch"></RunTimeCountersPerThread><RunTimeCountersPerThread Thread="3" ActualRows="30" Batches="1" ActualElapsedms="1" ActualCPUms="0" ActualScans="0" ActualLogicalReads="0" ActualPhysicalReads="0" ActualReadAheads="0" ActualLobLogicalReads="0" ActualLobPhysicalReads="0" ActualLobReadAheads="0" ActualEndOfScans="0" ActualExecutions="1" ActualExecutionMode="Batch"></RunTimeCountersPerThread><RunTimeCountersPerThread Thread="2" ActualRows="28" Batches="1" ActualElapsedms="1" ActualCPUms="0" ActualScans="0" ActualLogicalReads="0" ActualPhysicalReads="0" ActualReadAheads="0" ActualLobLogicalReads="0" ActualLobPhysicalReads="0" ActualLobReadAheads="0" ActualEndOfScans="0" ActualExecutions="1" ActualExecutionMode="Batch"></RunTimeCountersPerThread><RunTimeCountersPerThread Thread="1" ActualRows="42" Batches="1" ActualElapsedms="1" ActualCPUms="0" ActualScans="0" ActualLogicalReads="0" ActualPhysicalReads="0" ActualReadAheads="0" ActualLobLogicalReads="0" ActualLobPhysicalReads="0" ActualLobReadAheads="0" ActualEndOfScans="0" ActualExecutions="1" ActualExecutionMode="Batch"></RunTimeCountersPerThread><RunTimeCountersPerThread Thread="0" ActualRows="0" Batches="0" ActualElapsedms="0" ActualCPUms="0" ActualEndOfScans="0" ActualExecutions="0" ActualExecutionMode="Batch"></RunTimeCountersPerThread></RunTimeInformation><Hash BitmapCreator="1"><DefinedValues><DefinedValue><ColumnReference Column="Opt_Bitmap1158"></ColumnReference></DefinedValue></DefinedValues><HashKeysBuild><ColumnReference Database="[tpch]" Schema="[dbo]" Table="[nation]" Alias="[n]" Column="N_NationKey"></ColumnReference></HashKeysBuild><HashKeysProbe><ColumnReference Database="[tpch]" Schema="[dbo]" Table="[supplier]" Alias="[s]" Column="S_NationKey"></ColumnReference></HashKeysProbe><ProbeResidual><ScalarOperator ScalarString="[tpch].[dbo].[supplier].[S_NationKey] as [s].[S_NationKey]=[tpch].[dbo].[nation].[N_NationKey] as [n].[N_NationKey]"><Compare CompareOp="EQ"><ScalarOperator><Identifier><ColumnReference Database="[tpch]" Schema="[dbo]" Table="[supplier]" Alias="[s]" Column="S_NationKey"></ColumnReference></Identifier></ScalarOperator><ScalarOperator><Identifier><ColumnReference Database="[tpch]" Schema="[dbo]" Table="[nation]" Alias="[n]" Column="N_NationKey"></ColumnReference></Identifier></ScalarOperator></Compare></ScalarOperator></ProbeResidual><RelOp NodeId="14" PhysicalOp="Clustered Index Scan" LogicalOp="Clustered Index Scan" EstimateRows="1" EstimatedRowsRead="25" EstimateIO="0.003125" EstimateCPU="3.075e-05" AvgRowSize="22" EstimatedTotalSubtreeCost="0.00315575" TableCardinality="25" Parallel="1" EstimateRebinds="0" EstimateRewinds="0" EstimatedExecutionMode="Batch"><OutputList><ColumnReference Database="[tpch]" Schema="[dbo]" Table="[nation]" Alias="[n]" Column="N_NationKey"></ColumnReference></OutputList><RunTimeInformation><RunTimeCountersPerThread Thread="12" ActualRows="0" Batches="0" ActualElapsedms="0" ActualCPUms="0" ActualScans="0" ActualLogicalReads="0" ActualPhysicalReads="0" ActualReadAheads="0" ActualLobLogicalReads="0" ActualLobPhysicalReads="0" ActualLobReadAheads="0" ActualEndOfScans="0" ActualExecutions="1" ActualExecutionMode="Batch"></RunTimeCountersPerThread><RunTimeCountersPerThread Thread="11" ActualRows="0" Batches="0" ActualElapsedms="0" ActualCPUms="0" ActualScans="1" ActualLogicalReads="0" ActualPhysicalReads="0" ActualReadAheads="0" ActualLobLogicalReads="0" ActualLobPhysicalReads="0" ActualLobReadAheads="0" ActualEndOfScans="0" ActualExecutions="1" ActualExecutionMode="Batch"></RunTimeCountersPerThread><RunTimeCountersPerThread Thread="10" ActualRows="0" Batches="0" ActualElapsedms="0" ActualCPUms="0" ActualScans="0" ActualLogicalReads="0" ActualPhysicalReads="0" ActualReadAheads="0" ActualLobLogicalReads="0" ActualLobPhysicalReads="0" ActualLobReadAheads="0" ActualEndOfScans="0" ActualExecutions="1" ActualExecutionMode="Batch"></RunTimeCountersPerThread><RunTimeCountersPerThread Thread="9" ActualRows="1" Batches="1" ActualElapsedms="0" ActualCPUms="0" ActualScans="1" ActualLogicalReads="2" ActualPhysicalReads="0" ActualReadAheads="0" ActualLobLogicalReads="0" ActualLobPhysicalReads="0" ActualLobReadAheads="0" ActualRowsRead="25" ActualEndOfScans="0" ActualExecutions="1" ActualExecutionMode="Batch"></RunTimeCountersPerThread><RunTimeCountersPerThread Thread="8" ActualRows="0" Batches="0" ActualElapsedms="0" ActualCPUms="0" ActualScans="0" ActualLogicalReads="0" ActualPhysicalReads="0" ActualReadAheads="0" ActualLobLogicalReads="0" ActualLobPhysicalReads="0" ActualLobReadAheads="0" ActualEndOfScans="0" ActualExecutions="1" ActualExecutionMode="Batch"></RunTimeCountersPerThread><RunTimeCountersPerThread Thread="7" ActualRows="0" Batches="0" ActualElapsedms="0" ActualCPUms="0" ActualScans="1" ActualLogicalReads="0" ActualPhysicalReads="0" ActualReadAheads="0" ActualLobLogicalReads="0" ActualLobPhysicalReads="0" ActualLobReadAheads="0" ActualEndOfScans="0" ActualExecutions="1" ActualExecutionMode="Batch"></RunTimeCountersPerThread><RunTimeCountersPerThread Thread="6" ActualRows="0" Batches="0" ActualElapsedms="0" ActualCPUms="0" ActualScans="0" ActualLogicalReads="0" ActualPhysicalReads="0" ActualReadAheads="0" ActualLobLogicalReads="0" ActualLobPhysicalReads="0" ActualLobReadAheads="0" ActualEndOfScans="0" ActualExecutions="1" ActualExecutionMode="Batch"></RunTimeCountersPerThread><RunTimeCountersPerThread Thread="5" ActualRows="0" Batches="0" ActualElapsedms="0" ActualCPUms="0" ActualScans="0" ActualLogicalReads="0" ActualPhysicalReads="0" ActualReadAheads="0" ActualLobLogicalReads="0" ActualLobPhysicalReads="0" ActualLobReadAheads="0" ActualEndOfScans="0" ActualExecutions="1" ActualExecutionMode="Batch"></RunTimeCountersPerThread><RunTimeCountersPerThread Thread="4" ActualRows="0" Batches="0" ActualElapsedms="0" ActualCPUms="0" ActualScans="1" ActualLogicalReads="0" ActualPhysicalReads="0" ActualReadAheads="0" ActualLobLogicalReads="0" ActualLobPhysicalReads="0" ActualLobReadAheads="0" ActualEndOfScans="0" ActualExecutions="1" ActualExecutionMode="Batch"></RunTimeCountersPerThread><RunTimeCountersPerThread Thread="3" ActualRows="0" Batches="0" ActualElapsedms="0" ActualCPUms="0" ActualScans="1" ActualLogicalReads="0" ActualPhysicalReads="0" ActualReadAheads="0" ActualLobLogicalReads="0" ActualLobPhysicalReads="0" ActualLobReadAheads="0" ActualEndOfScans="0" ActualExecutions="1" ActualExecutionMode="Batch"></RunTimeCountersPerThread><RunTimeCountersPerThread Thread="2" ActualRows="0" Batches="0" ActualElapsedms="0" ActualCPUms="0" ActualScans="0" ActualLogicalReads="0" ActualPhysicalReads="0" ActualReadAheads="0" ActualLobLogicalReads="0" ActualLobPhysicalReads="0" ActualLobReadAheads="0" ActualEndOfScans="0" ActualExecutions="1" ActualExecutionMode="Batch"></RunTimeCountersPerThread><RunTimeCountersPerThread Thread="1" ActualRows="0" Batches="0" ActualElapsedms="0" ActualCPUms="0" ActualScans="0" ActualLogicalReads="0" ActualPhysicalReads="0" ActualReadAheads="0" ActualLobLogicalReads="0" ActualLobPhysicalReads="0" ActualLobReadAheads="0" ActualEndOfScans="0" ActualExecutions="1" ActualExecutionMode="Batch"></RunTimeCountersPerThread><RunTimeCountersPerThread Thread="0" ActualRows="0" Batches="0" ActualElapsedms="0" ActualCPUms="0" ActualEndOfScans="0" ActualExecutions="0" ActualExecutionMode="Batch"></RunTimeCountersPerThread></RunTimeInformation><IndexScan Ordered="0" ForcedIndex="0" ForceSeek="0" ForceScan="0" NoExpandHint="0" Storage="RowStore"><DefinedValues><DefinedValue><ColumnReference Database="[tpch]" Schema="[dbo]" Table="[nation]" Alias="[n]" Column="N_NationKey"></ColumnReference></DefinedValue></DefinedValues><Object Database="[tpch]" Schema="[dbo]" Table="[nation]" Index="[PK__nation__BD377952AE350C6C]" Alias="[n]" TableReferenceId="2" IndexKind="Clustered" Storage="RowStore"></Object><Predicate><ScalarOperator ScalarString="[tpch].[dbo].[nation].[N_Name] as [n].[N_Name]=&apos;GERMANY&apos;"><Compare CompareOp="EQ"><ScalarOperator><Identifier><ColumnReference Database="[tpch]" Schema="[dbo]" Table="[nation]" Alias="[n]" Column="N_Name"></ColumnReference></Identifier></ScalarOperator><ScalarOperator><Const ConstValue="&apos;GERMANY&apos;"></Const></ScalarOperator></Compare></ScalarOperator></Predicate></IndexScan></RelOp><RelOp NodeId="16" PhysicalOp="Clustered Index Scan" LogicalOp="Clustered Index Scan" EstimateRows="1000" EstimatedRowsRead="10000" EstimateIO="0.147569" EstimateCPU="0.00185783" AvgRowSize="37" EstimatedTotalSubtreeCost="0.149427" TableCardinality="10000" Parallel="1" EstimateRebinds="0" EstimateRewinds="0" EstimatedExecutionMode="Batch"><OutputList><ColumnReference Database="[tpch]" Schema="[dbo]" Table="[supplier]" Alias="[s]" Column="S_SuppKey"></ColumnReference><ColumnReference Database="[tpch]" Schema="[dbo]" Table="[supplier]" Alias="[s]" Column="S_Name"></ColumnReference><ColumnReference Database="[tpch]" Schema="[dbo]" Table="[supplier]" Alias="[s]" Column="S_NationKey"></ColumnReference></OutputList><RunTimeInformation><RunTimeCountersPerThread Thread="12" ActualRows="36" Batches="1" ActualElapsedms="2" ActualCPUms="0" ActualScans="1" ActualLogicalReads="48" ActualPhysicalReads="0" ActualReadAheads="0" ActualLobLogicalReads="0" ActualLobPhysicalReads="0" ActualLobReadAheads="0" ActualRowsRead="817" ActualEndOfScans="0" ActualExecutions="1" ActualExecutionMode="Batch"></RunTimeCountersPerThread><RunTimeCountersPerThread Thread="11" ActualRows="32" Batches="1" ActualElapsedms="2" ActualCPUms="0" ActualScans="1" ActualLogicalReads="45" ActualPhysicalReads="0" ActualReadAheads="0" ActualLobLogicalReads="0" ActualLobPhysicalReads="0" ActualLobReadAheads="0" ActualRowsRead="769" ActualEndOfScans="0" ActualExecutions="1" ActualExecutionMode="Batch"></RunTimeCountersPerThread><RunTimeCountersPerThread Thread="10" ActualRows="37" Batches="1" ActualElapsedms="2" ActualCPUms="0" ActualScans="1" ActualLogicalReads="51" ActualPhysicalReads="0" ActualReadAheads="0" ActualLobLogicalReads="0" ActualLobPhysicalReads="0" ActualLobReadAheads="0" ActualRowsRead="871" ActualEndOfScans="0" ActualExecutions="1" ActualExecutionMode="Batch"></RunTimeCountersPerThread><RunTimeCountersPerThread Thread="9" ActualRows="31" Batches="1" ActualElapsedms="2" ActualCPUms="0" ActualScans="1" ActualLogicalReads="48" ActualPhysicalReads="0" ActualReadAheads="0" ActualLobLogicalReads="0" ActualLobPhysicalReads="0" ActualLobReadAheads="0" ActualRowsRead="828" ActualEndOfScans="0" ActualExecutions="1" ActualExecutionMode="Batch"></RunTimeCountersPerThread><RunTimeCountersPerThread Thread="8" ActualRows="38" Batches="1" ActualElapsedms="2" ActualCPUms="0" ActualScans="1" ActualLogicalReads="54" ActualPhysicalReads="0" ActualReadAheads="0" ActualLobLogicalReads="0" ActualLobPhysicalReads="0" ActualLobReadAheads="0" ActualRowsRead="925" ActualEndOfScans="0" ActualExecutions="1" ActualExecutionMode="Batch"></RunTimeCountersPerThread><RunTimeCountersPerThread Thread="7" ActualRows="44" Batches="1" ActualElapsedms="2" ActualCPUms="0" ActualScans="1" ActualLogicalReads="57" ActualPhysicalReads="0" ActualReadAheads="0" ActualLobLogicalReads="0" ActualLobPhysicalReads="0" ActualLobReadAheads="0" ActualRowsRead="972" ActualEndOfScans="0" ActualExecutions="1" ActualExecutionMode="Batch"></RunTimeCountersPerThread><RunTimeCountersPerThread Thread="6" ActualRows="31" Batches="1" ActualElapsedms="2" ActualCPUms="0" ActualScans="1" ActualLogicalReads="48" ActualPhysicalReads="0" ActualReadAheads="0" ActualLobLogicalReads="0" ActualLobPhysicalReads="0" ActualLobReadAheads="0" ActualRowsRead="820" ActualEndOfScans="0" ActualExecutions="1" ActualExecutionMode="Batch"></RunTimeCountersPerThread><RunTimeCountersPerThread Thread="5" ActualRows="28" Batches="1" ActualElapsedms="2" ActualCPUms="0" ActualScans="1" ActualLogicalReads="45" ActualPhysicalReads="0" ActualReadAheads="0" ActualLobLogicalReads="0" ActualLobPhysicalReads="0" ActualLobReadAheads="0" ActualRowsRead="773" ActualEndOfScans="0" ActualExecutions="1" ActualExecutionMode="Batch"></RunTimeCountersPerThread><RunTimeCountersPerThread Thread="4" ActualRows="19" Batches="1" ActualElapsedms="2" ActualCPUms="0" ActualScans="1" ActualLogicalReads="48" ActualPhysicalReads="0" ActualReadAheads="0" ActualLobLogicalReads="0" ActualLobPhysicalReads="0" ActualLobReadAheads="0" ActualRowsRead="814" ActualEndOfScans="0" ActualExecutions="1" ActualExecutionMode="Batch"></RunTimeCountersPerThread><RunTimeCountersPerThread Thread="3" ActualRows="30" Batches="1" ActualElapsedms="2" ActualCPUms="0" ActualScans="1" ActualLogicalReads="45" ActualPhysicalReads="0" ActualReadAheads="0" ActualLobLogicalReads="0" ActualLobPhysicalReads="0" ActualLobReadAheads="0" ActualRowsRead="762" ActualEndOfScans="0" ActualExecutions="1" ActualExecutionMode="Batch"></RunTimeCountersPerThread><RunTimeCountersPerThread Thread="2" ActualRows="28" Batches="1" ActualElapsedms="2" ActualCPUms="0" ActualScans="1" ActualLogicalReads="45" ActualPhysicalReads="0" ActualReadAheads="0" ActualLobLogicalReads="0" ActualLobPhysicalReads="0" ActualLobReadAheads="0" ActualRowsRead="771" ActualEndOfScans="0" ActualExecutions="1" ActualExecutionMode="Batch"></RunTimeCountersPerThread><RunTimeCountersPerThread Thread="1" ActualRows="42" Batches="1" ActualElapsedms="2" ActualCPUms="0" ActualScans="1" ActualLogicalReads="53" ActualPhysicalReads="0" ActualReadAheads="0" ActualLobLogicalReads="0" ActualLobPhysicalReads="0" ActualLobReadAheads="0" ActualRowsRead="878" ActualEndOfScans="0" ActualExecutions="1" ActualExecutionMode="Batch"></RunTimeCountersPerThread><RunTimeCountersPerThread Thread="0" ActualRows="0" Batches="0" ActualElapsedms="0" ActualCPUms="0" ActualEndOfScans="0" ActualExecutions="0" ActualExecutionMode="Batch"></RunTimeCountersPerThread></RunTimeInformation><IndexScan Ordered="0" ForcedIndex="0" ForceSeek="0" ForceScan="0" NoExpandHint="0" Storage="RowStore"><DefinedValues><DefinedValue><ColumnReference Database="[tpch]" Schema="[dbo]" Table="[supplier]" Alias="[s]" Column="S_SuppKey"></ColumnReference></DefinedValue><DefinedValue><ColumnReference Database="[tpch]" Schema="[dbo]" Table="[supplier]" Alias="[s]" Column="S_Name"></ColumnReference></DefinedValue><DefinedValue><ColumnReference Database="[tpch]" Schema="[dbo]" Table="[supplier]" Alias="[s]" Column="S_NationKey"></ColumnReference></DefinedValue></DefinedValues><Object Database="[tpch]" Schema="[dbo]" Table="[supplier]" Index="[PK__supplier__C9D8C8B7B058A0BD]" Alias="[s]" IndexKind="Clustered" Storage="RowStore"></Object><Predicate><ScalarOperator ScalarString="PROBE([Opt_Bitmap1158],[tpch].[dbo].[supplier].[S_NationKey] as [s].[S_NationKey])"><Intrinsic FunctionName="PROBE"><ScalarOperator><Identifier><ColumnReference Column="Opt_Bitmap1158"></ColumnReference></Identifier></ScalarOperator><ScalarOperator><Identifier><ColumnReference Database="[tpch]" Schema="[dbo]" Table="[supplier]" Alias="[s]" Column="S_NationKey"></ColumnReference></Identifier></ScalarOperator></Intrinsic></ScalarOperator></Predicate></IndexScan></RelOp></Hash></RelOp><RelOp NodeId="18" PhysicalOp="Index Scan" LogicalOp="Index Scan" EstimateRows="180036" EstimatedRowsRead="6.00122e+06" EstimateIO="75.1876" EstimateCPU="1.09925" AvgRowSize="39" EstimatedTotalSubtreeCost="31.0572" TableCardinality="6.00122e+06" Parallel="1" EstimateRebinds="0" EstimateRewinds="0" EstimatedExecutionMode="Batch"><OutputList><ColumnReference Database="[tpch]" Schema="[dbo]" Table="[lineitem]" Alias="[l1]" Column="L_OrderKey"></ColumnReference><ColumnReference Database="[tpch]" Schema="[dbo]" Table="[lineitem]" Alias="[l1]" Column="L_PartKey"></ColumnReference><ColumnReference Database="[tpch]" Schema="[dbo]" Table="[lineitem]" Alias="[l1]" Column="L_SuppKey"></ColumnReference><ColumnReference Database="[tpch]" Schema="[dbo]" Table="[lineitem]" Alias="[l1]" Column="L_Quantity"></ColumnReference></OutputList><RunTimeInformation><RunTimeCountersPerThread Thread="12" ActualRows="0" Batches="0" ActualElapsedms="0" ActualCPUms="0" ActualScans="0" ActualLogicalReads="0" ActualPhysicalReads="0" ActualReadAheads="0" ActualLobLogicalReads="0" ActualLobPhysicalReads="0" ActualLobReadAheads="0" ActualEndOfScans="0" ActualExecutions="0" ActualExecutionMode="Row"></RunTimeCountersPerThread><RunTimeCountersPerThread Thread="11" ActualRows="0" Batches="0" ActualElapsedms="0" ActualCPUms="0" ActualScans="0" ActualLogicalReads="0" ActualPhysicalReads="0" ActualReadAheads="0" ActualLobLogicalReads="0" ActualLobPhysicalReads="0" ActualLobReadAheads="0" ActualEndOfScans="0" ActualExecutions="0" ActualExecutionMode="Row"></RunTimeCountersPerThread><RunTimeCountersPerThread Thread="10" ActualRows="0" Batches="0" ActualElapsedms="0" ActualCPUms="0" ActualScans="0" ActualLogicalReads="0" ActualPhysicalReads="0" ActualReadAheads="0" ActualLobLogicalReads="0" ActualLobPhysicalReads="0" ActualLobReadAheads="0" ActualEndOfScans="0" ActualExecutions="0" ActualExecutionMode="Row"></RunTimeCountersPerThread><RunTimeCountersPerThread Thread="9" ActualRows="0" Batches="0" ActualElapsedms="0" ActualCPUms="0" ActualScans="0" ActualLogicalReads="0" ActualPhysicalReads="0" ActualReadAheads="0" ActualLobLogicalReads="0" ActualLobPhysicalReads="0" ActualLobReadAheads="0" ActualEndOfScans="0" ActualExecutions="0" ActualExecutionMode="Row"></RunTimeCountersPerThread><RunTimeCountersPerThread Thread="8" ActualRows="0" Batches="0" ActualElapsedms="0" ActualCPUms="0" ActualScans="0" ActualLogicalReads="0" ActualPhysicalReads="0" ActualReadAheads="0" ActualLobLogicalReads="0" ActualLobPhysicalReads="0" ActualLobReadAheads="0" ActualEndOfScans="0" ActualExecutions="0" ActualExecutionMode="Row"></RunTimeCountersPerThread><RunTimeCountersPerThread Thread="7" ActualRows="0" Batches="0" ActualElapsedms="0" ActualCPUms="0" ActualScans="0" ActualLogicalReads="0" ActualPhysicalReads="0" ActualReadAheads="0" ActualLobLogicalReads="0" ActualLobPhysicalReads="0" ActualLobReadAheads="0" ActualEndOfScans="0" ActualExecutions="0" ActualExecutionMode="Row"></RunTimeCountersPerThread><RunTimeCountersPerThread Thread="6" ActualRows="0" Batches="0" ActualElapsedms="0" ActualCPUms="0" ActualScans="0" ActualLogicalReads="0" ActualPhysicalReads="0" ActualReadAheads="0" ActualLobLogicalReads="0" ActualLobPhysicalReads="0" ActualLobReadAheads="0" ActualEndOfScans="0" ActualExecutions="0" ActualExecutionMode="Row"></RunTimeCountersPerThread><RunTimeCountersPerThread Thread="5" ActualRows="0" Batches="0" ActualElapsedms="0" ActualCPUms="0" ActualScans="0" ActualLogicalReads="0" ActualPhysicalReads="0" ActualReadAheads="0" ActualLobLogicalReads="0" ActualLobPhysicalReads="0" ActualLobReadAheads="0" ActualEndOfScans="0" ActualExecutions="0" ActualExecutionMode="Row"></RunTimeCountersPerThread><RunTimeCountersPerThread Thread="4" ActualRows="0" Batches="0" ActualElapsedms="0" ActualCPUms="0" ActualScans="0" ActualLogicalReads="0" ActualPhysicalReads="0" ActualReadAheads="0" ActualLobLogicalReads="0" ActualLobPhysicalReads="0" ActualLobReadAheads="0" ActualEndOfScans="0" ActualExecutions="0" ActualExecutionMode="Row"></RunTimeCountersPerThread><RunTimeCountersPerThread Thread="3" ActualRows="0" Batches="0" ActualElapsedms="0" ActualCPUms="0" ActualScans="0" ActualLogicalReads="0" ActualPhysicalReads="0" ActualReadAheads="0" ActualLobLogicalReads="0" ActualLobPhysicalReads="0" ActualLobReadAheads="0" ActualEndOfScans="0" ActualExecutions="0" ActualExecutionMode="Row"></RunTimeCountersPerThread><RunTimeCountersPerThread Thread="2" ActualRows="0" Batches="0" ActualElapsedms="0" ActualCPUms="0" ActualScans="0" ActualLogicalReads="0" ActualPhysicalReads="0" ActualReadAheads="0" ActualLobLogicalReads="0" ActualLobPhysicalReads="0" ActualLobReadAheads="0" ActualEndOfScans="0" ActualExecutions="0" ActualExecutionMode="Row"></RunTimeCountersPerThread><RunTimeCountersPerThread Thread="1" ActualRows="0" Batches="0" ActualElapsedms="0" ActualCPUms="0" ActualScans="0" ActualLogicalReads="0" ActualPhysicalReads="0" ActualReadAheads="0" ActualLobLogicalReads="0" ActualLobPhysicalReads="0" ActualLobReadAheads="0" ActualEndOfScans="0" ActualExecutions="0" ActualExecutionMode="Row"></RunTimeCountersPerThread><RunTimeCountersPerThread Thread="0" ActualRows="0" Batches="0" ActualElapsedms="0" ActualCPUms="0" ActualEndOfScans="0" ActualExecutions="0" ActualExecutionMode="Row"></RunTimeCountersPerThread></RunTimeInformation><IndexScan Ordered="0" ForcedIndex="0" ForceSeek="0" ForceScan="0" NoExpandHint="0" Storage="RowStore"><DefinedValues><DefinedValue><ColumnReference Database="[tpch]" Schema="[dbo]" Table="[lineitem]" Alias="[l1]" Column="L_OrderKey"></ColumnReference></DefinedValue><DefinedValue><ColumnReference Database="[tpch]" Schema="[dbo]" Table="[lineitem]" Alias="[l1]" Column="L_PartKey"></ColumnReference></DefinedValue><DefinedValue><ColumnReference Database="[tpch]" Schema="[dbo]" Table="[lineitem]" Alias="[l1]" Column="L_SuppKey"></ColumnReference></DefinedValue><DefinedValue><ColumnReference Database="[tpch]" Schema="[dbo]" Table="[lineitem]" Alias="[l1]" Column="L_Quantity"></ColumnReference></DefinedValue></DefinedValues><Object Database="[tpch]" Schema="[dbo]" Table="[lineitem]" Index="[p40_idx]" Alias="[l1]" IndexKind="NonClustered" Storage="RowStore"></Object><Predicate><ScalarOperator ScalarString="[tpch].[dbo].[lineitem].[L_ReceiptDate] as [l1].[L_ReceiptDate]&gt;[tpch].[dbo].[lineitem].[L_CommitDate] as [l1].[L_CommitDate] AND PROBE([Opt_Bitmap1247],[tpch].[dbo].[lineitem].[L_SuppKey] as [l1].[L_SuppKey])"><Logical Operation="AND"><ScalarOperator><Compare CompareOp="GT"><ScalarOperator><Identifier><ColumnReference Database="[tpch]" Schema="[dbo]" Table="[lineitem]" Alias="[l1]" Column="L_ReceiptDate"></ColumnReference></Identifier></ScalarOperator><ScalarOperator><Identifier><ColumnReference Database="[tpch]" Schema="[dbo]" Table="[lineitem]" Alias="[l1]" Column="L_CommitDate"></ColumnReference></Identifier></ScalarOperator></Compare></ScalarOperator><ScalarOperator><Intrinsic FunctionName="PROBE"><ScalarOperator><Identifier><ColumnReference Column="Opt_Bitmap1247"></ColumnReference></Identifier></ScalarOperator><ScalarOperator><Identifier><ColumnReference Database="[tpch]" Schema="[dbo]" Table="[lineitem]" Alias="[l1]" Column="L_SuppKey"></ColumnReference></Identifier></ScalarOperator></Intrinsic></ScalarOperator></Logical></ScalarOperator></Predicate></IndexScan></RelOp><RelOp NodeId="22" PhysicalOp="Index Seek" LogicalOp="Index Seek" EstimateRows="180.036" EstimatedRowsRead="600.121" EstimateIO="0.0105324" EstimateCPU="0.000817134" AvgRowSize="39" EstimatedTotalSubtreeCost="4.52106" TableCardinality="6.00122e+06" Parallel="1" EstimateRebinds="399" EstimateRewinds="0" EstimatedExecutionMode="Row"><OutputList><ColumnReference Database="[tpch]" Schema="[dbo]" Table="[lineitem]" Alias="[l1]" Column="L_OrderKey"></ColumnReference><ColumnReference Database="[tpch]" Schema="[dbo]" Table="[lineitem]" Alias="[l1]" Column="L_PartKey"></ColumnReference><ColumnReference Database="[tpch]" Schema="[dbo]" Table="[lineitem]" Alias="[l1]" Column="L_SuppKey"></ColumnReference><ColumnReference Database="[tpch]" Schema="[dbo]" Table="[lineitem]" Alias="[l1]" Column="L_Quantity"></ColumnReference></OutputList><RunTimeInformation><RunTimeCountersPerThread Thread="12" ActualRows="14191" Batches="0" ActualElapsedms="5" ActualCPUms="5" ActualScans="37" ActualLogicalReads="525" ActualPhysicalReads="0" ActualReadAheads="0" ActualLobLogicalReads="0" ActualLobPhysicalReads="0" ActualLobReadAheads="0" ActualRowsRead="22478" ActualEndOfScans="37" ActualExecutions="37" ActualExecutionMode="Row"></RunTimeCountersPerThread><RunTimeCountersPerThread Thread="11" ActualRows="13573" Batches="0" ActualElapsedms="6" ActualCPUms="6" ActualScans="36" ActualLogicalReads="512" ActualPhysicalReads="0" ActualReadAheads="0" ActualLobLogicalReads="0" ActualLobPhysicalReads="0" ActualLobReadAheads="0" ActualRowsRead="21641" ActualEndOfScans="36" ActualExecutions="36" ActualExecutionMode="Row"></RunTimeCountersPerThread><RunTimeCountersPerThread Thread="10" ActualRows="12227" Batches="0" ActualElapsedms="5" ActualCPUms="5" ActualScans="32" ActualLogicalReads="454" ActualPhysicalReads="0" ActualReadAheads="0" ActualLobLogicalReads="0" ActualLobPhysicalReads="0" ActualLobReadAheads="0" ActualRowsRead="19218" ActualEndOfScans="32" ActualExecutions="32" ActualExecutionMode="Row"></RunTimeCountersPerThread><RunTimeCountersPerThread Thread="9" ActualRows="13278" Batches="0" ActualElapsedms="5" ActualCPUms="5" ActualScans="35" ActualLogicalReads="496" ActualPhysicalReads="0" ActualReadAheads="0" ActualLobLogicalReads="0" ActualLobPhysicalReads="0" ActualLobReadAheads="0" ActualRowsRead="20941" ActualEndOfScans="35" ActualExecutions="35" ActualExecutionMode="Row"></RunTimeCountersPerThread><RunTimeCountersPerThread Thread="8" ActualRows="12430" Batches="0" ActualElapsedms="5" ActualCPUms="5" ActualScans="33" ActualLogicalReads="468" ActualPhysicalReads="0" ActualReadAheads="0" ActualLobLogicalReads="0" ActualLobPhysicalReads="0" ActualLobReadAheads="0" ActualRowsRead="19701" ActualEndOfScans="33" ActualExecutions="33" ActualExecutionMode="Row"></RunTimeCountersPerThread><RunTimeCountersPerThread Thread="7" ActualRows="13240" Batches="0" ActualElapsedms="5" ActualCPUms="5" ActualScans="34" ActualLogicalReads="484" ActualPhysicalReads="0" ActualReadAheads="0" ActualLobLogicalReads="0" ActualLobPhysicalReads="0" ActualLobReadAheads="0" ActualRowsRead="20652" ActualEndOfScans="34" ActualExecutions="34" ActualExecutionMode="Row"></RunTimeCountersPerThread><RunTimeCountersPerThread Thread="6" ActualRows="10169" Batches="0" ActualElapsedms="4" ActualCPUms="4" ActualScans="27" ActualLogicalReads="385" ActualPhysicalReads="0" ActualReadAheads="0" ActualLobLogicalReads="0" ActualLobPhysicalReads="0" ActualLobReadAheads="0" ActualRowsRead="16203" ActualEndOfScans="27" ActualExecutions="27" ActualExecutionMode="Row"></RunTimeCountersPerThread><RunTimeCountersPerThread Thread="5" ActualRows="15166" Batches="0" ActualElapsedms="6" ActualCPUms="6" ActualScans="40" ActualLogicalReads="571" ActualPhysicalReads="0" ActualReadAheads="0" ActualLobLogicalReads="0" ActualLobPhysicalReads="0" ActualLobReadAheads="0" ActualRowsRead="24060" ActualEndOfScans="40" ActualExecutions="40" ActualExecutionMode="Row"></RunTimeCountersPerThread><RunTimeCountersPerThread Thread="4" ActualRows="12102" Batches="0" ActualElapsedms="5" ActualCPUms="5" ActualScans="32" ActualLogicalReads="449" ActualPhysicalReads="0" ActualReadAheads="0" ActualLobLogicalReads="0" ActualLobPhysicalReads="0" ActualLobReadAheads="0" ActualRowsRead="19028" ActualEndOfScans="32" ActualExecutions="32" ActualExecutionMode="Row"></RunTimeCountersPerThread><RunTimeCountersPerThread Thread="3" ActualRows="15209" Batches="0" ActualElapsedms="6" ActualCPUms="6" ActualScans="40" ActualLogicalReads="563" ActualPhysicalReads="0" ActualReadAheads="0" ActualLobLogicalReads="0" ActualLobPhysicalReads="0" ActualLobReadAheads="0" ActualRowsRead="24013" ActualEndOfScans="40" ActualExecutions="40" ActualExecutionMode="Row"></RunTimeCountersPerThread><RunTimeCountersPerThread Thread="2" ActualRows="9178" Batches="0" ActualElapsedms="4" ActualCPUms="4" ActualScans="24" ActualLogicalReads="346" ActualPhysicalReads="0" ActualReadAheads="0" ActualLobLogicalReads="0" ActualLobPhysicalReads="0" ActualLobReadAheads="0" ActualRowsRead="14569" ActualEndOfScans="24" ActualExecutions="24" ActualExecutionMode="Row"></RunTimeCountersPerThread><RunTimeCountersPerThread Thread="1" ActualRows="10031" Batches="0" ActualElapsedms="4" ActualCPUms="4" ActualScans="26" ActualLogicalReads="372" ActualPhysicalReads="0" ActualReadAheads="0" ActualLobLogicalReads="0" ActualLobPhysicalReads="0" ActualLobReadAheads="0" ActualRowsRead="15700" ActualEndOfScans="26" ActualExecutions="26" ActualExecutionMode="Row"></RunTimeCountersPerThread><RunTimeCountersPerThread Thread="0" ActualRows="0" Batches="0" ActualElapsedms="0" ActualCPUms="0" ActualScans="0" ActualLogicalReads="0" ActualPhysicalReads="0" ActualReadAheads="0" ActualLobLogicalReads="0" ActualLobPhysicalReads="0" ActualLobReadAheads="0" ActualEndOfScans="0" ActualExecutions="0" ActualExecutionMode="Row"></RunTimeCountersPerThread></RunTimeInformation><IndexScan Ordered="1" ScanDirection="FORWARD" ForcedIndex="0" ForceSeek="0" ForceScan="0" NoExpandHint="0" Storage="RowStore"><DefinedValues><DefinedValue><ColumnReference Database="[tpch]" Schema="[dbo]" Table="[lineitem]" Alias="[l1]" Column="L_OrderKey"></ColumnReference></DefinedValue><DefinedValue><ColumnReference Database="[tpch]" Schema="[dbo]" Table="[lineitem]" Alias="[l1]" Column="L_PartKey"></ColumnReference></DefinedValue><DefinedValue><ColumnReference Database="[tpch]" Schema="[dbo]" Table="[lineitem]" Alias="[l1]" Column="L_SuppKey"></ColumnReference></DefinedValue><DefinedValue><ColumnReference Database="[tpch]" Schema="[dbo]" Table="[lineitem]" Alias="[l1]" Column="L_Quantity"></ColumnReference></DefinedValue></DefinedValues><Object Database="[tpch]" Schema="[dbo]" Table="[lineitem]" Index="[p40_idx]" Alias="[l1]" IndexKind="NonClustered" Storage="RowStore"></Object><SeekPredicates><SeekPredicateNew><SeekKeys><Prefix ScanType="EQ"><RangeColumns><ColumnReference Database="[tpch]" Schema="[dbo]" Table="[lineitem]" Alias="[l1]" Column="L_SuppKey"></ColumnReference></RangeColumns><RangeExpressions><ScalarOperator ScalarString="[tpch].[dbo].[supplier].[S_SuppKey] as [s].[S_SuppKey]"><Identifier><ColumnReference Database="[tpch]" Schema="[dbo]" Table="[supplier]" Alias="[s]" Column="S_SuppKey"></ColumnReference></Identifier></ScalarOperator></RangeExpressions></Prefix></SeekKeys></SeekPredicateNew></SeekPredicates><Predicate><ScalarOperator ScalarString="[tpch].[dbo].[lineitem].[L_ReceiptDate] as [l1].[L_ReceiptDate]&gt;[tpch].[dbo].[lineitem].[L_CommitDate] as [l1].[L_CommitDate]"><Compare CompareOp="GT"><ScalarOperator><Identifier><ColumnReference Database="[tpch]" Schema="[dbo]" Table="[lineitem]" Alias="[l1]" Column="L_ReceiptDate"></ColumnReference></Identifier></ScalarOperator><ScalarOperator><Identifier><ColumnReference Database="[tpch]" Schema="[dbo]" Table="[lineitem]" Alias="[l1]" Column="L_CommitDate"></ColumnReference></Identifier></ScalarOperator></Compare></ScalarOperator></Predicate></IndexScan></RelOp></AdaptiveJoin></RelOp><RelOp NodeId="24" PhysicalOp="Clustered Index Scan" LogicalOp="Clustered Index Scan" EstimateRows="72870.4" EstimatedRowsRead="1.5e+06" EstimateIO="16.8676" EstimateCPU="0.274776" AvgRowSize="16" EstimatedTotalSubtreeCost="17.1423" TableCardinality="1.5e+06" Parallel="1" EstimateRebinds="0" EstimateRewinds="0" EstimatedExecutionMode="Batch"><OutputList><ColumnReference Database="[tpch]" Schema="[dbo]" Table="[orders]" Alias="[o]" Column="O_OrderKey"></ColumnReference></OutputList><RunTimeInformation><RunTimeCountersPerThread Thread="12" ActualRows="5817" Batches="17" ActualElapsedms="12" ActualCPUms="12" ActualScans="1" ActualLogicalReads="1914" ActualPhysicalReads="0" ActualReadAheads="0" ActualLobLogicalReads="0" ActualLobPhysicalReads="0" ActualLobReadAheads="0" ActualRowsRead="124785" ActualEndOfScans="0" ActualExecutions="1" ActualExecutionMode="Batch"></RunTimeCountersPerThread><RunTimeCountersPerThread Thread="11" ActualRows="7035" Batches="18" ActualElapsedms="12" ActualCPUms="12" ActualScans="1" ActualLogicalReads="2332" ActualPhysicalReads="0" ActualReadAheads="0" ActualLobLogicalReads="0" ActualLobPhysicalReads="0" ActualLobReadAheads="0" ActualRowsRead="152202" ActualEndOfScans="0" ActualExecutions="1" ActualExecutionMode="Batch"></RunTimeCountersPerThread><RunTimeCountersPerThread Thread="10" ActualRows="5843" Batches="17" ActualElapsedms="12" ActualCPUms="12" ActualScans="1" ActualLogicalReads="1941" ActualPhysicalReads="0" ActualReadAheads="0" ActualLobLogicalReads="0" ActualLobPhysicalReads="0" ActualLobReadAheads="0" ActualRowsRead="126553" ActualEndOfScans="0" ActualExecutions="1" ActualExecutionMode="Batch"></RunTimeCountersPerThread><RunTimeCountersPerThread Thread="9" ActualRows="4263" Batches="15" ActualElapsedms="9" ActualCPUms="9" ActualScans="1" ActualLogicalReads="1397" ActualPhysicalReads="0" ActualReadAheads="0" ActualLobLogicalReads="0" ActualLobPhysicalReads="0" ActualLobReadAheads="0" ActualRowsRead="91031" ActualEndOfScans="0" ActualExecutions="1" ActualExecutionMode="Batch"></RunTimeCountersPerThread><RunTimeCountersPerThread Thread="8" ActualRows="5982" Batches="17" ActualElapsedms="14" ActualCPUms="14" ActualScans="1" ActualLogicalReads="1976" ActualPhysicalReads="0" ActualReadAheads="0" ActualLobLogicalReads="0" ActualLobPhysicalReads="0" ActualLobReadAheads="0" ActualRowsRead="128823" ActualEndOfScans="0" ActualExecutions="1" ActualExecutionMode="Batch"></RunTimeCountersPerThread><RunTimeCountersPerThread Thread="7" ActualRows="5694" Batches="16" ActualElapsedms="12" ActualCPUms="11" ActualScans="1" ActualLogicalReads="1881" ActualPhysicalReads="0" ActualReadAheads="0" ActualLobLogicalReads="0" ActualLobPhysicalReads="0" ActualLobReadAheads="0" ActualRowsRead="122899" ActualEndOfScans="0" ActualExecutions="1" ActualExecutionMode="Batch"></RunTimeCountersPerThread><RunTimeCountersPerThread Thread="6" ActualRows="5978" Batches="17" ActualElapsedms="14" ActualCPUms="13" ActualScans="1" ActualLogicalReads="1960" ActualPhysicalReads="0" ActualReadAheads="0" ActualLobLogicalReads="0" ActualLobPhysicalReads="0" ActualLobReadAheads="0" ActualRowsRead="127744" ActualEndOfScans="0" ActualExecutions="1" ActualExecutionMode="Batch"></RunTimeCountersPerThread><RunTimeCountersPerThread Thread="5" ActualRows="5608" Batches="16" ActualElapsedms="13" ActualCPUms="13" ActualScans="1" ActualLogicalReads="1881" ActualPhysicalReads="0" ActualReadAheads="0" ActualLobLogicalReads="0" ActualLobPhysicalReads="0" ActualLobReadAheads="0" ActualRowsRead="123042" ActualEndOfScans="0" ActualExecutions="1" ActualExecutionMode="Batch"></RunTimeCountersPerThread><RunTimeCountersPerThread Thread="4" ActualRows="6034" Batches="17" ActualElapsedms="13" ActualCPUms="13" ActualScans="1" ActualLogicalReads="2010" ActualPhysicalReads="0" ActualReadAheads="0" ActualLobLogicalReads="0" ActualLobPhysicalReads="0" ActualLobReadAheads="0" ActualRowsRead="131031" ActualEndOfScans="0" ActualExecutions="1" ActualExecutionMode="Batch"></RunTimeCountersPerThread><RunTimeCountersPerThread Thread="3" ActualRows="5668" Batches="16" ActualElapsedms="13" ActualCPUms="12" ActualScans="1" ActualLogicalReads="1881" ActualPhysicalReads="0" ActualReadAheads="0" ActualLobLogicalReads="0" ActualLobPhysicalReads="0" ActualLobReadAheads="0" ActualRowsRead="122916" ActualEndOfScans="0" ActualExecutions="1" ActualExecutionMode="Batch"></RunTimeCountersPerThread><RunTimeCountersPerThread Thread="2" ActualRows="5795" Batches="16" ActualElapsedms="13" ActualCPUms="13" ActualScans="1" ActualLogicalReads="1881" ActualPhysicalReads="0" ActualReadAheads="0" ActualLobLogicalReads="0" ActualLobPhysicalReads="0" ActualLobReadAheads="0" ActualRowsRead="123024" ActualEndOfScans="0" ActualExecutions="1" ActualExecutionMode="Batch"></RunTimeCountersPerThread><RunTimeCountersPerThread Thread="1" ActualRows="5814" Batches="17" ActualElapsedms="13" ActualCPUms="12" ActualScans="1" ActualLogicalReads="1932" ActualPhysicalReads="0" ActualReadAheads="0" ActualLobLogicalReads="0" ActualLobPhysicalReads="0" ActualLobReadAheads="0" ActualRowsRead="125950" ActualEndOfScans="0" ActualExecutions="1" ActualExecutionMode="Batch"></RunTimeCountersPerThread><RunTimeCountersPerThread Thread="0" ActualRows="0" Batches="0" ActualElapsedms="0" ActualCPUms="0" ActualEndOfScans="0" ActualExecutions="0" ActualExecutionMode="Batch"></RunTimeCountersPerThread></RunTimeInformation><IndexScan Ordered="0" ForcedIndex="0" ForceSeek="0" ForceScan="0" NoExpandHint="0" Storage="RowStore"><DefinedValues><DefinedValue><ColumnReference Database="[tpch]" Schema="[dbo]" Table="[orders]" Alias="[o]" Column="O_OrderKey"></ColumnReference></DefinedValue></DefinedValues><Object Database="[tpch]" Schema="[dbo]" Table="[orders]" Index="[PK__orders__0F8A1252147E7971]" Alias="[o]" TableReferenceId="2" IndexKind="Clustered" Storage="RowStore"></Object><Predicate><ScalarOperator ScalarString="[tpch].[dbo].[orders].[O_OrderStatus] as [o].[O_OrderStatus]=&apos;F&apos; AND PROBE([Opt_Bitmap1230],[tpch].[dbo].[orders].[O_OrderKey] as [o].[O_OrderKey])"><Logical Operation="AND"><ScalarOperator><Compare CompareOp="EQ"><ScalarOperator><Identifier><ColumnReference Database="[tpch]" Schema="[dbo]" Table="[orders]" Alias="[o]" Column="O_OrderStatus"></ColumnReference></Identifier></ScalarOperator><ScalarOperator><Const ConstValue="&apos;F&apos;"></Const></ScalarOperator></Compare></ScalarOperator><ScalarOperator><Intrinsic FunctionName="PROBE"><ScalarOperator><Identifier><ColumnReference Column="Opt_Bitmap1230"></ColumnReference></Identifier></ScalarOperator><ScalarOperator><Identifier><ColumnReference Database="[tpch]" Schema="[dbo]" Table="[orders]" Alias="[o]" Column="O_OrderKey"></ColumnReference></Identifier></ScalarOperator></Intrinsic></ScalarOperator></Logical></ScalarOperator></Predicate></IndexScan></RelOp><RelOp NodeId="28" PhysicalOp="Clustered Index Seek" LogicalOp="Clustered Index Seek" EstimateRows="1" EstimatedRowsRead="1" EstimateIO="0.003125" EstimateCPU="0.0001581" AvgRowSize="12" EstimatedTotalSubtreeCost="31.0572" TableCardinality="1.5e+06" Parallel="1" EstimateRebinds="72013.6" EstimateRewinds="0.0181855" EstimatedExecutionMode="Row"><OutputList></OutputList><RunTimeInformation><RunTimeCountersPerThread Thread="12" ActualRows="0" Batches="0" ActualElapsedms="0" ActualCPUms="0" ActualScans="0" ActualLogicalReads="0" ActualPhysicalReads="0" ActualReadAheads="0" ActualLobLogicalReads="0" ActualLobPhysicalReads="0" ActualLobReadAheads="0" ActualEndOfScans="0" ActualExecutions="0" ActualExecutionMode="Row"></RunTimeCountersPerThread><RunTimeCountersPerThread Thread="11" ActualRows="0" Batches="0" ActualElapsedms="0" ActualCPUms="0" ActualScans="0" ActualLogicalReads="0" ActualPhysicalReads="0" ActualReadAheads="0" ActualLobLogicalReads="0" ActualLobPhysicalReads="0" ActualLobReadAheads="0" ActualEndOfScans="0" ActualExecutions="0" ActualExecutionMode="Row"></RunTimeCountersPerThread><RunTimeCountersPerThread Thread="10" ActualRows="0" Batches="0" ActualElapsedms="0" ActualCPUms="0" ActualScans="0" ActualLogicalReads="0" ActualPhysicalReads="0" ActualReadAheads="0" ActualLobLogicalReads="0" ActualLobPhysicalReads="0" ActualLobReadAheads="0" ActualEndOfScans="0" ActualExecutions="0" ActualExecutionMode="Row"></RunTimeCountersPerThread><RunTimeCountersPerThread Thread="9" ActualRows="0" Batches="0" ActualElapsedms="0" ActualCPUms="0" ActualScans="0" ActualLogicalReads="0" ActualPhysicalReads="0" ActualReadAheads="0" ActualLobLogicalReads="0" ActualLobPhysicalReads="0" ActualLobReadAheads="0" ActualEndOfScans="0" ActualExecutions="0" ActualExecutionMode="Row"></RunTimeCountersPerThread><RunTimeCountersPerThread Thread="8" ActualRows="0" Batches="0" ActualElapsedms="0" ActualCPUms="0" ActualScans="0" ActualLogicalReads="0" ActualPhysicalReads="0" ActualReadAheads="0" ActualLobLogicalReads="0" ActualLobPhysicalReads="0" ActualLobReadAheads="0" ActualEndOfScans="0" ActualExecutions="0" ActualExecutionMode="Row"></RunTimeCountersPerThread><RunTimeCountersPerThread Thread="7" ActualRows="0" Batches="0" ActualElapsedms="0" ActualCPUms="0" ActualScans="0" ActualLogicalReads="0" ActualPhysicalReads="0" ActualReadAheads="0" ActualLobLogicalReads="0" ActualLobPhysicalReads="0" ActualLobReadAheads="0" ActualEndOfScans="0" ActualExecutions="0" ActualExecutionMode="Row"></RunTimeCountersPerThread><RunTimeCountersPerThread Thread="6" ActualRows="0" Batches="0" ActualElapsedms="0" ActualCPUms="0" ActualScans="0" ActualLogicalReads="0" ActualPhysicalReads="0" ActualReadAheads="0" ActualLobLogicalReads="0" ActualLobPhysicalReads="0" ActualLobReadAheads="0" ActualEndOfScans="0" ActualExecutions="0" ActualExecutionMode="Row"></RunTimeCountersPerThread><RunTimeCountersPerThread Thread="5" ActualRows="0" Batches="0" ActualElapsedms="0" ActualCPUms="0" ActualScans="0" ActualLogicalReads="0" ActualPhysicalReads="0" ActualReadAheads="0" ActualLobLogicalReads="0" ActualLobPhysicalReads="0" ActualLobReadAheads="0" ActualEndOfScans="0" ActualExecutions="0" ActualExecutionMode="Row"></RunTimeCountersPerThread><RunTimeCountersPerThread Thread="4" ActualRows="0" Batches="0" ActualElapsedms="0" ActualCPUms="0" ActualScans="0" ActualLogicalReads="0" ActualPhysicalReads="0" ActualReadAheads="0" ActualLobLogicalReads="0" ActualLobPhysicalReads="0" ActualLobReadAheads="0" ActualEndOfScans="0" ActualExecutions="0" ActualExecutionMode="Row"></RunTimeCountersPerThread><RunTimeCountersPerThread Thread="3" ActualRows="0" Batches="0" ActualElapsedms="0" ActualCPUms="0" ActualScans="0" ActualLogicalReads="0" ActualPhysicalReads="0" ActualReadAheads="0" ActualLobLogicalReads="0" ActualLobPhysicalReads="0" ActualLobReadAheads="0" ActualEndOfScans="0" ActualExecutions="0" ActualExecutionMode="Row"></RunTimeCountersPerThread><RunTimeCountersPerThread Thread="2" ActualRows="0" Batches="0" ActualElapsedms="0" ActualCPUms="0" ActualScans="0" ActualLogicalReads="0" ActualPhysicalReads="0" ActualReadAheads="0" ActualLobLogicalReads="0" ActualLobPhysicalReads="0" ActualLobReadAheads="0" ActualEndOfScans="0" ActualExecutions="0" ActualExecutionMode="Row"></RunTimeCountersPerThread><RunTimeCountersPerThread Thread="1" ActualRows="0" Batches="0" ActualElapsedms="0" ActualCPUms="0" ActualScans="0" ActualLogicalReads="0" ActualPhysicalReads="0" ActualReadAheads="0" ActualLobLogicalReads="0" ActualLobPhysicalReads="0" ActualLobReadAheads="0" ActualEndOfScans="0" ActualExecutions="0" ActualExecutionMode="Row"></RunTimeCountersPerThread><RunTimeCountersPerThread Thread="0" ActualRows="0" Batches="0" ActualElapsedms="0" ActualCPUms="0" ActualScans="0" ActualLogicalReads="0" ActualPhysicalReads="0" ActualReadAheads="0" ActualLobLogicalReads="0" ActualLobPhysicalReads="0" ActualLobReadAheads="0" ActualEndOfScans="0" ActualExecutions="0" ActualExecutionMode="Row"></RunTimeCountersPerThread></RunTimeInformation><IndexScan Ordered="1" ScanDirection="FORWARD" ForcedIndex="0" ForceSeek="0" ForceScan="0" NoExpandHint="0" Storage="RowStore"><DefinedValues></DefinedValues><Object Database="[tpch]" Schema="[dbo]" Table="[orders]" Index="[PK__orders__0F8A1252147E7971]" Alias="[o]" TableReferenceId="2" IndexKind="Clustered" Storage="RowStore"></Object><SeekPredicates><SeekPredicateNew><SeekKeys><Prefix ScanType="EQ"><RangeColumns><ColumnReference Database="[tpch]" Schema="[dbo]" Table="[orders]" Alias="[o]" Column="O_OrderKey"></ColumnReference></RangeColumns><RangeExpressions><ScalarOperator ScalarString="[tpch].[dbo].[lineitem].[L_OrderKey] as [l1].[L_OrderKey]"><Identifier><ColumnReference Database="[tpch]" Schema="[dbo]" Table="[lineitem]" Alias="[l1]" Column="L_OrderKey"></ColumnReference></Identifier></ScalarOperator></RangeExpressions></Prefix></SeekKeys></SeekPredicateNew></SeekPredicates><Predicate><ScalarOperator ScalarString="[tpch].[dbo].[orders].[O_OrderStatus] as [o].[O_OrderStatus]=&apos;F&apos;"><Compare CompareOp="EQ"><ScalarOperator><Identifier><ColumnReference Database="[tpch]" Schema="[dbo]" Table="[orders]" Alias="[o]" Column="O_OrderStatus"></ColumnReference></Identifier></ScalarOperator><ScalarOperator><Const ConstValue="&apos;F&apos;"></Const></ScalarOperator></Compare></ScalarOperator></Predicate></IndexScan></RelOp></AdaptiveJoin></RelOp><RelOp NodeId="29" PhysicalOp="Concatenation" LogicalOp="Concatenation" EstimateRows="1" EstimateRowsWithoutRowGoal="2" EstimateIO="0" EstimateCPU="2e-07" AvgRowSize="9" EstimatedTotalSubtreeCost="0.0482792" Parallel="1" EstimateRebinds="34983.9" EstimateRewinds="0" EstimatedExecutionMode="Row"><OutputList></OutputList><RunTimeInformation><RunTimeCountersPerThread Thread="12" ActualRows="0" Batches="0" ActualElapsedms="2318" ActualCPUms="118" ActualEndOfScans="6103" ActualExecutions="6103" ActualExecutionMode="Row"></RunTimeCountersPerThread><RunTimeCountersPerThread Thread="11" ActualRows="0" Batches="0" ActualElapsedms="2351" ActualCPUms="151" ActualEndOfScans="7398" ActualExecutions="7398" ActualExecutionMode="Row"></RunTimeCountersPerThread><RunTimeCountersPerThread Thread="10" ActualRows="0" Batches="0" ActualElapsedms="2339" ActualCPUms="139" ActualEndOfScans="6116" ActualExecutions="6116" ActualExecutionMode="Row"></RunTimeCountersPerThread><RunTimeCountersPerThread Thread="9" ActualRows="0" Batches="0" ActualElapsedms="2314" ActualCPUms="115" ActualEndOfScans="4490" ActualExecutions="4490" ActualExecutionMode="Row"></RunTimeCountersPerThread><RunTimeCountersPerThread Thread="8" ActualRows="0" Batches="0" ActualElapsedms="2353" ActualCPUms="153" ActualEndOfScans="6285" ActualExecutions="6285" ActualExecutionMode="Row"></RunTimeCountersPerThread><RunTimeCountersPerThread Thread="7" ActualRows="1" Batches="0" ActualElapsedms="2349" ActualCPUms="2349" ActualEndOfScans="5948" ActualExecutions="5949" ActualExecutionMode="Row"></RunTimeCountersPerThread><RunTimeCountersPerThread Thread="6" ActualRows="0" Batches="0" ActualElapsedms="2354" ActualCPUms="154" ActualEndOfScans="6272" ActualExecutions="6272" ActualExecutionMode="Row"></RunTimeCountersPerThread><RunTimeCountersPerThread Thread="5" ActualRows="0" Batches="0" ActualElapsedms="2339" ActualCPUms="139" ActualEndOfScans="5883" ActualExecutions="5883" ActualExecutionMode="Row"></RunTimeCountersPerThread><RunTimeCountersPerThread Thread="4" ActualRows="0" Batches="0" ActualElapsedms="2347" ActualCPUms="147" ActualEndOfScans="6355" ActualExecutions="6355" ActualExecutionMode="Row"></RunTimeCountersPerThread><RunTimeCountersPerThread Thread="3" ActualRows="0" Batches="0" ActualElapsedms="2347" ActualCPUms="148" ActualEndOfScans="5973" ActualExecutions="5973" ActualExecutionMode="Row"></RunTimeCountersPerThread><RunTimeCountersPerThread Thread="2" ActualRows="0" Batches="0" ActualElapsedms="2350" ActualCPUms="150" ActualEndOfScans="6079" ActualExecutions="6079" ActualExecutionMode="Row"></RunTimeCountersPerThread><RunTimeCountersPerThread Thread="1" ActualRows="0" Batches="0" ActualElapsedms="2363" ActualCPUms="163" ActualEndOfScans="6145" ActualExecutions="6145" ActualExecutionMode="Row"></RunTimeCountersPerThread><RunTimeCountersPerThread Thread="0" ActualRows="0" Batches="0" ActualElapsedms="0" ActualCPUms="0" ActualEndOfScans="0" ActualExecutions="0" ActualExecutionMode="Row"></RunTimeCountersPerThread></RunTimeInformation><Concat><DefinedValues></DefinedValues><RelOp NodeId="30" PhysicalOp="Filter" LogicalOp="Filter" EstimateRows="1" EstimateIO="0" EstimateCPU="2.8e-07" AvgRowSize="9" EstimatedTotalSubtreeCost="0.0447808" Parallel="1" EstimateRebinds="0" EstimateRewinds="34983.9" EstimatedExecutionMode="Row"><OutputList></OutputList><RunTimeInformation><RunTimeCountersPerThread Thread="12" ActualRows="0" Batches="0" ActualElapsedms="0" ActualCPUms="0" ActualRebinds="6103" ActualRewinds="0" ActualEndOfScans="6103" ActualExecutions="6103" ActualExecutionMode="Row"></RunTimeCountersPerThread><RunTimeCountersPerThread Thread="11" ActualRows="0" Batches="0" ActualElapsedms="1" ActualCPUms="1" ActualRebinds="7398" ActualRewinds="0" ActualEndOfScans="7398" ActualExecutions="7398" ActualExecutionMode="Row"></RunTimeCountersPerThread><RunTimeCountersPerThread Thread="10" ActualRows="0" Batches="0" ActualElapsedms="1" ActualCPUms="1" ActualRebinds="6116" ActualRewinds="0" ActualEndOfScans="6116" ActualExecutions="6116" ActualExecutionMode="Row"></RunTimeCountersPerThread><RunTimeCountersPerThread Thread="9" ActualRows="0" Batches="0" ActualElapsedms="0" ActualCPUms="0" ActualRebinds="4490" ActualRewinds="0" ActualEndOfScans="4490" ActualExecutions="4490" ActualExecutionMode="Row"></RunTimeCountersPerThread><RunTimeCountersPerThread Thread="8" ActualRows="0" Batches="0" ActualElapsedms="1" ActualCPUms="1" ActualRebinds="6285" ActualRewinds="0" ActualEndOfScans="6285" ActualExecutions="6285" ActualExecutionMode="Row"></RunTimeCountersPerThread><RunTimeCountersPerThread Thread="7" ActualRows="0" Batches="0" ActualElapsedms="1" ActualCPUms="1" ActualRebinds="5949" ActualRewinds="0" ActualEndOfScans="5949" ActualExecutions="5949" ActualExecutionMode="Row"></RunTimeCountersPerThread><RunTimeCountersPerThread Thread="6" ActualRows="0" Batches="0" ActualElapsedms="1" ActualCPUms="1" ActualRebinds="6272" ActualRewinds="0" ActualEndOfScans="6272" ActualExecutions="6272" ActualExecutionMode="Row"></RunTimeCountersPerThread><RunTimeCountersPerThread Thread="5" ActualRows="0" Batches="0" ActualElapsedms="1" ActualCPUms="1" ActualRebinds="5883" ActualRewinds="0" ActualEndOfScans="5883" ActualExecutions="5883" ActualExecutionMode="Row"></RunTimeCountersPerThread><RunTimeCountersPerThread Thread="4" ActualRows="0" Batches="0" ActualElapsedms="1" ActualCPUms="1" ActualRebinds="6355" ActualRewinds="0" ActualEndOfScans="6355" ActualExecutions="6355" ActualExecutionMode="Row"></RunTimeCountersPerThread><RunTimeCountersPerThread Thread="3" ActualRows="0" Batches="0" ActualElapsedms="1" ActualCPUms="1" ActualRebinds="5973" ActualRewinds="0" ActualEndOfScans="5973" ActualExecutions="5973" ActualExecutionMode="Row"></RunTimeCountersPerThread><RunTimeCountersPerThread Thread="2" ActualRows="0" Batches="0" ActualElapsedms="1" ActualCPUms="1" ActualRebinds="6079" ActualRewinds="0" ActualEndOfScans="6079" ActualExecutions="6079" ActualExecutionMode="Row"></RunTimeCountersPerThread><RunTimeCountersPerThread Thread="1" ActualRows="0" Batches="0" ActualElapsedms="1" ActualCPUms="1" ActualRebinds="6145" ActualRewinds="0" ActualEndOfScans="6145" ActualExecutions="6145" ActualExecutionMode="Row"></RunTimeCountersPerThread><RunTimeCountersPerThread Thread="0" ActualRows="0" Batches="0" ActualElapsedms="0" ActualCPUms="0" ActualRebinds="0" ActualRewinds="0" ActualEndOfScans="0" ActualExecutions="0" ActualExecutionMode="Row"></RunTimeCountersPerThread></RunTimeInformation><Filter StartupExpression="1"><RelOp NodeId="31" PhysicalOp="Constant Scan" LogicalOp="Constant Scan" EstimateRows="1" EstimateIO="0" EstimateCPU="1.157e-06" AvgRowSize="9" EstimatedTotalSubtreeCost="0.034985" Parallel="1" EstimateRebinds="0" EstimateRewinds="34983.9" EstimatedExecutionMode="Row"><OutputList></OutputList><RunTimeInformation><RunTimeCountersPerThread Thread="12" ActualRows="0" Batches="0" ActualElapsedms="0" ActualCPUms="0" ActualEndOfScans="0" ActualExecutions="6103" ActualExecutionMode="Row"></RunTimeCountersPerThread><RunTimeCountersPerThread Thread="11" ActualRows="0" Batches="0" ActualElapsedms="0" ActualCPUms="0" ActualEndOfScans="0" ActualExecutions="7398" ActualExecutionMode="Row"></RunTimeCountersPerThread><RunTimeCountersPerThread Thread="10" ActualRows="0" Batches="0" ActualElapsedms="0" ActualCPUms="0" ActualEndOfScans="0" ActualExecutions="6116" ActualExecutionMode="Row"></RunTimeCountersPerThread><RunTimeCountersPerThread Thread="9" ActualRows="0" Batches="0" ActualElapsedms="0" ActualCPUms="0" ActualEndOfScans="0" ActualExecutions="4490" ActualExecutionMode="Row"></RunTimeCountersPerThread><RunTimeCountersPerThread Thread="8" ActualRows="0" Batches="0" ActualElapsedms="0" ActualCPUms="0" ActualEndOfScans="0" ActualExecutions="6285" ActualExecutionMode="Row"></RunTimeCountersPerThread><RunTimeCountersPerThread Thread="7" ActualRows="0" Batches="0" ActualElapsedms="0" ActualCPUms="0" ActualEndOfScans="0" ActualExecutions="5949" ActualExecutionMode="Row"></RunTimeCountersPerThread><RunTimeCountersPerThread Thread="6" ActualRows="0" Batches="0" ActualElapsedms="0" ActualCPUms="0" ActualEndOfScans="0" ActualExecutions="6272" ActualExecutionMode="Row"></RunTimeCountersPerThread><RunTimeCountersPerThread Thread="5" ActualRows="0" Batches="0" ActualElapsedms="0" ActualCPUms="0" ActualEndOfScans="0" ActualExecutions="5883" ActualExecutionMode="Row"></RunTimeCountersPerThread><RunTimeCountersPerThread Thread="4" ActualRows="0" Batches="0" ActualElapsedms="0" ActualCPUms="0" ActualEndOfScans="0" ActualExecutions="6355" ActualExecutionMode="Row"></RunTimeCountersPerThread><RunTimeCountersPerThread Thread="3" ActualRows="0" Batches="0" ActualElapsedms="0" ActualCPUms="0" ActualEndOfScans="0" ActualExecutions="5973" ActualExecutionMode="Row"></RunTimeCountersPerThread><RunTimeCountersPerThread Thread="2" ActualRows="0" Batches="0" ActualElapsedms="0" ActualCPUms="0" ActualEndOfScans="0" ActualExecutions="6079" ActualExecutionMode="Row"></RunTimeCountersPerThread><RunTimeCountersPerThread Thread="1" ActualRows="0" Batches="0" ActualElapsedms="0" ActualCPUms="0" ActualEndOfScans="0" ActualExecutions="6145" ActualExecutionMode="Row"></RunTimeCountersPerThread><RunTimeCountersPerThread Thread="0" ActualRows="0" Batches="0" ActualElapsedms="0" ActualCPUms="0" ActualEndOfScans="0" ActualExecutions="0" ActualExecutionMode="Row"></RunTimeCountersPerThread></RunTimeInformation><ConstantScan></ConstantScan></RelOp><Predicate><ScalarOperator ScalarString="user_name()=N&apos;user3&apos;"><Identifier><ColumnReference Column="ConstExpr1042"><ScalarOperator><Compare CompareOp="EQ"><ScalarOperator><Intrinsic FunctionName="user_name"><ScalarOperator><Const ConstValue=""></Const></ScalarOperator></Intrinsic></ScalarOperator><ScalarOperator><Const ConstValue="N&apos;user3&apos;"></Const></ScalarOperator></Compare></ScalarOperator></ColumnReference></Identifier></ScalarOperator></Predicate></Filter></RelOp><RelOp NodeId="32" PhysicalOp="Nested Loops" LogicalOp="Inner Join" EstimateRows="1" EstimateIO="0" EstimateCPU="4.18e-06" AvgRowSize="9" EstimatedTotalSubtreeCost="31.0572" Parallel="1" EstimateRebinds="34983.9" EstimateRewinds="0" EstimatedExecutionMode="Row"><OutputList></OutputList><RunTimeInformation><RunTimeCountersPerThread Thread="12" ActualRows="0" Batches="0" ActualElapsedms="2316" ActualCPUms="116" ActualEndOfScans="6103" ActualExecutions="6103" ActualExecutionMode="Row"></RunTimeCountersPerThread><RunTimeCountersPerThread Thread="11" ActualRows="0" Batches="0" ActualElapsedms="2349" ActualCPUms="149" ActualEndOfScans="7398" ActualExecutions="7398" ActualExecutionMode="Row"></RunTimeCountersPerThread><RunTimeCountersPerThread Thread="10" ActualRows="0" Batches="0" ActualElapsedms="2336" ActualCPUms="137" ActualEndOfScans="6116" ActualExecutions="6116" ActualExecutionMode="Row"></RunTimeCountersPerThread><RunTimeCountersPerThread Thread="9" ActualRows="0" Batches="0" ActualElapsedms="2313" ActualCPUms="113" ActualEndOfScans="4490" ActualExecutions="4490" ActualExecutionMode="Row"></RunTimeCountersPerThread><RunTimeCountersPerThread Thread="8" ActualRows="0" Batches="0" ActualElapsedms="2350" ActualCPUms="150" ActualEndOfScans="6285" ActualExecutions="6285" ActualExecutionMode="Row"></RunTimeCountersPerThread><RunTimeCountersPerThread Thread="7" ActualRows="1" Batches="0" ActualElapsedms="2347" ActualCPUms="2346" ActualEndOfScans="5948" ActualExecutions="5949" ActualExecutionMode="Row"></RunTimeCountersPerThread><RunTimeCountersPerThread Thread="6" ActualRows="0" Batches="0" ActualElapsedms="2351" ActualCPUms="151" ActualEndOfScans="6272" ActualExecutions="6272" ActualExecutionMode="Row"></RunTimeCountersPerThread><RunTimeCountersPerThread Thread="5" ActualRows="0" Batches="0" ActualElapsedms="2336" ActualCPUms="136" ActualEndOfScans="5883" ActualExecutions="5883" ActualExecutionMode="Row"></RunTimeCountersPerThread><RunTimeCountersPerThread Thread="4" ActualRows="0" Batches="0" ActualElapsedms="2344" ActualCPUms="144" ActualEndOfScans="6355" ActualExecutions="6355" ActualExecutionMode="Row"></RunTimeCountersPerThread><RunTimeCountersPerThread Thread="3" ActualRows="0" Batches="0" ActualElapsedms="2344" ActualCPUms="145" ActualEndOfScans="5973" ActualExecutions="5973" ActualExecutionMode="Row"></RunTimeCountersPerThread><RunTimeCountersPerThread Thread="2" ActualRows="0" Batches="0" ActualElapsedms="2348" ActualCPUms="148" ActualEndOfScans="6079" ActualExecutions="6079" ActualExecutionMode="Row"></RunTimeCountersPerThread><RunTimeCountersPerThread Thread="1" ActualRows="0" Batches="0" ActualElapsedms="2361" ActualCPUms="161" ActualEndOfScans="6145" ActualExecutions="6145" ActualExecutionMode="Row"></RunTimeCountersPerThread><RunTimeCountersPerThread Thread="0" ActualRows="0" Batches="0" ActualElapsedms="0" ActualCPUms="0" ActualEndOfScans="0" ActualExecutions="0" ActualExecutionMode="Row"></RunTimeCountersPerThread></RunTimeInformation><NestedLoops Optimized="0"><RelOp NodeId="33" PhysicalOp="Nested Loops" LogicalOp="Inner Join" EstimateRows="1" EstimateIO="0" EstimateCPU="4.18e-06" AvgRowSize="9" EstimatedTotalSubtreeCost="31.0572" Parallel="1" EstimateRebinds="34983.9" EstimateRewinds="0" EstimatedExecutionMode="Row"><OutputList></OutputList><RunTimeInformation><RunTimeCountersPerThread Thread="12" ActualRows="1195" Batches="0" ActualElapsedms="2301" ActualCPUms="101" ActualEndOfScans="4908" ActualExecutions="6103" ActualExecutionMode="Row"></RunTimeCountersPerThread><RunTimeCountersPerThread Thread="11" ActualRows="1449" Batches="0" ActualElapsedms="2332" ActualCPUms="132" ActualEndOfScans="5949" ActualExecutions="7398" ActualExecutionMode="Row"></RunTimeCountersPerThread><RunTimeCountersPerThread Thread="10" ActualRows="1233" Batches="0" ActualElapsedms="2320" ActualCPUms="120" ActualEndOfScans="4883" ActualExecutions="6116" ActualExecutionMode="Row"></RunTimeCountersPerThread><RunTimeCountersPerThread Thread="9" ActualRows="904" Batches="0" ActualElapsedms="2300" ActualCPUms="101" ActualEndOfScans="3586" ActualExecutions="4490" ActualExecutionMode="Row"></RunTimeCountersPerThread><RunTimeCountersPerThread Thread="8" ActualRows="1283" Batches="0" ActualElapsedms="2330" ActualCPUms="131" ActualEndOfScans="5002" ActualExecutions="6285" ActualExecutionMode="Row"></RunTimeCountersPerThread><RunTimeCountersPerThread Thread="7" ActualRows="1197" Batches="0" ActualElapsedms="2329" ActualCPUms="2328" ActualEndOfScans="4752" ActualExecutions="5949" ActualExecutionMode="Row"></RunTimeCountersPerThread><RunTimeCountersPerThread Thread="6" ActualRows="1270" Batches="0" ActualElapsedms="2331" ActualCPUms="131" ActualEndOfScans="5002" ActualExecutions="6272" ActualExecutionMode="Row"></RunTimeCountersPerThread><RunTimeCountersPerThread Thread="5" ActualRows="1186" Batches="0" ActualElapsedms="2318" ActualCPUms="118" ActualEndOfScans="4697" ActualExecutions="5883" ActualExecutionMode="Row"></RunTimeCountersPerThread><RunTimeCountersPerThread Thread="4" ActualRows="1226" Batches="0" ActualElapsedms="2326" ActualCPUms="126" ActualEndOfScans="5129" ActualExecutions="6355" ActualExecutionMode="Row"></RunTimeCountersPerThread><RunTimeCountersPerThread Thread="3" ActualRows="1178" Batches="0" ActualElapsedms="2326" ActualCPUms="127" ActualEndOfScans="4795" ActualExecutions="5973" ActualExecutionMode="Row"></RunTimeCountersPerThread><RunTimeCountersPerThread Thread="2" ActualRows="1192" Batches="0" ActualElapsedms="2330" ActualCPUms="130" ActualEndOfScans="4887" ActualExecutions="6079" ActualExecutionMode="Row"></RunTimeCountersPerThread><RunTimeCountersPerThread Thread="1" ActualRows="1244" Batches="0" ActualElapsedms="2343" ActualCPUms="144" ActualEndOfScans="4901" ActualExecutions="6145" ActualExecutionMode="Row"></RunTimeCountersPerThread><RunTimeCountersPerThread Thread="0" ActualRows="0" Batches="0" ActualElapsedms="0" ActualCPUms="0" ActualEndOfScans="0" ActualExecutions="0" ActualExecutionMode="Row"></RunTimeCountersPerThread></RunTimeInformation><NestedLoops Optimized="0"><Predicate><ScalarOperator ScalarString="[Expr1048]=[Expr1046]"><Compare CompareOp="EQ"><ScalarOperator><Identifier><ColumnReference Column="Expr1048"></ColumnReference></Identifier></ScalarOperator><ScalarOperator><Identifier><ColumnReference Column="Expr1046"></ColumnReference></Identifier></ScalarOperator></Compare></ScalarOperator></Predicate><RelOp NodeId="34" PhysicalOp="Assert" LogicalOp="Assert" EstimateRows="1" EstimateIO="0" EstimateCPU="4.8e-07" AvgRowSize="11" EstimatedTotalSubtreeCost="31.0572" Parallel="1" EstimateRebinds="34983.9" EstimateRewinds="0" EstimatedExecutionMode="Row"><OutputList><ColumnReference Column="Expr1046"></ColumnReference></OutputList><RunTimeInformation><RunTimeCountersPerThread Thread="12" ActualRows="6103" Batches="0" ActualElapsedms="2253" ActualCPUms="53" ActualEndOfScans="4908" ActualExecutions="6103" ActualExecutionMode="Row"></RunTimeCountersPerThread><RunTimeCountersPerThread Thread="11" ActualRows="7398" Batches="0" ActualElapsedms="2274" ActualCPUms="74" ActualEndOfScans="5949" ActualExecutions="7398" ActualExecutionMode="Row"></RunTimeCountersPerThread><RunTimeCountersPerThread Thread="10" ActualRows="6116" Batches="0" ActualElapsedms="2269" ActualCPUms="69" ActualEndOfScans="4883" ActualExecutions="6116" ActualExecutionMode="Row"></RunTimeCountersPerThread><RunTimeCountersPerThread Thread="9" ActualRows="4490" Batches="0" ActualElapsedms="2264" ActualCPUms="64" ActualEndOfScans="3586" ActualExecutions="4490" ActualExecutionMode="Row"></RunTimeCountersPerThread><RunTimeCountersPerThread Thread="8" ActualRows="6285" Batches="0" ActualElapsedms="2280" ActualCPUms="80" ActualEndOfScans="5002" ActualExecutions="6285" ActualExecutionMode="Row"></RunTimeCountersPerThread><RunTimeCountersPerThread Thread="7" ActualRows="5949" Batches="0" ActualElapsedms="2281" ActualCPUms="2280" ActualEndOfScans="4752" ActualExecutions="5949" ActualExecutionMode="Row"></RunTimeCountersPerThread><RunTimeCountersPerThread Thread="6" ActualRows="6272" Batches="0" ActualElapsedms="2282" ActualCPUms="82" ActualEndOfScans="5002" ActualExecutions="6272" ActualExecutionMode="Row"></RunTimeCountersPerThread><RunTimeCountersPerThread Thread="5" ActualRows="5883" Batches="0" ActualElapsedms="2270" ActualCPUms="70" ActualEndOfScans="4697" ActualExecutions="5883" ActualExecutionMode="Row"></RunTimeCountersPerThread><RunTimeCountersPerThread Thread="4" ActualRows="6355" Batches="0" ActualElapsedms="2268" ActualCPUms="68" ActualEndOfScans="5129" ActualExecutions="6355" ActualExecutionMode="Row"></RunTimeCountersPerThread><RunTimeCountersPerThread Thread="3" ActualRows="5973" Batches="0" ActualElapsedms="2274" ActualCPUms="74" ActualEndOfScans="4795" ActualExecutions="5973" ActualExecutionMode="Row"></RunTimeCountersPerThread><RunTimeCountersPerThread Thread="2" ActualRows="6079" Batches="0" ActualElapsedms="2284" ActualCPUms="85" ActualEndOfScans="4887" ActualExecutions="6079" ActualExecutionMode="Row"></RunTimeCountersPerThread><RunTimeCountersPerThread Thread="1" ActualRows="6145" Batches="0" ActualElapsedms="2275" ActualCPUms="75" ActualEndOfScans="4901" ActualExecutions="6145" ActualExecutionMode="Row"></RunTimeCountersPerThread><RunTimeCountersPerThread Thread="0" ActualRows="0" Batches="0" ActualElapsedms="0" ActualCPUms="0" ActualEndOfScans="0" ActualExecutions="0" ActualExecutionMode="Row"></RunTimeCountersPerThread></RunTimeInformation><Assert StartupExpression="0"><RelOp NodeId="35" PhysicalOp="Stream Aggregate" LogicalOp="Aggregate" EstimateRows="1" EstimateIO="0" EstimateCPU="1.1e-06" AvgRowSize="19" EstimatedTotalSubtreeCost="31.0572" Parallel="1" EstimateRebinds="34983.9" EstimateRewinds="0" EstimatedExecutionMode="Row"><OutputList><ColumnReference Column="Expr1045"></ColumnReference><ColumnReference Column="Expr1046"></ColumnReference></OutputList><RunTimeInformation><RunTimeCountersPerThread Thread="12" ActualRows="6103" Batches="0" ActualElapsedms="2252" ActualCPUms="52" ActualEndOfScans="4908" ActualExecutions="6103" ActualExecutionMode="Row"></RunTimeCountersPerThread><RunTimeCountersPerThread Thread="11" ActualRows="7398" Batches="0" ActualElapsedms="2273" ActualCPUms="73" ActualEndOfScans="5949" ActualExecutions="7398" ActualExecutionMode="Row"></RunTimeCountersPerThread><RunTimeCountersPerThread Thread="10" ActualRows="6116" Batches="0" ActualElapsedms="2268" ActualCPUms="68" ActualEndOfScans="4883" ActualExecutions="6116" ActualExecutionMode="Row"></RunTimeCountersPerThread><RunTimeCountersPerThread Thread="9" ActualRows="4490" Batches="0" ActualElapsedms="2262" ActualCPUms="63" ActualEndOfScans="3586" ActualExecutions="4490" ActualExecutionMode="Row"></RunTimeCountersPerThread><RunTimeCountersPerThread Thread="8" ActualRows="6285" Batches="0" ActualElapsedms="2278" ActualCPUms="78" ActualEndOfScans="5002" ActualExecutions="6285" ActualExecutionMode="Row"></RunTimeCountersPerThread><RunTimeCountersPerThread Thread="7" ActualRows="5949" Batches="0" ActualElapsedms="2279" ActualCPUms="2279" ActualEndOfScans="4752" ActualExecutions="5949" ActualExecutionMode="Row"></RunTimeCountersPerThread><RunTimeCountersPerThread Thread="6" ActualRows="6272" Batches="0" ActualElapsedms="2280" ActualCPUms="80" ActualEndOfScans="5002" ActualExecutions="6272" ActualExecutionMode="Row"></RunTimeCountersPerThread><RunTimeCountersPerThread Thread="5" ActualRows="5883" Batches="0" ActualElapsedms="2268" ActualCPUms="68" ActualEndOfScans="4697" ActualExecutions="5883" ActualExecutionMode="Row"></RunTimeCountersPerThread><RunTimeCountersPerThread Thread="4" ActualRows="6355" Batches="0" ActualElapsedms="2266" ActualCPUms="66" ActualEndOfScans="5129" ActualExecutions="6355" ActualExecutionMode="Row"></RunTimeCountersPerThread><RunTimeCountersPerThread Thread="3" ActualRows="5973" Batches="0" ActualElapsedms="2272" ActualCPUms="72" ActualEndOfScans="4795" ActualExecutions="5973" ActualExecutionMode="Row"></RunTimeCountersPerThread><RunTimeCountersPerThread Thread="2" ActualRows="6079" Batches="0" ActualElapsedms="2283" ActualCPUms="83" ActualEndOfScans="4887" ActualExecutions="6079" ActualExecutionMode="Row"></RunTimeCountersPerThread><RunTimeCountersPerThread Thread="1" ActualRows="6145" Batches="0" ActualElapsedms="2273" ActualCPUms="74" ActualEndOfScans="4901" ActualExecutions="6145" ActualExecutionMode="Row"></RunTimeCountersPerThread><RunTimeCountersPerThread Thread="0" ActualRows="0" Batches="0" ActualElapsedms="0" ActualCPUms="0" ActualEndOfScans="0" ActualExecutions="0" ActualExecutionMode="Row"></RunTimeCountersPerThread></RunTimeInformation><StreamAggregate><DefinedValues><DefinedValue><ColumnReference Column="Expr1045"></ColumnReference><ScalarOperator ScalarString="Count(*)"><Aggregate AggType="countstar" Distinct="0"></Aggregate></ScalarOperator></DefinedValue><DefinedValue><ColumnReference Column="Expr1046"></ColumnReference><ScalarOperator ScalarString="ANY([tpch].[dbo].[nation].[N_RegionKey] as [n].[N_RegionKey])"><Aggregate Distinct="0" AggType="ANY"><ScalarOperator><Identifier><ColumnReference Database="[tpch]" Schema="[dbo]" Table="[nation]" Alias="[n]" Column="N_RegionKey"></ColumnReference></Identifier></ScalarOperator></Aggregate></ScalarOperator></DefinedValue></DefinedValues><RelOp NodeId="36" PhysicalOp="Nested Loops" LogicalOp="Inner Join" EstimateRows="1" EstimateIO="0" EstimateCPU="4.18e-06" AvgRowSize="11" EstimatedTotalSubtreeCost="31.0572" Parallel="1" EstimateRebinds="34983.9" EstimateRewinds="0" EstimatedExecutionMode="Row"><OutputList><ColumnReference Database="[tpch]" Schema="[dbo]" Table="[nation]" Alias="[n]" Column="N_RegionKey"></ColumnReference></OutputList><RunTimeInformation><RunTimeCountersPerThread Thread="12" ActualRows="6103" Batches="0" ActualElapsedms="2251" ActualCPUms="51" ActualEndOfScans="6103" ActualExecutions="6103" ActualExecutionMode="Row"></RunTimeCountersPerThread><RunTimeCountersPerThread Thread="11" ActualRows="7398" Batches="0" ActualElapsedms="2271" ActualCPUms="71" ActualEndOfScans="7398" ActualExecutions="7398" ActualExecutionMode="Row"></RunTimeCountersPerThread><RunTimeCountersPerThread Thread="10" ActualRows="6116" Batches="0" ActualElapsedms="2266" ActualCPUms="66" ActualEndOfScans="6116" ActualExecutions="6116" ActualExecutionMode="Row"></RunTimeCountersPerThread><RunTimeCountersPerThread Thread="9" ActualRows="4490" Batches="0" ActualElapsedms="2261" ActualCPUms="62" ActualEndOfScans="4490" ActualExecutions="4490" ActualExecutionMode="Row"></RunTimeCountersPerThread><RunTimeCountersPerThread Thread="8" ActualRows="6285" Batches="0" ActualElapsedms="2276" ActualCPUms="76" ActualEndOfScans="6285" ActualExecutions="6285" ActualExecutionMode="Row"></RunTimeCountersPerThread><RunTimeCountersPerThread Thread="7" ActualRows="5949" Batches="0" ActualElapsedms="2277" ActualCPUms="2277" ActualEndOfScans="5949" ActualExecutions="5949" ActualExecutionMode="Row"></RunTimeCountersPerThread><RunTimeCountersPerThread Thread="6" ActualRows="6272" Batches="0" ActualElapsedms="2278" ActualCPUms="78" ActualEndOfScans="6272" ActualExecutions="6272" ActualExecutionMode="Row"></RunTimeCountersPerThread><RunTimeCountersPerThread Thread="5" ActualRows="5883" Batches="0" ActualElapsedms="2266" ActualCPUms="66" ActualEndOfScans="5883" ActualExecutions="5883" ActualExecutionMode="Row"></RunTimeCountersPerThread><RunTimeCountersPerThread Thread="4" ActualRows="6355" Batches="0" ActualElapsedms="2264" ActualCPUms="64" ActualEndOfScans="6355" ActualExecutions="6355" ActualExecutionMode="Row"></RunTimeCountersPerThread><RunTimeCountersPerThread Thread="3" ActualRows="5973" Batches="0" ActualElapsedms="2270" ActualCPUms="70" ActualEndOfScans="5973" ActualExecutions="5973" ActualExecutionMode="Row"></RunTimeCountersPerThread><RunTimeCountersPerThread Thread="2" ActualRows="6079" Batches="0" ActualElapsedms="2280" ActualCPUms="80" ActualEndOfScans="6079" ActualExecutions="6079" ActualExecutionMode="Row"></RunTimeCountersPerThread><RunTimeCountersPerThread Thread="1" ActualRows="6145" Batches="0" ActualElapsedms="2271" ActualCPUms="72" ActualEndOfScans="6145" ActualExecutions="6145" ActualExecutionMode="Row"></RunTimeCountersPerThread><RunTimeCountersPerThread Thread="0" ActualRows="0" Batches="0" ActualElapsedms="0" ActualCPUms="0" ActualEndOfScans="0" ActualExecutions="0" ActualExecutionMode="Row"></RunTimeCountersPerThread></RunTimeInformation><NestedLoops Optimized="0"><OuterReferences><ColumnReference Database="[tpch]" Schema="[dbo]" Table="[customer]" Alias="[c]" Column="C_NationKey"></ColumnReference></OuterReferences><RelOp NodeId="37" PhysicalOp="Nested Loops" LogicalOp="Inner Join" EstimateRows="1" EstimateIO="0" EstimateCPU="4.18e-06" AvgRowSize="11" EstimatedTotalSubtreeCost="31.0572" Parallel="1" EstimateRebinds="34983.9" EstimateRewinds="0" EstimatedExecutionMode="Row"><OutputList><ColumnReference Database="[tpch]" Schema="[dbo]" Table="[customer]" Alias="[c]" Column="C_NationKey"></ColumnReference></OutputList><RunTimeInformation><RunTimeCountersPerThread Thread="12" ActualRows="6103" Batches="0" ActualElapsedms="2237" ActualCPUms="37" ActualEndOfScans="6103" ActualExecutions="6103" ActualExecutionMode="Row"></RunTimeCountersPerThread><RunTimeCountersPerThread Thread="11" ActualRows="7398" Batches="0" ActualElapsedms="2256" ActualCPUms="56" ActualEndOfScans="7398" ActualExecutions="7398" ActualExecutionMode="Row"></RunTimeCountersPerThread><RunTimeCountersPerThread Thread="10" ActualRows="6116" Batches="0" ActualElapsedms="2251" ActualCPUms="51" ActualEndOfScans="6116" ActualExecutions="6116" ActualExecutionMode="Row"></RunTimeCountersPerThread><RunTimeCountersPerThread Thread="9" ActualRows="4490" Batches="0" ActualElapsedms="2250" ActualCPUms="51" ActualEndOfScans="4490" ActualExecutions="4490" ActualExecutionMode="Row"></RunTimeCountersPerThread><RunTimeCountersPerThread Thread="8" ActualRows="6285" Batches="0" ActualElapsedms="2260" ActualCPUms="60" ActualEndOfScans="6285" ActualExecutions="6285" ActualExecutionMode="Row"></RunTimeCountersPerThread><RunTimeCountersPerThread Thread="7" ActualRows="5949" Batches="0" ActualElapsedms="2258" ActualCPUms="2258" ActualEndOfScans="5949" ActualExecutions="5949" ActualExecutionMode="Row"></RunTimeCountersPerThread><RunTimeCountersPerThread Thread="6" ActualRows="6272" Batches="0" ActualElapsedms="2258" ActualCPUms="58" ActualEndOfScans="6272" ActualExecutions="6272" ActualExecutionMode="Row"></RunTimeCountersPerThread><RunTimeCountersPerThread Thread="5" ActualRows="5883" Batches="0" ActualElapsedms="2251" ActualCPUms="51" ActualEndOfScans="5883" ActualExecutions="5883" ActualExecutionMode="Row"></RunTimeCountersPerThread><RunTimeCountersPerThread Thread="4" ActualRows="6355" Batches="0" ActualElapsedms="2248" ActualCPUms="49" ActualEndOfScans="6355" ActualExecutions="6355" ActualExecutionMode="Row"></RunTimeCountersPerThread><RunTimeCountersPerThread Thread="3" ActualRows="5973" Batches="0" ActualElapsedms="2255" ActualCPUms="55" ActualEndOfScans="5973" ActualExecutions="5973" ActualExecutionMode="Row"></RunTimeCountersPerThread><RunTimeCountersPerThread Thread="2" ActualRows="6079" Batches="0" ActualElapsedms="2261" ActualCPUms="61" ActualEndOfScans="6079" ActualExecutions="6079" ActualExecutionMode="Row"></RunTimeCountersPerThread><RunTimeCountersPerThread Thread="1" ActualRows="6145" Batches="0" ActualElapsedms="2252" ActualCPUms="53" ActualEndOfScans="6145" ActualExecutions="6145" ActualExecutionMode="Row"></RunTimeCountersPerThread><RunTimeCountersPerThread Thread="0" ActualRows="0" Batches="0" ActualElapsedms="0" ActualCPUms="0" ActualEndOfScans="0" ActualExecutions="0" ActualExecutionMode="Row"></RunTimeCountersPerThread></RunTimeInformation><NestedLoops Optimized="0"><OuterReferences><ColumnReference Database="[tpch]" Schema="[dbo]" Table="[orders]" Alias="[o]" Column="O_CustKey"></ColumnReference></OuterReferences><RelOp NodeId="38" PhysicalOp="Index Spool" LogicalOp="Eager Spool" EstimateRows="1" EstimateIO="28.9658" EstimateCPU="1.50026" AvgRowSize="11" EstimatedTotalSubtreeCost="31.0572" Parallel="1" EstimateRebinds="34983.9" EstimateRewinds="0" EstimatedExecutionMode="Row"><OutputList><ColumnReference Database="[tpch]" Schema="[dbo]" Table="[orders]" Alias="[o]" Column="O_CustKey"></ColumnReference></OutputList><RunTimeInformation><RunTimeCountersPerThread Thread="12" ActualRows="6103" Batches="0" ActualElapsedms="2212" ActualCPUms="12" ActualScans="0" ActualLogicalReads="0" ActualPhysicalReads="0" ActualReadAheads="0" ActualLobLogicalReads="0" ActualLobPhysicalReads="0" ActualLobReadAheads="0" ActualRebinds="1" ActualRewinds="6102" ActualEndOfScans="6103" ActualExecutions="6103" ActualExecutionMode="Row"></RunTimeCountersPerThread><RunTimeCountersPerThread Thread="11" ActualRows="7398" Batches="0" ActualElapsedms="2214" ActualCPUms="14" ActualScans="0" ActualLogicalReads="0" ActualPhysicalReads="0" ActualReadAheads="0" ActualLobLogicalReads="0" ActualLobPhysicalReads="0" ActualLobReadAheads="0" ActualRebinds="1" ActualRewinds="7397" ActualEndOfScans="7398" ActualExecutions="7398" ActualExecutionMode="Row"></RunTimeCountersPerThread><RunTimeCountersPerThread Thread="10" ActualRows="6116" Batches="0" ActualElapsedms="2216" ActualCPUms="16" ActualScans="0" ActualLogicalReads="0" ActualPhysicalReads="0" ActualReadAheads="0" ActualLobLogicalReads="0" ActualLobPhysicalReads="0" ActualLobReadAheads="0" ActualRebinds="1" ActualRewinds="6115" ActualEndOfScans="6116" ActualExecutions="6116" ActualExecutionMode="Row"></RunTimeCountersPerThread><RunTimeCountersPerThread Thread="9" ActualRows="4490" Batches="0" ActualElapsedms="2212" ActualCPUms="13" ActualScans="0" ActualLogicalReads="0" ActualPhysicalReads="0" ActualReadAheads="0" ActualLobLogicalReads="0" ActualLobPhysicalReads="0" ActualLobReadAheads="0" ActualRebinds="1" ActualRewinds="4489" ActualEndOfScans="4490" ActualExecutions="4490" ActualExecutionMode="Row"></RunTimeCountersPerThread><RunTimeCountersPerThread Thread="8" ActualRows="6285" Batches="0" ActualElapsedms="2221" ActualCPUms="21" ActualScans="0" ActualLogicalReads="0" ActualPhysicalReads="0" ActualReadAheads="0" ActualLobLogicalReads="0" ActualLobPhysicalReads="0" ActualLobReadAheads="0" ActualRebinds="1" ActualRewinds="6284" ActualEndOfScans="6285" ActualExecutions="6285" ActualExecutionMode="Row"></RunTimeCountersPerThread><RunTimeCountersPerThread Thread="7" ActualRows="5949" Batches="0" ActualElapsedms="2218" ActualCPUms="2217" ActualScans="0" ActualLogicalReads="0" ActualPhysicalReads="0" ActualReadAheads="0" ActualLobLogicalReads="0" ActualLobPhysicalReads="0" ActualLobReadAheads="0" ActualRebinds="1" ActualRewinds="5948" ActualEndOfScans="5949" ActualExecutions="5949" ActualExecutionMode="Row"></RunTimeCountersPerThread><RunTimeCountersPerThread Thread="6" ActualRows="6272" Batches="0" ActualElapsedms="2221" ActualCPUms="21" ActualScans="0" ActualLogicalReads="0" ActualPhysicalReads="0" ActualReadAheads="0" ActualLobLogicalReads="0" ActualLobPhysicalReads="0" ActualLobReadAheads="0" ActualRebinds="1" ActualRewinds="6271" ActualEndOfScans="6272" ActualExecutions="6272" ActualExecutionMode="Row"></RunTimeCountersPerThread><RunTimeCountersPerThread Thread="5" ActualRows="5883" Batches="0" ActualElapsedms="2219" ActualCPUms="20" ActualScans="0" ActualLogicalReads="0" ActualPhysicalReads="0" ActualReadAheads="0" ActualLobLogicalReads="0" ActualLobPhysicalReads="0" ActualLobReadAheads="0" ActualRebinds="1" ActualRewinds="5882" ActualEndOfScans="5883" ActualExecutions="5883" ActualExecutionMode="Row"></RunTimeCountersPerThread><RunTimeCountersPerThread Thread="4" ActualRows="6355" Batches="0" ActualElapsedms="2220" ActualCPUms="20" ActualScans="0" ActualLogicalReads="0" ActualPhysicalReads="0" ActualReadAheads="0" ActualLobLogicalReads="0" ActualLobPhysicalReads="0" ActualLobReadAheads="0" ActualRebinds="1" ActualRewinds="6354" ActualEndOfScans="6355" ActualExecutions="6355" ActualExecutionMode="Row"></RunTimeCountersPerThread><RunTimeCountersPerThread Thread="3" ActualRows="5973" Batches="0" ActualElapsedms="2218" ActualCPUms="19" ActualScans="0" ActualLogicalReads="0" ActualPhysicalReads="0" ActualReadAheads="0" ActualLobLogicalReads="0" ActualLobPhysicalReads="0" ActualLobReadAheads="0" ActualRebinds="1" ActualRewinds="5972" ActualEndOfScans="5973" ActualExecutions="5973" ActualExecutionMode="Row"></RunTimeCountersPerThread><RunTimeCountersPerThread Thread="2" ActualRows="6079" Batches="0" ActualElapsedms="2219" ActualCPUms="20" ActualScans="0" ActualLogicalReads="0" ActualPhysicalReads="0" ActualReadAheads="0" ActualLobLogicalReads="0" ActualLobPhysicalReads="0" ActualLobReadAheads="0" ActualRebinds="1" ActualRewinds="6078" ActualEndOfScans="6079" ActualExecutions="6079" ActualExecutionMode="Row"></RunTimeCountersPerThread><RunTimeCountersPerThread Thread="1" ActualRows="6145" Batches="0" ActualElapsedms="2217" ActualCPUms="18" ActualScans="0" ActualLogicalReads="0" ActualPhysicalReads="0" ActualReadAheads="0" ActualLobLogicalReads="0" ActualLobPhysicalReads="0" ActualLobReadAheads="0" ActualRebinds="1" ActualRewinds="6144" ActualEndOfScans="6145" ActualExecutions="6145" ActualExecutionMode="Row"></RunTimeCountersPerThread><RunTimeCountersPerThread Thread="0" ActualRows="0" Batches="0" ActualElapsedms="0" ActualCPUms="0" ActualScans="0" ActualLogicalReads="0" ActualPhysicalReads="0" ActualReadAheads="0" ActualLobLogicalReads="0" ActualLobPhysicalReads="0" ActualLobReadAheads="0" ActualRebinds="0" ActualRewinds="0" ActualEndOfScans="0" ActualExecutions="0" ActualExecutionMode="Row"></RunTimeCountersPerThread></RunTimeInformation><Spool><SeekPredicateNew><SeekKeys><Prefix ScanType="EQ"><RangeColumns><ColumnReference Database="[tpch]" Schema="[dbo]" Table="[orders]" Alias="[o]" Column="O_OrderKey"></ColumnReference></RangeColumns><RangeExpressions><ScalarOperator ScalarString="CONVERT_IMPLICIT(bigint,[tpch].[dbo].[lineitem].[L_OrderKey] as [l1].[L_OrderKey],0)"><Convert DataType="bigint" Style="0" Implicit="1"><ScalarOperator><Identifier><ColumnReference Database="[tpch]" Schema="[dbo]" Table="[lineitem]" Alias="[l1]" Column="L_OrderKey"></ColumnReference></Identifier></ScalarOperator></Convert></ScalarOperator></RangeExpressions></Prefix></SeekKeys></SeekPredicateNew><RelOp NodeId="39" PhysicalOp="Index Scan" LogicalOp="Index Scan" EstimateRows="1.5e+06" EstimatedRowsRead="1.5e+06" EstimateIO="1.92831" EstimateCPU="1.65016" AvgRowSize="15" EstimatedTotalSubtreeCost="3.57847" TableCardinality="1.5e+06" Parallel="1" EstimateRebinds="0" EstimateRewinds="0" EstimatedExecutionMode="Row"><OutputList><ColumnReference Database="[tpch]" Schema="[dbo]" Table="[orders]" Alias="[o]" Column="O_OrderKey"></ColumnReference><ColumnReference Database="[tpch]" Schema="[dbo]" Table="[orders]" Alias="[o]" Column="O_CustKey"></ColumnReference></OutputList><RunTimeInformation><RunTimeCountersPerThread Thread="12" ActualRows="0" Batches="0" ActualElapsedms="0" ActualCPUms="0" ActualScans="0" ActualLogicalReads="0" ActualPhysicalReads="0" ActualReadAheads="0" ActualLobLogicalReads="0" ActualLobPhysicalReads="0" ActualLobReadAheads="0" ActualEndOfScans="0" ActualExecutions="0" ActualExecutionMode="Row"></RunTimeCountersPerThread><RunTimeCountersPerThread Thread="11" ActualRows="0" Batches="0" ActualElapsedms="0" ActualCPUms="0" ActualScans="0" ActualLogicalReads="0" ActualPhysicalReads="0" ActualReadAheads="0" ActualLobLogicalReads="0" ActualLobPhysicalReads="0" ActualLobReadAheads="0" ActualEndOfScans="0" ActualExecutions="0" ActualExecutionMode="Row"></RunTimeCountersPerThread><RunTimeCountersPerThread Thread="10" ActualRows="0" Batches="0" ActualElapsedms="0" ActualCPUms="0" ActualScans="0" ActualLogicalReads="0" ActualPhysicalReads="0" ActualReadAheads="0" ActualLobLogicalReads="0" ActualLobPhysicalReads="0" ActualLobReadAheads="0" ActualEndOfScans="0" ActualExecutions="0" ActualExecutionMode="Row"></RunTimeCountersPerThread><RunTimeCountersPerThread Thread="9" ActualRows="0" Batches="0" ActualElapsedms="0" ActualCPUms="0" ActualScans="0" ActualLogicalReads="0" ActualPhysicalReads="0" ActualReadAheads="0" ActualLobLogicalReads="0" ActualLobPhysicalReads="0" ActualLobReadAheads="0" ActualEndOfScans="0" ActualExecutions="0" ActualExecutionMode="Row"></RunTimeCountersPerThread><RunTimeCountersPerThread Thread="8" ActualRows="0" Batches="0" ActualElapsedms="0" ActualCPUms="0" ActualScans="0" ActualLogicalReads="0" ActualPhysicalReads="0" ActualReadAheads="0" ActualLobLogicalReads="0" ActualLobPhysicalReads="0" ActualLobReadAheads="0" ActualEndOfScans="0" ActualExecutions="0" ActualExecutionMode="Row"></RunTimeCountersPerThread><RunTimeCountersPerThread Thread="7" ActualRows="1500000" Batches="0" ActualElapsedms="126" ActualCPUms="126" ActualScans="1" ActualLogicalReads="2614" ActualPhysicalReads="0" ActualReadAheads="0" ActualLobLogicalReads="0" ActualLobPhysicalReads="0" ActualLobReadAheads="0" ActualRowsRead="1500000" ActualEndOfScans="1" ActualExecutions="1" ActualExecutionMode="Row"></RunTimeCountersPerThread><RunTimeCountersPerThread Thread="6" ActualRows="0" Batches="0" ActualElapsedms="0" ActualCPUms="0" ActualScans="0" ActualLogicalReads="0" ActualPhysicalReads="0" ActualReadAheads="0" ActualLobLogicalReads="0" ActualLobPhysicalReads="0" ActualLobReadAheads="0" ActualEndOfScans="0" ActualExecutions="0" ActualExecutionMode="Row"></RunTimeCountersPerThread><RunTimeCountersPerThread Thread="5" ActualRows="0" Batches="0" ActualElapsedms="0" ActualCPUms="0" ActualScans="0" ActualLogicalReads="0" ActualPhysicalReads="0" ActualReadAheads="0" ActualLobLogicalReads="0" ActualLobPhysicalReads="0" ActualLobReadAheads="0" ActualEndOfScans="0" ActualExecutions="0" ActualExecutionMode="Row"></RunTimeCountersPerThread><RunTimeCountersPerThread Thread="4" ActualRows="0" Batches="0" ActualElapsedms="0" ActualCPUms="0" ActualScans="0" ActualLogicalReads="0" ActualPhysicalReads="0" ActualReadAheads="0" ActualLobLogicalReads="0" ActualLobPhysicalReads="0" ActualLobReadAheads="0" ActualEndOfScans="0" ActualExecutions="0" ActualExecutionMode="Row"></RunTimeCountersPerThread><RunTimeCountersPerThread Thread="3" ActualRows="0" Batches="0" ActualElapsedms="0" ActualCPUms="0" ActualScans="0" ActualLogicalReads="0" ActualPhysicalReads="0" ActualReadAheads="0" ActualLobLogicalReads="0" ActualLobPhysicalReads="0" ActualLobReadAheads="0" ActualEndOfScans="0" ActualExecutions="0" ActualExecutionMode="Row"></RunTimeCountersPerThread><RunTimeCountersPerThread Thread="2" ActualRows="0" Batches="0" ActualElapsedms="0" ActualCPUms="0" ActualScans="0" ActualLogicalReads="0" ActualPhysicalReads="0" ActualReadAheads="0" ActualLobLogicalReads="0" ActualLobPhysicalReads="0" ActualLobReadAheads="0" ActualEndOfScans="0" ActualExecutions="0" ActualExecutionMode="Row"></RunTimeCountersPerThread><RunTimeCountersPerThread Thread="1" ActualRows="0" Batches="0" ActualElapsedms="0" ActualCPUms="0" ActualScans="0" ActualLogicalReads="0" ActualPhysicalReads="0" ActualReadAheads="0" ActualLobLogicalReads="0" ActualLobPhysicalReads="0" ActualLobReadAheads="0" ActualEndOfScans="0" ActualExecutions="0" ActualExecutionMode="Row"></RunTimeCountersPerThread><RunTimeCountersPerThread Thread="0" ActualRows="0" Batches="0" ActualElapsedms="0" ActualCPUms="0" ActualScans="0" ActualLogicalReads="0" ActualPhysicalReads="0" ActualReadAheads="0" ActualLobLogicalReads="0" ActualLobPhysicalReads="0" ActualLobReadAheads="0" ActualEndOfScans="0" ActualExecutions="0" ActualExecutionMode="Row"></RunTimeCountersPerThread></RunTimeInformation><IndexScan Ordered="0" ForcedIndex="0" ForceSeek="0" ForceScan="0" NoExpandHint="0" Storage="RowStore"><DefinedValues><DefinedValue><ColumnReference Database="[tpch]" Schema="[dbo]" Table="[orders]" Alias="[o]" Column="O_OrderKey"></ColumnReference></DefinedValue><DefinedValue><ColumnReference Database="[tpch]" Schema="[dbo]" Table="[orders]" Alias="[o]" Column="O_CustKey"></ColumnReference></DefinedValue></DefinedValues><Object Database="[tpch]" Schema="[dbo]" Table="[orders]" Index="[&lt;Name of Missing Index, sysname,&gt;]" Alias="[o]" TableReferenceId="1" IndexKind="NonClustered" Storage="RowStore"></Object></IndexScan></RelOp></Spool></RelOp><RelOp NodeId="40" PhysicalOp="Clustered Index Seek" LogicalOp="Clustered Index Seek" EstimateRows="1" EstimatedRowsRead="1" EstimateIO="0.003125" EstimateCPU="0.0001581" AvgRowSize="11" EstimatedTotalSubtreeCost="7.56969" TableCardinality="150000" Parallel="1" EstimateRebinds="34983.9" EstimateRewinds="0" EstimatedExecutionMode="Row"><OutputList><ColumnReference Database="[tpch]" Schema="[dbo]" Table="[customer]" Alias="[c]" Column="C_NationKey"></ColumnReference></OutputList><RunTimeInformation><RunTimeCountersPerThread Thread="12" ActualRows="6103" Batches="0" ActualElapsedms="22" ActualCPUms="22" ActualScans="0" ActualLogicalReads="18309" ActualPhysicalReads="0" ActualReadAheads="0" ActualLobLogicalReads="0" ActualLobPhysicalReads="0" ActualLobReadAheads="0" ActualRowsRead="6103" ActualEndOfScans="0" ActualExecutions="6103" ActualExecutionMode="Row"></RunTimeCountersPerThread><RunTimeCountersPerThread Thread="11" ActualRows="7398" Batches="0" ActualElapsedms="38" ActualCPUms="38" ActualScans="0" ActualLogicalReads="22194" ActualPhysicalReads="0" ActualReadAheads="0" ActualLobLogicalReads="0" ActualLobPhysicalReads="0" ActualLobReadAheads="0" ActualRowsRead="7398" ActualEndOfScans="0" ActualExecutions="7398" ActualExecutionMode="Row"></RunTimeCountersPerThread><RunTimeCountersPerThread Thread="10" ActualRows="6116" Batches="0" ActualElapsedms="32" ActualCPUms="32" ActualScans="0" ActualLogicalReads="18348" ActualPhysicalReads="0" ActualReadAheads="0" ActualLobLogicalReads="0" ActualLobPhysicalReads="0" ActualLobReadAheads="0" ActualRowsRead="6116" ActualEndOfScans="0" ActualExecutions="6116" ActualExecutionMode="Row"></RunTimeCountersPerThread><RunTimeCountersPerThread Thread="9" ActualRows="4490" Batches="0" ActualElapsedms="35" ActualCPUms="35" ActualScans="0" ActualLogicalReads="13470" ActualPhysicalReads="0" ActualReadAheads="0" ActualLobLogicalReads="0" ActualLobPhysicalReads="0" ActualLobReadAheads="0" ActualRowsRead="4490" ActualEndOfScans="0" ActualExecutions="4490" ActualExecutionMode="Row"></RunTimeCountersPerThread><RunTimeCountersPerThread Thread="8" ActualRows="6285" Batches="0" ActualElapsedms="36" ActualCPUms="36" ActualScans="0" ActualLogicalReads="18855" ActualPhysicalReads="0" ActualReadAheads="0" ActualLobLogicalReads="0" ActualLobPhysicalReads="0" ActualLobReadAheads="0" ActualRowsRead="6285" ActualEndOfScans="0" ActualExecutions="6285" ActualExecutionMode="Row"></RunTimeCountersPerThread><RunTimeCountersPerThread Thread="7" ActualRows="5949" Batches="0" ActualElapsedms="37" ActualCPUms="37" ActualScans="0" ActualLogicalReads="17847" ActualPhysicalReads="0" ActualReadAheads="0" ActualLobLogicalReads="0" ActualLobPhysicalReads="0" ActualLobReadAheads="0" ActualRowsRead="5949" ActualEndOfScans="0" ActualExecutions="5949" ActualExecutionMode="Row"></RunTimeCountersPerThread><RunTimeCountersPerThread Thread="6" ActualRows="6272" Batches="0" ActualElapsedms="34" ActualCPUms="34" ActualScans="0" ActualLogicalReads="18816" ActualPhysicalReads="0" ActualReadAheads="0" ActualLobLogicalReads="0" ActualLobPhysicalReads="0" ActualLobReadAheads="0" ActualRowsRead="6272" ActualEndOfScans="0" ActualExecutions="6272" ActualExecutionMode="Row"></RunTimeCountersPerThread><RunTimeCountersPerThread Thread="5" ActualRows="5883" Batches="0" ActualElapsedms="28" ActualCPUms="28" ActualScans="0" ActualLogicalReads="17649" ActualPhysicalReads="0" ActualReadAheads="0" ActualLobLogicalReads="0" ActualLobPhysicalReads="0" ActualLobReadAheads="0" ActualRowsRead="5883" ActualEndOfScans="0" ActualExecutions="5883" ActualExecutionMode="Row"></RunTimeCountersPerThread><RunTimeCountersPerThread Thread="4" ActualRows="6355" Batches="0" ActualElapsedms="25" ActualCPUms="25" ActualScans="0" ActualLogicalReads="19065" ActualPhysicalReads="0" ActualReadAheads="0" ActualLobLogicalReads="0" ActualLobPhysicalReads="0" ActualLobReadAheads="0" ActualRowsRead="6355" ActualEndOfScans="0" ActualExecutions="6355" ActualExecutionMode="Row"></RunTimeCountersPerThread><RunTimeCountersPerThread Thread="3" ActualRows="5973" Batches="0" ActualElapsedms="33" ActualCPUms="33" ActualScans="0" ActualLogicalReads="17919" ActualPhysicalReads="0" ActualReadAheads="0" ActualLobLogicalReads="0" ActualLobPhysicalReads="0" ActualLobReadAheads="0" ActualRowsRead="5973" ActualEndOfScans="0" ActualExecutions="5973" ActualExecutionMode="Row"></RunTimeCountersPerThread><RunTimeCountersPerThread Thread="2" ActualRows="6079" Batches="0" ActualElapsedms="38" ActualCPUms="38" ActualScans="0" ActualLogicalReads="18237" ActualPhysicalReads="0" ActualReadAheads="0" ActualLobLogicalReads="0" ActualLobPhysicalReads="0" ActualLobReadAheads="0" ActualRowsRead="6079" ActualEndOfScans="0" ActualExecutions="6079" ActualExecutionMode="Row"></RunTimeCountersPerThread><RunTimeCountersPerThread Thread="1" ActualRows="6145" Batches="0" ActualElapsedms="32" ActualCPUms="32" ActualScans="0" ActualLogicalReads="18435" ActualPhysicalReads="0" ActualReadAheads="0" ActualLobLogicalReads="0" ActualLobPhysicalReads="0" ActualLobReadAheads="0" ActualRowsRead="6145" ActualEndOfScans="0" ActualExecutions="6145" ActualExecutionMode="Row"></RunTimeCountersPerThread><RunTimeCountersPerThread Thread="0" ActualRows="0" Batches="0" ActualElapsedms="0" ActualCPUms="0" ActualScans="0" ActualLogicalReads="0" ActualPhysicalReads="0" ActualReadAheads="0" ActualLobLogicalReads="0" ActualLobPhysicalReads="0" ActualLobReadAheads="0" ActualEndOfScans="0" ActualExecutions="0" ActualExecutionMode="Row"></RunTimeCountersPerThread></RunTimeInformation><IndexScan Ordered="1" ScanDirection="FORWARD" ForcedIndex="0" ForceSeek="0" ForceScan="0" NoExpandHint="0" Storage="RowStore"><DefinedValues><DefinedValue><ColumnReference Database="[tpch]" Schema="[dbo]" Table="[customer]" Alias="[c]" Column="C_NationKey"></ColumnReference></DefinedValue></DefinedValues><Object Database="[tpch]" Schema="[dbo]" Table="[customer]" Index="[PK__customer__48695B7174053BCB]" Alias="[c]" TableReferenceId="1" IndexKind="Clustered" Storage="RowStore"></Object><SeekPredicates><SeekPredicateNew><SeekKeys><Prefix ScanType="EQ"><RangeColumns><ColumnReference Database="[tpch]" Schema="[dbo]" Table="[customer]" Alias="[c]" Column="C_CustKey"></ColumnReference></RangeColumns><RangeExpressions><ScalarOperator ScalarString="[tpch].[dbo].[orders].[O_CustKey] as [o].[O_CustKey]"><Identifier><ColumnReference Database="[tpch]" Schema="[dbo]" Table="[orders]" Alias="[o]" Column="O_CustKey"></ColumnReference></Identifier></ScalarOperator></RangeExpressions></Prefix></SeekKeys></SeekPredicateNew></SeekPredicates></IndexScan></RelOp></NestedLoops></RelOp><RelOp NodeId="41" PhysicalOp="Clustered Index Seek" LogicalOp="Clustered Index Seek" EstimateRows="1" EstimatedRowsRead="1" EstimateIO="0.003125" EstimateCPU="0.0001581" AvgRowSize="11" EstimatedTotalSubtreeCost="5.53424" TableCardinality="25" Parallel="1" EstimateRebinds="34983.9" EstimateRewinds="0" EstimatedExecutionMode="Row"><OutputList><ColumnReference Database="[tpch]" Schema="[dbo]" Table="[nation]" Alias="[n]" Column="N_RegionKey"></ColumnReference></OutputList><RunTimeInformation><RunTimeCountersPerThread Thread="12" ActualRows="6103" Batches="0" ActualElapsedms="9" ActualCPUms="9" ActualScans="0" ActualLogicalReads="12206" ActualPhysicalReads="0" ActualReadAheads="0" ActualLobLogicalReads="0" ActualLobPhysicalReads="0" ActualLobReadAheads="0" ActualRowsRead="6103" ActualEndOfScans="0" ActualExecutions="6103" ActualExecutionMode="Row"></RunTimeCountersPerThread><RunTimeCountersPerThread Thread="11" ActualRows="7398" Batches="0" ActualElapsedms="10" ActualCPUms="10" ActualScans="0" ActualLogicalReads="14796" ActualPhysicalReads="0" ActualReadAheads="0" ActualLobLogicalReads="0" ActualLobPhysicalReads="0" ActualLobReadAheads="0" ActualRowsRead="7398" ActualEndOfScans="0" ActualExecutions="7398" ActualExecutionMode="Row"></RunTimeCountersPerThread><RunTimeCountersPerThread Thread="10" ActualRows="6116" Batches="0" ActualElapsedms="9" ActualCPUms="9" ActualScans="0" ActualLogicalReads="12232" ActualPhysicalReads="0" ActualReadAheads="0" ActualLobLogicalReads="0" ActualLobPhysicalReads="0" ActualLobReadAheads="0" ActualRowsRead="6116" ActualEndOfScans="0" ActualExecutions="6116" ActualExecutionMode="Row"></RunTimeCountersPerThread><RunTimeCountersPerThread Thread="9" ActualRows="4490" Batches="0" ActualElapsedms="7" ActualCPUms="7" ActualScans="0" ActualLogicalReads="8980" ActualPhysicalReads="0" ActualReadAheads="0" ActualLobLogicalReads="0" ActualLobPhysicalReads="0" ActualLobReadAheads="0" ActualRowsRead="4490" ActualEndOfScans="0" ActualExecutions="4490" ActualExecutionMode="Row"></RunTimeCountersPerThread><RunTimeCountersPerThread Thread="8" ActualRows="6285" Batches="0" ActualElapsedms="10" ActualCPUms="10" ActualScans="0" ActualLogicalReads="12570" ActualPhysicalReads="0" ActualReadAheads="0" ActualLobLogicalReads="0" ActualLobPhysicalReads="0" ActualLobReadAheads="0" ActualRowsRead="6285" ActualEndOfScans="0" ActualExecutions="6285" ActualExecutionMode="Row"></RunTimeCountersPerThread><RunTimeCountersPerThread Thread="7" ActualRows="5949" Batches="0" ActualElapsedms="14" ActualCPUms="14" ActualScans="0" ActualLogicalReads="11898" ActualPhysicalReads="0" ActualReadAheads="0" ActualLobLogicalReads="0" ActualLobPhysicalReads="0" ActualLobReadAheads="0" ActualRowsRead="5949" ActualEndOfScans="0" ActualExecutions="5949" ActualExecutionMode="Row"></RunTimeCountersPerThread><RunTimeCountersPerThread Thread="6" ActualRows="6272" Batches="0" ActualElapsedms="15" ActualCPUms="15" ActualScans="0" ActualLogicalReads="12544" ActualPhysicalReads="0" ActualReadAheads="0" ActualLobLogicalReads="0" ActualLobPhysicalReads="0" ActualLobReadAheads="0" ActualRowsRead="6272" ActualEndOfScans="0" ActualExecutions="6272" ActualExecutionMode="Row"></RunTimeCountersPerThread><RunTimeCountersPerThread Thread="5" ActualRows="5883" Batches="0" ActualElapsedms="10" ActualCPUms="10" ActualScans="0" ActualLogicalReads="11766" ActualPhysicalReads="0" ActualReadAheads="0" ActualLobLogicalReads="0" ActualLobPhysicalReads="0" ActualLobReadAheads="0" ActualRowsRead="5883" ActualEndOfScans="0" ActualExecutions="5883" ActualExecutionMode="Row"></RunTimeCountersPerThread><RunTimeCountersPerThread Thread="4" ActualRows="6355" Batches="0" ActualElapsedms="10" ActualCPUms="10" ActualScans="0" ActualLogicalReads="12710" ActualPhysicalReads="0" ActualReadAheads="0" ActualLobLogicalReads="0" ActualLobPhysicalReads="0" ActualLobReadAheads="0" ActualRowsRead="6355" ActualEndOfScans="0" ActualExecutions="6355" ActualExecutionMode="Row"></RunTimeCountersPerThread><RunTimeCountersPerThread Thread="3" ActualRows="5973" Batches="0" ActualElapsedms="10" ActualCPUms="10" ActualScans="0" ActualLogicalReads="11946" ActualPhysicalReads="0" ActualReadAheads="0" ActualLobLogicalReads="0" ActualLobPhysicalReads="0" ActualLobReadAheads="0" ActualRowsRead="5973" ActualEndOfScans="0" ActualExecutions="5973" ActualExecutionMode="Row"></RunTimeCountersPerThread><RunTimeCountersPerThread Thread="2" ActualRows="6079" Batches="0" ActualElapsedms="14" ActualCPUms="14" ActualScans="0" ActualLogicalReads="12158" ActualPhysicalReads="0" ActualReadAheads="0" ActualLobLogicalReads="0" ActualLobPhysicalReads="0" ActualLobReadAheads="0" ActualRowsRead="6079" ActualEndOfScans="0" ActualExecutions="6079" ActualExecutionMode="Row"></RunTimeCountersPerThread><RunTimeCountersPerThread Thread="1" ActualRows="6145" Batches="0" ActualElapsedms="14" ActualCPUms="14" ActualScans="0" ActualLogicalReads="12290" ActualPhysicalReads="0" ActualReadAheads="0" ActualLobLogicalReads="0" ActualLobPhysicalReads="0" ActualLobReadAheads="0" ActualRowsRead="6145" ActualEndOfScans="0" ActualExecutions="6145" ActualExecutionMode="Row"></RunTimeCountersPerThread><RunTimeCountersPerThread Thread="0" ActualRows="0" Batches="0" ActualElapsedms="0" ActualCPUms="0" ActualScans="0" ActualLogicalReads="0" ActualPhysicalReads="0" ActualReadAheads="0" ActualLobLogicalReads="0" ActualLobPhysicalReads="0" ActualLobReadAheads="0" ActualEndOfScans="0" ActualExecutions="0" ActualExecutionMode="Row"></RunTimeCountersPerThread></RunTimeInformation><IndexScan Ordered="1" ScanDirection="FORWARD" ForcedIndex="0" ForceSeek="0" ForceScan="0" NoExpandHint="0" Storage="RowStore"><DefinedValues><DefinedValue><ColumnReference Database="[tpch]" Schema="[dbo]" Table="[nation]" Alias="[n]" Column="N_RegionKey"></ColumnReference></DefinedValue></DefinedValues><Object Database="[tpch]" Schema="[dbo]" Table="[nation]" Index="[PK__nation__BD377952AE350C6C]" Alias="[n]" TableReferenceId="1" IndexKind="Clustered" Storage="RowStore"></Object><SeekPredicates><SeekPredicateNew><SeekKeys><Prefix ScanType="EQ"><RangeColumns><ColumnReference Database="[tpch]" Schema="[dbo]" Table="[nation]" Alias="[n]" Column="N_NationKey"></ColumnReference></RangeColumns><RangeExpressions><ScalarOperator ScalarString="[tpch].[dbo].[customer].[C_NationKey] as [c].[C_NationKey]"><Identifier><ColumnReference Database="[tpch]" Schema="[dbo]" Table="[customer]" Alias="[c]" Column="C_NationKey"></ColumnReference></Identifier></ScalarOperator></RangeExpressions></Prefix></SeekKeys></SeekPredicateNew></SeekPredicates></IndexScan></RelOp></NestedLoops></RelOp></StreamAggregate></RelOp><Predicate><ScalarOperator ScalarString="CASE WHEN [Expr1045]&gt;(1) THEN (0) ELSE NULL END"><IF><Condition><ScalarOperator><Compare CompareOp="GT"><ScalarOperator><Identifier><ColumnReference Column="Expr1045"></ColumnReference></Identifier></ScalarOperator><ScalarOperator><Const ConstValue="(1)"></Const></ScalarOperator></Compare></ScalarOperator></Condition><Then><ScalarOperator><Const ConstValue="(0)"></Const></ScalarOperator></Then><Else><ScalarOperator><Const ConstValue="NULL"></Const></ScalarOperator></Else></IF></ScalarOperator></Predicate></Assert></RelOp><RelOp NodeId="42" PhysicalOp="Assert" LogicalOp="Assert" EstimateRows="1" EstimateIO="0" EstimateCPU="4.8e-07" AvgRowSize="11" EstimatedTotalSubtreeCost="11.27" Parallel="1" EstimateRebinds="0" EstimateRewinds="34983.9" EstimatedExecutionMode="Row"><OutputList><ColumnReference Column="Expr1048"></ColumnReference></OutputList><RunTimeInformation><RunTimeCountersPerThread Thread="12" ActualRows="6103" Batches="0" ActualElapsedms="46" ActualCPUms="46" ActualEndOfScans="4908" ActualExecutions="6103" ActualExecutionMode="Row"></RunTimeCountersPerThread><RunTimeCountersPerThread Thread="11" ActualRows="7398" Batches="0" ActualElapsedms="55" ActualCPUms="55" ActualEndOfScans="5949" ActualExecutions="7398" ActualExecutionMode="Row"></RunTimeCountersPerThread><RunTimeCountersPerThread Thread="10" ActualRows="6116" Batches="0" ActualElapsedms="48" ActualCPUms="48" ActualEndOfScans="4883" ActualExecutions="6116" ActualExecutionMode="Row"></RunTimeCountersPerThread><RunTimeCountersPerThread Thread="9" ActualRows="4490" Batches="0" ActualElapsedms="34" ActualCPUms="34" ActualEndOfScans="3586" ActualExecutions="4490" ActualExecutionMode="Row"></RunTimeCountersPerThread><RunTimeCountersPerThread Thread="8" ActualRows="6285" Batches="0" ActualElapsedms="47" ActualCPUms="47" ActualEndOfScans="5002" ActualExecutions="6285" ActualExecutionMode="Row"></RunTimeCountersPerThread><RunTimeCountersPerThread Thread="7" ActualRows="5949" Batches="0" ActualElapsedms="45" ActualCPUms="45" ActualEndOfScans="4752" ActualExecutions="5949" ActualExecutionMode="Row"></RunTimeCountersPerThread><RunTimeCountersPerThread Thread="6" ActualRows="6272" Batches="0" ActualElapsedms="46" ActualCPUms="46" ActualEndOfScans="5002" ActualExecutions="6272" ActualExecutionMode="Row"></RunTimeCountersPerThread><RunTimeCountersPerThread Thread="5" ActualRows="5883" Batches="0" ActualElapsedms="45" ActualCPUms="45" ActualEndOfScans="4697" ActualExecutions="5883" ActualExecutionMode="Row"></RunTimeCountersPerThread><RunTimeCountersPerThread Thread="4" ActualRows="6355" Batches="0" ActualElapsedms="56" ActualCPUms="56" ActualEndOfScans="5129" ActualExecutions="6355" ActualExecutionMode="Row"></RunTimeCountersPerThread><RunTimeCountersPerThread Thread="3" ActualRows="5973" Batches="0" ActualElapsedms="50" ActualCPUms="50" ActualEndOfScans="4795" ActualExecutions="5973" ActualExecutionMode="Row"></RunTimeCountersPerThread><RunTimeCountersPerThread Thread="2" ActualRows="6079" Batches="0" ActualElapsedms="42" ActualCPUms="42" ActualEndOfScans="4887" ActualExecutions="6079" ActualExecutionMode="Row"></RunTimeCountersPerThread><RunTimeCountersPerThread Thread="1" ActualRows="6145" Batches="0" ActualElapsedms="65" ActualCPUms="65" ActualEndOfScans="4901" ActualExecutions="6145" ActualExecutionMode="Row"></RunTimeCountersPerThread><RunTimeCountersPerThread Thread="0" ActualRows="0" Batches="0" ActualElapsedms="0" ActualCPUms="0" ActualEndOfScans="0" ActualExecutions="0" ActualExecutionMode="Row"></RunTimeCountersPerThread></RunTimeInformation><Assert StartupExpression="0"><RelOp NodeId="43" PhysicalOp="Stream Aggregate" LogicalOp="Aggregate" EstimateRows="1" EstimateIO="0" EstimateCPU="1.1e-06" AvgRowSize="19" EstimatedTotalSubtreeCost="11.2532" Parallel="1" EstimateRebinds="0" EstimateRewinds="34983.9" EstimatedExecutionMode="Row"><OutputList><ColumnReference Column="Expr1047"></ColumnReference><ColumnReference Column="Expr1048"></ColumnReference></OutputList><RunTimeInformation><RunTimeCountersPerThread Thread="12" ActualRows="6103" Batches="0" ActualElapsedms="45" ActualCPUms="45" ActualEndOfScans="4908" ActualExecutions="6103" ActualExecutionMode="Row"></RunTimeCountersPerThread><RunTimeCountersPerThread Thread="11" ActualRows="7398" Batches="0" ActualElapsedms="54" ActualCPUms="54" ActualEndOfScans="5949" ActualExecutions="7398" ActualExecutionMode="Row"></RunTimeCountersPerThread><RunTimeCountersPerThread Thread="10" ActualRows="6116" Batches="0" ActualElapsedms="47" ActualCPUms="47" ActualEndOfScans="4883" ActualExecutions="6116" ActualExecutionMode="Row"></RunTimeCountersPerThread><RunTimeCountersPerThread Thread="9" ActualRows="4490" Batches="0" ActualElapsedms="33" ActualCPUms="33" ActualEndOfScans="3586" ActualExecutions="4490" ActualExecutionMode="Row"></RunTimeCountersPerThread><RunTimeCountersPerThread Thread="8" ActualRows="6285" Batches="0" ActualElapsedms="45" ActualCPUms="45" ActualEndOfScans="5002" ActualExecutions="6285" ActualExecutionMode="Row"></RunTimeCountersPerThread><RunTimeCountersPerThread Thread="7" ActualRows="5949" Batches="0" ActualElapsedms="44" ActualCPUms="44" ActualEndOfScans="4752" ActualExecutions="5949" ActualExecutionMode="Row"></RunTimeCountersPerThread><RunTimeCountersPerThread Thread="6" ActualRows="6272" Batches="0" ActualElapsedms="45" ActualCPUms="45" ActualEndOfScans="5002" ActualExecutions="6272" ActualExecutionMode="Row"></RunTimeCountersPerThread><RunTimeCountersPerThread Thread="5" ActualRows="5883" Batches="0" ActualElapsedms="43" ActualCPUms="43" ActualEndOfScans="4697" ActualExecutions="5883" ActualExecutionMode="Row"></RunTimeCountersPerThread><RunTimeCountersPerThread Thread="4" ActualRows="6355" Batches="0" ActualElapsedms="54" ActualCPUms="54" ActualEndOfScans="5129" ActualExecutions="6355" ActualExecutionMode="Row"></RunTimeCountersPerThread><RunTimeCountersPerThread Thread="3" ActualRows="5973" Batches="0" ActualElapsedms="48" ActualCPUms="48" ActualEndOfScans="4795" ActualExecutions="5973" ActualExecutionMode="Row"></RunTimeCountersPerThread><RunTimeCountersPerThread Thread="2" ActualRows="6079" Batches="0" ActualElapsedms="41" ActualCPUms="41" ActualEndOfScans="4887" ActualExecutions="6079" ActualExecutionMode="Row"></RunTimeCountersPerThread><RunTimeCountersPerThread Thread="1" ActualRows="6145" Batches="0" ActualElapsedms="64" ActualCPUms="64" ActualEndOfScans="4901" ActualExecutions="6145" ActualExecutionMode="Row"></RunTimeCountersPerThread><RunTimeCountersPerThread Thread="0" ActualRows="0" Batches="0" ActualElapsedms="0" ActualCPUms="0" ActualEndOfScans="0" ActualExecutions="0" ActualExecutionMode="Row"></RunTimeCountersPerThread></RunTimeInformation><StreamAggregate><DefinedValues><DefinedValue><ColumnReference Column="Expr1047"></ColumnReference><ScalarOperator ScalarString="Count(*)"><Aggregate AggType="countstar" Distinct="0"></Aggregate></ScalarOperator></DefinedValue><DefinedValue><ColumnReference Column="Expr1048"></ColumnReference><ScalarOperator ScalarString="ANY([tpch].[dbo].[nation].[N_RegionKey] as [n2].[N_RegionKey])"><Aggregate Distinct="0" AggType="ANY"><ScalarOperator><Identifier><ColumnReference Database="[tpch]" Schema="[dbo]" Table="[nation]" Alias="[n2]" Column="N_RegionKey"></ColumnReference></Identifier></ScalarOperator></Aggregate></ScalarOperator></DefinedValue></DefinedValues><RelOp NodeId="44" PhysicalOp="Nested Loops" LogicalOp="Inner Join" EstimateRows="1" EstimateIO="0" EstimateCPU="4.18e-06" AvgRowSize="11" EstimatedTotalSubtreeCost="11.2147" Parallel="1" EstimateRebinds="0" EstimateRewinds="34983.9" EstimatedExecutionMode="Row"><OutputList><ColumnReference Database="[tpch]" Schema="[dbo]" Table="[nation]" Alias="[n2]" Column="N_RegionKey"></ColumnReference></OutputList><RunTimeInformation><RunTimeCountersPerThread Thread="12" ActualRows="6103" Batches="0" ActualElapsedms="43" ActualCPUms="43" ActualEndOfScans="6103" ActualExecutions="6103" ActualExecutionMode="Row"></RunTimeCountersPerThread><RunTimeCountersPerThread Thread="11" ActualRows="7398" Batches="0" ActualElapsedms="53" ActualCPUms="53" ActualEndOfScans="7398" ActualExecutions="7398" ActualExecutionMode="Row"></RunTimeCountersPerThread><RunTimeCountersPerThread Thread="10" ActualRows="6116" Batches="0" ActualElapsedms="46" ActualCPUms="46" ActualEndOfScans="6116" ActualExecutions="6116" ActualExecutionMode="Row"></RunTimeCountersPerThread><RunTimeCountersPerThread Thread="9" ActualRows="4490" Batches="0" ActualElapsedms="32" ActualCPUms="32" ActualEndOfScans="4490" ActualExecutions="4490" ActualExecutionMode="Row"></RunTimeCountersPerThread><RunTimeCountersPerThread Thread="8" ActualRows="6285" Batches="0" ActualElapsedms="43" ActualCPUms="43" ActualEndOfScans="6285" ActualExecutions="6285" ActualExecutionMode="Row"></RunTimeCountersPerThread><RunTimeCountersPerThread Thread="7" ActualRows="5949" Batches="0" ActualElapsedms="42" ActualCPUms="42" ActualEndOfScans="5949" ActualExecutions="5949" ActualExecutionMode="Row"></RunTimeCountersPerThread><RunTimeCountersPerThread Thread="6" ActualRows="6272" Batches="0" ActualElapsedms="43" ActualCPUms="43" ActualEndOfScans="6272" ActualExecutions="6272" ActualExecutionMode="Row"></RunTimeCountersPerThread><RunTimeCountersPerThread Thread="5" ActualRows="5883" Batches="0" ActualElapsedms="41" ActualCPUms="41" ActualEndOfScans="5883" ActualExecutions="5883" ActualExecutionMode="Row"></RunTimeCountersPerThread><RunTimeCountersPerThread Thread="4" ActualRows="6355" Batches="0" ActualElapsedms="52" ActualCPUms="52" ActualEndOfScans="6355" ActualExecutions="6355" ActualExecutionMode="Row"></RunTimeCountersPerThread><RunTimeCountersPerThread Thread="3" ActualRows="5973" Batches="0" ActualElapsedms="46" ActualCPUms="46" ActualEndOfScans="5973" ActualExecutions="5973" ActualExecutionMode="Row"></RunTimeCountersPerThread><RunTimeCountersPerThread Thread="2" ActualRows="6079" Batches="0" ActualElapsedms="39" ActualCPUms="39" ActualEndOfScans="6079" ActualExecutions="6079" ActualExecutionMode="Row"></RunTimeCountersPerThread><RunTimeCountersPerThread Thread="1" ActualRows="6145" Batches="0" ActualElapsedms="62" ActualCPUms="62" ActualEndOfScans="6145" ActualExecutions="6145" ActualExecutionMode="Row"></RunTimeCountersPerThread><RunTimeCountersPerThread Thread="0" ActualRows="0" Batches="0" ActualElapsedms="0" ActualCPUms="0" ActualEndOfScans="0" ActualExecutions="0" ActualExecutionMode="Row"></RunTimeCountersPerThread></RunTimeInformation><NestedLoops Optimized="0"><OuterReferences><ColumnReference Database="[tpch]" Schema="[dbo]" Table="[customer]" Alias="[c2]" Column="C_NationKey"></ColumnReference></OuterReferences><RelOp NodeId="45" PhysicalOp="Clustered Index Seek" LogicalOp="Clustered Index Seek" EstimateRows="1" EstimatedRowsRead="1" EstimateIO="0.003125" EstimateCPU="0.0001581" AvgRowSize="11" EstimatedTotalSubtreeCost="5.53424" TableCardinality="150000" Parallel="1" EstimateRebinds="0" EstimateRewinds="34983.9" EstimatedExecutionMode="Row"><OutputList><ColumnReference Database="[tpch]" Schema="[dbo]" Table="[customer]" Alias="[c2]" Column="C_NationKey"></ColumnReference></OutputList><RunTimeInformation><RunTimeCountersPerThread Thread="12" ActualRows="6103" Batches="0" ActualElapsedms="31" ActualCPUms="31" ActualScans="0" ActualLogicalReads="18309" ActualPhysicalReads="0" ActualReadAheads="0" ActualLobLogicalReads="0" ActualLobPhysicalReads="0" ActualLobReadAheads="0" ActualRowsRead="6103" ActualEndOfScans="6103" ActualExecutions="6103" ActualExecutionMode="Row"></RunTimeCountersPerThread><RunTimeCountersPerThread Thread="11" ActualRows="7398" Batches="0" ActualElapsedms="38" ActualCPUms="38" ActualScans="0" ActualLogicalReads="22194" ActualPhysicalReads="0" ActualReadAheads="0" ActualLobLogicalReads="0" ActualLobPhysicalReads="0" ActualLobReadAheads="0" ActualRowsRead="7398" ActualEndOfScans="7398" ActualExecutions="7398" ActualExecutionMode="Row"></RunTimeCountersPerThread><RunTimeCountersPerThread Thread="10" ActualRows="6116" Batches="0" ActualElapsedms="32" ActualCPUms="32" ActualScans="0" ActualLogicalReads="18348" ActualPhysicalReads="0" ActualReadAheads="0" ActualLobLogicalReads="0" ActualLobPhysicalReads="0" ActualLobReadAheads="0" ActualRowsRead="6116" ActualEndOfScans="6116" ActualExecutions="6116" ActualExecutionMode="Row"></RunTimeCountersPerThread><RunTimeCountersPerThread Thread="9" ActualRows="4490" Batches="0" ActualElapsedms="22" ActualCPUms="22" ActualScans="0" ActualLogicalReads="13470" ActualPhysicalReads="0" ActualReadAheads="0" ActualLobLogicalReads="0" ActualLobPhysicalReads="0" ActualLobReadAheads="0" ActualRowsRead="4490" ActualEndOfScans="4490" ActualExecutions="4490" ActualExecutionMode="Row"></RunTimeCountersPerThread><RunTimeCountersPerThread Thread="8" ActualRows="6285" Batches="0" ActualElapsedms="25" ActualCPUms="25" ActualScans="0" ActualLogicalReads="18855" ActualPhysicalReads="0" ActualReadAheads="0" ActualLobLogicalReads="0" ActualLobPhysicalReads="0" ActualLobReadAheads="0" ActualRowsRead="6285" ActualEndOfScans="6285" ActualExecutions="6285" ActualExecutionMode="Row"></RunTimeCountersPerThread><RunTimeCountersPerThread Thread="7" ActualRows="5949" Batches="0" ActualElapsedms="28" ActualCPUms="28" ActualScans="0" ActualLogicalReads="17847" ActualPhysicalReads="0" ActualReadAheads="0" ActualLobLogicalReads="0" ActualLobPhysicalReads="0" ActualLobReadAheads="0" ActualRowsRead="5949" ActualEndOfScans="5949" ActualExecutions="5949" ActualExecutionMode="Row"></RunTimeCountersPerThread><RunTimeCountersPerThread Thread="6" ActualRows="6272" Batches="0" ActualElapsedms="28" ActualCPUms="28" ActualScans="0" ActualLogicalReads="18816" ActualPhysicalReads="0" ActualReadAheads="0" ActualLobLogicalReads="0" ActualLobPhysicalReads="0" ActualLobReadAheads="0" ActualRowsRead="6272" ActualEndOfScans="6272" ActualExecutions="6272" ActualExecutionMode="Row"></RunTimeCountersPerThread><RunTimeCountersPerThread Thread="5" ActualRows="5883" Batches="0" ActualElapsedms="28" ActualCPUms="28" ActualScans="0" ActualLogicalReads="17649" ActualPhysicalReads="0" ActualReadAheads="0" ActualLobLogicalReads="0" ActualLobPhysicalReads="0" ActualLobReadAheads="0" ActualRowsRead="5883" ActualEndOfScans="5883" ActualExecutions="5883" ActualExecutionMode="Row"></RunTimeCountersPerThread><RunTimeCountersPerThread Thread="4" ActualRows="6355" Batches="0" ActualElapsedms="38" ActualCPUms="38" ActualScans="0" ActualLogicalReads="19065" ActualPhysicalReads="0" ActualReadAheads="0" ActualLobLogicalReads="0" ActualLobPhysicalReads="0" ActualLobReadAheads="0" ActualRowsRead="6355" ActualEndOfScans="6355" ActualExecutions="6355" ActualExecutionMode="Row"></RunTimeCountersPerThread><RunTimeCountersPerThread Thread="3" ActualRows="5973" Batches="0" ActualElapsedms="32" ActualCPUms="32" ActualScans="0" ActualLogicalReads="17919" ActualPhysicalReads="0" ActualReadAheads="0" ActualLobLogicalReads="0" ActualLobPhysicalReads="0" ActualLobReadAheads="0" ActualRowsRead="5973" ActualEndOfScans="5973" ActualExecutions="5973" ActualExecutionMode="Row"></RunTimeCountersPerThread><RunTimeCountersPerThread Thread="2" ActualRows="6079" Batches="0" ActualElapsedms="24" ActualCPUms="24" ActualScans="0" ActualLogicalReads="18237" ActualPhysicalReads="0" ActualReadAheads="0" ActualLobLogicalReads="0" ActualLobPhysicalReads="0" ActualLobReadAheads="0" ActualRowsRead="6079" ActualEndOfScans="6079" ActualExecutions="6079" ActualExecutionMode="Row"></RunTimeCountersPerThread><RunTimeCountersPerThread Thread="1" ActualRows="6145" Batches="0" ActualElapsedms="49" ActualCPUms="49" ActualScans="0" ActualLogicalReads="18435" ActualPhysicalReads="0" ActualReadAheads="0" ActualLobLogicalReads="0" ActualLobPhysicalReads="0" ActualLobReadAheads="0" ActualRowsRead="6145" ActualEndOfScans="6145" ActualExecutions="6145" ActualExecutionMode="Row"></RunTimeCountersPerThread><RunTimeCountersPerThread Thread="0" ActualRows="0" Batches="0" ActualElapsedms="0" ActualCPUms="0" ActualScans="0" ActualLogicalReads="0" ActualPhysicalReads="0" ActualReadAheads="0" ActualLobLogicalReads="0" ActualLobPhysicalReads="0" ActualLobReadAheads="0" ActualEndOfScans="0" ActualExecutions="0" ActualExecutionMode="Row"></RunTimeCountersPerThread></RunTimeInformation><IndexScan Ordered="1" ScanDirection="FORWARD" ForcedIndex="0" ForceSeek="0" ForceScan="0" NoExpandHint="0" Storage="RowStore"><DefinedValues><DefinedValue><ColumnReference Database="[tpch]" Schema="[dbo]" Table="[customer]" Alias="[c2]" Column="C_NationKey"></ColumnReference></DefinedValue></DefinedValues><Object Database="[tpch]" Schema="[dbo]" Table="[customer]" Index="[PK__customer__48695B7174053BCB]" Alias="[c2]" TableReferenceId="1" IndexKind="Clustered" Storage="RowStore"></Object><SeekPredicates><SeekPredicateNew><SeekKeys><Prefix ScanType="EQ"><RangeColumns><ColumnReference Database="[tpch]" Schema="[dbo]" Table="[customer]" Alias="[c2]" Column="C_CustKey"></ColumnReference></RangeColumns><RangeExpressions><ScalarOperator ScalarString="(1111)"><Const ConstValue="(1111)"></Const></ScalarOperator></RangeExpressions></Prefix></SeekKeys></SeekPredicateNew></SeekPredicates></IndexScan></RelOp><RelOp NodeId="46" PhysicalOp="Clustered Index Seek" LogicalOp="Clustered Index Seek" EstimateRows="1" EstimatedRowsRead="1" EstimateIO="0.003125" EstimateCPU="0.0001581" AvgRowSize="11" EstimatedTotalSubtreeCost="5.53424" TableCardinality="25" Parallel="1" EstimateRebinds="0" EstimateRewinds="34983.9" EstimatedExecutionMode="Row"><OutputList><ColumnReference Database="[tpch]" Schema="[dbo]" Table="[nation]" Alias="[n2]" Column="N_RegionKey"></ColumnReference></OutputList><RunTimeInformation><RunTimeCountersPerThread Thread="12" ActualRows="6103" Batches="0" ActualElapsedms="8" ActualCPUms="8" ActualScans="0" ActualLogicalReads="12206" ActualPhysicalReads="0" ActualReadAheads="0" ActualLobLogicalReads="0" ActualLobPhysicalReads="0" ActualLobReadAheads="0" ActualRowsRead="6103" ActualEndOfScans="0" ActualExecutions="6103" ActualExecutionMode="Row"></RunTimeCountersPerThread><RunTimeCountersPerThread Thread="11" ActualRows="7398" Batches="0" ActualElapsedms="10" ActualCPUms="10" ActualScans="0" ActualLogicalReads="14796" ActualPhysicalReads="0" ActualReadAheads="0" ActualLobLogicalReads="0" ActualLobPhysicalReads="0" ActualLobReadAheads="0" ActualRowsRead="7398" ActualEndOfScans="0" ActualExecutions="7398" ActualExecutionMode="Row"></RunTimeCountersPerThread><RunTimeCountersPerThread Thread="10" ActualRows="6116" Batches="0" ActualElapsedms="9" ActualCPUms="9" ActualScans="0" ActualLogicalReads="12232" ActualPhysicalReads="0" ActualReadAheads="0" ActualLobLogicalReads="0" ActualLobPhysicalReads="0" ActualLobReadAheads="0" ActualRowsRead="6116" ActualEndOfScans="0" ActualExecutions="6116" ActualExecutionMode="Row"></RunTimeCountersPerThread><RunTimeCountersPerThread Thread="9" ActualRows="4490" Batches="0" ActualElapsedms="6" ActualCPUms="6" ActualScans="0" ActualLogicalReads="8980" ActualPhysicalReads="0" ActualReadAheads="0" ActualLobLogicalReads="0" ActualLobPhysicalReads="0" ActualLobReadAheads="0" ActualRowsRead="4490" ActualEndOfScans="0" ActualExecutions="4490" ActualExecutionMode="Row"></RunTimeCountersPerThread><RunTimeCountersPerThread Thread="8" ActualRows="6285" Batches="0" ActualElapsedms="14" ActualCPUms="14" ActualScans="0" ActualLogicalReads="12570" ActualPhysicalReads="0" ActualReadAheads="0" ActualLobLogicalReads="0" ActualLobPhysicalReads="0" ActualLobReadAheads="0" ActualRowsRead="6285" ActualEndOfScans="0" ActualExecutions="6285" ActualExecutionMode="Row"></RunTimeCountersPerThread><RunTimeCountersPerThread Thread="7" ActualRows="5949" Batches="0" ActualElapsedms="9" ActualCPUms="9" ActualScans="0" ActualLogicalReads="11898" ActualPhysicalReads="0" ActualReadAheads="0" ActualLobLogicalReads="0" ActualLobPhysicalReads="0" ActualLobReadAheads="0" ActualRowsRead="5949" ActualEndOfScans="0" ActualExecutions="5949" ActualExecutionMode="Row"></RunTimeCountersPerThread><RunTimeCountersPerThread Thread="6" ActualRows="6272" Batches="0" ActualElapsedms="10" ActualCPUms="10" ActualScans="0" ActualLogicalReads="12544" ActualPhysicalReads="0" ActualReadAheads="0" ActualLobLogicalReads="0" ActualLobPhysicalReads="0" ActualLobReadAheads="0" ActualRowsRead="6272" ActualEndOfScans="0" ActualExecutions="6272" ActualExecutionMode="Row"></RunTimeCountersPerThread><RunTimeCountersPerThread Thread="5" ActualRows="5883" Batches="0" ActualElapsedms="9" ActualCPUms="9" ActualScans="0" ActualLogicalReads="11766" ActualPhysicalReads="0" ActualReadAheads="0" ActualLobLogicalReads="0" ActualLobPhysicalReads="0" ActualLobReadAheads="0" ActualRowsRead="5883" ActualEndOfScans="0" ActualExecutions="5883" ActualExecutionMode="Row"></RunTimeCountersPerThread><RunTimeCountersPerThread Thread="4" ActualRows="6355" Batches="0" ActualElapsedms="10" ActualCPUms="10" ActualScans="0" ActualLogicalReads="12710" ActualPhysicalReads="0" ActualReadAheads="0" ActualLobLogicalReads="0" ActualLobPhysicalReads="0" ActualLobReadAheads="0" ActualRowsRead="6355" ActualEndOfScans="0" ActualExecutions="6355" ActualExecutionMode="Row"></RunTimeCountersPerThread><RunTimeCountersPerThread Thread="3" ActualRows="5973" Batches="0" ActualElapsedms="9" ActualCPUms="9" ActualScans="0" ActualLogicalReads="11946" ActualPhysicalReads="0" ActualReadAheads="0" ActualLobLogicalReads="0" ActualLobPhysicalReads="0" ActualLobReadAheads="0" ActualRowsRead="5973" ActualEndOfScans="0" ActualExecutions="5973" ActualExecutionMode="Row"></RunTimeCountersPerThread><RunTimeCountersPerThread Thread="2" ActualRows="6079" Batches="0" ActualElapsedms="10" ActualCPUms="10" ActualScans="0" ActualLogicalReads="12158" ActualPhysicalReads="0" ActualReadAheads="0" ActualLobLogicalReads="0" ActualLobPhysicalReads="0" ActualLobReadAheads="0" ActualRowsRead="6079" ActualEndOfScans="0" ActualExecutions="6079" ActualExecutionMode="Row"></RunTimeCountersPerThread><RunTimeCountersPerThread Thread="1" ActualRows="6145" Batches="0" ActualElapsedms="9" ActualCPUms="9" ActualScans="0" ActualLogicalReads="12290" ActualPhysicalReads="0" ActualReadAheads="0" ActualLobLogicalReads="0" ActualLobPhysicalReads="0" ActualLobReadAheads="0" ActualRowsRead="6145" ActualEndOfScans="0" ActualExecutions="6145" ActualExecutionMode="Row"></RunTimeCountersPerThread><RunTimeCountersPerThread Thread="0" ActualRows="0" Batches="0" ActualElapsedms="0" ActualCPUms="0" ActualScans="0" ActualLogicalReads="0" ActualPhysicalReads="0" ActualReadAheads="0" ActualLobLogicalReads="0" ActualLobPhysicalReads="0" ActualLobReadAheads="0" ActualEndOfScans="0" ActualExecutions="0" ActualExecutionMode="Row"></RunTimeCountersPerThread></RunTimeInformation><IndexScan Ordered="1" ScanDirection="FORWARD" ForcedIndex="0" ForceSeek="0" ForceScan="0" NoExpandHint="0" Storage="RowStore"><DefinedValues><DefinedValue><ColumnReference Database="[tpch]" Schema="[dbo]" Table="[nation]" Alias="[n2]" Column="N_RegionKey"></ColumnReference></DefinedValue></DefinedValues><Object Database="[tpch]" Schema="[dbo]" Table="[nation]" Index="[PK__nation__BD377952AE350C6C]" Alias="[n2]" TableReferenceId="1" IndexKind="Clustered" Storage="RowStore"></Object><SeekPredicates><SeekPredicateNew><SeekKeys><Prefix ScanType="EQ"><RangeColumns><ColumnReference Database="[tpch]" Schema="[dbo]" Table="[nation]" Alias="[n2]" Column="N_NationKey"></ColumnReference></RangeColumns><RangeExpressions><ScalarOperator ScalarString="[tpch].[dbo].[customer].[C_NationKey] as [c2].[C_NationKey]"><Identifier><ColumnReference Database="[tpch]" Schema="[dbo]" Table="[customer]" Alias="[c2]" Column="C_NationKey"></ColumnReference></Identifier></ScalarOperator></RangeExpressions></Prefix></SeekKeys></SeekPredicateNew></SeekPredicates></IndexScan></RelOp></NestedLoops></RelOp></StreamAggregate></RelOp><Predicate><ScalarOperator ScalarString="CASE WHEN [Expr1047]&gt;(1) THEN (0) ELSE NULL END"><IF><Condition><ScalarOperator><Compare CompareOp="GT"><ScalarOperator><Identifier><ColumnReference Column="Expr1047"></ColumnReference></Identifier></ScalarOperator><ScalarOperator><Const ConstValue="(1)"></Const></ScalarOperator></Compare></ScalarOperator></Condition><Then><ScalarOperator><Const ConstValue="(0)"></Const></ScalarOperator></Then><Else><ScalarOperator><Const ConstValue="NULL"></Const></ScalarOperator></Else></IF></ScalarOperator></Predicate></Assert></RelOp></NestedLoops></RelOp><RelOp NodeId="47" PhysicalOp="Filter" LogicalOp="Filter" EstimateRows="1" EstimateIO="0" EstimateCPU="8.8e-07" AvgRowSize="9" EstimatedTotalSubtreeCost="31.0572" Parallel="1" EstimateRebinds="34983.9" EstimateRewinds="0" EstimatedExecutionMode="Row"><OutputList></OutputList><RunTimeInformation><RunTimeCountersPerThread Thread="12" ActualRows="0" Batches="0" ActualElapsedms="13" ActualCPUms="13" ActualEndOfScans="1195" ActualExecutions="1195" ActualExecutionMode="Row"></RunTimeCountersPerThread><RunTimeCountersPerThread Thread="11" ActualRows="0" Batches="0" ActualElapsedms="15" ActualCPUms="15" ActualEndOfScans="1449" ActualExecutions="1449" ActualExecutionMode="Row"></RunTimeCountersPerThread><RunTimeCountersPerThread Thread="10" ActualRows="0" Batches="0" ActualElapsedms="15" ActualCPUms="15" ActualEndOfScans="1233" ActualExecutions="1233" ActualExecutionMode="Row"></RunTimeCountersPerThread><RunTimeCountersPerThread Thread="9" ActualRows="0" Batches="0" ActualElapsedms="11" ActualCPUms="11" ActualEndOfScans="904" ActualExecutions="904" ActualExecutionMode="Row"></RunTimeCountersPerThread><RunTimeCountersPerThread Thread="8" ActualRows="0" Batches="0" ActualElapsedms="18" ActualCPUms="18" ActualEndOfScans="1283" ActualExecutions="1283" ActualExecutionMode="Row"></RunTimeCountersPerThread><RunTimeCountersPerThread Thread="7" ActualRows="1" Batches="0" ActualElapsedms="16" ActualCPUms="16" ActualEndOfScans="1196" ActualExecutions="1197" ActualExecutionMode="Row"></RunTimeCountersPerThread><RunTimeCountersPerThread Thread="6" ActualRows="0" Batches="0" ActualElapsedms="18" ActualCPUms="18" ActualEndOfScans="1270" ActualExecutions="1270" ActualExecutionMode="Row"></RunTimeCountersPerThread><RunTimeCountersPerThread Thread="5" ActualRows="0" Batches="0" ActualElapsedms="17" ActualCPUms="17" ActualEndOfScans="1186" ActualExecutions="1186" ActualExecutionMode="Row"></RunTimeCountersPerThread><RunTimeCountersPerThread Thread="4" ActualRows="0" Batches="0" ActualElapsedms="16" ActualCPUms="16" ActualEndOfScans="1226" ActualExecutions="1226" ActualExecutionMode="Row"></RunTimeCountersPerThread><RunTimeCountersPerThread Thread="3" ActualRows="0" Batches="0" ActualElapsedms="16" ActualCPUms="16" ActualEndOfScans="1178" ActualExecutions="1178" ActualExecutionMode="Row"></RunTimeCountersPerThread><RunTimeCountersPerThread Thread="2" ActualRows="0" Batches="0" ActualElapsedms="17" ActualCPUms="17" ActualEndOfScans="1192" ActualExecutions="1192" ActualExecutionMode="Row"></RunTimeCountersPerThread><RunTimeCountersPerThread Thread="1" ActualRows="0" Batches="0" ActualElapsedms="16" ActualCPUms="16" ActualEndOfScans="1244" ActualExecutions="1244" ActualExecutionMode="Row"></RunTimeCountersPerThread><RunTimeCountersPerThread Thread="0" ActualRows="0" Batches="0" ActualElapsedms="0" ActualCPUms="0" ActualEndOfScans="0" ActualExecutions="0" ActualExecutionMode="Row"></RunTimeCountersPerThread></RunTimeInformation><Filter StartupExpression="0"><RelOp NodeId="48" PhysicalOp="Compute Scalar" LogicalOp="Compute Scalar" EstimateRows="1" EstimateIO="0" EstimateCPU="0" AvgRowSize="11" EstimatedTotalSubtreeCost="31.0572" Parallel="1" EstimateRebinds="34983.9" EstimateRewinds="0" EstimatedExecutionMode="Row"><OutputList><ColumnReference Column="Expr1003"></ColumnReference></OutputList><ComputeScalar><DefinedValues><DefinedValue><ColumnReference Column="Expr1003"></ColumnReference><ScalarOperator ScalarString="CASE WHEN [Expr1248]=(0) THEN NULL ELSE [Expr1249] END"><IF><Condition><ScalarOperator><Compare CompareOp="EQ"><ScalarOperator><Identifier><ColumnReference Column="Expr1248"></ColumnReference></Identifier></ScalarOperator><ScalarOperator><Const ConstValue="(0)"></Const></ScalarOperator></Compare></ScalarOperator></Condition><Then><ScalarOperator><Const ConstValue="NULL"></Const></ScalarOperator></Then><Else><ScalarOperator><Identifier><ColumnReference Column="Expr1249"></ColumnReference></Identifier></ScalarOperator></Else></IF></ScalarOperator></DefinedValue></DefinedValues><RelOp NodeId="49" PhysicalOp="Stream Aggregate" LogicalOp="Aggregate" EstimateRows="1" EstimateIO="0" EstimateCPU="1.85036e-05" AvgRowSize="11" EstimatedTotalSubtreeCost="31.0572" Parallel="1" EstimateRebinds="34983.9" EstimateRewinds="0" EstimatedExecutionMode="Row"><OutputList><ColumnReference Column="Expr1248"></ColumnReference><ColumnReference Column="Expr1249"></ColumnReference></OutputList><RunTimeInformation><RunTimeCountersPerThread Thread="12" ActualRows="1195" Batches="0" ActualElapsedms="13" ActualCPUms="13" ActualEndOfScans="1195" ActualExecutions="1195" ActualExecutionMode="Row"></RunTimeCountersPerThread><RunTimeCountersPerThread Thread="11" ActualRows="1449" Batches="0" ActualElapsedms="15" ActualCPUms="15" ActualEndOfScans="1449" ActualExecutions="1449" ActualExecutionMode="Row"></RunTimeCountersPerThread><RunTimeCountersPerThread Thread="10" ActualRows="1233" Batches="0" ActualElapsedms="14" ActualCPUms="14" ActualEndOfScans="1233" ActualExecutions="1233" ActualExecutionMode="Row"></RunTimeCountersPerThread><RunTimeCountersPerThread Thread="9" ActualRows="904" Batches="0" ActualElapsedms="11" ActualCPUms="11" ActualEndOfScans="904" ActualExecutions="904" ActualExecutionMode="Row"></RunTimeCountersPerThread><RunTimeCountersPerThread Thread="8" ActualRows="1283" Batches="0" ActualElapsedms="17" ActualCPUms="17" ActualEndOfScans="1283" ActualExecutions="1283" ActualExecutionMode="Row"></RunTimeCountersPerThread><RunTimeCountersPerThread Thread="7" ActualRows="1197" Batches="0" ActualElapsedms="16" ActualCPUms="16" ActualEndOfScans="1196" ActualExecutions="1197" ActualExecutionMode="Row"></RunTimeCountersPerThread><RunTimeCountersPerThread Thread="6" ActualRows="1270" Batches="0" ActualElapsedms="17" ActualCPUms="17" ActualEndOfScans="1270" ActualExecutions="1270" ActualExecutionMode="Row"></RunTimeCountersPerThread><RunTimeCountersPerThread Thread="5" ActualRows="1186" Batches="0" ActualElapsedms="16" ActualCPUms="16" ActualEndOfScans="1186" ActualExecutions="1186" ActualExecutionMode="Row"></RunTimeCountersPerThread><RunTimeCountersPerThread Thread="4" ActualRows="1226" Batches="0" ActualElapsedms="16" ActualCPUms="16" ActualEndOfScans="1226" ActualExecutions="1226" ActualExecutionMode="Row"></RunTimeCountersPerThread><RunTimeCountersPerThread Thread="3" ActualRows="1178" Batches="0" ActualElapsedms="16" ActualCPUms="16" ActualEndOfScans="1178" ActualExecutions="1178" ActualExecutionMode="Row"></RunTimeCountersPerThread><RunTimeCountersPerThread Thread="2" ActualRows="1192" Batches="0" ActualElapsedms="16" ActualCPUms="16" ActualEndOfScans="1192" ActualExecutions="1192" ActualExecutionMode="Row"></RunTimeCountersPerThread><RunTimeCountersPerThread Thread="1" ActualRows="1244" Batches="0" ActualElapsedms="15" ActualCPUms="15" ActualEndOfScans="1244" ActualExecutions="1244" ActualExecutionMode="Row"></RunTimeCountersPerThread><RunTimeCountersPerThread Thread="0" ActualRows="0" Batches="0" ActualElapsedms="0" ActualCPUms="0" ActualEndOfScans="0" ActualExecutions="0" ActualExecutionMode="Row"></RunTimeCountersPerThread></RunTimeInformation><StreamAggregate><DefinedValues><DefinedValue><ColumnReference Column="Expr1248"></ColumnReference><ScalarOperator ScalarString="COUNT_BIG([tpch].[dbo].[lineitem].[L_Quantity] as [l2].[L_Quantity])"><Aggregate Distinct="0" AggType="COUNT_BIG"><ScalarOperator><Identifier><ColumnReference Database="[tpch]" Schema="[dbo]" Table="[lineitem]" Alias="[l2]" Column="L_Quantity"></ColumnReference></Identifier></ScalarOperator></Aggregate></ScalarOperator></DefinedValue><DefinedValue><ColumnReference Column="Expr1249"></ColumnReference><ScalarOperator ScalarString="SUM([tpch].[dbo].[lineitem].[L_Quantity] as [l2].[L_Quantity])"><Aggregate Distinct="0" AggType="SUM"><ScalarOperator><Identifier><ColumnReference Database="[tpch]" Schema="[dbo]" Table="[lineitem]" Alias="[l2]" Column="L_Quantity"></ColumnReference></Identifier></ScalarOperator></Aggregate></ScalarOperator></DefinedValue></DefinedValues><RelOp NodeId="50" PhysicalOp="Index Seek" LogicalOp="Index Seek" EstimateRows="30.0061" EstimatedRowsRead="30.0061" EstimateIO="0.003125" EstimateCPU="0.000190007" AvgRowSize="11" EstimatedTotalSubtreeCost="31.0572" TableCardinality="6.00122e+06" Parallel="1" EstimateRebinds="34983.9" EstimateRewinds="0" EstimatedExecutionMode="Row"><OutputList><ColumnReference Database="[tpch]" Schema="[dbo]" Table="[lineitem]" Alias="[l2]" Column="L_Quantity"></ColumnReference></OutputList><RunTimeInformation><RunTimeCountersPerThread Thread="12" ActualRows="37050" Batches="0" ActualElapsedms="10" ActualCPUms="10" ActualScans="1195" ActualLogicalReads="6597" ActualPhysicalReads="0" ActualReadAheads="0" ActualLobLogicalReads="0" ActualLobPhysicalReads="0" ActualLobReadAheads="0" ActualRowsRead="37050" ActualEndOfScans="1195" ActualExecutions="1195" ActualExecutionMode="Row"></RunTimeCountersPerThread><RunTimeCountersPerThread Thread="11" ActualRows="45088" Batches="0" ActualElapsedms="12" ActualCPUms="12" ActualScans="1449" ActualLogicalReads="8031" ActualPhysicalReads="0" ActualReadAheads="0" ActualLobLogicalReads="0" ActualLobPhysicalReads="0" ActualLobReadAheads="0" ActualRowsRead="45088" ActualEndOfScans="1449" ActualExecutions="1449" ActualExecutionMode="Row"></RunTimeCountersPerThread><RunTimeCountersPerThread Thread="10" ActualRows="38380" Batches="0" ActualElapsedms="11" ActualCPUms="11" ActualScans="1233" ActualLogicalReads="6818" ActualPhysicalReads="0" ActualReadAheads="0" ActualLobLogicalReads="0" ActualLobPhysicalReads="0" ActualLobReadAheads="0" ActualRowsRead="38380" ActualEndOfScans="1233" ActualExecutions="1233" ActualExecutionMode="Row"></RunTimeCountersPerThread><RunTimeCountersPerThread Thread="9" ActualRows="28263" Batches="0" ActualElapsedms="9" ActualCPUms="9" ActualScans="904" ActualLogicalReads="5031" ActualPhysicalReads="0" ActualReadAheads="0" ActualLobLogicalReads="0" ActualLobPhysicalReads="0" ActualLobReadAheads="0" ActualRowsRead="28263" ActualEndOfScans="904" ActualExecutions="904" ActualExecutionMode="Row"></RunTimeCountersPerThread><RunTimeCountersPerThread Thread="8" ActualRows="39670" Batches="0" ActualElapsedms="14" ActualCPUms="14" ActualScans="1283" ActualLogicalReads="7127" ActualPhysicalReads="0" ActualReadAheads="0" ActualLobLogicalReads="0" ActualLobPhysicalReads="0" ActualLobReadAheads="0" ActualRowsRead="39670" ActualEndOfScans="1283" ActualExecutions="1283" ActualExecutionMode="Row"></RunTimeCountersPerThread><RunTimeCountersPerThread Thread="7" ActualRows="37108" Batches="0" ActualElapsedms="13" ActualCPUms="13" ActualScans="1197" ActualLogicalReads="6633" ActualPhysicalReads="0" ActualReadAheads="0" ActualLobLogicalReads="0" ActualLobPhysicalReads="0" ActualLobReadAheads="0" ActualRowsRead="37108" ActualEndOfScans="1197" ActualExecutions="1197" ActualExecutionMode="Row"></RunTimeCountersPerThread><RunTimeCountersPerThread Thread="6" ActualRows="38975" Batches="0" ActualElapsedms="14" ActualCPUms="14" ActualScans="1270" ActualLogicalReads="7058" ActualPhysicalReads="0" ActualReadAheads="0" ActualLobLogicalReads="0" ActualLobPhysicalReads="0" ActualLobReadAheads="0" ActualRowsRead="38975" ActualEndOfScans="1270" ActualExecutions="1270" ActualExecutionMode="Row"></RunTimeCountersPerThread><RunTimeCountersPerThread Thread="5" ActualRows="37149" Batches="0" ActualElapsedms="13" ActualCPUms="13" ActualScans="1186" ActualLogicalReads="6567" ActualPhysicalReads="0" ActualReadAheads="0" ActualLobLogicalReads="0" ActualLobPhysicalReads="0" ActualLobReadAheads="0" ActualRowsRead="37149" ActualEndOfScans="1186" ActualExecutions="1186" ActualExecutionMode="Row"></RunTimeCountersPerThread><RunTimeCountersPerThread Thread="4" ActualRows="38015" Batches="0" ActualElapsedms="13" ActualCPUms="13" ActualScans="1226" ActualLogicalReads="6827" ActualPhysicalReads="0" ActualReadAheads="0" ActualLobLogicalReads="0" ActualLobPhysicalReads="0" ActualLobReadAheads="0" ActualRowsRead="38015" ActualEndOfScans="1226" ActualExecutions="1226" ActualExecutionMode="Row"></RunTimeCountersPerThread><RunTimeCountersPerThread Thread="3" ActualRows="36774" Batches="0" ActualElapsedms="13" ActualCPUms="13" ActualScans="1178" ActualLogicalReads="6524" ActualPhysicalReads="0" ActualReadAheads="0" ActualLobLogicalReads="0" ActualLobPhysicalReads="0" ActualLobReadAheads="0" ActualRowsRead="36774" ActualEndOfScans="1178" ActualExecutions="1178" ActualExecutionMode="Row"></RunTimeCountersPerThread><RunTimeCountersPerThread Thread="2" ActualRows="37136" Batches="0" ActualElapsedms="13" ActualCPUms="13" ActualScans="1192" ActualLogicalReads="6607" ActualPhysicalReads="0" ActualReadAheads="0" ActualLobLogicalReads="0" ActualLobPhysicalReads="0" ActualLobReadAheads="0" ActualRowsRead="37136" ActualEndOfScans="1192" ActualExecutions="1192" ActualExecutionMode="Row"></RunTimeCountersPerThread><RunTimeCountersPerThread Thread="1" ActualRows="38457" Batches="0" ActualElapsedms="12" ActualCPUms="12" ActualScans="1244" ActualLogicalReads="6916" ActualPhysicalReads="0" ActualReadAheads="0" ActualLobLogicalReads="0" ActualLobPhysicalReads="0" ActualLobReadAheads="0" ActualRowsRead="38457" ActualEndOfScans="1244" ActualExecutions="1244" ActualExecutionMode="Row"></RunTimeCountersPerThread><RunTimeCountersPerThread Thread="0" ActualRows="0" Batches="0" ActualElapsedms="0" ActualCPUms="0" ActualScans="0" ActualLogicalReads="0" ActualPhysicalReads="0" ActualReadAheads="0" ActualLobLogicalReads="0" ActualLobPhysicalReads="0" ActualLobReadAheads="0" ActualEndOfScans="0" ActualExecutions="0" ActualExecutionMode="Row"></RunTimeCountersPerThread></RunTimeInformation><IndexScan Ordered="1" ScanDirection="FORWARD" ForcedIndex="0" ForceSeek="0" ForceScan="0" NoExpandHint="0" Storage="RowStore"><DefinedValues><DefinedValue><ColumnReference Database="[tpch]" Schema="[dbo]" Table="[lineitem]" Alias="[l2]" Column="L_Quantity"></ColumnReference></DefinedValue></DefinedValues><Object Database="[tpch]" Schema="[dbo]" Table="[lineitem]" Index="[p16_idx]" Alias="[l2]" TableReferenceId="1" IndexKind="NonClustered" Storage="RowStore"></Object><SeekPredicates><SeekPredicateNew><SeekKeys><Prefix ScanType="EQ"><RangeColumns><ColumnReference Database="[tpch]" Schema="[dbo]" Table="[lineitem]" Alias="[l2]" Column="L_PartKey"></ColumnReference></RangeColumns><RangeExpressions><ScalarOperator ScalarString="CONVERT_IMPLICIT(bigint,[tpch].[dbo].[lineitem].[L_PartKey] as [l1].[L_PartKey],0)"><Convert DataType="bigint" Style="0" Implicit="1"><ScalarOperator><Identifier><ColumnReference Database="[tpch]" Schema="[dbo]" Table="[lineitem]" Alias="[l1]" Column="L_PartKey"></ColumnReference></Identifier></ScalarOperator></Convert></ScalarOperator></RangeExpressions></Prefix></SeekKeys></SeekPredicateNew></SeekPredicates></IndexScan></RelOp></StreamAggregate></RelOp></ComputeScalar></RelOp><Predicate><ScalarOperator ScalarString="CONVERT_IMPLICIT(numeric(12,1),[tpch].[dbo].[lineitem].[L_Quantity] as [l1].[L_Quantity],0)&gt;=(0.2)*CONVERT_IMPLICIT(numeric(10,0),[Expr1003],0)"><Compare CompareOp="GE"><ScalarOperator><Convert DataType="numeric" Precision="12" Scale="1" Style="0" Implicit="1"><ScalarOperator><Identifier><ColumnReference Database="[tpch]" Schema="[dbo]" Table="[lineitem]" Alias="[l1]" Column="L_Quantity"></ColumnReference></Identifier></ScalarOperator></Convert></ScalarOperator><ScalarOperator><Arithmetic Operation="MULT"><ScalarOperator><Const ConstValue="(0.2)"></Const></ScalarOperator><ScalarOperator><Convert DataType="numeric" Precision="10" Scale="0" Style="0" Implicit="1"><ScalarOperator><Identifier><ColumnReference Column="Expr1003"></ColumnReference></Identifier></ScalarOperator></Convert></ScalarOperator></Arithmetic></ScalarOperator></Compare></ScalarOperator></Predicate></Filter></RelOp></NestedLoops></RelOp></Concat></RelOp></NestedLoops></RelOp></Parallelism></RelOp></Sort></RelOp><RelOp NodeId="51" PhysicalOp="Row Count Spool" LogicalOp="Lazy Spool" EstimateRows="1" EstimateRowsWithoutRowGoal="3.7955" EstimateIO="0" EstimateCPU="0.00010038" AvgRowSize="9" EstimatedTotalSubtreeCost="3.97468" Parallel="1" EstimateRebinds="2169.56" EstimateRewinds="32814.3" EstimatedExecutionMode="Row"><OutputList></OutputList><RunTimeInformation><RunTimeCountersPerThread Thread="12" ActualRows="0" Batches="0" ActualElapsedms="0" ActualCPUms="0" ActualRebinds="0" ActualRewinds="0" ActualEndOfScans="0" ActualExecutions="0" ActualExecutionMode="Row"></RunTimeCountersPerThread><RunTimeCountersPerThread Thread="11" ActualRows="0" Batches="0" ActualElapsedms="0" ActualCPUms="0" ActualRebinds="0" ActualRewinds="0" ActualEndOfScans="0" ActualExecutions="0" ActualExecutionMode="Row"></RunTimeCountersPerThread><RunTimeCountersPerThread Thread="10" ActualRows="0" Batches="0" ActualElapsedms="0" ActualCPUms="0" ActualRebinds="0" ActualRewinds="0" ActualEndOfScans="0" ActualExecutions="0" ActualExecutionMode="Row"></RunTimeCountersPerThread><RunTimeCountersPerThread Thread="9" ActualRows="0" Batches="0" ActualElapsedms="0" ActualCPUms="0" ActualRebinds="0" ActualRewinds="0" ActualEndOfScans="0" ActualExecutions="0" ActualExecutionMode="Row"></RunTimeCountersPerThread><RunTimeCountersPerThread Thread="8" ActualRows="0" Batches="0" ActualElapsedms="0" ActualCPUms="0" ActualRebinds="0" ActualRewinds="0" ActualEndOfScans="0" ActualExecutions="0" ActualExecutionMode="Row"></RunTimeCountersPerThread><RunTimeCountersPerThread Thread="7" ActualRows="0" Batches="0" ActualElapsedms="0" ActualCPUms="0" ActualRebinds="0" ActualRewinds="0" ActualEndOfScans="0" ActualExecutions="0" ActualExecutionMode="Row"></RunTimeCountersPerThread><RunTimeCountersPerThread Thread="6" ActualRows="0" Batches="0" ActualElapsedms="0" ActualCPUms="0" ActualRebinds="0" ActualRewinds="0" ActualEndOfScans="0" ActualExecutions="0" ActualExecutionMode="Row"></RunTimeCountersPerThread><RunTimeCountersPerThread Thread="5" ActualRows="0" Batches="0" ActualElapsedms="0" ActualCPUms="0" ActualRebinds="0" ActualRewinds="0" ActualEndOfScans="0" ActualExecutions="0" ActualExecutionMode="Row"></RunTimeCountersPerThread><RunTimeCountersPerThread Thread="4" ActualRows="0" Batches="0" ActualElapsedms="0" ActualCPUms="0" ActualRebinds="0" ActualRewinds="0" ActualEndOfScans="0" ActualExecutions="0" ActualExecutionMode="Row"></RunTimeCountersPerThread><RunTimeCountersPerThread Thread="3" ActualRows="0" Batches="0" ActualElapsedms="0" ActualCPUms="0" ActualRebinds="0" ActualRewinds="0" ActualEndOfScans="0" ActualExecutions="0" ActualExecutionMode="Row"></RunTimeCountersPerThread><RunTimeCountersPerThread Thread="2" ActualRows="0" Batches="0" ActualElapsedms="0" ActualCPUms="0" ActualRebinds="1" ActualRewinds="0" ActualEndOfScans="1" ActualExecutions="1" ActualExecutionMode="Row"></RunTimeCountersPerThread><RunTimeCountersPerThread Thread="1" ActualRows="0" Batches="0" ActualElapsedms="0" ActualCPUms="0" ActualRebinds="0" ActualRewinds="0" ActualEndOfScans="0" ActualExecutions="0" ActualExecutionMode="Row"></RunTimeCountersPerThread><RunTimeCountersPerThread Thread="0" ActualRows="0" Batches="0" ActualElapsedms="0" ActualCPUms="0" ActualRebinds="0" ActualRewinds="0" ActualEndOfScans="0" ActualExecutions="0" ActualExecutionMode="Row"></RunTimeCountersPerThread></RunTimeInformation><RowCountSpool><RelOp NodeId="52" PhysicalOp="Nested Loops" LogicalOp="Left Semi Join" EstimateRows="1" EstimateRowsWithoutRowGoal="3.7955" EstimateIO="0" EstimateCPU="1.58652e-05" AvgRowSize="9" EstimatedTotalSubtreeCost="0.47269" Parallel="1" EstimateRebinds="2169.56" EstimateRewinds="0" EstimatedExecutionMode="Row"><OutputList></OutputList><RunTimeInformation><RunTimeCountersPerThread Thread="12" ActualRows="0" Batches="0" ActualElapsedms="0" ActualCPUms="0" ActualEndOfScans="0" ActualExecutions="0" ActualExecutionMode="Row"></RunTimeCountersPerThread><RunTimeCountersPerThread Thread="11" ActualRows="0" Batches="0" ActualElapsedms="0" ActualCPUms="0" ActualEndOfScans="0" ActualExecutions="0" ActualExecutionMode="Row"></RunTimeCountersPerThread><RunTimeCountersPerThread Thread="10" ActualRows="0" Batches="0" ActualElapsedms="0" ActualCPUms="0" ActualEndOfScans="0" ActualExecutions="0" ActualExecutionMode="Row"></RunTimeCountersPerThread><RunTimeCountersPerThread Thread="9" ActualRows="0" Batches="0" ActualElapsedms="0" ActualCPUms="0" ActualEndOfScans="0" ActualExecutions="0" ActualExecutionMode="Row"></RunTimeCountersPerThread><RunTimeCountersPerThread Thread="8" ActualRows="0" Batches="0" ActualElapsedms="0" ActualCPUms="0" ActualEndOfScans="0" ActualExecutions="0" ActualExecutionMode="Row"></RunTimeCountersPerThread><RunTimeCountersPerThread Thread="7" ActualRows="0" Batches="0" ActualElapsedms="0" ActualCPUms="0" ActualEndOfScans="0" ActualExecutions="0" ActualExecutionMode="Row"></RunTimeCountersPerThread><RunTimeCountersPerThread Thread="6" ActualRows="0" Batches="0" ActualElapsedms="0" ActualCPUms="0" ActualEndOfScans="0" ActualExecutions="0" ActualExecutionMode="Row"></RunTimeCountersPerThread><RunTimeCountersPerThread Thread="5" ActualRows="0" Batches="0" ActualElapsedms="0" ActualCPUms="0" ActualEndOfScans="0" ActualExecutions="0" ActualExecutionMode="Row"></RunTimeCountersPerThread><RunTimeCountersPerThread Thread="4" ActualRows="0" Batches="0" ActualElapsedms="0" ActualCPUms="0" ActualEndOfScans="0" ActualExecutions="0" ActualExecutionMode="Row"></RunTimeCountersPerThread><RunTimeCountersPerThread Thread="3" ActualRows="0" Batches="0" ActualElapsedms="0" ActualCPUms="0" ActualEndOfScans="0" ActualExecutions="0" ActualExecutionMode="Row"></RunTimeCountersPerThread><RunTimeCountersPerThread Thread="2" ActualRows="0" Batches="0" ActualElapsedms="0" ActualCPUms="0" ActualEndOfScans="1" ActualExecutions="1" ActualExecutionMode="Row"></RunTimeCountersPerThread><RunTimeCountersPerThread Thread="1" ActualRows="0" Batches="0" ActualElapsedms="0" ActualCPUms="0" ActualEndOfScans="0" ActualExecutions="0" ActualExecutionMode="Row"></RunTimeCountersPerThread><RunTimeCountersPerThread Thread="0" ActualRows="0" Batches="0" ActualElapsedms="0" ActualCPUms="0" ActualEndOfScans="0" ActualExecutions="0" ActualExecutionMode="Row"></RunTimeCountersPerThread></RunTimeInformation><NestedLoops Optimized="0"><OuterReferences><ColumnReference Database="[tpch]" Schema="[dbo]" Table="[lineitem]" Alias="[l2]" Column="L_OrderKey"></ColumnReference><ColumnReference Database="[tpch]" Schema="[dbo]" Table="[lineitem]" Alias="[l2]" Column="L_PartKey"></ColumnReference><ColumnReference Database="[tpch]" Schema="[dbo]" Table="[lineitem]" Alias="[l2]" Column="L_Quantity"></ColumnReference></OuterReferences><RelOp NodeId="53" PhysicalOp="Clustered Index Seek" LogicalOp="Clustered Index Seek" EstimateRows="1" EstimateRowsWithoutRowGoal="3.7955" EstimatedRowsRead="4.00081" EstimateIO="0.003125" EstimateCPU="0.000161401" AvgRowSize="23" EstimatedTotalSubtreeCost="0.456402" TableCardinality="6.00122e+06" Parallel="1" EstimateRebinds="2169.56" EstimateRewinds="0" EstimatedExecutionMode="Row"><OutputList><ColumnReference Database="[tpch]" Schema="[dbo]" Table="[lineitem]" Alias="[l2]" Column="L_OrderKey"></ColumnReference><ColumnReference Database="[tpch]" Schema="[dbo]" Table="[lineitem]" Alias="[l2]" Column="L_PartKey"></ColumnReference><ColumnReference Database="[tpch]" Schema="[dbo]" Table="[lineitem]" Alias="[l2]" Column="L_Quantity"></ColumnReference></OutputList><RunTimeInformation><RunTimeCountersPerThread Thread="12" ActualRows="0" Batches="0" ActualElapsedms="0" ActualCPUms="0" ActualScans="0" ActualLogicalReads="0" ActualPhysicalReads="0" ActualReadAheads="0" ActualLobLogicalReads="0" ActualLobPhysicalReads="0" ActualLobReadAheads="0" ActualEndOfScans="0" ActualExecutions="0" ActualExecutionMode="Row"></RunTimeCountersPerThread><RunTimeCountersPerThread Thread="11" ActualRows="0" Batches="0" ActualElapsedms="0" ActualCPUms="0" ActualScans="0" ActualLogicalReads="0" ActualPhysicalReads="0" ActualReadAheads="0" ActualLobLogicalReads="0" ActualLobPhysicalReads="0" ActualLobReadAheads="0" ActualEndOfScans="0" ActualExecutions="0" ActualExecutionMode="Row"></RunTimeCountersPerThread><RunTimeCountersPerThread Thread="10" ActualRows="0" Batches="0" ActualElapsedms="0" ActualCPUms="0" ActualScans="0" ActualLogicalReads="0" ActualPhysicalReads="0" ActualReadAheads="0" ActualLobLogicalReads="0" ActualLobPhysicalReads="0" ActualLobReadAheads="0" ActualEndOfScans="0" ActualExecutions="0" ActualExecutionMode="Row"></RunTimeCountersPerThread><RunTimeCountersPerThread Thread="9" ActualRows="0" Batches="0" ActualElapsedms="0" ActualCPUms="0" ActualScans="0" ActualLogicalReads="0" ActualPhysicalReads="0" ActualReadAheads="0" ActualLobLogicalReads="0" ActualLobPhysicalReads="0" ActualLobReadAheads="0" ActualEndOfScans="0" ActualExecutions="0" ActualExecutionMode="Row"></RunTimeCountersPerThread><RunTimeCountersPerThread Thread="8" ActualRows="0" Batches="0" ActualElapsedms="0" ActualCPUms="0" ActualScans="0" ActualLogicalReads="0" ActualPhysicalReads="0" ActualReadAheads="0" ActualLobLogicalReads="0" ActualLobPhysicalReads="0" ActualLobReadAheads="0" ActualEndOfScans="0" ActualExecutions="0" ActualExecutionMode="Row"></RunTimeCountersPerThread><RunTimeCountersPerThread Thread="7" ActualRows="0" Batches="0" ActualElapsedms="0" ActualCPUms="0" ActualScans="0" ActualLogicalReads="0" ActualPhysicalReads="0" ActualReadAheads="0" ActualLobLogicalReads="0" ActualLobPhysicalReads="0" ActualLobReadAheads="0" ActualEndOfScans="0" ActualExecutions="0" ActualExecutionMode="Row"></RunTimeCountersPerThread><RunTimeCountersPerThread Thread="6" ActualRows="0" Batches="0" ActualElapsedms="0" ActualCPUms="0" ActualScans="0" ActualLogicalReads="0" ActualPhysicalReads="0" ActualReadAheads="0" ActualLobLogicalReads="0" ActualLobPhysicalReads="0" ActualLobReadAheads="0" ActualEndOfScans="0" ActualExecutions="0" ActualExecutionMode="Row"></RunTimeCountersPerThread><RunTimeCountersPerThread Thread="5" ActualRows="0" Batches="0" ActualElapsedms="0" ActualCPUms="0" ActualScans="0" ActualLogicalReads="0" ActualPhysicalReads="0" ActualReadAheads="0" ActualLobLogicalReads="0" ActualLobPhysicalReads="0" ActualLobReadAheads="0" ActualEndOfScans="0" ActualExecutions="0" ActualExecutionMode="Row"></RunTimeCountersPerThread><RunTimeCountersPerThread Thread="4" ActualRows="0" Batches="0" ActualElapsedms="0" ActualCPUms="0" ActualScans="0" ActualLogicalReads="0" ActualPhysicalReads="0" ActualReadAheads="0" ActualLobLogicalReads="0" ActualLobPhysicalReads="0" ActualLobReadAheads="0" ActualEndOfScans="0" ActualExecutions="0" ActualExecutionMode="Row"></RunTimeCountersPerThread><RunTimeCountersPerThread Thread="3" ActualRows="0" Batches="0" ActualElapsedms="0" ActualCPUms="0" ActualScans="0" ActualLogicalReads="0" ActualPhysicalReads="0" ActualReadAheads="0" ActualLobLogicalReads="0" ActualLobPhysicalReads="0" ActualLobReadAheads="0" ActualEndOfScans="0" ActualExecutions="0" ActualExecutionMode="Row"></RunTimeCountersPerThread><RunTimeCountersPerThread Thread="2" ActualRows="3" Batches="0" ActualElapsedms="0" ActualCPUms="0" ActualScans="1" ActualLogicalReads="3" ActualPhysicalReads="0" ActualReadAheads="0" ActualLobLogicalReads="0" ActualLobPhysicalReads="0" ActualLobReadAheads="0" ActualRowsRead="4" ActualEndOfScans="1" ActualExecutions="1" ActualExecutionMode="Row"></RunTimeCountersPerThread><RunTimeCountersPerThread Thread="1" ActualRows="0" Batches="0" ActualElapsedms="0" ActualCPUms="0" ActualScans="0" ActualLogicalReads="0" ActualPhysicalReads="0" ActualReadAheads="0" ActualLobLogicalReads="0" ActualLobPhysicalReads="0" ActualLobReadAheads="0" ActualEndOfScans="0" ActualExecutions="0" ActualExecutionMode="Row"></RunTimeCountersPerThread><RunTimeCountersPerThread Thread="0" ActualRows="0" Batches="0" ActualElapsedms="0" ActualCPUms="0" ActualScans="0" ActualLogicalReads="0" ActualPhysicalReads="0" ActualReadAheads="0" ActualLobLogicalReads="0" ActualLobPhysicalReads="0" ActualLobReadAheads="0" ActualEndOfScans="0" ActualExecutions="0" ActualExecutionMode="Row"></RunTimeCountersPerThread></RunTimeInformation><IndexScan Ordered="1" ScanDirection="FORWARD" ForcedIndex="0" ForceSeek="0" ForceScan="0" NoExpandHint="0" Storage="RowStore"><DefinedValues><DefinedValue><ColumnReference Database="[tpch]" Schema="[dbo]" Table="[lineitem]" Alias="[l2]" Column="L_OrderKey"></ColumnReference></DefinedValue><DefinedValue><ColumnReference Database="[tpch]" Schema="[dbo]" Table="[lineitem]" Alias="[l2]" Column="L_PartKey"></ColumnReference></DefinedValue><DefinedValue><ColumnReference Database="[tpch]" Schema="[dbo]" Table="[lineitem]" Alias="[l2]" Column="L_Quantity"></ColumnReference></DefinedValue></DefinedValues><Object Database="[tpch]" Schema="[dbo]" Table="[lineitem]" Index="[PK__lineitem__2B16504EA5720AF2]" Alias="[l2]" TableReferenceId="2" IndexKind="Clustered" Storage="RowStore"></Object><SeekPredicates><SeekPredicateNew><SeekKeys><Prefix ScanType="EQ"><RangeColumns><ColumnReference Database="[tpch]" Schema="[dbo]" Table="[lineitem]" Alias="[l2]" Column="L_OrderKey"></ColumnReference></RangeColumns><RangeExpressions><ScalarOperator ScalarString="[tpch].[dbo].[lineitem].[L_OrderKey] as [l1].[L_OrderKey]"><Identifier><ColumnReference Database="[tpch]" Schema="[dbo]" Table="[lineitem]" Alias="[l1]" Column="L_OrderKey"></ColumnReference></Identifier></ScalarOperator></RangeExpressions></Prefix></SeekKeys></SeekPredicateNew></SeekPredicates><Predicate><ScalarOperator ScalarString="[tpch].[dbo].[lineitem].[L_SuppKey] as [l2].[L_SuppKey]&lt;[tpch].[dbo].[lineitem].[L_SuppKey] as [l1].[L_SuppKey] OR [tpch].[dbo].[lineitem].[L_SuppKey] as [l2].[L_SuppKey]&gt;[tpch].[dbo].[lineitem].[L_SuppKey] as [l1].[L_SuppKey]"><Logical Operation="OR"><ScalarOperator><Compare CompareOp="LT"><ScalarOperator><Identifier><ColumnReference Database="[tpch]" Schema="[dbo]" Table="[lineitem]" Alias="[l2]" Column="L_SuppKey"></ColumnReference></Identifier></ScalarOperator><ScalarOperator><Identifier><ColumnReference Database="[tpch]" Schema="[dbo]" Table="[lineitem]" Alias="[l1]" Column="L_SuppKey"></ColumnReference></Identifier></ScalarOperator></Compare></ScalarOperator><ScalarOperator><Compare CompareOp="GT"><ScalarOperator><Identifier><ColumnReference Database="[tpch]" Schema="[dbo]" Table="[lineitem]" Alias="[l2]" Column="L_SuppKey"></ColumnReference></Identifier></ScalarOperator><ScalarOperator><Identifier><ColumnReference Database="[tpch]" Schema="[dbo]" Table="[lineitem]" Alias="[l1]" Column="L_SuppKey"></ColumnReference></Identifier></ScalarOperator></Compare></ScalarOperator></Logical></ScalarOperator></Predicate></IndexScan></RelOp><RelOp NodeId="54" PhysicalOp="Concatenation" LogicalOp="Concatenation" EstimateRows="1" EstimateRowsWithoutRowGoal="2" EstimateIO="0" EstimateCPU="2e-07" AvgRowSize="9" EstimatedTotalSubtreeCost="0.00520266" Parallel="1" EstimateRebinds="3765" EstimateRewinds="4" EstimatedExecutionMode="Row"><OutputList></OutputList><RunTimeInformation><RunTimeCountersPerThread Thread="12" ActualRows="0" Batches="0" ActualElapsedms="0" ActualCPUms="0" ActualEndOfScans="0" ActualExecutions="0" ActualExecutionMode="Row"></RunTimeCountersPerThread><RunTimeCountersPerThread Thread="11" ActualRows="0" Batches="0" ActualElapsedms="0" ActualCPUms="0" ActualEndOfScans="0" ActualExecutions="0" ActualExecutionMode="Row"></RunTimeCountersPerThread><RunTimeCountersPerThread Thread="10" ActualRows="0" Batches="0" ActualElapsedms="0" ActualCPUms="0" ActualEndOfScans="0" ActualExecutions="0" ActualExecutionMode="Row"></RunTimeCountersPerThread><RunTimeCountersPerThread Thread="9" ActualRows="0" Batches="0" ActualElapsedms="0" ActualCPUms="0" ActualEndOfScans="0" ActualExecutions="0" ActualExecutionMode="Row"></RunTimeCountersPerThread><RunTimeCountersPerThread Thread="8" ActualRows="0" Batches="0" ActualElapsedms="0" ActualCPUms="0" ActualEndOfScans="0" ActualExecutions="0" ActualExecutionMode="Row"></RunTimeCountersPerThread><RunTimeCountersPerThread Thread="7" ActualRows="0" Batches="0" ActualElapsedms="0" ActualCPUms="0" ActualEndOfScans="0" ActualExecutions="0" ActualExecutionMode="Row"></RunTimeCountersPerThread><RunTimeCountersPerThread Thread="6" ActualRows="0" Batches="0" ActualElapsedms="0" ActualCPUms="0" ActualEndOfScans="0" ActualExecutions="0" ActualExecutionMode="Row"></RunTimeCountersPerThread><RunTimeCountersPerThread Thread="5" ActualRows="0" Batches="0" ActualElapsedms="0" ActualCPUms="0" ActualEndOfScans="0" ActualExecutions="0" ActualExecutionMode="Row"></RunTimeCountersPerThread><RunTimeCountersPerThread Thread="4" ActualRows="0" Batches="0" ActualElapsedms="0" ActualCPUms="0" ActualEndOfScans="0" ActualExecutions="0" ActualExecutionMode="Row"></RunTimeCountersPerThread><RunTimeCountersPerThread Thread="3" ActualRows="0" Batches="0" ActualElapsedms="0" ActualCPUms="0" ActualEndOfScans="0" ActualExecutions="0" ActualExecutionMode="Row"></RunTimeCountersPerThread><RunTimeCountersPerThread Thread="2" ActualRows="0" Batches="0" ActualElapsedms="0" ActualCPUms="0" ActualEndOfScans="3" ActualExecutions="3" ActualExecutionMode="Row"></RunTimeCountersPerThread><RunTimeCountersPerThread Thread="1" ActualRows="0" Batches="0" ActualElapsedms="0" ActualCPUms="0" ActualEndOfScans="0" ActualExecutions="0" ActualExecutionMode="Row"></RunTimeCountersPerThread><RunTimeCountersPerThread Thread="0" ActualRows="0" Batches="0" ActualElapsedms="0" ActualCPUms="0" ActualEndOfScans="0" ActualExecutions="0" ActualExecutionMode="Row"></RunTimeCountersPerThread></RunTimeInformation><Concat><DefinedValues></DefinedValues><RelOp NodeId="55" PhysicalOp="Filter" LogicalOp="Filter" EstimateRows="1" EstimateIO="0" EstimateCPU="2.8e-07" AvgRowSize="9" EstimatedTotalSubtreeCost="0.00482576" Parallel="1" EstimateRebinds="0" EstimateRewinds="3769" EstimatedExecutionMode="Row"><OutputList></OutputList><RunTimeInformation><RunTimeCountersPerThread Thread="12" ActualRows="0" Batches="0" ActualElapsedms="0" ActualCPUms="0" ActualRebinds="0" ActualRewinds="0" ActualEndOfScans="0" ActualExecutions="0" ActualExecutionMode="Row"></RunTimeCountersPerThread><RunTimeCountersPerThread Thread="11" ActualRows="0" Batches="0" ActualElapsedms="0" ActualCPUms="0" ActualRebinds="0" ActualRewinds="0" ActualEndOfScans="0" ActualExecutions="0" ActualExecutionMode="Row"></RunTimeCountersPerThread><RunTimeCountersPerThread Thread="10" ActualRows="0" Batches="0" ActualElapsedms="0" ActualCPUms="0" ActualRebinds="0" ActualRewinds="0" ActualEndOfScans="0" ActualExecutions="0" ActualExecutionMode="Row"></RunTimeCountersPerThread><RunTimeCountersPerThread Thread="9" ActualRows="0" Batches="0" ActualElapsedms="0" ActualCPUms="0" ActualRebinds="0" ActualRewinds="0" ActualEndOfScans="0" ActualExecutions="0" ActualExecutionMode="Row"></RunTimeCountersPerThread><RunTimeCountersPerThread Thread="8" ActualRows="0" Batches="0" ActualElapsedms="0" ActualCPUms="0" ActualRebinds="0" ActualRewinds="0" ActualEndOfScans="0" ActualExecutions="0" ActualExecutionMode="Row"></RunTimeCountersPerThread><RunTimeCountersPerThread Thread="7" ActualRows="0" Batches="0" ActualElapsedms="0" ActualCPUms="0" ActualRebinds="0" ActualRewinds="0" ActualEndOfScans="0" ActualExecutions="0" ActualExecutionMode="Row"></RunTimeCountersPerThread><RunTimeCountersPerThread Thread="6" ActualRows="0" Batches="0" ActualElapsedms="0" ActualCPUms="0" ActualRebinds="0" ActualRewinds="0" ActualEndOfScans="0" ActualExecutions="0" ActualExecutionMode="Row"></RunTimeCountersPerThread><RunTimeCountersPerThread Thread="5" ActualRows="0" Batches="0" ActualElapsedms="0" ActualCPUms="0" ActualRebinds="0" ActualRewinds="0" ActualEndOfScans="0" ActualExecutions="0" ActualExecutionMode="Row"></RunTimeCountersPerThread><RunTimeCountersPerThread Thread="4" ActualRows="0" Batches="0" ActualElapsedms="0" ActualCPUms="0" ActualRebinds="0" ActualRewinds="0" ActualEndOfScans="0" ActualExecutions="0" ActualExecutionMode="Row"></RunTimeCountersPerThread><RunTimeCountersPerThread Thread="3" ActualRows="0" Batches="0" ActualElapsedms="0" ActualCPUms="0" ActualRebinds="0" ActualRewinds="0" ActualEndOfScans="0" ActualExecutions="0" ActualExecutionMode="Row"></RunTimeCountersPerThread><RunTimeCountersPerThread Thread="2" ActualRows="0" Batches="0" ActualElapsedms="0" ActualCPUms="0" ActualRebinds="3" ActualRewinds="0" ActualEndOfScans="3" ActualExecutions="3" ActualExecutionMode="Row"></RunTimeCountersPerThread><RunTimeCountersPerThread Thread="1" ActualRows="0" Batches="0" ActualElapsedms="0" ActualCPUms="0" ActualRebinds="0" ActualRewinds="0" ActualEndOfScans="0" ActualExecutions="0" ActualExecutionMode="Row"></RunTimeCountersPerThread><RunTimeCountersPerThread Thread="0" ActualRows="0" Batches="0" ActualElapsedms="0" ActualCPUms="0" ActualRebinds="0" ActualRewinds="0" ActualEndOfScans="0" ActualExecutions="0" ActualExecutionMode="Row"></RunTimeCountersPerThread></RunTimeInformation><Filter StartupExpression="1"><RelOp NodeId="56" PhysicalOp="Constant Scan" LogicalOp="Constant Scan" EstimateRows="1" EstimateIO="0" EstimateCPU="1.157e-06" AvgRowSize="9" EstimatedTotalSubtreeCost="0.00377016" Parallel="1" EstimateRebinds="0" EstimateRewinds="3769" EstimatedExecutionMode="Row"><OutputList></OutputList><RunTimeInformation><RunTimeCountersPerThread Thread="12" ActualRows="0" Batches="0" ActualElapsedms="0" ActualCPUms="0" ActualEndOfScans="0" ActualExecutions="0" ActualExecutionMode="Row"></RunTimeCountersPerThread><RunTimeCountersPerThread Thread="11" ActualRows="0" Batches="0" ActualElapsedms="0" ActualCPUms="0" ActualEndOfScans="0" ActualExecutions="0" ActualExecutionMode="Row"></RunTimeCountersPerThread><RunTimeCountersPerThread Thread="10" ActualRows="0" Batches="0" ActualElapsedms="0" ActualCPUms="0" ActualEndOfScans="0" ActualExecutions="0" ActualExecutionMode="Row"></RunTimeCountersPerThread><RunTimeCountersPerThread Thread="9" ActualRows="0" Batches="0" ActualElapsedms="0" ActualCPUms="0" ActualEndOfScans="0" ActualExecutions="0" ActualExecutionMode="Row"></RunTimeCountersPerThread><RunTimeCountersPerThread Thread="8" ActualRows="0" Batches="0" ActualElapsedms="0" ActualCPUms="0" ActualEndOfScans="0" ActualExecutions="0" ActualExecutionMode="Row"></RunTimeCountersPerThread><RunTimeCountersPerThread Thread="7" ActualRows="0" Batches="0" ActualElapsedms="0" ActualCPUms="0" ActualEndOfScans="0" ActualExecutions="0" ActualExecutionMode="Row"></RunTimeCountersPerThread><RunTimeCountersPerThread Thread="6" ActualRows="0" Batches="0" ActualElapsedms="0" ActualCPUms="0" ActualEndOfScans="0" ActualExecutions="0" ActualExecutionMode="Row"></RunTimeCountersPerThread><RunTimeCountersPerThread Thread="5" ActualRows="0" Batches="0" ActualElapsedms="0" ActualCPUms="0" ActualEndOfScans="0" ActualExecutions="0" ActualExecutionMode="Row"></RunTimeCountersPerThread><RunTimeCountersPerThread Thread="4" ActualRows="0" Batches="0" ActualElapsedms="0" ActualCPUms="0" ActualEndOfScans="0" ActualExecutions="0" ActualExecutionMode="Row"></RunTimeCountersPerThread><RunTimeCountersPerThread Thread="3" ActualRows="0" Batches="0" ActualElapsedms="0" ActualCPUms="0" ActualEndOfScans="0" ActualExecutions="0" ActualExecutionMode="Row"></RunTimeCountersPerThread><RunTimeCountersPerThread Thread="2" ActualRows="0" Batches="0" ActualElapsedms="0" ActualCPUms="0" ActualEndOfScans="0" ActualExecutions="3" ActualExecutionMode="Row"></RunTimeCountersPerThread><RunTimeCountersPerThread Thread="1" ActualRows="0" Batches="0" ActualElapsedms="0" ActualCPUms="0" ActualEndOfScans="0" ActualExecutions="0" ActualExecutionMode="Row"></RunTimeCountersPerThread><RunTimeCountersPerThread Thread="0" ActualRows="0" Batches="0" ActualElapsedms="0" ActualCPUms="0" ActualEndOfScans="0" ActualExecutions="0" ActualExecutionMode="Row"></RunTimeCountersPerThread></RunTimeInformation><ConstantScan></ConstantScan></RelOp><Predicate><ScalarOperator ScalarString="user_name()=N&apos;user3&apos;"><Identifier><ColumnReference Column="ConstExpr1043"><ScalarOperator><Compare CompareOp="EQ"><ScalarOperator><Intrinsic FunctionName="user_name"><ScalarOperator><Const ConstValue=""></Const></ScalarOperator></Intrinsic></ScalarOperator><ScalarOperator><Const ConstValue="N&apos;user3&apos;"></Const></ScalarOperator></Compare></ScalarOperator></ColumnReference></Identifier></ScalarOperator></Predicate></Filter></RelOp><RelOp NodeId="57" PhysicalOp="Nested Loops" LogicalOp="Inner Join" EstimateRows="1" EstimateIO="0" EstimateCPU="4.18e-06" AvgRowSize="9" EstimatedTotalSubtreeCost="28.2185" Parallel="1" EstimateRebinds="3765" EstimateRewinds="4" EstimatedExecutionMode="Row"><OutputList></OutputList><RunTimeInformation><RunTimeCountersPerThread Thread="12" ActualRows="0" Batches="0" ActualElapsedms="0" ActualCPUms="0" ActualEndOfScans="0" ActualExecutions="0" ActualExecutionMode="Row"></RunTimeCountersPerThread><RunTimeCountersPerThread Thread="11" ActualRows="0" Batches="0" ActualElapsedms="0" ActualCPUms="0" ActualEndOfScans="0" ActualExecutions="0" ActualExecutionMode="Row"></RunTimeCountersPerThread><RunTimeCountersPerThread Thread="10" ActualRows="0" Batches="0" ActualElapsedms="0" ActualCPUms="0" ActualEndOfScans="0" ActualExecutions="0" ActualExecutionMode="Row"></RunTimeCountersPerThread><RunTimeCountersPerThread Thread="9" ActualRows="0" Batches="0" ActualElapsedms="0" ActualCPUms="0" ActualEndOfScans="0" ActualExecutions="0" ActualExecutionMode="Row"></RunTimeCountersPerThread><RunTimeCountersPerThread Thread="8" ActualRows="0" Batches="0" ActualElapsedms="0" ActualCPUms="0" ActualEndOfScans="0" ActualExecutions="0" ActualExecutionMode="Row"></RunTimeCountersPerThread><RunTimeCountersPerThread Thread="7" ActualRows="0" Batches="0" ActualElapsedms="0" ActualCPUms="0" ActualEndOfScans="0" ActualExecutions="0" ActualExecutionMode="Row"></RunTimeCountersPerThread><RunTimeCountersPerThread Thread="6" ActualRows="0" Batches="0" ActualElapsedms="0" ActualCPUms="0" ActualEndOfScans="0" ActualExecutions="0" ActualExecutionMode="Row"></RunTimeCountersPerThread><RunTimeCountersPerThread Thread="5" ActualRows="0" Batches="0" ActualElapsedms="0" ActualCPUms="0" ActualEndOfScans="0" ActualExecutions="0" ActualExecutionMode="Row"></RunTimeCountersPerThread><RunTimeCountersPerThread Thread="4" ActualRows="0" Batches="0" ActualElapsedms="0" ActualCPUms="0" ActualEndOfScans="0" ActualExecutions="0" ActualExecutionMode="Row"></RunTimeCountersPerThread><RunTimeCountersPerThread Thread="3" ActualRows="0" Batches="0" ActualElapsedms="0" ActualCPUms="0" ActualEndOfScans="0" ActualExecutions="0" ActualExecutionMode="Row"></RunTimeCountersPerThread><RunTimeCountersPerThread Thread="2" ActualRows="0" Batches="0" ActualElapsedms="0" ActualCPUms="0" ActualEndOfScans="3" ActualExecutions="3" ActualExecutionMode="Row"></RunTimeCountersPerThread><RunTimeCountersPerThread Thread="1" ActualRows="0" Batches="0" ActualElapsedms="0" ActualCPUms="0" ActualEndOfScans="0" ActualExecutions="0" ActualExecutionMode="Row"></RunTimeCountersPerThread><RunTimeCountersPerThread Thread="0" ActualRows="0" Batches="0" ActualElapsedms="0" ActualCPUms="0" ActualEndOfScans="0" ActualExecutions="0" ActualExecutionMode="Row"></RunTimeCountersPerThread></RunTimeInformation><NestedLoops Optimized="0"><RelOp NodeId="58" PhysicalOp="Nested Loops" LogicalOp="Inner Join" EstimateRows="1" EstimateIO="0" EstimateCPU="4.18e-06" AvgRowSize="9" EstimatedTotalSubtreeCost="18.1195" Parallel="1" EstimateRebinds="3765" EstimateRewinds="4" EstimatedExecutionMode="Row"><OutputList></OutputList><RunTimeInformation><RunTimeCountersPerThread Thread="12" ActualRows="0" Batches="0" ActualElapsedms="0" ActualCPUms="0" ActualEndOfScans="0" ActualExecutions="0" ActualExecutionMode="Row"></RunTimeCountersPerThread><RunTimeCountersPerThread Thread="11" ActualRows="0" Batches="0" ActualElapsedms="0" ActualCPUms="0" ActualEndOfScans="0" ActualExecutions="0" ActualExecutionMode="Row"></RunTimeCountersPerThread><RunTimeCountersPerThread Thread="10" ActualRows="0" Batches="0" ActualElapsedms="0" ActualCPUms="0" ActualEndOfScans="0" ActualExecutions="0" ActualExecutionMode="Row"></RunTimeCountersPerThread><RunTimeCountersPerThread Thread="9" ActualRows="0" Batches="0" ActualElapsedms="0" ActualCPUms="0" ActualEndOfScans="0" ActualExecutions="0" ActualExecutionMode="Row"></RunTimeCountersPerThread><RunTimeCountersPerThread Thread="8" ActualRows="0" Batches="0" ActualElapsedms="0" ActualCPUms="0" ActualEndOfScans="0" ActualExecutions="0" ActualExecutionMode="Row"></RunTimeCountersPerThread><RunTimeCountersPerThread Thread="7" ActualRows="0" Batches="0" ActualElapsedms="0" ActualCPUms="0" ActualEndOfScans="0" ActualExecutions="0" ActualExecutionMode="Row"></RunTimeCountersPerThread><RunTimeCountersPerThread Thread="6" ActualRows="0" Batches="0" ActualElapsedms="0" ActualCPUms="0" ActualEndOfScans="0" ActualExecutions="0" ActualExecutionMode="Row"></RunTimeCountersPerThread><RunTimeCountersPerThread Thread="5" ActualRows="0" Batches="0" ActualElapsedms="0" ActualCPUms="0" ActualEndOfScans="0" ActualExecutions="0" ActualExecutionMode="Row"></RunTimeCountersPerThread><RunTimeCountersPerThread Thread="4" ActualRows="0" Batches="0" ActualElapsedms="0" ActualCPUms="0" ActualEndOfScans="0" ActualExecutions="0" ActualExecutionMode="Row"></RunTimeCountersPerThread><RunTimeCountersPerThread Thread="3" ActualRows="0" Batches="0" ActualElapsedms="0" ActualCPUms="0" ActualEndOfScans="0" ActualExecutions="0" ActualExecutionMode="Row"></RunTimeCountersPerThread><RunTimeCountersPerThread Thread="2" ActualRows="3" Batches="0" ActualElapsedms="0" ActualCPUms="0" ActualEndOfScans="0" ActualExecutions="3" ActualExecutionMode="Row"></RunTimeCountersPerThread><RunTimeCountersPerThread Thread="1" ActualRows="0" Batches="0" ActualElapsedms="0" ActualCPUms="0" ActualEndOfScans="0" ActualExecutions="0" ActualExecutionMode="Row"></RunTimeCountersPerThread><RunTimeCountersPerThread Thread="0" ActualRows="0" Batches="0" ActualElapsedms="0" ActualCPUms="0" ActualEndOfScans="0" ActualExecutions="0" ActualExecutionMode="Row"></RunTimeCountersPerThread></RunTimeInformation><NestedLoops Optimized="0"><Predicate><ScalarOperator ScalarString="[Expr1052]=[Expr1050]"><Compare CompareOp="EQ"><ScalarOperator><Identifier><ColumnReference Column="Expr1052"></ColumnReference></Identifier></ScalarOperator><ScalarOperator><Identifier><ColumnReference Column="Expr1050"></ColumnReference></Identifier></ScalarOperator></Compare></ScalarOperator></Predicate><RelOp NodeId="59" PhysicalOp="Assert" LogicalOp="Assert" EstimateRows="1" EstimateIO="0" EstimateCPU="4.8e-07" AvgRowSize="11" EstimatedTotalSubtreeCost="1.22004" Parallel="1" EstimateRebinds="0" EstimateRewinds="3769" EstimatedExecutionMode="Row"><OutputList><ColumnReference Column="Expr1052"></ColumnReference></OutputList><RunTimeInformation><RunTimeCountersPerThread Thread="12" ActualRows="0" Batches="0" ActualElapsedms="0" ActualCPUms="0" ActualEndOfScans="0" ActualExecutions="0" ActualExecutionMode="Row"></RunTimeCountersPerThread><RunTimeCountersPerThread Thread="11" ActualRows="0" Batches="0" ActualElapsedms="0" ActualCPUms="0" ActualEndOfScans="0" ActualExecutions="0" ActualExecutionMode="Row"></RunTimeCountersPerThread><RunTimeCountersPerThread Thread="10" ActualRows="0" Batches="0" ActualElapsedms="0" ActualCPUms="0" ActualEndOfScans="0" ActualExecutions="0" ActualExecutionMode="Row"></RunTimeCountersPerThread><RunTimeCountersPerThread Thread="9" ActualRows="0" Batches="0" ActualElapsedms="0" ActualCPUms="0" ActualEndOfScans="0" ActualExecutions="0" ActualExecutionMode="Row"></RunTimeCountersPerThread><RunTimeCountersPerThread Thread="8" ActualRows="0" Batches="0" ActualElapsedms="0" ActualCPUms="0" ActualEndOfScans="0" ActualExecutions="0" ActualExecutionMode="Row"></RunTimeCountersPerThread><RunTimeCountersPerThread Thread="7" ActualRows="0" Batches="0" ActualElapsedms="0" ActualCPUms="0" ActualEndOfScans="0" ActualExecutions="0" ActualExecutionMode="Row"></RunTimeCountersPerThread><RunTimeCountersPerThread Thread="6" ActualRows="0" Batches="0" ActualElapsedms="0" ActualCPUms="0" ActualEndOfScans="0" ActualExecutions="0" ActualExecutionMode="Row"></RunTimeCountersPerThread><RunTimeCountersPerThread Thread="5" ActualRows="0" Batches="0" ActualElapsedms="0" ActualCPUms="0" ActualEndOfScans="0" ActualExecutions="0" ActualExecutionMode="Row"></RunTimeCountersPerThread><RunTimeCountersPerThread Thread="4" ActualRows="0" Batches="0" ActualElapsedms="0" ActualCPUms="0" ActualEndOfScans="0" ActualExecutions="0" ActualExecutionMode="Row"></RunTimeCountersPerThread><RunTimeCountersPerThread Thread="3" ActualRows="0" Batches="0" ActualElapsedms="0" ActualCPUms="0" ActualEndOfScans="0" ActualExecutions="0" ActualExecutionMode="Row"></RunTimeCountersPerThread><RunTimeCountersPerThread Thread="2" ActualRows="3" Batches="0" ActualElapsedms="0" ActualCPUms="0" ActualEndOfScans="0" ActualExecutions="3" ActualExecutionMode="Row"></RunTimeCountersPerThread><RunTimeCountersPerThread Thread="1" ActualRows="0" Batches="0" ActualElapsedms="0" ActualCPUms="0" ActualEndOfScans="0" ActualExecutions="0" ActualExecutionMode="Row"></RunTimeCountersPerThread><RunTimeCountersPerThread Thread="0" ActualRows="0" Batches="0" ActualElapsedms="0" ActualCPUms="0" ActualEndOfScans="0" ActualExecutions="0" ActualExecutionMode="Row"></RunTimeCountersPerThread></RunTimeInformation><Assert StartupExpression="0"><RelOp NodeId="60" PhysicalOp="Stream Aggregate" LogicalOp="Aggregate" EstimateRows="1" EstimateIO="0" EstimateCPU="1.1e-06" AvgRowSize="19" EstimatedTotalSubtreeCost="1.21823" Parallel="1" EstimateRebinds="0" EstimateRewinds="3769" EstimatedExecutionMode="Row"><OutputList><ColumnReference Column="Expr1051"></ColumnReference><ColumnReference Column="Expr1052"></ColumnReference></OutputList><RunTimeInformation><RunTimeCountersPerThread Thread="12" ActualRows="0" Batches="0" ActualElapsedms="0" ActualCPUms="0" ActualEndOfScans="0" ActualExecutions="0" ActualExecutionMode="Row"></RunTimeCountersPerThread><RunTimeCountersPerThread Thread="11" ActualRows="0" Batches="0" ActualElapsedms="0" ActualCPUms="0" ActualEndOfScans="0" ActualExecutions="0" ActualExecutionMode="Row"></RunTimeCountersPerThread><RunTimeCountersPerThread Thread="10" ActualRows="0" Batches="0" ActualElapsedms="0" ActualCPUms="0" ActualEndOfScans="0" ActualExecutions="0" ActualExecutionMode="Row"></RunTimeCountersPerThread><RunTimeCountersPerThread Thread="9" ActualRows="0" Batches="0" ActualElapsedms="0" ActualCPUms="0" ActualEndOfScans="0" ActualExecutions="0" ActualExecutionMode="Row"></RunTimeCountersPerThread><RunTimeCountersPerThread Thread="8" ActualRows="0" Batches="0" ActualElapsedms="0" ActualCPUms="0" ActualEndOfScans="0" ActualExecutions="0" ActualExecutionMode="Row"></RunTimeCountersPerThread><RunTimeCountersPerThread Thread="7" ActualRows="0" Batches="0" ActualElapsedms="0" ActualCPUms="0" ActualEndOfScans="0" ActualExecutions="0" ActualExecutionMode="Row"></RunTimeCountersPerThread><RunTimeCountersPerThread Thread="6" ActualRows="0" Batches="0" ActualElapsedms="0" ActualCPUms="0" ActualEndOfScans="0" ActualExecutions="0" ActualExecutionMode="Row"></RunTimeCountersPerThread><RunTimeCountersPerThread Thread="5" ActualRows="0" Batches="0" ActualElapsedms="0" ActualCPUms="0" ActualEndOfScans="0" ActualExecutions="0" ActualExecutionMode="Row"></RunTimeCountersPerThread><RunTimeCountersPerThread Thread="4" ActualRows="0" Batches="0" ActualElapsedms="0" ActualCPUms="0" ActualEndOfScans="0" ActualExecutions="0" ActualExecutionMode="Row"></RunTimeCountersPerThread><RunTimeCountersPerThread Thread="3" ActualRows="0" Batches="0" ActualElapsedms="0" ActualCPUms="0" ActualEndOfScans="0" ActualExecutions="0" ActualExecutionMode="Row"></RunTimeCountersPerThread><RunTimeCountersPerThread Thread="2" ActualRows="3" Batches="0" ActualElapsedms="0" ActualCPUms="0" ActualEndOfScans="0" ActualExecutions="3" ActualExecutionMode="Row"></RunTimeCountersPerThread><RunTimeCountersPerThread Thread="1" ActualRows="0" Batches="0" ActualElapsedms="0" ActualCPUms="0" ActualEndOfScans="0" ActualExecutions="0" ActualExecutionMode="Row"></RunTimeCountersPerThread><RunTimeCountersPerThread Thread="0" ActualRows="0" Batches="0" ActualElapsedms="0" ActualCPUms="0" ActualEndOfScans="0" ActualExecutions="0" ActualExecutionMode="Row"></RunTimeCountersPerThread></RunTimeInformation><StreamAggregate><DefinedValues><DefinedValue><ColumnReference Column="Expr1051"></ColumnReference><ScalarOperator ScalarString="Count(*)"><Aggregate AggType="countstar" Distinct="0"></Aggregate></ScalarOperator></DefinedValue><DefinedValue><ColumnReference Column="Expr1052"></ColumnReference><ScalarOperator ScalarString="ANY([tpch].[dbo].[nation].[N_RegionKey] as [n2].[N_RegionKey])"><Aggregate Distinct="0" AggType="ANY"><ScalarOperator><Identifier><ColumnReference Database="[tpch]" Schema="[dbo]" Table="[nation]" Alias="[n2]" Column="N_RegionKey"></ColumnReference></Identifier></ScalarOperator></Aggregate></ScalarOperator></DefinedValue></DefinedValues><RelOp NodeId="61" PhysicalOp="Nested Loops" LogicalOp="Inner Join" EstimateRows="1" EstimateIO="0" EstimateCPU="4.18e-06" AvgRowSize="11" EstimatedTotalSubtreeCost="1.21408" Parallel="1" EstimateRebinds="0" EstimateRewinds="3769" EstimatedExecutionMode="Row"><OutputList><ColumnReference Database="[tpch]" Schema="[dbo]" Table="[nation]" Alias="[n2]" Column="N_RegionKey"></ColumnReference></OutputList><RunTimeInformation><RunTimeCountersPerThread Thread="12" ActualRows="0" Batches="0" ActualElapsedms="0" ActualCPUms="0" ActualEndOfScans="0" ActualExecutions="0" ActualExecutionMode="Row"></RunTimeCountersPerThread><RunTimeCountersPerThread Thread="11" ActualRows="0" Batches="0" ActualElapsedms="0" ActualCPUms="0" ActualEndOfScans="0" ActualExecutions="0" ActualExecutionMode="Row"></RunTimeCountersPerThread><RunTimeCountersPerThread Thread="10" ActualRows="0" Batches="0" ActualElapsedms="0" ActualCPUms="0" ActualEndOfScans="0" ActualExecutions="0" ActualExecutionMode="Row"></RunTimeCountersPerThread><RunTimeCountersPerThread Thread="9" ActualRows="0" Batches="0" ActualElapsedms="0" ActualCPUms="0" ActualEndOfScans="0" ActualExecutions="0" ActualExecutionMode="Row"></RunTimeCountersPerThread><RunTimeCountersPerThread Thread="8" ActualRows="0" Batches="0" ActualElapsedms="0" ActualCPUms="0" ActualEndOfScans="0" ActualExecutions="0" ActualExecutionMode="Row"></RunTimeCountersPerThread><RunTimeCountersPerThread Thread="7" ActualRows="0" Batches="0" ActualElapsedms="0" ActualCPUms="0" ActualEndOfScans="0" ActualExecutions="0" ActualExecutionMode="Row"></RunTimeCountersPerThread><RunTimeCountersPerThread Thread="6" ActualRows="0" Batches="0" ActualElapsedms="0" ActualCPUms="0" ActualEndOfScans="0" ActualExecutions="0" ActualExecutionMode="Row"></RunTimeCountersPerThread><RunTimeCountersPerThread Thread="5" ActualRows="0" Batches="0" ActualElapsedms="0" ActualCPUms="0" ActualEndOfScans="0" ActualExecutions="0" ActualExecutionMode="Row"></RunTimeCountersPerThread><RunTimeCountersPerThread Thread="4" ActualRows="0" Batches="0" ActualElapsedms="0" ActualCPUms="0" ActualEndOfScans="0" ActualExecutions="0" ActualExecutionMode="Row"></RunTimeCountersPerThread><RunTimeCountersPerThread Thread="3" ActualRows="0" Batches="0" ActualElapsedms="0" ActualCPUms="0" ActualEndOfScans="0" ActualExecutions="0" ActualExecutionMode="Row"></RunTimeCountersPerThread><RunTimeCountersPerThread Thread="2" ActualRows="3" Batches="0" ActualElapsedms="0" ActualCPUms="0" ActualEndOfScans="3" ActualExecutions="3" ActualExecutionMode="Row"></RunTimeCountersPerThread><RunTimeCountersPerThread Thread="1" ActualRows="0" Batches="0" ActualElapsedms="0" ActualCPUms="0" ActualEndOfScans="0" ActualExecutions="0" ActualExecutionMode="Row"></RunTimeCountersPerThread><RunTimeCountersPerThread Thread="0" ActualRows="0" Batches="0" ActualElapsedms="0" ActualCPUms="0" ActualEndOfScans="0" ActualExecutions="0" ActualExecutionMode="Row"></RunTimeCountersPerThread></RunTimeInformation><NestedLoops Optimized="0"><OuterReferences><ColumnReference Database="[tpch]" Schema="[dbo]" Table="[customer]" Alias="[c2]" Column="C_NationKey"></ColumnReference></OuterReferences><RelOp NodeId="62" PhysicalOp="Clustered Index Seek" LogicalOp="Clustered Index Seek" EstimateRows="1" EstimatedRowsRead="1" EstimateIO="0.003125" EstimateCPU="0.0001581" AvgRowSize="11" EstimatedTotalSubtreeCost="0.599162" TableCardinality="150000" Parallel="1" EstimateRebinds="0" EstimateRewinds="3769" EstimatedExecutionMode="Row"><OutputList><ColumnReference Database="[tpch]" Schema="[dbo]" Table="[customer]" Alias="[c2]" Column="C_NationKey"></ColumnReference></OutputList><RunTimeInformation><RunTimeCountersPerThread Thread="12" ActualRows="0" Batches="0" ActualElapsedms="0" ActualCPUms="0" ActualScans="0" ActualLogicalReads="0" ActualPhysicalReads="0" ActualReadAheads="0" ActualLobLogicalReads="0" ActualLobPhysicalReads="0" ActualLobReadAheads="0" ActualEndOfScans="0" ActualExecutions="0" ActualExecutionMode="Row"></RunTimeCountersPerThread><RunTimeCountersPerThread Thread="11" ActualRows="0" Batches="0" ActualElapsedms="0" ActualCPUms="0" ActualScans="0" ActualLogicalReads="0" ActualPhysicalReads="0" ActualReadAheads="0" ActualLobLogicalReads="0" ActualLobPhysicalReads="0" ActualLobReadAheads="0" ActualEndOfScans="0" ActualExecutions="0" ActualExecutionMode="Row"></RunTimeCountersPerThread><RunTimeCountersPerThread Thread="10" ActualRows="0" Batches="0" ActualElapsedms="0" ActualCPUms="0" ActualScans="0" ActualLogicalReads="0" ActualPhysicalReads="0" ActualReadAheads="0" ActualLobLogicalReads="0" ActualLobPhysicalReads="0" ActualLobReadAheads="0" ActualEndOfScans="0" ActualExecutions="0" ActualExecutionMode="Row"></RunTimeCountersPerThread><RunTimeCountersPerThread Thread="9" ActualRows="0" Batches="0" ActualElapsedms="0" ActualCPUms="0" ActualScans="0" ActualLogicalReads="0" ActualPhysicalReads="0" ActualReadAheads="0" ActualLobLogicalReads="0" ActualLobPhysicalReads="0" ActualLobReadAheads="0" ActualEndOfScans="0" ActualExecutions="0" ActualExecutionMode="Row"></RunTimeCountersPerThread><RunTimeCountersPerThread Thread="8" ActualRows="0" Batches="0" ActualElapsedms="0" ActualCPUms="0" ActualScans="0" ActualLogicalReads="0" ActualPhysicalReads="0" ActualReadAheads="0" ActualLobLogicalReads="0" ActualLobPhysicalReads="0" ActualLobReadAheads="0" ActualEndOfScans="0" ActualExecutions="0" ActualExecutionMode="Row"></RunTimeCountersPerThread><RunTimeCountersPerThread Thread="7" ActualRows="0" Batches="0" ActualElapsedms="0" ActualCPUms="0" ActualScans="0" ActualLogicalReads="0" ActualPhysicalReads="0" ActualReadAheads="0" ActualLobLogicalReads="0" ActualLobPhysicalReads="0" ActualLobReadAheads="0" ActualEndOfScans="0" ActualExecutions="0" ActualExecutionMode="Row"></RunTimeCountersPerThread><RunTimeCountersPerThread Thread="6" ActualRows="0" Batches="0" ActualElapsedms="0" ActualCPUms="0" ActualScans="0" ActualLogicalReads="0" ActualPhysicalReads="0" ActualReadAheads="0" ActualLobLogicalReads="0" ActualLobPhysicalReads="0" ActualLobReadAheads="0" ActualEndOfScans="0" ActualExecutions="0" ActualExecutionMode="Row"></RunTimeCountersPerThread><RunTimeCountersPerThread Thread="5" ActualRows="0" Batches="0" ActualElapsedms="0" ActualCPUms="0" ActualScans="0" ActualLogicalReads="0" ActualPhysicalReads="0" ActualReadAheads="0" ActualLobLogicalReads="0" ActualLobPhysicalReads="0" ActualLobReadAheads="0" ActualEndOfScans="0" ActualExecutions="0" ActualExecutionMode="Row"></RunTimeCountersPerThread><RunTimeCountersPerThread Thread="4" ActualRows="0" Batches="0" ActualElapsedms="0" ActualCPUms="0" ActualScans="0" ActualLogicalReads="0" ActualPhysicalReads="0" ActualReadAheads="0" ActualLobLogicalReads="0" ActualLobPhysicalReads="0" ActualLobReadAheads="0" ActualEndOfScans="0" ActualExecutions="0" ActualExecutionMode="Row"></RunTimeCountersPerThread><RunTimeCountersPerThread Thread="3" ActualRows="0" Batches="0" ActualElapsedms="0" ActualCPUms="0" ActualScans="0" ActualLogicalReads="0" ActualPhysicalReads="0" ActualReadAheads="0" ActualLobLogicalReads="0" ActualLobPhysicalReads="0" ActualLobReadAheads="0" ActualEndOfScans="0" ActualExecutions="0" ActualExecutionMode="Row"></RunTimeCountersPerThread><RunTimeCountersPerThread Thread="2" ActualRows="3" Batches="0" ActualElapsedms="0" ActualCPUms="0" ActualScans="0" ActualLogicalReads="9" ActualPhysicalReads="0" ActualReadAheads="0" ActualLobLogicalReads="0" ActualLobPhysicalReads="0" ActualLobReadAheads="0" ActualRowsRead="3" ActualEndOfScans="3" ActualExecutions="3" ActualExecutionMode="Row"></RunTimeCountersPerThread><RunTimeCountersPerThread Thread="1" ActualRows="0" Batches="0" ActualElapsedms="0" ActualCPUms="0" ActualScans="0" ActualLogicalReads="0" ActualPhysicalReads="0" ActualReadAheads="0" ActualLobLogicalReads="0" ActualLobPhysicalReads="0" ActualLobReadAheads="0" ActualEndOfScans="0" ActualExecutions="0" ActualExecutionMode="Row"></RunTimeCountersPerThread><RunTimeCountersPerThread Thread="0" ActualRows="0" Batches="0" ActualElapsedms="0" ActualCPUms="0" ActualScans="0" ActualLogicalReads="0" ActualPhysicalReads="0" ActualReadAheads="0" ActualLobLogicalReads="0" ActualLobPhysicalReads="0" ActualLobReadAheads="0" ActualEndOfScans="0" ActualExecutions="0" ActualExecutionMode="Row"></RunTimeCountersPerThread></RunTimeInformation><IndexScan Ordered="1" ScanDirection="FORWARD" ForcedIndex="0" ForceSeek="0" ForceScan="0" NoExpandHint="0" Storage="RowStore"><DefinedValues><DefinedValue><ColumnReference Database="[tpch]" Schema="[dbo]" Table="[customer]" Alias="[c2]" Column="C_NationKey"></ColumnReference></DefinedValue></DefinedValues><Object Database="[tpch]" Schema="[dbo]" Table="[customer]" Index="[PK__customer__48695B7174053BCB]" Alias="[c2]" TableReferenceId="2" IndexKind="Clustered" Storage="RowStore"></Object><SeekPredicates><SeekPredicateNew><SeekKeys><Prefix ScanType="EQ"><RangeColumns><ColumnReference Database="[tpch]" Schema="[dbo]" Table="[customer]" Alias="[c2]" Column="C_CustKey"></ColumnReference></RangeColumns><RangeExpressions><ScalarOperator ScalarString="(1111)"><Const ConstValue="(1111)"></Const></ScalarOperator></RangeExpressions></Prefix></SeekKeys></SeekPredicateNew></SeekPredicates></IndexScan></RelOp><RelOp NodeId="63" PhysicalOp="Clustered Index Seek" LogicalOp="Clustered Index Seek" EstimateRows="1" EstimatedRowsRead="1" EstimateIO="0.003125" EstimateCPU="0.0001581" AvgRowSize="11" EstimatedTotalSubtreeCost="0.599162" TableCardinality="25" Parallel="1" EstimateRebinds="0" EstimateRewinds="3769" EstimatedExecutionMode="Row"><OutputList><ColumnReference Database="[tpch]" Schema="[dbo]" Table="[nation]" Alias="[n2]" Column="N_RegionKey"></ColumnReference></OutputList><RunTimeInformation><RunTimeCountersPerThread Thread="12" ActualRows="0" Batches="0" ActualElapsedms="0" ActualCPUms="0" ActualScans="0" ActualLogicalReads="0" ActualPhysicalReads="0" ActualReadAheads="0" ActualLobLogicalReads="0" ActualLobPhysicalReads="0" ActualLobReadAheads="0" ActualEndOfScans="0" ActualExecutions="0" ActualExecutionMode="Row"></RunTimeCountersPerThread><RunTimeCountersPerThread Thread="11" ActualRows="0" Batches="0" ActualElapsedms="0" ActualCPUms="0" ActualScans="0" ActualLogicalReads="0" ActualPhysicalReads="0" ActualReadAheads="0" ActualLobLogicalReads="0" ActualLobPhysicalReads="0" ActualLobReadAheads="0" ActualEndOfScans="0" ActualExecutions="0" ActualExecutionMode="Row"></RunTimeCountersPerThread><RunTimeCountersPerThread Thread="10" ActualRows="0" Batches="0" ActualElapsedms="0" ActualCPUms="0" ActualScans="0" ActualLogicalReads="0" ActualPhysicalReads="0" ActualReadAheads="0" ActualLobLogicalReads="0" ActualLobPhysicalReads="0" ActualLobReadAheads="0" ActualEndOfScans="0" ActualExecutions="0" ActualExecutionMode="Row"></RunTimeCountersPerThread><RunTimeCountersPerThread Thread="9" ActualRows="0" Batches="0" ActualElapsedms="0" ActualCPUms="0" ActualScans="0" ActualLogicalReads="0" ActualPhysicalReads="0" ActualReadAheads="0" ActualLobLogicalReads="0" ActualLobPhysicalReads="0" ActualLobReadAheads="0" ActualEndOfScans="0" ActualExecutions="0" ActualExecutionMode="Row"></RunTimeCountersPerThread><RunTimeCountersPerThread Thread="8" ActualRows="0" Batches="0" ActualElapsedms="0" ActualCPUms="0" ActualScans="0" ActualLogicalReads="0" ActualPhysicalReads="0" ActualReadAheads="0" ActualLobLogicalReads="0" ActualLobPhysicalReads="0" ActualLobReadAheads="0" ActualEndOfScans="0" ActualExecutions="0" ActualExecutionMode="Row"></RunTimeCountersPerThread><RunTimeCountersPerThread Thread="7" ActualRows="0" Batches="0" ActualElapsedms="0" ActualCPUms="0" ActualScans="0" ActualLogicalReads="0" ActualPhysicalReads="0" ActualReadAheads="0" ActualLobLogicalReads="0" ActualLobPhysicalReads="0" ActualLobReadAheads="0" ActualEndOfScans="0" ActualExecutions="0" ActualExecutionMode="Row"></RunTimeCountersPerThread><RunTimeCountersPerThread Thread="6" ActualRows="0" Batches="0" ActualElapsedms="0" ActualCPUms="0" ActualScans="0" ActualLogicalReads="0" ActualPhysicalReads="0" ActualReadAheads="0" ActualLobLogicalReads="0" ActualLobPhysicalReads="0" ActualLobReadAheads="0" ActualEndOfScans="0" ActualExecutions="0" ActualExecutionMode="Row"></RunTimeCountersPerThread><RunTimeCountersPerThread Thread="5" ActualRows="0" Batches="0" ActualElapsedms="0" ActualCPUms="0" ActualScans="0" ActualLogicalReads="0" ActualPhysicalReads="0" ActualReadAheads="0" ActualLobLogicalReads="0" ActualLobPhysicalReads="0" ActualLobReadAheads="0" ActualEndOfScans="0" ActualExecutions="0" ActualExecutionMode="Row"></RunTimeCountersPerThread><RunTimeCountersPerThread Thread="4" ActualRows="0" Batches="0" ActualElapsedms="0" ActualCPUms="0" ActualScans="0" ActualLogicalReads="0" ActualPhysicalReads="0" ActualReadAheads="0" ActualLobLogicalReads="0" ActualLobPhysicalReads="0" ActualLobReadAheads="0" ActualEndOfScans="0" ActualExecutions="0" ActualExecutionMode="Row"></RunTimeCountersPerThread><RunTimeCountersPerThread Thread="3" ActualRows="0" Batches="0" ActualElapsedms="0" ActualCPUms="0" ActualScans="0" ActualLogicalReads="0" ActualPhysicalReads="0" ActualReadAheads="0" ActualLobLogicalReads="0" ActualLobPhysicalReads="0" ActualLobReadAheads="0" ActualEndOfScans="0" ActualExecutions="0" ActualExecutionMode="Row"></RunTimeCountersPerThread><RunTimeCountersPerThread Thread="2" ActualRows="3" Batches="0" ActualElapsedms="0" ActualCPUms="0" ActualScans="0" ActualLogicalReads="6" ActualPhysicalReads="0" ActualReadAheads="0" ActualLobLogicalReads="0" ActualLobPhysicalReads="0" ActualLobReadAheads="0" ActualRowsRead="3" ActualEndOfScans="0" ActualExecutions="3" ActualExecutionMode="Row"></RunTimeCountersPerThread><RunTimeCountersPerThread Thread="1" ActualRows="0" Batches="0" ActualElapsedms="0" ActualCPUms="0" ActualScans="0" ActualLogicalReads="0" ActualPhysicalReads="0" ActualReadAheads="0" ActualLobLogicalReads="0" ActualLobPhysicalReads="0" ActualLobReadAheads="0" ActualEndOfScans="0" ActualExecutions="0" ActualExecutionMode="Row"></RunTimeCountersPerThread><RunTimeCountersPerThread Thread="0" ActualRows="0" Batches="0" ActualElapsedms="0" ActualCPUms="0" ActualScans="0" ActualLogicalReads="0" ActualPhysicalReads="0" ActualReadAheads="0" ActualLobLogicalReads="0" ActualLobPhysicalReads="0" ActualLobReadAheads="0" ActualEndOfScans="0" ActualExecutions="0" ActualExecutionMode="Row"></RunTimeCountersPerThread></RunTimeInformation><IndexScan Ordered="1" ScanDirection="FORWARD" ForcedIndex="0" ForceSeek="0" ForceScan="0" NoExpandHint="0" Storage="RowStore"><DefinedValues><DefinedValue><ColumnReference Database="[tpch]" Schema="[dbo]" Table="[nation]" Alias="[n2]" Column="N_RegionKey"></ColumnReference></DefinedValue></DefinedValues><Object Database="[tpch]" Schema="[dbo]" Table="[nation]" Index="[PK__nation__BD377952AE350C6C]" Alias="[n2]" TableReferenceId="2" IndexKind="Clustered" Storage="RowStore"></Object><SeekPredicates><SeekPredicateNew><SeekKeys><Prefix ScanType="EQ"><RangeColumns><ColumnReference Database="[tpch]" Schema="[dbo]" Table="[nation]" Alias="[n2]" Column="N_NationKey"></ColumnReference></RangeColumns><RangeExpressions><ScalarOperator ScalarString="[tpch].[dbo].[customer].[C_NationKey] as [c2].[C_NationKey]"><Identifier><ColumnReference Database="[tpch]" Schema="[dbo]" Table="[customer]" Alias="[c2]" Column="C_NationKey"></ColumnReference></Identifier></ScalarOperator></RangeExpressions></Prefix></SeekKeys></SeekPredicateNew></SeekPredicates></IndexScan></RelOp></NestedLoops></RelOp></StreamAggregate></RelOp><Predicate><ScalarOperator ScalarString="CASE WHEN [Expr1051]&gt;(1) THEN (0) ELSE NULL END"><IF><Condition><ScalarOperator><Compare CompareOp="GT"><ScalarOperator><Identifier><ColumnReference Column="Expr1051"></ColumnReference></Identifier></ScalarOperator><ScalarOperator><Const ConstValue="(1)"></Const></ScalarOperator></Compare></ScalarOperator></Condition><Then><ScalarOperator><Const ConstValue="(0)"></Const></ScalarOperator></Then><Else><ScalarOperator><Const ConstValue="NULL"></Const></ScalarOperator></Else></IF></ScalarOperator></Predicate></Assert></RelOp><RelOp NodeId="64" PhysicalOp="Assert" LogicalOp="Assert" EstimateRows="1" EstimateIO="0" EstimateCPU="4.8e-07" AvgRowSize="11" EstimatedTotalSubtreeCost="16.8826" Parallel="1" EstimateRebinds="3765" EstimateRewinds="4" EstimatedExecutionMode="Row"><OutputList><ColumnReference Column="Expr1050"></ColumnReference></OutputList><RunTimeInformation><RunTimeCountersPerThread Thread="12" ActualRows="0" Batches="0" ActualElapsedms="0" ActualCPUms="0" ActualEndOfScans="0" ActualExecutions="0" ActualExecutionMode="Row"></RunTimeCountersPerThread><RunTimeCountersPerThread Thread="11" ActualRows="0" Batches="0" ActualElapsedms="0" ActualCPUms="0" ActualEndOfScans="0" ActualExecutions="0" ActualExecutionMode="Row"></RunTimeCountersPerThread><RunTimeCountersPerThread Thread="10" ActualRows="0" Batches="0" ActualElapsedms="0" ActualCPUms="0" ActualEndOfScans="0" ActualExecutions="0" ActualExecutionMode="Row"></RunTimeCountersPerThread><RunTimeCountersPerThread Thread="9" ActualRows="0" Batches="0" ActualElapsedms="0" ActualCPUms="0" ActualEndOfScans="0" ActualExecutions="0" ActualExecutionMode="Row"></RunTimeCountersPerThread><RunTimeCountersPerThread Thread="8" ActualRows="0" Batches="0" ActualElapsedms="0" ActualCPUms="0" ActualEndOfScans="0" ActualExecutions="0" ActualExecutionMode="Row"></RunTimeCountersPerThread><RunTimeCountersPerThread Thread="7" ActualRows="0" Batches="0" ActualElapsedms="0" ActualCPUms="0" ActualEndOfScans="0" ActualExecutions="0" ActualExecutionMode="Row"></RunTimeCountersPerThread><RunTimeCountersPerThread Thread="6" ActualRows="0" Batches="0" ActualElapsedms="0" ActualCPUms="0" ActualEndOfScans="0" ActualExecutions="0" ActualExecutionMode="Row"></RunTimeCountersPerThread><RunTimeCountersPerThread Thread="5" ActualRows="0" Batches="0" ActualElapsedms="0" ActualCPUms="0" ActualEndOfScans="0" ActualExecutions="0" ActualExecutionMode="Row"></RunTimeCountersPerThread><RunTimeCountersPerThread Thread="4" ActualRows="0" Batches="0" ActualElapsedms="0" ActualCPUms="0" ActualEndOfScans="0" ActualExecutions="0" ActualExecutionMode="Row"></RunTimeCountersPerThread><RunTimeCountersPerThread Thread="3" ActualRows="0" Batches="0" ActualElapsedms="0" ActualCPUms="0" ActualEndOfScans="0" ActualExecutions="0" ActualExecutionMode="Row"></RunTimeCountersPerThread><RunTimeCountersPerThread Thread="2" ActualRows="3" Batches="0" ActualElapsedms="0" ActualCPUms="0" ActualEndOfScans="0" ActualExecutions="3" ActualExecutionMode="Row"></RunTimeCountersPerThread><RunTimeCountersPerThread Thread="1" ActualRows="0" Batches="0" ActualElapsedms="0" ActualCPUms="0" ActualEndOfScans="0" ActualExecutions="0" ActualExecutionMode="Row"></RunTimeCountersPerThread><RunTimeCountersPerThread Thread="0" ActualRows="0" Batches="0" ActualElapsedms="0" ActualCPUms="0" ActualEndOfScans="0" ActualExecutions="0" ActualExecutionMode="Row"></RunTimeCountersPerThread></RunTimeInformation><Assert StartupExpression="0"><RelOp NodeId="65" PhysicalOp="Stream Aggregate" LogicalOp="Aggregate" EstimateRows="1" EstimateIO="0" EstimateCPU="1.1e-06" AvgRowSize="19" EstimatedTotalSubtreeCost="16.8808" Parallel="1" EstimateRebinds="3765" EstimateRewinds="4" EstimatedExecutionMode="Row"><OutputList><ColumnReference Column="Expr1049"></ColumnReference><ColumnReference Column="Expr1050"></ColumnReference></OutputList><RunTimeInformation><RunTimeCountersPerThread Thread="12" ActualRows="0" Batches="0" ActualElapsedms="0" ActualCPUms="0" ActualEndOfScans="0" ActualExecutions="0" ActualExecutionMode="Row"></RunTimeCountersPerThread><RunTimeCountersPerThread Thread="11" ActualRows="0" Batches="0" ActualElapsedms="0" ActualCPUms="0" ActualEndOfScans="0" ActualExecutions="0" ActualExecutionMode="Row"></RunTimeCountersPerThread><RunTimeCountersPerThread Thread="10" ActualRows="0" Batches="0" ActualElapsedms="0" ActualCPUms="0" ActualEndOfScans="0" ActualExecutions="0" ActualExecutionMode="Row"></RunTimeCountersPerThread><RunTimeCountersPerThread Thread="9" ActualRows="0" Batches="0" ActualElapsedms="0" ActualCPUms="0" ActualEndOfScans="0" ActualExecutions="0" ActualExecutionMode="Row"></RunTimeCountersPerThread><RunTimeCountersPerThread Thread="8" ActualRows="0" Batches="0" ActualElapsedms="0" ActualCPUms="0" ActualEndOfScans="0" ActualExecutions="0" ActualExecutionMode="Row"></RunTimeCountersPerThread><RunTimeCountersPerThread Thread="7" ActualRows="0" Batches="0" ActualElapsedms="0" ActualCPUms="0" ActualEndOfScans="0" ActualExecutions="0" ActualExecutionMode="Row"></RunTimeCountersPerThread><RunTimeCountersPerThread Thread="6" ActualRows="0" Batches="0" ActualElapsedms="0" ActualCPUms="0" ActualEndOfScans="0" ActualExecutions="0" ActualExecutionMode="Row"></RunTimeCountersPerThread><RunTimeCountersPerThread Thread="5" ActualRows="0" Batches="0" ActualElapsedms="0" ActualCPUms="0" ActualEndOfScans="0" ActualExecutions="0" ActualExecutionMode="Row"></RunTimeCountersPerThread><RunTimeCountersPerThread Thread="4" ActualRows="0" Batches="0" ActualElapsedms="0" ActualCPUms="0" ActualEndOfScans="0" ActualExecutions="0" ActualExecutionMode="Row"></RunTimeCountersPerThread><RunTimeCountersPerThread Thread="3" ActualRows="0" Batches="0" ActualElapsedms="0" ActualCPUms="0" ActualEndOfScans="0" ActualExecutions="0" ActualExecutionMode="Row"></RunTimeCountersPerThread><RunTimeCountersPerThread Thread="2" ActualRows="3" Batches="0" ActualElapsedms="0" ActualCPUms="0" ActualEndOfScans="0" ActualExecutions="3" ActualExecutionMode="Row"></RunTimeCountersPerThread><RunTimeCountersPerThread Thread="1" ActualRows="0" Batches="0" ActualElapsedms="0" ActualCPUms="0" ActualEndOfScans="0" ActualExecutions="0" ActualExecutionMode="Row"></RunTimeCountersPerThread><RunTimeCountersPerThread Thread="0" ActualRows="0" Batches="0" ActualElapsedms="0" ActualCPUms="0" ActualEndOfScans="0" ActualExecutions="0" ActualExecutionMode="Row"></RunTimeCountersPerThread></RunTimeInformation><StreamAggregate><DefinedValues><DefinedValue><ColumnReference Column="Expr1049"></ColumnReference><ScalarOperator ScalarString="Count(*)"><Aggregate AggType="countstar" Distinct="0"></Aggregate></ScalarOperator></DefinedValue><DefinedValue><ColumnReference Column="Expr1050"></ColumnReference><ScalarOperator ScalarString="ANY([tpch].[dbo].[nation].[N_RegionKey] as [n].[N_RegionKey])"><Aggregate Distinct="0" AggType="ANY"><ScalarOperator><Identifier><ColumnReference Database="[tpch]" Schema="[dbo]" Table="[nation]" Alias="[n]" Column="N_RegionKey"></ColumnReference></Identifier></ScalarOperator></Aggregate></ScalarOperator></DefinedValue></DefinedValues><RelOp NodeId="66" PhysicalOp="Nested Loops" LogicalOp="Inner Join" EstimateRows="1" EstimateIO="0" EstimateCPU="4.18e-06" AvgRowSize="11" EstimatedTotalSubtreeCost="16.8766" Parallel="1" EstimateRebinds="3765" EstimateRewinds="4" EstimatedExecutionMode="Row"><OutputList><ColumnReference Database="[tpch]" Schema="[dbo]" Table="[nation]" Alias="[n]" Column="N_RegionKey"></ColumnReference></OutputList><RunTimeInformation><RunTimeCountersPerThread Thread="12" ActualRows="0" Batches="0" ActualElapsedms="0" ActualCPUms="0" ActualEndOfScans="0" ActualExecutions="0" ActualExecutionMode="Row"></RunTimeCountersPerThread><RunTimeCountersPerThread Thread="11" ActualRows="0" Batches="0" ActualElapsedms="0" ActualCPUms="0" ActualEndOfScans="0" ActualExecutions="0" ActualExecutionMode="Row"></RunTimeCountersPerThread><RunTimeCountersPerThread Thread="10" ActualRows="0" Batches="0" ActualElapsedms="0" ActualCPUms="0" ActualEndOfScans="0" ActualExecutions="0" ActualExecutionMode="Row"></RunTimeCountersPerThread><RunTimeCountersPerThread Thread="9" ActualRows="0" Batches="0" ActualElapsedms="0" ActualCPUms="0" ActualEndOfScans="0" ActualExecutions="0" ActualExecutionMode="Row"></RunTimeCountersPerThread><RunTimeCountersPerThread Thread="8" ActualRows="0" Batches="0" ActualElapsedms="0" ActualCPUms="0" ActualEndOfScans="0" ActualExecutions="0" ActualExecutionMode="Row"></RunTimeCountersPerThread><RunTimeCountersPerThread Thread="7" ActualRows="0" Batches="0" ActualElapsedms="0" ActualCPUms="0" ActualEndOfScans="0" ActualExecutions="0" ActualExecutionMode="Row"></RunTimeCountersPerThread><RunTimeCountersPerThread Thread="6" ActualRows="0" Batches="0" ActualElapsedms="0" ActualCPUms="0" ActualEndOfScans="0" ActualExecutions="0" ActualExecutionMode="Row"></RunTimeCountersPerThread><RunTimeCountersPerThread Thread="5" ActualRows="0" Batches="0" ActualElapsedms="0" ActualCPUms="0" ActualEndOfScans="0" ActualExecutions="0" ActualExecutionMode="Row"></RunTimeCountersPerThread><RunTimeCountersPerThread Thread="4" ActualRows="0" Batches="0" ActualElapsedms="0" ActualCPUms="0" ActualEndOfScans="0" ActualExecutions="0" ActualExecutionMode="Row"></RunTimeCountersPerThread><RunTimeCountersPerThread Thread="3" ActualRows="0" Batches="0" ActualElapsedms="0" ActualCPUms="0" ActualEndOfScans="0" ActualExecutions="0" ActualExecutionMode="Row"></RunTimeCountersPerThread><RunTimeCountersPerThread Thread="2" ActualRows="3" Batches="0" ActualElapsedms="0" ActualCPUms="0" ActualEndOfScans="3" ActualExecutions="3" ActualExecutionMode="Row"></RunTimeCountersPerThread><RunTimeCountersPerThread Thread="1" ActualRows="0" Batches="0" ActualElapsedms="0" ActualCPUms="0" ActualEndOfScans="0" ActualExecutions="0" ActualExecutionMode="Row"></RunTimeCountersPerThread><RunTimeCountersPerThread Thread="0" ActualRows="0" Batches="0" ActualElapsedms="0" ActualCPUms="0" ActualEndOfScans="0" ActualExecutions="0" ActualExecutionMode="Row"></RunTimeCountersPerThread></RunTimeInformation><NestedLoops Optimized="0"><OuterReferences><ColumnReference Database="[tpch]" Schema="[dbo]" Table="[customer]" Alias="[c]" Column="C_NationKey"></ColumnReference></OuterReferences><RelOp NodeId="67" PhysicalOp="Nested Loops" LogicalOp="Inner Join" EstimateRows="1" EstimateIO="0" EstimateCPU="4.18e-06" AvgRowSize="11" EstimatedTotalSubtreeCost="16.2617" Parallel="1" EstimateRebinds="3765" EstimateRewinds="4" EstimatedExecutionMode="Row"><OutputList><ColumnReference Database="[tpch]" Schema="[dbo]" Table="[customer]" Alias="[c]" Column="C_NationKey"></ColumnReference></OutputList><RunTimeInformation><RunTimeCountersPerThread Thread="12" ActualRows="0" Batches="0" ActualElapsedms="0" ActualCPUms="0" ActualEndOfScans="0" ActualExecutions="0" ActualExecutionMode="Row"></RunTimeCountersPerThread><RunTimeCountersPerThread Thread="11" ActualRows="0" Batches="0" ActualElapsedms="0" ActualCPUms="0" ActualEndOfScans="0" ActualExecutions="0" ActualExecutionMode="Row"></RunTimeCountersPerThread><RunTimeCountersPerThread Thread="10" ActualRows="0" Batches="0" ActualElapsedms="0" ActualCPUms="0" ActualEndOfScans="0" ActualExecutions="0" ActualExecutionMode="Row"></RunTimeCountersPerThread><RunTimeCountersPerThread Thread="9" ActualRows="0" Batches="0" ActualElapsedms="0" ActualCPUms="0" ActualEndOfScans="0" ActualExecutions="0" ActualExecutionMode="Row"></RunTimeCountersPerThread><RunTimeCountersPerThread Thread="8" ActualRows="0" Batches="0" ActualElapsedms="0" ActualCPUms="0" ActualEndOfScans="0" ActualExecutions="0" ActualExecutionMode="Row"></RunTimeCountersPerThread><RunTimeCountersPerThread Thread="7" ActualRows="0" Batches="0" ActualElapsedms="0" ActualCPUms="0" ActualEndOfScans="0" ActualExecutions="0" ActualExecutionMode="Row"></RunTimeCountersPerThread><RunTimeCountersPerThread Thread="6" ActualRows="0" Batches="0" ActualElapsedms="0" ActualCPUms="0" ActualEndOfScans="0" ActualExecutions="0" ActualExecutionMode="Row"></RunTimeCountersPerThread><RunTimeCountersPerThread Thread="5" ActualRows="0" Batches="0" ActualElapsedms="0" ActualCPUms="0" ActualEndOfScans="0" ActualExecutions="0" ActualExecutionMode="Row"></RunTimeCountersPerThread><RunTimeCountersPerThread Thread="4" ActualRows="0" Batches="0" ActualElapsedms="0" ActualCPUms="0" ActualEndOfScans="0" ActualExecutions="0" ActualExecutionMode="Row"></RunTimeCountersPerThread><RunTimeCountersPerThread Thread="3" ActualRows="0" Batches="0" ActualElapsedms="0" ActualCPUms="0" ActualEndOfScans="0" ActualExecutions="0" ActualExecutionMode="Row"></RunTimeCountersPerThread><RunTimeCountersPerThread Thread="2" ActualRows="3" Batches="0" ActualElapsedms="0" ActualCPUms="0" ActualEndOfScans="3" ActualExecutions="3" ActualExecutionMode="Row"></RunTimeCountersPerThread><RunTimeCountersPerThread Thread="1" ActualRows="0" Batches="0" ActualElapsedms="0" ActualCPUms="0" ActualEndOfScans="0" ActualExecutions="0" ActualExecutionMode="Row"></RunTimeCountersPerThread><RunTimeCountersPerThread Thread="0" ActualRows="0" Batches="0" ActualElapsedms="0" ActualCPUms="0" ActualEndOfScans="0" ActualExecutions="0" ActualExecutionMode="Row"></RunTimeCountersPerThread></RunTimeInformation><NestedLoops Optimized="0"><OuterReferences><ColumnReference Database="[tpch]" Schema="[dbo]" Table="[orders]" Alias="[o]" Column="O_CustKey"></ColumnReference></OuterReferences><RelOp NodeId="68" PhysicalOp="Clustered Index Seek" LogicalOp="Clustered Index Seek" EstimateRows="1" EstimatedRowsRead="1" EstimateIO="0.003125" EstimateCPU="0.0001581" AvgRowSize="11" EstimatedTotalSubtreeCost="9.43036" TableCardinality="1.5e+06" Parallel="1" EstimateRebinds="3765" EstimateRewinds="4" EstimatedExecutionMode="Row"><OutputList><ColumnReference Database="[tpch]" Schema="[dbo]" Table="[orders]" Alias="[o]" Column="O_CustKey"></ColumnReference></OutputList><RunTimeInformation><RunTimeCountersPerThread Thread="12" ActualRows="0" Batches="0" ActualElapsedms="0" ActualCPUms="0" ActualScans="0" ActualLogicalReads="0" ActualPhysicalReads="0" ActualReadAheads="0" ActualLobLogicalReads="0" ActualLobPhysicalReads="0" ActualLobReadAheads="0" ActualEndOfScans="0" ActualExecutions="0" ActualExecutionMode="Row"></RunTimeCountersPerThread><RunTimeCountersPerThread Thread="11" ActualRows="0" Batches="0" ActualElapsedms="0" ActualCPUms="0" ActualScans="0" ActualLogicalReads="0" ActualPhysicalReads="0" ActualReadAheads="0" ActualLobLogicalReads="0" ActualLobPhysicalReads="0" ActualLobReadAheads="0" ActualEndOfScans="0" ActualExecutions="0" ActualExecutionMode="Row"></RunTimeCountersPerThread><RunTimeCountersPerThread Thread="10" ActualRows="0" Batches="0" ActualElapsedms="0" ActualCPUms="0" ActualScans="0" ActualLogicalReads="0" ActualPhysicalReads="0" ActualReadAheads="0" ActualLobLogicalReads="0" ActualLobPhysicalReads="0" ActualLobReadAheads="0" ActualEndOfScans="0" ActualExecutions="0" ActualExecutionMode="Row"></RunTimeCountersPerThread><RunTimeCountersPerThread Thread="9" ActualRows="0" Batches="0" ActualElapsedms="0" ActualCPUms="0" ActualScans="0" ActualLogicalReads="0" ActualPhysicalReads="0" ActualReadAheads="0" ActualLobLogicalReads="0" ActualLobPhysicalReads="0" ActualLobReadAheads="0" ActualEndOfScans="0" ActualExecutions="0" ActualExecutionMode="Row"></RunTimeCountersPerThread><RunTimeCountersPerThread Thread="8" ActualRows="0" Batches="0" ActualElapsedms="0" ActualCPUms="0" ActualScans="0" ActualLogicalReads="0" ActualPhysicalReads="0" ActualReadAheads="0" ActualLobLogicalReads="0" ActualLobPhysicalReads="0" ActualLobReadAheads="0" ActualEndOfScans="0" ActualExecutions="0" ActualExecutionMode="Row"></RunTimeCountersPerThread><RunTimeCountersPerThread Thread="7" ActualRows="0" Batches="0" ActualElapsedms="0" ActualCPUms="0" ActualScans="0" ActualLogicalReads="0" ActualPhysicalReads="0" ActualReadAheads="0" ActualLobLogicalReads="0" ActualLobPhysicalReads="0" ActualLobReadAheads="0" ActualEndOfScans="0" ActualExecutions="0" ActualExecutionMode="Row"></RunTimeCountersPerThread><RunTimeCountersPerThread Thread="6" ActualRows="0" Batches="0" ActualElapsedms="0" ActualCPUms="0" ActualScans="0" ActualLogicalReads="0" ActualPhysicalReads="0" ActualReadAheads="0" ActualLobLogicalReads="0" ActualLobPhysicalReads="0" ActualLobReadAheads="0" ActualEndOfScans="0" ActualExecutions="0" ActualExecutionMode="Row"></RunTimeCountersPerThread><RunTimeCountersPerThread Thread="5" ActualRows="0" Batches="0" ActualElapsedms="0" ActualCPUms="0" ActualScans="0" ActualLogicalReads="0" ActualPhysicalReads="0" ActualReadAheads="0" ActualLobLogicalReads="0" ActualLobPhysicalReads="0" ActualLobReadAheads="0" ActualEndOfScans="0" ActualExecutions="0" ActualExecutionMode="Row"></RunTimeCountersPerThread><RunTimeCountersPerThread Thread="4" ActualRows="0" Batches="0" ActualElapsedms="0" ActualCPUms="0" ActualScans="0" ActualLogicalReads="0" ActualPhysicalReads="0" ActualReadAheads="0" ActualLobLogicalReads="0" ActualLobPhysicalReads="0" ActualLobReadAheads="0" ActualEndOfScans="0" ActualExecutions="0" ActualExecutionMode="Row"></RunTimeCountersPerThread><RunTimeCountersPerThread Thread="3" ActualRows="0" Batches="0" ActualElapsedms="0" ActualCPUms="0" ActualScans="0" ActualLogicalReads="0" ActualPhysicalReads="0" ActualReadAheads="0" ActualLobLogicalReads="0" ActualLobPhysicalReads="0" ActualLobReadAheads="0" ActualEndOfScans="0" ActualExecutions="0" ActualExecutionMode="Row"></RunTimeCountersPerThread><RunTimeCountersPerThread Thread="2" ActualRows="3" Batches="0" ActualElapsedms="0" ActualCPUms="0" ActualScans="0" ActualLogicalReads="9" ActualPhysicalReads="0" ActualReadAheads="0" ActualLobLogicalReads="0" ActualLobPhysicalReads="0" ActualLobReadAheads="0" ActualRowsRead="3" ActualEndOfScans="3" ActualExecutions="3" ActualExecutionMode="Row"></RunTimeCountersPerThread><RunTimeCountersPerThread Thread="1" ActualRows="0" Batches="0" ActualElapsedms="0" ActualCPUms="0" ActualScans="0" ActualLogicalReads="0" ActualPhysicalReads="0" ActualReadAheads="0" ActualLobLogicalReads="0" ActualLobPhysicalReads="0" ActualLobReadAheads="0" ActualEndOfScans="0" ActualExecutions="0" ActualExecutionMode="Row"></RunTimeCountersPerThread><RunTimeCountersPerThread Thread="0" ActualRows="0" Batches="0" ActualElapsedms="0" ActualCPUms="0" ActualScans="0" ActualLogicalReads="0" ActualPhysicalReads="0" ActualReadAheads="0" ActualLobLogicalReads="0" ActualLobPhysicalReads="0" ActualLobReadAheads="0" ActualEndOfScans="0" ActualExecutions="0" ActualExecutionMode="Row"></RunTimeCountersPerThread></RunTimeInformation><IndexScan Ordered="1" ScanDirection="FORWARD" ForcedIndex="0" ForceSeek="0" ForceScan="0" NoExpandHint="0" Storage="RowStore"><DefinedValues><DefinedValue><ColumnReference Database="[tpch]" Schema="[dbo]" Table="[orders]" Alias="[o]" Column="O_CustKey"></ColumnReference></DefinedValue></DefinedValues><Object Database="[tpch]" Schema="[dbo]" Table="[orders]" Index="[PK__orders__0F8A1252147E7971]" Alias="[o]" TableReferenceId="3" IndexKind="Clustered" Storage="RowStore"></Object><SeekPredicates><SeekPredicateNew><SeekKeys><Prefix ScanType="EQ"><RangeColumns><ColumnReference Database="[tpch]" Schema="[dbo]" Table="[orders]" Alias="[o]" Column="O_OrderKey"></ColumnReference></RangeColumns><RangeExpressions><ScalarOperator ScalarString="CONVERT_IMPLICIT(bigint,[tpch].[dbo].[lineitem].[L_OrderKey] as [l2].[L_OrderKey],0)"><Convert DataType="bigint" Style="0" Implicit="1"><ScalarOperator><Identifier><ColumnReference Database="[tpch]" Schema="[dbo]" Table="[lineitem]" Alias="[l2]" Column="L_OrderKey"></ColumnReference></Identifier></ScalarOperator></Convert></ScalarOperator></RangeExpressions></Prefix></SeekKeys></SeekPredicateNew></SeekPredicates></IndexScan></RelOp><RelOp NodeId="69" PhysicalOp="Clustered Index Seek" LogicalOp="Clustered Index Seek" EstimateRows="1" EstimatedRowsRead="1" EstimateIO="0.003125" EstimateCPU="0.0001581" AvgRowSize="11" EstimatedTotalSubtreeCost="6.81559" TableCardinality="150000" Parallel="1" EstimateRebinds="3765" EstimateRewinds="4" EstimatedExecutionMode="Row"><OutputList><ColumnReference Database="[tpch]" Schema="[dbo]" Table="[customer]" Alias="[c]" Column="C_NationKey"></ColumnReference></OutputList><RunTimeInformation><RunTimeCountersPerThread Thread="12" ActualRows="0" Batches="0" ActualElapsedms="0" ActualCPUms="0" ActualScans="0" ActualLogicalReads="0" ActualPhysicalReads="0" ActualReadAheads="0" ActualLobLogicalReads="0" ActualLobPhysicalReads="0" ActualLobReadAheads="0" ActualEndOfScans="0" ActualExecutions="0" ActualExecutionMode="Row"></RunTimeCountersPerThread><RunTimeCountersPerThread Thread="11" ActualRows="0" Batches="0" ActualElapsedms="0" ActualCPUms="0" ActualScans="0" ActualLogicalReads="0" ActualPhysicalReads="0" ActualReadAheads="0" ActualLobLogicalReads="0" ActualLobPhysicalReads="0" ActualLobReadAheads="0" ActualEndOfScans="0" ActualExecutions="0" ActualExecutionMode="Row"></RunTimeCountersPerThread><RunTimeCountersPerThread Thread="10" ActualRows="0" Batches="0" ActualElapsedms="0" ActualCPUms="0" ActualScans="0" ActualLogicalReads="0" ActualPhysicalReads="0" ActualReadAheads="0" ActualLobLogicalReads="0" ActualLobPhysicalReads="0" ActualLobReadAheads="0" ActualEndOfScans="0" ActualExecutions="0" ActualExecutionMode="Row"></RunTimeCountersPerThread><RunTimeCountersPerThread Thread="9" ActualRows="0" Batches="0" ActualElapsedms="0" ActualCPUms="0" ActualScans="0" ActualLogicalReads="0" ActualPhysicalReads="0" ActualReadAheads="0" ActualLobLogicalReads="0" ActualLobPhysicalReads="0" ActualLobReadAheads="0" ActualEndOfScans="0" ActualExecutions="0" ActualExecutionMode="Row"></RunTimeCountersPerThread><RunTimeCountersPerThread Thread="8" ActualRows="0" Batches="0" ActualElapsedms="0" ActualCPUms="0" ActualScans="0" ActualLogicalReads="0" ActualPhysicalReads="0" ActualReadAheads="0" ActualLobLogicalReads="0" ActualLobPhysicalReads="0" ActualLobReadAheads="0" ActualEndOfScans="0" ActualExecutions="0" ActualExecutionMode="Row"></RunTimeCountersPerThread><RunTimeCountersPerThread Thread="7" ActualRows="0" Batches="0" ActualElapsedms="0" ActualCPUms="0" ActualScans="0" ActualLogicalReads="0" ActualPhysicalReads="0" ActualReadAheads="0" ActualLobLogicalReads="0" ActualLobPhysicalReads="0" ActualLobReadAheads="0" ActualEndOfScans="0" ActualExecutions="0" ActualExecutionMode="Row"></RunTimeCountersPerThread><RunTimeCountersPerThread Thread="6" ActualRows="0" Batches="0" ActualElapsedms="0" ActualCPUms="0" ActualScans="0" ActualLogicalReads="0" ActualPhysicalReads="0" ActualReadAheads="0" ActualLobLogicalReads="0" ActualLobPhysicalReads="0" ActualLobReadAheads="0" ActualEndOfScans="0" ActualExecutions="0" ActualExecutionMode="Row"></RunTimeCountersPerThread><RunTimeCountersPerThread Thread="5" ActualRows="0" Batches="0" ActualElapsedms="0" ActualCPUms="0" ActualScans="0" ActualLogicalReads="0" ActualPhysicalReads="0" ActualReadAheads="0" ActualLobLogicalReads="0" ActualLobPhysicalReads="0" ActualLobReadAheads="0" ActualEndOfScans="0" ActualExecutions="0" ActualExecutionMode="Row"></RunTimeCountersPerThread><RunTimeCountersPerThread Thread="4" ActualRows="0" Batches="0" ActualElapsedms="0" ActualCPUms="0" ActualScans="0" ActualLogicalReads="0" ActualPhysicalReads="0" ActualReadAheads="0" ActualLobLogicalReads="0" ActualLobPhysicalReads="0" ActualLobReadAheads="0" ActualEndOfScans="0" ActualExecutions="0" ActualExecutionMode="Row"></RunTimeCountersPerThread><RunTimeCountersPerThread Thread="3" ActualRows="0" Batches="0" ActualElapsedms="0" ActualCPUms="0" ActualScans="0" ActualLogicalReads="0" ActualPhysicalReads="0" ActualReadAheads="0" ActualLobLogicalReads="0" ActualLobPhysicalReads="0" ActualLobReadAheads="0" ActualEndOfScans="0" ActualExecutions="0" ActualExecutionMode="Row"></RunTimeCountersPerThread><RunTimeCountersPerThread Thread="2" ActualRows="3" Batches="0" ActualElapsedms="0" ActualCPUms="0" ActualScans="0" ActualLogicalReads="9" ActualPhysicalReads="0" ActualReadAheads="0" ActualLobLogicalReads="0" ActualLobPhysicalReads="0" ActualLobReadAheads="0" ActualRowsRead="3" ActualEndOfScans="0" ActualExecutions="3" ActualExecutionMode="Row"></RunTimeCountersPerThread><RunTimeCountersPerThread Thread="1" ActualRows="0" Batches="0" ActualElapsedms="0" ActualCPUms="0" ActualScans="0" ActualLogicalReads="0" ActualPhysicalReads="0" ActualReadAheads="0" ActualLobLogicalReads="0" ActualLobPhysicalReads="0" ActualLobReadAheads="0" ActualEndOfScans="0" ActualExecutions="0" ActualExecutionMode="Row"></RunTimeCountersPerThread><RunTimeCountersPerThread Thread="0" ActualRows="0" Batches="0" ActualElapsedms="0" ActualCPUms="0" ActualScans="0" ActualLogicalReads="0" ActualPhysicalReads="0" ActualReadAheads="0" ActualLobLogicalReads="0" ActualLobPhysicalReads="0" ActualLobReadAheads="0" ActualEndOfScans="0" ActualExecutions="0" ActualExecutionMode="Row"></RunTimeCountersPerThread></RunTimeInformation><IndexScan Ordered="1" ScanDirection="FORWARD" ForcedIndex="0" ForceSeek="0" ForceScan="0" NoExpandHint="0" Storage="RowStore"><DefinedValues><DefinedValue><ColumnReference Database="[tpch]" Schema="[dbo]" Table="[customer]" Alias="[c]" Column="C_NationKey"></ColumnReference></DefinedValue></DefinedValues><Object Database="[tpch]" Schema="[dbo]" Table="[customer]" Index="[PK__customer__48695B7174053BCB]" Alias="[c]" TableReferenceId="2" IndexKind="Clustered" Storage="RowStore"></Object><SeekPredicates><SeekPredicateNew><SeekKeys><Prefix ScanType="EQ"><RangeColumns><ColumnReference Database="[tpch]" Schema="[dbo]" Table="[customer]" Alias="[c]" Column="C_CustKey"></ColumnReference></RangeColumns><RangeExpressions><ScalarOperator ScalarString="[tpch].[dbo].[orders].[O_CustKey] as [o].[O_CustKey]"><Identifier><ColumnReference Database="[tpch]" Schema="[dbo]" Table="[orders]" Alias="[o]" Column="O_CustKey"></ColumnReference></Identifier></ScalarOperator></RangeExpressions></Prefix></SeekKeys></SeekPredicateNew></SeekPredicates></IndexScan></RelOp></NestedLoops></RelOp><RelOp NodeId="70" PhysicalOp="Clustered Index Seek" LogicalOp="Clustered Index Seek" EstimateRows="1" EstimatedRowsRead="1" EstimateIO="0.003125" EstimateCPU="0.0001581" AvgRowSize="11" EstimatedTotalSubtreeCost="0.599162" TableCardinality="25" Parallel="1" EstimateRebinds="3765" EstimateRewinds="4" EstimatedExecutionMode="Row"><OutputList><ColumnReference Database="[tpch]" Schema="[dbo]" Table="[nation]" Alias="[n]" Column="N_RegionKey"></ColumnReference></OutputList><RunTimeInformation><RunTimeCountersPerThread Thread="12" ActualRows="0" Batches="0" ActualElapsedms="0" ActualCPUms="0" ActualScans="0" ActualLogicalReads="0" ActualPhysicalReads="0" ActualReadAheads="0" ActualLobLogicalReads="0" ActualLobPhysicalReads="0" ActualLobReadAheads="0" ActualEndOfScans="0" ActualExecutions="0" ActualExecutionMode="Row"></RunTimeCountersPerThread><RunTimeCountersPerThread Thread="11" ActualRows="0" Batches="0" ActualElapsedms="0" ActualCPUms="0" ActualScans="0" ActualLogicalReads="0" ActualPhysicalReads="0" ActualReadAheads="0" ActualLobLogicalReads="0" ActualLobPhysicalReads="0" ActualLobReadAheads="0" ActualEndOfScans="0" ActualExecutions="0" ActualExecutionMode="Row"></RunTimeCountersPerThread><RunTimeCountersPerThread Thread="10" ActualRows="0" Batches="0" ActualElapsedms="0" ActualCPUms="0" ActualScans="0" ActualLogicalReads="0" ActualPhysicalReads="0" ActualReadAheads="0" ActualLobLogicalReads="0" ActualLobPhysicalReads="0" ActualLobReadAheads="0" ActualEndOfScans="0" ActualExecutions="0" ActualExecutionMode="Row"></RunTimeCountersPerThread><RunTimeCountersPerThread Thread="9" ActualRows="0" Batches="0" ActualElapsedms="0" ActualCPUms="0" ActualScans="0" ActualLogicalReads="0" ActualPhysicalReads="0" ActualReadAheads="0" ActualLobLogicalReads="0" ActualLobPhysicalReads="0" ActualLobReadAheads="0" ActualEndOfScans="0" ActualExecutions="0" ActualExecutionMode="Row"></RunTimeCountersPerThread><RunTimeCountersPerThread Thread="8" ActualRows="0" Batches="0" ActualElapsedms="0" ActualCPUms="0" ActualScans="0" ActualLogicalReads="0" ActualPhysicalReads="0" ActualReadAheads="0" ActualLobLogicalReads="0" ActualLobPhysicalReads="0" ActualLobReadAheads="0" ActualEndOfScans="0" ActualExecutions="0" ActualExecutionMode="Row"></RunTimeCountersPerThread><RunTimeCountersPerThread Thread="7" ActualRows="0" Batches="0" ActualElapsedms="0" ActualCPUms="0" ActualScans="0" ActualLogicalReads="0" ActualPhysicalReads="0" ActualReadAheads="0" ActualLobLogicalReads="0" ActualLobPhysicalReads="0" ActualLobReadAheads="0" ActualEndOfScans="0" ActualExecutions="0" ActualExecutionMode="Row"></RunTimeCountersPerThread><RunTimeCountersPerThread Thread="6" ActualRows="0" Batches="0" ActualElapsedms="0" ActualCPUms="0" ActualScans="0" ActualLogicalReads="0" ActualPhysicalReads="0" ActualReadAheads="0" ActualLobLogicalReads="0" ActualLobPhysicalReads="0" ActualLobReadAheads="0" ActualEndOfScans="0" ActualExecutions="0" ActualExecutionMode="Row"></RunTimeCountersPerThread><RunTimeCountersPerThread Thread="5" ActualRows="0" Batches="0" ActualElapsedms="0" ActualCPUms="0" ActualScans="0" ActualLogicalReads="0" ActualPhysicalReads="0" ActualReadAheads="0" ActualLobLogicalReads="0" ActualLobPhysicalReads="0" ActualLobReadAheads="0" ActualEndOfScans="0" ActualExecutions="0" ActualExecutionMode="Row"></RunTimeCountersPerThread><RunTimeCountersPerThread Thread="4" ActualRows="0" Batches="0" ActualElapsedms="0" ActualCPUms="0" ActualScans="0" ActualLogicalReads="0" ActualPhysicalReads="0" ActualReadAheads="0" ActualLobLogicalReads="0" ActualLobPhysicalReads="0" ActualLobReadAheads="0" ActualEndOfScans="0" ActualExecutions="0" ActualExecutionMode="Row"></RunTimeCountersPerThread><RunTimeCountersPerThread Thread="3" ActualRows="0" Batches="0" ActualElapsedms="0" ActualCPUms="0" ActualScans="0" ActualLogicalReads="0" ActualPhysicalReads="0" ActualReadAheads="0" ActualLobLogicalReads="0" ActualLobPhysicalReads="0" ActualLobReadAheads="0" ActualEndOfScans="0" ActualExecutions="0" ActualExecutionMode="Row"></RunTimeCountersPerThread><RunTimeCountersPerThread Thread="2" ActualRows="3" Batches="0" ActualElapsedms="0" ActualCPUms="0" ActualScans="0" ActualLogicalReads="6" ActualPhysicalReads="0" ActualReadAheads="0" ActualLobLogicalReads="0" ActualLobPhysicalReads="0" ActualLobReadAheads="0" ActualRowsRead="3" ActualEndOfScans="0" ActualExecutions="3" ActualExecutionMode="Row"></RunTimeCountersPerThread><RunTimeCountersPerThread Thread="1" ActualRows="0" Batches="0" ActualElapsedms="0" ActualCPUms="0" ActualScans="0" ActualLogicalReads="0" ActualPhysicalReads="0" ActualReadAheads="0" ActualLobLogicalReads="0" ActualLobPhysicalReads="0" ActualLobReadAheads="0" ActualEndOfScans="0" ActualExecutions="0" ActualExecutionMode="Row"></RunTimeCountersPerThread><RunTimeCountersPerThread Thread="0" ActualRows="0" Batches="0" ActualElapsedms="0" ActualCPUms="0" ActualScans="0" ActualLogicalReads="0" ActualPhysicalReads="0" ActualReadAheads="0" ActualLobLogicalReads="0" ActualLobPhysicalReads="0" ActualLobReadAheads="0" ActualEndOfScans="0" ActualExecutions="0" ActualExecutionMode="Row"></RunTimeCountersPerThread></RunTimeInformation><IndexScan Ordered="1" ScanDirection="FORWARD" ForcedIndex="0" ForceSeek="0" ForceScan="0" NoExpandHint="0" Storage="RowStore"><DefinedValues><DefinedValue><ColumnReference Database="[tpch]" Schema="[dbo]" Table="[nation]" Alias="[n]" Column="N_RegionKey"></ColumnReference></DefinedValue></DefinedValues><Object Database="[tpch]" Schema="[dbo]" Table="[nation]" Index="[PK__nation__BD377952AE350C6C]" Alias="[n]" TableReferenceId="3" IndexKind="Clustered" Storage="RowStore"></Object><SeekPredicates><SeekPredicateNew><SeekKeys><Prefix ScanType="EQ"><RangeColumns><ColumnReference Database="[tpch]" Schema="[dbo]" Table="[nation]" Alias="[n]" Column="N_NationKey"></ColumnReference></RangeColumns><RangeExpressions><ScalarOperator ScalarString="[tpch].[dbo].[customer].[C_NationKey] as [c].[C_NationKey]"><Identifier><ColumnReference Database="[tpch]" Schema="[dbo]" Table="[customer]" Alias="[c]" Column="C_NationKey"></ColumnReference></Identifier></ScalarOperator></RangeExpressions></Prefix></SeekKeys></SeekPredicateNew></SeekPredicates></IndexScan></RelOp></NestedLoops></RelOp></StreamAggregate></RelOp><Predicate><ScalarOperator ScalarString="CASE WHEN [Expr1049]&gt;(1) THEN (0) ELSE NULL END"><IF><Condition><ScalarOperator><Compare CompareOp="GT"><ScalarOperator><Identifier><ColumnReference Column="Expr1049"></ColumnReference></Identifier></ScalarOperator><ScalarOperator><Const ConstValue="(1)"></Const></ScalarOperator></Compare></ScalarOperator></Condition><Then><ScalarOperator><Const ConstValue="(0)"></Const></ScalarOperator></Then><Else><ScalarOperator><Const ConstValue="NULL"></Const></ScalarOperator></Else></IF></ScalarOperator></Predicate></Assert></RelOp></NestedLoops></RelOp><RelOp NodeId="71" PhysicalOp="Filter" LogicalOp="Filter" EstimateRows="1" EstimateIO="0" EstimateCPU="8.8e-07" AvgRowSize="9" EstimatedTotalSubtreeCost="10.0832" Parallel="1" EstimateRebinds="3765" EstimateRewinds="4" EstimatedExecutionMode="Row"><OutputList></OutputList><RunTimeInformation><RunTimeCountersPerThread Thread="12" ActualRows="0" Batches="0" ActualElapsedms="0" ActualCPUms="0" ActualEndOfScans="0" ActualExecutions="0" ActualExecutionMode="Row"></RunTimeCountersPerThread><RunTimeCountersPerThread Thread="11" ActualRows="0" Batches="0" ActualElapsedms="0" ActualCPUms="0" ActualEndOfScans="0" ActualExecutions="0" ActualExecutionMode="Row"></RunTimeCountersPerThread><RunTimeCountersPerThread Thread="10" ActualRows="0" Batches="0" ActualElapsedms="0" ActualCPUms="0" ActualEndOfScans="0" ActualExecutions="0" ActualExecutionMode="Row"></RunTimeCountersPerThread><RunTimeCountersPerThread Thread="9" ActualRows="0" Batches="0" ActualElapsedms="0" ActualCPUms="0" ActualEndOfScans="0" ActualExecutions="0" ActualExecutionMode="Row"></RunTimeCountersPerThread><RunTimeCountersPerThread Thread="8" ActualRows="0" Batches="0" ActualElapsedms="0" ActualCPUms="0" ActualEndOfScans="0" ActualExecutions="0" ActualExecutionMode="Row"></RunTimeCountersPerThread><RunTimeCountersPerThread Thread="7" ActualRows="0" Batches="0" ActualElapsedms="0" ActualCPUms="0" ActualEndOfScans="0" ActualExecutions="0" ActualExecutionMode="Row"></RunTimeCountersPerThread><RunTimeCountersPerThread Thread="6" ActualRows="0" Batches="0" ActualElapsedms="0" ActualCPUms="0" ActualEndOfScans="0" ActualExecutions="0" ActualExecutionMode="Row"></RunTimeCountersPerThread><RunTimeCountersPerThread Thread="5" ActualRows="0" Batches="0" ActualElapsedms="0" ActualCPUms="0" ActualEndOfScans="0" ActualExecutions="0" ActualExecutionMode="Row"></RunTimeCountersPerThread><RunTimeCountersPerThread Thread="4" ActualRows="0" Batches="0" ActualElapsedms="0" ActualCPUms="0" ActualEndOfScans="0" ActualExecutions="0" ActualExecutionMode="Row"></RunTimeCountersPerThread><RunTimeCountersPerThread Thread="3" ActualRows="0" Batches="0" ActualElapsedms="0" ActualCPUms="0" ActualEndOfScans="0" ActualExecutions="0" ActualExecutionMode="Row"></RunTimeCountersPerThread><RunTimeCountersPerThread Thread="2" ActualRows="0" Batches="0" ActualElapsedms="0" ActualCPUms="0" ActualEndOfScans="3" ActualExecutions="3" ActualExecutionMode="Row"></RunTimeCountersPerThread><RunTimeCountersPerThread Thread="1" ActualRows="0" Batches="0" ActualElapsedms="0" ActualCPUms="0" ActualEndOfScans="0" ActualExecutions="0" ActualExecutionMode="Row"></RunTimeCountersPerThread><RunTimeCountersPerThread Thread="0" ActualRows="0" Batches="0" ActualElapsedms="0" ActualCPUms="0" ActualEndOfScans="0" ActualExecutions="0" ActualExecutionMode="Row"></RunTimeCountersPerThread></RunTimeInformation><Filter StartupExpression="0"><RelOp NodeId="72" PhysicalOp="Compute Scalar" LogicalOp="Compute Scalar" EstimateRows="1" EstimateIO="0" EstimateCPU="0" AvgRowSize="11" EstimatedTotalSubtreeCost="10.0799" Parallel="1" EstimateRebinds="3765" EstimateRewinds="4" EstimatedExecutionMode="Row"><OutputList><ColumnReference Column="Expr1017"></ColumnReference></OutputList><ComputeScalar><DefinedValues><DefinedValue><ColumnReference Column="Expr1017"></ColumnReference><ScalarOperator ScalarString="CASE WHEN [Expr1250]=(0) THEN NULL ELSE [Expr1251] END"><IF><Condition><ScalarOperator><Compare CompareOp="EQ"><ScalarOperator><Identifier><ColumnReference Column="Expr1250"></ColumnReference></Identifier></ScalarOperator><ScalarOperator><Const ConstValue="(0)"></Const></ScalarOperator></Compare></ScalarOperator></Condition><Then><ScalarOperator><Const ConstValue="NULL"></Const></ScalarOperator></Then><Else><ScalarOperator><Identifier><ColumnReference Column="Expr1251"></ColumnReference></Identifier></ScalarOperator></Else></IF></ScalarOperator></DefinedValue></DefinedValues><RelOp NodeId="73" PhysicalOp="Stream Aggregate" LogicalOp="Aggregate" EstimateRows="1" EstimateIO="0" EstimateCPU="1.85036e-05" AvgRowSize="11" EstimatedTotalSubtreeCost="10.0799" Parallel="1" EstimateRebinds="3765" EstimateRewinds="4" EstimatedExecutionMode="Row"><OutputList><ColumnReference Column="Expr1250"></ColumnReference><ColumnReference Column="Expr1251"></ColumnReference></OutputList><RunTimeInformation><RunTimeCountersPerThread Thread="12" ActualRows="0" Batches="0" ActualElapsedms="0" ActualCPUms="0" ActualEndOfScans="0" ActualExecutions="0" ActualExecutionMode="Row"></RunTimeCountersPerThread><RunTimeCountersPerThread Thread="11" ActualRows="0" Batches="0" ActualElapsedms="0" ActualCPUms="0" ActualEndOfScans="0" ActualExecutions="0" ActualExecutionMode="Row"></RunTimeCountersPerThread><RunTimeCountersPerThread Thread="10" ActualRows="0" Batches="0" ActualElapsedms="0" ActualCPUms="0" ActualEndOfScans="0" ActualExecutions="0" ActualExecutionMode="Row"></RunTimeCountersPerThread><RunTimeCountersPerThread Thread="9" ActualRows="0" Batches="0" ActualElapsedms="0" ActualCPUms="0" ActualEndOfScans="0" ActualExecutions="0" ActualExecutionMode="Row"></RunTimeCountersPerThread><RunTimeCountersPerThread Thread="8" ActualRows="0" Batches="0" ActualElapsedms="0" ActualCPUms="0" ActualEndOfScans="0" ActualExecutions="0" ActualExecutionMode="Row"></RunTimeCountersPerThread><RunTimeCountersPerThread Thread="7" ActualRows="0" Batches="0" ActualElapsedms="0" ActualCPUms="0" ActualEndOfScans="0" ActualExecutions="0" ActualExecutionMode="Row"></RunTimeCountersPerThread><RunTimeCountersPerThread Thread="6" ActualRows="0" Batches="0" ActualElapsedms="0" ActualCPUms="0" ActualEndOfScans="0" ActualExecutions="0" ActualExecutionMode="Row"></RunTimeCountersPerThread><RunTimeCountersPerThread Thread="5" ActualRows="0" Batches="0" ActualElapsedms="0" ActualCPUms="0" ActualEndOfScans="0" ActualExecutions="0" ActualExecutionMode="Row"></RunTimeCountersPerThread><RunTimeCountersPerThread Thread="4" ActualRows="0" Batches="0" ActualElapsedms="0" ActualCPUms="0" ActualEndOfScans="0" ActualExecutions="0" ActualExecutionMode="Row"></RunTimeCountersPerThread><RunTimeCountersPerThread Thread="3" ActualRows="0" Batches="0" ActualElapsedms="0" ActualCPUms="0" ActualEndOfScans="0" ActualExecutions="0" ActualExecutionMode="Row"></RunTimeCountersPerThread><RunTimeCountersPerThread Thread="2" ActualRows="3" Batches="0" ActualElapsedms="0" ActualCPUms="0" ActualEndOfScans="3" ActualExecutions="3" ActualExecutionMode="Row"></RunTimeCountersPerThread><RunTimeCountersPerThread Thread="1" ActualRows="0" Batches="0" ActualElapsedms="0" ActualCPUms="0" ActualEndOfScans="0" ActualExecutions="0" ActualExecutionMode="Row"></RunTimeCountersPerThread><RunTimeCountersPerThread Thread="0" ActualRows="0" Batches="0" ActualElapsedms="0" ActualCPUms="0" ActualEndOfScans="0" ActualExecutions="0" ActualExecutionMode="Row"></RunTimeCountersPerThread></RunTimeInformation><StreamAggregate><DefinedValues><DefinedValue><ColumnReference Column="Expr1250"></ColumnReference><ScalarOperator ScalarString="COUNT_BIG([tpch].[dbo].[lineitem].[L_Quantity] as [l2].[L_Quantity])"><Aggregate Distinct="0" AggType="COUNT_BIG"><ScalarOperator><Identifier><ColumnReference Database="[tpch]" Schema="[dbo]" Table="[lineitem]" Alias="[l2]" Column="L_Quantity"></ColumnReference></Identifier></ScalarOperator></Aggregate></ScalarOperator></DefinedValue><DefinedValue><ColumnReference Column="Expr1251"></ColumnReference><ScalarOperator ScalarString="SUM([tpch].[dbo].[lineitem].[L_Quantity] as [l2].[L_Quantity])"><Aggregate Distinct="0" AggType="SUM"><ScalarOperator><Identifier><ColumnReference Database="[tpch]" Schema="[dbo]" Table="[lineitem]" Alias="[l2]" Column="L_Quantity"></ColumnReference></Identifier></ScalarOperator></Aggregate></ScalarOperator></DefinedValue></DefinedValues><RelOp NodeId="74" PhysicalOp="Index Seek" LogicalOp="Index Seek" EstimateRows="30.0061" EstimatedRowsRead="30.0061" EstimateIO="0.003125" EstimateCPU="0.000190007" AvgRowSize="11" EstimatedTotalSubtreeCost="10.0102" TableCardinality="6.00122e+06" Parallel="1" EstimateRebinds="3765" EstimateRewinds="4" EstimatedExecutionMode="Row"><OutputList><ColumnReference Database="[tpch]" Schema="[dbo]" Table="[lineitem]" Alias="[l2]" Column="L_Quantity"></ColumnReference></OutputList><RunTimeInformation><RunTimeCountersPerThread Thread="12" ActualRows="0" Batches="0" ActualElapsedms="0" ActualCPUms="0" ActualScans="0" ActualLogicalReads="0" ActualPhysicalReads="0" ActualReadAheads="0" ActualLobLogicalReads="0" ActualLobPhysicalReads="0" ActualLobReadAheads="0" ActualEndOfScans="0" ActualExecutions="0" ActualExecutionMode="Row"></RunTimeCountersPerThread><RunTimeCountersPerThread Thread="11" ActualRows="0" Batches="0" ActualElapsedms="0" ActualCPUms="0" ActualScans="0" ActualLogicalReads="0" ActualPhysicalReads="0" ActualReadAheads="0" ActualLobLogicalReads="0" ActualLobPhysicalReads="0" ActualLobReadAheads="0" ActualEndOfScans="0" ActualExecutions="0" ActualExecutionMode="Row"></RunTimeCountersPerThread><RunTimeCountersPerThread Thread="10" ActualRows="0" Batches="0" ActualElapsedms="0" ActualCPUms="0" ActualScans="0" ActualLogicalReads="0" ActualPhysicalReads="0" ActualReadAheads="0" ActualLobLogicalReads="0" ActualLobPhysicalReads="0" ActualLobReadAheads="0" ActualEndOfScans="0" ActualExecutions="0" ActualExecutionMode="Row"></RunTimeCountersPerThread><RunTimeCountersPerThread Thread="9" ActualRows="0" Batches="0" ActualElapsedms="0" ActualCPUms="0" ActualScans="0" ActualLogicalReads="0" ActualPhysicalReads="0" ActualReadAheads="0" ActualLobLogicalReads="0" ActualLobPhysicalReads="0" ActualLobReadAheads="0" ActualEndOfScans="0" ActualExecutions="0" ActualExecutionMode="Row"></RunTimeCountersPerThread><RunTimeCountersPerThread Thread="8" ActualRows="0" Batches="0" ActualElapsedms="0" ActualCPUms="0" ActualScans="0" ActualLogicalReads="0" ActualPhysicalReads="0" ActualReadAheads="0" ActualLobLogicalReads="0" ActualLobPhysicalReads="0" ActualLobReadAheads="0" ActualEndOfScans="0" ActualExecutions="0" ActualExecutionMode="Row"></RunTimeCountersPerThread><RunTimeCountersPerThread Thread="7" ActualRows="0" Batches="0" ActualElapsedms="0" ActualCPUms="0" ActualScans="0" ActualLogicalReads="0" ActualPhysicalReads="0" ActualReadAheads="0" ActualLobLogicalReads="0" ActualLobPhysicalReads="0" ActualLobReadAheads="0" ActualEndOfScans="0" ActualExecutions="0" ActualExecutionMode="Row"></RunTimeCountersPerThread><RunTimeCountersPerThread Thread="6" ActualRows="0" Batches="0" ActualElapsedms="0" ActualCPUms="0" ActualScans="0" ActualLogicalReads="0" ActualPhysicalReads="0" ActualReadAheads="0" ActualLobLogicalReads="0" ActualLobPhysicalReads="0" ActualLobReadAheads="0" ActualEndOfScans="0" ActualExecutions="0" ActualExecutionMode="Row"></RunTimeCountersPerThread><RunTimeCountersPerThread Thread="5" ActualRows="0" Batches="0" ActualElapsedms="0" ActualCPUms="0" ActualScans="0" ActualLogicalReads="0" ActualPhysicalReads="0" ActualReadAheads="0" ActualLobLogicalReads="0" ActualLobPhysicalReads="0" ActualLobReadAheads="0" ActualEndOfScans="0" ActualExecutions="0" ActualExecutionMode="Row"></RunTimeCountersPerThread><RunTimeCountersPerThread Thread="4" ActualRows="0" Batches="0" ActualElapsedms="0" ActualCPUms="0" ActualScans="0" ActualLogicalReads="0" ActualPhysicalReads="0" ActualReadAheads="0" ActualLobLogicalReads="0" ActualLobPhysicalReads="0" ActualLobReadAheads="0" ActualEndOfScans="0" ActualExecutions="0" ActualExecutionMode="Row"></RunTimeCountersPerThread><RunTimeCountersPerThread Thread="3" ActualRows="0" Batches="0" ActualElapsedms="0" ActualCPUms="0" ActualScans="0" ActualLogicalReads="0" ActualPhysicalReads="0" ActualReadAheads="0" ActualLobLogicalReads="0" ActualLobPhysicalReads="0" ActualLobReadAheads="0" ActualEndOfScans="0" ActualExecutions="0" ActualExecutionMode="Row"></RunTimeCountersPerThread><RunTimeCountersPerThread Thread="2" ActualRows="96" Batches="0" ActualElapsedms="0" ActualCPUms="0" ActualScans="3" ActualLogicalReads="17" ActualPhysicalReads="0" ActualReadAheads="0" ActualLobLogicalReads="0" ActualLobPhysicalReads="0" ActualLobReadAheads="0" ActualRowsRead="96" ActualEndOfScans="3" ActualExecutions="3" ActualExecutionMode="Row"></RunTimeCountersPerThread><RunTimeCountersPerThread Thread="1" ActualRows="0" Batches="0" ActualElapsedms="0" ActualCPUms="0" ActualScans="0" ActualLogicalReads="0" ActualPhysicalReads="0" ActualReadAheads="0" ActualLobLogicalReads="0" ActualLobPhysicalReads="0" ActualLobReadAheads="0" ActualEndOfScans="0" ActualExecutions="0" ActualExecutionMode="Row"></RunTimeCountersPerThread><RunTimeCountersPerThread Thread="0" ActualRows="0" Batches="0" ActualElapsedms="0" ActualCPUms="0" ActualScans="0" ActualLogicalReads="0" ActualPhysicalReads="0" ActualReadAheads="0" ActualLobLogicalReads="0" ActualLobPhysicalReads="0" ActualLobReadAheads="0" ActualEndOfScans="0" ActualExecutions="0" ActualExecutionMode="Row"></RunTimeCountersPerThread></RunTimeInformation><IndexScan Ordered="1" ScanDirection="FORWARD" ForcedIndex="0" ForceSeek="0" ForceScan="0" NoExpandHint="0" Storage="RowStore"><DefinedValues><DefinedValue><ColumnReference Database="[tpch]" Schema="[dbo]" Table="[lineitem]" Alias="[l2]" Column="L_Quantity"></ColumnReference></DefinedValue></DefinedValues><Object Database="[tpch]" Schema="[dbo]" Table="[lineitem]" Index="[p16_idx]" Alias="[l2]" TableReferenceId="3" IndexKind="NonClustered" Storage="RowStore"></Object><SeekPredicates><SeekPredicateNew><SeekKeys><Prefix ScanType="EQ"><RangeColumns><ColumnReference Database="[tpch]" Schema="[dbo]" Table="[lineitem]" Alias="[l2]" Column="L_PartKey"></ColumnReference></RangeColumns><RangeExpressions><ScalarOperator ScalarString="CONVERT_IMPLICIT(bigint,[tpch].[dbo].[lineitem].[L_PartKey] as [l2].[L_PartKey],0)"><Convert DataType="bigint" Style="0" Implicit="1"><ScalarOperator><Identifier><ColumnReference Database="[tpch]" Schema="[dbo]" Table="[lineitem]" Alias="[l2]" Column="L_PartKey"></ColumnReference></Identifier></ScalarOperator></Convert></ScalarOperator></RangeExpressions></Prefix></SeekKeys></SeekPredicateNew></SeekPredicates></IndexScan></RelOp></StreamAggregate></RelOp></ComputeScalar></RelOp><Predicate><ScalarOperator ScalarString="CONVERT_IMPLICIT(numeric(12,1),[tpch].[dbo].[lineitem].[L_Quantity] as [l2].[L_Quantity],0)&gt;=(0.2)*CONVERT_IMPLICIT(numeric(10,0),[Expr1017],0)"><Compare CompareOp="GE"><ScalarOperator><Convert DataType="numeric" Precision="12" Scale="1" Style="0" Implicit="1"><ScalarOperator><Identifier><ColumnReference Database="[tpch]" Schema="[dbo]" Table="[lineitem]" Alias="[l2]" Column="L_Quantity"></ColumnReference></Identifier></ScalarOperator></Convert></ScalarOperator><ScalarOperator><Arithmetic Operation="MULT"><ScalarOperator><Const ConstValue="(0.2)"></Const></ScalarOperator><ScalarOperator><Convert DataType="numeric" Precision="10" Scale="0" Style="0" Implicit="1"><ScalarOperator><Identifier><ColumnReference Column="Expr1017"></ColumnReference></Identifier></ScalarOperator></Convert></ScalarOperator></Arithmetic></ScalarOperator></Compare></ScalarOperator></Predicate></Filter></RelOp></NestedLoops></RelOp></Concat></RelOp></NestedLoops></RelOp></RowCountSpool></RelOp></NestedLoops></RelOp><RelOp NodeId="75" PhysicalOp="Row Count Spool" LogicalOp="Lazy Spool" EstimateRows="2.13437" EstimateRowsWithoutRowGoal="2.13437" EstimateIO="0" EstimateCPU="0.000100213" AvgRowSize="9" EstimatedTotalSubtreeCost="4.31372" Parallel="1" EstimateRebinds="2169.56" EstimateRewinds="32814.3" EstimatedExecutionMode="Row"><OutputList></OutputList><RunTimeInformation><RunTimeCountersPerThread Thread="12" ActualRows="0" Batches="0" ActualElapsedms="0" ActualCPUms="0" ActualRebinds="0" ActualRewinds="0" ActualEndOfScans="0" ActualExecutions="0" ActualExecutionMode="Row"></RunTimeCountersPerThread><RunTimeCountersPerThread Thread="11" ActualRows="0" Batches="0" ActualElapsedms="0" ActualCPUms="0" ActualRebinds="0" ActualRewinds="0" ActualEndOfScans="0" ActualExecutions="0" ActualExecutionMode="Row"></RunTimeCountersPerThread><RunTimeCountersPerThread Thread="10" ActualRows="0" Batches="0" ActualElapsedms="0" ActualCPUms="0" ActualRebinds="0" ActualRewinds="0" ActualEndOfScans="0" ActualExecutions="0" ActualExecutionMode="Row"></RunTimeCountersPerThread><RunTimeCountersPerThread Thread="9" ActualRows="0" Batches="0" ActualElapsedms="0" ActualCPUms="0" ActualRebinds="0" ActualRewinds="0" ActualEndOfScans="0" ActualExecutions="0" ActualExecutionMode="Row"></RunTimeCountersPerThread><RunTimeCountersPerThread Thread="8" ActualRows="0" Batches="0" ActualElapsedms="0" ActualCPUms="0" ActualRebinds="0" ActualRewinds="0" ActualEndOfScans="0" ActualExecutions="0" ActualExecutionMode="Row"></RunTimeCountersPerThread><RunTimeCountersPerThread Thread="7" ActualRows="0" Batches="0" ActualElapsedms="0" ActualCPUms="0" ActualRebinds="0" ActualRewinds="0" ActualEndOfScans="0" ActualExecutions="0" ActualExecutionMode="Row"></RunTimeCountersPerThread><RunTimeCountersPerThread Thread="6" ActualRows="0" Batches="0" ActualElapsedms="0" ActualCPUms="0" ActualRebinds="0" ActualRewinds="0" ActualEndOfScans="0" ActualExecutions="0" ActualExecutionMode="Row"></RunTimeCountersPerThread><RunTimeCountersPerThread Thread="5" ActualRows="0" Batches="0" ActualElapsedms="0" ActualCPUms="0" ActualRebinds="0" ActualRewinds="0" ActualEndOfScans="0" ActualExecutions="0" ActualExecutionMode="Row"></RunTimeCountersPerThread><RunTimeCountersPerThread Thread="4" ActualRows="0" Batches="0" ActualElapsedms="0" ActualCPUms="0" ActualRebinds="0" ActualRewinds="0" ActualEndOfScans="0" ActualExecutions="0" ActualExecutionMode="Row"></RunTimeCountersPerThread><RunTimeCountersPerThread Thread="3" ActualRows="0" Batches="0" ActualElapsedms="0" ActualCPUms="0" ActualRebinds="0" ActualRewinds="0" ActualEndOfScans="0" ActualExecutions="0" ActualExecutionMode="Row"></RunTimeCountersPerThread><RunTimeCountersPerThread Thread="2" ActualRows="0" Batches="0" ActualElapsedms="0" ActualCPUms="0" ActualRebinds="0" ActualRewinds="0" ActualEndOfScans="0" ActualExecutions="0" ActualExecutionMode="Row"></RunTimeCountersPerThread><RunTimeCountersPerThread Thread="1" ActualRows="0" Batches="0" ActualElapsedms="0" ActualCPUms="0" ActualRebinds="0" ActualRewinds="0" ActualEndOfScans="0" ActualExecutions="0" ActualExecutionMode="Row"></RunTimeCountersPerThread><RunTimeCountersPerThread Thread="0" ActualRows="0" Batches="0" ActualElapsedms="0" ActualCPUms="0" ActualRebinds="0" ActualRewinds="0" ActualEndOfScans="0" ActualExecutions="0" ActualExecutionMode="Row"></RunTimeCountersPerThread></RunTimeInformation><RowCountSpool><RelOp NodeId="76" PhysicalOp="Nested Loops" LogicalOp="Left Semi Join" EstimateRows="2.13437" EstimateRowsWithoutRowGoal="2.13437" EstimateIO="0" EstimateCPU="8.92166e-06" AvgRowSize="9" EstimatedTotalSubtreeCost="0.807769" Parallel="1" EstimateRebinds="2169.56" EstimateRewinds="0" EstimatedExecutionMode="Row"><OutputList></OutputList><RunTimeInformation><RunTimeCountersPerThread Thread="12" ActualRows="0" Batches="0" ActualElapsedms="0" ActualCPUms="0" ActualEndOfScans="0" ActualExecutions="0" ActualExecutionMode="Row"></RunTimeCountersPerThread><RunTimeCountersPerThread Thread="11" ActualRows="0" Batches="0" ActualElapsedms="0" ActualCPUms="0" ActualEndOfScans="0" ActualExecutions="0" ActualExecutionMode="Row"></RunTimeCountersPerThread><RunTimeCountersPerThread Thread="10" ActualRows="0" Batches="0" ActualElapsedms="0" ActualCPUms="0" ActualEndOfScans="0" ActualExecutions="0" ActualExecutionMode="Row"></RunTimeCountersPerThread><RunTimeCountersPerThread Thread="9" ActualRows="0" Batches="0" ActualElapsedms="0" ActualCPUms="0" ActualEndOfScans="0" ActualExecutions="0" ActualExecutionMode="Row"></RunTimeCountersPerThread><RunTimeCountersPerThread Thread="8" ActualRows="0" Batches="0" ActualElapsedms="0" ActualCPUms="0" ActualEndOfScans="0" ActualExecutions="0" ActualExecutionMode="Row"></RunTimeCountersPerThread><RunTimeCountersPerThread Thread="7" ActualRows="0" Batches="0" ActualElapsedms="0" ActualCPUms="0" ActualEndOfScans="0" ActualExecutions="0" ActualExecutionMode="Row"></RunTimeCountersPerThread><RunTimeCountersPerThread Thread="6" ActualRows="0" Batches="0" ActualElapsedms="0" ActualCPUms="0" ActualEndOfScans="0" ActualExecutions="0" ActualExecutionMode="Row"></RunTimeCountersPerThread><RunTimeCountersPerThread Thread="5" ActualRows="0" Batches="0" ActualElapsedms="0" ActualCPUms="0" ActualEndOfScans="0" ActualExecutions="0" ActualExecutionMode="Row"></RunTimeCountersPerThread><RunTimeCountersPerThread Thread="4" ActualRows="0" Batches="0" ActualElapsedms="0" ActualCPUms="0" ActualEndOfScans="0" ActualExecutions="0" ActualExecutionMode="Row"></RunTimeCountersPerThread><RunTimeCountersPerThread Thread="3" ActualRows="0" Batches="0" ActualElapsedms="0" ActualCPUms="0" ActualEndOfScans="0" ActualExecutions="0" ActualExecutionMode="Row"></RunTimeCountersPerThread><RunTimeCountersPerThread Thread="2" ActualRows="0" Batches="0" ActualElapsedms="0" ActualCPUms="0" ActualEndOfScans="0" ActualExecutions="0" ActualExecutionMode="Row"></RunTimeCountersPerThread><RunTimeCountersPerThread Thread="1" ActualRows="0" Batches="0" ActualElapsedms="0" ActualCPUms="0" ActualEndOfScans="0" ActualExecutions="0" ActualExecutionMode="Row"></RunTimeCountersPerThread><RunTimeCountersPerThread Thread="0" ActualRows="0" Batches="0" ActualElapsedms="0" ActualCPUms="0" ActualEndOfScans="0" ActualExecutions="0" ActualExecutionMode="Row"></RunTimeCountersPerThread></RunTimeInformation><NestedLoops Optimized="0"><OuterReferences><ColumnReference Database="[tpch]" Schema="[dbo]" Table="[lineitem]" Alias="[l3]" Column="L_OrderKey"></ColumnReference><ColumnReference Database="[tpch]" Schema="[dbo]" Table="[lineitem]" Alias="[l3]" Column="L_PartKey"></ColumnReference><ColumnReference Database="[tpch]" Schema="[dbo]" Table="[lineitem]" Alias="[l3]" Column="L_Quantity"></ColumnReference></OuterReferences><RelOp NodeId="77" PhysicalOp="Clustered Index Seek" LogicalOp="Clustered Index Seek" EstimateRows="2.13437" EstimateRowsWithoutRowGoal="2.13437" EstimatedRowsRead="4.00081" EstimateIO="0.003125" EstimateCPU="0.000161401" AvgRowSize="39" EstimatedTotalSubtreeCost="0.770895" TableCardinality="6.00122e+06" Parallel="1" EstimateRebinds="2169.56" EstimateRewinds="0" EstimatedExecutionMode="Row"><OutputList><ColumnReference Database="[tpch]" Schema="[dbo]" Table="[lineitem]" Alias="[l3]" Column="L_OrderKey"></ColumnReference><ColumnReference Database="[tpch]" Schema="[dbo]" Table="[lineitem]" Alias="[l3]" Column="L_PartKey"></ColumnReference><ColumnReference Database="[tpch]" Schema="[dbo]" Table="[lineitem]" Alias="[l3]" Column="L_Quantity"></ColumnReference></OutputList><RunTimeInformation><RunTimeCountersPerThread Thread="12" ActualRows="0" Batches="0" ActualElapsedms="0" ActualCPUms="0" ActualScans="0" ActualLogicalReads="0" ActualPhysicalReads="0" ActualReadAheads="0" ActualLobLogicalReads="0" ActualLobPhysicalReads="0" ActualLobReadAheads="0" ActualEndOfScans="0" ActualExecutions="0" ActualExecutionMode="Row"></RunTimeCountersPerThread><RunTimeCountersPerThread Thread="11" ActualRows="0" Batches="0" ActualElapsedms="0" ActualCPUms="0" ActualScans="0" ActualLogicalReads="0" ActualPhysicalReads="0" ActualReadAheads="0" ActualLobLogicalReads="0" ActualLobPhysicalReads="0" ActualLobReadAheads="0" ActualEndOfScans="0" ActualExecutions="0" ActualExecutionMode="Row"></RunTimeCountersPerThread><RunTimeCountersPerThread Thread="10" ActualRows="0" Batches="0" ActualElapsedms="0" ActualCPUms="0" ActualScans="0" ActualLogicalReads="0" ActualPhysicalReads="0" ActualReadAheads="0" ActualLobLogicalReads="0" ActualLobPhysicalReads="0" ActualLobReadAheads="0" ActualEndOfScans="0" ActualExecutions="0" ActualExecutionMode="Row"></RunTimeCountersPerThread><RunTimeCountersPerThread Thread="9" ActualRows="0" Batches="0" ActualElapsedms="0" ActualCPUms="0" ActualScans="0" ActualLogicalReads="0" ActualPhysicalReads="0" ActualReadAheads="0" ActualLobLogicalReads="0" ActualLobPhysicalReads="0" ActualLobReadAheads="0" ActualEndOfScans="0" ActualExecutions="0" ActualExecutionMode="Row"></RunTimeCountersPerThread><RunTimeCountersPerThread Thread="8" ActualRows="0" Batches="0" ActualElapsedms="0" ActualCPUms="0" ActualScans="0" ActualLogicalReads="0" ActualPhysicalReads="0" ActualReadAheads="0" ActualLobLogicalReads="0" ActualLobPhysicalReads="0" ActualLobReadAheads="0" ActualEndOfScans="0" ActualExecutions="0" ActualExecutionMode="Row"></RunTimeCountersPerThread><RunTimeCountersPerThread Thread="7" ActualRows="0" Batches="0" ActualElapsedms="0" ActualCPUms="0" ActualScans="0" ActualLogicalReads="0" ActualPhysicalReads="0" ActualReadAheads="0" ActualLobLogicalReads="0" ActualLobPhysicalReads="0" ActualLobReadAheads="0" ActualEndOfScans="0" ActualExecutions="0" ActualExecutionMode="Row"></RunTimeCountersPerThread><RunTimeCountersPerThread Thread="6" ActualRows="0" Batches="0" ActualElapsedms="0" ActualCPUms="0" ActualScans="0" ActualLogicalReads="0" ActualPhysicalReads="0" ActualReadAheads="0" ActualLobLogicalReads="0" ActualLobPhysicalReads="0" ActualLobReadAheads="0" ActualEndOfScans="0" ActualExecutions="0" ActualExecutionMode="Row"></RunTimeCountersPerThread><RunTimeCountersPerThread Thread="5" ActualRows="0" Batches="0" ActualElapsedms="0" ActualCPUms="0" ActualScans="0" ActualLogicalReads="0" ActualPhysicalReads="0" ActualReadAheads="0" ActualLobLogicalReads="0" ActualLobPhysicalReads="0" ActualLobReadAheads="0" ActualEndOfScans="0" ActualExecutions="0" ActualExecutionMode="Row"></RunTimeCountersPerThread><RunTimeCountersPerThread Thread="4" ActualRows="0" Batches="0" ActualElapsedms="0" ActualCPUms="0" ActualScans="0" ActualLogicalReads="0" ActualPhysicalReads="0" ActualReadAheads="0" ActualLobLogicalReads="0" ActualLobPhysicalReads="0" ActualLobReadAheads="0" ActualEndOfScans="0" ActualExecutions="0" ActualExecutionMode="Row"></RunTimeCountersPerThread><RunTimeCountersPerThread Thread="3" ActualRows="0" Batches="0" ActualElapsedms="0" ActualCPUms="0" ActualScans="0" ActualLogicalReads="0" ActualPhysicalReads="0" ActualReadAheads="0" ActualLobLogicalReads="0" ActualLobPhysicalReads="0" ActualLobReadAheads="0" ActualEndOfScans="0" ActualExecutions="0" ActualExecutionMode="Row"></RunTimeCountersPerThread><RunTimeCountersPerThread Thread="2" ActualRows="0" Batches="0" ActualElapsedms="0" ActualCPUms="0" ActualScans="0" ActualLogicalReads="0" ActualPhysicalReads="0" ActualReadAheads="0" ActualLobLogicalReads="0" ActualLobPhysicalReads="0" ActualLobReadAheads="0" ActualEndOfScans="0" ActualExecutions="0" ActualExecutionMode="Row"></RunTimeCountersPerThread><RunTimeCountersPerThread Thread="1" ActualRows="0" Batches="0" ActualElapsedms="0" ActualCPUms="0" ActualScans="0" ActualLogicalReads="0" ActualPhysicalReads="0" ActualReadAheads="0" ActualLobLogicalReads="0" ActualLobPhysicalReads="0" ActualLobReadAheads="0" ActualEndOfScans="0" ActualExecutions="0" ActualExecutionMode="Row"></RunTimeCountersPerThread><RunTimeCountersPerThread Thread="0" ActualRows="0" Batches="0" ActualElapsedms="0" ActualCPUms="0" ActualScans="0" ActualLogicalReads="0" ActualPhysicalReads="0" ActualReadAheads="0" ActualLobLogicalReads="0" ActualLobPhysicalReads="0" ActualLobReadAheads="0" ActualEndOfScans="0" ActualExecutions="0" ActualExecutionMode="Row"></RunTimeCountersPerThread></RunTimeInformation><IndexScan Ordered="1" ScanDirection="FORWARD" ForcedIndex="0" ForceSeek="0" ForceScan="0" NoExpandHint="0" Storage="RowStore"><DefinedValues><DefinedValue><ColumnReference Database="[tpch]" Schema="[dbo]" Table="[lineitem]" Alias="[l3]" Column="L_OrderKey"></ColumnReference></DefinedValue><DefinedValue><ColumnReference Database="[tpch]" Schema="[dbo]" Table="[lineitem]" Alias="[l3]" Column="L_PartKey"></ColumnReference></DefinedValue><DefinedValue><ColumnReference Database="[tpch]" Schema="[dbo]" Table="[lineitem]" Alias="[l3]" Column="L_Quantity"></ColumnReference></DefinedValue></DefinedValues><Object Database="[tpch]" Schema="[dbo]" Table="[lineitem]" Index="[PK__lineitem__2B16504EA5720AF2]" Alias="[l3]" IndexKind="Clustered" Storage="RowStore"></Object><SeekPredicates><SeekPredicateNew><SeekKeys><Prefix ScanType="EQ"><RangeColumns><ColumnReference Database="[tpch]" Schema="[dbo]" Table="[lineitem]" Alias="[l3]" Column="L_OrderKey"></ColumnReference></RangeColumns><RangeExpressions><ScalarOperator ScalarString="[tpch].[dbo].[lineitem].[L_OrderKey] as [l1].[L_OrderKey]"><Identifier><ColumnReference Database="[tpch]" Schema="[dbo]" Table="[lineitem]" Alias="[l1]" Column="L_OrderKey"></ColumnReference></Identifier></ScalarOperator></RangeExpressions></Prefix></SeekKeys></SeekPredicateNew></SeekPredicates><Predicate><ScalarOperator ScalarString="[tpch].[dbo].[lineitem].[L_ReceiptDate] as [l3].[L_ReceiptDate]&gt;[tpch].[dbo].[lineitem].[L_CommitDate] as [l3].[L_CommitDate] AND ([tpch].[dbo].[lineitem].[L_SuppKey] as [l3].[L_SuppKey]&lt;[tpch].[dbo].[lineitem].[L_SuppKey] as [l1].[L_SuppKey] OR [tpch].[dbo].[lineitem].[L_SuppKey] as [l3].[L_SuppKey]&gt;[tpch].[dbo].[lineitem].[L_SuppKey] as [l1].[L_SuppKey])"><Logical Operation="AND"><ScalarOperator><Compare CompareOp="GT"><ScalarOperator><Identifier><ColumnReference Database="[tpch]" Schema="[dbo]" Table="[lineitem]" Alias="[l3]" Column="L_ReceiptDate"></ColumnReference></Identifier></ScalarOperator><ScalarOperator><Identifier><ColumnReference Database="[tpch]" Schema="[dbo]" Table="[lineitem]" Alias="[l3]" Column="L_CommitDate"></ColumnReference></Identifier></ScalarOperator></Compare></ScalarOperator><ScalarOperator><Logical Operation="OR"><ScalarOperator><Compare CompareOp="LT"><ScalarOperator><Identifier><ColumnReference Database="[tpch]" Schema="[dbo]" Table="[lineitem]" Alias="[l3]" Column="L_SuppKey"></ColumnReference></Identifier></ScalarOperator><ScalarOperator><Identifier><ColumnReference Database="[tpch]" Schema="[dbo]" Table="[lineitem]" Alias="[l1]" Column="L_SuppKey"></ColumnReference></Identifier></ScalarOperator></Compare></ScalarOperator><ScalarOperator><Compare CompareOp="GT"><ScalarOperator><Identifier><ColumnReference Database="[tpch]" Schema="[dbo]" Table="[lineitem]" Alias="[l3]" Column="L_SuppKey"></ColumnReference></Identifier></ScalarOperator><ScalarOperator><Identifier><ColumnReference Database="[tpch]" Schema="[dbo]" Table="[lineitem]" Alias="[l1]" Column="L_SuppKey"></ColumnReference></Identifier></ScalarOperator></Compare></ScalarOperator></Logical></ScalarOperator></Logical></ScalarOperator></Predicate></IndexScan></RelOp><RelOp NodeId="78" PhysicalOp="Concatenation" LogicalOp="Concatenation" EstimateRows="1" EstimateRowsWithoutRowGoal="2" EstimateIO="0" EstimateCPU="2e-07" AvgRowSize="9" EstimatedTotalSubtreeCost="0.00639328" Parallel="1" EstimateRebinds="4631.77" EstimateRewinds="0" EstimatedExecutionMode="Row"><OutputList></OutputList><RunTimeInformation><RunTimeCountersPerThread Thread="12" ActualRows="0" Batches="0" ActualElapsedms="0" ActualCPUms="0" ActualEndOfScans="0" ActualExecutions="0" ActualExecutionMode="Row"></RunTimeCountersPerThread><RunTimeCountersPerThread Thread="11" ActualRows="0" Batches="0" ActualElapsedms="0" ActualCPUms="0" ActualEndOfScans="0" ActualExecutions="0" ActualExecutionMode="Row"></RunTimeCountersPerThread><RunTimeCountersPerThread Thread="10" ActualRows="0" Batches="0" ActualElapsedms="0" ActualCPUms="0" ActualEndOfScans="0" ActualExecutions="0" ActualExecutionMode="Row"></RunTimeCountersPerThread><RunTimeCountersPerThread Thread="9" ActualRows="0" Batches="0" ActualElapsedms="0" ActualCPUms="0" ActualEndOfScans="0" ActualExecutions="0" ActualExecutionMode="Row"></RunTimeCountersPerThread><RunTimeCountersPerThread Thread="8" ActualRows="0" Batches="0" ActualElapsedms="0" ActualCPUms="0" ActualEndOfScans="0" ActualExecutions="0" ActualExecutionMode="Row"></RunTimeCountersPerThread><RunTimeCountersPerThread Thread="7" ActualRows="0" Batches="0" ActualElapsedms="0" ActualCPUms="0" ActualEndOfScans="0" ActualExecutions="0" ActualExecutionMode="Row"></RunTimeCountersPerThread><RunTimeCountersPerThread Thread="6" ActualRows="0" Batches="0" ActualElapsedms="0" ActualCPUms="0" ActualEndOfScans="0" ActualExecutions="0" ActualExecutionMode="Row"></RunTimeCountersPerThread><RunTimeCountersPerThread Thread="5" ActualRows="0" Batches="0" ActualElapsedms="0" ActualCPUms="0" ActualEndOfScans="0" ActualExecutions="0" ActualExecutionMode="Row"></RunTimeCountersPerThread><RunTimeCountersPerThread Thread="4" ActualRows="0" Batches="0" ActualElapsedms="0" ActualCPUms="0" ActualEndOfScans="0" ActualExecutions="0" ActualExecutionMode="Row"></RunTimeCountersPerThread><RunTimeCountersPerThread Thread="3" ActualRows="0" Batches="0" ActualElapsedms="0" ActualCPUms="0" ActualEndOfScans="0" ActualExecutions="0" ActualExecutionMode="Row"></RunTimeCountersPerThread><RunTimeCountersPerThread Thread="2" ActualRows="0" Batches="0" ActualElapsedms="0" ActualCPUms="0" ActualEndOfScans="0" ActualExecutions="0" ActualExecutionMode="Row"></RunTimeCountersPerThread><RunTimeCountersPerThread Thread="1" ActualRows="0" Batches="0" ActualElapsedms="0" ActualCPUms="0" ActualEndOfScans="0" ActualExecutions="0" ActualExecutionMode="Row"></RunTimeCountersPerThread><RunTimeCountersPerThread Thread="0" ActualRows="0" Batches="0" ActualElapsedms="0" ActualCPUms="0" ActualEndOfScans="0" ActualExecutions="0" ActualExecutionMode="Row"></RunTimeCountersPerThread></RunTimeInformation><Concat><DefinedValues></DefinedValues><RelOp NodeId="79" PhysicalOp="Filter" LogicalOp="Filter" EstimateRows="1" EstimateIO="0" EstimateCPU="2.8e-07" AvgRowSize="9" EstimatedTotalSubtreeCost="0.00593011" Parallel="1" EstimateRebinds="0" EstimateRewinds="4631.77" EstimatedExecutionMode="Row"><OutputList></OutputList><RunTimeInformation><RunTimeCountersPerThread Thread="12" ActualRows="0" Batches="0" ActualElapsedms="0" ActualCPUms="0" ActualRebinds="0" ActualRewinds="0" ActualEndOfScans="0" ActualExecutions="0" ActualExecutionMode="Row"></RunTimeCountersPerThread><RunTimeCountersPerThread Thread="11" ActualRows="0" Batches="0" ActualElapsedms="0" ActualCPUms="0" ActualRebinds="0" ActualRewinds="0" ActualEndOfScans="0" ActualExecutions="0" ActualExecutionMode="Row"></RunTimeCountersPerThread><RunTimeCountersPerThread Thread="10" ActualRows="0" Batches="0" ActualElapsedms="0" ActualCPUms="0" ActualRebinds="0" ActualRewinds="0" ActualEndOfScans="0" ActualExecutions="0" ActualExecutionMode="Row"></RunTimeCountersPerThread><RunTimeCountersPerThread Thread="9" ActualRows="0" Batches="0" ActualElapsedms="0" ActualCPUms="0" ActualRebinds="0" ActualRewinds="0" ActualEndOfScans="0" ActualExecutions="0" ActualExecutionMode="Row"></RunTimeCountersPerThread><RunTimeCountersPerThread Thread="8" ActualRows="0" Batches="0" ActualElapsedms="0" ActualCPUms="0" ActualRebinds="0" ActualRewinds="0" ActualEndOfScans="0" ActualExecutions="0" ActualExecutionMode="Row"></RunTimeCountersPerThread><RunTimeCountersPerThread Thread="7" ActualRows="0" Batches="0" ActualElapsedms="0" ActualCPUms="0" ActualRebinds="0" ActualRewinds="0" ActualEndOfScans="0" ActualExecutions="0" ActualExecutionMode="Row"></RunTimeCountersPerThread><RunTimeCountersPerThread Thread="6" ActualRows="0" Batches="0" ActualElapsedms="0" ActualCPUms="0" ActualRebinds="0" ActualRewinds="0" ActualEndOfScans="0" ActualExecutions="0" ActualExecutionMode="Row"></RunTimeCountersPerThread><RunTimeCountersPerThread Thread="5" ActualRows="0" Batches="0" ActualElapsedms="0" ActualCPUms="0" ActualRebinds="0" ActualRewinds="0" ActualEndOfScans="0" ActualExecutions="0" ActualExecutionMode="Row"></RunTimeCountersPerThread><RunTimeCountersPerThread Thread="4" ActualRows="0" Batches="0" ActualElapsedms="0" ActualCPUms="0" ActualRebinds="0" ActualRewinds="0" ActualEndOfScans="0" ActualExecutions="0" ActualExecutionMode="Row"></RunTimeCountersPerThread><RunTimeCountersPerThread Thread="3" ActualRows="0" Batches="0" ActualElapsedms="0" ActualCPUms="0" ActualRebinds="0" ActualRewinds="0" ActualEndOfScans="0" ActualExecutions="0" ActualExecutionMode="Row"></RunTimeCountersPerThread><RunTimeCountersPerThread Thread="2" ActualRows="0" Batches="0" ActualElapsedms="0" ActualCPUms="0" ActualRebinds="0" ActualRewinds="0" ActualEndOfScans="0" ActualExecutions="0" ActualExecutionMode="Row"></RunTimeCountersPerThread><RunTimeCountersPerThread Thread="1" ActualRows="0" Batches="0" ActualElapsedms="0" ActualCPUms="0" ActualRebinds="0" ActualRewinds="0" ActualEndOfScans="0" ActualExecutions="0" ActualExecutionMode="Row"></RunTimeCountersPerThread><RunTimeCountersPerThread Thread="0" ActualRows="0" Batches="0" ActualElapsedms="0" ActualCPUms="0" ActualRebinds="0" ActualRewinds="0" ActualEndOfScans="0" ActualExecutions="0" ActualExecutionMode="Row"></RunTimeCountersPerThread></RunTimeInformation><Filter StartupExpression="1"><RelOp NodeId="80" PhysicalOp="Constant Scan" LogicalOp="Constant Scan" EstimateRows="1" EstimateIO="0" EstimateCPU="1.157e-06" AvgRowSize="9" EstimatedTotalSubtreeCost="0.00377016" Parallel="1" EstimateRebinds="0" EstimateRewinds="3769" EstimatedExecutionMode="Row"><OutputList></OutputList><RunTimeInformation><RunTimeCountersPerThread Thread="12" ActualRows="0" Batches="0" ActualElapsedms="0" ActualCPUms="0" ActualEndOfScans="0" ActualExecutions="0" ActualExecutionMode="Row"></RunTimeCountersPerThread><RunTimeCountersPerThread Thread="11" ActualRows="0" Batches="0" ActualElapsedms="0" ActualCPUms="0" ActualEndOfScans="0" ActualExecutions="0" ActualExecutionMode="Row"></RunTimeCountersPerThread><RunTimeCountersPerThread Thread="10" ActualRows="0" Batches="0" ActualElapsedms="0" ActualCPUms="0" ActualEndOfScans="0" ActualExecutions="0" ActualExecutionMode="Row"></RunTimeCountersPerThread><RunTimeCountersPerThread Thread="9" ActualRows="0" Batches="0" ActualElapsedms="0" ActualCPUms="0" ActualEndOfScans="0" ActualExecutions="0" ActualExecutionMode="Row"></RunTimeCountersPerThread><RunTimeCountersPerThread Thread="8" ActualRows="0" Batches="0" ActualElapsedms="0" ActualCPUms="0" ActualEndOfScans="0" ActualExecutions="0" ActualExecutionMode="Row"></RunTimeCountersPerThread><RunTimeCountersPerThread Thread="7" ActualRows="0" Batches="0" ActualElapsedms="0" ActualCPUms="0" ActualEndOfScans="0" ActualExecutions="0" ActualExecutionMode="Row"></RunTimeCountersPerThread><RunTimeCountersPerThread Thread="6" ActualRows="0" Batches="0" ActualElapsedms="0" ActualCPUms="0" ActualEndOfScans="0" ActualExecutions="0" ActualExecutionMode="Row"></RunTimeCountersPerThread><RunTimeCountersPerThread Thread="5" ActualRows="0" Batches="0" ActualElapsedms="0" ActualCPUms="0" ActualEndOfScans="0" ActualExecutions="0" ActualExecutionMode="Row"></RunTimeCountersPerThread><RunTimeCountersPerThread Thread="4" ActualRows="0" Batches="0" ActualElapsedms="0" ActualCPUms="0" ActualEndOfScans="0" ActualExecutions="0" ActualExecutionMode="Row"></RunTimeCountersPerThread><RunTimeCountersPerThread Thread="3" ActualRows="0" Batches="0" ActualElapsedms="0" ActualCPUms="0" ActualEndOfScans="0" ActualExecutions="0" ActualExecutionMode="Row"></RunTimeCountersPerThread><RunTimeCountersPerThread Thread="2" ActualRows="0" Batches="0" ActualElapsedms="0" ActualCPUms="0" ActualEndOfScans="0" ActualExecutions="0" ActualExecutionMode="Row"></RunTimeCountersPerThread><RunTimeCountersPerThread Thread="1" ActualRows="0" Batches="0" ActualElapsedms="0" ActualCPUms="0" ActualEndOfScans="0" ActualExecutions="0" ActualExecutionMode="Row"></RunTimeCountersPerThread><RunTimeCountersPerThread Thread="0" ActualRows="0" Batches="0" ActualElapsedms="0" ActualCPUms="0" ActualEndOfScans="0" ActualExecutions="0" ActualExecutionMode="Row"></RunTimeCountersPerThread></RunTimeInformation><ConstantScan></ConstantScan></RelOp><Predicate><ScalarOperator ScalarString="user_name()=N&apos;user3&apos;"><Identifier><ColumnReference Column="ConstExpr1044"><ScalarOperator><Compare CompareOp="EQ"><ScalarOperator><Intrinsic FunctionName="user_name"><ScalarOperator><Const ConstValue=""></Const></ScalarOperator></Intrinsic></ScalarOperator><ScalarOperator><Const ConstValue="N&apos;user3&apos;"></Const></ScalarOperator></Compare></ScalarOperator></ColumnReference></Identifier></ScalarOperator></Predicate></Filter></RelOp><RelOp NodeId="81" PhysicalOp="Nested Loops" LogicalOp="Inner Join" EstimateRows="1" EstimateIO="0" EstimateCPU="4.18e-06" AvgRowSize="9" EstimatedTotalSubtreeCost="28.4678" Parallel="1" EstimateRebinds="4631.77" EstimateRewinds="0" EstimatedExecutionMode="Row"><OutputList></OutputList><RunTimeInformation><RunTimeCountersPerThread Thread="12" ActualRows="0" Batches="0" ActualElapsedms="0" ActualCPUms="0" ActualEndOfScans="0" ActualExecutions="0" ActualExecutionMode="Row"></RunTimeCountersPerThread><RunTimeCountersPerThread Thread="11" ActualRows="0" Batches="0" ActualElapsedms="0" ActualCPUms="0" ActualEndOfScans="0" ActualExecutions="0" ActualExecutionMode="Row"></RunTimeCountersPerThread><RunTimeCountersPerThread Thread="10" ActualRows="0" Batches="0" ActualElapsedms="0" ActualCPUms="0" ActualEndOfScans="0" ActualExecutions="0" ActualExecutionMode="Row"></RunTimeCountersPerThread><RunTimeCountersPerThread Thread="9" ActualRows="0" Batches="0" ActualElapsedms="0" ActualCPUms="0" ActualEndOfScans="0" ActualExecutions="0" ActualExecutionMode="Row"></RunTimeCountersPerThread><RunTimeCountersPerThread Thread="8" ActualRows="0" Batches="0" ActualElapsedms="0" ActualCPUms="0" ActualEndOfScans="0" ActualExecutions="0" ActualExecutionMode="Row"></RunTimeCountersPerThread><RunTimeCountersPerThread Thread="7" ActualRows="0" Batches="0" ActualElapsedms="0" ActualCPUms="0" ActualEndOfScans="0" ActualExecutions="0" ActualExecutionMode="Row"></RunTimeCountersPerThread><RunTimeCountersPerThread Thread="6" ActualRows="0" Batches="0" ActualElapsedms="0" ActualCPUms="0" ActualEndOfScans="0" ActualExecutions="0" ActualExecutionMode="Row"></RunTimeCountersPerThread><RunTimeCountersPerThread Thread="5" ActualRows="0" Batches="0" ActualElapsedms="0" ActualCPUms="0" ActualEndOfScans="0" ActualExecutions="0" ActualExecutionMode="Row"></RunTimeCountersPerThread><RunTimeCountersPerThread Thread="4" ActualRows="0" Batches="0" ActualElapsedms="0" ActualCPUms="0" ActualEndOfScans="0" ActualExecutions="0" ActualExecutionMode="Row"></RunTimeCountersPerThread><RunTimeCountersPerThread Thread="3" ActualRows="0" Batches="0" ActualElapsedms="0" ActualCPUms="0" ActualEndOfScans="0" ActualExecutions="0" ActualExecutionMode="Row"></RunTimeCountersPerThread><RunTimeCountersPerThread Thread="2" ActualRows="0" Batches="0" ActualElapsedms="0" ActualCPUms="0" ActualEndOfScans="0" ActualExecutions="0" ActualExecutionMode="Row"></RunTimeCountersPerThread><RunTimeCountersPerThread Thread="1" ActualRows="0" Batches="0" ActualElapsedms="0" ActualCPUms="0" ActualEndOfScans="0" ActualExecutions="0" ActualExecutionMode="Row"></RunTimeCountersPerThread><RunTimeCountersPerThread Thread="0" ActualRows="0" Batches="0" ActualElapsedms="0" ActualCPUms="0" ActualEndOfScans="0" ActualExecutions="0" ActualExecutionMode="Row"></RunTimeCountersPerThread></RunTimeInformation><NestedLoops Optimized="0"><Predicate><ScalarOperator ScalarString="[Expr1056]=[Expr1054]"><Compare CompareOp="EQ"><ScalarOperator><Identifier><ColumnReference Column="Expr1056"></ColumnReference></Identifier></ScalarOperator><ScalarOperator><Identifier><ColumnReference Column="Expr1054"></ColumnReference></Identifier></ScalarOperator></Compare></ScalarOperator></Predicate><RelOp NodeId="82" PhysicalOp="Nested Loops" LogicalOp="Inner Join" EstimateRows="1" EstimateIO="0" EstimateCPU="4.18e-06" AvgRowSize="11" EstimatedTotalSubtreeCost="11.5086" Parallel="1" EstimateRebinds="4631.77" EstimateRewinds="0" EstimatedExecutionMode="Row"><OutputList><ColumnReference Column="Expr1056"></ColumnReference></OutputList><RunTimeInformation><RunTimeCountersPerThread Thread="12" ActualRows="0" Batches="0" ActualElapsedms="0" ActualCPUms="0" ActualEndOfScans="0" ActualExecutions="0" ActualExecutionMode="Row"></RunTimeCountersPerThread><RunTimeCountersPerThread Thread="11" ActualRows="0" Batches="0" ActualElapsedms="0" ActualCPUms="0" ActualEndOfScans="0" ActualExecutions="0" ActualExecutionMode="Row"></RunTimeCountersPerThread><RunTimeCountersPerThread Thread="10" ActualRows="0" Batches="0" ActualElapsedms="0" ActualCPUms="0" ActualEndOfScans="0" ActualExecutions="0" ActualExecutionMode="Row"></RunTimeCountersPerThread><RunTimeCountersPerThread Thread="9" ActualRows="0" Batches="0" ActualElapsedms="0" ActualCPUms="0" ActualEndOfScans="0" ActualExecutions="0" ActualExecutionMode="Row"></RunTimeCountersPerThread><RunTimeCountersPerThread Thread="8" ActualRows="0" Batches="0" ActualElapsedms="0" ActualCPUms="0" ActualEndOfScans="0" ActualExecutions="0" ActualExecutionMode="Row"></RunTimeCountersPerThread><RunTimeCountersPerThread Thread="7" ActualRows="0" Batches="0" ActualElapsedms="0" ActualCPUms="0" ActualEndOfScans="0" ActualExecutions="0" ActualExecutionMode="Row"></RunTimeCountersPerThread><RunTimeCountersPerThread Thread="6" ActualRows="0" Batches="0" ActualElapsedms="0" ActualCPUms="0" ActualEndOfScans="0" ActualExecutions="0" ActualExecutionMode="Row"></RunTimeCountersPerThread><RunTimeCountersPerThread Thread="5" ActualRows="0" Batches="0" ActualElapsedms="0" ActualCPUms="0" ActualEndOfScans="0" ActualExecutions="0" ActualExecutionMode="Row"></RunTimeCountersPerThread><RunTimeCountersPerThread Thread="4" ActualRows="0" Batches="0" ActualElapsedms="0" ActualCPUms="0" ActualEndOfScans="0" ActualExecutions="0" ActualExecutionMode="Row"></RunTimeCountersPerThread><RunTimeCountersPerThread Thread="3" ActualRows="0" Batches="0" ActualElapsedms="0" ActualCPUms="0" ActualEndOfScans="0" ActualExecutions="0" ActualExecutionMode="Row"></RunTimeCountersPerThread><RunTimeCountersPerThread Thread="2" ActualRows="0" Batches="0" ActualElapsedms="0" ActualCPUms="0" ActualEndOfScans="0" ActualExecutions="0" ActualExecutionMode="Row"></RunTimeCountersPerThread><RunTimeCountersPerThread Thread="1" ActualRows="0" Batches="0" ActualElapsedms="0" ActualCPUms="0" ActualEndOfScans="0" ActualExecutions="0" ActualExecutionMode="Row"></RunTimeCountersPerThread><RunTimeCountersPerThread Thread="0" ActualRows="0" Batches="0" ActualElapsedms="0" ActualCPUms="0" ActualEndOfScans="0" ActualExecutions="0" ActualExecutionMode="Row"></RunTimeCountersPerThread></RunTimeInformation><NestedLoops Optimized="0"><RelOp NodeId="83" PhysicalOp="Filter" LogicalOp="Filter" EstimateRows="1" EstimateIO="0" EstimateCPU="8.8e-07" AvgRowSize="9" EstimatedTotalSubtreeCost="9.99138" Parallel="1" EstimateRebinds="4631.77" EstimateRewinds="0" EstimatedExecutionMode="Row"><OutputList></OutputList><RunTimeInformation><RunTimeCountersPerThread Thread="12" ActualRows="0" Batches="0" ActualElapsedms="0" ActualCPUms="0" ActualEndOfScans="0" ActualExecutions="0" ActualExecutionMode="Row"></RunTimeCountersPerThread><RunTimeCountersPerThread Thread="11" ActualRows="0" Batches="0" ActualElapsedms="0" ActualCPUms="0" ActualEndOfScans="0" ActualExecutions="0" ActualExecutionMode="Row"></RunTimeCountersPerThread><RunTimeCountersPerThread Thread="10" ActualRows="0" Batches="0" ActualElapsedms="0" ActualCPUms="0" ActualEndOfScans="0" ActualExecutions="0" ActualExecutionMode="Row"></RunTimeCountersPerThread><RunTimeCountersPerThread Thread="9" ActualRows="0" Batches="0" ActualElapsedms="0" ActualCPUms="0" ActualEndOfScans="0" ActualExecutions="0" ActualExecutionMode="Row"></RunTimeCountersPerThread><RunTimeCountersPerThread Thread="8" ActualRows="0" Batches="0" ActualElapsedms="0" ActualCPUms="0" ActualEndOfScans="0" ActualExecutions="0" ActualExecutionMode="Row"></RunTimeCountersPerThread><RunTimeCountersPerThread Thread="7" ActualRows="0" Batches="0" ActualElapsedms="0" ActualCPUms="0" ActualEndOfScans="0" ActualExecutions="0" ActualExecutionMode="Row"></RunTimeCountersPerThread><RunTimeCountersPerThread Thread="6" ActualRows="0" Batches="0" ActualElapsedms="0" ActualCPUms="0" ActualEndOfScans="0" ActualExecutions="0" ActualExecutionMode="Row"></RunTimeCountersPerThread><RunTimeCountersPerThread Thread="5" ActualRows="0" Batches="0" ActualElapsedms="0" ActualCPUms="0" ActualEndOfScans="0" ActualExecutions="0" ActualExecutionMode="Row"></RunTimeCountersPerThread><RunTimeCountersPerThread Thread="4" ActualRows="0" Batches="0" ActualElapsedms="0" ActualCPUms="0" ActualEndOfScans="0" ActualExecutions="0" ActualExecutionMode="Row"></RunTimeCountersPerThread><RunTimeCountersPerThread Thread="3" ActualRows="0" Batches="0" ActualElapsedms="0" ActualCPUms="0" ActualEndOfScans="0" ActualExecutions="0" ActualExecutionMode="Row"></RunTimeCountersPerThread><RunTimeCountersPerThread Thread="2" ActualRows="0" Batches="0" ActualElapsedms="0" ActualCPUms="0" ActualEndOfScans="0" ActualExecutions="0" ActualExecutionMode="Row"></RunTimeCountersPerThread><RunTimeCountersPerThread Thread="1" ActualRows="0" Batches="0" ActualElapsedms="0" ActualCPUms="0" ActualEndOfScans="0" ActualExecutions="0" ActualExecutionMode="Row"></RunTimeCountersPerThread><RunTimeCountersPerThread Thread="0" ActualRows="0" Batches="0" ActualElapsedms="0" ActualCPUms="0" ActualEndOfScans="0" ActualExecutions="0" ActualExecutionMode="Row"></RunTimeCountersPerThread></RunTimeInformation><Filter StartupExpression="0"><RelOp NodeId="84" PhysicalOp="Compute Scalar" LogicalOp="Compute Scalar" EstimateRows="1" EstimateIO="0" EstimateCPU="0" AvgRowSize="11" EstimatedTotalSubtreeCost="9.9873" Parallel="1" EstimateRebinds="4631.77" EstimateRewinds="0" EstimatedExecutionMode="Row"><OutputList><ColumnReference Column="Expr1030"></ColumnReference></OutputList><ComputeScalar><DefinedValues><DefinedValue><ColumnReference Column="Expr1030"></ColumnReference><ScalarOperator ScalarString="CASE WHEN [Expr1252]=(0) THEN NULL ELSE [Expr1253] END"><IF><Condition><ScalarOperator><Compare CompareOp="EQ"><ScalarOperator><Identifier><ColumnReference Column="Expr1252"></ColumnReference></Identifier></ScalarOperator><ScalarOperator><Const ConstValue="(0)"></Const></ScalarOperator></Compare></ScalarOperator></Condition><Then><ScalarOperator><Const ConstValue="NULL"></Const></ScalarOperator></Then><Else><ScalarOperator><Identifier><ColumnReference Column="Expr1253"></ColumnReference></Identifier></ScalarOperator></Else></IF></ScalarOperator></DefinedValue></DefinedValues><RelOp NodeId="85" PhysicalOp="Stream Aggregate" LogicalOp="Aggregate" EstimateRows="1" EstimateIO="0" EstimateCPU="1.85036e-05" AvgRowSize="11" EstimatedTotalSubtreeCost="9.9873" Parallel="1" EstimateRebinds="4631.77" EstimateRewinds="0" EstimatedExecutionMode="Row"><OutputList><ColumnReference Column="Expr1252"></ColumnReference><ColumnReference Column="Expr1253"></ColumnReference></OutputList><RunTimeInformation><RunTimeCountersPerThread Thread="12" ActualRows="0" Batches="0" ActualElapsedms="0" ActualCPUms="0" ActualEndOfScans="0" ActualExecutions="0" ActualExecutionMode="Row"></RunTimeCountersPerThread><RunTimeCountersPerThread Thread="11" ActualRows="0" Batches="0" ActualElapsedms="0" ActualCPUms="0" ActualEndOfScans="0" ActualExecutions="0" ActualExecutionMode="Row"></RunTimeCountersPerThread><RunTimeCountersPerThread Thread="10" ActualRows="0" Batches="0" ActualElapsedms="0" ActualCPUms="0" ActualEndOfScans="0" ActualExecutions="0" ActualExecutionMode="Row"></RunTimeCountersPerThread><RunTimeCountersPerThread Thread="9" ActualRows="0" Batches="0" ActualElapsedms="0" ActualCPUms="0" ActualEndOfScans="0" ActualExecutions="0" ActualExecutionMode="Row"></RunTimeCountersPerThread><RunTimeCountersPerThread Thread="8" ActualRows="0" Batches="0" ActualElapsedms="0" ActualCPUms="0" ActualEndOfScans="0" ActualExecutions="0" ActualExecutionMode="Row"></RunTimeCountersPerThread><RunTimeCountersPerThread Thread="7" ActualRows="0" Batches="0" ActualElapsedms="0" ActualCPUms="0" ActualEndOfScans="0" ActualExecutions="0" ActualExecutionMode="Row"></RunTimeCountersPerThread><RunTimeCountersPerThread Thread="6" ActualRows="0" Batches="0" ActualElapsedms="0" ActualCPUms="0" ActualEndOfScans="0" ActualExecutions="0" ActualExecutionMode="Row"></RunTimeCountersPerThread><RunTimeCountersPerThread Thread="5" ActualRows="0" Batches="0" ActualElapsedms="0" ActualCPUms="0" ActualEndOfScans="0" ActualExecutions="0" ActualExecutionMode="Row"></RunTimeCountersPerThread><RunTimeCountersPerThread Thread="4" ActualRows="0" Batches="0" ActualElapsedms="0" ActualCPUms="0" ActualEndOfScans="0" ActualExecutions="0" ActualExecutionMode="Row"></RunTimeCountersPerThread><RunTimeCountersPerThread Thread="3" ActualRows="0" Batches="0" ActualElapsedms="0" ActualCPUms="0" ActualEndOfScans="0" ActualExecutions="0" ActualExecutionMode="Row"></RunTimeCountersPerThread><RunTimeCountersPerThread Thread="2" ActualRows="0" Batches="0" ActualElapsedms="0" ActualCPUms="0" ActualEndOfScans="0" ActualExecutions="0" ActualExecutionMode="Row"></RunTimeCountersPerThread><RunTimeCountersPerThread Thread="1" ActualRows="0" Batches="0" ActualElapsedms="0" ActualCPUms="0" ActualEndOfScans="0" ActualExecutions="0" ActualExecutionMode="Row"></RunTimeCountersPerThread><RunTimeCountersPerThread Thread="0" ActualRows="0" Batches="0" ActualElapsedms="0" ActualCPUms="0" ActualEndOfScans="0" ActualExecutions="0" ActualExecutionMode="Row"></RunTimeCountersPerThread></RunTimeInformation><StreamAggregate><DefinedValues><DefinedValue><ColumnReference Column="Expr1252"></ColumnReference><ScalarOperator ScalarString="COUNT_BIG([tpch].[dbo].[lineitem].[L_Quantity] as [l2].[L_Quantity])"><Aggregate Distinct="0" AggType="COUNT_BIG"><ScalarOperator><Identifier><ColumnReference Database="[tpch]" Schema="[dbo]" Table="[lineitem]" Alias="[l2]" Column="L_Quantity"></ColumnReference></Identifier></ScalarOperator></Aggregate></ScalarOperator></DefinedValue><DefinedValue><ColumnReference Column="Expr1253"></ColumnReference><ScalarOperator ScalarString="SUM([tpch].[dbo].[lineitem].[L_Quantity] as [l2].[L_Quantity])"><Aggregate Distinct="0" AggType="SUM"><ScalarOperator><Identifier><ColumnReference Database="[tpch]" Schema="[dbo]" Table="[lineitem]" Alias="[l2]" Column="L_Quantity"></ColumnReference></Identifier></ScalarOperator></Aggregate></ScalarOperator></DefinedValue></DefinedValues><RelOp NodeId="86" PhysicalOp="Index Seek" LogicalOp="Index Seek" EstimateRows="30.0061" EstimatedRowsRead="30.0061" EstimateIO="0.003125" EstimateCPU="0.000190007" AvgRowSize="11" EstimatedTotalSubtreeCost="9.90158" TableCardinality="6.00122e+06" Parallel="1" EstimateRebinds="4631.77" EstimateRewinds="0" EstimatedExecutionMode="Row"><OutputList><ColumnReference Database="[tpch]" Schema="[dbo]" Table="[lineitem]" Alias="[l2]" Column="L_Quantity"></ColumnReference></OutputList><RunTimeInformation><RunTimeCountersPerThread Thread="12" ActualRows="0" Batches="0" ActualElapsedms="0" ActualCPUms="0" ActualScans="0" ActualLogicalReads="0" ActualPhysicalReads="0" ActualReadAheads="0" ActualLobLogicalReads="0" ActualLobPhysicalReads="0" ActualLobReadAheads="0" ActualEndOfScans="0" ActualExecutions="0" ActualExecutionMode="Row"></RunTimeCountersPerThread><RunTimeCountersPerThread Thread="11" ActualRows="0" Batches="0" ActualElapsedms="0" ActualCPUms="0" ActualScans="0" ActualLogicalReads="0" ActualPhysicalReads="0" ActualReadAheads="0" ActualLobLogicalReads="0" ActualLobPhysicalReads="0" ActualLobReadAheads="0" ActualEndOfScans="0" ActualExecutions="0" ActualExecutionMode="Row"></RunTimeCountersPerThread><RunTimeCountersPerThread Thread="10" ActualRows="0" Batches="0" ActualElapsedms="0" ActualCPUms="0" ActualScans="0" ActualLogicalReads="0" ActualPhysicalReads="0" ActualReadAheads="0" ActualLobLogicalReads="0" ActualLobPhysicalReads="0" ActualLobReadAheads="0" ActualEndOfScans="0" ActualExecutions="0" ActualExecutionMode="Row"></RunTimeCountersPerThread><RunTimeCountersPerThread Thread="9" ActualRows="0" Batches="0" ActualElapsedms="0" ActualCPUms="0" ActualScans="0" ActualLogicalReads="0" ActualPhysicalReads="0" ActualReadAheads="0" ActualLobLogicalReads="0" ActualLobPhysicalReads="0" ActualLobReadAheads="0" ActualEndOfScans="0" ActualExecutions="0" ActualExecutionMode="Row"></RunTimeCountersPerThread><RunTimeCountersPerThread Thread="8" ActualRows="0" Batches="0" ActualElapsedms="0" ActualCPUms="0" ActualScans="0" ActualLogicalReads="0" ActualPhysicalReads="0" ActualReadAheads="0" ActualLobLogicalReads="0" ActualLobPhysicalReads="0" ActualLobReadAheads="0" ActualEndOfScans="0" ActualExecutions="0" ActualExecutionMode="Row"></RunTimeCountersPerThread><RunTimeCountersPerThread Thread="7" ActualRows="0" Batches="0" ActualElapsedms="0" ActualCPUms="0" ActualScans="0" ActualLogicalReads="0" ActualPhysicalReads="0" ActualReadAheads="0" ActualLobLogicalReads="0" ActualLobPhysicalReads="0" ActualLobReadAheads="0" ActualEndOfScans="0" ActualExecutions="0" ActualExecutionMode="Row"></RunTimeCountersPerThread><RunTimeCountersPerThread Thread="6" ActualRows="0" Batches="0" ActualElapsedms="0" ActualCPUms="0" ActualScans="0" ActualLogicalReads="0" ActualPhysicalReads="0" ActualReadAheads="0" ActualLobLogicalReads="0" ActualLobPhysicalReads="0" ActualLobReadAheads="0" ActualEndOfScans="0" ActualExecutions="0" ActualExecutionMode="Row"></RunTimeCountersPerThread><RunTimeCountersPerThread Thread="5" ActualRows="0" Batches="0" ActualElapsedms="0" ActualCPUms="0" ActualScans="0" ActualLogicalReads="0" ActualPhysicalReads="0" ActualReadAheads="0" ActualLobLogicalReads="0" ActualLobPhysicalReads="0" ActualLobReadAheads="0" ActualEndOfScans="0" ActualExecutions="0" ActualExecutionMode="Row"></RunTimeCountersPerThread><RunTimeCountersPerThread Thread="4" ActualRows="0" Batches="0" ActualElapsedms="0" ActualCPUms="0" ActualScans="0" ActualLogicalReads="0" ActualPhysicalReads="0" ActualReadAheads="0" ActualLobLogicalReads="0" ActualLobPhysicalReads="0" ActualLobReadAheads="0" ActualEndOfScans="0" ActualExecutions="0" ActualExecutionMode="Row"></RunTimeCountersPerThread><RunTimeCountersPerThread Thread="3" ActualRows="0" Batches="0" ActualElapsedms="0" ActualCPUms="0" ActualScans="0" ActualLogicalReads="0" ActualPhysicalReads="0" ActualReadAheads="0" ActualLobLogicalReads="0" ActualLobPhysicalReads="0" ActualLobReadAheads="0" ActualEndOfScans="0" ActualExecutions="0" ActualExecutionMode="Row"></RunTimeCountersPerThread><RunTimeCountersPerThread Thread="2" ActualRows="0" Batches="0" ActualElapsedms="0" ActualCPUms="0" ActualScans="0" ActualLogicalReads="0" ActualPhysicalReads="0" ActualReadAheads="0" ActualLobLogicalReads="0" ActualLobPhysicalReads="0" ActualLobReadAheads="0" ActualEndOfScans="0" ActualExecutions="0" ActualExecutionMode="Row"></RunTimeCountersPerThread><RunTimeCountersPerThread Thread="1" ActualRows="0" Batches="0" ActualElapsedms="0" ActualCPUms="0" ActualScans="0" ActualLogicalReads="0" ActualPhysicalReads="0" ActualReadAheads="0" ActualLobLogicalReads="0" ActualLobPhysicalReads="0" ActualLobReadAheads="0" ActualEndOfScans="0" ActualExecutions="0" ActualExecutionMode="Row"></RunTimeCountersPerThread><RunTimeCountersPerThread Thread="0" ActualRows="0" Batches="0" ActualElapsedms="0" ActualCPUms="0" ActualScans="0" ActualLogicalReads="0" ActualPhysicalReads="0" ActualReadAheads="0" ActualLobLogicalReads="0" ActualLobPhysicalReads="0" ActualLobReadAheads="0" ActualEndOfScans="0" ActualExecutions="0" ActualExecutionMode="Row"></RunTimeCountersPerThread></RunTimeInformation><IndexScan Ordered="1" ScanDirection="FORWARD" ForcedIndex="0" ForceSeek="0" ForceScan="0" NoExpandHint="0" Storage="RowStore"><DefinedValues><DefinedValue><ColumnReference Database="[tpch]" Schema="[dbo]" Table="[lineitem]" Alias="[l2]" Column="L_Quantity"></ColumnReference></DefinedValue></DefinedValues><Object Database="[tpch]" Schema="[dbo]" Table="[lineitem]" Index="[p16_idx]" Alias="[l2]" TableReferenceId="4" IndexKind="NonClustered" Storage="RowStore"></Object><SeekPredicates><SeekPredicateNew><SeekKeys><Prefix ScanType="EQ"><RangeColumns><ColumnReference Database="[tpch]" Schema="[dbo]" Table="[lineitem]" Alias="[l2]" Column="L_PartKey"></ColumnReference></RangeColumns><RangeExpressions><ScalarOperator ScalarString="CONVERT_IMPLICIT(bigint,[tpch].[dbo].[lineitem].[L_PartKey] as [l3].[L_PartKey],0)"><Convert DataType="bigint" Style="0" Implicit="1"><ScalarOperator><Identifier><ColumnReference Database="[tpch]" Schema="[dbo]" Table="[lineitem]" Alias="[l3]" Column="L_PartKey"></ColumnReference></Identifier></ScalarOperator></Convert></ScalarOperator></RangeExpressions></Prefix></SeekKeys></SeekPredicateNew></SeekPredicates></IndexScan></RelOp></StreamAggregate></RelOp></ComputeScalar></RelOp><Predicate><ScalarOperator ScalarString="CONVERT_IMPLICIT(numeric(12,1),[tpch].[dbo].[lineitem].[L_Quantity] as [l3].[L_Quantity],0)&gt;=(0.2)*CONVERT_IMPLICIT(numeric(10,0),[Expr1030],0)"><Compare CompareOp="GE"><ScalarOperator><Convert DataType="numeric" Precision="12" Scale="1" Style="0" Implicit="1"><ScalarOperator><Identifier><ColumnReference Database="[tpch]" Schema="[dbo]" Table="[lineitem]" Alias="[l3]" Column="L_Quantity"></ColumnReference></Identifier></ScalarOperator></Convert></ScalarOperator><ScalarOperator><Arithmetic Operation="MULT"><ScalarOperator><Const ConstValue="(0.2)"></Const></ScalarOperator><ScalarOperator><Convert DataType="numeric" Precision="10" Scale="0" Style="0" Implicit="1"><ScalarOperator><Identifier><ColumnReference Column="Expr1030"></ColumnReference></Identifier></ScalarOperator></Convert></ScalarOperator></Arithmetic></ScalarOperator></Compare></ScalarOperator></Predicate></Filter></RelOp><RelOp NodeId="87" PhysicalOp="Assert" LogicalOp="Assert" EstimateRows="1" EstimateIO="0" EstimateCPU="4.8e-07" AvgRowSize="11" EstimatedTotalSubtreeCost="1.49782" Parallel="1" EstimateRebinds="0" EstimateRewinds="4631.77" EstimatedExecutionMode="Row"><OutputList><ColumnReference Column="Expr1056"></ColumnReference></OutputList><RunTimeInformation><RunTimeCountersPerThread Thread="12" ActualRows="0" Batches="0" ActualElapsedms="0" ActualCPUms="0" ActualEndOfScans="0" ActualExecutions="0" ActualExecutionMode="Row"></RunTimeCountersPerThread><RunTimeCountersPerThread Thread="11" ActualRows="0" Batches="0" ActualElapsedms="0" ActualCPUms="0" ActualEndOfScans="0" ActualExecutions="0" ActualExecutionMode="Row"></RunTimeCountersPerThread><RunTimeCountersPerThread Thread="10" ActualRows="0" Batches="0" ActualElapsedms="0" ActualCPUms="0" ActualEndOfScans="0" ActualExecutions="0" ActualExecutionMode="Row"></RunTimeCountersPerThread><RunTimeCountersPerThread Thread="9" ActualRows="0" Batches="0" ActualElapsedms="0" ActualCPUms="0" ActualEndOfScans="0" ActualExecutions="0" ActualExecutionMode="Row"></RunTimeCountersPerThread><RunTimeCountersPerThread Thread="8" ActualRows="0" Batches="0" ActualElapsedms="0" ActualCPUms="0" ActualEndOfScans="0" ActualExecutions="0" ActualExecutionMode="Row"></RunTimeCountersPerThread><RunTimeCountersPerThread Thread="7" ActualRows="0" Batches="0" ActualElapsedms="0" ActualCPUms="0" ActualEndOfScans="0" ActualExecutions="0" ActualExecutionMode="Row"></RunTimeCountersPerThread><RunTimeCountersPerThread Thread="6" ActualRows="0" Batches="0" ActualElapsedms="0" ActualCPUms="0" ActualEndOfScans="0" ActualExecutions="0" ActualExecutionMode="Row"></RunTimeCountersPerThread><RunTimeCountersPerThread Thread="5" ActualRows="0" Batches="0" ActualElapsedms="0" ActualCPUms="0" ActualEndOfScans="0" ActualExecutions="0" ActualExecutionMode="Row"></RunTimeCountersPerThread><RunTimeCountersPerThread Thread="4" ActualRows="0" Batches="0" ActualElapsedms="0" ActualCPUms="0" ActualEndOfScans="0" ActualExecutions="0" ActualExecutionMode="Row"></RunTimeCountersPerThread><RunTimeCountersPerThread Thread="3" ActualRows="0" Batches="0" ActualElapsedms="0" ActualCPUms="0" ActualEndOfScans="0" ActualExecutions="0" ActualExecutionMode="Row"></RunTimeCountersPerThread><RunTimeCountersPerThread Thread="2" ActualRows="0" Batches="0" ActualElapsedms="0" ActualCPUms="0" ActualEndOfScans="0" ActualExecutions="0" ActualExecutionMode="Row"></RunTimeCountersPerThread><RunTimeCountersPerThread Thread="1" ActualRows="0" Batches="0" ActualElapsedms="0" ActualCPUms="0" ActualEndOfScans="0" ActualExecutions="0" ActualExecutionMode="Row"></RunTimeCountersPerThread><RunTimeCountersPerThread Thread="0" ActualRows="0" Batches="0" ActualElapsedms="0" ActualCPUms="0" ActualEndOfScans="0" ActualExecutions="0" ActualExecutionMode="Row"></RunTimeCountersPerThread></RunTimeInformation><Assert StartupExpression="0"><RelOp NodeId="88" PhysicalOp="Stream Aggregate" LogicalOp="Aggregate" EstimateRows="1" EstimateIO="0" EstimateCPU="1.1e-06" AvgRowSize="19" EstimatedTotalSubtreeCost="1.49559" Parallel="1" EstimateRebinds="0" EstimateRewinds="4631.77" EstimatedExecutionMode="Row"><OutputList><ColumnReference Column="Expr1055"></ColumnReference><ColumnReference Column="Expr1056"></ColumnReference></OutputList><RunTimeInformation><RunTimeCountersPerThread Thread="12" ActualRows="0" Batches="0" ActualElapsedms="0" ActualCPUms="0" ActualEndOfScans="0" ActualExecutions="0" ActualExecutionMode="Row"></RunTimeCountersPerThread><RunTimeCountersPerThread Thread="11" ActualRows="0" Batches="0" ActualElapsedms="0" ActualCPUms="0" ActualEndOfScans="0" ActualExecutions="0" ActualExecutionMode="Row"></RunTimeCountersPerThread><RunTimeCountersPerThread Thread="10" ActualRows="0" Batches="0" ActualElapsedms="0" ActualCPUms="0" ActualEndOfScans="0" ActualExecutions="0" ActualExecutionMode="Row"></RunTimeCountersPerThread><RunTimeCountersPerThread Thread="9" ActualRows="0" Batches="0" ActualElapsedms="0" ActualCPUms="0" ActualEndOfScans="0" ActualExecutions="0" ActualExecutionMode="Row"></RunTimeCountersPerThread><RunTimeCountersPerThread Thread="8" ActualRows="0" Batches="0" ActualElapsedms="0" ActualCPUms="0" ActualEndOfScans="0" ActualExecutions="0" ActualExecutionMode="Row"></RunTimeCountersPerThread><RunTimeCountersPerThread Thread="7" ActualRows="0" Batches="0" ActualElapsedms="0" ActualCPUms="0" ActualEndOfScans="0" ActualExecutions="0" ActualExecutionMode="Row"></RunTimeCountersPerThread><RunTimeCountersPerThread Thread="6" ActualRows="0" Batches="0" ActualElapsedms="0" ActualCPUms="0" ActualEndOfScans="0" ActualExecutions="0" ActualExecutionMode="Row"></RunTimeCountersPerThread><RunTimeCountersPerThread Thread="5" ActualRows="0" Batches="0" ActualElapsedms="0" ActualCPUms="0" ActualEndOfScans="0" ActualExecutions="0" ActualExecutionMode="Row"></RunTimeCountersPerThread><RunTimeCountersPerThread Thread="4" ActualRows="0" Batches="0" ActualElapsedms="0" ActualCPUms="0" ActualEndOfScans="0" ActualExecutions="0" ActualExecutionMode="Row"></RunTimeCountersPerThread><RunTimeCountersPerThread Thread="3" ActualRows="0" Batches="0" ActualElapsedms="0" ActualCPUms="0" ActualEndOfScans="0" ActualExecutions="0" ActualExecutionMode="Row"></RunTimeCountersPerThread><RunTimeCountersPerThread Thread="2" ActualRows="0" Batches="0" ActualElapsedms="0" ActualCPUms="0" ActualEndOfScans="0" ActualExecutions="0" ActualExecutionMode="Row"></RunTimeCountersPerThread><RunTimeCountersPerThread Thread="1" ActualRows="0" Batches="0" ActualElapsedms="0" ActualCPUms="0" ActualEndOfScans="0" ActualExecutions="0" ActualExecutionMode="Row"></RunTimeCountersPerThread><RunTimeCountersPerThread Thread="0" ActualRows="0" Batches="0" ActualElapsedms="0" ActualCPUms="0" ActualEndOfScans="0" ActualExecutions="0" ActualExecutionMode="Row"></RunTimeCountersPerThread></RunTimeInformation><StreamAggregate><DefinedValues><DefinedValue><ColumnReference Column="Expr1055"></ColumnReference><ScalarOperator ScalarString="Count(*)"><Aggregate AggType="countstar" Distinct="0"></Aggregate></ScalarOperator></DefinedValue><DefinedValue><ColumnReference Column="Expr1056"></ColumnReference><ScalarOperator ScalarString="ANY([tpch].[dbo].[nation].[N_RegionKey] as [n2].[N_RegionKey])"><Aggregate Distinct="0" AggType="ANY"><ScalarOperator><Identifier><ColumnReference Database="[tpch]" Schema="[dbo]" Table="[nation]" Alias="[n2]" Column="N_RegionKey"></ColumnReference></Identifier></ScalarOperator></Aggregate></ScalarOperator></DefinedValue></DefinedValues><RelOp NodeId="89" PhysicalOp="Nested Loops" LogicalOp="Inner Join" EstimateRows="1" EstimateIO="0" EstimateCPU="4.18e-06" AvgRowSize="11" EstimatedTotalSubtreeCost="1.4905" Parallel="1" EstimateRebinds="0" EstimateRewinds="4631.77" EstimatedExecutionMode="Row"><OutputList><ColumnReference Database="[tpch]" Schema="[dbo]" Table="[nation]" Alias="[n2]" Column="N_RegionKey"></ColumnReference></OutputList><RunTimeInformation><RunTimeCountersPerThread Thread="12" ActualRows="0" Batches="0" ActualElapsedms="0" ActualCPUms="0" ActualEndOfScans="0" ActualExecutions="0" ActualExecutionMode="Row"></RunTimeCountersPerThread><RunTimeCountersPerThread Thread="11" ActualRows="0" Batches="0" ActualElapsedms="0" ActualCPUms="0" ActualEndOfScans="0" ActualExecutions="0" ActualExecutionMode="Row"></RunTimeCountersPerThread><RunTimeCountersPerThread Thread="10" ActualRows="0" Batches="0" ActualElapsedms="0" ActualCPUms="0" ActualEndOfScans="0" ActualExecutions="0" ActualExecutionMode="Row"></RunTimeCountersPerThread><RunTimeCountersPerThread Thread="9" ActualRows="0" Batches="0" ActualElapsedms="0" ActualCPUms="0" ActualEndOfScans="0" ActualExecutions="0" ActualExecutionMode="Row"></RunTimeCountersPerThread><RunTimeCountersPerThread Thread="8" ActualRows="0" Batches="0" ActualElapsedms="0" ActualCPUms="0" ActualEndOfScans="0" ActualExecutions="0" ActualExecutionMode="Row"></RunTimeCountersPerThread><RunTimeCountersPerThread Thread="7" ActualRows="0" Batches="0" ActualElapsedms="0" ActualCPUms="0" ActualEndOfScans="0" ActualExecutions="0" ActualExecutionMode="Row"></RunTimeCountersPerThread><RunTimeCountersPerThread Thread="6" ActualRows="0" Batches="0" ActualElapsedms="0" ActualCPUms="0" ActualEndOfScans="0" ActualExecutions="0" ActualExecutionMode="Row"></RunTimeCountersPerThread><RunTimeCountersPerThread Thread="5" ActualRows="0" Batches="0" ActualElapsedms="0" ActualCPUms="0" ActualEndOfScans="0" ActualExecutions="0" ActualExecutionMode="Row"></RunTimeCountersPerThread><RunTimeCountersPerThread Thread="4" ActualRows="0" Batches="0" ActualElapsedms="0" ActualCPUms="0" ActualEndOfScans="0" ActualExecutions="0" ActualExecutionMode="Row"></RunTimeCountersPerThread><RunTimeCountersPerThread Thread="3" ActualRows="0" Batches="0" ActualElapsedms="0" ActualCPUms="0" ActualEndOfScans="0" ActualExecutions="0" ActualExecutionMode="Row"></RunTimeCountersPerThread><RunTimeCountersPerThread Thread="2" ActualRows="0" Batches="0" ActualElapsedms="0" ActualCPUms="0" ActualEndOfScans="0" ActualExecutions="0" ActualExecutionMode="Row"></RunTimeCountersPerThread><RunTimeCountersPerThread Thread="1" ActualRows="0" Batches="0" ActualElapsedms="0" ActualCPUms="0" ActualEndOfScans="0" ActualExecutions="0" ActualExecutionMode="Row"></RunTimeCountersPerThread><RunTimeCountersPerThread Thread="0" ActualRows="0" Batches="0" ActualElapsedms="0" ActualCPUms="0" ActualEndOfScans="0" ActualExecutions="0" ActualExecutionMode="Row"></RunTimeCountersPerThread></RunTimeInformation><NestedLoops Optimized="0"><OuterReferences><ColumnReference Database="[tpch]" Schema="[dbo]" Table="[customer]" Alias="[c2]" Column="C_NationKey"></ColumnReference></OuterReferences><RelOp NodeId="90" PhysicalOp="Clustered Index Seek" LogicalOp="Clustered Index Seek" EstimateRows="1" EstimatedRowsRead="1" EstimateIO="0.003125" EstimateCPU="0.0001581" AvgRowSize="11" EstimatedTotalSubtreeCost="0.735566" TableCardinality="150000" Parallel="1" EstimateRebinds="0" EstimateRewinds="4631.77" EstimatedExecutionMode="Row"><OutputList><ColumnReference Database="[tpch]" Schema="[dbo]" Table="[customer]" Alias="[c2]" Column="C_NationKey"></ColumnReference></OutputList><RunTimeInformation><RunTimeCountersPerThread Thread="12" ActualRows="0" Batches="0" ActualElapsedms="0" ActualCPUms="0" ActualScans="0" ActualLogicalReads="0" ActualPhysicalReads="0" ActualReadAheads="0" ActualLobLogicalReads="0" ActualLobPhysicalReads="0" ActualLobReadAheads="0" ActualEndOfScans="0" ActualExecutions="0" ActualExecutionMode="Row"></RunTimeCountersPerThread><RunTimeCountersPerThread Thread="11" ActualRows="0" Batches="0" ActualElapsedms="0" ActualCPUms="0" ActualScans="0" ActualLogicalReads="0" ActualPhysicalReads="0" ActualReadAheads="0" ActualLobLogicalReads="0" ActualLobPhysicalReads="0" ActualLobReadAheads="0" ActualEndOfScans="0" ActualExecutions="0" ActualExecutionMode="Row"></RunTimeCountersPerThread><RunTimeCountersPerThread Thread="10" ActualRows="0" Batches="0" ActualElapsedms="0" ActualCPUms="0" ActualScans="0" ActualLogicalReads="0" ActualPhysicalReads="0" ActualReadAheads="0" ActualLobLogicalReads="0" ActualLobPhysicalReads="0" ActualLobReadAheads="0" ActualEndOfScans="0" ActualExecutions="0" ActualExecutionMode="Row"></RunTimeCountersPerThread><RunTimeCountersPerThread Thread="9" ActualRows="0" Batches="0" ActualElapsedms="0" ActualCPUms="0" ActualScans="0" ActualLogicalReads="0" ActualPhysicalReads="0" ActualReadAheads="0" ActualLobLogicalReads="0" ActualLobPhysicalReads="0" ActualLobReadAheads="0" ActualEndOfScans="0" ActualExecutions="0" ActualExecutionMode="Row"></RunTimeCountersPerThread><RunTimeCountersPerThread Thread="8" ActualRows="0" Batches="0" ActualElapsedms="0" ActualCPUms="0" ActualScans="0" ActualLogicalReads="0" ActualPhysicalReads="0" ActualReadAheads="0" ActualLobLogicalReads="0" ActualLobPhysicalReads="0" ActualLobReadAheads="0" ActualEndOfScans="0" ActualExecutions="0" ActualExecutionMode="Row"></RunTimeCountersPerThread><RunTimeCountersPerThread Thread="7" ActualRows="0" Batches="0" ActualElapsedms="0" ActualCPUms="0" ActualScans="0" ActualLogicalReads="0" ActualPhysicalReads="0" ActualReadAheads="0" ActualLobLogicalReads="0" ActualLobPhysicalReads="0" ActualLobReadAheads="0" ActualEndOfScans="0" ActualExecutions="0" ActualExecutionMode="Row"></RunTimeCountersPerThread><RunTimeCountersPerThread Thread="6" ActualRows="0" Batches="0" ActualElapsedms="0" ActualCPUms="0" ActualScans="0" ActualLogicalReads="0" ActualPhysicalReads="0" ActualReadAheads="0" ActualLobLogicalReads="0" ActualLobPhysicalReads="0" ActualLobReadAheads="0" ActualEndOfScans="0" ActualExecutions="0" ActualExecutionMode="Row"></RunTimeCountersPerThread><RunTimeCountersPerThread Thread="5" ActualRows="0" Batches="0" ActualElapsedms="0" ActualCPUms="0" ActualScans="0" ActualLogicalReads="0" ActualPhysicalReads="0" ActualReadAheads="0" ActualLobLogicalReads="0" ActualLobPhysicalReads="0" ActualLobReadAheads="0" ActualEndOfScans="0" ActualExecutions="0" ActualExecutionMode="Row"></RunTimeCountersPerThread><RunTimeCountersPerThread Thread="4" ActualRows="0" Batches="0" ActualElapsedms="0" ActualCPUms="0" ActualScans="0" ActualLogicalReads="0" ActualPhysicalReads="0" ActualReadAheads="0" ActualLobLogicalReads="0" ActualLobPhysicalReads="0" ActualLobReadAheads="0" ActualEndOfScans="0" ActualExecutions="0" ActualExecutionMode="Row"></RunTimeCountersPerThread><RunTimeCountersPerThread Thread="3" ActualRows="0" Batches="0" ActualElapsedms="0" ActualCPUms="0" ActualScans="0" ActualLogicalReads="0" ActualPhysicalReads="0" ActualReadAheads="0" ActualLobLogicalReads="0" ActualLobPhysicalReads="0" ActualLobReadAheads="0" ActualEndOfScans="0" ActualExecutions="0" ActualExecutionMode="Row"></RunTimeCountersPerThread><RunTimeCountersPerThread Thread="2" ActualRows="0" Batches="0" ActualElapsedms="0" ActualCPUms="0" ActualScans="0" ActualLogicalReads="0" ActualPhysicalReads="0" ActualReadAheads="0" ActualLobLogicalReads="0" ActualLobPhysicalReads="0" ActualLobReadAheads="0" ActualEndOfScans="0" ActualExecutions="0" ActualExecutionMode="Row"></RunTimeCountersPerThread><RunTimeCountersPerThread Thread="1" ActualRows="0" Batches="0" ActualElapsedms="0" ActualCPUms="0" ActualScans="0" ActualLogicalReads="0" ActualPhysicalReads="0" ActualReadAheads="0" ActualLobLogicalReads="0" ActualLobPhysicalReads="0" ActualLobReadAheads="0" ActualEndOfScans="0" ActualExecutions="0" ActualExecutionMode="Row"></RunTimeCountersPerThread><RunTimeCountersPerThread Thread="0" ActualRows="0" Batches="0" ActualElapsedms="0" ActualCPUms="0" ActualScans="0" ActualLogicalReads="0" ActualPhysicalReads="0" ActualReadAheads="0" ActualLobLogicalReads="0" ActualLobPhysicalReads="0" ActualLobReadAheads="0" ActualEndOfScans="0" ActualExecutions="0" ActualExecutionMode="Row"></RunTimeCountersPerThread></RunTimeInformation><IndexScan Ordered="1" ScanDirection="FORWARD" ForcedIndex="0" ForceSeek="0" ForceScan="0" NoExpandHint="0" Storage="RowStore"><DefinedValues><DefinedValue><ColumnReference Database="[tpch]" Schema="[dbo]" Table="[customer]" Alias="[c2]" Column="C_NationKey"></ColumnReference></DefinedValue></DefinedValues><Object Database="[tpch]" Schema="[dbo]" Table="[customer]" Index="[PK__customer__48695B7174053BCB]" Alias="[c2]" TableReferenceId="3" IndexKind="Clustered" Storage="RowStore"></Object><SeekPredicates><SeekPredicateNew><SeekKeys><Prefix ScanType="EQ"><RangeColumns><ColumnReference Database="[tpch]" Schema="[dbo]" Table="[customer]" Alias="[c2]" Column="C_CustKey"></ColumnReference></RangeColumns><RangeExpressions><ScalarOperator ScalarString="(1111)"><Const ConstValue="(1111)"></Const></ScalarOperator></RangeExpressions></Prefix></SeekKeys></SeekPredicateNew></SeekPredicates></IndexScan></RelOp><RelOp NodeId="91" PhysicalOp="Clustered Index Seek" LogicalOp="Clustered Index Seek" EstimateRows="1" EstimatedRowsRead="1" EstimateIO="0.003125" EstimateCPU="0.0001581" AvgRowSize="11" EstimatedTotalSubtreeCost="0.735566" TableCardinality="25" Parallel="1" EstimateRebinds="0" EstimateRewinds="4631.77" EstimatedExecutionMode="Row"><OutputList><ColumnReference Database="[tpch]" Schema="[dbo]" Table="[nation]" Alias="[n2]" Column="N_RegionKey"></ColumnReference></OutputList><RunTimeInformation><RunTimeCountersPerThread Thread="12" ActualRows="0" Batches="0" ActualElapsedms="0" ActualCPUms="0" ActualScans="0" ActualLogicalReads="0" ActualPhysicalReads="0" ActualReadAheads="0" ActualLobLogicalReads="0" ActualLobPhysicalReads="0" ActualLobReadAheads="0" ActualEndOfScans="0" ActualExecutions="0" ActualExecutionMode="Row"></RunTimeCountersPerThread><RunTimeCountersPerThread Thread="11" ActualRows="0" Batches="0" ActualElapsedms="0" ActualCPUms="0" ActualScans="0" ActualLogicalReads="0" ActualPhysicalReads="0" ActualReadAheads="0" ActualLobLogicalReads="0" ActualLobPhysicalReads="0" ActualLobReadAheads="0" ActualEndOfScans="0" ActualExecutions="0" ActualExecutionMode="Row"></RunTimeCountersPerThread><RunTimeCountersPerThread Thread="10" ActualRows="0" Batches="0" ActualElapsedms="0" ActualCPUms="0" ActualScans="0" ActualLogicalReads="0" ActualPhysicalReads="0" ActualReadAheads="0" ActualLobLogicalReads="0" ActualLobPhysicalReads="0" ActualLobReadAheads="0" ActualEndOfScans="0" ActualExecutions="0" ActualExecutionMode="Row"></RunTimeCountersPerThread><RunTimeCountersPerThread Thread="9" ActualRows="0" Batches="0" ActualElapsedms="0" ActualCPUms="0" ActualScans="0" ActualLogicalReads="0" ActualPhysicalReads="0" ActualReadAheads="0" ActualLobLogicalReads="0" ActualLobPhysicalReads="0" ActualLobReadAheads="0" ActualEndOfScans="0" ActualExecutions="0" ActualExecutionMode="Row"></RunTimeCountersPerThread><RunTimeCountersPerThread Thread="8" ActualRows="0" Batches="0" ActualElapsedms="0" ActualCPUms="0" ActualScans="0" ActualLogicalReads="0" ActualPhysicalReads="0" ActualReadAheads="0" ActualLobLogicalReads="0" ActualLobPhysicalReads="0" ActualLobReadAheads="0" ActualEndOfScans="0" ActualExecutions="0" ActualExecutionMode="Row"></RunTimeCountersPerThread><RunTimeCountersPerThread Thread="7" ActualRows="0" Batches="0" ActualElapsedms="0" ActualCPUms="0" ActualScans="0" ActualLogicalReads="0" ActualPhysicalReads="0" ActualReadAheads="0" ActualLobLogicalReads="0" ActualLobPhysicalReads="0" ActualLobReadAheads="0" ActualEndOfScans="0" ActualExecutions="0" ActualExecutionMode="Row"></RunTimeCountersPerThread><RunTimeCountersPerThread Thread="6" ActualRows="0" Batches="0" ActualElapsedms="0" ActualCPUms="0" ActualScans="0" ActualLogicalReads="0" ActualPhysicalReads="0" ActualReadAheads="0" ActualLobLogicalReads="0" ActualLobPhysicalReads="0" ActualLobReadAheads="0" ActualEndOfScans="0" ActualExecutions="0" ActualExecutionMode="Row"></RunTimeCountersPerThread><RunTimeCountersPerThread Thread="5" ActualRows="0" Batches="0" ActualElapsedms="0" ActualCPUms="0" ActualScans="0" ActualLogicalReads="0" ActualPhysicalReads="0" ActualReadAheads="0" ActualLobLogicalReads="0" ActualLobPhysicalReads="0" ActualLobReadAheads="0" ActualEndOfScans="0" ActualExecutions="0" ActualExecutionMode="Row"></RunTimeCountersPerThread><RunTimeCountersPerThread Thread="4" ActualRows="0" Batches="0" ActualElapsedms="0" ActualCPUms="0" ActualScans="0" ActualLogicalReads="0" ActualPhysicalReads="0" ActualReadAheads="0" ActualLobLogicalReads="0" ActualLobPhysicalReads="0" ActualLobReadAheads="0" ActualEndOfScans="0" ActualExecutions="0" ActualExecutionMode="Row"></RunTimeCountersPerThread><RunTimeCountersPerThread Thread="3" ActualRows="0" Batches="0" ActualElapsedms="0" ActualCPUms="0" ActualScans="0" ActualLogicalReads="0" ActualPhysicalReads="0" ActualReadAheads="0" ActualLobLogicalReads="0" ActualLobPhysicalReads="0" ActualLobReadAheads="0" ActualEndOfScans="0" ActualExecutions="0" ActualExecutionMode="Row"></RunTimeCountersPerThread><RunTimeCountersPerThread Thread="2" ActualRows="0" Batches="0" ActualElapsedms="0" ActualCPUms="0" ActualScans="0" ActualLogicalReads="0" ActualPhysicalReads="0" ActualReadAheads="0" ActualLobLogicalReads="0" ActualLobPhysicalReads="0" ActualLobReadAheads="0" ActualEndOfScans="0" ActualExecutions="0" ActualExecutionMode="Row"></RunTimeCountersPerThread><RunTimeCountersPerThread Thread="1" ActualRows="0" Batches="0" ActualElapsedms="0" ActualCPUms="0" ActualScans="0" ActualLogicalReads="0" ActualPhysicalReads="0" ActualReadAheads="0" ActualLobLogicalReads="0" ActualLobPhysicalReads="0" ActualLobReadAheads="0" ActualEndOfScans="0" ActualExecutions="0" ActualExecutionMode="Row"></RunTimeCountersPerThread><RunTimeCountersPerThread Thread="0" ActualRows="0" Batches="0" ActualElapsedms="0" ActualCPUms="0" ActualScans="0" ActualLogicalReads="0" ActualPhysicalReads="0" ActualReadAheads="0" ActualLobLogicalReads="0" ActualLobPhysicalReads="0" ActualLobReadAheads="0" ActualEndOfScans="0" ActualExecutions="0" ActualExecutionMode="Row"></RunTimeCountersPerThread></RunTimeInformation><IndexScan Ordered="1" ScanDirection="FORWARD" ForcedIndex="0" ForceSeek="0" ForceScan="0" NoExpandHint="0" Storage="RowStore"><DefinedValues><DefinedValue><ColumnReference Database="[tpch]" Schema="[dbo]" Table="[nation]" Alias="[n2]" Column="N_RegionKey"></ColumnReference></DefinedValue></DefinedValues><Object Database="[tpch]" Schema="[dbo]" Table="[nation]" Index="[PK__nation__BD377952AE350C6C]" Alias="[n2]" TableReferenceId="3" IndexKind="Clustered" Storage="RowStore"></Object><SeekPredicates><SeekPredicateNew><SeekKeys><Prefix ScanType="EQ"><RangeColumns><ColumnReference Database="[tpch]" Schema="[dbo]" Table="[nation]" Alias="[n2]" Column="N_NationKey"></ColumnReference></RangeColumns><RangeExpressions><ScalarOperator ScalarString="[tpch].[dbo].[customer].[C_NationKey] as [c2].[C_NationKey]"><Identifier><ColumnReference Database="[tpch]" Schema="[dbo]" Table="[customer]" Alias="[c2]" Column="C_NationKey"></ColumnReference></Identifier></ScalarOperator></RangeExpressions></Prefix></SeekKeys></SeekPredicateNew></SeekPredicates></IndexScan></RelOp></NestedLoops></RelOp></StreamAggregate></RelOp><Predicate><ScalarOperator ScalarString="CASE WHEN [Expr1055]&gt;(1) THEN (0) ELSE NULL END"><IF><Condition><ScalarOperator><Compare CompareOp="GT"><ScalarOperator><Identifier><ColumnReference Column="Expr1055"></ColumnReference></Identifier></ScalarOperator><ScalarOperator><Const ConstValue="(1)"></Const></ScalarOperator></Compare></ScalarOperator></Condition><Then><ScalarOperator><Const ConstValue="(0)"></Const></ScalarOperator></Then><Else><ScalarOperator><Const ConstValue="NULL"></Const></ScalarOperator></Else></IF></ScalarOperator></Predicate></Assert></RelOp></NestedLoops></RelOp><RelOp NodeId="92" PhysicalOp="Assert" LogicalOp="Assert" EstimateRows="1" EstimateIO="0" EstimateCPU="4.8e-07" AvgRowSize="11" EstimatedTotalSubtreeCost="16.9385" Parallel="1" EstimateRebinds="4631.77" EstimateRewinds="0" EstimatedExecutionMode="Row"><OutputList><ColumnReference Column="Expr1054"></ColumnReference></OutputList><RunTimeInformation><RunTimeCountersPerThread Thread="12" ActualRows="0" Batches="0" ActualElapsedms="0" ActualCPUms="0" ActualEndOfScans="0" ActualExecutions="0" ActualExecutionMode="Row"></RunTimeCountersPerThread><RunTimeCountersPerThread Thread="11" ActualRows="0" Batches="0" ActualElapsedms="0" ActualCPUms="0" ActualEndOfScans="0" ActualExecutions="0" ActualExecutionMode="Row"></RunTimeCountersPerThread><RunTimeCountersPerThread Thread="10" ActualRows="0" Batches="0" ActualElapsedms="0" ActualCPUms="0" ActualEndOfScans="0" ActualExecutions="0" ActualExecutionMode="Row"></RunTimeCountersPerThread><RunTimeCountersPerThread Thread="9" ActualRows="0" Batches="0" ActualElapsedms="0" ActualCPUms="0" ActualEndOfScans="0" ActualExecutions="0" ActualExecutionMode="Row"></RunTimeCountersPerThread><RunTimeCountersPerThread Thread="8" ActualRows="0" Batches="0" ActualElapsedms="0" ActualCPUms="0" ActualEndOfScans="0" ActualExecutions="0" ActualExecutionMode="Row"></RunTimeCountersPerThread><RunTimeCountersPerThread Thread="7" ActualRows="0" Batches="0" ActualElapsedms="0" ActualCPUms="0" ActualEndOfScans="0" ActualExecutions="0" ActualExecutionMode="Row"></RunTimeCountersPerThread><RunTimeCountersPerThread Thread="6" ActualRows="0" Batches="0" ActualElapsedms="0" ActualCPUms="0" ActualEndOfScans="0" ActualExecutions="0" ActualExecutionMode="Row"></RunTimeCountersPerThread><RunTimeCountersPerThread Thread="5" ActualRows="0" Batches="0" ActualElapsedms="0" ActualCPUms="0" ActualEndOfScans="0" ActualExecutions="0" ActualExecutionMode="Row"></RunTimeCountersPerThread><RunTimeCountersPerThread Thread="4" ActualRows="0" Batches="0" ActualElapsedms="0" ActualCPUms="0" ActualEndOfScans="0" ActualExecutions="0" ActualExecutionMode="Row"></RunTimeCountersPerThread><RunTimeCountersPerThread Thread="3" ActualRows="0" Batches="0" ActualElapsedms="0" ActualCPUms="0" ActualEndOfScans="0" ActualExecutions="0" ActualExecutionMode="Row"></RunTimeCountersPerThread><RunTimeCountersPerThread Thread="2" ActualRows="0" Batches="0" ActualElapsedms="0" ActualCPUms="0" ActualEndOfScans="0" ActualExecutions="0" ActualExecutionMode="Row"></RunTimeCountersPerThread><RunTimeCountersPerThread Thread="1" ActualRows="0" Batches="0" ActualElapsedms="0" ActualCPUms="0" ActualEndOfScans="0" ActualExecutions="0" ActualExecutionMode="Row"></RunTimeCountersPerThread><RunTimeCountersPerThread Thread="0" ActualRows="0" Batches="0" ActualElapsedms="0" ActualCPUms="0" ActualEndOfScans="0" ActualExecutions="0" ActualExecutionMode="Row"></RunTimeCountersPerThread></RunTimeInformation><Assert StartupExpression="0"><RelOp NodeId="93" PhysicalOp="Stream Aggregate" LogicalOp="Aggregate" EstimateRows="1" EstimateIO="0" EstimateCPU="1.1e-06" AvgRowSize="19" EstimatedTotalSubtreeCost="16.9363" Parallel="1" EstimateRebinds="4631.77" EstimateRewinds="0" EstimatedExecutionMode="Row"><OutputList><ColumnReference Column="Expr1053"></ColumnReference><ColumnReference Column="Expr1054"></ColumnReference></OutputList><RunTimeInformation><RunTimeCountersPerThread Thread="12" ActualRows="0" Batches="0" ActualElapsedms="0" ActualCPUms="0" ActualEndOfScans="0" ActualExecutions="0" ActualExecutionMode="Row"></RunTimeCountersPerThread><RunTimeCountersPerThread Thread="11" ActualRows="0" Batches="0" ActualElapsedms="0" ActualCPUms="0" ActualEndOfScans="0" ActualExecutions="0" ActualExecutionMode="Row"></RunTimeCountersPerThread><RunTimeCountersPerThread Thread="10" ActualRows="0" Batches="0" ActualElapsedms="0" ActualCPUms="0" ActualEndOfScans="0" ActualExecutions="0" ActualExecutionMode="Row"></RunTimeCountersPerThread><RunTimeCountersPerThread Thread="9" ActualRows="0" Batches="0" ActualElapsedms="0" ActualCPUms="0" ActualEndOfScans="0" ActualExecutions="0" ActualExecutionMode="Row"></RunTimeCountersPerThread><RunTimeCountersPerThread Thread="8" ActualRows="0" Batches="0" ActualElapsedms="0" ActualCPUms="0" ActualEndOfScans="0" ActualExecutions="0" ActualExecutionMode="Row"></RunTimeCountersPerThread><RunTimeCountersPerThread Thread="7" ActualRows="0" Batches="0" ActualElapsedms="0" ActualCPUms="0" ActualEndOfScans="0" ActualExecutions="0" ActualExecutionMode="Row"></RunTimeCountersPerThread><RunTimeCountersPerThread Thread="6" ActualRows="0" Batches="0" ActualElapsedms="0" ActualCPUms="0" ActualEndOfScans="0" ActualExecutions="0" ActualExecutionMode="Row"></RunTimeCountersPerThread><RunTimeCountersPerThread Thread="5" ActualRows="0" Batches="0" ActualElapsedms="0" ActualCPUms="0" ActualEndOfScans="0" ActualExecutions="0" ActualExecutionMode="Row"></RunTimeCountersPerThread><RunTimeCountersPerThread Thread="4" ActualRows="0" Batches="0" ActualElapsedms="0" ActualCPUms="0" ActualEndOfScans="0" ActualExecutions="0" ActualExecutionMode="Row"></RunTimeCountersPerThread><RunTimeCountersPerThread Thread="3" ActualRows="0" Batches="0" ActualElapsedms="0" ActualCPUms="0" ActualEndOfScans="0" ActualExecutions="0" ActualExecutionMode="Row"></RunTimeCountersPerThread><RunTimeCountersPerThread Thread="2" ActualRows="0" Batches="0" ActualElapsedms="0" ActualCPUms="0" ActualEndOfScans="0" ActualExecutions="0" ActualExecutionMode="Row"></RunTimeCountersPerThread><RunTimeCountersPerThread Thread="1" ActualRows="0" Batches="0" ActualElapsedms="0" ActualCPUms="0" ActualEndOfScans="0" ActualExecutions="0" ActualExecutionMode="Row"></RunTimeCountersPerThread><RunTimeCountersPerThread Thread="0" ActualRows="0" Batches="0" ActualElapsedms="0" ActualCPUms="0" ActualEndOfScans="0" ActualExecutions="0" ActualExecutionMode="Row"></RunTimeCountersPerThread></RunTimeInformation><StreamAggregate><DefinedValues><DefinedValue><ColumnReference Column="Expr1053"></ColumnReference><ScalarOperator ScalarString="Count(*)"><Aggregate AggType="countstar" Distinct="0"></Aggregate></ScalarOperator></DefinedValue><DefinedValue><ColumnReference Column="Expr1054"></ColumnReference><ScalarOperator ScalarString="ANY([tpch].[dbo].[nation].[N_RegionKey] as [n].[N_RegionKey])"><Aggregate Distinct="0" AggType="ANY"><ScalarOperator><Identifier><ColumnReference Database="[tpch]" Schema="[dbo]" Table="[nation]" Alias="[n]" Column="N_RegionKey"></ColumnReference></Identifier></ScalarOperator></Aggregate></ScalarOperator></DefinedValue></DefinedValues><RelOp NodeId="94" PhysicalOp="Nested Loops" LogicalOp="Inner Join" EstimateRows="1" EstimateIO="0" EstimateCPU="4.18e-06" AvgRowSize="11" EstimatedTotalSubtreeCost="16.9312" Parallel="1" EstimateRebinds="4631.77" EstimateRewinds="0" EstimatedExecutionMode="Row"><OutputList><ColumnReference Database="[tpch]" Schema="[dbo]" Table="[nation]" Alias="[n]" Column="N_RegionKey"></ColumnReference></OutputList><RunTimeInformation><RunTimeCountersPerThread Thread="12" ActualRows="0" Batches="0" ActualElapsedms="0" ActualCPUms="0" ActualEndOfScans="0" ActualExecutions="0" ActualExecutionMode="Row"></RunTimeCountersPerThread><RunTimeCountersPerThread Thread="11" ActualRows="0" Batches="0" ActualElapsedms="0" ActualCPUms="0" ActualEndOfScans="0" ActualExecutions="0" ActualExecutionMode="Row"></RunTimeCountersPerThread><RunTimeCountersPerThread Thread="10" ActualRows="0" Batches="0" ActualElapsedms="0" ActualCPUms="0" ActualEndOfScans="0" ActualExecutions="0" ActualExecutionMode="Row"></RunTimeCountersPerThread><RunTimeCountersPerThread Thread="9" ActualRows="0" Batches="0" ActualElapsedms="0" ActualCPUms="0" ActualEndOfScans="0" ActualExecutions="0" ActualExecutionMode="Row"></RunTimeCountersPerThread><RunTimeCountersPerThread Thread="8" ActualRows="0" Batches="0" ActualElapsedms="0" ActualCPUms="0" ActualEndOfScans="0" ActualExecutions="0" ActualExecutionMode="Row"></RunTimeCountersPerThread><RunTimeCountersPerThread Thread="7" ActualRows="0" Batches="0" ActualElapsedms="0" ActualCPUms="0" ActualEndOfScans="0" ActualExecutions="0" ActualExecutionMode="Row"></RunTimeCountersPerThread><RunTimeCountersPerThread Thread="6" ActualRows="0" Batches="0" ActualElapsedms="0" ActualCPUms="0" ActualEndOfScans="0" ActualExecutions="0" ActualExecutionMode="Row"></RunTimeCountersPerThread><RunTimeCountersPerThread Thread="5" ActualRows="0" Batches="0" ActualElapsedms="0" ActualCPUms="0" ActualEndOfScans="0" ActualExecutions="0" ActualExecutionMode="Row"></RunTimeCountersPerThread><RunTimeCountersPerThread Thread="4" ActualRows="0" Batches="0" ActualElapsedms="0" ActualCPUms="0" ActualEndOfScans="0" ActualExecutions="0" ActualExecutionMode="Row"></RunTimeCountersPerThread><RunTimeCountersPerThread Thread="3" ActualRows="0" Batches="0" ActualElapsedms="0" ActualCPUms="0" ActualEndOfScans="0" ActualExecutions="0" ActualExecutionMode="Row"></RunTimeCountersPerThread><RunTimeCountersPerThread Thread="2" ActualRows="0" Batches="0" ActualElapsedms="0" ActualCPUms="0" ActualEndOfScans="0" ActualExecutions="0" ActualExecutionMode="Row"></RunTimeCountersPerThread><RunTimeCountersPerThread Thread="1" ActualRows="0" Batches="0" ActualElapsedms="0" ActualCPUms="0" ActualEndOfScans="0" ActualExecutions="0" ActualExecutionMode="Row"></RunTimeCountersPerThread><RunTimeCountersPerThread Thread="0" ActualRows="0" Batches="0" ActualElapsedms="0" ActualCPUms="0" ActualEndOfScans="0" ActualExecutions="0" ActualExecutionMode="Row"></RunTimeCountersPerThread></RunTimeInformation><NestedLoops Optimized="0"><OuterReferences><ColumnReference Database="[tpch]" Schema="[dbo]" Table="[customer]" Alias="[c]" Column="C_NationKey"></ColumnReference></OuterReferences><RelOp NodeId="95" PhysicalOp="Nested Loops" LogicalOp="Inner Join" EstimateRows="1" EstimateIO="0" EstimateCPU="4.18e-06" AvgRowSize="11" EstimatedTotalSubtreeCost="16.1762" Parallel="1" EstimateRebinds="4631.77" EstimateRewinds="0" EstimatedExecutionMode="Row"><OutputList><ColumnReference Database="[tpch]" Schema="[dbo]" Table="[customer]" Alias="[c]" Column="C_NationKey"></ColumnReference></OutputList><RunTimeInformation><RunTimeCountersPerThread Thread="12" ActualRows="0" Batches="0" ActualElapsedms="0" ActualCPUms="0" ActualEndOfScans="0" ActualExecutions="0" ActualExecutionMode="Row"></RunTimeCountersPerThread><RunTimeCountersPerThread Thread="11" ActualRows="0" Batches="0" ActualElapsedms="0" ActualCPUms="0" ActualEndOfScans="0" ActualExecutions="0" ActualExecutionMode="Row"></RunTimeCountersPerThread><RunTimeCountersPerThread Thread="10" ActualRows="0" Batches="0" ActualElapsedms="0" ActualCPUms="0" ActualEndOfScans="0" ActualExecutions="0" ActualExecutionMode="Row"></RunTimeCountersPerThread><RunTimeCountersPerThread Thread="9" ActualRows="0" Batches="0" ActualElapsedms="0" ActualCPUms="0" ActualEndOfScans="0" ActualExecutions="0" ActualExecutionMode="Row"></RunTimeCountersPerThread><RunTimeCountersPerThread Thread="8" ActualRows="0" Batches="0" ActualElapsedms="0" ActualCPUms="0" ActualEndOfScans="0" ActualExecutions="0" ActualExecutionMode="Row"></RunTimeCountersPerThread><RunTimeCountersPerThread Thread="7" ActualRows="0" Batches="0" ActualElapsedms="0" ActualCPUms="0" ActualEndOfScans="0" ActualExecutions="0" ActualExecutionMode="Row"></RunTimeCountersPerThread><RunTimeCountersPerThread Thread="6" ActualRows="0" Batches="0" ActualElapsedms="0" ActualCPUms="0" ActualEndOfScans="0" ActualExecutions="0" ActualExecutionMode="Row"></RunTimeCountersPerThread><RunTimeCountersPerThread Thread="5" ActualRows="0" Batches="0" ActualElapsedms="0" ActualCPUms="0" ActualEndOfScans="0" ActualExecutions="0" ActualExecutionMode="Row"></RunTimeCountersPerThread><RunTimeCountersPerThread Thread="4" ActualRows="0" Batches="0" ActualElapsedms="0" ActualCPUms="0" ActualEndOfScans="0" ActualExecutions="0" ActualExecutionMode="Row"></RunTimeCountersPerThread><RunTimeCountersPerThread Thread="3" ActualRows="0" Batches="0" ActualElapsedms="0" ActualCPUms="0" ActualEndOfScans="0" ActualExecutions="0" ActualExecutionMode="Row"></RunTimeCountersPerThread><RunTimeCountersPerThread Thread="2" ActualRows="0" Batches="0" ActualElapsedms="0" ActualCPUms="0" ActualEndOfScans="0" ActualExecutions="0" ActualExecutionMode="Row"></RunTimeCountersPerThread><RunTimeCountersPerThread Thread="1" ActualRows="0" Batches="0" ActualElapsedms="0" ActualCPUms="0" ActualEndOfScans="0" ActualExecutions="0" ActualExecutionMode="Row"></RunTimeCountersPerThread><RunTimeCountersPerThread Thread="0" ActualRows="0" Batches="0" ActualElapsedms="0" ActualCPUms="0" ActualEndOfScans="0" ActualExecutions="0" ActualExecutionMode="Row"></RunTimeCountersPerThread></RunTimeInformation><NestedLoops Optimized="0"><OuterReferences><ColumnReference Database="[tpch]" Schema="[dbo]" Table="[orders]" Alias="[o]" Column="O_CustKey"></ColumnReference></OuterReferences><RelOp NodeId="96" PhysicalOp="Clustered Index Seek" LogicalOp="Clustered Index Seek" EstimateRows="1" EstimatedRowsRead="1" EstimateIO="0.003125" EstimateCPU="0.0001581" AvgRowSize="11" EstimatedTotalSubtreeCost="9.32049" TableCardinality="1.5e+06" Parallel="1" EstimateRebinds="4631.77" EstimateRewinds="0" EstimatedExecutionMode="Row"><OutputList><ColumnReference Database="[tpch]" Schema="[dbo]" Table="[orders]" Alias="[o]" Column="O_CustKey"></ColumnReference></OutputList><RunTimeInformation><RunTimeCountersPerThread Thread="12" ActualRows="0" Batches="0" ActualElapsedms="0" ActualCPUms="0" ActualScans="0" ActualLogicalReads="0" ActualPhysicalReads="0" ActualReadAheads="0" ActualLobLogicalReads="0" ActualLobPhysicalReads="0" ActualLobReadAheads="0" ActualEndOfScans="0" ActualExecutions="0" ActualExecutionMode="Row"></RunTimeCountersPerThread><RunTimeCountersPerThread Thread="11" ActualRows="0" Batches="0" ActualElapsedms="0" ActualCPUms="0" ActualScans="0" ActualLogicalReads="0" ActualPhysicalReads="0" ActualReadAheads="0" ActualLobLogicalReads="0" ActualLobPhysicalReads="0" ActualLobReadAheads="0" ActualEndOfScans="0" ActualExecutions="0" ActualExecutionMode="Row"></RunTimeCountersPerThread><RunTimeCountersPerThread Thread="10" ActualRows="0" Batches="0" ActualElapsedms="0" ActualCPUms="0" ActualScans="0" ActualLogicalReads="0" ActualPhysicalReads="0" ActualReadAheads="0" ActualLobLogicalReads="0" ActualLobPhysicalReads="0" ActualLobReadAheads="0" ActualEndOfScans="0" ActualExecutions="0" ActualExecutionMode="Row"></RunTimeCountersPerThread><RunTimeCountersPerThread Thread="9" ActualRows="0" Batches="0" ActualElapsedms="0" ActualCPUms="0" ActualScans="0" ActualLogicalReads="0" ActualPhysicalReads="0" ActualReadAheads="0" ActualLobLogicalReads="0" ActualLobPhysicalReads="0" ActualLobReadAheads="0" ActualEndOfScans="0" ActualExecutions="0" ActualExecutionMode="Row"></RunTimeCountersPerThread><RunTimeCountersPerThread Thread="8" ActualRows="0" Batches="0" ActualElapsedms="0" ActualCPUms="0" ActualScans="0" ActualLogicalReads="0" ActualPhysicalReads="0" ActualReadAheads="0" ActualLobLogicalReads="0" ActualLobPhysicalReads="0" ActualLobReadAheads="0" ActualEndOfScans="0" ActualExecutions="0" ActualExecutionMode="Row"></RunTimeCountersPerThread><RunTimeCountersPerThread Thread="7" ActualRows="0" Batches="0" ActualElapsedms="0" ActualCPUms="0" ActualScans="0" ActualLogicalReads="0" ActualPhysicalReads="0" ActualReadAheads="0" ActualLobLogicalReads="0" ActualLobPhysicalReads="0" ActualLobReadAheads="0" ActualEndOfScans="0" ActualExecutions="0" ActualExecutionMode="Row"></RunTimeCountersPerThread><RunTimeCountersPerThread Thread="6" ActualRows="0" Batches="0" ActualElapsedms="0" ActualCPUms="0" ActualScans="0" ActualLogicalReads="0" ActualPhysicalReads="0" ActualReadAheads="0" ActualLobLogicalReads="0" ActualLobPhysicalReads="0" ActualLobReadAheads="0" ActualEndOfScans="0" ActualExecutions="0" ActualExecutionMode="Row"></RunTimeCountersPerThread><RunTimeCountersPerThread Thread="5" ActualRows="0" Batches="0" ActualElapsedms="0" ActualCPUms="0" ActualScans="0" ActualLogicalReads="0" ActualPhysicalReads="0" ActualReadAheads="0" ActualLobLogicalReads="0" ActualLobPhysicalReads="0" ActualLobReadAheads="0" ActualEndOfScans="0" ActualExecutions="0" ActualExecutionMode="Row"></RunTimeCountersPerThread><RunTimeCountersPerThread Thread="4" ActualRows="0" Batches="0" ActualElapsedms="0" ActualCPUms="0" ActualScans="0" ActualLogicalReads="0" ActualPhysicalReads="0" ActualReadAheads="0" ActualLobLogicalReads="0" ActualLobPhysicalReads="0" ActualLobReadAheads="0" ActualEndOfScans="0" ActualExecutions="0" ActualExecutionMode="Row"></RunTimeCountersPerThread><RunTimeCountersPerThread Thread="3" ActualRows="0" Batches="0" ActualElapsedms="0" ActualCPUms="0" ActualScans="0" ActualLogicalReads="0" ActualPhysicalReads="0" ActualReadAheads="0" ActualLobLogicalReads="0" ActualLobPhysicalReads="0" ActualLobReadAheads="0" ActualEndOfScans="0" ActualExecutions="0" ActualExecutionMode="Row"></RunTimeCountersPerThread><RunTimeCountersPerThread Thread="2" ActualRows="0" Batches="0" ActualElapsedms="0" ActualCPUms="0" ActualScans="0" ActualLogicalReads="0" ActualPhysicalReads="0" ActualReadAheads="0" ActualLobLogicalReads="0" ActualLobPhysicalReads="0" ActualLobReadAheads="0" ActualEndOfScans="0" ActualExecutions="0" ActualExecutionMode="Row"></RunTimeCountersPerThread><RunTimeCountersPerThread Thread="1" ActualRows="0" Batches="0" ActualElapsedms="0" ActualCPUms="0" ActualScans="0" ActualLogicalReads="0" ActualPhysicalReads="0" ActualReadAheads="0" ActualLobLogicalReads="0" ActualLobPhysicalReads="0" ActualLobReadAheads="0" ActualEndOfScans="0" ActualExecutions="0" ActualExecutionMode="Row"></RunTimeCountersPerThread><RunTimeCountersPerThread Thread="0" ActualRows="0" Batches="0" ActualElapsedms="0" ActualCPUms="0" ActualScans="0" ActualLogicalReads="0" ActualPhysicalReads="0" ActualReadAheads="0" ActualLobLogicalReads="0" ActualLobPhysicalReads="0" ActualLobReadAheads="0" ActualEndOfScans="0" ActualExecutions="0" ActualExecutionMode="Row"></RunTimeCountersPerThread></RunTimeInformation><IndexScan Ordered="1" ScanDirection="FORWARD" ForcedIndex="0" ForceSeek="0" ForceScan="0" NoExpandHint="0" Storage="RowStore"><DefinedValues><DefinedValue><ColumnReference Database="[tpch]" Schema="[dbo]" Table="[orders]" Alias="[o]" Column="O_CustKey"></ColumnReference></DefinedValue></DefinedValues><Object Database="[tpch]" Schema="[dbo]" Table="[orders]" Index="[PK__orders__0F8A1252147E7971]" Alias="[o]" TableReferenceId="4" IndexKind="Clustered" Storage="RowStore"></Object><SeekPredicates><SeekPredicateNew><SeekKeys><Prefix ScanType="EQ"><RangeColumns><ColumnReference Database="[tpch]" Schema="[dbo]" Table="[orders]" Alias="[o]" Column="O_OrderKey"></ColumnReference></RangeColumns><RangeExpressions><ScalarOperator ScalarString="CONVERT_IMPLICIT(bigint,[tpch].[dbo].[lineitem].[L_OrderKey] as [l3].[L_OrderKey],0)"><Convert DataType="bigint" Style="0" Implicit="1"><ScalarOperator><Identifier><ColumnReference Database="[tpch]" Schema="[dbo]" Table="[lineitem]" Alias="[l3]" Column="L_OrderKey"></ColumnReference></Identifier></ScalarOperator></Convert></ScalarOperator></RangeExpressions></Prefix></SeekKeys></SeekPredicateNew></SeekPredicates></IndexScan></RelOp><RelOp NodeId="97" PhysicalOp="Clustered Index Seek" LogicalOp="Clustered Index Seek" EstimateRows="1" EstimatedRowsRead="1" EstimateIO="0.003125" EstimateCPU="0.0001581" AvgRowSize="11" EstimatedTotalSubtreeCost="6.83638" TableCardinality="150000" Parallel="1" EstimateRebinds="4631.77" EstimateRewinds="0" EstimatedExecutionMode="Row"><OutputList><ColumnReference Database="[tpch]" Schema="[dbo]" Table="[customer]" Alias="[c]" Column="C_NationKey"></ColumnReference></OutputList><RunTimeInformation><RunTimeCountersPerThread Thread="12" ActualRows="0" Batches="0" ActualElapsedms="0" ActualCPUms="0" ActualScans="0" ActualLogicalReads="0" ActualPhysicalReads="0" ActualReadAheads="0" ActualLobLogicalReads="0" ActualLobPhysicalReads="0" ActualLobReadAheads="0" ActualEndOfScans="0" ActualExecutions="0" ActualExecutionMode="Row"></RunTimeCountersPerThread><RunTimeCountersPerThread Thread="11" ActualRows="0" Batches="0" ActualElapsedms="0" ActualCPUms="0" ActualScans="0" ActualLogicalReads="0" ActualPhysicalReads="0" ActualReadAheads="0" ActualLobLogicalReads="0" ActualLobPhysicalReads="0" ActualLobReadAheads="0" ActualEndOfScans="0" ActualExecutions="0" ActualExecutionMode="Row"></RunTimeCountersPerThread><RunTimeCountersPerThread Thread="10" ActualRows="0" Batches="0" ActualElapsedms="0" ActualCPUms="0" ActualScans="0" ActualLogicalReads="0" ActualPhysicalReads="0" ActualReadAheads="0" ActualLobLogicalReads="0" ActualLobPhysicalReads="0" ActualLobReadAheads="0" ActualEndOfScans="0" ActualExecutions="0" ActualExecutionMode="Row"></RunTimeCountersPerThread><RunTimeCountersPerThread Thread="9" ActualRows="0" Batches="0" ActualElapsedms="0" ActualCPUms="0" ActualScans="0" ActualLogicalReads="0" ActualPhysicalReads="0" ActualReadAheads="0" ActualLobLogicalReads="0" ActualLobPhysicalReads="0" ActualLobReadAheads="0" ActualEndOfScans="0" ActualExecutions="0" ActualExecutionMode="Row"></RunTimeCountersPerThread><RunTimeCountersPerThread Thread="8" ActualRows="0" Batches="0" ActualElapsedms="0" ActualCPUms="0" ActualScans="0" ActualLogicalReads="0" ActualPhysicalReads="0" ActualReadAheads="0" ActualLobLogicalReads="0" ActualLobPhysicalReads="0" ActualLobReadAheads="0" ActualEndOfScans="0" ActualExecutions="0" ActualExecutionMode="Row"></RunTimeCountersPerThread><RunTimeCountersPerThread Thread="7" ActualRows="0" Batches="0" ActualElapsedms="0" ActualCPUms="0" ActualScans="0" ActualLogicalReads="0" ActualPhysicalReads="0" ActualReadAheads="0" ActualLobLogicalReads="0" ActualLobPhysicalReads="0" ActualLobReadAheads="0" ActualEndOfScans="0" ActualExecutions="0" ActualExecutionMode="Row"></RunTimeCountersPerThread><RunTimeCountersPerThread Thread="6" ActualRows="0" Batches="0" ActualElapsedms="0" ActualCPUms="0" ActualScans="0" ActualLogicalReads="0" ActualPhysicalReads="0" ActualReadAheads="0" ActualLobLogicalReads="0" ActualLobPhysicalReads="0" ActualLobReadAheads="0" ActualEndOfScans="0" ActualExecutions="0" ActualExecutionMode="Row"></RunTimeCountersPerThread><RunTimeCountersPerThread Thread="5" ActualRows="0" Batches="0" ActualElapsedms="0" ActualCPUms="0" ActualScans="0" ActualLogicalReads="0" ActualPhysicalReads="0" ActualReadAheads="0" ActualLobLogicalReads="0" ActualLobPhysicalReads="0" ActualLobReadAheads="0" ActualEndOfScans="0" ActualExecutions="0" ActualExecutionMode="Row"></RunTimeCountersPerThread><RunTimeCountersPerThread Thread="4" ActualRows="0" Batches="0" ActualElapsedms="0" ActualCPUms="0" ActualScans="0" ActualLogicalReads="0" ActualPhysicalReads="0" ActualReadAheads="0" ActualLobLogicalReads="0" ActualLobPhysicalReads="0" ActualLobReadAheads="0" ActualEndOfScans="0" ActualExecutions="0" ActualExecutionMode="Row"></RunTimeCountersPerThread><RunTimeCountersPerThread Thread="3" ActualRows="0" Batches="0" ActualElapsedms="0" ActualCPUms="0" ActualScans="0" ActualLogicalReads="0" ActualPhysicalReads="0" ActualReadAheads="0" ActualLobLogicalReads="0" ActualLobPhysicalReads="0" ActualLobReadAheads="0" ActualEndOfScans="0" ActualExecutions="0" ActualExecutionMode="Row"></RunTimeCountersPerThread><RunTimeCountersPerThread Thread="2" ActualRows="0" Batches="0" ActualElapsedms="0" ActualCPUms="0" ActualScans="0" ActualLogicalReads="0" ActualPhysicalReads="0" ActualReadAheads="0" ActualLobLogicalReads="0" ActualLobPhysicalReads="0" ActualLobReadAheads="0" ActualEndOfScans="0" ActualExecutions="0" ActualExecutionMode="Row"></RunTimeCountersPerThread><RunTimeCountersPerThread Thread="1" ActualRows="0" Batches="0" ActualElapsedms="0" ActualCPUms="0" ActualScans="0" ActualLogicalReads="0" ActualPhysicalReads="0" ActualReadAheads="0" ActualLobLogicalReads="0" ActualLobPhysicalReads="0" ActualLobReadAheads="0" ActualEndOfScans="0" ActualExecutions="0" ActualExecutionMode="Row"></RunTimeCountersPerThread><RunTimeCountersPerThread Thread="0" ActualRows="0" Batches="0" ActualElapsedms="0" ActualCPUms="0" ActualScans="0" ActualLogicalReads="0" ActualPhysicalReads="0" ActualReadAheads="0" ActualLobLogicalReads="0" ActualLobPhysicalReads="0" ActualLobReadAheads="0" ActualEndOfScans="0" ActualExecutions="0" ActualExecutionMode="Row"></RunTimeCountersPerThread></RunTimeInformation><IndexScan Ordered="1" ScanDirection="FORWARD" ForcedIndex="0" ForceSeek="0" ForceScan="0" NoExpandHint="0" Storage="RowStore"><DefinedValues><DefinedValue><ColumnReference Database="[tpch]" Schema="[dbo]" Table="[customer]" Alias="[c]" Column="C_NationKey"></ColumnReference></DefinedValue></DefinedValues><Object Database="[tpch]" Schema="[dbo]" Table="[customer]" Index="[PK__customer__48695B7174053BCB]" Alias="[c]" TableReferenceId="3" IndexKind="Clustered" Storage="RowStore"></Object><SeekPredicates><SeekPredicateNew><SeekKeys><Prefix ScanType="EQ"><RangeColumns><ColumnReference Database="[tpch]" Schema="[dbo]" Table="[customer]" Alias="[c]" Column="C_CustKey"></ColumnReference></RangeColumns><RangeExpressions><ScalarOperator ScalarString="[tpch].[dbo].[orders].[O_CustKey] as [o].[O_CustKey]"><Identifier><ColumnReference Database="[tpch]" Schema="[dbo]" Table="[orders]" Alias="[o]" Column="O_CustKey"></ColumnReference></Identifier></ScalarOperator></RangeExpressions></Prefix></SeekKeys></SeekPredicateNew></SeekPredicates></IndexScan></RelOp></NestedLoops></RelOp><RelOp NodeId="98" PhysicalOp="Clustered Index Seek" LogicalOp="Clustered Index Seek" EstimateRows="1" EstimatedRowsRead="1" EstimateIO="0.003125" EstimateCPU="0.0001581" AvgRowSize="11" EstimatedTotalSubtreeCost="0.735566" TableCardinality="25" Parallel="1" EstimateRebinds="4631.77" EstimateRewinds="0" EstimatedExecutionMode="Row"><OutputList><ColumnReference Database="[tpch]" Schema="[dbo]" Table="[nation]" Alias="[n]" Column="N_RegionKey"></ColumnReference></OutputList><RunTimeInformation><RunTimeCountersPerThread Thread="12" ActualRows="0" Batches="0" ActualElapsedms="0" ActualCPUms="0" ActualScans="0" ActualLogicalReads="0" ActualPhysicalReads="0" ActualReadAheads="0" ActualLobLogicalReads="0" ActualLobPhysicalReads="0" ActualLobReadAheads="0" ActualEndOfScans="0" ActualExecutions="0" ActualExecutionMode="Row"></RunTimeCountersPerThread><RunTimeCountersPerThread Thread="11" ActualRows="0" Batches="0" ActualElapsedms="0" ActualCPUms="0" ActualScans="0" ActualLogicalReads="0" ActualPhysicalReads="0" ActualReadAheads="0" ActualLobLogicalReads="0" ActualLobPhysicalReads="0" ActualLobReadAheads="0" ActualEndOfScans="0" ActualExecutions="0" ActualExecutionMode="Row"></RunTimeCountersPerThread><RunTimeCountersPerThread Thread="10" ActualRows="0" Batches="0" ActualElapsedms="0" ActualCPUms="0" ActualScans="0" ActualLogicalReads="0" ActualPhysicalReads="0" ActualReadAheads="0" ActualLobLogicalReads="0" ActualLobPhysicalReads="0" ActualLobReadAheads="0" ActualEndOfScans="0" ActualExecutions="0" ActualExecutionMode="Row"></RunTimeCountersPerThread><RunTimeCountersPerThread Thread="9" ActualRows="0" Batches="0" ActualElapsedms="0" ActualCPUms="0" ActualScans="0" ActualLogicalReads="0" ActualPhysicalReads="0" ActualReadAheads="0" ActualLobLogicalReads="0" ActualLobPhysicalReads="0" ActualLobReadAheads="0" ActualEndOfScans="0" ActualExecutions="0" ActualExecutionMode="Row"></RunTimeCountersPerThread><RunTimeCountersPerThread Thread="8" ActualRows="0" Batches="0" ActualElapsedms="0" ActualCPUms="0" ActualScans="0" ActualLogicalReads="0" ActualPhysicalReads="0" ActualReadAheads="0" ActualLobLogicalReads="0" ActualLobPhysicalReads="0" ActualLobReadAheads="0" ActualEndOfScans="0" ActualExecutions="0" ActualExecutionMode="Row"></RunTimeCountersPerThread><RunTimeCountersPerThread Thread="7" ActualRows="0" Batches="0" ActualElapsedms="0" ActualCPUms="0" ActualScans="0" ActualLogicalReads="0" ActualPhysicalReads="0" ActualReadAheads="0" ActualLobLogicalReads="0" ActualLobPhysicalReads="0" ActualLobReadAheads="0" ActualEndOfScans="0" ActualExecutions="0" ActualExecutionMode="Row"></RunTimeCountersPerThread><RunTimeCountersPerThread Thread="6" ActualRows="0" Batches="0" ActualElapsedms="0" ActualCPUms="0" ActualScans="0" ActualLogicalReads="0" ActualPhysicalReads="0" ActualReadAheads="0" ActualLobLogicalReads="0" ActualLobPhysicalReads="0" ActualLobReadAheads="0" ActualEndOfScans="0" ActualExecutions="0" ActualExecutionMode="Row"></RunTimeCountersPerThread><RunTimeCountersPerThread Thread="5" ActualRows="0" Batches="0" ActualElapsedms="0" ActualCPUms="0" ActualScans="0" ActualLogicalReads="0" ActualPhysicalReads="0" ActualReadAheads="0" ActualLobLogicalReads="0" ActualLobPhysicalReads="0" ActualLobReadAheads="0" ActualEndOfScans="0" ActualExecutions="0" ActualExecutionMode="Row"></RunTimeCountersPerThread><RunTimeCountersPerThread Thread="4" ActualRows="0" Batches="0" ActualElapsedms="0" ActualCPUms="0" ActualScans="0" ActualLogicalReads="0" ActualPhysicalReads="0" ActualReadAheads="0" ActualLobLogicalReads="0" ActualLobPhysicalReads="0" ActualLobReadAheads="0" ActualEndOfScans="0" ActualExecutions="0" ActualExecutionMode="Row"></RunTimeCountersPerThread><RunTimeCountersPerThread Thread="3" ActualRows="0" Batches="0" ActualElapsedms="0" ActualCPUms="0" ActualScans="0" ActualLogicalReads="0" ActualPhysicalReads="0" ActualReadAheads="0" ActualLobLogicalReads="0" ActualLobPhysicalReads="0" ActualLobReadAheads="0" ActualEndOfScans="0" ActualExecutions="0" ActualExecutionMode="Row"></RunTimeCountersPerThread><RunTimeCountersPerThread Thread="2" ActualRows="0" Batches="0" ActualElapsedms="0" ActualCPUms="0" ActualScans="0" ActualLogicalReads="0" ActualPhysicalReads="0" ActualReadAheads="0" ActualLobLogicalReads="0" ActualLobPhysicalReads="0" ActualLobReadAheads="0" ActualEndOfScans="0" ActualExecutions="0" ActualExecutionMode="Row"></RunTimeCountersPerThread><RunTimeCountersPerThread Thread="1" ActualRows="0" Batches="0" ActualElapsedms="0" ActualCPUms="0" ActualScans="0" ActualLogicalReads="0" ActualPhysicalReads="0" ActualReadAheads="0" ActualLobLogicalReads="0" ActualLobPhysicalReads="0" ActualLobReadAheads="0" ActualEndOfScans="0" ActualExecutions="0" ActualExecutionMode="Row"></RunTimeCountersPerThread><RunTimeCountersPerThread Thread="0" ActualRows="0" Batches="0" ActualElapsedms="0" ActualCPUms="0" ActualScans="0" ActualLogicalReads="0" ActualPhysicalReads="0" ActualReadAheads="0" ActualLobLogicalReads="0" ActualLobPhysicalReads="0" ActualLobReadAheads="0" ActualEndOfScans="0" ActualExecutions="0" ActualExecutionMode="Row"></RunTimeCountersPerThread></RunTimeInformation><IndexScan Ordered="1" ScanDirection="FORWARD" ForcedIndex="0" ForceSeek="0" ForceScan="0" NoExpandHint="0" Storage="RowStore"><DefinedValues><DefinedValue><ColumnReference Database="[tpch]" Schema="[dbo]" Table="[nation]" Alias="[n]" Column="N_RegionKey"></ColumnReference></DefinedValue></DefinedValues><Object Database="[tpch]" Schema="[dbo]" Table="[nation]" Index="[PK__nation__BD377952AE350C6C]" Alias="[n]" TableReferenceId="4" IndexKind="Clustered" Storage="RowStore"></Object><SeekPredicates><SeekPredicateNew><SeekKeys><Prefix ScanType="EQ"><RangeColumns><ColumnReference Database="[tpch]" Schema="[dbo]" Table="[nation]" Alias="[n]" Column="N_NationKey"></ColumnReference></RangeColumns><RangeExpressions><ScalarOperator ScalarString="[tpch].[dbo].[customer].[C_NationKey] as [c].[C_NationKey]"><Identifier><ColumnReference Database="[tpch]" Schema="[dbo]" Table="[customer]" Alias="[c]" Column="C_NationKey"></ColumnReference></Identifier></ScalarOperator></RangeExpressions></Prefix></SeekKeys></SeekPredicateNew></SeekPredicates></IndexScan></RelOp></NestedLoops></RelOp></StreamAggregate></RelOp><Predicate><ScalarOperator ScalarString="CASE WHEN [Expr1053]&gt;(1) THEN (0) ELSE NULL END"><IF><Condition><ScalarOperator><Compare CompareOp="GT"><ScalarOperator><Identifier><ColumnReference Column="Expr1053"></ColumnReference></Identifier></ScalarOperator><ScalarOperator><Const ConstValue="(1)"></Const></ScalarOperator></Compare></ScalarOperator></Condition><Then><ScalarOperator><Const ConstValue="(0)"></Const></ScalarOperator></Then><Else><ScalarOperator><Const ConstValue="NULL"></Const></ScalarOperator></Else></IF></ScalarOperator></Predicate></Assert></RelOp></NestedLoops></RelOp></Concat></RelOp></NestedLoops></RelOp></RowCountSpool></RelOp></NestedLoops></RelOp></Hash></RelOp></ComputeScalar></RelOp></Sort></RelOp></Parallelism></RelOp></QueryPlan></StmtSimple></Statements></Batch></BatchSequence></ShowPlanXML>