<ShowPlanXML xmlns="http://schemas.microsoft.com/sqlserver/2004/07/showplan" Version="1.564" Build="16.0.4225.2"><BatchSequence><Batch><Statements><StmtSimple StatementText="SELECT&#xd;&#xa;    s.s_name,&#xd;&#xa;    COUNT(*) AS numwait&#xd;&#xa;FROM&#xd;&#xa;    dbo.supplier s,&#xd;&#xa;    dbo.lineitem l1,&#xd;&#xa;    dbo.orders o,&#xd;&#xa;    dbo.nation n&#xd;&#xa;WHERE&#xd;&#xa;    s.s_suppkey = l1.l_suppkey&#xd;&#xa;    AND o.o_orderkey = l1.l_orderkey&#xd;&#xa;    AND o.o_orderstatus = &apos;F&apos;&#xd;&#xa;    AND l1.l_receiptdate &gt; l1.l_commitdate&#xd;&#xa;    AND EXISTS (&#xd;&#xa;        SELECT *&#xd;&#xa;        FROM dbo.lineitem l2&#xd;&#xa;        WHERE&#xd;&#xa;            l2.l_orderkey = l1.l_orderkey&#xd;&#xa;            AND l2.l_suppkey &lt;&gt; l1.l_suppkey&#xd;&#xa;    )&#xd;&#xa;    AND NOT EXISTS (&#xd;&#xa;        SELECT *&#xd;&#xa;        FROM dbo.lineitem l3&#xd;&#xa;        WHERE&#xd;&#xa;            l3.l_orderkey = l1.l_orderkey&#xd;&#xa;            AND l3.l_suppkey &lt;&gt; l1.l_suppkey&#xd;&#xa;            AND l3.l_receiptdate &gt; l3.l_commitdate&#xd;&#xa;    )&#xd;&#xa;    AND s.s_nationkey = n.n_nationkey&#xd;&#xa;    AND n.n_name = &apos;GERMANY&apos;&#xd;&#xa;GROUP BY&#xd;&#xa;    s.s_name&#xd;&#xa;ORDER BY&#xd;&#xa;    numwait DESC,&#xd;&#xa;    s.s_name" StatementId="1" StatementCompId="1" StatementType="SELECT" StatementSqlHandle="0x09008461AC1C9CB7E3391573F5214E91129E0000000000000000000000000000000000000000000000000000" DatabaseContextSettingsId="7" ParentObjectId="0" StatementParameterizationType="0" RetrievedFromCache="true" StatementSubTreeCost="31.0876" StatementEstRows="400" SecurityPolicyApplied="true" QueryCompilationReplay="1" StatementOptmLevel="FULL" QueryHash="0x129CDD9072D82AD9" QueryPlanHash="0x5D6CD45935D6BFDF" StatementOptmEarlyAbortReason="TimeOut" CardinalityEstimationModelVersion="160" BatchModeOnRowStoreUsed="true"><StatementSetOptions QUOTED_IDENTIFIER="true" ARITHABORT="true" CONCAT_NULL_YIELDS_NULL="true" ANSI_NULLS="true" ANSI_PADDING="true" ANSI_WARNINGS="true" NUMERIC_ROUNDABORT="false"></StatementSetOptions><QueryPlan DegreeOfParallelism="12" MemoryGrant="116936" CachedPlanSize="440" CompileTime="247" CompileCPU="127" CompileMemory="11336"><ThreadStat Branches="2" UsedThreads="24"><ThreadReservation NodeId="0" ReservedThreads="25"></ThreadReservation></ThreadStat><MissingIndexes><MissingIndexGroup Impact="52.7254"><MissingIndex Database="[tpch]" Schema="[dbo]" Table="[orders]"><ColumnGroup Usage="EQUALITY"><Column Name="[O_OrderStatus]" ColumnId="3"></Column></ColumnGroup></MissingIndex></MissingIndexGroup></MissingIndexes><MemoryGrantInfo SerialRequiredMemory="6808" SerialDesiredMemory="39384" RequiredMemory="84296" DesiredMemory="116936" RequestedMemory="116936" GrantWaitTime="0" MaxQueryMemory="1472504" GrantedMemory="116936" MaxUsedMemory="25344" LastRequestedMemory="180968" IsMemoryGrantFeedbackAdjusted="Yes: Adjusting"></MemoryGrantInfo><OptimizerHardwareDependentProperties EstimatedAvailableMemoryGrant="106973" EstimatedPagesCached="80230" EstimatedAvailableDegreeOfParallelism="6" MaxCompileMemory="5966408"></OptimizerHardwareDependentProperties><OptimizerStatsUsage><StatisticsInfo LastUpdate="2026-01-27T06:47:16.16" ModificationCount="0" SamplingPercent="7.06007" Statistics="[_WA_Sys_00000003_38996AB5]" Table="[orders]" Schema="[dbo]" Database="[tpch]"></StatisticsInfo><StatisticsInfo LastUpdate="2026-01-12T13:48:35.17" ModificationCount="0" SamplingPercent="100" Statistics="[PK__nation__BD377952AE350C6C]" Table="[nation]" Schema="[dbo]" Database="[tpch]"></StatisticsInfo><StatisticsInfo LastUpdate="2026-02-09T20:08:35.51" ModificationCount="0" SamplingPercent="100" Statistics="[xyz]" Table="[lineitem]" Schema="[dbo]" Database="[tpch]"></StatisticsInfo><StatisticsInfo LastUpdate="2026-02-16T19:10:28.95" ModificationCount="0" SamplingPercent="100" Statistics="[p16_idx]" Table="[orders]" Schema="[dbo]" Database="[tpch]"></StatisticsInfo><StatisticsInfo LastUpdate="2026-02-16T19:44:02.89" ModificationCount="0" SamplingPercent="100" Statistics="[p35_idx]" Table="[lineitem]" Schema="[dbo]" Database="[tpch]"></StatisticsInfo><StatisticsInfo LastUpdate="2026-01-12T13:48:40.22" ModificationCount="0" SamplingPercent="100" Statistics="[PK__lineitem__2B16504EA5720AF2]" Table="[lineitem]" Schema="[dbo]" Database="[tpch]"></StatisticsInfo><StatisticsInfo LastUpdate="2026-01-12T13:48:36.35" ModificationCount="0" SamplingPercent="100" Statistics="[PK__customer__48695B7174053BCB]" Table="[customer]" Schema="[dbo]" Database="[tpch]"></StatisticsInfo><StatisticsInfo LastUpdate="2026-01-12T13:48:36.37" ModificationCount="0" SamplingPercent="35.928" Statistics="[_WA_Sys_00000004_35BCFE0A]" Table="[customer]" Schema="[dbo]" Database="[tpch]"></StatisticsInfo><StatisticsInfo LastUpdate="2026-01-12T13:48:35.38" ModificationCount="0" SamplingPercent="100" Statistics="[_WA_Sys_00000004_3C69FB99]" Table="[supplier]" Schema="[dbo]" Database="[tpch]"></StatisticsInfo><StatisticsInfo LastUpdate="2026-02-18T11:40:34.95" ModificationCount="0" SamplingPercent="100" Statistics="[_WA_Sys_00000002_37A5467C]" Table="[nation]" Schema="[dbo]" Database="[tpch]"></StatisticsInfo><StatisticsInfo LastUpdate="2026-02-16T18:45:46.09" ModificationCount="0" SamplingPercent="100" Statistics="[p40_idx]" Table="[lineitem]" Schema="[dbo]" Database="[tpch]"></StatisticsInfo><StatisticsInfo LastUpdate="2026-01-12T13:48:35.37" ModificationCount="0" SamplingPercent="100" Statistics="[PK__supplier__C9D8C8B7B058A0BD]" Table="[supplier]" Schema="[dbo]" Database="[tpch]"></StatisticsInfo><StatisticsInfo LastUpdate="2026-01-12T13:48:40.97" ModificationCount="0" SamplingPercent="100" Statistics="[PK__orders__0F8A1252147E7971]" Table="[orders]" Schema="[dbo]" Database="[tpch]"></StatisticsInfo><StatisticsInfo LastUpdate="2026-02-16T18:58:14.05" ModificationCount="0" SamplingPercent="100" Statistics="[p16_idx]" Table="[lineitem]" Schema="[dbo]" Database="[tpch]"></StatisticsInfo><StatisticsInfo LastUpdate="2026-02-18T11:40:34.96" ModificationCount="0" SamplingPercent="100" Statistics="[_WA_Sys_00000002_3C69FB99]" Table="[supplier]" Schema="[dbo]" Database="[tpch]"></StatisticsInfo><StatisticsInfo LastUpdate="2026-02-16T19:04:26.16" ModificationCount="0" SamplingPercent="100" Statistics="[&lt;Name of Missing Index, sysname,&gt;]" Table="[orders]" Schema="[dbo]" Database="[tpch]"></StatisticsInfo></OptimizerStatsUsage><WaitStats><Wait WaitType="EXECSYNC" WaitTimeMs="25235" WaitCount="80"></Wait><Wait WaitType="CXSYNC_PORT" WaitTimeMs="2548" WaitCount="38"></Wait><Wait WaitType="HTDELETE" WaitTimeMs="248" WaitCount="66"></Wait><Wait WaitType="HTREPARTITION" WaitTimeMs="107" WaitCount="66"></Wait><Wait WaitType="LATCH_EX" WaitTimeMs="56" WaitCount="245"></Wait><Wait WaitType="BMPBUILD" WaitTimeMs="36" WaitCount="44"></Wait><Wait WaitType="BPSORT" WaitTimeMs="23" WaitCount="396"></Wait><Wait WaitType="MEMORY_ALLOCATION_EXT" WaitTimeMs="15" WaitCount="4448"></Wait><Wait WaitType="HTBUILD" WaitTimeMs="11" WaitCount="66"></Wait><Wait WaitType="SESSION_WAIT_STATS_CHILDREN" WaitTimeMs="8" WaitCount="22"></Wait></WaitStats><QueryTimeStats ElapsedTime="2513" CpuTime="4399"></QueryTimeStats><RelOp NodeId="0" PhysicalOp="Parallelism" LogicalOp="Gather Streams" EstimateRows="400" EstimateIO="0" EstimateCPU="0.0304816" AvgRowSize="33" EstimatedTotalSubtreeCost="31.0876" Parallel="1" EstimateRebinds="0" EstimateRewinds="0" EstimatedExecutionMode="Row"><OutputList><ColumnReference Database="[tpch]" Schema="[dbo]" Table="[supplier]" Alias="[s]" Column="S_Name"></ColumnReference><ColumnReference Column="Expr1041"></ColumnReference></OutputList><RunTimeInformation><RunTimeCountersPerThread Thread="0" ActualRows="0" Batches="0" ActualElapsedms="2513" ActualCPUms="0" ActualEndOfScans="1" ActualExecutions="1" ActualExecutionMode="Row"></RunTimeCountersPerThread></RunTimeInformation><Parallelism><OrderBy><OrderByColumn Ascending="0"><ColumnReference Column="Expr1041"></ColumnReference></OrderByColumn><OrderByColumn Ascending="1"><ColumnReference Database="[tpch]" Schema="[dbo]" Table="[supplier]" Alias="[s]" Column="S_Name"></ColumnReference></OrderByColumn></OrderBy><RelOp NodeId="1" PhysicalOp="Sort" LogicalOp="Sort" EstimateRows="400" EstimateIO="0.000625626" EstimateCPU="0.000106568" AvgRowSize="33" EstimatedTotalSubtreeCost="31.0572" Parallel="1" EstimateRebinds="0" EstimateRewinds="0" EstimatedExecutionMode="Batch"><OutputList><ColumnReference Database="[tpch]" Schema="[dbo]" Table="[supplier]" Alias="[s]" Column="S_Name"></ColumnReference><ColumnReference Column="Expr1041"></ColumnReference></OutputList><MemoryFractions Input="0.0314342" Output="0.0314342"></MemoryFractions><RunTimeInformation><RunTimeCountersPerThread Thread="12" ActualRows="0" Batches="0" ActualElapsedms="2" ActualCPUms="0" ActualScans="0" ActualLogicalReads="0" ActualPhysicalReads="0" ActualReadAheads="0" ActualLobLogicalReads="0" ActualLobPhysicalReads="0" ActualLobReadAheads="0" ActualEndOfScans="0" ActualExecutions="1" ActualExecutionMode="Batch"></RunTimeCountersPerThread><RunTimeCountersPerThread Thread="11" ActualRows="0" Batches="0" ActualElapsedms="1" ActualCPUms="0" ActualScans="0" ActualLogicalReads="0" ActualPhysicalReads="0" ActualReadAheads="0" ActualLobLogicalReads="0" ActualLobPhysicalReads="0" ActualLobReadAheads="0" ActualEndOfScans="0" ActualExecutions="1" ActualExecutionMode="Batch"></RunTimeCountersPerThread><RunTimeCountersPerThread Thread="10" ActualRows="0" Batches="0" ActualElapsedms="1" ActualCPUms="0" ActualScans="0" ActualLogicalReads="0" ActualPhysicalReads="0" ActualReadAheads="0" ActualLobLogicalReads="0" ActualLobPhysicalReads="0" ActualLobReadAheads="0" ActualEndOfScans="0" ActualExecutions="1" ActualExecutionMode="Batch"></RunTimeCountersPerThread><RunTimeCountersPerThread Thread="9" ActualRows="0" Batches="0" ActualElapsedms="1" ActualCPUms="0" ActualScans="0" ActualLogicalReads="0" ActualPhysicalReads="0" ActualReadAheads="0" ActualLobLogicalReads="0" ActualLobPhysicalReads="0" ActualLobReadAheads="0" ActualEndOfScans="0" ActualExecutions="1" ActualExecutionMode="Batch"></RunTimeCountersPerThread><RunTimeCountersPerThread Thread="8" ActualRows="0" Batches="0" ActualElapsedms="2" ActualCPUms="0" ActualScans="0" ActualLogicalReads="0" ActualPhysicalReads="0" ActualReadAheads="0" ActualLobLogicalReads="0" ActualLobPhysicalReads="0" ActualLobReadAheads="0" ActualEndOfScans="0" ActualExecutions="1" ActualExecutionMode="Batch"></RunTimeCountersPerThread><RunTimeCountersPerThread Thread="7" ActualRows="0" Batches="0" ActualElapsedms="2" ActualCPUms="0" ActualScans="0" ActualLogicalReads="0" ActualPhysicalReads="0" ActualReadAheads="0" ActualLobLogicalReads="0" ActualLobPhysicalReads="0" ActualLobReadAheads="0" ActualEndOfScans="0" ActualExecutions="1" ActualExecutionMode="Batch"></RunTimeCountersPerThread><RunTimeCountersPerThread Thread="6" ActualRows="0" Batches="0" ActualElapsedms="2" ActualCPUms="0" ActualScans="0" ActualLogicalReads="0" ActualPhysicalReads="0" ActualReadAheads="0" ActualLobLogicalReads="0" ActualLobPhysicalReads="0" ActualLobReadAheads="0" ActualEndOfScans="0" ActualExecutions="1" ActualExecutionMode="Batch"></RunTimeCountersPerThread><RunTimeCountersPerThread Thread="5" ActualRows="0" Batches="0" ActualElapsedms="1" ActualCPUms="0" ActualScans="0" ActualLogicalReads="0" ActualPhysicalReads="0" ActualReadAheads="0" ActualLobLogicalReads="0" ActualLobPhysicalReads="0" ActualLobReadAheads="0" ActualEndOfScans="0" ActualExecutions="1" ActualExecutionMode="Batch"></RunTimeCountersPerThread><RunTimeCountersPerThread Thread="4" ActualRows="0" Batches="0" ActualElapsedms="2" ActualCPUms="0" ActualScans="0" ActualLogicalReads="0" ActualPhysicalReads="0" ActualReadAheads="0" ActualLobLogicalReads="0" ActualLobPhysicalReads="0" ActualLobReadAheads="0" ActualEndOfScans="0" ActualExecutions="1" ActualExecutionMode="Batch"></RunTimeCountersPerThread><RunTimeCountersPerThread Thread="3" ActualRows="0" Batches="0" ActualElapsedms="2" ActualCPUms="0" ActualScans="0" ActualLogicalReads="0" ActualPhysicalReads="0" ActualReadAheads="0" ActualLobLogicalReads="0" ActualLobPhysicalReads="0" ActualLobReadAheads="0" ActualEndOfScans="0" ActualExecutions="1" ActualExecutionMode="Batch"></RunTimeCountersPerThread><RunTimeCountersPerThread Thread="2" ActualRows="0" Batches="0" ActualElapsedms="2" ActualCPUms="0" ActualScans="0" ActualLogicalReads="0" ActualPhysicalReads="0" ActualReadAheads="0" ActualLobLogicalReads="0" ActualLobPhysicalReads="0" ActualLobReadAheads="0" ActualEndOfScans="0" ActualExecutions="1" ActualExecutionMode="Batch"></RunTimeCountersPerThread><RunTimeCountersPerThread Thread="1" ActualRows="0" Batches="0" ActualElapsedms="2" ActualCPUms="0" ActualScans="0" ActualLogicalReads="0" ActualPhysicalReads="0" ActualReadAheads="0" ActualLobLogicalReads="0" ActualLobPhysicalReads="0" ActualLobReadAheads="0" ActualEndOfScans="0" ActualExecutions="1" ActualExecutionMode="Batch"></RunTimeCountersPerThread><RunTimeCountersPerThread Thread="0" ActualRows="0" Batches="0" ActualElapsedms="0" ActualCPUms="0" ActualEndOfScans="0" ActualExecutions="0" ActualExecutionMode="Batch"></RunTimeCountersPerThread></RunTimeInformation><Sort Distinct="0"><OrderBy><OrderByColumn Ascending="0"><ColumnReference Column="Expr1041"></ColumnReference></OrderByColumn><OrderByColumn Ascending="1"><ColumnReference Database="[tpch]" Schema="[dbo]" Table="[supplier]" Alias="[s]" Column="S_Name"></ColumnReference></OrderByColumn></OrderBy><RelOp NodeId="2" PhysicalOp="Compute Scalar" LogicalOp="Compute Scalar" EstimateRows="400" EstimateIO="0" EstimateCPU="0" AvgRowSize="33" EstimatedTotalSubtreeCost="31.0564" Parallel="1" EstimateRebinds="0" EstimateRewinds="0" EstimatedExecutionMode="Batch"><OutputList><ColumnReference Database="[tpch]" Schema="[dbo]" Table="[supplier]" Alias="[s]" Column="S_Name"></ColumnReference><ColumnReference Column="Expr1041"></ColumnReference></OutputList><RunTimeInformation><RunTimeCountersPerThread Thread="12" ActualRows="0" Batches="0" ActualElapsedms="0" ActualCPUms="0" ActualScans="0" ActualLogicalReads="0" ActualPhysicalReads="0" ActualReadAheads="0" ActualLobLogicalReads="0" ActualLobPhysicalReads="0" ActualLobReadAheads="0" ActualEndOfScans="0" ActualExecutions="1" ActualExecutionMode="Batch"></RunTimeCountersPerThread><RunTimeCountersPerThread Thread="11" ActualRows="0" Batches="0" ActualElapsedms="0" ActualCPUms="0" ActualScans="0" ActualLogicalReads="0" ActualPhysicalReads="0" ActualReadAheads="0" ActualLobLogicalReads="0" ActualLobPhysicalReads="0" ActualLobReadAheads="0" ActualEndOfScans="0" ActualExecutions="1" ActualExecutionMode="Batch"></RunTimeCountersPerThread><RunTimeCountersPerThread Thread="10" ActualRows="0" Batches="0" ActualElapsedms="0" ActualCPUms="0" ActualScans="0" ActualLogicalReads="0" ActualPhysicalReads="0" ActualReadAheads="0" ActualLobLogicalReads="0" ActualLobPhysicalReads="0" ActualLobReadAheads="0" ActualEndOfScans="0" ActualExecutions="1" ActualExecutionMode="Batch"></RunTimeCountersPerThread><RunTimeCountersPerThread Thread="9" ActualRows="0" Batches="0" ActualElapsedms="0" ActualCPUms="0" ActualScans="0" ActualLogicalReads="0" ActualPhysicalReads="0" ActualReadAheads="0" ActualLobLogicalReads="0" ActualLobPhysicalReads="0" ActualLobReadAheads="0" ActualEndOfScans="0" ActualExecutions="1" ActualExecutionMode="Batch"></RunTimeCountersPerThread><RunTimeCountersPerThread Thread="8" ActualRows="0" Batches="0" ActualElapsedms="0" ActualCPUms="0" ActualScans="0" ActualLogicalReads="0" ActualPhysicalReads="0" ActualReadAheads="0" ActualLobLogicalReads="0" ActualLobPhysicalReads="0" ActualLobReadAheads="0" ActualEndOfScans="0" ActualExecutions="1" ActualExecutionMode="Batch"></RunTimeCountersPerThread><RunTimeCountersPerThread Thread="7" ActualRows="0" Batches="0" ActualElapsedms="0" ActualCPUms="0" ActualScans="0" ActualLogicalReads="0" ActualPhysicalReads="0" ActualReadAheads="0" ActualLobLogicalReads="0" ActualLobPhysicalReads="0" ActualLobReadAheads="0" ActualEndOfScans="0" ActualExecutions="1" ActualExecutionMode="Batch"></RunTimeCountersPerThread><RunTimeCountersPerThread Thread="6" ActualRows="0" Batches="0" ActualElapsedms="0" ActualCPUms="0" ActualScans="0" ActualLogicalReads="0" ActualPhysicalReads="0" ActualReadAheads="0" ActualLobLogicalReads="0" ActualLobPhysicalReads="0" ActualLobReadAheads="0" ActualEndOfScans="0" ActualExecutions="1" ActualExecutionMode="Batch"></RunTimeCountersPerThread><RunTimeCountersPerThread Thread="5" ActualRows="0" Batches="0" ActualElapsedms="0" ActualCPUms="0" ActualScans="0" ActualLogicalReads="0" ActualPhysicalReads="0" ActualReadAheads="0" ActualLobLogicalReads="0" ActualLobPhysicalReads="0" ActualLobReadAheads="0" ActualEndOfScans="0" ActualExecutions="1" ActualExecutionMode="Batch"></RunTimeCountersPerThread><RunTimeCountersPerThread Thread="4" ActualRows="0" Batches="0" ActualElapsedms="0" ActualCPUms="0" ActualScans="0" ActualLogicalReads="0" ActualPhysicalReads="0" ActualReadAheads="0" ActualLobLogicalReads="0" ActualLobPhysicalReads="0" ActualLobReadAheads="0" ActualEndOfScans="0" ActualExecutions="1" ActualExecutionMode="Batch"></RunTimeCountersPerThread><RunTimeCountersPerThread Thread="3" ActualRows="0" Batches="0" ActualElapsedms="0" ActualCPUms="0" ActualScans="0" ActualLogicalReads="0" ActualPhysicalReads="0" ActualReadAheads="0" ActualLobLogicalReads="0" ActualLobPhysicalReads="0" ActualLobReadAheads="0" ActualEndOfScans="0" ActualExecutions="1" ActualExecutionMode="Batch"></RunTimeCountersPerThread><RunTimeCountersPerThread Thread="2" ActualRows="0" Batches="0" ActualElapsedms="0" ActualCPUms="0" ActualScans="0" ActualLogicalReads="0" ActualPhysicalReads="0" ActualReadAheads="0" ActualLobLogicalReads="0" ActualLobPhysicalReads="0" ActualLobReadAheads="0" ActualEndOfScans="0" ActualExecutions="1" ActualExecutionMode="Batch"></RunTimeCountersPerThread><RunTimeCountersPerThread Thread="1" ActualRows="0" Batches="0" ActualElapsedms="0" ActualCPUms="0" ActualScans="0" ActualLogicalReads="0" ActualPhysicalReads="0" ActualReadAheads="0" ActualLobLogicalReads="0" ActualLobPhysicalReads="0" ActualLobReadAheads="0" ActualEndOfScans="0" ActualExecutions="1" ActualExecutionMode="Batch"></RunTimeCountersPerThread><RunTimeCountersPerThread Thread="0" ActualRows="0" Batches="0" ActualElapsedms="0" ActualCPUms="0" ActualEndOfScans="0" ActualExecutions="0" ActualExecutionMode="Batch"></RunTimeCountersPerThread></RunTimeInformation><ComputeScalar><DefinedValues><DefinedValue><ColumnReference Column="Expr1041"></ColumnReference><ScalarOperator ScalarString="CONVERT_IMPLICIT(int,[Expr1254],0)"><Convert DataType="int" Style="0" Implicit="1"><ScalarOperator><Identifier><ColumnReference Column="Expr1254"></ColumnReference></Identifier></ScalarOperator></Convert></ScalarOperator></DefinedValue></DefinedValues><RelOp NodeId="3" PhysicalOp="Hash Match" LogicalOp="Aggregate" EstimateRows="400" EstimateIO="0" EstimateCPU="0.0063476" AvgRowSize="33" EstimatedTotalSubtreeCost="31.0564" Parallel="1" EstimateRebinds="0" EstimateRewinds="0" EstimatedExecutionMode="Batch"><OutputList><ColumnReference Database="[tpch]" Schema="[dbo]" Table="[supplier]" Alias="[s]" Column="S_Name"></ColumnReference><ColumnReference Column="Expr1254"></ColumnReference></OutputList><MemoryFractions Input="0" Output="0"></MemoryFractions><RunTimeInformation><RunTimeCountersPerThread Thread="12" ActualRows="0" Batches="0" ActualElapsedms="1" ActualCPUms="0" ActualScans="0" ActualLogicalReads="0" ActualPhysicalReads="0" ActualReadAheads="0" ActualLobLogicalReads="0" ActualLobPhysicalReads="0" ActualLobReadAheads="0" ActualEndOfScans="0" ActualExecutions="1" ActualExecutionMode="Batch"></RunTimeCountersPerThread><RunTimeCountersPerThread Thread="11" ActualRows="0" Batches="0" ActualElapsedms="1" ActualCPUms="0" ActualScans="0" ActualLogicalReads="0" ActualPhysicalReads="0" ActualReadAheads="0" ActualLobLogicalReads="0" ActualLobPhysicalReads="0" ActualLobReadAheads="0" ActualEndOfScans="0" ActualExecutions="1" ActualExecutionMode="Batch"></RunTimeCountersPerThread><RunTimeCountersPerThread Thread="10" ActualRows="0" Batches="0" ActualElapsedms="1" ActualCPUms="0" ActualScans="0" ActualLogicalReads="0" ActualPhysicalReads="0" ActualReadAheads="0" ActualLobLogicalReads="0" ActualLobPhysicalReads="0" ActualLobReadAheads="0" ActualEndOfScans="0" ActualExecutions="1" ActualExecutionMode="Batch"></RunTimeCountersPerThread><RunTimeCountersPerThread Thread="9" ActualRows="0" Batches="0" ActualElapsedms="0" ActualCPUms="0" ActualScans="0" ActualLogicalReads="0" ActualPhysicalReads="0" ActualReadAheads="0" ActualLobLogicalReads="0" ActualLobPhysicalReads="0" ActualLobReadAheads="0" ActualEndOfScans="0" ActualExecutions="1" ActualExecutionMode="Batch"></RunTimeCountersPerThread><RunTimeCountersPerThread Thread="8" ActualRows="0" Batches="0" ActualElapsedms="0" ActualCPUms="0" ActualScans="0" ActualLogicalReads="0" ActualPhysicalReads="0" ActualReadAheads="0" ActualLobLogicalReads="0" ActualLobPhysicalReads="0" ActualLobReadAheads="0" ActualEndOfScans="0" ActualExecutions="1" ActualExecutionMode="Batch"></RunTimeCountersPerThread><RunTimeCountersPerThread Thread="7" ActualRows="0" Batches="0" ActualElapsedms="1" ActualCPUms="0" ActualScans="0" ActualLogicalReads="0" ActualPhysicalReads="0" ActualReadAheads="0" ActualLobLogicalReads="0" ActualLobPhysicalReads="0" ActualLobReadAheads="0" ActualEndOfScans="0" ActualExecutions="1" ActualExecutionMode="Batch"></RunTimeCountersPerThread><RunTimeCountersPerThread Thread="6" ActualRows="0" Batches="0" ActualElapsedms="0" ActualCPUms="0" ActualScans="0" ActualLogicalReads="0" ActualPhysicalReads="0" ActualReadAheads="0" ActualLobLogicalReads="0" ActualLobPhysicalReads="0" ActualLobReadAheads="0" ActualEndOfScans="0" ActualExecutions="1" ActualExecutionMode="Batch"></RunTimeCountersPerThread><RunTimeCountersPerThread Thread="5" ActualRows="0" Batches="0" ActualElapsedms="1" ActualCPUms="0" ActualScans="0" ActualLogicalReads="0" ActualPhysicalReads="0" ActualReadAheads="0" ActualLobLogicalReads="0" ActualLobPhysicalReads="0" ActualLobReadAheads="0" ActualEndOfScans="0" ActualExecutions="1" ActualExecutionMode="Batch"></RunTimeCountersPerThread><RunTimeCountersPerThread Thread="4" ActualRows="0" Batches="0" ActualElapsedms="1" ActualCPUms="0" ActualScans="0" ActualLogicalReads="0" ActualPhysicalReads="0" ActualReadAheads="0" ActualLobLogicalReads="0" ActualLobPhysicalReads="0" ActualLobReadAheads="0" ActualEndOfScans="0" ActualExecutions="1" ActualExecutionMode="Batch"></RunTimeCountersPerThread><RunTimeCountersPerThread Thread="3" ActualRows="0" Batches="0" ActualElapsedms="1" ActualCPUms="0" ActualScans="0" ActualLogicalReads="0" ActualPhysicalReads="0" ActualReadAheads="0" ActualLobLogicalReads="0" ActualLobPhysicalReads="0" ActualLobReadAheads="0" ActualEndOfScans="0" ActualExecutions="1" ActualExecutionMode="Batch"></RunTimeCountersPerThread><RunTimeCountersPerThread Thread="2" ActualRows="0" Batches="0" ActualElapsedms="1" ActualCPUms="0" ActualScans="0" ActualLogicalReads="0" ActualPhysicalReads="0" ActualReadAheads="0" ActualLobLogicalReads="0" ActualLobPhysicalReads="0" ActualLobReadAheads="0" ActualEndOfScans="0" ActualExecutions="1" ActualExecutionMode="Batch"></RunTimeCountersPerThread><RunTimeCountersPerThread Thread="1" ActualRows="0" Batches="0" ActualElapsedms="1" ActualCPUms="0" ActualScans="0" ActualLogicalReads="0" ActualPhysicalReads="0" ActualReadAheads="0" ActualLobLogicalReads="0" ActualLobPhysicalReads="0" ActualLobReadAheads="0" ActualEndOfScans="0" ActualExecutions="1" ActualExecutionMode="Batch"></RunTimeCountersPerThread><RunTimeCountersPerThread Thread="0" ActualRows="0" Batches="0" ActualElapsedms="0" ActualCPUms="0" ActualEndOfScans="0" ActualExecutions="0" ActualExecutionMode="Batch"></RunTimeCountersPerThread></RunTimeInformation><Hash><DefinedValues><DefinedValue><ColumnReference Column="Expr1254"></ColumnReference><ScalarOperator ScalarString="COUNT(*)"><Aggregate Distinct="0" AggType="COUNT*"></Aggregate></ScalarOperator></DefinedValue></DefinedValues><HashKeysBuild><ColumnReference Database="[tpch]" Schema="[dbo]" Table="[supplier]" Alias="[s]" Column="S_Name"></ColumnReference></HashKeysBuild><BuildResidual><ScalarOperator ScalarString="[tpch].[dbo].[supplier].[S_Name] as [s].[S_Name] = [tpch].[dbo].[supplier].[S_Name] as [s].[S_Name]"><Compare CompareOp="IS"><ScalarOperator><Identifier><ColumnReference Database="[tpch]" Schema="[dbo]" Table="[supplier]" Alias="[s]" Column="S_Name"></ColumnReference></Identifier></ScalarOperator><ScalarOperator><Identifier><ColumnReference Database="[tpch]" Schema="[dbo]" Table="[supplier]" Alias="[s]" Column="S_Name"></ColumnReference></Identifier></ScalarOperator></Compare></ScalarOperator></BuildResidual><RelOp NodeId="4" PhysicalOp="Nested Loops" LogicalOp="Left Anti Semi Join" EstimateRows="34984.9" EstimateIO="0" EstimateCPU="0.0243728" AvgRowSize="29" EstimatedTotalSubtreeCost="31.0489" Parallel="1" EstimateRebinds="0" EstimateRewinds="0" EstimatedExecutionMode="Row"><OutputList><ColumnReference Database="[tpch]" Schema="[dbo]" Table="[supplier]" Alias="[s]" Column="S_Name"></ColumnReference></OutputList><RunTimeInformation><RunTimeCountersPerThread Thread="12" ActualRows="0" Batches="0" ActualElapsedms="2503" ActualCPUms="0" ActualEndOfScans="0" ActualExecutions="1" ActualExecutionMode="Row"></RunTimeCountersPerThread><RunTimeCountersPerThread Thread="11" ActualRows="0" Batches="0" ActualElapsedms="2503" ActualCPUms="0" ActualEndOfScans="0" ActualExecutions="1" ActualExecutionMode="Row"></RunTimeCountersPerThread><RunTimeCountersPerThread Thread="10" ActualRows="0" Batches="0" ActualElapsedms="2503" ActualCPUms="0" ActualEndOfScans="0" ActualExecutions="1" ActualExecutionMode="Row"></RunTimeCountersPerThread><RunTimeCountersPerThread Thread="9" ActualRows="0" Batches="0" ActualElapsedms="2503" ActualCPUms="0" ActualEndOfScans="0" ActualExecutions="1" ActualExecutionMode="Row"></RunTimeCountersPerThread><RunTimeCountersPerThread Thread="8" ActualRows="0" Batches="0" ActualElapsedms="2503" ActualCPUms="0" ActualEndOfScans="0" ActualExecutions="1" ActualExecutionMode="Row"></RunTimeCountersPerThread><RunTimeCountersPerThread Thread="7" ActualRows="0" Batches="0" ActualElapsedms="2503" ActualCPUms="0" ActualEndOfScans="0" ActualExecutions="1" ActualExecutionMode="Row"></RunTimeCountersPerThread><RunTimeCountersPerThread Thread="6" ActualRows="0" Batches="0" ActualElapsedms="2504" ActualCPUms="0" ActualEndOfScans="0" ActualExecutions="1" ActualExecutionMode="Row"></RunTimeCountersPerThread><RunTimeCountersPerThread Thread="5" ActualRows="0" Batches="0" ActualElapsedms="2503" ActualCPUms="0" ActualEndOfScans="0" ActualExecutions="1" ActualExecutionMode="Row"></RunTimeCountersPerThread><RunTimeCountersPerThread Thread="4" ActualRows="0" Batches="0" ActualElapsedms="2503" ActualCPUms="0" ActualEndOfScans="0" ActualExecutions="1" ActualExecutionMode="Row"></RunTimeCountersPerThread><RunTimeCountersPerThread Thread="3" ActualRows="0" Batches="0" ActualElapsedms="2503" ActualCPUms="0" ActualEndOfScans="0" ActualExecutions="1" ActualExecutionMode="Row"></RunTimeCountersPerThread><RunTimeCountersPerThread Thread="2" ActualRows="0" Batches="0" ActualElapsedms="2503" ActualCPUms="0" ActualEndOfScans="0" ActualExecutions="1" ActualExecutionMode="Row"></RunTimeCountersPerThread><RunTimeCountersPerThread Thread="1" ActualRows="0" Batches="0" ActualElapsedms="2503" ActualCPUms="0" ActualEndOfScans="0" ActualExecutions="1" ActualExecutionMode="Row"></RunTimeCountersPerThread><RunTimeCountersPerThread Thread="0" ActualRows="0" Batches="0" ActualElapsedms="5" ActualCPUms="0" ActualEndOfScans="0" ActualExecutions="0" ActualExecutionMode="Row"></RunTimeCountersPerThread></RunTimeInformation><NestedLoops Optimized="0"><OuterReferences><ColumnReference Database="[tpch]" Schema="[dbo]" Table="[lineitem]" Alias="[l1]" Column="L_OrderKey"></ColumnReference><ColumnReference Database="[tpch]" Schema="[dbo]" Table="[lineitem]" Alias="[l1]" Column="L_SuppKey"></ColumnReference></OuterReferences><RelOp NodeId="5" PhysicalOp="Nested Loops" LogicalOp="Left Semi Join" EstimateRows="34984.9" EstimateIO="0" EstimateCPU="0.0243728" AvgRowSize="41" EstimatedTotalSubtreeCost="26.7108" Parallel="1" EstimateRebinds="0" EstimateRewinds="0" EstimatedExecutionMode="Row"><OutputList><ColumnReference Database="[tpch]" Schema="[dbo]" Table="[supplier]" Alias="[s]" Column="S_SuppKey"></ColumnReference><ColumnReference Database="[tpch]" Schema="[dbo]" Table="[supplier]" Alias="[s]" Column="S_Name"></ColumnReference><ColumnReference Database="[tpch]" Schema="[dbo]" Table="[lineitem]" Alias="[l1]" Column="L_OrderKey"></ColumnReference><ColumnReference Database="[tpch]" Schema="[dbo]" Table="[lineitem]" Alias="[l1]" Column="L_SuppKey"></ColumnReference></OutputList><RunTimeInformation><RunTimeCountersPerThread Thread="12" ActualRows="0" Batches="0" ActualElapsedms="2503" ActualCPUms="0" ActualEndOfScans="1" ActualExecutions="1" ActualExecutionMode="Row"></RunTimeCountersPerThread><RunTimeCountersPerThread Thread="11" ActualRows="0" Batches="0" ActualElapsedms="2503" ActualCPUms="0" ActualEndOfScans="1" ActualExecutions="1" ActualExecutionMode="Row"></RunTimeCountersPerThread><RunTimeCountersPerThread Thread="10" ActualRows="0" Batches="0" ActualElapsedms="2503" ActualCPUms="0" ActualEndOfScans="1" ActualExecutions="1" ActualExecutionMode="Row"></RunTimeCountersPerThread><RunTimeCountersPerThread Thread="9" ActualRows="0" Batches="0" ActualElapsedms="2503" ActualCPUms="0" ActualEndOfScans="1" ActualExecutions="1" ActualExecutionMode="Row"></RunTimeCountersPerThread><RunTimeCountersPerThread Thread="8" ActualRows="0" Batches="0" ActualElapsedms="2503" ActualCPUms="0" ActualEndOfScans="1" ActualExecutions="1" ActualExecutionMode="Row"></RunTimeCountersPerThread><RunTimeCountersPerThread Thread="7" ActualRows="0" Batches="0" ActualElapsedms="2503" ActualCPUms="0" ActualEndOfScans="1" ActualExecutions="1" ActualExecutionMode="Row"></RunTimeCountersPerThread><RunTimeCountersPerThread Thread="6" ActualRows="0" Batches="0" ActualElapsedms="2504" ActualCPUms="0" ActualEndOfScans="1" ActualExecutions="1" ActualExecutionMode="Row"></RunTimeCountersPerThread><RunTimeCountersPerThread Thread="5" ActualRows="0" Batches="0" ActualElapsedms="2503" ActualCPUms="0" ActualEndOfScans="1" ActualExecutions="1" ActualExecutionMode="Row"></RunTimeCountersPerThread><RunTimeCountersPerThread Thread="4" ActualRows="0" Batches="0" ActualElapsedms="2503" ActualCPUms="0" ActualEndOfScans="1" ActualExecutions="1" ActualExecutionMode="Row"></RunTimeCountersPerThread><RunTimeCountersPerThread Thread="3" ActualRows="0" Batches="0" ActualElapsedms="2503" ActualCPUms="0" ActualEndOfScans="1" ActualExecutions="1" ActualExecutionMode="Row"></RunTimeCountersPerThread><RunTimeCountersPerThread Thread="2" ActualRows="0" Batches="0" ActualElapsedms="2503" ActualCPUms="0" ActualEndOfScans="1" ActualExecutions="1" ActualExecutionMode="Row"></RunTimeCountersPerThread><RunTimeCountersPerThread Thread="1" ActualRows="0" Batches="0" ActualElapsedms="2503" ActualCPUms="0" ActualEndOfScans="1" ActualExecutions="1" ActualExecutionMode="Row"></RunTimeCountersPerThread><RunTimeCountersPerThread Thread="0" ActualRows="0" Batches="0" ActualElapsedms="5" ActualCPUms="0" ActualEndOfScans="0" ActualExecutions="0" ActualExecutionMode="Row"></RunTimeCountersPerThread></RunTimeInformation><NestedLoops Optimized="0"><OuterReferences><ColumnReference Database="[tpch]" Schema="[dbo]" Table="[lineitem]" Alias="[l1]" Column="L_OrderKey"></ColumnReference><ColumnReference Database="[tpch]" Schema="[dbo]" Table="[lineitem]" Alias="[l1]" Column="L_SuppKey"></ColumnReference></OuterReferences><RelOp NodeId="6" PhysicalOp="Sort" LogicalOp="Sort" EstimateRows="34984.9" EstimateIO="0.00187688" EstimateCPU="0.403996" AvgRowSize="41" EstimatedTotalSubtreeCost="22.7118" Parallel="1" EstimateRebinds="0" EstimateRewinds="0" EstimatedExecutionMode="Row"><OutputList><ColumnReference Database="[tpch]" Schema="[dbo]" Table="[supplier]" Alias="[s]" Column="S_SuppKey"></ColumnReference><ColumnReference Database="[tpch]" Schema="[dbo]" Table="[supplier]" Alias="[s]" Column="S_Name"></ColumnReference><ColumnReference Database="[tpch]" Schema="[dbo]" Table="[lineitem]" Alias="[l1]" Column="L_OrderKey"></ColumnReference><ColumnReference Database="[tpch]" Schema="[dbo]" Table="[lineitem]" Alias="[l1]" Column="L_SuppKey"></ColumnReference></OutputList><MemoryFractions Input="0.0314342" Output="0.968566"></MemoryFractions><RunTimeInformation><RunTimeCountersPerThread Thread="12" ActualRows="0" Batches="0" ActualElapsedms="2503" ActualCPUms="0" ActualScans="0" ActualLogicalReads="0" ActualPhysicalReads="0" ActualReadAheads="0" ActualLobLogicalReads="0" ActualLobPhysicalReads="0" ActualLobReadAheads="0" ActualRebinds="1" ActualRewinds="0" ActualEndOfScans="1" ActualExecutions="1" InputMemoryGrant="592" OutputMemoryGrant="2760" UsedMemoryGrant="0" ActualExecutionMode="Row"></RunTimeCountersPerThread><RunTimeCountersPerThread Thread="11" ActualRows="0" Batches="0" ActualElapsedms="2503" ActualCPUms="0" ActualScans="0" ActualLogicalReads="0" ActualPhysicalReads="0" ActualReadAheads="0" ActualLobLogicalReads="0" ActualLobPhysicalReads="0" ActualLobReadAheads="0" ActualRebinds="1" ActualRewinds="0" ActualEndOfScans="1" ActualExecutions="1" InputMemoryGrant="592" OutputMemoryGrant="2760" UsedMemoryGrant="0" ActualExecutionMode="Row"></RunTimeCountersPerThread><RunTimeCountersPerThread Thread="10" ActualRows="0" Batches="0" ActualElapsedms="2503" ActualCPUms="0" ActualScans="0" ActualLogicalReads="0" ActualPhysicalReads="0" ActualReadAheads="0" ActualLobLogicalReads="0" ActualLobPhysicalReads="0" ActualLobReadAheads="0" ActualRebinds="1" ActualRewinds="0" ActualEndOfScans="1" ActualExecutions="1" InputMemoryGrant="592" OutputMemoryGrant="2760" UsedMemoryGrant="0" ActualExecutionMode="Row"></RunTimeCountersPerThread><RunTimeCountersPerThread Thread="9" ActualRows="0" Batches="0" ActualElapsedms="2503" ActualCPUms="0" ActualScans="0" ActualLogicalReads="0" ActualPhysicalReads="0" ActualReadAheads="0" ActualLobLogicalReads="0" ActualLobPhysicalReads="0" ActualLobReadAheads="0" ActualRebinds="1" ActualRewinds="0" ActualEndOfScans="1" ActualExecutions="1" InputMemoryGrant="592" OutputMemoryGrant="2760" UsedMemoryGrant="0" ActualExecutionMode="Row"></RunTimeCountersPerThread><RunTimeCountersPerThread Thread="8" ActualRows="0" Batches="0" ActualElapsedms="2503" ActualCPUms="0" ActualScans="0" ActualLogicalReads="0" ActualPhysicalReads="0" ActualReadAheads="0" ActualLobLogicalReads="0" ActualLobPhysicalReads="0" ActualLobReadAheads="0" ActualRebinds="1" ActualRewinds="0" ActualEndOfScans="1" ActualExecutions="1" InputMemoryGrant="592" OutputMemoryGrant="2760" UsedMemoryGrant="0" ActualExecutionMode="Row"></RunTimeCountersPerThread><RunTimeCountersPerThread Thread="7" ActualRows="0" Batches="0" ActualElapsedms="2503" ActualCPUms="0" ActualScans="0" ActualLogicalReads="0" ActualPhysicalReads="0" ActualReadAheads="0" ActualLobLogicalReads="0" ActualLobPhysicalReads="0" ActualLobReadAheads="0" ActualRebinds="1" ActualRewinds="0" ActualEndOfScans="1" ActualExecutions="1" InputMemoryGrant="592" OutputMemoryGrant="2760" UsedMemoryGrant="0" ActualExecutionMode="Row"></RunTimeCountersPerThread><RunTimeCountersPerThread Thread="6" ActualRows="0" Batches="0" ActualElapsedms="2504" ActualCPUms="0" ActualScans="0" ActualLogicalReads="0" ActualPhysicalReads="0" ActualReadAheads="0" ActualLobLogicalReads="0" ActualLobPhysicalReads="0" ActualLobReadAheads="0" ActualRebinds="1" ActualRewinds="0" ActualEndOfScans="1" ActualExecutions="1" InputMemoryGrant="592" OutputMemoryGrant="2760" UsedMemoryGrant="0" ActualExecutionMode="Row"></RunTimeCountersPerThread><RunTimeCountersPerThread Thread="5" ActualRows="0" Batches="0" ActualElapsedms="2503" ActualCPUms="0" ActualScans="0" ActualLogicalReads="0" ActualPhysicalReads="0" ActualReadAheads="0" ActualLobLogicalReads="0" ActualLobPhysicalReads="0" ActualLobReadAheads="0" ActualRebinds="1" ActualRewinds="0" ActualEndOfScans="1" ActualExecutions="1" InputMemoryGrant="592" OutputMemoryGrant="2760" UsedMemoryGrant="0" ActualExecutionMode="Row"></RunTimeCountersPerThread><RunTimeCountersPerThread Thread="4" ActualRows="0" Batches="0" ActualElapsedms="2503" ActualCPUms="0" ActualScans="0" ActualLogicalReads="0" ActualPhysicalReads="0" ActualReadAheads="0" ActualLobLogicalReads="0" ActualLobPhysicalReads="0" ActualLobReadAheads="0" ActualRebinds="1" ActualRewinds="0" ActualEndOfScans="1" ActualExecutions="1" InputMemoryGrant="592" OutputMemoryGrant="2760" UsedMemoryGrant="0" ActualExecutionMode="Row"></RunTimeCountersPerThread><RunTimeCountersPerThread Thread="3" ActualRows="0" Batches="0" ActualElapsedms="2503" ActualCPUms="0" ActualScans="0" ActualLogicalReads="0" ActualPhysicalReads="0" ActualReadAheads="0" ActualLobLogicalReads="0" ActualLobPhysicalReads="0" ActualLobReadAheads="0" ActualRebinds="1" ActualRewinds="0" ActualEndOfScans="1" ActualExecutions="1" InputMemoryGrant="592" OutputMemoryGrant="2760" UsedMemoryGrant="0" ActualExecutionMode="Row"></RunTimeCountersPerThread><RunTimeCountersPerThread Thread="2" ActualRows="1" Batches="0" ActualElapsedms="2503" ActualCPUms="0" ActualScans="0" ActualLogicalReads="0" ActualPhysicalReads="0" ActualReadAheads="0" ActualLobLogicalReads="0" ActualLobPhysicalReads="0" ActualLobReadAheads="0" ActualRebinds="1" ActualRewinds="0" ActualEndOfScans="1" ActualExecutions="1" InputMemoryGrant="592" OutputMemoryGrant="2760" UsedMemoryGrant="0" ActualExecutionMode="Row"></RunTimeCountersPerThread><RunTimeCountersPerThread Thread="1" ActualRows="0" Batches="0" ActualElapsedms="2503" ActualCPUms="0" ActualScans="0" ActualLogicalReads="0" ActualPhysicalReads="0" ActualReadAheads="0" ActualLobLogicalReads="0" ActualLobPhysicalReads="0" ActualLobReadAheads="0" ActualRebinds="1" ActualRewinds="0" ActualEndOfScans="1" ActualExecutions="1" InputMemoryGrant="592" OutputMemoryGrant="2760" UsedMemoryGrant="0" ActualExecutionMode="Row"></RunTimeCountersPerThread><RunTimeCountersPerThread Thread="0" ActualRows="0" Batches="0" ActualElapsedms="5" ActualCPUms="0" ActualScans="0" ActualLogicalReads="0" ActualPhysicalReads="0" ActualReadAheads="0" ActualLobLogicalReads="0" ActualLobPhysicalReads="0" ActualLobReadAheads="0" ActualRebinds="0" ActualRewinds="0" ActualEndOfScans="0" ActualExecutions="0" InputMemoryGrant="0" OutputMemoryGrant="0" UsedMemoryGrant="0" ActualExecutionMode="Row"></RunTimeCountersPerThread></RunTimeInformation><Sort Distinct="0"><OrderBy><OrderByColumn Ascending="1"><ColumnReference Database="[tpch]" Schema="[dbo]" Table="[lineitem]" Alias="[l1]" Column="L_OrderKey"></ColumnReference></OrderByColumn><OrderByColumn Ascending="1"><ColumnReference Database="[tpch]" Schema="[dbo]" Table="[supplier]" Alias="[s]" Column="S_SuppKey"></ColumnReference></OrderByColumn></OrderBy><RelOp NodeId="7" PhysicalOp="Parallelism" LogicalOp="Repartition Streams" EstimateRows="34984.9" EstimateIO="0" EstimateCPU="0.0644513" AvgRowSize="41" EstimatedTotalSubtreeCost="22.3059" Parallel="1" EstimateRebinds="0" EstimateRewinds="0" EstimatedExecutionMode="Row"><OutputList><ColumnReference Database="[tpch]" Schema="[dbo]" Table="[supplier]" Alias="[s]" Column="S_SuppKey"></ColumnReference><ColumnReference Database="[tpch]" Schema="[dbo]" Table="[supplier]" Alias="[s]" Column="S_Name"></ColumnReference><ColumnReference Database="[tpch]" Schema="[dbo]" Table="[lineitem]" Alias="[l1]" Column="L_OrderKey"></ColumnReference><ColumnReference Database="[tpch]" Schema="[dbo]" Table="[lineitem]" Alias="[l1]" Column="L_SuppKey"></ColumnReference></OutputList><RunTimeInformation><RunTimeCountersPerThread Thread="12" ActualRows="0" Batches="0" ActualElapsedms="2503" ActualCPUms="0" ActualEndOfScans="1" ActualExecutions="1" ActualExecutionMode="Row"></RunTimeCountersPerThread><RunTimeCountersPerThread Thread="11" ActualRows="0" Batches="0" ActualElapsedms="2503" ActualCPUms="0" ActualEndOfScans="1" ActualExecutions="1" ActualExecutionMode="Row"></RunTimeCountersPerThread><RunTimeCountersPerThread Thread="10" ActualRows="0" Batches="0" ActualElapsedms="2503" ActualCPUms="0" ActualEndOfScans="1" ActualExecutions="1" ActualExecutionMode="Row"></RunTimeCountersPerThread><RunTimeCountersPerThread Thread="9" ActualRows="0" Batches="0" ActualElapsedms="2503" ActualCPUms="0" ActualEndOfScans="1" ActualExecutions="1" ActualExecutionMode="Row"></RunTimeCountersPerThread><RunTimeCountersPerThread Thread="8" ActualRows="0" Batches="0" ActualElapsedms="2503" ActualCPUms="0" ActualEndOfScans="1" ActualExecutions="1" ActualExecutionMode="Row"></RunTimeCountersPerThread><RunTimeCountersPerThread Thread="7" ActualRows="0" Batches="0" ActualElapsedms="2503" ActualCPUms="0" ActualEndOfScans="1" ActualExecutions="1" ActualExecutionMode="Row"></RunTimeCountersPerThread><RunTimeCountersPerThread Thread="6" ActualRows="0" Batches="0" ActualElapsedms="2504" ActualCPUms="0" ActualEndOfScans="1" ActualExecutions="1" ActualExecutionMode="Row"></RunTimeCountersPerThread><RunTimeCountersPerThread Thread="5" ActualRows="0" Batches="0" ActualElapsedms="2503" ActualCPUms="0" ActualEndOfScans="1" ActualExecutions="1" ActualExecutionMode="Row"></RunTimeCountersPerThread><RunTimeCountersPerThread Thread="4" ActualRows="0" Batches="0" ActualElapsedms="2503" ActualCPUms="0" ActualEndOfScans="1" ActualExecutions="1" ActualExecutionMode="Row"></RunTimeCountersPerThread><RunTimeCountersPerThread Thread="3" ActualRows="0" Batches="0" ActualElapsedms="2503" ActualCPUms="0" ActualEndOfScans="1" ActualExecutions="1" ActualExecutionMode="Row"></RunTimeCountersPerThread><RunTimeCountersPerThread Thread="2" ActualRows="1" Batches="0" ActualElapsedms="2503" ActualCPUms="0" ActualEndOfScans="1" ActualExecutions="1" ActualExecutionMode="Row"></RunTimeCountersPerThread><RunTimeCountersPerThread Thread="1" ActualRows="0" Batches="0" ActualElapsedms="2503" ActualCPUms="0" ActualEndOfScans="1" ActualExecutions="1" ActualExecutionMode="Row"></RunTimeCountersPerThread><RunTimeCountersPerThread Thread="0" ActualRows="0" Batches="0" ActualElapsedms="5" ActualCPUms="0" ActualEndOfScans="0" ActualExecutions="0" ActualExecutionMode="Row"></RunTimeCountersPerThread></RunTimeInformation><Parallelism PartitioningType="Hash"><PartitionColumns><ColumnReference Database="[tpch]" Schema="[dbo]" Table="[lineitem]" Alias="[l1]" Column="L_OrderKey"></ColumnReference><ColumnReference Database="[tpch]" Schema="[dbo]" Table="[lineitem]" Alias="[l1]" Column="L_SuppKey"></ColumnReference></PartitionColumns><RelOp NodeId="8" PhysicalOp="Nested Loops" LogicalOp="Left Semi Join" EstimateRows="34984.9" EstimateIO="0" EstimateCPU="0.0243728" AvgRowSize="41" EstimatedTotalSubtreeCost="22.2414" Parallel="1" EstimateRebinds="0" EstimateRewinds="0" EstimatedExecutionMode="Row"><OutputList><ColumnReference Database="[tpch]" Schema="[dbo]" Table="[supplier]" Alias="[s]" Column="S_SuppKey"></ColumnReference><ColumnReference Database="[tpch]" Schema="[dbo]" Table="[supplier]" Alias="[s]" Column="S_Name"></ColumnReference><ColumnReference Database="[tpch]" Schema="[dbo]" Table="[lineitem]" Alias="[l1]" Column="L_OrderKey"></ColumnReference><ColumnReference Database="[tpch]" Schema="[dbo]" Table="[lineitem]" Alias="[l1]" Column="L_SuppKey"></ColumnReference></OutputList><RunTimeInformation><RunTimeCountersPerThread Thread="12" ActualRows="0" Batches="0" ActualElapsedms="2503" ActualCPUms="2483" ActualEndOfScans="1" ActualExecutions="1" ActualExecutionMode="Row"></RunTimeCountersPerThread><RunTimeCountersPerThread Thread="11" ActualRows="0" Batches="0" ActualElapsedms="2503" ActualCPUms="189" ActualEndOfScans="1" ActualExecutions="1" ActualExecutionMode="Row"></RunTimeCountersPerThread><RunTimeCountersPerThread Thread="10" ActualRows="0" Batches="0" ActualElapsedms="2502" ActualCPUms="165" ActualEndOfScans="1" ActualExecutions="1" ActualExecutionMode="Row"></RunTimeCountersPerThread><RunTimeCountersPerThread Thread="9" ActualRows="0" Batches="0" ActualElapsedms="2503" ActualCPUms="164" ActualEndOfScans="1" ActualExecutions="1" ActualExecutionMode="Row"></RunTimeCountersPerThread><RunTimeCountersPerThread Thread="8" ActualRows="0" Batches="0" ActualElapsedms="2503" ActualCPUms="155" ActualEndOfScans="1" ActualExecutions="1" ActualExecutionMode="Row"></RunTimeCountersPerThread><RunTimeCountersPerThread Thread="7" ActualRows="0" Batches="0" ActualElapsedms="2503" ActualCPUms="182" ActualEndOfScans="1" ActualExecutions="1" ActualExecutionMode="Row"></RunTimeCountersPerThread><RunTimeCountersPerThread Thread="6" ActualRows="0" Batches="0" ActualElapsedms="2503" ActualCPUms="166" ActualEndOfScans="1" ActualExecutions="1" ActualExecutionMode="Row"></RunTimeCountersPerThread><RunTimeCountersPerThread Thread="5" ActualRows="0" Batches="0" ActualElapsedms="2503" ActualCPUms="198" ActualEndOfScans="1" ActualExecutions="1" ActualExecutionMode="Row"></RunTimeCountersPerThread><RunTimeCountersPerThread Thread="4" ActualRows="0" Batches="0" ActualElapsedms="2503" ActualCPUms="178" ActualEndOfScans="1" ActualExecutions="1" ActualExecutionMode="Row"></RunTimeCountersPerThread><RunTimeCountersPerThread Thread="3" ActualRows="1" Batches="0" ActualElapsedms="2503" ActualCPUms="172" ActualEndOfScans="1" ActualExecutions="1" ActualExecutionMode="Row"></RunTimeCountersPerThread><RunTimeCountersPerThread Thread="2" ActualRows="0" Batches="0" ActualElapsedms="2503" ActualCPUms="153" ActualEndOfScans="1" ActualExecutions="1" ActualExecutionMode="Row"></RunTimeCountersPerThread><RunTimeCountersPerThread Thread="1" ActualRows="0" Batches="0" ActualElapsedms="2503" ActualCPUms="161" ActualEndOfScans="1" ActualExecutions="1" ActualExecutionMode="Row"></RunTimeCountersPerThread><RunTimeCountersPerThread Thread="0" ActualRows="0" Batches="0" ActualElapsedms="0" ActualCPUms="0" ActualEndOfScans="0" ActualExecutions="0" ActualExecutionMode="Row"></RunTimeCountersPerThread></RunTimeInformation><NestedLoops Optimized="0"><OuterReferences><ColumnReference Database="[tpch]" Schema="[dbo]" Table="[lineitem]" Alias="[l1]" Column="L_OrderKey"></ColumnReference><ColumnReference Database="[tpch]" Schema="[dbo]" Table="[lineitem]" Alias="[l1]" Column="L_PartKey"></ColumnReference><ColumnReference Database="[tpch]" Schema="[dbo]" Table="[lineitem]" Alias="[l1]" Column="L_Quantity"></ColumnReference></OuterReferences><RelOp NodeId="9" PhysicalOp="Adaptive Join" LogicalOp="Inner Join" EstimatedJoinType="Hash Match" AdaptiveThresholdRows="15674.2" EstimateRows="34984.9" EstimateIO="0" EstimateCPU="0.000116616" AvgRowSize="49" EstimatedTotalSubtreeCost="22.1689" Parallel="1" IsAdaptive="1" EstimateRebinds="0" EstimateRewinds="0" EstimatedExecutionMode="Batch"><OutputList><ColumnReference Database="[tpch]" Schema="[dbo]" Table="[supplier]" Alias="[s]" Column="S_SuppKey"></ColumnReference><ColumnReference Database="[tpch]" Schema="[dbo]" Table="[supplier]" Alias="[s]" Column="S_Name"></ColumnReference><ColumnReference Database="[tpch]" Schema="[dbo]" Table="[lineitem]" Alias="[l1]" Column="L_OrderKey"></ColumnReference><ColumnReference Database="[tpch]" Schema="[dbo]" Table="[lineitem]" Alias="[l1]" Column="L_PartKey"></ColumnReference><ColumnReference Database="[tpch]" Schema="[dbo]" Table="[lineitem]" Alias="[l1]" Column="L_SuppKey"></ColumnReference><ColumnReference Database="[tpch]" Schema="[dbo]" Table="[lineitem]" Alias="[l1]" Column="L_Quantity"></ColumnReference></OutputList><RunTimeInformation><RunTimeCountersPerThread Thread="12" ActualRows="7949" Batches="19" ActualElapsedms="0" ActualCPUms="0" ActualScans="0" ActualLogicalReads="0" ActualPhysicalReads="0" ActualReadAheads="0" ActualLobLogicalReads="0" ActualLobPhysicalReads="0" ActualLobReadAheads="0" ActualEndOfScans="0" ActualExecutions="1" ActualExecutionMode="Batch" ActualJoinType="Hash Match"></RunTimeCountersPerThread><RunTimeCountersPerThread Thread="11" ActualRows="6359" Batches="18" ActualElapsedms="0" ActualCPUms="0" ActualScans="0" ActualLogicalReads="0" ActualPhysicalReads="0" ActualReadAheads="0" ActualLobLogicalReads="0" ActualLobPhysicalReads="0" ActualLobReadAheads="0" ActualEndOfScans="0" ActualExecutions="1" ActualExecutionMode="Batch" ActualJoinType="Hash Match"></RunTimeCountersPerThread><RunTimeCountersPerThread Thread="10" ActualRows="6249" Batches="18" ActualElapsedms="0" ActualCPUms="0" ActualScans="0" ActualLogicalReads="0" ActualPhysicalReads="0" ActualReadAheads="0" ActualLobLogicalReads="0" ActualLobPhysicalReads="0" ActualLobReadAheads="0" ActualEndOfScans="0" ActualExecutions="1" ActualExecutionMode="Batch" ActualJoinType="Hash Match"></RunTimeCountersPerThread><RunTimeCountersPerThread Thread="9" ActualRows="6386" Batches="18" ActualElapsedms="0" ActualCPUms="0" ActualScans="0" ActualLogicalReads="0" ActualPhysicalReads="0" ActualReadAheads="0" ActualLobLogicalReads="0" ActualLobPhysicalReads="0" ActualLobReadAheads="0" ActualEndOfScans="0" ActualExecutions="1" ActualExecutionMode="Batch" ActualJoinType="Hash Match"></RunTimeCountersPerThread><RunTimeCountersPerThread Thread="8" ActualRows="6209" Batches="18" ActualElapsedms="0" ActualCPUms="0" ActualScans="0" ActualLogicalReads="0" ActualPhysicalReads="0" ActualReadAheads="0" ActualLobLogicalReads="0" ActualLobPhysicalReads="0" ActualLobReadAheads="0" ActualEndOfScans="0" ActualExecutions="1" ActualExecutionMode="Batch" ActualJoinType="Hash Match"></RunTimeCountersPerThread><RunTimeCountersPerThread Thread="7" ActualRows="6049" Batches="17" ActualElapsedms="0" ActualCPUms="0" ActualScans="0" ActualLogicalReads="0" ActualPhysicalReads="0" ActualReadAheads="0" ActualLobLogicalReads="0" ActualLobPhysicalReads="0" ActualLobReadAheads="0" ActualEndOfScans="0" ActualExecutions="1" ActualExecutionMode="Batch" ActualJoinType="Hash Match"></RunTimeCountersPerThread><RunTimeCountersPerThread Thread="6" ActualRows="6033" Batches="17" ActualElapsedms="0" ActualCPUms="0" ActualScans="0" ActualLogicalReads="0" ActualPhysicalReads="0" ActualReadAheads="0" ActualLobLogicalReads="0" ActualLobPhysicalReads="0" ActualLobReadAheads="0" ActualEndOfScans="0" ActualExecutions="1" ActualExecutionMode="Batch" ActualJoinType="Hash Match"></RunTimeCountersPerThread><RunTimeCountersPerThread Thread="5" ActualRows="5951" Batches="17" ActualElapsedms="0" ActualCPUms="0" ActualScans="0" ActualLogicalReads="0" ActualPhysicalReads="0" ActualReadAheads="0" ActualLobLogicalReads="0" ActualLobPhysicalReads="0" ActualLobReadAheads="0" ActualEndOfScans="0" ActualExecutions="1" ActualExecutionMode="Batch" ActualJoinType="Hash Match"></RunTimeCountersPerThread><RunTimeCountersPerThread Thread="4" ActualRows="6247" Batches="18" ActualElapsedms="0" ActualCPUms="0" ActualScans="0" ActualLogicalReads="0" ActualPhysicalReads="0" ActualReadAheads="0" ActualLobLogicalReads="0" ActualLobPhysicalReads="0" ActualLobReadAheads="0" ActualEndOfScans="0" ActualExecutions="1" ActualExecutionMode="Batch" ActualJoinType="Hash Match"></RunTimeCountersPerThread><RunTimeCountersPerThread Thread="3" ActualRows="5973" Batches="17" ActualElapsedms="0" ActualCPUms="0" ActualScans="0" ActualLogicalReads="0" ActualPhysicalReads="0" ActualReadAheads="0" ActualLobLogicalReads="0" ActualLobPhysicalReads="0" ActualLobReadAheads="0" ActualEndOfScans="0" ActualExecutions="1" ActualExecutionMode="Batch" ActualJoinType="Hash Match"></RunTimeCountersPerThread><RunTimeCountersPerThread Thread="2" ActualRows="4085" Batches="15" ActualElapsedms="0" ActualCPUms="0" ActualScans="0" ActualLogicalReads="0" ActualPhysicalReads="0" ActualReadAheads="0" ActualLobLogicalReads="0" ActualLobPhysicalReads="0" ActualLobReadAheads="0" ActualEndOfScans="0" ActualExecutions="1" ActualExecutionMode="Batch" ActualJoinType="Hash Match"></RunTimeCountersPerThread><RunTimeCountersPerThread Thread="1" ActualRows="5558" Batches="17" ActualElapsedms="0" ActualCPUms="0" ActualScans="0" ActualLogicalReads="0" ActualPhysicalReads="0" ActualReadAheads="0" ActualLobLogicalReads="0" ActualLobPhysicalReads="0" ActualLobReadAheads="0" ActualEndOfScans="0" ActualExecutions="1" ActualExecutionMode="Batch" ActualJoinType="Hash Match"></RunTimeCountersPerThread><RunTimeCountersPerThread Thread="0" ActualRows="0" Batches="0" ActualElapsedms="0" ActualCPUms="0" ActualEndOfScans="0" ActualExecutions="0" ActualExecutionMode="Batch" ActualJoinType="Hash Match"></RunTimeCountersPerThread></RunTimeInformation><AdaptiveJoin BitmapCreator="1" Optimized="1"><DefinedValues><DefinedValue><ColumnReference Database="[tpch]" Schema="[dbo]" Table="[supplier]" Alias="[s]" Column="S_SuppKey"></ColumnReference><ColumnReference Database="[tpch]" Schema="[dbo]" Table="[supplier]" Alias="[s]" Column="S_SuppKey"></ColumnReference><ColumnReference Database="[tpch]" Schema="[dbo]" Table="[supplier]" Alias="[s]" Column="S_SuppKey"></ColumnReference></DefinedValue><DefinedValue><ColumnReference Database="[tpch]" Schema="[dbo]" Table="[supplier]" Alias="[s]" Column="S_Name"></ColumnReference><ColumnReference Database="[tpch]" Schema="[dbo]" Table="[supplier]" Alias="[s]" Column="S_Name"></ColumnReference><ColumnReference Database="[tpch]" Schema="[dbo]" Table="[supplier]" Alias="[s]" Column="S_Name"></ColumnReference></DefinedValue><DefinedValue><ColumnReference Database="[tpch]" Schema="[dbo]" Table="[lineitem]" Alias="[l1]" Column="L_OrderKey"></ColumnReference><ColumnReference Database="[tpch]" Schema="[dbo]" Table="[lineitem]" Alias="[l1]" Column="L_OrderKey"></ColumnReference><ColumnReference Database="[tpch]" Schema="[dbo]" Table="[lineitem]" Alias="[l1]" Column="L_OrderKey"></ColumnReference></DefinedValue><DefinedValue><ColumnReference Database="[tpch]" Schema="[dbo]" Table="[lineitem]" Alias="[l1]" Column="L_PartKey"></ColumnReference><ColumnReference Database="[tpch]" Schema="[dbo]" Table="[lineitem]" Alias="[l1]" Column="L_PartKey"></ColumnReference><ColumnReference Database="[tpch]" Schema="[dbo]" Table="[lineitem]" Alias="[l1]" Column="L_PartKey"></ColumnReference></DefinedValue><DefinedValue><ColumnReference Database="[tpch]" Schema="[dbo]" Table="[lineitem]" Alias="[l1]" Column="L_SuppKey"></ColumnReference><ColumnReference Database="[tpch]" Schema="[dbo]" Table="[lineitem]" Alias="[l1]" Column="L_SuppKey"></ColumnReference><ColumnReference Database="[tpch]" Schema="[dbo]" Table="[lineitem]" Alias="[l1]" Column="L_SuppKey"></ColumnReference></DefinedValue><DefinedValue><ColumnReference Database="[tpch]" Schema="[dbo]" Table="[lineitem]" Alias="[l1]" Column="L_Quantity"></ColumnReference><ColumnReference Database="[tpch]" Schema="[dbo]" Table="[lineitem]" Alias="[l1]" Column="L_Quantity"></ColumnReference><ColumnReference Database="[tpch]" Schema="[dbo]" Table="[lineitem]" Alias="[l1]" Column="L_Quantity"></ColumnReference></DefinedValue><DefinedValue><ColumnReference Column="Opt_Bitmap1230"></ColumnReference></DefinedValue></DefinedValues><HashKeysBuild><ColumnReference Database="[tpch]" Schema="[dbo]" Table="[lineitem]" Alias="[l1]" Column="L_OrderKey"></ColumnReference></HashKeysBuild><HashKeysProbe><ColumnReference Database="[tpch]" Schema="[dbo]" Table="[orders]" Alias="[o]" Column="O_OrderKey"></ColumnReference></HashKeysProbe><OuterReferences><ColumnReference Database="[tpch]" Schema="[dbo]" Table="[lineitem]" Alias="[l1]" Column="L_OrderKey"></ColumnReference></OuterReferences><RelOp NodeId="11" PhysicalOp="Adaptive Join" LogicalOp="Inner Join" EstimatedJoinType="Nested Loops" AdaptiveThresholdRows="6561.59" EstimateRows="72014.6" EstimateIO="0" EstimateCPU="0.00240049" AvgRowSize="49" EstimatedTotalSubtreeCost="4.84332" Parallel="1" IsAdaptive="1" EstimateRebinds="0" EstimateRewinds="0" EstimatedExecutionMode="Row"><OutputList><ColumnReference Database="[tpch]" Schema="[dbo]" Table="[supplier]" Alias="[s]" Column="S_SuppKey"></ColumnReference><ColumnReference Database="[tpch]" Schema="[dbo]" Table="[supplier]" Alias="[s]" Column="S_Name"></ColumnReference><ColumnReference Database="[tpch]" Schema="[dbo]" Table="[lineitem]" Alias="[l1]" Column="L_OrderKey"></ColumnReference><ColumnReference Database="[tpch]" Schema="[dbo]" Table="[lineitem]" Alias="[l1]" Column="L_PartKey"></ColumnReference><ColumnReference Database="[tpch]" Schema="[dbo]" Table="[lineitem]" Alias="[l1]" Column="L_SuppKey"></ColumnReference><ColumnReference Database="[tpch]" Schema="[dbo]" Table="[lineitem]" Alias="[l1]" Column="L_Quantity"></ColumnReference></OutputList><RunTimeInformation><RunTimeCountersPerThread Thread="12" ActualRows="10031" Batches="12" ActualElapsedms="13" ActualCPUms="9" ActualEndOfScans="0" ActualExecutions="1" ActualExecutionMode="Row" ActualJoinType="Nested Loops"></RunTimeCountersPerThread><RunTimeCountersPerThread Thread="11" ActualRows="9178" Batches="11" ActualElapsedms="14" ActualCPUms="8" ActualEndOfScans="0" ActualExecutions="1" ActualExecutionMode="Row" ActualJoinType="Nested Loops"></RunTimeCountersPerThread><RunTimeCountersPerThread Thread="10" ActualRows="12227" Batches="14" ActualElapsedms="16" ActualCPUms="10" ActualEndOfScans="0" ActualExecutions="1" ActualExecutionMode="Row" ActualJoinType="Nested Loops"></RunTimeCountersPerThread><RunTimeCountersPerThread Thread="9" ActualRows="0" Batches="0" ActualElapsedms="12" ActualCPUms="0" ActualEndOfScans="0" ActualExecutions="1" ActualExecutionMode="Row" ActualJoinType="Nested Loops"></RunTimeCountersPerThread><RunTimeCountersPerThread Thread="8" ActualRows="10169" Batches="12" ActualElapsedms="15" ActualCPUms="5" ActualEndOfScans="0" ActualExecutions="1" ActualExecutionMode="Row" ActualJoinType="Nested Loops"></RunTimeCountersPerThread><RunTimeCountersPerThread Thread="7" ActualRows="14191" Batches="16" ActualElapsedms="20" ActualCPUms="7" ActualEndOfScans="0" ActualExecutions="1" ActualExecutionMode="Row" ActualJoinType="Nested Loops"></RunTimeCountersPerThread><RunTimeCountersPerThread Thread="6" ActualRows="15166" Batches="17" ActualElapsedms="17" ActualCPUms="8" ActualEndOfScans="0" ActualExecutions="1" ActualExecutionMode="Row" ActualJoinType="Nested Loops"></RunTimeCountersPerThread><RunTimeCountersPerThread Thread="5" ActualRows="28449" Batches="32" ActualElapsedms="17" ActualCPUms="13" ActualEndOfScans="0" ActualExecutions="1" ActualExecutionMode="Row" ActualJoinType="Nested Loops"></RunTimeCountersPerThread><RunTimeCountersPerThread Thread="4" ActualRows="13573" Batches="16" ActualElapsedms="16" ActualCPUms="10" ActualEndOfScans="0" ActualExecutions="1" ActualExecutionMode="Row" ActualJoinType="Nested Loops"></RunTimeCountersPerThread><RunTimeCountersPerThread Thread="3" ActualRows="13278" Batches="15" ActualElapsedms="10" ActualCPUms="7" ActualEndOfScans="0" ActualExecutions="1" ActualExecutionMode="Row" ActualJoinType="Nested Loops"></RunTimeCountersPerThread><RunTimeCountersPerThread Thread="2" ActualRows="12102" Batches="14" ActualElapsedms="19" ActualCPUms="6" ActualEndOfScans="0" ActualExecutions="1" ActualExecutionMode="Row" ActualJoinType="Nested Loops"></RunTimeCountersPerThread><RunTimeCountersPerThread Thread="1" ActualRows="12430" Batches="14" ActualElapsedms="13" ActualCPUms="9" ActualEndOfScans="0" ActualExecutions="1" ActualExecutionMode="Row" ActualJoinType="Nested Loops"></RunTimeCountersPerThread><RunTimeCountersPerThread Thread="0" ActualRows="0" Batches="0" ActualElapsedms="0" ActualCPUms="0" ActualEndOfScans="0" ActualExecutions="0" ActualExecutionMode="Row" ActualJoinType="Nested Loops"></RunTimeCountersPerThread></RunTimeInformation><AdaptiveJoin BitmapCreator="1" Optimized="1"><DefinedValues><DefinedValue><ColumnReference Database="[tpch]" Schema="[dbo]" Table="[supplier]" Alias="[s]" Column="S_SuppKey"></ColumnReference><ColumnReference Database="[tpch]" Schema="[dbo]" Table="[supplier]" Alias="[s]" Column="S_SuppKey"></ColumnReference><ColumnReference Database="[tpch]" Schema="[dbo]" Table="[supplier]" Alias="[s]" Column="S_SuppKey"></ColumnReference></DefinedValue><DefinedValue><ColumnReference Database="[tpch]" Schema="[dbo]" Table="[supplier]" Alias="[s]" Column="S_Name"></ColumnReference><ColumnReference Database="[tpch]" Schema="[dbo]" Table="[supplier]" Alias="[s]" Column="S_Name"></ColumnReference><ColumnReference Database="[tpch]" Schema="[dbo]" Table="[supplier]" Alias="[s]" Column="S_Name"></ColumnReference></DefinedValue><DefinedValue><ColumnReference Database="[tpch]" Schema="[dbo]" Table="[lineitem]" Alias="[l1]" Column="L_OrderKey"></ColumnReference><ColumnReference Database="[tpch]" Schema="[dbo]" Table="[lineitem]" Alias="[l1]" Column="L_OrderKey"></ColumnReference><ColumnReference Database="[tpch]" Schema="[dbo]" Table="[lineitem]" Alias="[l1]" Column="L_OrderKey"></ColumnReference></DefinedValue><DefinedValue><ColumnReference Database="[tpch]" Schema="[dbo]" Table="[lineitem]" Alias="[l1]" Column="L_PartKey"></ColumnReference><ColumnReference Database="[tpch]" Schema="[dbo]" Table="[lineitem]" Alias="[l1]" Column="L_PartKey"></ColumnReference><ColumnReference Database="[tpch]" Schema="[dbo]" Table="[lineitem]" Alias="[l1]" Column="L_PartKey"></ColumnReference></DefinedValue><DefinedValue><ColumnReference Database="[tpch]" Schema="[dbo]" Table="[lineitem]" Alias="[l1]" Column="L_SuppKey"></ColumnReference><ColumnReference Database="[tpch]" Schema="[dbo]" Table="[lineitem]" Alias="[l1]" Column="L_SuppKey"></ColumnReference><ColumnReference Database="[tpch]" Schema="[dbo]" Table="[lineitem]" Alias="[l1]" Column="L_SuppKey"></ColumnReference></DefinedValue><DefinedValue><ColumnReference Database="[tpch]" Schema="[dbo]" Table="[lineitem]" Alias="[l1]" Column="L_Quantity"></ColumnReference><ColumnReference Database="[tpch]" Schema="[dbo]" Table="[lineitem]" Alias="[l1]" Column="L_Quantity"></ColumnReference><ColumnReference Database="[tpch]" Schema="[dbo]" Table="[lineitem]" Alias="[l1]" Column="L_Quantity"></ColumnReference></DefinedValue><DefinedValue><ColumnReference Column="Opt_Bitmap1247"></ColumnReference></DefinedValue></DefinedValues><HashKeysBuild><ColumnReference Database="[tpch]" Schema="[dbo]" Table="[supplier]" Alias="[s]" Column="S_SuppKey"></ColumnReference></HashKeysBuild><HashKeysProbe><ColumnReference Database="[tpch]" Schema="[dbo]" Table="[lineitem]" Alias="[l1]" Column="L_SuppKey"></ColumnReference></HashKeysProbe><ProbeResidual><ScalarOperator ScalarString="[tpch].[dbo].[supplier].[S_SuppKey] as [s].[S_SuppKey]=[tpch].[dbo].[lineitem].[L_SuppKey] as [l1].[L_SuppKey]"><Compare CompareOp="EQ"><ScalarOperator><Identifier><ColumnReference Database="[tpch]" Schema="[dbo]" Table="[supplier]" Alias="[s]" Column="S_SuppKey"></ColumnReference></Identifier></ScalarOperator><ScalarOperator><Identifier><ColumnReference Database="[tpch]" Schema="[dbo]" Table="[lineitem]" Alias="[l1]" Column="L_SuppKey"></ColumnReference></Identifier></ScalarOperator></Compare></ScalarOperator></ProbeResidual><OuterReferences><ColumnReference Database="[tpch]" Schema="[dbo]" Table="[supplier]" Alias="[s]" Column="S_SuppKey"></ColumnReference></OuterReferences><RelOp NodeId="13" PhysicalOp="Hash Match" LogicalOp="Inner Join" EstimateRows="400" EstimateIO="0" EstimateCPU="0.00188205" AvgRowSize="33" EstimatedTotalSubtreeCost="0.15447" Parallel="1" EstimateRebinds="0" EstimateRewinds="0" EstimatedExecutionMode="Batch"><OutputList><ColumnReference Database="[tpch]" Schema="[dbo]" Table="[supplier]" Alias="[s]" Column="S_SuppKey"></ColumnReference><ColumnReference Database="[tpch]" Schema="[dbo]" Table="[supplier]" Alias="[s]" Column="S_Name"></ColumnReference></OutputList><MemoryFractions Input="0.876793" Output="0.876793"></MemoryFractions><RunTimeInformation><RunTimeCountersPerThread Thread="12" ActualRows="29" Batches="1" ActualElapsedms="0" ActualCPUms="0" ActualScans="0" ActualLogicalReads="0" ActualPhysicalReads="0" ActualReadAheads="0" ActualLobLogicalReads="0" ActualLobPhysicalReads="0" ActualLobReadAheads="0" ActualEndOfScans="0" ActualExecutions="1" ActualExecutionMode="Batch"></RunTimeCountersPerThread><RunTimeCountersPerThread Thread="11" ActualRows="35" Batches="1" ActualElapsedms="1" ActualCPUms="0" ActualScans="0" ActualLogicalReads="0" ActualPhysicalReads="0" ActualReadAheads="0" ActualLobLogicalReads="0" ActualLobPhysicalReads="0" ActualLobReadAheads="0" ActualEndOfScans="0" ActualExecutions="1" ActualExecutionMode="Batch"></RunTimeCountersPerThread><RunTimeCountersPerThread Thread="10" ActualRows="42" Batches="1" ActualElapsedms="1" ActualCPUms="0" ActualScans="0" ActualLogicalReads="0" ActualPhysicalReads="0" ActualReadAheads="0" ActualLobLogicalReads="0" ActualLobPhysicalReads="0" ActualLobReadAheads="0" ActualEndOfScans="0" ActualExecutions="1" ActualExecutionMode="Batch"></RunTimeCountersPerThread><RunTimeCountersPerThread Thread="9" ActualRows="37" Batches="1" ActualElapsedms="1" ActualCPUms="0" ActualScans="0" ActualLogicalReads="0" ActualPhysicalReads="0" ActualReadAheads="0" ActualLobLogicalReads="0" ActualLobPhysicalReads="0" ActualLobReadAheads="0" ActualEndOfScans="0" ActualExecutions="1" ActualExecutionMode="Batch"></RunTimeCountersPerThread><RunTimeCountersPerThread Thread="8" ActualRows="32" Batches="1" ActualElapsedms="1" ActualCPUms="0" ActualScans="0" ActualLogicalReads="0" ActualPhysicalReads="0" ActualReadAheads="0" ActualLobLogicalReads="0" ActualLobPhysicalReads="0" ActualLobReadAheads="0" ActualEndOfScans="0" ActualExecutions="1" ActualExecutionMode="Batch"></RunTimeCountersPerThread><RunTimeCountersPerThread Thread="7" ActualRows="24" Batches="1" ActualElapsedms="1" ActualCPUms="0" ActualScans="0" ActualLogicalReads="0" ActualPhysicalReads="0" ActualReadAheads="0" ActualLobLogicalReads="0" ActualLobPhysicalReads="0" ActualLobReadAheads="0" ActualEndOfScans="0" ActualExecutions="1" ActualExecutionMode="Batch"></RunTimeCountersPerThread><RunTimeCountersPerThread Thread="6" ActualRows="32" Batches="1" ActualElapsedms="1" ActualCPUms="0" ActualScans="0" ActualLogicalReads="0" ActualPhysicalReads="0" ActualReadAheads="0" ActualLobLogicalReads="0" ActualLobPhysicalReads="0" ActualLobReadAheads="0" ActualEndOfScans="0" ActualExecutions="1" ActualExecutionMode="Batch"></RunTimeCountersPerThread><RunTimeCountersPerThread Thread="5" ActualRows="36" Batches="1" ActualElapsedms="0" ActualCPUms="0" ActualScans="0" ActualLogicalReads="0" ActualPhysicalReads="0" ActualReadAheads="0" ActualLobLogicalReads="0" ActualLobPhysicalReads="0" ActualLobReadAheads="0" ActualEndOfScans="0" ActualExecutions="1" ActualExecutionMode="Batch"></RunTimeCountersPerThread><RunTimeCountersPerThread Thread="4" ActualRows="27" Batches="1" ActualElapsedms="1" ActualCPUms="0" ActualScans="0" ActualLogicalReads="0" ActualPhysicalReads="0" ActualReadAheads="0" ActualLobLogicalReads="0" ActualLobPhysicalReads="0" ActualLobReadAheads="0" ActualEndOfScans="0" ActualExecutions="1" ActualExecutionMode="Batch"></RunTimeCountersPerThread><RunTimeCountersPerThread Thread="3" ActualRows="36" Batches="1" ActualElapsedms="1" ActualCPUms="0" ActualScans="0" ActualLogicalReads="0" ActualPhysicalReads="0" ActualReadAheads="0" ActualLobLogicalReads="0" ActualLobPhysicalReads="0" ActualLobReadAheads="0" ActualEndOfScans="0" ActualExecutions="1" ActualExecutionMode="Batch"></RunTimeCountersPerThread><RunTimeCountersPerThread Thread="2" ActualRows="30" Batches="1" ActualElapsedms="1" ActualCPUms="0" ActualScans="0" ActualLogicalReads="0" ActualPhysicalReads="0" ActualReadAheads="0" ActualLobLogicalReads="0" ActualLobPhysicalReads="0" ActualLobReadAheads="0" ActualEndOfScans="0" ActualExecutions="1" ActualExecutionMode="Batch"></RunTimeCountersPerThread><RunTimeCountersPerThread Thread="1" ActualRows="36" Batches="1" ActualElapsedms="1" ActualCPUms="0" ActualScans="0" ActualLogicalReads="0" ActualPhysicalReads="0" ActualReadAheads="0" ActualLobLogicalReads="0" ActualLobPhysicalReads="0" ActualLobReadAheads="0" ActualEndOfScans="0" ActualExecutions="1" ActualExecutionMode="Batch"></RunTimeCountersPerThread><RunTimeCountersPerThread Thread="0" ActualRows="0" Batches="0" ActualElapsedms="0" ActualCPUms="0" ActualEndOfScans="0" ActualExecutions="0" ActualExecutionMode="Batch"></RunTimeCountersPerThread></RunTimeInformation><Hash BitmapCreator="1"><DefinedValues><DefinedValue><ColumnReference Column="Opt_Bitmap1158"></ColumnReference></DefinedValue></DefinedValues><HashKeysBuild><ColumnReference Database="[tpch]" Schema="[dbo]" Table="[nation]" Alias="[n]" Column="N_NationKey"></ColumnReference></HashKeysBuild><HashKeysProbe><ColumnReference Database="[tpch]" Schema="[dbo]" Table="[supplier]" Alias="[s]" Column="S_NationKey"></ColumnReference></HashKeysProbe><ProbeResidual><ScalarOperator ScalarString="[tpch].[dbo].[supplier].[S_NationKey] as [s].[S_NationKey]=[tpch].[dbo].[nation].[N_NationKey] as [n].[N_NationKey]"><Compare CompareOp="EQ"><ScalarOperator><Identifier><ColumnReference Database="[tpch]" Schema="[dbo]" Table="[supplier]" Alias="[s]" Column="S_NationKey"></ColumnReference></Identifier></ScalarOperator><ScalarOperator><Identifier><ColumnReference Database="[tpch]" Schema="[dbo]" Table="[nation]" Alias="[n]" Column="N_NationKey"></ColumnReference></Identifier></ScalarOperator></Compare></ScalarOperator></ProbeResidual><RelOp NodeId="14" PhysicalOp="Clustered Index Scan" LogicalOp="Clustered Index Scan" EstimateRows="1" EstimatedRowsRead="25" EstimateIO="0.003125" EstimateCPU="3.075e-05" AvgRowSize="22" EstimatedTotalSubtreeCost="0.00315575" TableCardinality="25" Parallel="1" EstimateRebinds="0" EstimateRewinds="0" EstimatedExecutionMode="Batch"><OutputList><ColumnReference Database="[tpch]" Schema="[dbo]" Table="[nation]" Alias="[n]" Column="N_NationKey"></ColumnReference></OutputList><RunTimeInformation><RunTimeCountersPerThread Thread="12" ActualRows="0" Batches="0" ActualElapsedms="0" ActualCPUms="0" ActualScans="0" ActualLogicalReads="0" ActualPhysicalReads="0" ActualReadAheads="0" ActualLobLogicalReads="0" ActualLobPhysicalReads="0" ActualLobReadAheads="0" ActualEndOfScans="0" ActualExecutions="1" ActualExecutionMode="Batch"></RunTimeCountersPerThread><RunTimeCountersPerThread Thread="11" ActualRows="0" Batches="0" ActualElapsedms="0" ActualCPUms="0" ActualScans="0" ActualLogicalReads="0" ActualPhysicalReads="0" ActualReadAheads="0" ActualLobLogicalReads="0" ActualLobPhysicalReads="0" ActualLobReadAheads="0" ActualEndOfScans="0" ActualExecutions="1" ActualExecutionMode="Batch"></RunTimeCountersPerThread><RunTimeCountersPerThread Thread="10" ActualRows="0" Batches="0" ActualElapsedms="0" ActualCPUms="0" ActualScans="0" ActualLogicalReads="0" ActualPhysicalReads="0" ActualReadAheads="0" ActualLobLogicalReads="0" ActualLobPhysicalReads="0" ActualLobReadAheads="0" ActualEndOfScans="0" ActualExecutions="1" ActualExecutionMode="Batch"></RunTimeCountersPerThread><RunTimeCountersPerThread Thread="9" ActualRows="0" Batches="0" ActualElapsedms="0" ActualCPUms="0" ActualScans="0" ActualLogicalReads="0" ActualPhysicalReads="0" ActualReadAheads="0" ActualLobLogicalReads="0" ActualLobPhysicalReads="0" ActualLobReadAheads="0" ActualEndOfScans="0" ActualExecutions="1" ActualExecutionMode="Batch"></RunTimeCountersPerThread><RunTimeCountersPerThread Thread="8" ActualRows="0" Batches="0" ActualElapsedms="0" ActualCPUms="0" ActualScans="1" ActualLogicalReads="0" ActualPhysicalReads="0" ActualReadAheads="0" ActualLobLogicalReads="0" ActualLobPhysicalReads="0" ActualLobReadAheads="0" ActualEndOfScans="0" ActualExecutions="1" ActualExecutionMode="Batch"></RunTimeCountersPerThread><RunTimeCountersPerThread Thread="7" ActualRows="0" Batches="0" ActualElapsedms="0" ActualCPUms="0" ActualScans="0" ActualLogicalReads="0" ActualPhysicalReads="0" ActualReadAheads="0" ActualLobLogicalReads="0" ActualLobPhysicalReads="0" ActualLobReadAheads="0" ActualEndOfScans="0" ActualExecutions="1" ActualExecutionMode="Batch"></RunTimeCountersPerThread><RunTimeCountersPerThread Thread="6" ActualRows="0" Batches="0" ActualElapsedms="0" ActualCPUms="0" ActualScans="0" ActualLogicalReads="0" ActualPhysicalReads="0" ActualReadAheads="0" ActualLobLogicalReads="0" ActualLobPhysicalReads="0" ActualLobReadAheads="0" ActualEndOfScans="0" ActualExecutions="1" ActualExecutionMode="Batch"></RunTimeCountersPerThread><RunTimeCountersPerThread Thread="5" ActualRows="0" Batches="0" ActualElapsedms="0" ActualCPUms="0" ActualScans="0" ActualLogicalReads="0" ActualPhysicalReads="0" ActualReadAheads="0" ActualLobLogicalReads="0" ActualLobPhysicalReads="0" ActualLobReadAheads="0" ActualEndOfScans="0" ActualExecutions="1" ActualExecutionMode="Batch"></RunTimeCountersPerThread><RunTimeCountersPerThread Thread="4" ActualRows="1" Batches="1" ActualElapsedms="0" ActualCPUms="0" ActualScans="1" ActualLogicalReads="2" ActualPhysicalReads="0" ActualReadAheads="0" ActualLobLogicalReads="0" ActualLobPhysicalReads="0" ActualLobReadAheads="0" ActualRowsRead="25" ActualEndOfScans="0" ActualExecutions="1" ActualExecutionMode="Batch"></RunTimeCountersPerThread><RunTimeCountersPerThread Thread="3" ActualRows="0" Batches="0" ActualElapsedms="0" ActualCPUms="0" ActualScans="0" ActualLogicalReads="0" ActualPhysicalReads="0" ActualReadAheads="0" ActualLobLogicalReads="0" ActualLobPhysicalReads="0" ActualLobReadAheads="0" ActualEndOfScans="0" ActualExecutions="1" ActualExecutionMode="Batch"></RunTimeCountersPerThread><RunTimeCountersPerThread Thread="2" ActualRows="0" Batches="0" ActualElapsedms="0" ActualCPUms="0" ActualScans="0" ActualLogicalReads="0" ActualPhysicalReads="0" ActualReadAheads="0" ActualLobLogicalReads="0" ActualLobPhysicalReads="0" ActualLobReadAheads="0" ActualEndOfScans="0" ActualExecutions="1" ActualExecutionMode="Batch"></RunTimeCountersPerThread><RunTimeCountersPerThread Thread="1" ActualRows="0" Batches="0" ActualElapsedms="0" ActualCPUms="0" ActualScans="0" ActualLogicalReads="0" ActualPhysicalReads="0" ActualReadAheads="0" ActualLobLogicalReads="0" ActualLobPhysicalReads="0" ActualLobReadAheads="0" ActualEndOfScans="0" ActualExecutions="1" ActualExecutionMode="Batch"></RunTimeCountersPerThread><RunTimeCountersPerThread Thread="0" ActualRows="0" Batches="0" ActualElapsedms="0" ActualCPUms="0" ActualEndOfScans="0" ActualExecutions="0" ActualExecutionMode="Batch"></RunTimeCountersPerThread></RunTimeInformation><IndexScan Ordered="0" ForcedIndex="0" ForceSeek="0" ForceScan="0" NoExpandHint="0" Storage="RowStore"><DefinedValues><DefinedValue><ColumnReference Database="[tpch]" Schema="[dbo]" Table="[nation]" Alias="[n]" Column="N_NationKey"></ColumnReference></DefinedValue></DefinedValues><Object Database="[tpch]" Schema="[dbo]" Table="[nation]" Index="[PK__nation__BD377952AE350C6C]" Alias="[n]" TableReferenceId="2" IndexKind="Clustered" Storage="RowStore"></Object><Predicate><ScalarOperator ScalarString="[tpch].[dbo].[nation].[N_Name] as [n].[N_Name]=&apos;GERMANY&apos;"><Compare CompareOp="EQ"><ScalarOperator><Identifier><ColumnReference Database="[tpch]" Schema="[dbo]" Table="[nation]" Alias="[n]" Column="N_Name"></ColumnReference></Identifier></ScalarOperator><ScalarOperator><Const ConstValue="&apos;GERMANY&apos;"></Const></ScalarOperator></Compare></ScalarOperator></Predicate></IndexScan></RelOp><RelOp NodeId="16" PhysicalOp="Clustered Index Scan" LogicalOp="Clustered Index Scan" EstimateRows="1000" EstimatedRowsRead="10000" EstimateIO="0.147569" EstimateCPU="0.00185783" AvgRowSize="37" EstimatedTotalSubtreeCost="0.149427" TableCardinality="10000" Parallel="1" EstimateRebinds="0" EstimateRewinds="0" EstimatedExecutionMode="Batch"><OutputList><ColumnReference Database="[tpch]" Schema="[dbo]" Table="[supplier]" Alias="[s]" Column="S_SuppKey"></ColumnReference><ColumnReference Database="[tpch]" Schema="[dbo]" Table="[supplier]" Alias="[s]" Column="S_Name"></ColumnReference><ColumnReference Database="[tpch]" Schema="[dbo]" Table="[supplier]" Alias="[s]" Column="S_NationKey"></ColumnReference></OutputList><RunTimeInformation><RunTimeCountersPerThread Thread="12" ActualRows="29" Batches="1" ActualElapsedms="2" ActualCPUms="0" ActualScans="1" ActualLogicalReads="51" ActualPhysicalReads="0" ActualReadAheads="0" ActualLobLogicalReads="0" ActualLobPhysicalReads="0" ActualLobReadAheads="0" ActualRowsRead="864" ActualEndOfScans="0" ActualExecutions="1" ActualExecutionMode="Batch"></RunTimeCountersPerThread><RunTimeCountersPerThread Thread="11" ActualRows="35" Batches="1" ActualElapsedms="2" ActualCPUms="0" ActualScans="1" ActualLogicalReads="51" ActualPhysicalReads="0" ActualReadAheads="0" ActualLobLogicalReads="0" ActualLobPhysicalReads="0" ActualLobReadAheads="0" ActualRowsRead="868" ActualEndOfScans="0" ActualExecutions="1" ActualExecutionMode="Batch"></RunTimeCountersPerThread><RunTimeCountersPerThread Thread="10" ActualRows="42" Batches="1" ActualElapsedms="2" ActualCPUms="0" ActualScans="1" ActualLogicalReads="48" ActualPhysicalReads="0" ActualReadAheads="0" ActualLobLogicalReads="0" ActualLobPhysicalReads="0" ActualLobReadAheads="0" ActualRowsRead="823" ActualEndOfScans="0" ActualExecutions="1" ActualExecutionMode="Batch"></RunTimeCountersPerThread><RunTimeCountersPerThread Thread="9" ActualRows="37" Batches="1" ActualElapsedms="2" ActualCPUms="0" ActualScans="1" ActualLogicalReads="48" ActualPhysicalReads="0" ActualReadAheads="0" ActualLobLogicalReads="0" ActualLobPhysicalReads="0" ActualLobReadAheads="0" ActualRowsRead="820" ActualEndOfScans="0" ActualExecutions="1" ActualExecutionMode="Batch"></RunTimeCountersPerThread><RunTimeCountersPerThread Thread="8" ActualRows="32" Batches="1" ActualElapsedms="2" ActualCPUms="0" ActualScans="1" ActualLogicalReads="48" ActualPhysicalReads="0" ActualReadAheads="0" ActualLobLogicalReads="0" ActualLobPhysicalReads="0" ActualLobReadAheads="0" ActualRowsRead="819" ActualEndOfScans="0" ActualExecutions="1" ActualExecutionMode="Batch"></RunTimeCountersPerThread><RunTimeCountersPerThread Thread="7" ActualRows="24" Batches="1" ActualElapsedms="2" ActualCPUms="0" ActualScans="1" ActualLogicalReads="48" ActualPhysicalReads="0" ActualReadAheads="0" ActualLobLogicalReads="0" ActualLobPhysicalReads="0" ActualLobReadAheads="0" ActualRowsRead="823" ActualEndOfScans="0" ActualExecutions="1" ActualExecutionMode="Batch"></RunTimeCountersPerThread><RunTimeCountersPerThread Thread="6" ActualRows="32" Batches="1" ActualElapsedms="2" ActualCPUms="0" ActualScans="1" ActualLogicalReads="50" ActualPhysicalReads="0" ActualReadAheads="0" ActualLobLogicalReads="0" ActualLobPhysicalReads="0" ActualLobReadAheads="0" ActualRowsRead="839" ActualEndOfScans="0" ActualExecutions="1" ActualExecutionMode="Batch"></RunTimeCountersPerThread><RunTimeCountersPerThread Thread="5" ActualRows="36" Batches="1" ActualElapsedms="2" ActualCPUms="0" ActualScans="1" ActualLogicalReads="51" ActualPhysicalReads="0" ActualReadAheads="0" ActualLobLogicalReads="0" ActualLobPhysicalReads="0" ActualLobReadAheads="0" ActualRowsRead="863" ActualEndOfScans="0" ActualExecutions="1" ActualExecutionMode="Batch"></RunTimeCountersPerThread><RunTimeCountersPerThread Thread="4" ActualRows="27" Batches="1" ActualElapsedms="2" ActualCPUms="0" ActualScans="1" ActualLogicalReads="48" ActualPhysicalReads="0" ActualReadAheads="0" ActualLobLogicalReads="0" ActualLobPhysicalReads="0" ActualLobReadAheads="0" ActualRowsRead="823" ActualEndOfScans="0" ActualExecutions="1" ActualExecutionMode="Batch"></RunTimeCountersPerThread><RunTimeCountersPerThread Thread="3" ActualRows="36" Batches="1" ActualElapsedms="2" ActualCPUms="0" ActualScans="1" ActualLogicalReads="48" ActualPhysicalReads="0" ActualReadAheads="0" ActualLobLogicalReads="0" ActualLobPhysicalReads="0" ActualLobReadAheads="0" ActualRowsRead="820" ActualEndOfScans="0" ActualExecutions="1" ActualExecutionMode="Batch"></RunTimeCountersPerThread><RunTimeCountersPerThread Thread="2" ActualRows="30" Batches="1" ActualElapsedms="2" ActualCPUms="0" ActualScans="1" ActualLogicalReads="48" ActualPhysicalReads="0" ActualReadAheads="0" ActualLobLogicalReads="0" ActualLobPhysicalReads="0" ActualLobReadAheads="0" ActualRowsRead="822" ActualEndOfScans="0" ActualExecutions="1" ActualExecutionMode="Batch"></RunTimeCountersPerThread><RunTimeCountersPerThread Thread="1" ActualRows="36" Batches="1" ActualElapsedms="2" ActualCPUms="0" ActualScans="1" ActualLogicalReads="48" ActualPhysicalReads="0" ActualReadAheads="0" ActualLobLogicalReads="0" ActualLobPhysicalReads="0" ActualLobReadAheads="0" ActualRowsRead="816" ActualEndOfScans="0" ActualExecutions="1" ActualExecutionMode="Batch"></RunTimeCountersPerThread><RunTimeCountersPerThread Thread="0" ActualRows="0" Batches="0" ActualElapsedms="0" ActualCPUms="0" ActualEndOfScans="0" ActualExecutions="0" ActualExecutionMode="Batch"></RunTimeCountersPerThread></RunTimeInformation><IndexScan Ordered="0" ForcedIndex="0" ForceSeek="0" ForceScan="0" NoExpandHint="0" Storage="RowStore"><DefinedValues><DefinedValue><ColumnReference Database="[tpch]" Schema="[dbo]" Table="[supplier]" Alias="[s]" Column="S_SuppKey"></ColumnReference></DefinedValue><DefinedValue><ColumnReference Database="[tpch]" Schema="[dbo]" Table="[supplier]" Alias="[s]" Column="S_Name"></ColumnReference></DefinedValue><DefinedValue><ColumnReference Database="[tpch]" Schema="[dbo]" Table="[supplier]" Alias="[s]" Column="S_NationKey"></ColumnReference></DefinedValue></DefinedValues><Object Database="[tpch]" Schema="[dbo]" Table="[supplier]" Index="[PK__supplier__C9D8C8B7B058A0BD]" Alias="[s]" IndexKind="Clustered" Storage="RowStore"></Object><Predicate><ScalarOperator ScalarString="PROBE([Opt_Bitmap1158],[tpch].[dbo].[supplier].[S_NationKey] as [s].[S_NationKey])"><Intrinsic FunctionName="PROBE"><ScalarOperator><Identifier><ColumnReference Column="Opt_Bitmap1158"></ColumnReference></Identifier></ScalarOperator><ScalarOperator><Identifier><ColumnReference Database="[tpch]" Schema="[dbo]" Table="[supplier]" Alias="[s]" Column="S_NationKey"></ColumnReference></Identifier></ScalarOperator></Intrinsic></ScalarOperator></Predicate></IndexScan></RelOp></Hash></RelOp><RelOp NodeId="18" PhysicalOp="Index Scan" LogicalOp="Index Scan" EstimateRows="180036" EstimatedRowsRead="6.00122e+06" EstimateIO="75.1876" EstimateCPU="1.09925" AvgRowSize="39" EstimatedTotalSubtreeCost="31.0572" TableCardinality="6.00122e+06" Parallel="1" EstimateRebinds="0" EstimateRewinds="0" EstimatedExecutionMode="Batch"><OutputList><ColumnReference Database="[tpch]" Schema="[dbo]" Table="[lineitem]" Alias="[l1]" Column="L_OrderKey"></ColumnReference><ColumnReference Database="[tpch]" Schema="[dbo]" Table="[lineitem]" Alias="[l1]" Column="L_PartKey"></ColumnReference><ColumnReference Database="[tpch]" Schema="[dbo]" Table="[lineitem]" Alias="[l1]" Column="L_SuppKey"></ColumnReference><ColumnReference Database="[tpch]" Schema="[dbo]" Table="[lineitem]" Alias="[l1]" Column="L_Quantity"></ColumnReference></OutputList><RunTimeInformation><RunTimeCountersPerThread Thread="12" ActualRows="0" Batches="0" ActualElapsedms="0" ActualCPUms="0" ActualScans="0" ActualLogicalReads="0" ActualPhysicalReads="0" ActualReadAheads="0" ActualLobLogicalReads="0" ActualLobPhysicalReads="0" ActualLobReadAheads="0" ActualEndOfScans="0" ActualExecutions="0" ActualExecutionMode="Row"></RunTimeCountersPerThread><RunTimeCountersPerThread Thread="11" ActualRows="0" Batches="0" ActualElapsedms="0" ActualCPUms="0" ActualScans="0" ActualLogicalReads="0" ActualPhysicalReads="0" ActualReadAheads="0" ActualLobLogicalReads="0" ActualLobPhysicalReads="0" ActualLobReadAheads="0" ActualEndOfScans="0" ActualExecutions="0" ActualExecutionMode="Row"></RunTimeCountersPerThread><RunTimeCountersPerThread Thread="10" ActualRows="0" Batches="0" ActualElapsedms="0" ActualCPUms="0" ActualScans="0" ActualLogicalReads="0" ActualPhysicalReads="0" ActualReadAheads="0" ActualLobLogicalReads="0" ActualLobPhysicalReads="0" ActualLobReadAheads="0" ActualEndOfScans="0" ActualExecutions="0" ActualExecutionMode="Row"></RunTimeCountersPerThread><RunTimeCountersPerThread Thread="9" ActualRows="0" Batches="0" ActualElapsedms="0" ActualCPUms="0" ActualScans="0" ActualLogicalReads="0" ActualPhysicalReads="0" ActualReadAheads="0" ActualLobLogicalReads="0" ActualLobPhysicalReads="0" ActualLobReadAheads="0" ActualEndOfScans="0" ActualExecutions="0" ActualExecutionMode="Row"></RunTimeCountersPerThread><RunTimeCountersPerThread Thread="8" ActualRows="0" Batches="0" ActualElapsedms="0" ActualCPUms="0" ActualScans="0" ActualLogicalReads="0" ActualPhysicalReads="0" ActualReadAheads="0" ActualLobLogicalReads="0" ActualLobPhysicalReads="0" ActualLobReadAheads="0" ActualEndOfScans="0" ActualExecutions="0" ActualExecutionMode="Row"></RunTimeCountersPerThread><RunTimeCountersPerThread Thread="7" ActualRows="0" Batches="0" ActualElapsedms="0" ActualCPUms="0" ActualScans="0" ActualLogicalReads="0" ActualPhysicalReads="0" ActualReadAheads="0" ActualLobLogicalReads="0" ActualLobPhysicalReads="0" ActualLobReadAheads="0" ActualEndOfScans="0" ActualExecutions="0" ActualExecutionMode="Row"></RunTimeCountersPerThread><RunTimeCountersPerThread Thread="6" ActualRows="0" Batches="0" ActualElapsedms="0" ActualCPUms="0" ActualScans="0" ActualLogicalReads="0" ActualPhysicalReads="0" ActualReadAheads="0" ActualLobLogicalReads="0" ActualLobPhysicalReads="0" ActualLobReadAheads="0" ActualEndOfScans="0" ActualExecutions="0" ActualExecutionMode="Row"></RunTimeCountersPerThread><RunTimeCountersPerThread Thread="5" ActualRows="0" Batches="0" ActualElapsedms="0" ActualCPUms="0" ActualScans="0" ActualLogicalReads="0" ActualPhysicalReads="0" ActualReadAheads="0" ActualLobLogicalReads="0" ActualLobPhysicalReads="0" ActualLobReadAheads="0" ActualEndOfScans="0" ActualExecutions="0" ActualExecutionMode="Row"></RunTimeCountersPerThread><RunTimeCountersPerThread Thread="4" ActualRows="0" Batches="0" ActualElapsedms="0" ActualCPUms="0" ActualScans="0" ActualLogicalReads="0" ActualPhysicalReads="0" ActualReadAheads="0" ActualLobLogicalReads="0" ActualLobPhysicalReads="0" ActualLobReadAheads="0" ActualEndOfScans="0" ActualExecutions="0" ActualExecutionMode="Row"></RunTimeCountersPerThread><RunTimeCountersPerThread Thread="3" ActualRows="0" Batches="0" ActualElapsedms="0" ActualCPUms="0" ActualScans="0" ActualLogicalReads="0" ActualPhysicalReads="0" ActualReadAheads="0" ActualLobLogicalReads="0" ActualLobPhysicalReads="0" ActualLobReadAheads="0" ActualEndOfScans="0" ActualExecutions="0" ActualExecutionMode="Row"></RunTimeCountersPerThread><RunTimeCountersPerThread Thread="2" ActualRows="0" Batches="0" ActualElapsedms="0" ActualCPUms="0" ActualScans="0" ActualLogicalReads="0" ActualPhysicalReads="0" ActualReadAheads="0" ActualLobLogicalReads="0" ActualLobPhysicalReads="0" ActualLobReadAheads="0" ActualEndOfScans="0" ActualExecutions="0" ActualExecutionMode="Row"></RunTimeCountersPerThread><RunTimeCountersPerThread Thread="1" ActualRows="0" Batches="0" ActualElapsedms="0" ActualCPUms="0" ActualScans="0" ActualLogicalReads="0" ActualPhysicalReads="0" ActualReadAheads="0" ActualLobLogicalReads="0" ActualLobPhysicalReads="0" ActualLobReadAheads="0" ActualEndOfScans="0" ActualExecutions="0" ActualExecutionMode="Row"></RunTimeCountersPerThread><RunTimeCountersPerThread Thread="0" ActualRows="0" Batches="0" ActualElapsedms="0" ActualCPUms="0" ActualEndOfScans="0" ActualExecutions="0" ActualExecutionMode="Row"></RunTimeCountersPerThread></RunTimeInformation><IndexScan Ordered="0" ForcedIndex="0" ForceSeek="0" ForceScan="0" NoExpandHint="0" Storage="RowStore"><DefinedValues><DefinedValue><ColumnReference Database="[tpch]" Schema="[dbo]" Table="[lineitem]" Alias="[l1]" Column="L_OrderKey"></ColumnReference></DefinedValue><DefinedValue><ColumnReference Database="[tpch]" Schema="[dbo]" Table="[lineitem]" Alias="[l1]" Column="L_PartKey"></ColumnReference></DefinedValue><DefinedValue><ColumnReference Database="[tpch]" Schema="[dbo]" Table="[lineitem]" Alias="[l1]" Column="L_SuppKey"></ColumnReference></DefinedValue><DefinedValue><ColumnReference Database="[tpch]" Schema="[dbo]" Table="[lineitem]" Alias="[l1]" Column="L_Quantity"></ColumnReference></DefinedValue></DefinedValues><Object Database="[tpch]" Schema="[dbo]" Table="[lineitem]" Index="[p40_idx]" Alias="[l1]" IndexKind="NonClustered" Storage="RowStore"></Object><Predicate><ScalarOperator ScalarString="[tpch].[dbo].[lineitem].[L_ReceiptDate] as [l1].[L_ReceiptDate]&gt;[tpch].[dbo].[lineitem].[L_CommitDate] as [l1].[L_CommitDate] AND PROBE([Opt_Bitmap1247],[tpch].[dbo].[lineitem].[L_SuppKey] as [l1].[L_SuppKey])"><Logical Operation="AND"><ScalarOperator><Compare CompareOp="GT"><ScalarOperator><Identifier><ColumnReference Database="[tpch]" Schema="[dbo]" Table="[lineitem]" Alias="[l1]" Column="L_ReceiptDate"></ColumnReference></Identifier></ScalarOperator><ScalarOperator><Identifier><ColumnReference Database="[tpch]" Schema="[dbo]" Table="[lineitem]" Alias="[l1]" Column="L_CommitDate"></ColumnReference></Identifier></ScalarOperator></Compare></ScalarOperator><ScalarOperator><Intrinsic FunctionName="PROBE"><ScalarOperator><Identifier><ColumnReference Column="Opt_Bitmap1247"></ColumnReference></Identifier></ScalarOperator><ScalarOperator><Identifier><ColumnReference Database="[tpch]" Schema="[dbo]" Table="[lineitem]" Alias="[l1]" Column="L_SuppKey"></ColumnReference></Identifier></ScalarOperator></Intrinsic></ScalarOperator></Logical></ScalarOperator></Predicate></IndexScan></RelOp><RelOp NodeId="22" PhysicalOp="Index Seek" LogicalOp="Index Seek" EstimateRows="180.036" EstimatedRowsRead="600.121" EstimateIO="0.0105324" EstimateCPU="0.000817134" AvgRowSize="39" EstimatedTotalSubtreeCost="4.52106" TableCardinality="6.00122e+06" Parallel="1" EstimateRebinds="399" EstimateRewinds="0" EstimatedExecutionMode="Row"><OutputList><ColumnReference Database="[tpch]" Schema="[dbo]" Table="[lineitem]" Alias="[l1]" Column="L_OrderKey"></ColumnReference><ColumnReference Database="[tpch]" Schema="[dbo]" Table="[lineitem]" Alias="[l1]" Column="L_PartKey"></ColumnReference><ColumnReference Database="[tpch]" Schema="[dbo]" Table="[lineitem]" Alias="[l1]" Column="L_SuppKey"></ColumnReference><ColumnReference Database="[tpch]" Schema="[dbo]" Table="[lineitem]" Alias="[l1]" Column="L_Quantity"></ColumnReference></OutputList><RunTimeInformation><RunTimeCountersPerThread Thread="12" ActualRows="10031" Batches="0" ActualElapsedms="3" ActualCPUms="3" ActualScans="26" ActualLogicalReads="372" ActualPhysicalReads="0" ActualReadAheads="0" ActualLobLogicalReads="0" ActualLobPhysicalReads="0" ActualLobReadAheads="0" ActualRowsRead="15700" ActualEndOfScans="26" ActualExecutions="26" ActualExecutionMode="Row"></RunTimeCountersPerThread><RunTimeCountersPerThread Thread="11" ActualRows="9178" Batches="0" ActualElapsedms="6" ActualCPUms="6" ActualScans="24" ActualLogicalReads="346" ActualPhysicalReads="0" ActualReadAheads="0" ActualLobLogicalReads="0" ActualLobPhysicalReads="0" ActualLobReadAheads="0" ActualRowsRead="14569" ActualEndOfScans="24" ActualExecutions="24" ActualExecutionMode="Row"></RunTimeCountersPerThread><RunTimeCountersPerThread Thread="10" ActualRows="12227" Batches="0" ActualElapsedms="4" ActualCPUms="4" ActualScans="32" ActualLogicalReads="454" ActualPhysicalReads="0" ActualReadAheads="0" ActualLobLogicalReads="0" ActualLobPhysicalReads="0" ActualLobReadAheads="0" ActualRowsRead="19218" ActualEndOfScans="32" ActualExecutions="32" ActualExecutionMode="Row"></RunTimeCountersPerThread><RunTimeCountersPerThread Thread="9" ActualRows="0" Batches="0" ActualElapsedms="0" ActualCPUms="0" ActualScans="0" ActualLogicalReads="0" ActualPhysicalReads="0" ActualReadAheads="0" ActualLobLogicalReads="0" ActualLobPhysicalReads="0" ActualLobReadAheads="0" ActualEndOfScans="0" ActualExecutions="0" ActualExecutionMode="Row"></RunTimeCountersPerThread><RunTimeCountersPerThread Thread="8" ActualRows="10169" Batches="0" ActualElapsedms="3" ActualCPUms="3" ActualScans="27" ActualLogicalReads="385" ActualPhysicalReads="0" ActualReadAheads="0" ActualLobLogicalReads="0" ActualLobPhysicalReads="0" ActualLobReadAheads="0" ActualRowsRead="16203" ActualEndOfScans="27" ActualExecutions="27" ActualExecutionMode="Row"></RunTimeCountersPerThread><RunTimeCountersPerThread Thread="7" ActualRows="14191" Batches="0" ActualElapsedms="4" ActualCPUms="4" ActualScans="37" ActualLogicalReads="525" ActualPhysicalReads="0" ActualReadAheads="0" ActualLobLogicalReads="0" ActualLobPhysicalReads="0" ActualLobReadAheads="0" ActualRowsRead="22478" ActualEndOfScans="37" ActualExecutions="37" ActualExecutionMode="Row"></RunTimeCountersPerThread><RunTimeCountersPerThread Thread="6" ActualRows="15166" Batches="0" ActualElapsedms="4" ActualCPUms="4" ActualScans="40" ActualLogicalReads="571" ActualPhysicalReads="0" ActualReadAheads="0" ActualLobLogicalReads="0" ActualLobPhysicalReads="0" ActualLobReadAheads="0" ActualRowsRead="24060" ActualEndOfScans="40" ActualExecutions="40" ActualExecutionMode="Row"></RunTimeCountersPerThread><RunTimeCountersPerThread Thread="5" ActualRows="28449" Batches="0" ActualElapsedms="8" ActualCPUms="8" ActualScans="74" ActualLogicalReads="1047" ActualPhysicalReads="0" ActualReadAheads="0" ActualLobLogicalReads="0" ActualLobPhysicalReads="0" ActualLobReadAheads="0" ActualRowsRead="44665" ActualEndOfScans="74" ActualExecutions="74" ActualExecutionMode="Row"></RunTimeCountersPerThread><RunTimeCountersPerThread Thread="4" ActualRows="13573" Batches="0" ActualElapsedms="6" ActualCPUms="6" ActualScans="36" ActualLogicalReads="512" ActualPhysicalReads="0" ActualReadAheads="0" ActualLobLogicalReads="0" ActualLobPhysicalReads="0" ActualLobReadAheads="0" ActualRowsRead="21641" ActualEndOfScans="36" ActualExecutions="36" ActualExecutionMode="Row"></RunTimeCountersPerThread><RunTimeCountersPerThread Thread="3" ActualRows="13278" Batches="0" ActualElapsedms="4" ActualCPUms="4" ActualScans="35" ActualLogicalReads="496" ActualPhysicalReads="0" ActualReadAheads="0" ActualLobLogicalReads="0" ActualLobPhysicalReads="0" ActualLobReadAheads="0" ActualRowsRead="20941" ActualEndOfScans="35" ActualExecutions="35" ActualExecutionMode="Row"></RunTimeCountersPerThread><RunTimeCountersPerThread Thread="2" ActualRows="12102" Batches="0" ActualElapsedms="3" ActualCPUms="3" ActualScans="32" ActualLogicalReads="449" ActualPhysicalReads="0" ActualReadAheads="0" ActualLobLogicalReads="0" ActualLobPhysicalReads="0" ActualLobReadAheads="0" ActualRowsRead="19028" ActualEndOfScans="32" ActualExecutions="32" ActualExecutionMode="Row"></RunTimeCountersPerThread><RunTimeCountersPerThread Thread="1" ActualRows="12430" Batches="0" ActualElapsedms="6" ActualCPUms="6" ActualScans="33" ActualLogicalReads="468" ActualPhysicalReads="0" ActualReadAheads="0" ActualLobLogicalReads="0" ActualLobPhysicalReads="0" ActualLobReadAheads="0" ActualRowsRead="19701" ActualEndOfScans="33" ActualExecutions="33" ActualExecutionMode="Row"></RunTimeCountersPerThread><RunTimeCountersPerThread Thread="0" ActualRows="0" Batches="0" ActualElapsedms="0" ActualCPUms="0" ActualScans="0" ActualLogicalReads="0" ActualPhysicalReads="0" ActualReadAheads="0" ActualLobLogicalReads="0" ActualLobPhysicalReads="0" ActualLobReadAheads="0" ActualEndOfScans="0" ActualExecutions="0" ActualExecutionMode="Row"></RunTimeCountersPerThread></RunTimeInformation><IndexScan Ordered="1" ScanDirection="FORWARD" ForcedIndex="0" ForceSeek="0" ForceScan="0" NoExpandHint="0" Storage="RowStore"><DefinedValues><DefinedValue><ColumnReference Database="[tpch]" Schema="[dbo]" Table="[lineitem]" Alias="[l1]" Column="L_OrderKey"></ColumnReference></DefinedValue><DefinedValue><ColumnReference Database="[tpch]" Schema="[dbo]" Table="[lineitem]" Alias="[l1]" Column="L_PartKey"></ColumnReference></DefinedValue><DefinedValue><ColumnReference Database="[tpch]" Schema="[dbo]" Table="[lineitem]" Alias="[l1]" Column="L_SuppKey"></ColumnReference></DefinedValue><DefinedValue><ColumnReference Database="[tpch]" Schema="[dbo]" Table="[lineitem]" Alias="[l1]" Column="L_Quantity"></ColumnReference></DefinedValue></DefinedValues><Object Database="[tpch]" Schema="[dbo]" Table="[lineitem]" Index="[p40_idx]" Alias="[l1]" IndexKind="NonClustered" Storage="RowStore"></Object><SeekPredicates><SeekPredicateNew><SeekKeys><Prefix ScanType="EQ"><RangeColumns><ColumnReference Database="[tpch]" Schema="[dbo]" Table="[lineitem]" Alias="[l1]" Column="L_SuppKey"></ColumnReference></RangeColumns><RangeExpressions><ScalarOperator ScalarString="[tpch].[dbo].[supplier].[S_SuppKey] as [s].[S_SuppKey]"><Identifier><ColumnReference Database="[tpch]" Schema="[dbo]" Table="[supplier]" Alias="[s]" Column="S_SuppKey"></ColumnReference></Identifier></ScalarOperator></RangeExpressions></Prefix></SeekKeys></SeekPredicateNew></SeekPredicates><Predicate><ScalarOperator ScalarString="[tpch].[dbo].[lineitem].[L_ReceiptDate] as [l1].[L_ReceiptDate]&gt;[tpch].[dbo].[lineitem].[L_CommitDate] as [l1].[L_CommitDate]"><Compare CompareOp="GT"><ScalarOperator><Identifier><ColumnReference Database="[tpch]" Schema="[dbo]" Table="[lineitem]" Alias="[l1]" Column="L_ReceiptDate"></ColumnReference></Identifier></ScalarOperator><ScalarOperator><Identifier><ColumnReference Database="[tpch]" Schema="[dbo]" Table="[lineitem]" Alias="[l1]" Column="L_CommitDate"></ColumnReference></Identifier></ScalarOperator></Compare></ScalarOperator></Predicate></IndexScan></RelOp></AdaptiveJoin></RelOp><RelOp NodeId="24" PhysicalOp="Clustered Index Scan" LogicalOp="Clustered Index Scan" EstimateRows="72870.4" EstimatedRowsRead="1.5e+06" EstimateIO="16.8676" EstimateCPU="0.274776" AvgRowSize="16" EstimatedTotalSubtreeCost="17.1423" TableCardinality="1.5e+06" Parallel="1" EstimateRebinds="0" EstimateRewinds="0" EstimatedExecutionMode="Batch"><OutputList><ColumnReference Database="[tpch]" Schema="[dbo]" Table="[orders]" Alias="[o]" Column="O_OrderKey"></ColumnReference></OutputList><RunTimeInformation><RunTimeCountersPerThread Thread="12" ActualRows="7581" Batches="18" ActualElapsedms="11" ActualCPUms="11" ActualScans="1" ActualLogicalReads="2567" ActualPhysicalReads="0" ActualReadAheads="0" ActualLobLogicalReads="0" ActualLobPhysicalReads="0" ActualLobReadAheads="0" ActualRowsRead="167073" ActualEndOfScans="0" ActualExecutions="1" ActualExecutionMode="Batch"></RunTimeCountersPerThread><RunTimeCountersPerThread Thread="11" ActualRows="6038" Batches="17" ActualElapsedms="12" ActualCPUms="12" ActualScans="1" ActualLogicalReads="2000" ActualPhysicalReads="0" ActualReadAheads="0" ActualLobLogicalReads="0" ActualLobPhysicalReads="0" ActualLobReadAheads="0" ActualRowsRead="130152" ActualEndOfScans="0" ActualExecutions="1" ActualExecutionMode="Batch"></RunTimeCountersPerThread><RunTimeCountersPerThread Thread="10" ActualRows="5954" Batches="17" ActualElapsedms="11" ActualCPUms="11" ActualScans="1" ActualLogicalReads="1968" ActualPhysicalReads="0" ActualReadAheads="0" ActualLobLogicalReads="0" ActualLobPhysicalReads="0" ActualLobReadAheads="0" ActualRowsRead="128351" ActualEndOfScans="0" ActualExecutions="1" ActualExecutionMode="Batch"></RunTimeCountersPerThread><RunTimeCountersPerThread Thread="9" ActualRows="6082" Batches="17" ActualElapsedms="14" ActualCPUms="13" ActualScans="1" ActualLogicalReads="2024" ActualPhysicalReads="0" ActualReadAheads="0" ActualLobLogicalReads="0" ActualLobPhysicalReads="0" ActualLobReadAheads="0" ActualRowsRead="132062" ActualEndOfScans="0" ActualExecutions="1" ActualExecutionMode="Batch"></RunTimeCountersPerThread><RunTimeCountersPerThread Thread="8" ActualRows="5897" Batches="17" ActualElapsedms="10" ActualCPUms="10" ActualScans="1" ActualLogicalReads="1932" ActualPhysicalReads="0" ActualReadAheads="0" ActualLobLogicalReads="0" ActualLobPhysicalReads="0" ActualLobReadAheads="0" ActualRowsRead="125855" ActualEndOfScans="0" ActualExecutions="1" ActualExecutionMode="Batch"></RunTimeCountersPerThread><RunTimeCountersPerThread Thread="7" ActualRows="5758" Batches="16" ActualElapsedms="13" ActualCPUms="13" ActualScans="1" ActualLogicalReads="1881" ActualPhysicalReads="0" ActualReadAheads="0" ActualLobLogicalReads="0" ActualLobPhysicalReads="0" ActualLobReadAheads="0" ActualRowsRead="122994" ActualEndOfScans="0" ActualExecutions="1" ActualExecutionMode="Batch"></RunTimeCountersPerThread><RunTimeCountersPerThread Thread="6" ActualRows="5741" Batches="16" ActualElapsedms="13" ActualCPUms="13" ActualScans="1" ActualLogicalReads="1881" ActualPhysicalReads="0" ActualReadAheads="0" ActualLobLogicalReads="0" ActualLobPhysicalReads="0" ActualLobReadAheads="0" ActualRowsRead="122986" ActualEndOfScans="0" ActualExecutions="1" ActualExecutionMode="Batch"></RunTimeCountersPerThread><RunTimeCountersPerThread Thread="5" ActualRows="5668" Batches="16" ActualElapsedms="13" ActualCPUms="13" ActualScans="1" ActualLogicalReads="1881" ActualPhysicalReads="0" ActualReadAheads="0" ActualLobLogicalReads="0" ActualLobPhysicalReads="0" ActualLobReadAheads="0" ActualRowsRead="123017" ActualEndOfScans="0" ActualExecutions="1" ActualExecutionMode="Batch"></RunTimeCountersPerThread><RunTimeCountersPerThread Thread="4" ActualRows="5953" Batches="17" ActualElapsedms="12" ActualCPUms="12" ActualScans="1" ActualLogicalReads="1968" ActualPhysicalReads="0" ActualReadAheads="0" ActualLobLogicalReads="0" ActualLobPhysicalReads="0" ActualLobReadAheads="0" ActualRowsRead="128309" ActualEndOfScans="0" ActualExecutions="1" ActualExecutionMode="Batch"></RunTimeCountersPerThread><RunTimeCountersPerThread Thread="3" ActualRows="5679" Batches="16" ActualElapsedms="13" ActualCPUms="12" ActualScans="1" ActualLogicalReads="1881" ActualPhysicalReads="0" ActualReadAheads="0" ActualLobLogicalReads="0" ActualLobPhysicalReads="0" ActualLobReadAheads="0" ActualRowsRead="122970" ActualEndOfScans="0" ActualExecutions="1" ActualExecutionMode="Batch"></RunTimeCountersPerThread><RunTimeCountersPerThread Thread="2" ActualRows="3888" Batches="14" ActualElapsedms="8" ActualCPUms="8" ActualScans="1" ActualLogicalReads="1254" ActualPhysicalReads="0" ActualReadAheads="0" ActualLobLogicalReads="0" ActualLobPhysicalReads="0" ActualLobReadAheads="0" ActualRowsRead="81986" ActualEndOfScans="0" ActualExecutions="1" ActualExecutionMode="Batch"></RunTimeCountersPerThread><RunTimeCountersPerThread Thread="1" ActualRows="5292" Batches="16" ActualElapsedms="9" ActualCPUms="9" ActualScans="1" ActualLogicalReads="1749" ActualPhysicalReads="0" ActualReadAheads="0" ActualLobLogicalReads="0" ActualLobPhysicalReads="0" ActualLobReadAheads="0" ActualRowsRead="114245" ActualEndOfScans="0" ActualExecutions="1" ActualExecutionMode="Batch"></RunTimeCountersPerThread><RunTimeCountersPerThread Thread="0" ActualRows="0" Batches="0" ActualElapsedms="0" ActualCPUms="0" ActualEndOfScans="0" ActualExecutions="0" ActualExecutionMode="Batch"></RunTimeCountersPerThread></RunTimeInformation><IndexScan Ordered="0" ForcedIndex="0" ForceSeek="0" ForceScan="0" NoExpandHint="0" Storage="RowStore"><DefinedValues><DefinedValue><ColumnReference Database="[tpch]" Schema="[dbo]" Table="[orders]" Alias="[o]" Column="O_OrderKey"></ColumnReference></DefinedValue></DefinedValues><Object Database="[tpch]" Schema="[dbo]" Table="[orders]" Index="[PK__orders__0F8A1252147E7971]" Alias="[o]" TableReferenceId="2" IndexKind="Clustered" Storage="RowStore"></Object><Predicate><ScalarOperator ScalarString="[tpch].[dbo].[orders].[O_OrderStatus] as [o].[O_OrderStatus]=&apos;F&apos; AND PROBE([Opt_Bitmap1230],[tpch].[dbo].[orders].[O_OrderKey] as [o].[O_OrderKey])"><Logical Operation="AND"><ScalarOperator><Compare CompareOp="EQ"><ScalarOperator><Identifier><ColumnReference Database="[tpch]" Schema="[dbo]" Table="[orders]" Alias="[o]" Column="O_OrderStatus"></ColumnReference></Identifier></ScalarOperator><ScalarOperator><Const ConstValue="&apos;F&apos;"></Const></ScalarOperator></Compare></ScalarOperator><ScalarOperator><Intrinsic FunctionName="PROBE"><ScalarOperator><Identifier><ColumnReference Column="Opt_Bitmap1230"></ColumnReference></Identifier></ScalarOperator><ScalarOperator><Identifier><ColumnReference Database="[tpch]" Schema="[dbo]" Table="[orders]" Alias="[o]" Column="O_OrderKey"></ColumnReference></Identifier></ScalarOperator></Intrinsic></ScalarOperator></Logical></ScalarOperator></Predicate></IndexScan></RelOp><RelOp NodeId="28" PhysicalOp="Clustered Index Seek" LogicalOp="Clustered Index Seek" EstimateRows="1" EstimatedRowsRead="1" EstimateIO="0.003125" EstimateCPU="0.0001581" AvgRowSize="12" EstimatedTotalSubtreeCost="31.0572" TableCardinality="1.5e+06" Parallel="1" EstimateRebinds="72013.6" EstimateRewinds="0.0181855" EstimatedExecutionMode="Row"><OutputList></OutputList><RunTimeInformation><RunTimeCountersPerThread Thread="12" ActualRows="0" Batches="0" ActualElapsedms="0" ActualCPUms="0" ActualScans="0" ActualLogicalReads="0" ActualPhysicalReads="0" ActualReadAheads="0" ActualLobLogicalReads="0" ActualLobPhysicalReads="0" ActualLobReadAheads="0" ActualEndOfScans="0" ActualExecutions="0" ActualExecutionMode="Row"></RunTimeCountersPerThread><RunTimeCountersPerThread Thread="11" ActualRows="0" Batches="0" ActualElapsedms="0" ActualCPUms="0" ActualScans="0" ActualLogicalReads="0" ActualPhysicalReads="0" ActualReadAheads="0" ActualLobLogicalReads="0" ActualLobPhysicalReads="0" ActualLobReadAheads="0" ActualEndOfScans="0" ActualExecutions="0" ActualExecutionMode="Row"></RunTimeCountersPerThread><RunTimeCountersPerThread Thread="10" ActualRows="0" Batches="0" ActualElapsedms="0" ActualCPUms="0" ActualScans="0" ActualLogicalReads="0" ActualPhysicalReads="0" ActualReadAheads="0" ActualLobLogicalReads="0" ActualLobPhysicalReads="0" ActualLobReadAheads="0" ActualEndOfScans="0" ActualExecutions="0" ActualExecutionMode="Row"></RunTimeCountersPerThread><RunTimeCountersPerThread Thread="9" ActualRows="0" Batches="0" ActualElapsedms="0" ActualCPUms="0" ActualScans="0" ActualLogicalReads="0" ActualPhysicalReads="0" ActualReadAheads="0" ActualLobLogicalReads="0" ActualLobPhysicalReads="0" ActualLobReadAheads="0" ActualEndOfScans="0" ActualExecutions="0" ActualExecutionMode="Row"></RunTimeCountersPerThread><RunTimeCountersPerThread Thread="8" ActualRows="0" Batches="0" ActualElapsedms="0" ActualCPUms="0" ActualScans="0" ActualLogicalReads="0" ActualPhysicalReads="0" ActualReadAheads="0" ActualLobLogicalReads="0" ActualLobPhysicalReads="0" ActualLobReadAheads="0" ActualEndOfScans="0" ActualExecutions="0" ActualExecutionMode="Row"></RunTimeCountersPerThread><RunTimeCountersPerThread Thread="7" ActualRows="0" Batches="0" ActualElapsedms="0" ActualCPUms="0" ActualScans="0" ActualLogicalReads="0" ActualPhysicalReads="0" ActualReadAheads="0" ActualLobLogicalReads="0" ActualLobPhysicalReads="0" ActualLobReadAheads="0" ActualEndOfScans="0" ActualExecutions="0" ActualExecutionMode="Row"></RunTimeCountersPerThread><RunTimeCountersPerThread Thread="6" ActualRows="0" Batches="0" ActualElapsedms="0" ActualCPUms="0" ActualScans="0" ActualLogicalReads="0" ActualPhysicalReads="0" ActualReadAheads="0" ActualLobLogicalReads="0" ActualLobPhysicalReads="0" ActualLobReadAheads="0" ActualEndOfScans="0" ActualExecutions="0" ActualExecutionMode="Row"></RunTimeCountersPerThread><RunTimeCountersPerThread Thread="5" ActualRows="0" Batches="0" ActualElapsedms="0" ActualCPUms="0" ActualScans="0" ActualLogicalReads="0" ActualPhysicalReads="0" ActualReadAheads="0" ActualLobLogicalReads="0" ActualLobPhysicalReads="0" ActualLobReadAheads="0" ActualEndOfScans="0" ActualExecutions="0" ActualExecutionMode="Row"></RunTimeCountersPerThread><RunTimeCountersPerThread Thread="4" ActualRows="0" Batches="0" ActualElapsedms="0" ActualCPUms="0" ActualScans="0" ActualLogicalReads="0" ActualPhysicalReads="0" ActualReadAheads="0" ActualLobLogicalReads="0" ActualLobPhysicalReads="0" ActualLobReadAheads="0" ActualEndOfScans="0" ActualExecutions="0" ActualExecutionMode="Row"></RunTimeCountersPerThread><RunTimeCountersPerThread Thread="3" ActualRows="0" Batches="0" ActualElapsedms="0" ActualCPUms="0" ActualScans="0" ActualLogicalReads="0" ActualPhysicalReads="0" ActualReadAheads="0" ActualLobLogicalReads="0" ActualLobPhysicalReads="0" ActualLobReadAheads="0" ActualEndOfScans="0" ActualExecutions="0" ActualExecutionMode="Row"></RunTimeCountersPerThread><RunTimeCountersPerThread Thread="2" ActualRows="0" Batches="0" ActualElapsedms="0" ActualCPUms="0" ActualScans="0" ActualLogicalReads="0" ActualPhysicalReads="0" ActualReadAheads="0" ActualLobLogicalReads="0" ActualLobPhysicalReads="0" ActualLobReadAheads="0" ActualEndOfScans="0" ActualExecutions="0" ActualExecutionMode="Row"></RunTimeCountersPerThread><RunTimeCountersPerThread Thread="1" ActualRows="0" Batches="0" ActualElapsedms="0" ActualCPUms="0" ActualScans="0" ActualLogicalReads="0" ActualPhysicalReads="0" ActualReadAheads="0" ActualLobLogicalReads="0" ActualLobPhysicalReads="0" ActualLobReadAheads="0" ActualEndOfScans="0" ActualExecutions="0" ActualExecutionMode="Row"></RunTimeCountersPerThread><RunTimeCountersPerThread Thread="0" ActualRows="0" Batches="0" ActualElapsedms="0" ActualCPUms="0" ActualScans="0" ActualLogicalReads="0" ActualPhysicalReads="0" ActualReadAheads="0" ActualLobLogicalReads="0" ActualLobPhysicalReads="0" ActualLobReadAheads="0" ActualEndOfScans="0" ActualExecutions="0" ActualExecutionMode="Row"></RunTimeCountersPerThread></RunTimeInformation><IndexScan Ordered="1" ScanDirection="FORWARD" ForcedIndex="0" ForceSeek="0" ForceScan="0" NoExpandHint="0" Storage="RowStore"><DefinedValues></DefinedValues><Object Database="[tpch]" Schema="[dbo]" Table="[orders]" Index="[PK__orders__0F8A1252147E7971]" Alias="[o]" TableReferenceId="2" IndexKind="Clustered" Storage="RowStore"></Object><SeekPredicates><SeekPredicateNew><SeekKeys><Prefix ScanType="EQ"><RangeColumns><ColumnReference Database="[tpch]" Schema="[dbo]" Table="[orders]" Alias="[o]" Column="O_OrderKey"></ColumnReference></RangeColumns><RangeExpressions><ScalarOperator ScalarString="[tpch].[dbo].[lineitem].[L_OrderKey] as [l1].[L_OrderKey]"><Identifier><ColumnReference Database="[tpch]" Schema="[dbo]" Table="[lineitem]" Alias="[l1]" Column="L_OrderKey"></ColumnReference></Identifier></ScalarOperator></RangeExpressions></Prefix></SeekKeys></SeekPredicateNew></SeekPredicates><Predicate><ScalarOperator ScalarString="[tpch].[dbo].[orders].[O_OrderStatus] as [o].[O_OrderStatus]=&apos;F&apos;"><Compare CompareOp="EQ"><ScalarOperator><Identifier><ColumnReference Database="[tpch]" Schema="[dbo]" Table="[orders]" Alias="[o]" Column="O_OrderStatus"></ColumnReference></Identifier></ScalarOperator><ScalarOperator><Const ConstValue="&apos;F&apos;"></Const></ScalarOperator></Compare></ScalarOperator></Predicate></IndexScan></RelOp></AdaptiveJoin></RelOp><RelOp NodeId="29" PhysicalOp="Concatenation" LogicalOp="Concatenation" EstimateRows="1" EstimateRowsWithoutRowGoal="2" EstimateIO="0" EstimateCPU="2e-07" AvgRowSize="9" EstimatedTotalSubtreeCost="0.0482792" Parallel="1" EstimateRebinds="34983.9" EstimateRewinds="0" EstimatedExecutionMode="Row"><OutputList></OutputList><RunTimeInformation><RunTimeCountersPerThread Thread="12" ActualRows="0" Batches="0" ActualElapsedms="2449" ActualCPUms="2449" ActualEndOfScans="7949" ActualExecutions="7949" ActualExecutionMode="Row"></RunTimeCountersPerThread><RunTimeCountersPerThread Thread="11" ActualRows="0" Batches="0" ActualElapsedms="2448" ActualCPUms="155" ActualEndOfScans="6359" ActualExecutions="6359" ActualExecutionMode="Row"></RunTimeCountersPerThread><RunTimeCountersPerThread Thread="10" ActualRows="0" Batches="0" ActualElapsedms="2426" ActualCPUms="134" ActualEndOfScans="6249" ActualExecutions="6249" ActualExecutionMode="Row"></RunTimeCountersPerThread><RunTimeCountersPerThread Thread="9" ActualRows="0" Batches="0" ActualElapsedms="2431" ActualCPUms="138" ActualEndOfScans="6386" ActualExecutions="6386" ActualExecutionMode="Row"></RunTimeCountersPerThread><RunTimeCountersPerThread Thread="8" ActualRows="0" Batches="0" ActualElapsedms="2423" ActualCPUms="131" ActualEndOfScans="6209" ActualExecutions="6209" ActualExecutionMode="Row"></RunTimeCountersPerThread><RunTimeCountersPerThread Thread="7" ActualRows="0" Batches="0" ActualElapsedms="2440" ActualCPUms="146" ActualEndOfScans="6049" ActualExecutions="6049" ActualExecutionMode="Row"></RunTimeCountersPerThread><RunTimeCountersPerThread Thread="6" ActualRows="0" Batches="0" ActualElapsedms="2423" ActualCPUms="130" ActualEndOfScans="6033" ActualExecutions="6033" ActualExecutionMode="Row"></RunTimeCountersPerThread><RunTimeCountersPerThread Thread="5" ActualRows="0" Batches="0" ActualElapsedms="2451" ActualCPUms="158" ActualEndOfScans="5951" ActualExecutions="5951" ActualExecutionMode="Row"></RunTimeCountersPerThread><RunTimeCountersPerThread Thread="4" ActualRows="0" Batches="0" ActualElapsedms="2435" ActualCPUms="142" ActualEndOfScans="6247" ActualExecutions="6247" ActualExecutionMode="Row"></RunTimeCountersPerThread><RunTimeCountersPerThread Thread="3" ActualRows="1" Batches="0" ActualElapsedms="2427" ActualCPUms="134" ActualEndOfScans="5972" ActualExecutions="5973" ActualExecutionMode="Row"></RunTimeCountersPerThread><RunTimeCountersPerThread Thread="2" ActualRows="0" Batches="0" ActualElapsedms="2422" ActualCPUms="129" ActualEndOfScans="4085" ActualExecutions="4085" ActualExecutionMode="Row"></RunTimeCountersPerThread><RunTimeCountersPerThread Thread="1" ActualRows="0" Batches="0" ActualElapsedms="2427" ActualCPUms="134" ActualEndOfScans="5558" ActualExecutions="5558" ActualExecutionMode="Row"></RunTimeCountersPerThread><RunTimeCountersPerThread Thread="0" ActualRows="0" Batches="0" ActualElapsedms="0" ActualCPUms="0" ActualEndOfScans="0" ActualExecutions="0" ActualExecutionMode="Row"></RunTimeCountersPerThread></RunTimeInformation><Concat><DefinedValues></DefinedValues><RelOp NodeId="30" PhysicalOp="Filter" LogicalOp="Filter" EstimateRows="1" EstimateIO="0" EstimateCPU="2.8e-07" AvgRowSize="9" EstimatedTotalSubtreeCost="0.0447808" Parallel="1" EstimateRebinds="0" EstimateRewinds="34983.9" EstimatedExecutionMode="Row"><OutputList></OutputList><RunTimeInformation><RunTimeCountersPerThread Thread="12" ActualRows="0" Batches="0" ActualElapsedms="1" ActualCPUms="1" ActualRebinds="7949" ActualRewinds="0" ActualEndOfScans="7949" ActualExecutions="7949" ActualExecutionMode="Row"></RunTimeCountersPerThread><RunTimeCountersPerThread Thread="11" ActualRows="0" Batches="0" ActualElapsedms="1" ActualCPUms="1" ActualRebinds="6359" ActualRewinds="0" ActualEndOfScans="6359" ActualExecutions="6359" ActualExecutionMode="Row"></RunTimeCountersPerThread><RunTimeCountersPerThread Thread="10" ActualRows="0" Batches="0" ActualElapsedms="1" ActualCPUms="1" ActualRebinds="6249" ActualRewinds="0" ActualEndOfScans="6249" ActualExecutions="6249" ActualExecutionMode="Row"></RunTimeCountersPerThread><RunTimeCountersPerThread Thread="9" ActualRows="0" Batches="0" ActualElapsedms="1" ActualCPUms="1" ActualRebinds="6386" ActualRewinds="0" ActualEndOfScans="6386" ActualExecutions="6386" ActualExecutionMode="Row"></RunTimeCountersPerThread><RunTimeCountersPerThread Thread="8" ActualRows="0" Batches="0" ActualElapsedms="1" ActualCPUms="1" ActualRebinds="6209" ActualRewinds="0" ActualEndOfScans="6209" ActualExecutions="6209" ActualExecutionMode="Row"></RunTimeCountersPerThread><RunTimeCountersPerThread Thread="7" ActualRows="0" Batches="0" ActualElapsedms="1" ActualCPUms="1" ActualRebinds="6049" ActualRewinds="0" ActualEndOfScans="6049" ActualExecutions="6049" ActualExecutionMode="Row"></RunTimeCountersPerThread><RunTimeCountersPerThread Thread="6" ActualRows="0" Batches="0" ActualElapsedms="1" ActualCPUms="1" ActualRebinds="6033" ActualRewinds="0" ActualEndOfScans="6033" ActualExecutions="6033" ActualExecutionMode="Row"></RunTimeCountersPerThread><RunTimeCountersPerThread Thread="5" ActualRows="0" Batches="0" ActualElapsedms="1" ActualCPUms="1" ActualRebinds="5951" ActualRewinds="0" ActualEndOfScans="5951" ActualExecutions="5951" ActualExecutionMode="Row"></RunTimeCountersPerThread><RunTimeCountersPerThread Thread="4" ActualRows="0" Batches="0" ActualElapsedms="1" ActualCPUms="1" ActualRebinds="6247" ActualRewinds="0" ActualEndOfScans="6247" ActualExecutions="6247" ActualExecutionMode="Row"></RunTimeCountersPerThread><RunTimeCountersPerThread Thread="3" ActualRows="0" Batches="0" ActualElapsedms="1" ActualCPUms="1" ActualRebinds="5973" ActualRewinds="0" ActualEndOfScans="5973" ActualExecutions="5973" ActualExecutionMode="Row"></RunTimeCountersPerThread><RunTimeCountersPerThread Thread="2" ActualRows="0" Batches="0" ActualElapsedms="0" ActualCPUms="0" ActualRebinds="4085" ActualRewinds="0" ActualEndOfScans="4085" ActualExecutions="4085" ActualExecutionMode="Row"></RunTimeCountersPerThread><RunTimeCountersPerThread Thread="1" ActualRows="0" Batches="0" ActualElapsedms="0" ActualCPUms="0" ActualRebinds="5558" ActualRewinds="0" ActualEndOfScans="5558" ActualExecutions="5558" ActualExecutionMode="Row"></RunTimeCountersPerThread><RunTimeCountersPerThread Thread="0" ActualRows="0" Batches="0" ActualElapsedms="0" ActualCPUms="0" ActualRebinds="0" ActualRewinds="0" ActualEndOfScans="0" ActualExecutions="0" ActualExecutionMode="Row"></RunTimeCountersPerThread></RunTimeInformation><Filter StartupExpression="1"><RelOp NodeId="31" PhysicalOp="Constant Scan" LogicalOp="Constant Scan" EstimateRows="1" EstimateIO="0" EstimateCPU="1.157e-06" AvgRowSize="9" EstimatedTotalSubtreeCost="0.034985" Parallel="1" EstimateRebinds="0" EstimateRewinds="34983.9" EstimatedExecutionMode="Row"><OutputList></OutputList><RunTimeInformation><RunTimeCountersPerThread Thread="12" ActualRows="0" Batches="0" ActualElapsedms="0" ActualCPUms="0" ActualEndOfScans="0" ActualExecutions="7949" ActualExecutionMode="Row"></RunTimeCountersPerThread><RunTimeCountersPerThread Thread="11" ActualRows="0" Batches="0" ActualElapsedms="0" ActualCPUms="0" ActualEndOfScans="0" ActualExecutions="6359" ActualExecutionMode="Row"></RunTimeCountersPerThread><RunTimeCountersPerThread Thread="10" ActualRows="0" Batches="0" ActualElapsedms="0" ActualCPUms="0" ActualEndOfScans="0" ActualExecutions="6249" ActualExecutionMode="Row"></RunTimeCountersPerThread><RunTimeCountersPerThread Thread="9" ActualRows="0" Batches="0" ActualElapsedms="0" ActualCPUms="0" ActualEndOfScans="0" ActualExecutions="6386" ActualExecutionMode="Row"></RunTimeCountersPerThread><RunTimeCountersPerThread Thread="8" ActualRows="0" Batches="0" ActualElapsedms="0" ActualCPUms="0" ActualEndOfScans="0" ActualExecutions="6209" ActualExecutionMode="Row"></RunTimeCountersPerThread><RunTimeCountersPerThread Thread="7" ActualRows="0" Batches="0" ActualElapsedms="0" ActualCPUms="0" ActualEndOfScans="0" ActualExecutions="6049" ActualExecutionMode="Row"></RunTimeCountersPerThread><RunTimeCountersPerThread Thread="6" ActualRows="0" Batches="0" ActualElapsedms="0" ActualCPUms="0" ActualEndOfScans="0" ActualExecutions="6033" ActualExecutionMode="Row"></RunTimeCountersPerThread><RunTimeCountersPerThread Thread="5" ActualRows="0" Batches="0" ActualElapsedms="0" ActualCPUms="0" ActualEndOfScans="0" ActualExecutions="5951" ActualExecutionMode="Row"></RunTimeCountersPerThread><RunTimeCountersPerThread Thread="4" ActualRows="0" Batches="0" ActualElapsedms="0" ActualCPUms="0" ActualEndOfScans="0" ActualExecutions="6247" ActualExecutionMode="Row"></RunTimeCountersPerThread><RunTimeCountersPerThread Thread="3" ActualRows="0" Batches="0" ActualElapsedms="0" ActualCPUms="0" ActualEndOfScans="0" ActualExecutions="5973" ActualExecutionMode="Row"></RunTimeCountersPerThread><RunTimeCountersPerThread Thread="2" ActualRows="0" Batches="0" ActualElapsedms="0" ActualCPUms="0" ActualEndOfScans="0" ActualExecutions="4085" ActualExecutionMode="Row"></RunTimeCountersPerThread><RunTimeCountersPerThread Thread="1" ActualRows="0" Batches="0" ActualElapsedms="0" ActualCPUms="0" ActualEndOfScans="0" ActualExecutions="5558" ActualExecutionMode="Row"></RunTimeCountersPerThread><RunTimeCountersPerThread Thread="0" ActualRows="0" Batches="0" ActualElapsedms="0" ActualCPUms="0" ActualEndOfScans="0" ActualExecutions="0" ActualExecutionMode="Row"></RunTimeCountersPerThread></RunTimeInformation><ConstantScan></ConstantScan></RelOp><Predicate><ScalarOperator ScalarString="user_name()=N&apos;user3&apos;"><Identifier><ColumnReference Column="ConstExpr1042"><ScalarOperator><Compare CompareOp="EQ"><ScalarOperator><Intrinsic FunctionName="user_name"><ScalarOperator><Const ConstValue=""></Const></ScalarOperator></Intrinsic></ScalarOperator><ScalarOperator><Const ConstValue="N&apos;user3&apos;"></Const></ScalarOperator></Compare></ScalarOperator></ColumnReference></Identifier></ScalarOperator></Predicate></Filter></RelOp><RelOp NodeId="32" PhysicalOp="Nested Loops" LogicalOp="Inner Join" EstimateRows="1" EstimateIO="0" EstimateCPU="4.18e-06" AvgRowSize="9" EstimatedTotalSubtreeCost="31.0572" Parallel="1" EstimateRebinds="34983.9" EstimateRewinds="0" EstimatedExecutionMode="Row"><OutputList></OutputList><RunTimeInformation><RunTimeCountersPerThread Thread="12" ActualRows="0" Batches="0" ActualElapsedms="2447" ActualCPUms="2447" ActualEndOfScans="7949" ActualExecutions="7949" ActualExecutionMode="Row"></RunTimeCountersPerThread><RunTimeCountersPerThread Thread="11" ActualRows="0" Batches="0" ActualElapsedms="2445" ActualCPUms="152" ActualEndOfScans="6359" ActualExecutions="6359" ActualExecutionMode="Row"></RunTimeCountersPerThread><RunTimeCountersPerThread Thread="10" ActualRows="0" Batches="0" ActualElapsedms="2424" ActualCPUms="131" ActualEndOfScans="6249" ActualExecutions="6249" ActualExecutionMode="Row"></RunTimeCountersPerThread><RunTimeCountersPerThread Thread="9" ActualRows="0" Batches="0" ActualElapsedms="2428" ActualCPUms="135" ActualEndOfScans="6386" ActualExecutions="6386" ActualExecutionMode="Row"></RunTimeCountersPerThread><RunTimeCountersPerThread Thread="8" ActualRows="0" Batches="0" ActualElapsedms="2421" ActualCPUms="128" ActualEndOfScans="6209" ActualExecutions="6209" ActualExecutionMode="Row"></RunTimeCountersPerThread><RunTimeCountersPerThread Thread="7" ActualRows="0" Batches="0" ActualElapsedms="2437" ActualCPUms="144" ActualEndOfScans="6049" ActualExecutions="6049" ActualExecutionMode="Row"></RunTimeCountersPerThread><RunTimeCountersPerThread Thread="6" ActualRows="0" Batches="0" ActualElapsedms="2421" ActualCPUms="128" ActualEndOfScans="6033" ActualExecutions="6033" ActualExecutionMode="Row"></RunTimeCountersPerThread><RunTimeCountersPerThread Thread="5" ActualRows="0" Batches="0" ActualElapsedms="2448" ActualCPUms="155" ActualEndOfScans="5951" ActualExecutions="5951" ActualExecutionMode="Row"></RunTimeCountersPerThread><RunTimeCountersPerThread Thread="4" ActualRows="0" Batches="0" ActualElapsedms="2432" ActualCPUms="139" ActualEndOfScans="6247" ActualExecutions="6247" ActualExecutionMode="Row"></RunTimeCountersPerThread><RunTimeCountersPerThread Thread="3" ActualRows="1" Batches="0" ActualElapsedms="2424" ActualCPUms="131" ActualEndOfScans="5972" ActualExecutions="5973" ActualExecutionMode="Row"></RunTimeCountersPerThread><RunTimeCountersPerThread Thread="2" ActualRows="0" Batches="0" ActualElapsedms="2420" ActualCPUms="127" ActualEndOfScans="4085" ActualExecutions="4085" ActualExecutionMode="Row"></RunTimeCountersPerThread><RunTimeCountersPerThread Thread="1" ActualRows="0" Batches="0" ActualElapsedms="2426" ActualCPUms="133" ActualEndOfScans="5558" ActualExecutions="5558" ActualExecutionMode="Row"></RunTimeCountersPerThread><RunTimeCountersPerThread Thread="0" ActualRows="0" Batches="0" ActualElapsedms="0" ActualCPUms="0" ActualEndOfScans="0" ActualExecutions="0" ActualExecutionMode="Row"></RunTimeCountersPerThread></RunTimeInformation><NestedLoops Optimized="0"><RelOp NodeId="33" PhysicalOp="Nested Loops" LogicalOp="Inner Join" EstimateRows="1" EstimateIO="0" EstimateCPU="4.18e-06" AvgRowSize="9" EstimatedTotalSubtreeCost="31.0572" Parallel="1" EstimateRebinds="34983.9" EstimateRewinds="0" EstimatedExecutionMode="Row"><OutputList></OutputList><RunTimeInformation><RunTimeCountersPerThread Thread="12" ActualRows="1549" Batches="0" ActualElapsedms="2430" ActualCPUms="2430" ActualEndOfScans="6400" ActualExecutions="7949" ActualExecutionMode="Row"></RunTimeCountersPerThread><RunTimeCountersPerThread Thread="11" ActualRows="1257" Batches="0" ActualElapsedms="2426" ActualCPUms="133" ActualEndOfScans="5102" ActualExecutions="6359" ActualExecutionMode="Row"></RunTimeCountersPerThread><RunTimeCountersPerThread Thread="10" ActualRows="1238" Batches="0" ActualElapsedms="2407" ActualCPUms="114" ActualEndOfScans="5011" ActualExecutions="6249" ActualExecutionMode="Row"></RunTimeCountersPerThread><RunTimeCountersPerThread Thread="9" ActualRows="1301" Batches="0" ActualElapsedms="2409" ActualCPUms="117" ActualEndOfScans="5085" ActualExecutions="6386" ActualExecutionMode="Row"></RunTimeCountersPerThread><RunTimeCountersPerThread Thread="8" ActualRows="1213" Batches="0" ActualElapsedms="2406" ActualCPUms="113" ActualEndOfScans="4996" ActualExecutions="6209" ActualExecutionMode="Row"></RunTimeCountersPerThread><RunTimeCountersPerThread Thread="7" ActualRows="1215" Batches="0" ActualElapsedms="2419" ActualCPUms="126" ActualEndOfScans="4834" ActualExecutions="6049" ActualExecutionMode="Row"></RunTimeCountersPerThread><RunTimeCountersPerThread Thread="6" ActualRows="1177" Batches="0" ActualElapsedms="2403" ActualCPUms="110" ActualEndOfScans="4856" ActualExecutions="6033" ActualExecutionMode="Row"></RunTimeCountersPerThread><RunTimeCountersPerThread Thread="5" ActualRows="1131" Batches="0" ActualElapsedms="2431" ActualCPUms="138" ActualEndOfScans="4820" ActualExecutions="5951" ActualExecutionMode="Row"></RunTimeCountersPerThread><RunTimeCountersPerThread Thread="4" ActualRows="1306" Batches="0" ActualElapsedms="2413" ActualCPUms="120" ActualEndOfScans="4941" ActualExecutions="6247" ActualExecutionMode="Row"></RunTimeCountersPerThread><RunTimeCountersPerThread Thread="3" ActualRows="1211" Batches="0" ActualElapsedms="2406" ActualCPUms="113" ActualEndOfScans="4762" ActualExecutions="5973" ActualExecutionMode="Row"></RunTimeCountersPerThread><RunTimeCountersPerThread Thread="2" ActualRows="828" Batches="0" ActualElapsedms="2407" ActualCPUms="115" ActualEndOfScans="3257" ActualExecutions="4085" ActualExecutionMode="Row"></RunTimeCountersPerThread><RunTimeCountersPerThread Thread="1" ActualRows="1131" Batches="0" ActualElapsedms="2413" ActualCPUms="120" ActualEndOfScans="4427" ActualExecutions="5558" ActualExecutionMode="Row"></RunTimeCountersPerThread><RunTimeCountersPerThread Thread="0" ActualRows="0" Batches="0" ActualElapsedms="0" ActualCPUms="0" ActualEndOfScans="0" ActualExecutions="0" ActualExecutionMode="Row"></RunTimeCountersPerThread></RunTimeInformation><NestedLoops Optimized="0"><Predicate><ScalarOperator ScalarString="[Expr1048]=[Expr1046]"><Compare CompareOp="EQ"><ScalarOperator><Identifier><ColumnReference Column="Expr1048"></ColumnReference></Identifier></ScalarOperator><ScalarOperator><Identifier><ColumnReference Column="Expr1046"></ColumnReference></Identifier></ScalarOperator></Compare></ScalarOperator></Predicate><RelOp NodeId="34" PhysicalOp="Assert" LogicalOp="Assert" EstimateRows="1" EstimateIO="0" EstimateCPU="4.8e-07" AvgRowSize="11" EstimatedTotalSubtreeCost="31.0572" Parallel="1" EstimateRebinds="34983.9" EstimateRewinds="0" EstimatedExecutionMode="Row"><OutputList><ColumnReference Column="Expr1046"></ColumnReference></OutputList><RunTimeInformation><RunTimeCountersPerThread Thread="12" ActualRows="7949" Batches="0" ActualElapsedms="2369" ActualCPUms="2369" ActualEndOfScans="6400" ActualExecutions="7949" ActualExecutionMode="Row"></RunTimeCountersPerThread><RunTimeCountersPerThread Thread="11" ActualRows="6359" Batches="0" ActualElapsedms="2384" ActualCPUms="91" ActualEndOfScans="5102" ActualExecutions="6359" ActualExecutionMode="Row"></RunTimeCountersPerThread><RunTimeCountersPerThread Thread="10" ActualRows="6249" Batches="0" ActualElapsedms="2366" ActualCPUms="73" ActualEndOfScans="5011" ActualExecutions="6249" ActualExecutionMode="Row"></RunTimeCountersPerThread><RunTimeCountersPerThread Thread="9" ActualRows="6386" Batches="0" ActualElapsedms="2366" ActualCPUms="73" ActualEndOfScans="5085" ActualExecutions="6386" ActualExecutionMode="Row"></RunTimeCountersPerThread><RunTimeCountersPerThread Thread="8" ActualRows="6209" Batches="0" ActualElapsedms="2358" ActualCPUms="65" ActualEndOfScans="4996" ActualExecutions="6209" ActualExecutionMode="Row"></RunTimeCountersPerThread><RunTimeCountersPerThread Thread="7" ActualRows="6049" Batches="0" ActualElapsedms="2372" ActualCPUms="79" ActualEndOfScans="4834" ActualExecutions="6049" ActualExecutionMode="Row"></RunTimeCountersPerThread><RunTimeCountersPerThread Thread="6" ActualRows="6033" Batches="0" ActualElapsedms="2359" ActualCPUms="66" ActualEndOfScans="4856" ActualExecutions="6033" ActualExecutionMode="Row"></RunTimeCountersPerThread><RunTimeCountersPerThread Thread="5" ActualRows="5951" Batches="0" ActualElapsedms="2370" ActualCPUms="77" ActualEndOfScans="4820" ActualExecutions="5951" ActualExecutionMode="Row"></RunTimeCountersPerThread><RunTimeCountersPerThread Thread="4" ActualRows="6247" Batches="0" ActualElapsedms="2366" ActualCPUms="73" ActualEndOfScans="4941" ActualExecutions="6247" ActualExecutionMode="Row"></RunTimeCountersPerThread><RunTimeCountersPerThread Thread="3" ActualRows="5973" Batches="0" ActualElapsedms="2358" ActualCPUms="66" ActualEndOfScans="4762" ActualExecutions="5973" ActualExecutionMode="Row"></RunTimeCountersPerThread><RunTimeCountersPerThread Thread="2" ActualRows="4085" Batches="0" ActualElapsedms="2356" ActualCPUms="63" ActualEndOfScans="3257" ActualExecutions="4085" ActualExecutionMode="Row"></RunTimeCountersPerThread><RunTimeCountersPerThread Thread="1" ActualRows="5558" Batches="0" ActualElapsedms="2354" ActualCPUms="61" ActualEndOfScans="4427" ActualExecutions="5558" ActualExecutionMode="Row"></RunTimeCountersPerThread><RunTimeCountersPerThread Thread="0" ActualRows="0" Batches="0" ActualElapsedms="0" ActualCPUms="0" ActualEndOfScans="0" ActualExecutions="0" ActualExecutionMode="Row"></RunTimeCountersPerThread></RunTimeInformation><Assert StartupExpression="0"><RelOp NodeId="35" PhysicalOp="Stream Aggregate" LogicalOp="Aggregate" EstimateRows="1" EstimateIO="0" EstimateCPU="1.1e-06" AvgRowSize="19" EstimatedTotalSubtreeCost="31.0572" Parallel="1" EstimateRebinds="34983.9" EstimateRewinds="0" EstimatedExecutionMode="Row"><OutputList><ColumnReference Column="Expr1045"></ColumnReference><ColumnReference Column="Expr1046"></ColumnReference></OutputList><RunTimeInformation><RunTimeCountersPerThread Thread="12" ActualRows="7949" Batches="0" ActualElapsedms="2367" ActualCPUms="2367" ActualEndOfScans="6400" ActualExecutions="7949" ActualExecutionMode="Row"></RunTimeCountersPerThread><RunTimeCountersPerThread Thread="11" ActualRows="6359" Batches="0" ActualElapsedms="2382" ActualCPUms="89" ActualEndOfScans="5102" ActualExecutions="6359" ActualExecutionMode="Row"></RunTimeCountersPerThread><RunTimeCountersPerThread Thread="10" ActualRows="6249" Batches="0" ActualElapsedms="2364" ActualCPUms="71" ActualEndOfScans="5011" ActualExecutions="6249" ActualExecutionMode="Row"></RunTimeCountersPerThread><RunTimeCountersPerThread Thread="9" ActualRows="6386" Batches="0" ActualElapsedms="2364" ActualCPUms="72" ActualEndOfScans="5085" ActualExecutions="6386" ActualExecutionMode="Row"></RunTimeCountersPerThread><RunTimeCountersPerThread Thread="8" ActualRows="6209" Batches="0" ActualElapsedms="2356" ActualCPUms="64" ActualEndOfScans="4996" ActualExecutions="6209" ActualExecutionMode="Row"></RunTimeCountersPerThread><RunTimeCountersPerThread Thread="7" ActualRows="6049" Batches="0" ActualElapsedms="2370" ActualCPUms="77" ActualEndOfScans="4834" ActualExecutions="6049" ActualExecutionMode="Row"></RunTimeCountersPerThread><RunTimeCountersPerThread Thread="6" ActualRows="6033" Batches="0" ActualElapsedms="2357" ActualCPUms="64" ActualEndOfScans="4856" ActualExecutions="6033" ActualExecutionMode="Row"></RunTimeCountersPerThread><RunTimeCountersPerThread Thread="5" ActualRows="5951" Batches="0" ActualElapsedms="2368" ActualCPUms="75" ActualEndOfScans="4820" ActualExecutions="5951" ActualExecutionMode="Row"></RunTimeCountersPerThread><RunTimeCountersPerThread Thread="4" ActualRows="6247" Batches="0" ActualElapsedms="2364" ActualCPUms="71" ActualEndOfScans="4941" ActualExecutions="6247" ActualExecutionMode="Row"></RunTimeCountersPerThread><RunTimeCountersPerThread Thread="3" ActualRows="5973" Batches="0" ActualElapsedms="2356" ActualCPUms="64" ActualEndOfScans="4762" ActualExecutions="5973" ActualExecutionMode="Row"></RunTimeCountersPerThread><RunTimeCountersPerThread Thread="2" ActualRows="4085" Batches="0" ActualElapsedms="2354" ActualCPUms="62" ActualEndOfScans="3257" ActualExecutions="4085" ActualExecutionMode="Row"></RunTimeCountersPerThread><RunTimeCountersPerThread Thread="1" ActualRows="5558" Batches="0" ActualElapsedms="2353" ActualCPUms="60" ActualEndOfScans="4427" ActualExecutions="5558" ActualExecutionMode="Row"></RunTimeCountersPerThread><RunTimeCountersPerThread Thread="0" ActualRows="0" Batches="0" ActualElapsedms="0" ActualCPUms="0" ActualEndOfScans="0" ActualExecutions="0" ActualExecutionMode="Row"></RunTimeCountersPerThread></RunTimeInformation><StreamAggregate><DefinedValues><DefinedValue><ColumnReference Column="Expr1045"></ColumnReference><ScalarOperator ScalarString="Count(*)"><Aggregate AggType="countstar" Distinct="0"></Aggregate></ScalarOperator></DefinedValue><DefinedValue><ColumnReference Column="Expr1046"></ColumnReference><ScalarOperator ScalarString="ANY([tpch].[dbo].[nation].[N_RegionKey] as [n].[N_RegionKey])"><Aggregate Distinct="0" AggType="ANY"><ScalarOperator><Identifier><ColumnReference Database="[tpch]" Schema="[dbo]" Table="[nation]" Alias="[n]" Column="N_RegionKey"></ColumnReference></Identifier></ScalarOperator></Aggregate></ScalarOperator></DefinedValue></DefinedValues><RelOp NodeId="36" PhysicalOp="Nested Loops" LogicalOp="Inner Join" EstimateRows="1" EstimateIO="0" EstimateCPU="4.18e-06" AvgRowSize="11" EstimatedTotalSubtreeCost="31.0572" Parallel="1" EstimateRebinds="34983.9" EstimateRewinds="0" EstimatedExecutionMode="Row"><OutputList><ColumnReference Database="[tpch]" Schema="[dbo]" Table="[nation]" Alias="[n]" Column="N_RegionKey"></ColumnReference></OutputList><RunTimeInformation><RunTimeCountersPerThread Thread="12" ActualRows="7949" Batches="0" ActualElapsedms="2365" ActualCPUms="2365" ActualEndOfScans="7949" ActualExecutions="7949" ActualExecutionMode="Row"></RunTimeCountersPerThread><RunTimeCountersPerThread Thread="11" ActualRows="6359" Batches="0" ActualElapsedms="2380" ActualCPUms="87" ActualEndOfScans="6359" ActualExecutions="6359" ActualExecutionMode="Row"></RunTimeCountersPerThread><RunTimeCountersPerThread Thread="10" ActualRows="6249" Batches="0" ActualElapsedms="2362" ActualCPUms="69" ActualEndOfScans="6249" ActualExecutions="6249" ActualExecutionMode="Row"></RunTimeCountersPerThread><RunTimeCountersPerThread Thread="9" ActualRows="6386" Batches="0" ActualElapsedms="2362" ActualCPUms="69" ActualEndOfScans="6386" ActualExecutions="6386" ActualExecutionMode="Row"></RunTimeCountersPerThread><RunTimeCountersPerThread Thread="8" ActualRows="6209" Batches="0" ActualElapsedms="2355" ActualCPUms="62" ActualEndOfScans="6209" ActualExecutions="6209" ActualExecutionMode="Row"></RunTimeCountersPerThread><RunTimeCountersPerThread Thread="7" ActualRows="6049" Batches="0" ActualElapsedms="2368" ActualCPUms="75" ActualEndOfScans="6049" ActualExecutions="6049" ActualExecutionMode="Row"></RunTimeCountersPerThread><RunTimeCountersPerThread Thread="6" ActualRows="6033" Batches="0" ActualElapsedms="2355" ActualCPUms="62" ActualEndOfScans="6033" ActualExecutions="6033" ActualExecutionMode="Row"></RunTimeCountersPerThread><RunTimeCountersPerThread Thread="5" ActualRows="5951" Batches="0" ActualElapsedms="2366" ActualCPUms="73" ActualEndOfScans="5951" ActualExecutions="5951" ActualExecutionMode="Row"></RunTimeCountersPerThread><RunTimeCountersPerThread Thread="4" ActualRows="6247" Batches="0" ActualElapsedms="2362" ActualCPUms="69" ActualEndOfScans="6247" ActualExecutions="6247" ActualExecutionMode="Row"></RunTimeCountersPerThread><RunTimeCountersPerThread Thread="3" ActualRows="5973" Batches="0" ActualElapsedms="2354" ActualCPUms="62" ActualEndOfScans="5973" ActualExecutions="5973" ActualExecutionMode="Row"></RunTimeCountersPerThread><RunTimeCountersPerThread Thread="2" ActualRows="4085" Batches="0" ActualElapsedms="2353" ActualCPUms="60" ActualEndOfScans="4085" ActualExecutions="4085" ActualExecutionMode="Row"></RunTimeCountersPerThread><RunTimeCountersPerThread Thread="1" ActualRows="5558" Batches="0" ActualElapsedms="2352" ActualCPUms="59" ActualEndOfScans="5558" ActualExecutions="5558" ActualExecutionMode="Row"></RunTimeCountersPerThread><RunTimeCountersPerThread Thread="0" ActualRows="0" Batches="0" ActualElapsedms="0" ActualCPUms="0" ActualEndOfScans="0" ActualExecutions="0" ActualExecutionMode="Row"></RunTimeCountersPerThread></RunTimeInformation><NestedLoops Optimized="0"><OuterReferences><ColumnReference Database="[tpch]" Schema="[dbo]" Table="[customer]" Alias="[c]" Column="C_NationKey"></ColumnReference></OuterReferences><RelOp NodeId="37" PhysicalOp="Nested Loops" LogicalOp="Inner Join" EstimateRows="1" EstimateIO="0" EstimateCPU="4.18e-06" AvgRowSize="11" EstimatedTotalSubtreeCost="31.0572" Parallel="1" EstimateRebinds="34983.9" EstimateRewinds="0" EstimatedExecutionMode="Row"><OutputList><ColumnReference Database="[tpch]" Schema="[dbo]" Table="[customer]" Alias="[c]" Column="C_NationKey"></ColumnReference></OutputList><RunTimeInformation><RunTimeCountersPerThread Thread="12" ActualRows="7949" Batches="0" ActualElapsedms="2349" ActualCPUms="2349" ActualEndOfScans="7949" ActualExecutions="7949" ActualExecutionMode="Row"></RunTimeCountersPerThread><RunTimeCountersPerThread Thread="11" ActualRows="6359" Batches="0" ActualElapsedms="2365" ActualCPUms="72" ActualEndOfScans="6359" ActualExecutions="6359" ActualExecutionMode="Row"></RunTimeCountersPerThread><RunTimeCountersPerThread Thread="10" ActualRows="6249" Batches="0" ActualElapsedms="2348" ActualCPUms="55" ActualEndOfScans="6249" ActualExecutions="6249" ActualExecutionMode="Row"></RunTimeCountersPerThread><RunTimeCountersPerThread Thread="9" ActualRows="6386" Batches="0" ActualElapsedms="2347" ActualCPUms="55" ActualEndOfScans="6386" ActualExecutions="6386" ActualExecutionMode="Row"></RunTimeCountersPerThread><RunTimeCountersPerThread Thread="8" ActualRows="6209" Batches="0" ActualElapsedms="2341" ActualCPUms="49" ActualEndOfScans="6209" ActualExecutions="6209" ActualExecutionMode="Row"></RunTimeCountersPerThread><RunTimeCountersPerThread Thread="7" ActualRows="6049" Batches="0" ActualElapsedms="2353" ActualCPUms="60" ActualEndOfScans="6049" ActualExecutions="6049" ActualExecutionMode="Row"></RunTimeCountersPerThread><RunTimeCountersPerThread Thread="6" ActualRows="6033" Batches="0" ActualElapsedms="2340" ActualCPUms="47" ActualEndOfScans="6033" ActualExecutions="6033" ActualExecutionMode="Row"></RunTimeCountersPerThread><RunTimeCountersPerThread Thread="5" ActualRows="5951" Batches="0" ActualElapsedms="2350" ActualCPUms="57" ActualEndOfScans="5951" ActualExecutions="5951" ActualExecutionMode="Row"></RunTimeCountersPerThread><RunTimeCountersPerThread Thread="4" ActualRows="6247" Batches="0" ActualElapsedms="2347" ActualCPUms="54" ActualEndOfScans="6247" ActualExecutions="6247" ActualExecutionMode="Row"></RunTimeCountersPerThread><RunTimeCountersPerThread Thread="3" ActualRows="5973" Batches="0" ActualElapsedms="2339" ActualCPUms="47" ActualEndOfScans="5973" ActualExecutions="5973" ActualExecutionMode="Row"></RunTimeCountersPerThread><RunTimeCountersPerThread Thread="2" ActualRows="4085" Batches="0" ActualElapsedms="2339" ActualCPUms="47" ActualEndOfScans="4085" ActualExecutions="4085" ActualExecutionMode="Row"></RunTimeCountersPerThread><RunTimeCountersPerThread Thread="1" ActualRows="5558" Batches="0" ActualElapsedms="2338" ActualCPUms="45" ActualEndOfScans="5558" ActualExecutions="5558" ActualExecutionMode="Row"></RunTimeCountersPerThread><RunTimeCountersPerThread Thread="0" ActualRows="0" Batches="0" ActualElapsedms="0" ActualCPUms="0" ActualEndOfScans="0" ActualExecutions="0" ActualExecutionMode="Row"></RunTimeCountersPerThread></RunTimeInformation><NestedLoops Optimized="0"><OuterReferences><ColumnReference Database="[tpch]" Schema="[dbo]" Table="[orders]" Alias="[o]" Column="O_CustKey"></ColumnReference></OuterReferences><RelOp NodeId="38" PhysicalOp="Index Spool" LogicalOp="Eager Spool" EstimateRows="1" EstimateIO="28.9658" EstimateCPU="1.50026" AvgRowSize="11" EstimatedTotalSubtreeCost="31.0572" Parallel="1" EstimateRebinds="34983.9" EstimateRewinds="0" EstimatedExecutionMode="Row"><OutputList><ColumnReference Database="[tpch]" Schema="[dbo]" Table="[orders]" Alias="[o]" Column="O_CustKey"></ColumnReference></OutputList><RunTimeInformation><RunTimeCountersPerThread Thread="12" ActualRows="7949" Batches="0" ActualElapsedms="2309" ActualCPUms="2309" ActualScans="0" ActualLogicalReads="0" ActualPhysicalReads="0" ActualReadAheads="0" ActualLobLogicalReads="0" ActualLobPhysicalReads="0" ActualLobReadAheads="0" ActualRebinds="1" ActualRewinds="7948" ActualEndOfScans="7949" ActualExecutions="7949" ActualExecutionMode="Row"></RunTimeCountersPerThread><RunTimeCountersPerThread Thread="11" ActualRows="6359" Batches="0" ActualElapsedms="2312" ActualCPUms="19" ActualScans="0" ActualLogicalReads="0" ActualPhysicalReads="0" ActualReadAheads="0" ActualLobLogicalReads="0" ActualLobPhysicalReads="0" ActualLobReadAheads="0" ActualRebinds="1" ActualRewinds="6358" ActualEndOfScans="6359" ActualExecutions="6359" ActualExecutionMode="Row"></RunTimeCountersPerThread><RunTimeCountersPerThread Thread="10" ActualRows="6249" Batches="0" ActualElapsedms="2310" ActualCPUms="17" ActualScans="0" ActualLogicalReads="0" ActualPhysicalReads="0" ActualReadAheads="0" ActualLobLogicalReads="0" ActualLobPhysicalReads="0" ActualLobReadAheads="0" ActualRebinds="1" ActualRewinds="6248" ActualEndOfScans="6249" ActualExecutions="6249" ActualExecutionMode="Row"></RunTimeCountersPerThread><RunTimeCountersPerThread Thread="9" ActualRows="6386" Batches="0" ActualElapsedms="2312" ActualCPUms="19" ActualScans="0" ActualLogicalReads="0" ActualPhysicalReads="0" ActualReadAheads="0" ActualLobLogicalReads="0" ActualLobPhysicalReads="0" ActualLobReadAheads="0" ActualRebinds="1" ActualRewinds="6385" ActualEndOfScans="6386" ActualExecutions="6386" ActualExecutionMode="Row"></RunTimeCountersPerThread><RunTimeCountersPerThread Thread="8" ActualRows="6209" Batches="0" ActualElapsedms="2307" ActualCPUms="15" ActualScans="0" ActualLogicalReads="0" ActualPhysicalReads="0" ActualReadAheads="0" ActualLobLogicalReads="0" ActualLobPhysicalReads="0" ActualLobReadAheads="0" ActualRebinds="1" ActualRewinds="6208" ActualEndOfScans="6209" ActualExecutions="6209" ActualExecutionMode="Row"></RunTimeCountersPerThread><RunTimeCountersPerThread Thread="7" ActualRows="6049" Batches="0" ActualElapsedms="2312" ActualCPUms="19" ActualScans="0" ActualLogicalReads="0" ActualPhysicalReads="0" ActualReadAheads="0" ActualLobLogicalReads="0" ActualLobPhysicalReads="0" ActualLobReadAheads="0" ActualRebinds="1" ActualRewinds="6048" ActualEndOfScans="6049" ActualExecutions="6049" ActualExecutionMode="Row"></RunTimeCountersPerThread><RunTimeCountersPerThread Thread="6" ActualRows="6033" Batches="0" ActualElapsedms="2313" ActualCPUms="20" ActualScans="0" ActualLogicalReads="0" ActualPhysicalReads="0" ActualReadAheads="0" ActualLobLogicalReads="0" ActualLobPhysicalReads="0" ActualLobReadAheads="0" ActualRebinds="1" ActualRewinds="6032" ActualEndOfScans="6033" ActualExecutions="6033" ActualExecutionMode="Row"></RunTimeCountersPerThread><RunTimeCountersPerThread Thread="5" ActualRows="5951" Batches="0" ActualElapsedms="2312" ActualCPUms="19" ActualScans="0" ActualLogicalReads="0" ActualPhysicalReads="0" ActualReadAheads="0" ActualLobLogicalReads="0" ActualLobPhysicalReads="0" ActualLobReadAheads="0" ActualRebinds="1" ActualRewinds="5950" ActualEndOfScans="5951" ActualExecutions="5951" ActualExecutionMode="Row"></RunTimeCountersPerThread><RunTimeCountersPerThread Thread="4" ActualRows="6247" Batches="0" ActualElapsedms="2312" ActualCPUms="19" ActualScans="0" ActualLogicalReads="0" ActualPhysicalReads="0" ActualReadAheads="0" ActualLobLogicalReads="0" ActualLobPhysicalReads="0" ActualLobReadAheads="0" ActualRebinds="1" ActualRewinds="6246" ActualEndOfScans="6247" ActualExecutions="6247" ActualExecutionMode="Row"></RunTimeCountersPerThread><RunTimeCountersPerThread Thread="3" ActualRows="5973" Batches="0" ActualElapsedms="2312" ActualCPUms="19" ActualScans="0" ActualLogicalReads="0" ActualPhysicalReads="0" ActualReadAheads="0" ActualLobLogicalReads="0" ActualLobPhysicalReads="0" ActualLobReadAheads="0" ActualRebinds="1" ActualRewinds="5972" ActualEndOfScans="5973" ActualExecutions="5973" ActualExecutionMode="Row"></RunTimeCountersPerThread><RunTimeCountersPerThread Thread="2" ActualRows="4085" Batches="0" ActualElapsedms="2306" ActualCPUms="13" ActualScans="0" ActualLogicalReads="0" ActualPhysicalReads="0" ActualReadAheads="0" ActualLobLogicalReads="0" ActualLobPhysicalReads="0" ActualLobReadAheads="0" ActualRebinds="1" ActualRewinds="4084" ActualEndOfScans="4085" ActualExecutions="4085" ActualExecutionMode="Row"></RunTimeCountersPerThread><RunTimeCountersPerThread Thread="1" ActualRows="5558" Batches="0" ActualElapsedms="2304" ActualCPUms="11" ActualScans="0" ActualLogicalReads="0" ActualPhysicalReads="0" ActualReadAheads="0" ActualLobLogicalReads="0" ActualLobPhysicalReads="0" ActualLobReadAheads="0" ActualRebinds="1" ActualRewinds="5557" ActualEndOfScans="5558" ActualExecutions="5558" ActualExecutionMode="Row"></RunTimeCountersPerThread><RunTimeCountersPerThread Thread="0" ActualRows="0" Batches="0" ActualElapsedms="0" ActualCPUms="0" ActualScans="0" ActualLogicalReads="0" ActualPhysicalReads="0" ActualReadAheads="0" ActualLobLogicalReads="0" ActualLobPhysicalReads="0" ActualLobReadAheads="0" ActualRebinds="0" ActualRewinds="0" ActualEndOfScans="0" ActualExecutions="0" ActualExecutionMode="Row"></RunTimeCountersPerThread></RunTimeInformation><Spool><SeekPredicateNew><SeekKeys><Prefix ScanType="EQ"><RangeColumns><ColumnReference Database="[tpch]" Schema="[dbo]" Table="[orders]" Alias="[o]" Column="O_OrderKey"></ColumnReference></RangeColumns><RangeExpressions><ScalarOperator ScalarString="CONVERT_IMPLICIT(bigint,[tpch].[dbo].[lineitem].[L_OrderKey] as [l1].[L_OrderKey],0)"><Convert DataType="bigint" Style="0" Implicit="1"><ScalarOperator><Identifier><ColumnReference Database="[tpch]" Schema="[dbo]" Table="[lineitem]" Alias="[l1]" Column="L_OrderKey"></ColumnReference></Identifier></ScalarOperator></Convert></ScalarOperator></RangeExpressions></Prefix></SeekKeys></SeekPredicateNew><RelOp NodeId="39" PhysicalOp="Index Scan" LogicalOp="Index Scan" EstimateRows="1.5e+06" EstimatedRowsRead="1.5e+06" EstimateIO="1.92831" EstimateCPU="1.65016" AvgRowSize="15" EstimatedTotalSubtreeCost="3.57847" TableCardinality="1.5e+06" Parallel="1" EstimateRebinds="0" EstimateRewinds="0" EstimatedExecutionMode="Row"><OutputList><ColumnReference Database="[tpch]" Schema="[dbo]" Table="[orders]" Alias="[o]" Column="O_OrderKey"></ColumnReference><ColumnReference Database="[tpch]" Schema="[dbo]" Table="[orders]" Alias="[o]" Column="O_CustKey"></ColumnReference></OutputList><RunTimeInformation><RunTimeCountersPerThread Thread="12" ActualRows="1500000" Batches="0" ActualElapsedms="125" ActualCPUms="125" ActualScans="1" ActualLogicalReads="2614" ActualPhysicalReads="0" ActualReadAheads="0" ActualLobLogicalReads="0" ActualLobPhysicalReads="0" ActualLobReadAheads="0" ActualRowsRead="1500000" ActualEndOfScans="1" ActualExecutions="1" ActualExecutionMode="Row"></RunTimeCountersPerThread><RunTimeCountersPerThread Thread="11" ActualRows="0" Batches="0" ActualElapsedms="0" ActualCPUms="0" ActualScans="0" ActualLogicalReads="0" ActualPhysicalReads="0" ActualReadAheads="0" ActualLobLogicalReads="0" ActualLobPhysicalReads="0" ActualLobReadAheads="0" ActualEndOfScans="0" ActualExecutions="0" ActualExecutionMode="Row"></RunTimeCountersPerThread><RunTimeCountersPerThread Thread="10" ActualRows="0" Batches="0" ActualElapsedms="0" ActualCPUms="0" ActualScans="0" ActualLogicalReads="0" ActualPhysicalReads="0" ActualReadAheads="0" ActualLobLogicalReads="0" ActualLobPhysicalReads="0" ActualLobReadAheads="0" ActualEndOfScans="0" ActualExecutions="0" ActualExecutionMode="Row"></RunTimeCountersPerThread><RunTimeCountersPerThread Thread="9" ActualRows="0" Batches="0" ActualElapsedms="0" ActualCPUms="0" ActualScans="0" ActualLogicalReads="0" ActualPhysicalReads="0" ActualReadAheads="0" ActualLobLogicalReads="0" ActualLobPhysicalReads="0" ActualLobReadAheads="0" ActualEndOfScans="0" ActualExecutions="0" ActualExecutionMode="Row"></RunTimeCountersPerThread><RunTimeCountersPerThread Thread="8" ActualRows="0" Batches="0" ActualElapsedms="0" ActualCPUms="0" ActualScans="0" ActualLogicalReads="0" ActualPhysicalReads="0" ActualReadAheads="0" ActualLobLogicalReads="0" ActualLobPhysicalReads="0" ActualLobReadAheads="0" ActualEndOfScans="0" ActualExecutions="0" ActualExecutionMode="Row"></RunTimeCountersPerThread><RunTimeCountersPerThread Thread="7" ActualRows="0" Batches="0" ActualElapsedms="0" ActualCPUms="0" ActualScans="0" ActualLogicalReads="0" ActualPhysicalReads="0" ActualReadAheads="0" ActualLobLogicalReads="0" ActualLobPhysicalReads="0" ActualLobReadAheads="0" ActualEndOfScans="0" ActualExecutions="0" ActualExecutionMode="Row"></RunTimeCountersPerThread><RunTimeCountersPerThread Thread="6" ActualRows="0" Batches="0" ActualElapsedms="0" ActualCPUms="0" ActualScans="0" ActualLogicalReads="0" ActualPhysicalReads="0" ActualReadAheads="0" ActualLobLogicalReads="0" ActualLobPhysicalReads="0" ActualLobReadAheads="0" ActualEndOfScans="0" ActualExecutions="0" ActualExecutionMode="Row"></RunTimeCountersPerThread><RunTimeCountersPerThread Thread="5" ActualRows="0" Batches="0" ActualElapsedms="0" ActualCPUms="0" ActualScans="0" ActualLogicalReads="0" ActualPhysicalReads="0" ActualReadAheads="0" ActualLobLogicalReads="0" ActualLobPhysicalReads="0" ActualLobReadAheads="0" ActualEndOfScans="0" ActualExecutions="0" ActualExecutionMode="Row"></RunTimeCountersPerThread><RunTimeCountersPerThread Thread="4" ActualRows="0" Batches="0" ActualElapsedms="0" ActualCPUms="0" ActualScans="0" ActualLogicalReads="0" ActualPhysicalReads="0" ActualReadAheads="0" ActualLobLogicalReads="0" ActualLobPhysicalReads="0" ActualLobReadAheads="0" ActualEndOfScans="0" ActualExecutions="0" ActualExecutionMode="Row"></RunTimeCountersPerThread><RunTimeCountersPerThread Thread="3" ActualRows="0" Batches="0" ActualElapsedms="0" ActualCPUms="0" ActualScans="0" ActualLogicalReads="0" ActualPhysicalReads="0" ActualReadAheads="0" ActualLobLogicalReads="0" ActualLobPhysicalReads="0" ActualLobReadAheads="0" ActualEndOfScans="0" ActualExecutions="0" ActualExecutionMode="Row"></RunTimeCountersPerThread><RunTimeCountersPerThread Thread="2" ActualRows="0" Batches="0" ActualElapsedms="0" ActualCPUms="0" ActualScans="0" ActualLogicalReads="0" ActualPhysicalReads="0" ActualReadAheads="0" ActualLobLogicalReads="0" ActualLobPhysicalReads="0" ActualLobReadAheads="0" ActualEndOfScans="0" ActualExecutions="0" ActualExecutionMode="Row"></RunTimeCountersPerThread><RunTimeCountersPerThread Thread="1" ActualRows="0" Batches="0" ActualElapsedms="0" ActualCPUms="0" ActualScans="0" ActualLogicalReads="0" ActualPhysicalReads="0" ActualReadAheads="0" ActualLobLogicalReads="0" ActualLobPhysicalReads="0" ActualLobReadAheads="0" ActualEndOfScans="0" ActualExecutions="0" ActualExecutionMode="Row"></RunTimeCountersPerThread><RunTimeCountersPerThread Thread="0" ActualRows="0" Batches="0" ActualElapsedms="0" ActualCPUms="0" ActualScans="0" ActualLogicalReads="0" ActualPhysicalReads="0" ActualReadAheads="0" ActualLobLogicalReads="0" ActualLobPhysicalReads="0" ActualLobReadAheads="0" ActualEndOfScans="0" ActualExecutions="0" ActualExecutionMode="Row"></RunTimeCountersPerThread></RunTimeInformation><IndexScan Ordered="0" ForcedIndex="0" ForceSeek="0" ForceScan="0" NoExpandHint="0" Storage="RowStore"><DefinedValues><DefinedValue><ColumnReference Database="[tpch]" Schema="[dbo]" Table="[orders]" Alias="[o]" Column="O_OrderKey"></ColumnReference></DefinedValue><DefinedValue><ColumnReference Database="[tpch]" Schema="[dbo]" Table="[orders]" Alias="[o]" Column="O_CustKey"></ColumnReference></DefinedValue></DefinedValues><Object Database="[tpch]" Schema="[dbo]" Table="[orders]" Index="[&lt;Name of Missing Index, sysname,&gt;]" Alias="[o]" TableReferenceId="1" IndexKind="NonClustered" Storage="RowStore"></Object></IndexScan></RelOp></Spool></RelOp><RelOp NodeId="40" PhysicalOp="Clustered Index Seek" LogicalOp="Clustered Index Seek" EstimateRows="1" EstimatedRowsRead="1" EstimateIO="0.003125" EstimateCPU="0.0001581" AvgRowSize="11" EstimatedTotalSubtreeCost="7.56969" TableCardinality="150000" Parallel="1" EstimateRebinds="34983.9" EstimateRewinds="0" EstimatedExecutionMode="Row"><OutputList><ColumnReference Database="[tpch]" Schema="[dbo]" Table="[customer]" Alias="[c]" Column="C_NationKey"></ColumnReference></OutputList><RunTimeInformation><RunTimeCountersPerThread Thread="12" ActualRows="7949" Batches="0" ActualElapsedms="36" ActualCPUms="36" ActualScans="0" ActualLogicalReads="23847" ActualPhysicalReads="0" ActualReadAheads="0" ActualLobLogicalReads="0" ActualLobPhysicalReads="0" ActualLobReadAheads="0" ActualRowsRead="7949" ActualEndOfScans="0" ActualExecutions="7949" ActualExecutionMode="Row"></RunTimeCountersPerThread><RunTimeCountersPerThread Thread="11" ActualRows="6359" Batches="0" ActualElapsedms="49" ActualCPUms="49" ActualScans="0" ActualLogicalReads="19077" ActualPhysicalReads="0" ActualReadAheads="0" ActualLobLogicalReads="0" ActualLobPhysicalReads="0" ActualLobReadAheads="0" ActualRowsRead="6359" ActualEndOfScans="0" ActualExecutions="6359" ActualExecutionMode="Row"></RunTimeCountersPerThread><RunTimeCountersPerThread Thread="10" ActualRows="6249" Batches="0" ActualElapsedms="35" ActualCPUms="35" ActualScans="0" ActualLogicalReads="18747" ActualPhysicalReads="0" ActualReadAheads="0" ActualLobLogicalReads="0" ActualLobPhysicalReads="0" ActualLobReadAheads="0" ActualRowsRead="6249" ActualEndOfScans="0" ActualExecutions="6249" ActualExecutionMode="Row"></RunTimeCountersPerThread><RunTimeCountersPerThread Thread="9" ActualRows="6386" Batches="0" ActualElapsedms="32" ActualCPUms="32" ActualScans="0" ActualLogicalReads="19158" ActualPhysicalReads="0" ActualReadAheads="0" ActualLobLogicalReads="0" ActualLobPhysicalReads="0" ActualLobReadAheads="0" ActualRowsRead="6386" ActualEndOfScans="0" ActualExecutions="6386" ActualExecutionMode="Row"></RunTimeCountersPerThread><RunTimeCountersPerThread Thread="8" ActualRows="6209" Batches="0" ActualElapsedms="31" ActualCPUms="31" ActualScans="0" ActualLogicalReads="18627" ActualPhysicalReads="0" ActualReadAheads="0" ActualLobLogicalReads="0" ActualLobPhysicalReads="0" ActualLobReadAheads="0" ActualRowsRead="6209" ActualEndOfScans="0" ActualExecutions="6209" ActualExecutionMode="Row"></RunTimeCountersPerThread><RunTimeCountersPerThread Thread="7" ActualRows="6049" Batches="0" ActualElapsedms="38" ActualCPUms="38" ActualScans="0" ActualLogicalReads="18147" ActualPhysicalReads="0" ActualReadAheads="0" ActualLobLogicalReads="0" ActualLobPhysicalReads="0" ActualLobReadAheads="0" ActualRowsRead="6049" ActualEndOfScans="0" ActualExecutions="6049" ActualExecutionMode="Row"></RunTimeCountersPerThread><RunTimeCountersPerThread Thread="6" ActualRows="6033" Batches="0" ActualElapsedms="24" ActualCPUms="24" ActualScans="0" ActualLogicalReads="18099" ActualPhysicalReads="0" ActualReadAheads="0" ActualLobLogicalReads="0" ActualLobPhysicalReads="0" ActualLobReadAheads="0" ActualRowsRead="6033" ActualEndOfScans="0" ActualExecutions="6033" ActualExecutionMode="Row"></RunTimeCountersPerThread><RunTimeCountersPerThread Thread="5" ActualRows="5951" Batches="0" ActualElapsedms="35" ActualCPUms="35" ActualScans="0" ActualLogicalReads="17853" ActualPhysicalReads="0" ActualReadAheads="0" ActualLobLogicalReads="0" ActualLobPhysicalReads="0" ActualLobReadAheads="0" ActualRowsRead="5951" ActualEndOfScans="0" ActualExecutions="5951" ActualExecutionMode="Row"></RunTimeCountersPerThread><RunTimeCountersPerThread Thread="4" ActualRows="6247" Batches="0" ActualElapsedms="32" ActualCPUms="32" ActualScans="0" ActualLogicalReads="18741" ActualPhysicalReads="0" ActualReadAheads="0" ActualLobLogicalReads="0" ActualLobPhysicalReads="0" ActualLobReadAheads="0" ActualRowsRead="6247" ActualEndOfScans="0" ActualExecutions="6247" ActualExecutionMode="Row"></RunTimeCountersPerThread><RunTimeCountersPerThread Thread="3" ActualRows="5973" Batches="0" ActualElapsedms="24" ActualCPUms="24" ActualScans="0" ActualLogicalReads="17919" ActualPhysicalReads="0" ActualReadAheads="0" ActualLobLogicalReads="0" ActualLobPhysicalReads="0" ActualLobReadAheads="0" ActualRowsRead="5973" ActualEndOfScans="0" ActualExecutions="5973" ActualExecutionMode="Row"></RunTimeCountersPerThread><RunTimeCountersPerThread Thread="2" ActualRows="4085" Batches="0" ActualElapsedms="31" ActualCPUms="31" ActualScans="0" ActualLogicalReads="12255" ActualPhysicalReads="0" ActualReadAheads="0" ActualLobLogicalReads="0" ActualLobPhysicalReads="0" ActualLobReadAheads="0" ActualRowsRead="4085" ActualEndOfScans="0" ActualExecutions="4085" ActualExecutionMode="Row"></RunTimeCountersPerThread><RunTimeCountersPerThread Thread="1" ActualRows="5558" Batches="0" ActualElapsedms="31" ActualCPUms="31" ActualScans="0" ActualLogicalReads="16674" ActualPhysicalReads="0" ActualReadAheads="0" ActualLobLogicalReads="0" ActualLobPhysicalReads="0" ActualLobReadAheads="0" ActualRowsRead="5558" ActualEndOfScans="0" ActualExecutions="5558" ActualExecutionMode="Row"></RunTimeCountersPerThread><RunTimeCountersPerThread Thread="0" ActualRows="0" Batches="0" ActualElapsedms="0" ActualCPUms="0" ActualScans="0" ActualLogicalReads="0" ActualPhysicalReads="0" ActualReadAheads="0" ActualLobLogicalReads="0" ActualLobPhysicalReads="0" ActualLobReadAheads="0" ActualEndOfScans="0" ActualExecutions="0" ActualExecutionMode="Row"></RunTimeCountersPerThread></RunTimeInformation><IndexScan Ordered="1" ScanDirection="FORWARD" ForcedIndex="0" ForceSeek="0" ForceScan="0" NoExpandHint="0" Storage="RowStore"><DefinedValues><DefinedValue><ColumnReference Database="[tpch]" Schema="[dbo]" Table="[customer]" Alias="[c]" Column="C_NationKey"></ColumnReference></DefinedValue></DefinedValues><Object Database="[tpch]" Schema="[dbo]" Table="[customer]" Index="[PK__customer__48695B7174053BCB]" Alias="[c]" TableReferenceId="1" IndexKind="Clustered" Storage="RowStore"></Object><SeekPredicates><SeekPredicateNew><SeekKeys><Prefix ScanType="EQ"><RangeColumns><ColumnReference Database="[tpch]" Schema="[dbo]" Table="[customer]" Alias="[c]" Column="C_CustKey"></ColumnReference></RangeColumns><RangeExpressions><ScalarOperator ScalarString="[tpch].[dbo].[orders].[O_CustKey] as [o].[O_CustKey]"><Identifier><ColumnReference Database="[tpch]" Schema="[dbo]" Table="[orders]" Alias="[o]" Column="O_CustKey"></ColumnReference></Identifier></ScalarOperator></RangeExpressions></Prefix></SeekKeys></SeekPredicateNew></SeekPredicates></IndexScan></RelOp></NestedLoops></RelOp><RelOp NodeId="41" PhysicalOp="Clustered Index Seek" LogicalOp="Clustered Index Seek" EstimateRows="1" EstimatedRowsRead="1" EstimateIO="0.003125" EstimateCPU="0.0001581" AvgRowSize="11" EstimatedTotalSubtreeCost="5.53424" TableCardinality="25" Parallel="1" EstimateRebinds="34983.9" EstimateRewinds="0" EstimatedExecutionMode="Row"><OutputList><ColumnReference Database="[tpch]" Schema="[dbo]" Table="[nation]" Alias="[n]" Column="N_RegionKey"></ColumnReference></OutputList><RunTimeInformation><RunTimeCountersPerThread Thread="12" ActualRows="7949" Batches="0" ActualElapsedms="10" ActualCPUms="10" ActualScans="0" ActualLogicalReads="15898" ActualPhysicalReads="0" ActualReadAheads="0" ActualLobLogicalReads="0" ActualLobPhysicalReads="0" ActualLobReadAheads="0" ActualRowsRead="7949" ActualEndOfScans="0" ActualExecutions="7949" ActualExecutionMode="Row"></RunTimeCountersPerThread><RunTimeCountersPerThread Thread="11" ActualRows="6359" Batches="0" ActualElapsedms="10" ActualCPUms="10" ActualScans="0" ActualLogicalReads="12718" ActualPhysicalReads="0" ActualReadAheads="0" ActualLobLogicalReads="0" ActualLobPhysicalReads="0" ActualLobReadAheads="0" ActualRowsRead="6359" ActualEndOfScans="0" ActualExecutions="6359" ActualExecutionMode="Row"></RunTimeCountersPerThread><RunTimeCountersPerThread Thread="10" ActualRows="6249" Batches="0" ActualElapsedms="9" ActualCPUms="9" ActualScans="0" ActualLogicalReads="12498" ActualPhysicalReads="0" ActualReadAheads="0" ActualLobLogicalReads="0" ActualLobPhysicalReads="0" ActualLobReadAheads="0" ActualRowsRead="6249" ActualEndOfScans="0" ActualExecutions="6249" ActualExecutionMode="Row"></RunTimeCountersPerThread><RunTimeCountersPerThread Thread="9" ActualRows="6386" Batches="0" ActualElapsedms="10" ActualCPUms="10" ActualScans="0" ActualLogicalReads="12772" ActualPhysicalReads="0" ActualReadAheads="0" ActualLobLogicalReads="0" ActualLobPhysicalReads="0" ActualLobReadAheads="0" ActualRowsRead="6386" ActualEndOfScans="0" ActualExecutions="6386" ActualExecutionMode="Row"></RunTimeCountersPerThread><RunTimeCountersPerThread Thread="8" ActualRows="6209" Batches="0" ActualElapsedms="9" ActualCPUms="9" ActualScans="0" ActualLogicalReads="12418" ActualPhysicalReads="0" ActualReadAheads="0" ActualLobLogicalReads="0" ActualLobPhysicalReads="0" ActualLobReadAheads="0" ActualRowsRead="6209" ActualEndOfScans="0" ActualExecutions="6209" ActualExecutionMode="Row"></RunTimeCountersPerThread><RunTimeCountersPerThread Thread="7" ActualRows="6049" Batches="0" ActualElapsedms="10" ActualCPUms="10" ActualScans="0" ActualLogicalReads="12098" ActualPhysicalReads="0" ActualReadAheads="0" ActualLobLogicalReads="0" ActualLobPhysicalReads="0" ActualLobReadAheads="0" ActualRowsRead="6049" ActualEndOfScans="0" ActualExecutions="6049" ActualExecutionMode="Row"></RunTimeCountersPerThread><RunTimeCountersPerThread Thread="6" ActualRows="6033" Batches="0" ActualElapsedms="10" ActualCPUms="10" ActualScans="0" ActualLogicalReads="12066" ActualPhysicalReads="0" ActualReadAheads="0" ActualLobLogicalReads="0" ActualLobPhysicalReads="0" ActualLobReadAheads="0" ActualRowsRead="6033" ActualEndOfScans="0" ActualExecutions="6033" ActualExecutionMode="Row"></RunTimeCountersPerThread><RunTimeCountersPerThread Thread="5" ActualRows="5951" Batches="0" ActualElapsedms="10" ActualCPUms="10" ActualScans="0" ActualLogicalReads="11902" ActualPhysicalReads="0" ActualReadAheads="0" ActualLobLogicalReads="0" ActualLobPhysicalReads="0" ActualLobReadAheads="0" ActualRowsRead="5951" ActualEndOfScans="0" ActualExecutions="5951" ActualExecutionMode="Row"></RunTimeCountersPerThread><RunTimeCountersPerThread Thread="4" ActualRows="6247" Batches="0" ActualElapsedms="10" ActualCPUms="10" ActualScans="0" ActualLogicalReads="12494" ActualPhysicalReads="0" ActualReadAheads="0" ActualLobLogicalReads="0" ActualLobPhysicalReads="0" ActualLobReadAheads="0" ActualRowsRead="6247" ActualEndOfScans="0" ActualExecutions="6247" ActualExecutionMode="Row"></RunTimeCountersPerThread><RunTimeCountersPerThread Thread="3" ActualRows="5973" Batches="0" ActualElapsedms="10" ActualCPUms="10" ActualScans="0" ActualLogicalReads="11946" ActualPhysicalReads="0" ActualReadAheads="0" ActualLobLogicalReads="0" ActualLobPhysicalReads="0" ActualLobReadAheads="0" ActualRowsRead="5973" ActualEndOfScans="0" ActualExecutions="5973" ActualExecutionMode="Row"></RunTimeCountersPerThread><RunTimeCountersPerThread Thread="2" ActualRows="4085" Batches="0" ActualElapsedms="8" ActualCPUms="8" ActualScans="0" ActualLogicalReads="8170" ActualPhysicalReads="0" ActualReadAheads="0" ActualLobLogicalReads="0" ActualLobPhysicalReads="0" ActualLobReadAheads="0" ActualRowsRead="4085" ActualEndOfScans="0" ActualExecutions="4085" ActualExecutionMode="Row"></RunTimeCountersPerThread><RunTimeCountersPerThread Thread="1" ActualRows="5558" Batches="0" ActualElapsedms="8" ActualCPUms="8" ActualScans="0" ActualLogicalReads="11116" ActualPhysicalReads="0" ActualReadAheads="0" ActualLobLogicalReads="0" ActualLobPhysicalReads="0" ActualLobReadAheads="0" ActualRowsRead="5558" ActualEndOfScans="0" ActualExecutions="5558" ActualExecutionMode="Row"></RunTimeCountersPerThread><RunTimeCountersPerThread Thread="0" ActualRows="0" Batches="0" ActualElapsedms="0" ActualCPUms="0" ActualScans="0" ActualLogicalReads="0" ActualPhysicalReads="0" ActualReadAheads="0" ActualLobLogicalReads="0" ActualLobPhysicalReads="0" ActualLobReadAheads="0" ActualEndOfScans="0" ActualExecutions="0" ActualExecutionMode="Row"></RunTimeCountersPerThread></RunTimeInformation><IndexScan Ordered="1" ScanDirection="FORWARD" ForcedIndex="0" ForceSeek="0" ForceScan="0" NoExpandHint="0" Storage="RowStore"><DefinedValues><DefinedValue><ColumnReference Database="[tpch]" Schema="[dbo]" Table="[nation]" Alias="[n]" Column="N_RegionKey"></ColumnReference></DefinedValue></DefinedValues><Object Database="[tpch]" Schema="[dbo]" Table="[nation]" Index="[PK__nation__BD377952AE350C6C]" Alias="[n]" TableReferenceId="1" IndexKind="Clustered" Storage="RowStore"></Object><SeekPredicates><SeekPredicateNew><SeekKeys><Prefix ScanType="EQ"><RangeColumns><ColumnReference Database="[tpch]" Schema="[dbo]" Table="[nation]" Alias="[n]" Column="N_NationKey"></ColumnReference></RangeColumns><RangeExpressions><ScalarOperator ScalarString="[tpch].[dbo].[customer].[C_NationKey] as [c].[C_NationKey]"><Identifier><ColumnReference Database="[tpch]" Schema="[dbo]" Table="[customer]" Alias="[c]" Column="C_NationKey"></ColumnReference></Identifier></ScalarOperator></RangeExpressions></Prefix></SeekKeys></SeekPredicateNew></SeekPredicates></IndexScan></RelOp></NestedLoops></RelOp></StreamAggregate></RelOp><Predicate><ScalarOperator ScalarString="CASE WHEN [Expr1045]&gt;(1) THEN (0) ELSE NULL END"><IF><Condition><ScalarOperator><Compare CompareOp="GT"><ScalarOperator><Identifier><ColumnReference Column="Expr1045"></ColumnReference></Identifier></ScalarOperator><ScalarOperator><Const ConstValue="(1)"></Const></ScalarOperator></Compare></ScalarOperator></Condition><Then><ScalarOperator><Const ConstValue="(0)"></Const></ScalarOperator></Then><Else><ScalarOperator><Const ConstValue="NULL"></Const></ScalarOperator></Else></IF></ScalarOperator></Predicate></Assert></RelOp><RelOp NodeId="42" PhysicalOp="Assert" LogicalOp="Assert" EstimateRows="1" EstimateIO="0" EstimateCPU="4.8e-07" AvgRowSize="11" EstimatedTotalSubtreeCost="11.27" Parallel="1" EstimateRebinds="0" EstimateRewinds="34983.9" EstimatedExecutionMode="Row"><OutputList><ColumnReference Column="Expr1048"></ColumnReference></OutputList><RunTimeInformation><RunTimeCountersPerThread Thread="12" ActualRows="7949" Batches="0" ActualElapsedms="58" ActualCPUms="58" ActualEndOfScans="6400" ActualExecutions="7949" ActualExecutionMode="Row"></RunTimeCountersPerThread><RunTimeCountersPerThread Thread="11" ActualRows="6359" Batches="0" ActualElapsedms="40" ActualCPUms="40" ActualEndOfScans="5102" ActualExecutions="6359" ActualExecutionMode="Row"></RunTimeCountersPerThread><RunTimeCountersPerThread Thread="10" ActualRows="6249" Batches="0" ActualElapsedms="39" ActualCPUms="39" ActualEndOfScans="5011" ActualExecutions="6249" ActualExecutionMode="Row"></RunTimeCountersPerThread><RunTimeCountersPerThread Thread="9" ActualRows="6386" Batches="0" ActualElapsedms="40" ActualCPUms="40" ActualEndOfScans="5085" ActualExecutions="6386" ActualExecutionMode="Row"></RunTimeCountersPerThread><RunTimeCountersPerThread Thread="8" ActualRows="6209" Batches="0" ActualElapsedms="46" ActualCPUms="46" ActualEndOfScans="4996" ActualExecutions="6209" ActualExecutionMode="Row"></RunTimeCountersPerThread><RunTimeCountersPerThread Thread="7" ActualRows="6049" Batches="0" ActualElapsedms="45" ActualCPUms="45" ActualEndOfScans="4834" ActualExecutions="6049" ActualExecutionMode="Row"></RunTimeCountersPerThread><RunTimeCountersPerThread Thread="6" ActualRows="6033" Batches="0" ActualElapsedms="41" ActualCPUms="41" ActualEndOfScans="4856" ActualExecutions="6033" ActualExecutionMode="Row"></RunTimeCountersPerThread><RunTimeCountersPerThread Thread="5" ActualRows="5951" Batches="0" ActualElapsedms="58" ActualCPUms="58" ActualEndOfScans="4820" ActualExecutions="5951" ActualExecutionMode="Row"></RunTimeCountersPerThread><RunTimeCountersPerThread Thread="4" ActualRows="6247" Batches="0" ActualElapsedms="44" ActualCPUms="44" ActualEndOfScans="4941" ActualExecutions="6247" ActualExecutionMode="Row"></RunTimeCountersPerThread><RunTimeCountersPerThread Thread="3" ActualRows="5973" Batches="0" ActualElapsedms="45" ActualCPUms="45" ActualEndOfScans="4762" ActualExecutions="5973" ActualExecutionMode="Row"></RunTimeCountersPerThread><RunTimeCountersPerThread Thread="2" ActualRows="4085" Batches="0" ActualElapsedms="50" ActualCPUms="50" ActualEndOfScans="3257" ActualExecutions="4085" ActualExecutionMode="Row"></RunTimeCountersPerThread><RunTimeCountersPerThread Thread="1" ActualRows="5558" Batches="0" ActualElapsedms="57" ActualCPUms="57" ActualEndOfScans="4427" ActualExecutions="5558" ActualExecutionMode="Row"></RunTimeCountersPerThread><RunTimeCountersPerThread Thread="0" ActualRows="0" Batches="0" ActualElapsedms="0" ActualCPUms="0" ActualEndOfScans="0" ActualExecutions="0" ActualExecutionMode="Row"></RunTimeCountersPerThread></RunTimeInformation><Assert StartupExpression="0"><RelOp NodeId="43" PhysicalOp="Stream Aggregate" LogicalOp="Aggregate" EstimateRows="1" EstimateIO="0" EstimateCPU="1.1e-06" AvgRowSize="19" EstimatedTotalSubtreeCost="11.2532" Parallel="1" EstimateRebinds="0" EstimateRewinds="34983.9" EstimatedExecutionMode="Row"><OutputList><ColumnReference Column="Expr1047"></ColumnReference><ColumnReference Column="Expr1048"></ColumnReference></OutputList><RunTimeInformation><RunTimeCountersPerThread Thread="12" ActualRows="7949" Batches="0" ActualElapsedms="57" ActualCPUms="57" ActualEndOfScans="6400" ActualExecutions="7949" ActualExecutionMode="Row"></RunTimeCountersPerThread><RunTimeCountersPerThread Thread="11" ActualRows="6359" Batches="0" ActualElapsedms="39" ActualCPUms="39" ActualEndOfScans="5102" ActualExecutions="6359" ActualExecutionMode="Row"></RunTimeCountersPerThread><RunTimeCountersPerThread Thread="10" ActualRows="6249" Batches="0" ActualElapsedms="37" ActualCPUms="37" ActualEndOfScans="5011" ActualExecutions="6249" ActualExecutionMode="Row"></RunTimeCountersPerThread><RunTimeCountersPerThread Thread="9" ActualRows="6386" Batches="0" ActualElapsedms="39" ActualCPUms="39" ActualEndOfScans="5085" ActualExecutions="6386" ActualExecutionMode="Row"></RunTimeCountersPerThread><RunTimeCountersPerThread Thread="8" ActualRows="6209" Batches="0" ActualElapsedms="44" ActualCPUms="44" ActualEndOfScans="4996" ActualExecutions="6209" ActualExecutionMode="Row"></RunTimeCountersPerThread><RunTimeCountersPerThread Thread="7" ActualRows="6049" Batches="0" ActualElapsedms="43" ActualCPUms="43" ActualEndOfScans="4834" ActualExecutions="6049" ActualExecutionMode="Row"></RunTimeCountersPerThread><RunTimeCountersPerThread Thread="6" ActualRows="6033" Batches="0" ActualElapsedms="39" ActualCPUms="39" ActualEndOfScans="4856" ActualExecutions="6033" ActualExecutionMode="Row"></RunTimeCountersPerThread><RunTimeCountersPerThread Thread="5" ActualRows="5951" Batches="0" ActualElapsedms="57" ActualCPUms="57" ActualEndOfScans="4820" ActualExecutions="5951" ActualExecutionMode="Row"></RunTimeCountersPerThread><RunTimeCountersPerThread Thread="4" ActualRows="6247" Batches="0" ActualElapsedms="43" ActualCPUms="43" ActualEndOfScans="4941" ActualExecutions="6247" ActualExecutionMode="Row"></RunTimeCountersPerThread><RunTimeCountersPerThread Thread="3" ActualRows="5973" Batches="0" ActualElapsedms="43" ActualCPUms="43" ActualEndOfScans="4762" ActualExecutions="5973" ActualExecutionMode="Row"></RunTimeCountersPerThread><RunTimeCountersPerThread Thread="2" ActualRows="4085" Batches="0" ActualElapsedms="49" ActualCPUms="49" ActualEndOfScans="3257" ActualExecutions="4085" ActualExecutionMode="Row"></RunTimeCountersPerThread><RunTimeCountersPerThread Thread="1" ActualRows="5558" Batches="0" ActualElapsedms="56" ActualCPUms="56" ActualEndOfScans="4427" ActualExecutions="5558" ActualExecutionMode="Row"></RunTimeCountersPerThread><RunTimeCountersPerThread Thread="0" ActualRows="0" Batches="0" ActualElapsedms="0" ActualCPUms="0" ActualEndOfScans="0" ActualExecutions="0" ActualExecutionMode="Row"></RunTimeCountersPerThread></RunTimeInformation><StreamAggregate><DefinedValues><DefinedValue><ColumnReference Column="Expr1047"></ColumnReference><ScalarOperator ScalarString="Count(*)"><Aggregate AggType="countstar" Distinct="0"></Aggregate></ScalarOperator></DefinedValue><DefinedValue><ColumnReference Column="Expr1048"></ColumnReference><ScalarOperator ScalarString="ANY([tpch].[dbo].[nation].[N_RegionKey] as [n2].[N_RegionKey])"><Aggregate Distinct="0" AggType="ANY"><ScalarOperator><Identifier><ColumnReference Database="[tpch]" Schema="[dbo]" Table="[nation]" Alias="[n2]" Column="N_RegionKey"></ColumnReference></Identifier></ScalarOperator></Aggregate></ScalarOperator></DefinedValue></DefinedValues><RelOp NodeId="44" PhysicalOp="Nested Loops" LogicalOp="Inner Join" EstimateRows="1" EstimateIO="0" EstimateCPU="4.18e-06" AvgRowSize="11" EstimatedTotalSubtreeCost="11.2147" Parallel="1" EstimateRebinds="0" EstimateRewinds="34983.9" EstimatedExecutionMode="Row"><OutputList><ColumnReference Database="[tpch]" Schema="[dbo]" Table="[nation]" Alias="[n2]" Column="N_RegionKey"></ColumnReference></OutputList><RunTimeInformation><RunTimeCountersPerThread Thread="12" ActualRows="7949" Batches="0" ActualElapsedms="56" ActualCPUms="56" ActualEndOfScans="7949" ActualExecutions="7949" ActualExecutionMode="Row"></RunTimeCountersPerThread><RunTimeCountersPerThread Thread="11" ActualRows="6359" Batches="0" ActualElapsedms="37" ActualCPUms="37" ActualEndOfScans="6359" ActualExecutions="6359" ActualExecutionMode="Row"></RunTimeCountersPerThread><RunTimeCountersPerThread Thread="10" ActualRows="6249" Batches="0" ActualElapsedms="36" ActualCPUms="36" ActualEndOfScans="6249" ActualExecutions="6249" ActualExecutionMode="Row"></RunTimeCountersPerThread><RunTimeCountersPerThread Thread="9" ActualRows="6386" Batches="0" ActualElapsedms="37" ActualCPUms="37" ActualEndOfScans="6386" ActualExecutions="6386" ActualExecutionMode="Row"></RunTimeCountersPerThread><RunTimeCountersPerThread Thread="8" ActualRows="6209" Batches="0" ActualElapsedms="43" ActualCPUms="43" ActualEndOfScans="6209" ActualExecutions="6209" ActualExecutionMode="Row"></RunTimeCountersPerThread><RunTimeCountersPerThread Thread="7" ActualRows="6049" Batches="0" ActualElapsedms="42" ActualCPUms="41" ActualEndOfScans="6049" ActualExecutions="6049" ActualExecutionMode="Row"></RunTimeCountersPerThread><RunTimeCountersPerThread Thread="6" ActualRows="6033" Batches="0" ActualElapsedms="37" ActualCPUms="37" ActualEndOfScans="6033" ActualExecutions="6033" ActualExecutionMode="Row"></RunTimeCountersPerThread><RunTimeCountersPerThread Thread="5" ActualRows="5951" Batches="0" ActualElapsedms="55" ActualCPUms="55" ActualEndOfScans="5951" ActualExecutions="5951" ActualExecutionMode="Row"></RunTimeCountersPerThread><RunTimeCountersPerThread Thread="4" ActualRows="6247" Batches="0" ActualElapsedms="41" ActualCPUms="41" ActualEndOfScans="6247" ActualExecutions="6247" ActualExecutionMode="Row"></RunTimeCountersPerThread><RunTimeCountersPerThread Thread="3" ActualRows="5973" Batches="0" ActualElapsedms="41" ActualCPUms="41" ActualEndOfScans="5973" ActualExecutions="5973" ActualExecutionMode="Row"></RunTimeCountersPerThread><RunTimeCountersPerThread Thread="2" ActualRows="4085" Batches="0" ActualElapsedms="47" ActualCPUms="47" ActualEndOfScans="4085" ActualExecutions="4085" ActualExecutionMode="Row"></RunTimeCountersPerThread><RunTimeCountersPerThread Thread="1" ActualRows="5558" Batches="0" ActualElapsedms="55" ActualCPUms="55" ActualEndOfScans="5558" ActualExecutions="5558" ActualExecutionMode="Row"></RunTimeCountersPerThread><RunTimeCountersPerThread Thread="0" ActualRows="0" Batches="0" ActualElapsedms="0" ActualCPUms="0" ActualEndOfScans="0" ActualExecutions="0" ActualExecutionMode="Row"></RunTimeCountersPerThread></RunTimeInformation><NestedLoops Optimized="0"><OuterReferences><ColumnReference Database="[tpch]" Schema="[dbo]" Table="[customer]" Alias="[c2]" Column="C_NationKey"></ColumnReference></OuterReferences><RelOp NodeId="45" PhysicalOp="Clustered Index Seek" LogicalOp="Clustered Index Seek" EstimateRows="1" EstimatedRowsRead="1" EstimateIO="0.003125" EstimateCPU="0.0001581" AvgRowSize="11" EstimatedTotalSubtreeCost="5.53424" TableCardinality="150000" Parallel="1" EstimateRebinds="0" EstimateRewinds="34983.9" EstimatedExecutionMode="Row"><OutputList><ColumnReference Database="[tpch]" Schema="[dbo]" Table="[customer]" Alias="[c2]" Column="C_NationKey"></ColumnReference></OutputList><RunTimeInformation><RunTimeCountersPerThread Thread="12" ActualRows="7949" Batches="0" ActualElapsedms="40" ActualCPUms="40" ActualScans="0" ActualLogicalReads="23847" ActualPhysicalReads="0" ActualReadAheads="0" ActualLobLogicalReads="0" ActualLobPhysicalReads="0" ActualLobReadAheads="0" ActualRowsRead="7949" ActualEndOfScans="7949" ActualExecutions="7949" ActualExecutionMode="Row"></RunTimeCountersPerThread><RunTimeCountersPerThread Thread="11" ActualRows="6359" Batches="0" ActualElapsedms="23" ActualCPUms="23" ActualScans="0" ActualLogicalReads="19077" ActualPhysicalReads="0" ActualReadAheads="0" ActualLobLogicalReads="0" ActualLobPhysicalReads="0" ActualLobReadAheads="0" ActualRowsRead="6359" ActualEndOfScans="6359" ActualExecutions="6359" ActualExecutionMode="Row"></RunTimeCountersPerThread><RunTimeCountersPerThread Thread="10" ActualRows="6249" Batches="0" ActualElapsedms="22" ActualCPUms="22" ActualScans="0" ActualLogicalReads="18747" ActualPhysicalReads="0" ActualReadAheads="0" ActualLobLogicalReads="0" ActualLobPhysicalReads="0" ActualLobReadAheads="0" ActualRowsRead="6249" ActualEndOfScans="6249" ActualExecutions="6249" ActualExecutionMode="Row"></RunTimeCountersPerThread><RunTimeCountersPerThread Thread="9" ActualRows="6386" Batches="0" ActualElapsedms="23" ActualCPUms="23" ActualScans="0" ActualLogicalReads="19158" ActualPhysicalReads="0" ActualReadAheads="0" ActualLobLogicalReads="0" ActualLobPhysicalReads="0" ActualLobReadAheads="0" ActualRowsRead="6386" ActualEndOfScans="6386" ActualExecutions="6386" ActualExecutionMode="Row"></RunTimeCountersPerThread><RunTimeCountersPerThread Thread="8" ActualRows="6209" Batches="0" ActualElapsedms="30" ActualCPUms="30" ActualScans="0" ActualLogicalReads="18627" ActualPhysicalReads="0" ActualReadAheads="0" ActualLobLogicalReads="0" ActualLobPhysicalReads="0" ActualLobReadAheads="0" ActualRowsRead="6209" ActualEndOfScans="6209" ActualExecutions="6209" ActualExecutionMode="Row"></RunTimeCountersPerThread><RunTimeCountersPerThread Thread="7" ActualRows="6049" Batches="0" ActualElapsedms="28" ActualCPUms="28" ActualScans="0" ActualLogicalReads="18147" ActualPhysicalReads="0" ActualReadAheads="0" ActualLobLogicalReads="0" ActualLobPhysicalReads="0" ActualLobReadAheads="0" ActualRowsRead="6049" ActualEndOfScans="6049" ActualExecutions="6049" ActualExecutionMode="Row"></RunTimeCountersPerThread><RunTimeCountersPerThread Thread="6" ActualRows="6033" Batches="0" ActualElapsedms="23" ActualCPUms="23" ActualScans="0" ActualLogicalReads="18099" ActualPhysicalReads="0" ActualReadAheads="0" ActualLobLogicalReads="0" ActualLobPhysicalReads="0" ActualLobReadAheads="0" ActualRowsRead="6033" ActualEndOfScans="6033" ActualExecutions="6033" ActualExecutionMode="Row"></RunTimeCountersPerThread><RunTimeCountersPerThread Thread="5" ActualRows="5951" Batches="0" ActualElapsedms="41" ActualCPUms="41" ActualScans="0" ActualLogicalReads="17853" ActualPhysicalReads="0" ActualReadAheads="0" ActualLobLogicalReads="0" ActualLobPhysicalReads="0" ActualLobReadAheads="0" ActualRowsRead="5951" ActualEndOfScans="5951" ActualExecutions="5951" ActualExecutionMode="Row"></RunTimeCountersPerThread><RunTimeCountersPerThread Thread="4" ActualRows="6247" Batches="0" ActualElapsedms="27" ActualCPUms="27" ActualScans="0" ActualLogicalReads="18741" ActualPhysicalReads="0" ActualReadAheads="0" ActualLobLogicalReads="0" ActualLobPhysicalReads="0" ActualLobReadAheads="0" ActualRowsRead="6247" ActualEndOfScans="6247" ActualExecutions="6247" ActualExecutionMode="Row"></RunTimeCountersPerThread><RunTimeCountersPerThread Thread="3" ActualRows="5973" Batches="0" ActualElapsedms="27" ActualCPUms="27" ActualScans="0" ActualLogicalReads="17919" ActualPhysicalReads="0" ActualReadAheads="0" ActualLobLogicalReads="0" ActualLobPhysicalReads="0" ActualLobReadAheads="0" ActualRowsRead="5973" ActualEndOfScans="5973" ActualExecutions="5973" ActualExecutionMode="Row"></RunTimeCountersPerThread><RunTimeCountersPerThread Thread="2" ActualRows="4085" Batches="0" ActualElapsedms="35" ActualCPUms="35" ActualScans="0" ActualLogicalReads="12255" ActualPhysicalReads="0" ActualReadAheads="0" ActualLobLogicalReads="0" ActualLobPhysicalReads="0" ActualLobReadAheads="0" ActualRowsRead="4085" ActualEndOfScans="4085" ActualExecutions="4085" ActualExecutionMode="Row"></RunTimeCountersPerThread><RunTimeCountersPerThread Thread="1" ActualRows="5558" Batches="0" ActualElapsedms="39" ActualCPUms="39" ActualScans="0" ActualLogicalReads="16674" ActualPhysicalReads="0" ActualReadAheads="0" ActualLobLogicalReads="0" ActualLobPhysicalReads="0" ActualLobReadAheads="0" ActualRowsRead="5558" ActualEndOfScans="5558" ActualExecutions="5558" ActualExecutionMode="Row"></RunTimeCountersPerThread><RunTimeCountersPerThread Thread="0" ActualRows="0" Batches="0" ActualElapsedms="0" ActualCPUms="0" ActualScans="0" ActualLogicalReads="0" ActualPhysicalReads="0" ActualReadAheads="0" ActualLobLogicalReads="0" ActualLobPhysicalReads="0" ActualLobReadAheads="0" ActualEndOfScans="0" ActualExecutions="0" ActualExecutionMode="Row"></RunTimeCountersPerThread></RunTimeInformation><IndexScan Ordered="1" ScanDirection="FORWARD" ForcedIndex="0" ForceSeek="0" ForceScan="0" NoExpandHint="0" Storage="RowStore"><DefinedValues><DefinedValue><ColumnReference Database="[tpch]" Schema="[dbo]" Table="[customer]" Alias="[c2]" Column="C_NationKey"></ColumnReference></DefinedValue></DefinedValues><Object Database="[tpch]" Schema="[dbo]" Table="[customer]" Index="[PK__customer__48695B7174053BCB]" Alias="[c2]" TableReferenceId="1" IndexKind="Clustered" Storage="RowStore"></Object><SeekPredicates><SeekPredicateNew><SeekKeys><Prefix ScanType="EQ"><RangeColumns><ColumnReference Database="[tpch]" Schema="[dbo]" Table="[customer]" Alias="[c2]" Column="C_CustKey"></ColumnReference></RangeColumns><RangeExpressions><ScalarOperator ScalarString="(1111)"><Const ConstValue="(1111)"></Const></ScalarOperator></RangeExpressions></Prefix></SeekKeys></SeekPredicateNew></SeekPredicates></IndexScan></RelOp><RelOp NodeId="46" PhysicalOp="Clustered Index Seek" LogicalOp="Clustered Index Seek" EstimateRows="1" EstimatedRowsRead="1" EstimateIO="0.003125" EstimateCPU="0.0001581" AvgRowSize="11" EstimatedTotalSubtreeCost="5.53424" TableCardinality="25" Parallel="1" EstimateRebinds="0" EstimateRewinds="34983.9" EstimatedExecutionMode="Row"><OutputList><ColumnReference Database="[tpch]" Schema="[dbo]" Table="[nation]" Alias="[n2]" Column="N_RegionKey"></ColumnReference></OutputList><RunTimeInformation><RunTimeCountersPerThread Thread="12" ActualRows="7949" Batches="0" ActualElapsedms="10" ActualCPUms="10" ActualScans="0" ActualLogicalReads="15898" ActualPhysicalReads="0" ActualReadAheads="0" ActualLobLogicalReads="0" ActualLobPhysicalReads="0" ActualLobReadAheads="0" ActualRowsRead="7949" ActualEndOfScans="0" ActualExecutions="7949" ActualExecutionMode="Row"></RunTimeCountersPerThread><RunTimeCountersPerThread Thread="11" ActualRows="6359" Batches="0" ActualElapsedms="9" ActualCPUms="9" ActualScans="0" ActualLogicalReads="12718" ActualPhysicalReads="0" ActualReadAheads="0" ActualLobLogicalReads="0" ActualLobPhysicalReads="0" ActualLobReadAheads="0" ActualRowsRead="6359" ActualEndOfScans="0" ActualExecutions="6359" ActualExecutionMode="Row"></RunTimeCountersPerThread><RunTimeCountersPerThread Thread="10" ActualRows="6249" Batches="0" ActualElapsedms="9" ActualCPUms="9" ActualScans="0" ActualLogicalReads="12498" ActualPhysicalReads="0" ActualReadAheads="0" ActualLobLogicalReads="0" ActualLobPhysicalReads="0" ActualLobReadAheads="0" ActualRowsRead="6249" ActualEndOfScans="0" ActualExecutions="6249" ActualExecutionMode="Row"></RunTimeCountersPerThread><RunTimeCountersPerThread Thread="9" ActualRows="6386" Batches="0" ActualElapsedms="9" ActualCPUms="9" ActualScans="0" ActualLogicalReads="12772" ActualPhysicalReads="0" ActualReadAheads="0" ActualLobLogicalReads="0" ActualLobPhysicalReads="0" ActualLobReadAheads="0" ActualRowsRead="6386" ActualEndOfScans="0" ActualExecutions="6386" ActualExecutionMode="Row"></RunTimeCountersPerThread><RunTimeCountersPerThread Thread="8" ActualRows="6209" Batches="0" ActualElapsedms="8" ActualCPUms="8" ActualScans="0" ActualLogicalReads="12418" ActualPhysicalReads="0" ActualReadAheads="0" ActualLobLogicalReads="0" ActualLobPhysicalReads="0" ActualLobReadAheads="0" ActualRowsRead="6209" ActualEndOfScans="0" ActualExecutions="6209" ActualExecutionMode="Row"></RunTimeCountersPerThread><RunTimeCountersPerThread Thread="7" ActualRows="6049" Batches="0" ActualElapsedms="9" ActualCPUms="9" ActualScans="0" ActualLogicalReads="12098" ActualPhysicalReads="0" ActualReadAheads="0" ActualLobLogicalReads="0" ActualLobPhysicalReads="0" ActualLobReadAheads="0" ActualRowsRead="6049" ActualEndOfScans="0" ActualExecutions="6049" ActualExecutionMode="Row"></RunTimeCountersPerThread><RunTimeCountersPerThread Thread="6" ActualRows="6033" Batches="0" ActualElapsedms="9" ActualCPUms="9" ActualScans="0" ActualLogicalReads="12066" ActualPhysicalReads="0" ActualReadAheads="0" ActualLobLogicalReads="0" ActualLobPhysicalReads="0" ActualLobReadAheads="0" ActualRowsRead="6033" ActualEndOfScans="0" ActualExecutions="6033" ActualExecutionMode="Row"></RunTimeCountersPerThread><RunTimeCountersPerThread Thread="5" ActualRows="5951" Batches="0" ActualElapsedms="9" ActualCPUms="9" ActualScans="0" ActualLogicalReads="11902" ActualPhysicalReads="0" ActualReadAheads="0" ActualLobLogicalReads="0" ActualLobPhysicalReads="0" ActualLobReadAheads="0" ActualRowsRead="5951" ActualEndOfScans="0" ActualExecutions="5951" ActualExecutionMode="Row"></RunTimeCountersPerThread><RunTimeCountersPerThread Thread="4" ActualRows="6247" Batches="0" ActualElapsedms="9" ActualCPUms="9" ActualScans="0" ActualLogicalReads="12494" ActualPhysicalReads="0" ActualReadAheads="0" ActualLobLogicalReads="0" ActualLobPhysicalReads="0" ActualLobReadAheads="0" ActualRowsRead="6247" ActualEndOfScans="0" ActualExecutions="6247" ActualExecutionMode="Row"></RunTimeCountersPerThread><RunTimeCountersPerThread Thread="3" ActualRows="5973" Batches="0" ActualElapsedms="9" ActualCPUms="9" ActualScans="0" ActualLogicalReads="11946" ActualPhysicalReads="0" ActualReadAheads="0" ActualLobLogicalReads="0" ActualLobPhysicalReads="0" ActualLobReadAheads="0" ActualRowsRead="5973" ActualEndOfScans="0" ActualExecutions="5973" ActualExecutionMode="Row"></RunTimeCountersPerThread><RunTimeCountersPerThread Thread="2" ActualRows="4085" Batches="0" ActualElapsedms="7" ActualCPUms="7" ActualScans="0" ActualLogicalReads="8170" ActualPhysicalReads="0" ActualReadAheads="0" ActualLobLogicalReads="0" ActualLobPhysicalReads="0" ActualLobReadAheads="0" ActualRowsRead="4085" ActualEndOfScans="0" ActualExecutions="4085" ActualExecutionMode="Row"></RunTimeCountersPerThread><RunTimeCountersPerThread Thread="1" ActualRows="5558" Batches="0" ActualElapsedms="10" ActualCPUms="10" ActualScans="0" ActualLogicalReads="11116" ActualPhysicalReads="0" ActualReadAheads="0" ActualLobLogicalReads="0" ActualLobPhysicalReads="0" ActualLobReadAheads="0" ActualRowsRead="5558" ActualEndOfScans="0" ActualExecutions="5558" ActualExecutionMode="Row"></RunTimeCountersPerThread><RunTimeCountersPerThread Thread="0" ActualRows="0" Batches="0" ActualElapsedms="0" ActualCPUms="0" ActualScans="0" ActualLogicalReads="0" ActualPhysicalReads="0" ActualReadAheads="0" ActualLobLogicalReads="0" ActualLobPhysicalReads="0" ActualLobReadAheads="0" ActualEndOfScans="0" ActualExecutions="0" ActualExecutionMode="Row"></RunTimeCountersPerThread></RunTimeInformation><IndexScan Ordered="1" ScanDirection="FORWARD" ForcedIndex="0" ForceSeek="0" ForceScan="0" NoExpandHint="0" Storage="RowStore"><DefinedValues><DefinedValue><ColumnReference Database="[tpch]" Schema="[dbo]" Table="[nation]" Alias="[n2]" Column="N_RegionKey"></ColumnReference></DefinedValue></DefinedValues><Object Database="[tpch]" Schema="[dbo]" Table="[nation]" Index="[PK__nation__BD377952AE350C6C]" Alias="[n2]" TableReferenceId="1" IndexKind="Clustered" Storage="RowStore"></Object><SeekPredicates><SeekPredicateNew><SeekKeys><Prefix ScanType="EQ"><RangeColumns><ColumnReference Database="[tpch]" Schema="[dbo]" Table="[nation]" Alias="[n2]" Column="N_NationKey"></ColumnReference></RangeColumns><RangeExpressions><ScalarOperator ScalarString="[tpch].[dbo].[customer].[C_NationKey] as [c2].[C_NationKey]"><Identifier><ColumnReference Database="[tpch]" Schema="[dbo]" Table="[customer]" Alias="[c2]" Column="C_NationKey"></ColumnReference></Identifier></ScalarOperator></RangeExpressions></Prefix></SeekKeys></SeekPredicateNew></SeekPredicates></IndexScan></RelOp></NestedLoops></RelOp></StreamAggregate></RelOp><Predicate><ScalarOperator ScalarString="CASE WHEN [Expr1047]&gt;(1) THEN (0) ELSE NULL END"><IF><Condition><ScalarOperator><Compare CompareOp="GT"><ScalarOperator><Identifier><ColumnReference Column="Expr1047"></ColumnReference></Identifier></ScalarOperator><ScalarOperator><Const ConstValue="(1)"></Const></ScalarOperator></Compare></ScalarOperator></Condition><Then><ScalarOperator><Const ConstValue="(0)"></Const></ScalarOperator></Then><Else><ScalarOperator><Const ConstValue="NULL"></Const></ScalarOperator></Else></IF></ScalarOperator></Predicate></Assert></RelOp></NestedLoops></RelOp><RelOp NodeId="47" PhysicalOp="Filter" LogicalOp="Filter" EstimateRows="1" EstimateIO="0" EstimateCPU="8.8e-07" AvgRowSize="9" EstimatedTotalSubtreeCost="31.0572" Parallel="1" EstimateRebinds="34983.9" EstimateRewinds="0" EstimatedExecutionMode="Row"><OutputList></OutputList><RunTimeInformation><RunTimeCountersPerThread Thread="12" ActualRows="0" Batches="0" ActualElapsedms="15" ActualCPUms="15" ActualEndOfScans="1549" ActualExecutions="1549" ActualExecutionMode="Row"></RunTimeCountersPerThread><RunTimeCountersPerThread Thread="11" ActualRows="0" Batches="0" ActualElapsedms="17" ActualCPUms="17" ActualEndOfScans="1257" ActualExecutions="1257" ActualExecutionMode="Row"></RunTimeCountersPerThread><RunTimeCountersPerThread Thread="10" ActualRows="0" Batches="0" ActualElapsedms="15" ActualCPUms="15" ActualEndOfScans="1238" ActualExecutions="1238" ActualExecutionMode="Row"></RunTimeCountersPerThread><RunTimeCountersPerThread Thread="9" ActualRows="0" Batches="0" ActualElapsedms="17" ActualCPUms="17" ActualEndOfScans="1301" ActualExecutions="1301" ActualExecutionMode="Row"></RunTimeCountersPerThread><RunTimeCountersPerThread Thread="8" ActualRows="0" Batches="0" ActualElapsedms="14" ActualCPUms="14" ActualEndOfScans="1213" ActualExecutions="1213" ActualExecutionMode="Row"></RunTimeCountersPerThread><RunTimeCountersPerThread Thread="7" ActualRows="0" Batches="0" ActualElapsedms="16" ActualCPUms="16" ActualEndOfScans="1215" ActualExecutions="1215" ActualExecutionMode="Row"></RunTimeCountersPerThread><RunTimeCountersPerThread Thread="6" ActualRows="0" Batches="0" ActualElapsedms="16" ActualCPUms="16" ActualEndOfScans="1177" ActualExecutions="1177" ActualExecutionMode="Row"></RunTimeCountersPerThread><RunTimeCountersPerThread Thread="5" ActualRows="0" Batches="0" ActualElapsedms="16" ActualCPUms="16" ActualEndOfScans="1131" ActualExecutions="1131" ActualExecutionMode="Row"></RunTimeCountersPerThread><RunTimeCountersPerThread Thread="4" ActualRows="0" Batches="0" ActualElapsedms="18" ActualCPUms="18" ActualEndOfScans="1306" ActualExecutions="1306" ActualExecutionMode="Row"></RunTimeCountersPerThread><RunTimeCountersPerThread Thread="3" ActualRows="1" Batches="0" ActualElapsedms="17" ActualCPUms="17" ActualEndOfScans="1210" ActualExecutions="1211" ActualExecutionMode="Row"></RunTimeCountersPerThread><RunTimeCountersPerThread Thread="2" ActualRows="0" Batches="0" ActualElapsedms="12" ActualCPUms="12" ActualEndOfScans="828" ActualExecutions="828" ActualExecutionMode="Row"></RunTimeCountersPerThread><RunTimeCountersPerThread Thread="1" ActualRows="0" Batches="0" ActualElapsedms="11" ActualCPUms="11" ActualEndOfScans="1131" ActualExecutions="1131" ActualExecutionMode="Row"></RunTimeCountersPerThread><RunTimeCountersPerThread Thread="0" ActualRows="0" Batches="0" ActualElapsedms="0" ActualCPUms="0" ActualEndOfScans="0" ActualExecutions="0" ActualExecutionMode="Row"></RunTimeCountersPerThread></RunTimeInformation><Filter StartupExpression="0"><RelOp NodeId="48" PhysicalOp="Compute Scalar" LogicalOp="Compute Scalar" EstimateRows="1" EstimateIO="0" EstimateCPU="0" AvgRowSize="11" EstimatedTotalSubtreeCost="31.0572" Parallel="1" EstimateRebinds="34983.9" EstimateRewinds="0" EstimatedExecutionMode="Row"><OutputList><ColumnReference Column="Expr1003"></ColumnReference></OutputList><ComputeScalar><DefinedValues><DefinedValue><ColumnReference Column="Expr1003"></ColumnReference><ScalarOperator ScalarString="CASE WHEN [Expr1248]=(0) THEN NULL ELSE [Expr1249] END"><IF><Condition><ScalarOperator><Compare CompareOp="EQ"><ScalarOperator><Identifier><ColumnReference Column="Expr1248"></ColumnReference></Identifier></ScalarOperator><ScalarOperator><Const ConstValue="(0)"></Const></ScalarOperator></Compare></ScalarOperator></Condition><Then><ScalarOperator><Const ConstValue="NULL"></Const></ScalarOperator></Then><Else><ScalarOperator><Identifier><ColumnReference Column="Expr1249"></ColumnReference></Identifier></ScalarOperator></Else></IF></ScalarOperator></DefinedValue></DefinedValues><RelOp NodeId="49" PhysicalOp="Stream Aggregate" LogicalOp="Aggregate" EstimateRows="1" EstimateIO="0" EstimateCPU="1.85036e-05" AvgRowSize="11" EstimatedTotalSubtreeCost="31.0572" Parallel="1" EstimateRebinds="34983.9" EstimateRewinds="0" EstimatedExecutionMode="Row"><OutputList><ColumnReference Column="Expr1248"></ColumnReference><ColumnReference Column="Expr1249"></ColumnReference></OutputList><RunTimeInformation><RunTimeCountersPerThread Thread="12" ActualRows="1549" Batches="0" ActualElapsedms="15" ActualCPUms="15" ActualEndOfScans="1549" ActualExecutions="1549" ActualExecutionMode="Row"></RunTimeCountersPerThread><RunTimeCountersPerThread Thread="11" ActualRows="1257" Batches="0" ActualElapsedms="16" ActualCPUms="16" ActualEndOfScans="1257" ActualExecutions="1257" ActualExecutionMode="Row"></RunTimeCountersPerThread><RunTimeCountersPerThread Thread="10" ActualRows="1238" Batches="0" ActualElapsedms="15" ActualCPUms="15" ActualEndOfScans="1238" ActualExecutions="1238" ActualExecutionMode="Row"></RunTimeCountersPerThread><RunTimeCountersPerThread Thread="9" ActualRows="1301" Batches="0" ActualElapsedms="16" ActualCPUms="16" ActualEndOfScans="1301" ActualExecutions="1301" ActualExecutionMode="Row"></RunTimeCountersPerThread><RunTimeCountersPerThread Thread="8" ActualRows="1213" Batches="0" ActualElapsedms="13" ActualCPUms="13" ActualEndOfScans="1213" ActualExecutions="1213" ActualExecutionMode="Row"></RunTimeCountersPerThread><RunTimeCountersPerThread Thread="7" ActualRows="1215" Batches="0" ActualElapsedms="15" ActualCPUms="15" ActualEndOfScans="1215" ActualExecutions="1215" ActualExecutionMode="Row"></RunTimeCountersPerThread><RunTimeCountersPerThread Thread="6" ActualRows="1177" Batches="0" ActualElapsedms="16" ActualCPUms="16" ActualEndOfScans="1177" ActualExecutions="1177" ActualExecutionMode="Row"></RunTimeCountersPerThread><RunTimeCountersPerThread Thread="5" ActualRows="1131" Batches="0" ActualElapsedms="15" ActualCPUms="15" ActualEndOfScans="1131" ActualExecutions="1131" ActualExecutionMode="Row"></RunTimeCountersPerThread><RunTimeCountersPerThread Thread="4" ActualRows="1306" Batches="0" ActualElapsedms="17" ActualCPUms="17" ActualEndOfScans="1306" ActualExecutions="1306" ActualExecutionMode="Row"></RunTimeCountersPerThread><RunTimeCountersPerThread Thread="3" ActualRows="1211" Batches="0" ActualElapsedms="16" ActualCPUms="16" ActualEndOfScans="1210" ActualExecutions="1211" ActualExecutionMode="Row"></RunTimeCountersPerThread><RunTimeCountersPerThread Thread="2" ActualRows="828" Batches="0" ActualElapsedms="11" ActualCPUms="11" ActualEndOfScans="828" ActualExecutions="828" ActualExecutionMode="Row"></RunTimeCountersPerThread><RunTimeCountersPerThread Thread="1" ActualRows="1131" Batches="0" ActualElapsedms="11" ActualCPUms="11" ActualEndOfScans="1131" ActualExecutions="1131" ActualExecutionMode="Row"></RunTimeCountersPerThread><RunTimeCountersPerThread Thread="0" ActualRows="0" Batches="0" ActualElapsedms="0" ActualCPUms="0" ActualEndOfScans="0" ActualExecutions="0" ActualExecutionMode="Row"></RunTimeCountersPerThread></RunTimeInformation><StreamAggregate><DefinedValues><DefinedValue><ColumnReference Column="Expr1248"></ColumnReference><ScalarOperator ScalarString="COUNT_BIG([tpch].[dbo].[lineitem].[L_Quantity] as [l2].[L_Quantity])"><Aggregate Distinct="0" AggType="COUNT_BIG"><ScalarOperator><Identifier><ColumnReference Database="[tpch]" Schema="[dbo]" Table="[lineitem]" Alias="[l2]" Column="L_Quantity"></ColumnReference></Identifier></ScalarOperator></Aggregate></ScalarOperator></DefinedValue><DefinedValue><ColumnReference Column="Expr1249"></ColumnReference><ScalarOperator ScalarString="SUM([tpch].[dbo].[lineitem].[L_Quantity] as [l2].[L_Quantity])"><Aggregate Distinct="0" AggType="SUM"><ScalarOperator><Identifier><ColumnReference Database="[tpch]" Schema="[dbo]" Table="[lineitem]" Alias="[l2]" Column="L_Quantity"></ColumnReference></Identifier></ScalarOperator></Aggregate></ScalarOperator></DefinedValue></DefinedValues><RelOp NodeId="50" PhysicalOp="Index Seek" LogicalOp="Index Seek" EstimateRows="30.0061" EstimatedRowsRead="30.0061" EstimateIO="0.003125" EstimateCPU="0.000190007" AvgRowSize="11" EstimatedTotalSubtreeCost="31.0572" TableCardinality="6.00122e+06" Parallel="1" EstimateRebinds="34983.9" EstimateRewinds="0" EstimatedExecutionMode="Row"><OutputList><ColumnReference Database="[tpch]" Schema="[dbo]" Table="[lineitem]" Alias="[l2]" Column="L_Quantity"></ColumnReference></OutputList><RunTimeInformation><RunTimeCountersPerThread Thread="12" ActualRows="47972" Batches="0" ActualElapsedms="12" ActualCPUms="12" ActualScans="1549" ActualLogicalReads="8573" ActualPhysicalReads="0" ActualReadAheads="0" ActualLobLogicalReads="0" ActualLobPhysicalReads="0" ActualLobReadAheads="0" ActualRowsRead="47972" ActualEndOfScans="1549" ActualExecutions="1549" ActualExecutionMode="Row"></RunTimeCountersPerThread><RunTimeCountersPerThread Thread="11" ActualRows="39314" Batches="0" ActualElapsedms="13" ActualCPUms="13" ActualScans="1257" ActualLogicalReads="6985" ActualPhysicalReads="0" ActualReadAheads="0" ActualLobLogicalReads="0" ActualLobPhysicalReads="0" ActualLobReadAheads="0" ActualRowsRead="39314" ActualEndOfScans="1257" ActualExecutions="1257" ActualExecutionMode="Row"></RunTimeCountersPerThread><RunTimeCountersPerThread Thread="10" ActualRows="38282" Batches="0" ActualElapsedms="12" ActualCPUms="12" ActualScans="1238" ActualLogicalReads="6869" ActualPhysicalReads="0" ActualReadAheads="0" ActualLobLogicalReads="0" ActualLobPhysicalReads="0" ActualLobReadAheads="0" ActualRowsRead="38282" ActualEndOfScans="1238" ActualExecutions="1238" ActualExecutionMode="Row"></RunTimeCountersPerThread><RunTimeCountersPerThread Thread="9" ActualRows="40478" Batches="0" ActualElapsedms="13" ActualCPUms="13" ActualScans="1301" ActualLogicalReads="7210" ActualPhysicalReads="0" ActualReadAheads="0" ActualLobLogicalReads="0" ActualLobPhysicalReads="0" ActualLobReadAheads="0" ActualRowsRead="40478" ActualEndOfScans="1301" ActualExecutions="1301" ActualExecutionMode="Row"></RunTimeCountersPerThread><RunTimeCountersPerThread Thread="8" ActualRows="37612" Batches="0" ActualElapsedms="11" ActualCPUms="11" ActualScans="1213" ActualLogicalReads="6750" ActualPhysicalReads="0" ActualReadAheads="0" ActualLobLogicalReads="0" ActualLobPhysicalReads="0" ActualLobReadAheads="0" ActualRowsRead="37612" ActualEndOfScans="1213" ActualExecutions="1213" ActualExecutionMode="Row"></RunTimeCountersPerThread><RunTimeCountersPerThread Thread="7" ActualRows="37649" Batches="0" ActualElapsedms="13" ActualCPUms="13" ActualScans="1215" ActualLogicalReads="6737" ActualPhysicalReads="0" ActualReadAheads="0" ActualLobLogicalReads="0" ActualLobPhysicalReads="0" ActualLobReadAheads="0" ActualRowsRead="37649" ActualEndOfScans="1215" ActualExecutions="1215" ActualExecutionMode="Row"></RunTimeCountersPerThread><RunTimeCountersPerThread Thread="6" ActualRows="36674" Batches="0" ActualElapsedms="13" ActualCPUms="13" ActualScans="1177" ActualLogicalReads="6509" ActualPhysicalReads="0" ActualReadAheads="0" ActualLobLogicalReads="0" ActualLobPhysicalReads="0" ActualLobReadAheads="0" ActualRowsRead="36674" ActualEndOfScans="1177" ActualExecutions="1177" ActualExecutionMode="Row"></RunTimeCountersPerThread><RunTimeCountersPerThread Thread="5" ActualRows="35092" Batches="0" ActualElapsedms="12" ActualCPUms="12" ActualScans="1131" ActualLogicalReads="6238" ActualPhysicalReads="0" ActualReadAheads="0" ActualLobLogicalReads="0" ActualLobPhysicalReads="0" ActualLobReadAheads="0" ActualRowsRead="35092" ActualEndOfScans="1131" ActualExecutions="1131" ActualExecutionMode="Row"></RunTimeCountersPerThread><RunTimeCountersPerThread Thread="4" ActualRows="40326" Batches="0" ActualElapsedms="14" ActualCPUms="14" ActualScans="1306" ActualLogicalReads="7255" ActualPhysicalReads="0" ActualReadAheads="0" ActualLobLogicalReads="0" ActualLobPhysicalReads="0" ActualLobReadAheads="0" ActualRowsRead="40326" ActualEndOfScans="1306" ActualExecutions="1306" ActualExecutionMode="Row"></RunTimeCountersPerThread><RunTimeCountersPerThread Thread="3" ActualRows="38015" Batches="0" ActualElapsedms="13" ActualCPUms="13" ActualScans="1211" ActualLogicalReads="6719" ActualPhysicalReads="0" ActualReadAheads="0" ActualLobLogicalReads="0" ActualLobPhysicalReads="0" ActualLobReadAheads="0" ActualRowsRead="38015" ActualEndOfScans="1211" ActualExecutions="1211" ActualExecutionMode="Row"></RunTimeCountersPerThread><RunTimeCountersPerThread Thread="2" ActualRows="25442" Batches="0" ActualElapsedms="9" ActualCPUms="9" ActualScans="828" ActualLogicalReads="4604" ActualPhysicalReads="0" ActualReadAheads="0" ActualLobLogicalReads="0" ActualLobPhysicalReads="0" ActualLobReadAheads="0" ActualRowsRead="25442" ActualEndOfScans="828" ActualExecutions="828" ActualExecutionMode="Row"></RunTimeCountersPerThread><RunTimeCountersPerThread Thread="1" ActualRows="35209" Batches="0" ActualElapsedms="9" ActualCPUms="9" ActualScans="1131" ActualLogicalReads="6287" ActualPhysicalReads="0" ActualReadAheads="0" ActualLobLogicalReads="0" ActualLobPhysicalReads="0" ActualLobReadAheads="0" ActualRowsRead="35209" ActualEndOfScans="1131" ActualExecutions="1131" ActualExecutionMode="Row"></RunTimeCountersPerThread><RunTimeCountersPerThread Thread="0" ActualRows="0" Batches="0" ActualElapsedms="0" ActualCPUms="0" ActualScans="0" ActualLogicalReads="0" ActualPhysicalReads="0" ActualReadAheads="0" ActualLobLogicalReads="0" ActualLobPhysicalReads="0" ActualLobReadAheads="0" ActualEndOfScans="0" ActualExecutions="0" ActualExecutionMode="Row"></RunTimeCountersPerThread></RunTimeInformation><IndexScan Ordered="1" ScanDirection="FORWARD" ForcedIndex="0" ForceSeek="0" ForceScan="0" NoExpandHint="0" Storage="RowStore"><DefinedValues><DefinedValue><ColumnReference Database="[tpch]" Schema="[dbo]" Table="[lineitem]" Alias="[l2]" Column="L_Quantity"></ColumnReference></DefinedValue></DefinedValues><Object Database="[tpch]" Schema="[dbo]" Table="[lineitem]" Index="[p16_idx]" Alias="[l2]" TableReferenceId="1" IndexKind="NonClustered" Storage="RowStore"></Object><SeekPredicates><SeekPredicateNew><SeekKeys><Prefix ScanType="EQ"><RangeColumns><ColumnReference Database="[tpch]" Schema="[dbo]" Table="[lineitem]" Alias="[l2]" Column="L_PartKey"></ColumnReference></RangeColumns><RangeExpressions><ScalarOperator ScalarString="CONVERT_IMPLICIT(bigint,[tpch].[dbo].[lineitem].[L_PartKey] as [l1].[L_PartKey],0)"><Convert DataType="bigint" Style="0" Implicit="1"><ScalarOperator><Identifier><ColumnReference Database="[tpch]" Schema="[dbo]" Table="[lineitem]" Alias="[l1]" Column="L_PartKey"></ColumnReference></Identifier></ScalarOperator></Convert></ScalarOperator></RangeExpressions></Prefix></SeekKeys></SeekPredicateNew></SeekPredicates></IndexScan></RelOp></StreamAggregate></RelOp></ComputeScalar></RelOp><Predicate><ScalarOperator ScalarString="CONVERT_IMPLICIT(numeric(12,1),[tpch].[dbo].[lineitem].[L_Quantity] as [l1].[L_Quantity],0)&gt;=(0.2)*CONVERT_IMPLICIT(numeric(10,0),[Expr1003],0)"><Compare CompareOp="GE"><ScalarOperator><Convert DataType="numeric" Precision="12" Scale="1" Style="0" Implicit="1"><ScalarOperator><Identifier><ColumnReference Database="[tpch]" Schema="[dbo]" Table="[lineitem]" Alias="[l1]" Column="L_Quantity"></ColumnReference></Identifier></ScalarOperator></Convert></ScalarOperator><ScalarOperator><Arithmetic Operation="MULT"><ScalarOperator><Const ConstValue="(0.2)"></Const></ScalarOperator><ScalarOperator><Convert DataType="numeric" Precision="10" Scale="0" Style="0" Implicit="1"><ScalarOperator><Identifier><ColumnReference Column="Expr1003"></ColumnReference></Identifier></ScalarOperator></Convert></ScalarOperator></Arithmetic></ScalarOperator></Compare></ScalarOperator></Predicate></Filter></RelOp></NestedLoops></RelOp></Concat></RelOp></NestedLoops></RelOp></Parallelism></RelOp></Sort></RelOp><RelOp NodeId="51" PhysicalOp="Row Count Spool" LogicalOp="Lazy Spool" EstimateRows="1" EstimateRowsWithoutRowGoal="3.7955" EstimateIO="0" EstimateCPU="0.00010038" AvgRowSize="9" EstimatedTotalSubtreeCost="3.97468" Parallel="1" EstimateRebinds="2169.56" EstimateRewinds="32814.3" EstimatedExecutionMode="Row"><OutputList></OutputList><RunTimeInformation><RunTimeCountersPerThread Thread="12" ActualRows="0" Batches="0" ActualElapsedms="0" ActualCPUms="0" ActualRebinds="0" ActualRewinds="0" ActualEndOfScans="0" ActualExecutions="0" ActualExecutionMode="Row"></RunTimeCountersPerThread><RunTimeCountersPerThread Thread="11" ActualRows="0" Batches="0" ActualElapsedms="0" ActualCPUms="0" ActualRebinds="0" ActualRewinds="0" ActualEndOfScans="0" ActualExecutions="0" ActualExecutionMode="Row"></RunTimeCountersPerThread><RunTimeCountersPerThread Thread="10" ActualRows="0" Batches="0" ActualElapsedms="0" ActualCPUms="0" ActualRebinds="0" ActualRewinds="0" ActualEndOfScans="0" ActualExecutions="0" ActualExecutionMode="Row"></RunTimeCountersPerThread><RunTimeCountersPerThread Thread="9" ActualRows="0" Batches="0" ActualElapsedms="0" ActualCPUms="0" ActualRebinds="0" ActualRewinds="0" ActualEndOfScans="0" ActualExecutions="0" ActualExecutionMode="Row"></RunTimeCountersPerThread><RunTimeCountersPerThread Thread="8" ActualRows="0" Batches="0" ActualElapsedms="0" ActualCPUms="0" ActualRebinds="0" ActualRewinds="0" ActualEndOfScans="0" ActualExecutions="0" ActualExecutionMode="Row"></RunTimeCountersPerThread><RunTimeCountersPerThread Thread="7" ActualRows="0" Batches="0" ActualElapsedms="0" ActualCPUms="0" ActualRebinds="0" ActualRewinds="0" ActualEndOfScans="0" ActualExecutions="0" ActualExecutionMode="Row"></RunTimeCountersPerThread><RunTimeCountersPerThread Thread="6" ActualRows="0" Batches="0" ActualElapsedms="0" ActualCPUms="0" ActualRebinds="0" ActualRewinds="0" ActualEndOfScans="0" ActualExecutions="0" ActualExecutionMode="Row"></RunTimeCountersPerThread><RunTimeCountersPerThread Thread="5" ActualRows="0" Batches="0" ActualElapsedms="0" ActualCPUms="0" ActualRebinds="0" ActualRewinds="0" ActualEndOfScans="0" ActualExecutions="0" ActualExecutionMode="Row"></RunTimeCountersPerThread><RunTimeCountersPerThread Thread="4" ActualRows="0" Batches="0" ActualElapsedms="0" ActualCPUms="0" ActualRebinds="0" ActualRewinds="0" ActualEndOfScans="0" ActualExecutions="0" ActualExecutionMode="Row"></RunTimeCountersPerThread><RunTimeCountersPerThread Thread="3" ActualRows="0" Batches="0" ActualElapsedms="0" ActualCPUms="0" ActualRebinds="0" ActualRewinds="0" ActualEndOfScans="0" ActualExecutions="0" ActualExecutionMode="Row"></RunTimeCountersPerThread><RunTimeCountersPerThread Thread="2" ActualRows="0" Batches="0" ActualElapsedms="0" ActualCPUms="0" ActualRebinds="1" ActualRewinds="0" ActualEndOfScans="1" ActualExecutions="1" ActualExecutionMode="Row"></RunTimeCountersPerThread><RunTimeCountersPerThread Thread="1" ActualRows="0" Batches="0" ActualElapsedms="0" ActualCPUms="0" ActualRebinds="0" ActualRewinds="0" ActualEndOfScans="0" ActualExecutions="0" ActualExecutionMode="Row"></RunTimeCountersPerThread><RunTimeCountersPerThread Thread="0" ActualRows="0" Batches="0" ActualElapsedms="0" ActualCPUms="0" ActualRebinds="0" ActualRewinds="0" ActualEndOfScans="0" ActualExecutions="0" ActualExecutionMode="Row"></RunTimeCountersPerThread></RunTimeInformation><RowCountSpool><RelOp NodeId="52" PhysicalOp="Nested Loops" LogicalOp="Left Semi Join" EstimateRows="1" EstimateRowsWithoutRowGoal="3.7955" EstimateIO="0" EstimateCPU="1.58652e-05" AvgRowSize="9" EstimatedTotalSubtreeCost="0.47269" Parallel="1" EstimateRebinds="2169.56" EstimateRewinds="0" EstimatedExecutionMode="Row"><OutputList></OutputList><RunTimeInformation><RunTimeCountersPerThread Thread="12" ActualRows="0" Batches="0" ActualElapsedms="0" ActualCPUms="0" ActualEndOfScans="0" ActualExecutions="0" ActualExecutionMode="Row"></RunTimeCountersPerThread><RunTimeCountersPerThread Thread="11" ActualRows="0" Batches="0" ActualElapsedms="0" ActualCPUms="0" ActualEndOfScans="0" ActualExecutions="0" ActualExecutionMode="Row"></RunTimeCountersPerThread><RunTimeCountersPerThread Thread="10" ActualRows="0" Batches="0" ActualElapsedms="0" ActualCPUms="0" ActualEndOfScans="0" ActualExecutions="0" ActualExecutionMode="Row"></RunTimeCountersPerThread><RunTimeCountersPerThread Thread="9" ActualRows="0" Batches="0" ActualElapsedms="0" ActualCPUms="0" ActualEndOfScans="0" ActualExecutions="0" ActualExecutionMode="Row"></RunTimeCountersPerThread><RunTimeCountersPerThread Thread="8" ActualRows="0" Batches="0" ActualElapsedms="0" ActualCPUms="0" ActualEndOfScans="0" ActualExecutions="0" ActualExecutionMode="Row"></RunTimeCountersPerThread><RunTimeCountersPerThread Thread="7" ActualRows="0" Batches="0" ActualElapsedms="0" ActualCPUms="0" ActualEndOfScans="0" ActualExecutions="0" ActualExecutionMode="Row"></RunTimeCountersPerThread><RunTimeCountersPerThread Thread="6" ActualRows="0" Batches="0" ActualElapsedms="0" ActualCPUms="0" ActualEndOfScans="0" ActualExecutions="0" ActualExecutionMode="Row"></RunTimeCountersPerThread><RunTimeCountersPerThread Thread="5" ActualRows="0" Batches="0" ActualElapsedms="0" ActualCPUms="0" ActualEndOfScans="0" ActualExecutions="0" ActualExecutionMode="Row"></RunTimeCountersPerThread><RunTimeCountersPerThread Thread="4" ActualRows="0" Batches="0" ActualElapsedms="0" ActualCPUms="0" ActualEndOfScans="0" ActualExecutions="0" ActualExecutionMode="Row"></RunTimeCountersPerThread><RunTimeCountersPerThread Thread="3" ActualRows="0" Batches="0" ActualElapsedms="0" ActualCPUms="0" ActualEndOfScans="0" ActualExecutions="0" ActualExecutionMode="Row"></RunTimeCountersPerThread><RunTimeCountersPerThread Thread="2" ActualRows="0" Batches="0" ActualElapsedms="0" ActualCPUms="0" ActualEndOfScans="1" ActualExecutions="1" ActualExecutionMode="Row"></RunTimeCountersPerThread><RunTimeCountersPerThread Thread="1" ActualRows="0" Batches="0" ActualElapsedms="0" ActualCPUms="0" ActualEndOfScans="0" ActualExecutions="0" ActualExecutionMode="Row"></RunTimeCountersPerThread><RunTimeCountersPerThread Thread="0" ActualRows="0" Batches="0" ActualElapsedms="0" ActualCPUms="0" ActualEndOfScans="0" ActualExecutions="0" ActualExecutionMode="Row"></RunTimeCountersPerThread></RunTimeInformation><NestedLoops Optimized="0"><OuterReferences><ColumnReference Database="[tpch]" Schema="[dbo]" Table="[lineitem]" Alias="[l2]" Column="L_OrderKey"></ColumnReference><ColumnReference Database="[tpch]" Schema="[dbo]" Table="[lineitem]" Alias="[l2]" Column="L_PartKey"></ColumnReference><ColumnReference Database="[tpch]" Schema="[dbo]" Table="[lineitem]" Alias="[l2]" Column="L_Quantity"></ColumnReference></OuterReferences><RelOp NodeId="53" PhysicalOp="Clustered Index Seek" LogicalOp="Clustered Index Seek" EstimateRows="1" EstimateRowsWithoutRowGoal="3.7955" EstimatedRowsRead="4.00081" EstimateIO="0.003125" EstimateCPU="0.000161401" AvgRowSize="23" EstimatedTotalSubtreeCost="0.456402" TableCardinality="6.00122e+06" Parallel="1" EstimateRebinds="2169.56" EstimateRewinds="0" EstimatedExecutionMode="Row"><OutputList><ColumnReference Database="[tpch]" Schema="[dbo]" Table="[lineitem]" Alias="[l2]" Column="L_OrderKey"></ColumnReference><ColumnReference Database="[tpch]" Schema="[dbo]" Table="[lineitem]" Alias="[l2]" Column="L_PartKey"></ColumnReference><ColumnReference Database="[tpch]" Schema="[dbo]" Table="[lineitem]" Alias="[l2]" Column="L_Quantity"></ColumnReference></OutputList><RunTimeInformation><RunTimeCountersPerThread Thread="12" ActualRows="0" Batches="0" ActualElapsedms="0" ActualCPUms="0" ActualScans="0" ActualLogicalReads="0" ActualPhysicalReads="0" ActualReadAheads="0" ActualLobLogicalReads="0" ActualLobPhysicalReads="0" ActualLobReadAheads="0" ActualEndOfScans="0" ActualExecutions="0" ActualExecutionMode="Row"></RunTimeCountersPerThread><RunTimeCountersPerThread Thread="11" ActualRows="0" Batches="0" ActualElapsedms="0" ActualCPUms="0" ActualScans="0" ActualLogicalReads="0" ActualPhysicalReads="0" ActualReadAheads="0" ActualLobLogicalReads="0" ActualLobPhysicalReads="0" ActualLobReadAheads="0" ActualEndOfScans="0" ActualExecutions="0" ActualExecutionMode="Row"></RunTimeCountersPerThread><RunTimeCountersPerThread Thread="10" ActualRows="0" Batches="0" ActualElapsedms="0" ActualCPUms="0" ActualScans="0" ActualLogicalReads="0" ActualPhysicalReads="0" ActualReadAheads="0" ActualLobLogicalReads="0" ActualLobPhysicalReads="0" ActualLobReadAheads="0" ActualEndOfScans="0" ActualExecutions="0" ActualExecutionMode="Row"></RunTimeCountersPerThread><RunTimeCountersPerThread Thread="9" ActualRows="0" Batches="0" ActualElapsedms="0" ActualCPUms="0" ActualScans="0" ActualLogicalReads="0" ActualPhysicalReads="0" ActualReadAheads="0" ActualLobLogicalReads="0" ActualLobPhysicalReads="0" ActualLobReadAheads="0" ActualEndOfScans="0" ActualExecutions="0" ActualExecutionMode="Row"></RunTimeCountersPerThread><RunTimeCountersPerThread Thread="8" ActualRows="0" Batches="0" ActualElapsedms="0" ActualCPUms="0" ActualScans="0" ActualLogicalReads="0" ActualPhysicalReads="0" ActualReadAheads="0" ActualLobLogicalReads="0" ActualLobPhysicalReads="0" ActualLobReadAheads="0" ActualEndOfScans="0" ActualExecutions="0" ActualExecutionMode="Row"></RunTimeCountersPerThread><RunTimeCountersPerThread Thread="7" ActualRows="0" Batches="0" ActualElapsedms="0" ActualCPUms="0" ActualScans="0" ActualLogicalReads="0" ActualPhysicalReads="0" ActualReadAheads="0" ActualLobLogicalReads="0" ActualLobPhysicalReads="0" ActualLobReadAheads="0" ActualEndOfScans="0" ActualExecutions="0" ActualExecutionMode="Row"></RunTimeCountersPerThread><RunTimeCountersPerThread Thread="6" ActualRows="0" Batches="0" ActualElapsedms="0" ActualCPUms="0" ActualScans="0" ActualLogicalReads="0" ActualPhysicalReads="0" ActualReadAheads="0" ActualLobLogicalReads="0" ActualLobPhysicalReads="0" ActualLobReadAheads="0" ActualEndOfScans="0" ActualExecutions="0" ActualExecutionMode="Row"></RunTimeCountersPerThread><RunTimeCountersPerThread Thread="5" ActualRows="0" Batches="0" ActualElapsedms="0" ActualCPUms="0" ActualScans="0" ActualLogicalReads="0" ActualPhysicalReads="0" ActualReadAheads="0" ActualLobLogicalReads="0" ActualLobPhysicalReads="0" ActualLobReadAheads="0" ActualEndOfScans="0" ActualExecutions="0" ActualExecutionMode="Row"></RunTimeCountersPerThread><RunTimeCountersPerThread Thread="4" ActualRows="0" Batches="0" ActualElapsedms="0" ActualCPUms="0" ActualScans="0" ActualLogicalReads="0" ActualPhysicalReads="0" ActualReadAheads="0" ActualLobLogicalReads="0" ActualLobPhysicalReads="0" ActualLobReadAheads="0" ActualEndOfScans="0" ActualExecutions="0" ActualExecutionMode="Row"></RunTimeCountersPerThread><RunTimeCountersPerThread Thread="3" ActualRows="0" Batches="0" ActualElapsedms="0" ActualCPUms="0" ActualScans="0" ActualLogicalReads="0" ActualPhysicalReads="0" ActualReadAheads="0" ActualLobLogicalReads="0" ActualLobPhysicalReads="0" ActualLobReadAheads="0" ActualEndOfScans="0" ActualExecutions="0" ActualExecutionMode="Row"></RunTimeCountersPerThread><RunTimeCountersPerThread Thread="2" ActualRows="3" Batches="0" ActualElapsedms="0" ActualCPUms="0" ActualScans="1" ActualLogicalReads="3" ActualPhysicalReads="0" ActualReadAheads="0" ActualLobLogicalReads="0" ActualLobPhysicalReads="0" ActualLobReadAheads="0" ActualRowsRead="4" ActualEndOfScans="1" ActualExecutions="1" ActualExecutionMode="Row"></RunTimeCountersPerThread><RunTimeCountersPerThread Thread="1" ActualRows="0" Batches="0" ActualElapsedms="0" ActualCPUms="0" ActualScans="0" ActualLogicalReads="0" ActualPhysicalReads="0" ActualReadAheads="0" ActualLobLogicalReads="0" ActualLobPhysicalReads="0" ActualLobReadAheads="0" ActualEndOfScans="0" ActualExecutions="0" ActualExecutionMode="Row"></RunTimeCountersPerThread><RunTimeCountersPerThread Thread="0" ActualRows="0" Batches="0" ActualElapsedms="0" ActualCPUms="0" ActualScans="0" ActualLogicalReads="0" ActualPhysicalReads="0" ActualReadAheads="0" ActualLobLogicalReads="0" ActualLobPhysicalReads="0" ActualLobReadAheads="0" ActualEndOfScans="0" ActualExecutions="0" ActualExecutionMode="Row"></RunTimeCountersPerThread></RunTimeInformation><IndexScan Ordered="1" ScanDirection="FORWARD" ForcedIndex="0" ForceSeek="0" ForceScan="0" NoExpandHint="0" Storage="RowStore"><DefinedValues><DefinedValue><ColumnReference Database="[tpch]" Schema="[dbo]" Table="[lineitem]" Alias="[l2]" Column="L_OrderKey"></ColumnReference></DefinedValue><DefinedValue><ColumnReference Database="[tpch]" Schema="[dbo]" Table="[lineitem]" Alias="[l2]" Column="L_PartKey"></ColumnReference></DefinedValue><DefinedValue><ColumnReference Database="[tpch]" Schema="[dbo]" Table="[lineitem]" Alias="[l2]" Column="L_Quantity"></ColumnReference></DefinedValue></DefinedValues><Object Database="[tpch]" Schema="[dbo]" Table="[lineitem]" Index="[PK__lineitem__2B16504EA5720AF2]" Alias="[l2]" TableReferenceId="2" IndexKind="Clustered" Storage="RowStore"></Object><SeekPredicates><SeekPredicateNew><SeekKeys><Prefix ScanType="EQ"><RangeColumns><ColumnReference Database="[tpch]" Schema="[dbo]" Table="[lineitem]" Alias="[l2]" Column="L_OrderKey"></ColumnReference></RangeColumns><RangeExpressions><ScalarOperator ScalarString="[tpch].[dbo].[lineitem].[L_OrderKey] as [l1].[L_OrderKey]"><Identifier><ColumnReference Database="[tpch]" Schema="[dbo]" Table="[lineitem]" Alias="[l1]" Column="L_OrderKey"></ColumnReference></Identifier></ScalarOperator></RangeExpressions></Prefix></SeekKeys></SeekPredicateNew></SeekPredicates><Predicate><ScalarOperator ScalarString="[tpch].[dbo].[lineitem].[L_SuppKey] as [l2].[L_SuppKey]&lt;[tpch].[dbo].[lineitem].[L_SuppKey] as [l1].[L_SuppKey] OR [tpch].[dbo].[lineitem].[L_SuppKey] as [l2].[L_SuppKey]&gt;[tpch].[dbo].[lineitem].[L_SuppKey] as [l1].[L_SuppKey]"><Logical Operation="OR"><ScalarOperator><Compare CompareOp="LT"><ScalarOperator><Identifier><ColumnReference Database="[tpch]" Schema="[dbo]" Table="[lineitem]" Alias="[l2]" Column="L_SuppKey"></ColumnReference></Identifier></ScalarOperator><ScalarOperator><Identifier><ColumnReference Database="[tpch]" Schema="[dbo]" Table="[lineitem]" Alias="[l1]" Column="L_SuppKey"></ColumnReference></Identifier></ScalarOperator></Compare></ScalarOperator><ScalarOperator><Compare CompareOp="GT"><ScalarOperator><Identifier><ColumnReference Database="[tpch]" Schema="[dbo]" Table="[lineitem]" Alias="[l2]" Column="L_SuppKey"></ColumnReference></Identifier></ScalarOperator><ScalarOperator><Identifier><ColumnReference Database="[tpch]" Schema="[dbo]" Table="[lineitem]" Alias="[l1]" Column="L_SuppKey"></ColumnReference></Identifier></ScalarOperator></Compare></ScalarOperator></Logical></ScalarOperator></Predicate></IndexScan></RelOp><RelOp NodeId="54" PhysicalOp="Concatenation" LogicalOp="Concatenation" EstimateRows="1" EstimateRowsWithoutRowGoal="2" EstimateIO="0" EstimateCPU="2e-07" AvgRowSize="9" EstimatedTotalSubtreeCost="0.00520266" Parallel="1" EstimateRebinds="3765" EstimateRewinds="4" EstimatedExecutionMode="Row"><OutputList></OutputList><RunTimeInformation><RunTimeCountersPerThread Thread="12" ActualRows="0" Batches="0" ActualElapsedms="0" ActualCPUms="0" ActualEndOfScans="0" ActualExecutions="0" ActualExecutionMode="Row"></RunTimeCountersPerThread><RunTimeCountersPerThread Thread="11" ActualRows="0" Batches="0" ActualElapsedms="0" ActualCPUms="0" ActualEndOfScans="0" ActualExecutions="0" ActualExecutionMode="Row"></RunTimeCountersPerThread><RunTimeCountersPerThread Thread="10" ActualRows="0" Batches="0" ActualElapsedms="0" ActualCPUms="0" ActualEndOfScans="0" ActualExecutions="0" ActualExecutionMode="Row"></RunTimeCountersPerThread><RunTimeCountersPerThread Thread="9" ActualRows="0" Batches="0" ActualElapsedms="0" ActualCPUms="0" ActualEndOfScans="0" ActualExecutions="0" ActualExecutionMode="Row"></RunTimeCountersPerThread><RunTimeCountersPerThread Thread="8" ActualRows="0" Batches="0" ActualElapsedms="0" ActualCPUms="0" ActualEndOfScans="0" ActualExecutions="0" ActualExecutionMode="Row"></RunTimeCountersPerThread><RunTimeCountersPerThread Thread="7" ActualRows="0" Batches="0" ActualElapsedms="0" ActualCPUms="0" ActualEndOfScans="0" ActualExecutions="0" ActualExecutionMode="Row"></RunTimeCountersPerThread><RunTimeCountersPerThread Thread="6" ActualRows="0" Batches="0" ActualElapsedms="0" ActualCPUms="0" ActualEndOfScans="0" ActualExecutions="0" ActualExecutionMode="Row"></RunTimeCountersPerThread><RunTimeCountersPerThread Thread="5" ActualRows="0" Batches="0" ActualElapsedms="0" ActualCPUms="0" ActualEndOfScans="0" ActualExecutions="0" ActualExecutionMode="Row"></RunTimeCountersPerThread><RunTimeCountersPerThread Thread="4" ActualRows="0" Batches="0" ActualElapsedms="0" ActualCPUms="0" ActualEndOfScans="0" ActualExecutions="0" ActualExecutionMode="Row"></RunTimeCountersPerThread><RunTimeCountersPerThread Thread="3" ActualRows="0" Batches="0" ActualElapsedms="0" ActualCPUms="0" ActualEndOfScans="0" ActualExecutions="0" ActualExecutionMode="Row"></RunTimeCountersPerThread><RunTimeCountersPerThread Thread="2" ActualRows="0" Batches="0" ActualElapsedms="0" ActualCPUms="0" ActualEndOfScans="3" ActualExecutions="3" ActualExecutionMode="Row"></RunTimeCountersPerThread><RunTimeCountersPerThread Thread="1" ActualRows="0" Batches="0" ActualElapsedms="0" ActualCPUms="0" ActualEndOfScans="0" ActualExecutions="0" ActualExecutionMode="Row"></RunTimeCountersPerThread><RunTimeCountersPerThread Thread="0" ActualRows="0" Batches="0" ActualElapsedms="0" ActualCPUms="0" ActualEndOfScans="0" ActualExecutions="0" ActualExecutionMode="Row"></RunTimeCountersPerThread></RunTimeInformation><Concat><DefinedValues></DefinedValues><RelOp NodeId="55" PhysicalOp="Filter" LogicalOp="Filter" EstimateRows="1" EstimateIO="0" EstimateCPU="2.8e-07" AvgRowSize="9" EstimatedTotalSubtreeCost="0.00482576" Parallel="1" EstimateRebinds="0" EstimateRewinds="3769" EstimatedExecutionMode="Row"><OutputList></OutputList><RunTimeInformation><RunTimeCountersPerThread Thread="12" ActualRows="0" Batches="0" ActualElapsedms="0" ActualCPUms="0" ActualRebinds="0" ActualRewinds="0" ActualEndOfScans="0" ActualExecutions="0" ActualExecutionMode="Row"></RunTimeCountersPerThread><RunTimeCountersPerThread Thread="11" ActualRows="0" Batches="0" ActualElapsedms="0" ActualCPUms="0" ActualRebinds="0" ActualRewinds="0" ActualEndOfScans="0" ActualExecutions="0" ActualExecutionMode="Row"></RunTimeCountersPerThread><RunTimeCountersPerThread Thread="10" ActualRows="0" Batches="0" ActualElapsedms="0" ActualCPUms="0" ActualRebinds="0" ActualRewinds="0" ActualEndOfScans="0" ActualExecutions="0" ActualExecutionMode="Row"></RunTimeCountersPerThread><RunTimeCountersPerThread Thread="9" ActualRows="0" Batches="0" ActualElapsedms="0" ActualCPUms="0" ActualRebinds="0" ActualRewinds="0" ActualEndOfScans="0" ActualExecutions="0" ActualExecutionMode="Row"></RunTimeCountersPerThread><RunTimeCountersPerThread Thread="8" ActualRows="0" Batches="0" ActualElapsedms="0" ActualCPUms="0" ActualRebinds="0" ActualRewinds="0" ActualEndOfScans="0" ActualExecutions="0" ActualExecutionMode="Row"></RunTimeCountersPerThread><RunTimeCountersPerThread Thread="7" ActualRows="0" Batches="0" ActualElapsedms="0" ActualCPUms="0" ActualRebinds="0" ActualRewinds="0" ActualEndOfScans="0" ActualExecutions="0" ActualExecutionMode="Row"></RunTimeCountersPerThread><RunTimeCountersPerThread Thread="6" ActualRows="0" Batches="0" ActualElapsedms="0" ActualCPUms="0" ActualRebinds="0" ActualRewinds="0" ActualEndOfScans="0" ActualExecutions="0" ActualExecutionMode="Row"></RunTimeCountersPerThread><RunTimeCountersPerThread Thread="5" ActualRows="0" Batches="0" ActualElapsedms="0" ActualCPUms="0" ActualRebinds="0" ActualRewinds="0" ActualEndOfScans="0" ActualExecutions="0" ActualExecutionMode="Row"></RunTimeCountersPerThread><RunTimeCountersPerThread Thread="4" ActualRows="0" Batches="0" ActualElapsedms="0" ActualCPUms="0" ActualRebinds="0" ActualRewinds="0" ActualEndOfScans="0" ActualExecutions="0" ActualExecutionMode="Row"></RunTimeCountersPerThread><RunTimeCountersPerThread Thread="3" ActualRows="0" Batches="0" ActualElapsedms="0" ActualCPUms="0" ActualRebinds="0" ActualRewinds="0" ActualEndOfScans="0" ActualExecutions="0" ActualExecutionMode="Row"></RunTimeCountersPerThread><RunTimeCountersPerThread Thread="2" ActualRows="0" Batches="0" ActualElapsedms="0" ActualCPUms="0" ActualRebinds="3" ActualRewinds="0" ActualEndOfScans="3" ActualExecutions="3" ActualExecutionMode="Row"></RunTimeCountersPerThread><RunTimeCountersPerThread Thread="1" ActualRows="0" Batches="0" ActualElapsedms="0" ActualCPUms="0" ActualRebinds="0" ActualRewinds="0" ActualEndOfScans="0" ActualExecutions="0" ActualExecutionMode="Row"></RunTimeCountersPerThread><RunTimeCountersPerThread Thread="0" ActualRows="0" Batches="0" ActualElapsedms="0" ActualCPUms="0" ActualRebinds="0" ActualRewinds="0" ActualEndOfScans="0" ActualExecutions="0" ActualExecutionMode="Row"></RunTimeCountersPerThread></RunTimeInformation><Filter StartupExpression="1"><RelOp NodeId="56" PhysicalOp="Constant Scan" LogicalOp="Constant Scan" EstimateRows="1" EstimateIO="0" EstimateCPU="1.157e-06" AvgRowSize="9" EstimatedTotalSubtreeCost="0.00377016" Parallel="1" EstimateRebinds="0" EstimateRewinds="3769" EstimatedExecutionMode="Row"><OutputList></OutputList><RunTimeInformation><RunTimeCountersPerThread Thread="12" ActualRows="0" Batches="0" ActualElapsedms="0" ActualCPUms="0" ActualEndOfScans="0" ActualExecutions="0" ActualExecutionMode="Row"></RunTimeCountersPerThread><RunTimeCountersPerThread Thread="11" ActualRows="0" Batches="0" ActualElapsedms="0" ActualCPUms="0" ActualEndOfScans="0" ActualExecutions="0" ActualExecutionMode="Row"></RunTimeCountersPerThread><RunTimeCountersPerThread Thread="10" ActualRows="0" Batches="0" ActualElapsedms="0" ActualCPUms="0" ActualEndOfScans="0" ActualExecutions="0" ActualExecutionMode="Row"></RunTimeCountersPerThread><RunTimeCountersPerThread Thread="9" ActualRows="0" Batches="0" ActualElapsedms="0" ActualCPUms="0" ActualEndOfScans="0" ActualExecutions="0" ActualExecutionMode="Row"></RunTimeCountersPerThread><RunTimeCountersPerThread Thread="8" ActualRows="0" Batches="0" ActualElapsedms="0" ActualCPUms="0" ActualEndOfScans="0" ActualExecutions="0" ActualExecutionMode="Row"></RunTimeCountersPerThread><RunTimeCountersPerThread Thread="7" ActualRows="0" Batches="0" ActualElapsedms="0" ActualCPUms="0" ActualEndOfScans="0" ActualExecutions="0" ActualExecutionMode="Row"></RunTimeCountersPerThread><RunTimeCountersPerThread Thread="6" ActualRows="0" Batches="0" ActualElapsedms="0" ActualCPUms="0" ActualEndOfScans="0" ActualExecutions="0" ActualExecutionMode="Row"></RunTimeCountersPerThread><RunTimeCountersPerThread Thread="5" ActualRows="0" Batches="0" ActualElapsedms="0" ActualCPUms="0" ActualEndOfScans="0" ActualExecutions="0" ActualExecutionMode="Row"></RunTimeCountersPerThread><RunTimeCountersPerThread Thread="4" ActualRows="0" Batches="0" ActualElapsedms="0" ActualCPUms="0" ActualEndOfScans="0" ActualExecutions="0" ActualExecutionMode="Row"></RunTimeCountersPerThread><RunTimeCountersPerThread Thread="3" ActualRows="0" Batches="0" ActualElapsedms="0" ActualCPUms="0" ActualEndOfScans="0" ActualExecutions="0" ActualExecutionMode="Row"></RunTimeCountersPerThread><RunTimeCountersPerThread Thread="2" ActualRows="0" Batches="0" ActualElapsedms="0" ActualCPUms="0" ActualEndOfScans="0" ActualExecutions="3" ActualExecutionMode="Row"></RunTimeCountersPerThread><RunTimeCountersPerThread Thread="1" ActualRows="0" Batches="0" ActualElapsedms="0" ActualCPUms="0" ActualEndOfScans="0" ActualExecutions="0" ActualExecutionMode="Row"></RunTimeCountersPerThread><RunTimeCountersPerThread Thread="0" ActualRows="0" Batches="0" ActualElapsedms="0" ActualCPUms="0" ActualEndOfScans="0" ActualExecutions="0" ActualExecutionMode="Row"></RunTimeCountersPerThread></RunTimeInformation><ConstantScan></ConstantScan></RelOp><Predicate><ScalarOperator ScalarString="user_name()=N&apos;user3&apos;"><Identifier><ColumnReference Column="ConstExpr1043"><ScalarOperator><Compare CompareOp="EQ"><ScalarOperator><Intrinsic FunctionName="user_name"><ScalarOperator><Const ConstValue=""></Const></ScalarOperator></Intrinsic></ScalarOperator><ScalarOperator><Const ConstValue="N&apos;user3&apos;"></Const></ScalarOperator></Compare></ScalarOperator></ColumnReference></Identifier></ScalarOperator></Predicate></Filter></RelOp><RelOp NodeId="57" PhysicalOp="Nested Loops" LogicalOp="Inner Join" EstimateRows="1" EstimateIO="0" EstimateCPU="4.18e-06" AvgRowSize="9" EstimatedTotalSubtreeCost="28.2185" Parallel="1" EstimateRebinds="3765" EstimateRewinds="4" EstimatedExecutionMode="Row"><OutputList></OutputList><RunTimeInformation><RunTimeCountersPerThread Thread="12" ActualRows="0" Batches="0" ActualElapsedms="0" ActualCPUms="0" ActualEndOfScans="0" ActualExecutions="0" ActualExecutionMode="Row"></RunTimeCountersPerThread><RunTimeCountersPerThread Thread="11" ActualRows="0" Batches="0" ActualElapsedms="0" ActualCPUms="0" ActualEndOfScans="0" ActualExecutions="0" ActualExecutionMode="Row"></RunTimeCountersPerThread><RunTimeCountersPerThread Thread="10" ActualRows="0" Batches="0" ActualElapsedms="0" ActualCPUms="0" ActualEndOfScans="0" ActualExecutions="0" ActualExecutionMode="Row"></RunTimeCountersPerThread><RunTimeCountersPerThread Thread="9" ActualRows="0" Batches="0" ActualElapsedms="0" ActualCPUms="0" ActualEndOfScans="0" ActualExecutions="0" ActualExecutionMode="Row"></RunTimeCountersPerThread><RunTimeCountersPerThread Thread="8" ActualRows="0" Batches="0" ActualElapsedms="0" ActualCPUms="0" ActualEndOfScans="0" ActualExecutions="0" ActualExecutionMode="Row"></RunTimeCountersPerThread><RunTimeCountersPerThread Thread="7" ActualRows="0" Batches="0" ActualElapsedms="0" ActualCPUms="0" ActualEndOfScans="0" ActualExecutions="0" ActualExecutionMode="Row"></RunTimeCountersPerThread><RunTimeCountersPerThread Thread="6" ActualRows="0" Batches="0" ActualElapsedms="0" ActualCPUms="0" ActualEndOfScans="0" ActualExecutions="0" ActualExecutionMode="Row"></RunTimeCountersPerThread><RunTimeCountersPerThread Thread="5" ActualRows="0" Batches="0" ActualElapsedms="0" ActualCPUms="0" ActualEndOfScans="0" ActualExecutions="0" ActualExecutionMode="Row"></RunTimeCountersPerThread><RunTimeCountersPerThread Thread="4" ActualRows="0" Batches="0" ActualElapsedms="0" ActualCPUms="0" ActualEndOfScans="0" ActualExecutions="0" ActualExecutionMode="Row"></RunTimeCountersPerThread><RunTimeCountersPerThread Thread="3" ActualRows="0" Batches="0" ActualElapsedms="0" ActualCPUms="0" ActualEndOfScans="0" ActualExecutions="0" ActualExecutionMode="Row"></RunTimeCountersPerThread><RunTimeCountersPerThread Thread="2" ActualRows="0" Batches="0" ActualElapsedms="0" ActualCPUms="0" ActualEndOfScans="3" ActualExecutions="3" ActualExecutionMode="Row"></RunTimeCountersPerThread><RunTimeCountersPerThread Thread="1" ActualRows="0" Batches="0" ActualElapsedms="0" ActualCPUms="0" ActualEndOfScans="0" ActualExecutions="0" ActualExecutionMode="Row"></RunTimeCountersPerThread><RunTimeCountersPerThread Thread="0" ActualRows="0" Batches="0" ActualElapsedms="0" ActualCPUms="0" ActualEndOfScans="0" ActualExecutions="0" ActualExecutionMode="Row"></RunTimeCountersPerThread></RunTimeInformation><NestedLoops Optimized="0"><RelOp NodeId="58" PhysicalOp="Nested Loops" LogicalOp="Inner Join" EstimateRows="1" EstimateIO="0" EstimateCPU="4.18e-06" AvgRowSize="9" EstimatedTotalSubtreeCost="18.1195" Parallel="1" EstimateRebinds="3765" EstimateRewinds="4" EstimatedExecutionMode="Row"><OutputList></OutputList><RunTimeInformation><RunTimeCountersPerThread Thread="12" ActualRows="0" Batches="0" ActualElapsedms="0" ActualCPUms="0" ActualEndOfScans="0" ActualExecutions="0" ActualExecutionMode="Row"></RunTimeCountersPerThread><RunTimeCountersPerThread Thread="11" ActualRows="0" Batches="0" ActualElapsedms="0" ActualCPUms="0" ActualEndOfScans="0" ActualExecutions="0" ActualExecutionMode="Row"></RunTimeCountersPerThread><RunTimeCountersPerThread Thread="10" ActualRows="0" Batches="0" ActualElapsedms="0" ActualCPUms="0" ActualEndOfScans="0" ActualExecutions="0" ActualExecutionMode="Row"></RunTimeCountersPerThread><RunTimeCountersPerThread Thread="9" ActualRows="0" Batches="0" ActualElapsedms="0" ActualCPUms="0" ActualEndOfScans="0" ActualExecutions="0" ActualExecutionMode="Row"></RunTimeCountersPerThread><RunTimeCountersPerThread Thread="8" ActualRows="0" Batches="0" ActualElapsedms="0" ActualCPUms="0" ActualEndOfScans="0" ActualExecutions="0" ActualExecutionMode="Row"></RunTimeCountersPerThread><RunTimeCountersPerThread Thread="7" ActualRows="0" Batches="0" ActualElapsedms="0" ActualCPUms="0" ActualEndOfScans="0" ActualExecutions="0" ActualExecutionMode="Row"></RunTimeCountersPerThread><RunTimeCountersPerThread Thread="6" ActualRows="0" Batches="0" ActualElapsedms="0" ActualCPUms="0" ActualEndOfScans="0" ActualExecutions="0" ActualExecutionMode="Row"></RunTimeCountersPerThread><RunTimeCountersPerThread Thread="5" ActualRows="0" Batches="0" ActualElapsedms="0" ActualCPUms="0" ActualEndOfScans="0" ActualExecutions="0" ActualExecutionMode="Row"></RunTimeCountersPerThread><RunTimeCountersPerThread Thread="4" ActualRows="0" Batches="0" ActualElapsedms="0" ActualCPUms="0" ActualEndOfScans="0" ActualExecutions="0" ActualExecutionMode="Row"></RunTimeCountersPerThread><RunTimeCountersPerThread Thread="3" ActualRows="0" Batches="0" ActualElapsedms="0" ActualCPUms="0" ActualEndOfScans="0" ActualExecutions="0" ActualExecutionMode="Row"></RunTimeCountersPerThread><RunTimeCountersPerThread Thread="2" ActualRows="3" Batches="0" ActualElapsedms="0" ActualCPUms="0" ActualEndOfScans="0" ActualExecutions="3" ActualExecutionMode="Row"></RunTimeCountersPerThread><RunTimeCountersPerThread Thread="1" ActualRows="0" Batches="0" ActualElapsedms="0" ActualCPUms="0" ActualEndOfScans="0" ActualExecutions="0" ActualExecutionMode="Row"></RunTimeCountersPerThread><RunTimeCountersPerThread Thread="0" ActualRows="0" Batches="0" ActualElapsedms="0" ActualCPUms="0" ActualEndOfScans="0" ActualExecutions="0" ActualExecutionMode="Row"></RunTimeCountersPerThread></RunTimeInformation><NestedLoops Optimized="0"><Predicate><ScalarOperator ScalarString="[Expr1052]=[Expr1050]"><Compare CompareOp="EQ"><ScalarOperator><Identifier><ColumnReference Column="Expr1052"></ColumnReference></Identifier></ScalarOperator><ScalarOperator><Identifier><ColumnReference Column="Expr1050"></ColumnReference></Identifier></ScalarOperator></Compare></ScalarOperator></Predicate><RelOp NodeId="59" PhysicalOp="Assert" LogicalOp="Assert" EstimateRows="1" EstimateIO="0" EstimateCPU="4.8e-07" AvgRowSize="11" EstimatedTotalSubtreeCost="1.22004" Parallel="1" EstimateRebinds="0" EstimateRewinds="3769" EstimatedExecutionMode="Row"><OutputList><ColumnReference Column="Expr1052"></ColumnReference></OutputList><RunTimeInformation><RunTimeCountersPerThread Thread="12" ActualRows="0" Batches="0" ActualElapsedms="0" ActualCPUms="0" ActualEndOfScans="0" ActualExecutions="0" ActualExecutionMode="Row"></RunTimeCountersPerThread><RunTimeCountersPerThread Thread="11" ActualRows="0" Batches="0" ActualElapsedms="0" ActualCPUms="0" ActualEndOfScans="0" ActualExecutions="0" ActualExecutionMode="Row"></RunTimeCountersPerThread><RunTimeCountersPerThread Thread="10" ActualRows="0" Batches="0" ActualElapsedms="0" ActualCPUms="0" ActualEndOfScans="0" ActualExecutions="0" ActualExecutionMode="Row"></RunTimeCountersPerThread><RunTimeCountersPerThread Thread="9" ActualRows="0" Batches="0" ActualElapsedms="0" ActualCPUms="0" ActualEndOfScans="0" ActualExecutions="0" ActualExecutionMode="Row"></RunTimeCountersPerThread><RunTimeCountersPerThread Thread="8" ActualRows="0" Batches="0" ActualElapsedms="0" ActualCPUms="0" ActualEndOfScans="0" ActualExecutions="0" ActualExecutionMode="Row"></RunTimeCountersPerThread><RunTimeCountersPerThread Thread="7" ActualRows="0" Batches="0" ActualElapsedms="0" ActualCPUms="0" ActualEndOfScans="0" ActualExecutions="0" ActualExecutionMode="Row"></RunTimeCountersPerThread><RunTimeCountersPerThread Thread="6" ActualRows="0" Batches="0" ActualElapsedms="0" ActualCPUms="0" ActualEndOfScans="0" ActualExecutions="0" ActualExecutionMode="Row"></RunTimeCountersPerThread><RunTimeCountersPerThread Thread="5" ActualRows="0" Batches="0" ActualElapsedms="0" ActualCPUms="0" ActualEndOfScans="0" ActualExecutions="0" ActualExecutionMode="Row"></RunTimeCountersPerThread><RunTimeCountersPerThread Thread="4" ActualRows="0" Batches="0" ActualElapsedms="0" ActualCPUms="0" ActualEndOfScans="0" ActualExecutions="0" ActualExecutionMode="Row"></RunTimeCountersPerThread><RunTimeCountersPerThread Thread="3" ActualRows="0" Batches="0" ActualElapsedms="0" ActualCPUms="0" ActualEndOfScans="0" ActualExecutions="0" ActualExecutionMode="Row"></RunTimeCountersPerThread><RunTimeCountersPerThread Thread="2" ActualRows="3" Batches="0" ActualElapsedms="0" ActualCPUms="0" ActualEndOfScans="0" ActualExecutions="3" ActualExecutionMode="Row"></RunTimeCountersPerThread><RunTimeCountersPerThread Thread="1" ActualRows="0" Batches="0" ActualElapsedms="0" ActualCPUms="0" ActualEndOfScans="0" ActualExecutions="0" ActualExecutionMode="Row"></RunTimeCountersPerThread><RunTimeCountersPerThread Thread="0" ActualRows="0" Batches="0" ActualElapsedms="0" ActualCPUms="0" ActualEndOfScans="0" ActualExecutions="0" ActualExecutionMode="Row"></RunTimeCountersPerThread></RunTimeInformation><Assert StartupExpression="0"><RelOp NodeId="60" PhysicalOp="Stream Aggregate" LogicalOp="Aggregate" EstimateRows="1" EstimateIO="0" EstimateCPU="1.1e-06" AvgRowSize="19" EstimatedTotalSubtreeCost="1.21823" Parallel="1" EstimateRebinds="0" EstimateRewinds="3769" EstimatedExecutionMode="Row"><OutputList><ColumnReference Column="Expr1051"></ColumnReference><ColumnReference Column="Expr1052"></ColumnReference></OutputList><RunTimeInformation><RunTimeCountersPerThread Thread="12" ActualRows="0" Batches="0" ActualElapsedms="0" ActualCPUms="0" ActualEndOfScans="0" ActualExecutions="0" ActualExecutionMode="Row"></RunTimeCountersPerThread><RunTimeCountersPerThread Thread="11" ActualRows="0" Batches="0" ActualElapsedms="0" ActualCPUms="0" ActualEndOfScans="0" ActualExecutions="0" ActualExecutionMode="Row"></RunTimeCountersPerThread><RunTimeCountersPerThread Thread="10" ActualRows="0" Batches="0" ActualElapsedms="0" ActualCPUms="0" ActualEndOfScans="0" ActualExecutions="0" ActualExecutionMode="Row"></RunTimeCountersPerThread><RunTimeCountersPerThread Thread="9" ActualRows="0" Batches="0" ActualElapsedms="0" ActualCPUms="0" ActualEndOfScans="0" ActualExecutions="0" ActualExecutionMode="Row"></RunTimeCountersPerThread><RunTimeCountersPerThread Thread="8" ActualRows="0" Batches="0" ActualElapsedms="0" ActualCPUms="0" ActualEndOfScans="0" ActualExecutions="0" ActualExecutionMode="Row"></RunTimeCountersPerThread><RunTimeCountersPerThread Thread="7" ActualRows="0" Batches="0" ActualElapsedms="0" ActualCPUms="0" ActualEndOfScans="0" ActualExecutions="0" ActualExecutionMode="Row"></RunTimeCountersPerThread><RunTimeCountersPerThread Thread="6" ActualRows="0" Batches="0" ActualElapsedms="0" ActualCPUms="0" ActualEndOfScans="0" ActualExecutions="0" ActualExecutionMode="Row"></RunTimeCountersPerThread><RunTimeCountersPerThread Thread="5" ActualRows="0" Batches="0" ActualElapsedms="0" ActualCPUms="0" ActualEndOfScans="0" ActualExecutions="0" ActualExecutionMode="Row"></RunTimeCountersPerThread><RunTimeCountersPerThread Thread="4" ActualRows="0" Batches="0" ActualElapsedms="0" ActualCPUms="0" ActualEndOfScans="0" ActualExecutions="0" ActualExecutionMode="Row"></RunTimeCountersPerThread><RunTimeCountersPerThread Thread="3" ActualRows="0" Batches="0" ActualElapsedms="0" ActualCPUms="0" ActualEndOfScans="0" ActualExecutions="0" ActualExecutionMode="Row"></RunTimeCountersPerThread><RunTimeCountersPerThread Thread="2" ActualRows="3" Batches="0" ActualElapsedms="0" ActualCPUms="0" ActualEndOfScans="0" ActualExecutions="3" ActualExecutionMode="Row"></RunTimeCountersPerThread><RunTimeCountersPerThread Thread="1" ActualRows="0" Batches="0" ActualElapsedms="0" ActualCPUms="0" ActualEndOfScans="0" ActualExecutions="0" ActualExecutionMode="Row"></RunTimeCountersPerThread><RunTimeCountersPerThread Thread="0" ActualRows="0" Batches="0" ActualElapsedms="0" ActualCPUms="0" ActualEndOfScans="0" ActualExecutions="0" ActualExecutionMode="Row"></RunTimeCountersPerThread></RunTimeInformation><StreamAggregate><DefinedValues><DefinedValue><ColumnReference Column="Expr1051"></ColumnReference><ScalarOperator ScalarString="Count(*)"><Aggregate AggType="countstar" Distinct="0"></Aggregate></ScalarOperator></DefinedValue><DefinedValue><ColumnReference Column="Expr1052"></ColumnReference><ScalarOperator ScalarString="ANY([tpch].[dbo].[nation].[N_RegionKey] as [n2].[N_RegionKey])"><Aggregate Distinct="0" AggType="ANY"><ScalarOperator><Identifier><ColumnReference Database="[tpch]" Schema="[dbo]" Table="[nation]" Alias="[n2]" Column="N_RegionKey"></ColumnReference></Identifier></ScalarOperator></Aggregate></ScalarOperator></DefinedValue></DefinedValues><RelOp NodeId="61" PhysicalOp="Nested Loops" LogicalOp="Inner Join" EstimateRows="1" EstimateIO="0" EstimateCPU="4.18e-06" AvgRowSize="11" EstimatedTotalSubtreeCost="1.21408" Parallel="1" EstimateRebinds="0" EstimateRewinds="3769" EstimatedExecutionMode="Row"><OutputList><ColumnReference Database="[tpch]" Schema="[dbo]" Table="[nation]" Alias="[n2]" Column="N_RegionKey"></ColumnReference></OutputList><RunTimeInformation><RunTimeCountersPerThread Thread="12" ActualRows="0" Batches="0" ActualElapsedms="0" ActualCPUms="0" ActualEndOfScans="0" ActualExecutions="0" ActualExecutionMode="Row"></RunTimeCountersPerThread><RunTimeCountersPerThread Thread="11" ActualRows="0" Batches="0" ActualElapsedms="0" ActualCPUms="0" ActualEndOfScans="0" ActualExecutions="0" ActualExecutionMode="Row"></RunTimeCountersPerThread><RunTimeCountersPerThread Thread="10" ActualRows="0" Batches="0" ActualElapsedms="0" ActualCPUms="0" ActualEndOfScans="0" ActualExecutions="0" ActualExecutionMode="Row"></RunTimeCountersPerThread><RunTimeCountersPerThread Thread="9" ActualRows="0" Batches="0" ActualElapsedms="0" ActualCPUms="0" ActualEndOfScans="0" ActualExecutions="0" ActualExecutionMode="Row"></RunTimeCountersPerThread><RunTimeCountersPerThread Thread="8" ActualRows="0" Batches="0" ActualElapsedms="0" ActualCPUms="0" ActualEndOfScans="0" ActualExecutions="0" ActualExecutionMode="Row"></RunTimeCountersPerThread><RunTimeCountersPerThread Thread="7" ActualRows="0" Batches="0" ActualElapsedms="0" ActualCPUms="0" ActualEndOfScans="0" ActualExecutions="0" ActualExecutionMode="Row"></RunTimeCountersPerThread><RunTimeCountersPerThread Thread="6" ActualRows="0" Batches="0" ActualElapsedms="0" ActualCPUms="0" ActualEndOfScans="0" ActualExecutions="0" ActualExecutionMode="Row"></RunTimeCountersPerThread><RunTimeCountersPerThread Thread="5" ActualRows="0" Batches="0" ActualElapsedms="0" ActualCPUms="0" ActualEndOfScans="0" ActualExecutions="0" ActualExecutionMode="Row"></RunTimeCountersPerThread><RunTimeCountersPerThread Thread="4" ActualRows="0" Batches="0" ActualElapsedms="0" ActualCPUms="0" ActualEndOfScans="0" ActualExecutions="0" ActualExecutionMode="Row"></RunTimeCountersPerThread><RunTimeCountersPerThread Thread="3" ActualRows="0" Batches="0" ActualElapsedms="0" ActualCPUms="0" ActualEndOfScans="0" ActualExecutions="0" ActualExecutionMode="Row"></RunTimeCountersPerThread><RunTimeCountersPerThread Thread="2" ActualRows="3" Batches="0" ActualElapsedms="0" ActualCPUms="0" ActualEndOfScans="3" ActualExecutions="3" ActualExecutionMode="Row"></RunTimeCountersPerThread><RunTimeCountersPerThread Thread="1" ActualRows="0" Batches="0" ActualElapsedms="0" ActualCPUms="0" ActualEndOfScans="0" ActualExecutions="0" ActualExecutionMode="Row"></RunTimeCountersPerThread><RunTimeCountersPerThread Thread="0" ActualRows="0" Batches="0" ActualElapsedms="0" ActualCPUms="0" ActualEndOfScans="0" ActualExecutions="0" ActualExecutionMode="Row"></RunTimeCountersPerThread></RunTimeInformation><NestedLoops Optimized="0"><OuterReferences><ColumnReference Database="[tpch]" Schema="[dbo]" Table="[customer]" Alias="[c2]" Column="C_NationKey"></ColumnReference></OuterReferences><RelOp NodeId="62" PhysicalOp="Clustered Index Seek" LogicalOp="Clustered Index Seek" EstimateRows="1" EstimatedRowsRead="1" EstimateIO="0.003125" EstimateCPU="0.0001581" AvgRowSize="11" EstimatedTotalSubtreeCost="0.599162" TableCardinality="150000" Parallel="1" EstimateRebinds="0" EstimateRewinds="3769" EstimatedExecutionMode="Row"><OutputList><ColumnReference Database="[tpch]" Schema="[dbo]" Table="[customer]" Alias="[c2]" Column="C_NationKey"></ColumnReference></OutputList><RunTimeInformation><RunTimeCountersPerThread Thread="12" ActualRows="0" Batches="0" ActualElapsedms="0" ActualCPUms="0" ActualScans="0" ActualLogicalReads="0" ActualPhysicalReads="0" ActualReadAheads="0" ActualLobLogicalReads="0" ActualLobPhysicalReads="0" ActualLobReadAheads="0" ActualEndOfScans="0" ActualExecutions="0" ActualExecutionMode="Row"></RunTimeCountersPerThread><RunTimeCountersPerThread Thread="11" ActualRows="0" Batches="0" ActualElapsedms="0" ActualCPUms="0" ActualScans="0" ActualLogicalReads="0" ActualPhysicalReads="0" ActualReadAheads="0" ActualLobLogicalReads="0" ActualLobPhysicalReads="0" ActualLobReadAheads="0" ActualEndOfScans="0" ActualExecutions="0" ActualExecutionMode="Row"></RunTimeCountersPerThread><RunTimeCountersPerThread Thread="10" ActualRows="0" Batches="0" ActualElapsedms="0" ActualCPUms="0" ActualScans="0" ActualLogicalReads="0" ActualPhysicalReads="0" ActualReadAheads="0" ActualLobLogicalReads="0" ActualLobPhysicalReads="0" ActualLobReadAheads="0" ActualEndOfScans="0" ActualExecutions="0" ActualExecutionMode="Row"></RunTimeCountersPerThread><RunTimeCountersPerThread Thread="9" ActualRows="0" Batches="0" ActualElapsedms="0" ActualCPUms="0" ActualScans="0" ActualLogicalReads="0" ActualPhysicalReads="0" ActualReadAheads="0" ActualLobLogicalReads="0" ActualLobPhysicalReads="0" ActualLobReadAheads="0" ActualEndOfScans="0" ActualExecutions="0" ActualExecutionMode="Row"></RunTimeCountersPerThread><RunTimeCountersPerThread Thread="8" ActualRows="0" Batches="0" ActualElapsedms="0" ActualCPUms="0" ActualScans="0" ActualLogicalReads="0" ActualPhysicalReads="0" ActualReadAheads="0" ActualLobLogicalReads="0" ActualLobPhysicalReads="0" ActualLobReadAheads="0" ActualEndOfScans="0" ActualExecutions="0" ActualExecutionMode="Row"></RunTimeCountersPerThread><RunTimeCountersPerThread Thread="7" ActualRows="0" Batches="0" ActualElapsedms="0" ActualCPUms="0" ActualScans="0" ActualLogicalReads="0" ActualPhysicalReads="0" ActualReadAheads="0" ActualLobLogicalReads="0" ActualLobPhysicalReads="0" ActualLobReadAheads="0" ActualEndOfScans="0" ActualExecutions="0" ActualExecutionMode="Row"></RunTimeCountersPerThread><RunTimeCountersPerThread Thread="6" ActualRows="0" Batches="0" ActualElapsedms="0" ActualCPUms="0" ActualScans="0" ActualLogicalReads="0" ActualPhysicalReads="0" ActualReadAheads="0" ActualLobLogicalReads="0" ActualLobPhysicalReads="0" ActualLobReadAheads="0" ActualEndOfScans="0" ActualExecutions="0" ActualExecutionMode="Row"></RunTimeCountersPerThread><RunTimeCountersPerThread Thread="5" ActualRows="0" Batches="0" ActualElapsedms="0" ActualCPUms="0" ActualScans="0" ActualLogicalReads="0" ActualPhysicalReads="0" ActualReadAheads="0" ActualLobLogicalReads="0" ActualLobPhysicalReads="0" ActualLobReadAheads="0" ActualEndOfScans="0" ActualExecutions="0" ActualExecutionMode="Row"></RunTimeCountersPerThread><RunTimeCountersPerThread Thread="4" ActualRows="0" Batches="0" ActualElapsedms="0" ActualCPUms="0" ActualScans="0" ActualLogicalReads="0" ActualPhysicalReads="0" ActualReadAheads="0" ActualLobLogicalReads="0" ActualLobPhysicalReads="0" ActualLobReadAheads="0" ActualEndOfScans="0" ActualExecutions="0" ActualExecutionMode="Row"></RunTimeCountersPerThread><RunTimeCountersPerThread Thread="3" ActualRows="0" Batches="0" ActualElapsedms="0" ActualCPUms="0" ActualScans="0" ActualLogicalReads="0" ActualPhysicalReads="0" ActualReadAheads="0" ActualLobLogicalReads="0" ActualLobPhysicalReads="0" ActualLobReadAheads="0" ActualEndOfScans="0" ActualExecutions="0" ActualExecutionMode="Row"></RunTimeCountersPerThread><RunTimeCountersPerThread Thread="2" ActualRows="3" Batches="0" ActualElapsedms="0" ActualCPUms="0" ActualScans="0" ActualLogicalReads="9" ActualPhysicalReads="0" ActualReadAheads="0" ActualLobLogicalReads="0" ActualLobPhysicalReads="0" ActualLobReadAheads="0" ActualRowsRead="3" ActualEndOfScans="3" ActualExecutions="3" ActualExecutionMode="Row"></RunTimeCountersPerThread><RunTimeCountersPerThread Thread="1" ActualRows="0" Batches="0" ActualElapsedms="0" ActualCPUms="0" ActualScans="0" ActualLogicalReads="0" ActualPhysicalReads="0" ActualReadAheads="0" ActualLobLogicalReads="0" ActualLobPhysicalReads="0" ActualLobReadAheads="0" ActualEndOfScans="0" ActualExecutions="0" ActualExecutionMode="Row"></RunTimeCountersPerThread><RunTimeCountersPerThread Thread="0" ActualRows="0" Batches="0" ActualElapsedms="0" ActualCPUms="0" ActualScans="0" ActualLogicalReads="0" ActualPhysicalReads="0" ActualReadAheads="0" ActualLobLogicalReads="0" ActualLobPhysicalReads="0" ActualLobReadAheads="0" ActualEndOfScans="0" ActualExecutions="0" ActualExecutionMode="Row"></RunTimeCountersPerThread></RunTimeInformation><IndexScan Ordered="1" ScanDirection="FORWARD" ForcedIndex="0" ForceSeek="0" ForceScan="0" NoExpandHint="0" Storage="RowStore"><DefinedValues><DefinedValue><ColumnReference Database="[tpch]" Schema="[dbo]" Table="[customer]" Alias="[c2]" Column="C_NationKey"></ColumnReference></DefinedValue></DefinedValues><Object Database="[tpch]" Schema="[dbo]" Table="[customer]" Index="[PK__customer__48695B7174053BCB]" Alias="[c2]" TableReferenceId="2" IndexKind="Clustered" Storage="RowStore"></Object><SeekPredicates><SeekPredicateNew><SeekKeys><Prefix ScanType="EQ"><RangeColumns><ColumnReference Database="[tpch]" Schema="[dbo]" Table="[customer]" Alias="[c2]" Column="C_CustKey"></ColumnReference></RangeColumns><RangeExpressions><ScalarOperator ScalarString="(1111)"><Const ConstValue="(1111)"></Const></ScalarOperator></RangeExpressions></Prefix></SeekKeys></SeekPredicateNew></SeekPredicates></IndexScan></RelOp><RelOp NodeId="63" PhysicalOp="Clustered Index Seek" LogicalOp="Clustered Index Seek" EstimateRows="1" EstimatedRowsRead="1" EstimateIO="0.003125" EstimateCPU="0.0001581" AvgRowSize="11" EstimatedTotalSubtreeCost="0.599162" TableCardinality="25" Parallel="1" EstimateRebinds="0" EstimateRewinds="3769" EstimatedExecutionMode="Row"><OutputList><ColumnReference Database="[tpch]" Schema="[dbo]" Table="[nation]" Alias="[n2]" Column="N_RegionKey"></ColumnReference></OutputList><RunTimeInformation><RunTimeCountersPerThread Thread="12" ActualRows="0" Batches="0" ActualElapsedms="0" ActualCPUms="0" ActualScans="0" ActualLogicalReads="0" ActualPhysicalReads="0" ActualReadAheads="0" ActualLobLogicalReads="0" ActualLobPhysicalReads="0" ActualLobReadAheads="0" ActualEndOfScans="0" ActualExecutions="0" ActualExecutionMode="Row"></RunTimeCountersPerThread><RunTimeCountersPerThread Thread="11" ActualRows="0" Batches="0" ActualElapsedms="0" ActualCPUms="0" ActualScans="0" ActualLogicalReads="0" ActualPhysicalReads="0" ActualReadAheads="0" ActualLobLogicalReads="0" ActualLobPhysicalReads="0" ActualLobReadAheads="0" ActualEndOfScans="0" ActualExecutions="0" ActualExecutionMode="Row"></RunTimeCountersPerThread><RunTimeCountersPerThread Thread="10" ActualRows="0" Batches="0" ActualElapsedms="0" ActualCPUms="0" ActualScans="0" ActualLogicalReads="0" ActualPhysicalReads="0" ActualReadAheads="0" ActualLobLogicalReads="0" ActualLobPhysicalReads="0" ActualLobReadAheads="0" ActualEndOfScans="0" ActualExecutions="0" ActualExecutionMode="Row"></RunTimeCountersPerThread><RunTimeCountersPerThread Thread="9" ActualRows="0" Batches="0" ActualElapsedms="0" ActualCPUms="0" ActualScans="0" ActualLogicalReads="0" ActualPhysicalReads="0" ActualReadAheads="0" ActualLobLogicalReads="0" ActualLobPhysicalReads="0" ActualLobReadAheads="0" ActualEndOfScans="0" ActualExecutions="0" ActualExecutionMode="Row"></RunTimeCountersPerThread><RunTimeCountersPerThread Thread="8" ActualRows="0" Batches="0" ActualElapsedms="0" ActualCPUms="0" ActualScans="0" ActualLogicalReads="0" ActualPhysicalReads="0" ActualReadAheads="0" ActualLobLogicalReads="0" ActualLobPhysicalReads="0" ActualLobReadAheads="0" ActualEndOfScans="0" ActualExecutions="0" ActualExecutionMode="Row"></RunTimeCountersPerThread><RunTimeCountersPerThread Thread="7" ActualRows="0" Batches="0" ActualElapsedms="0" ActualCPUms="0" ActualScans="0" ActualLogicalReads="0" ActualPhysicalReads="0" ActualReadAheads="0" ActualLobLogicalReads="0" ActualLobPhysicalReads="0" ActualLobReadAheads="0" ActualEndOfScans="0" ActualExecutions="0" ActualExecutionMode="Row"></RunTimeCountersPerThread><RunTimeCountersPerThread Thread="6" ActualRows="0" Batches="0" ActualElapsedms="0" ActualCPUms="0" ActualScans="0" ActualLogicalReads="0" ActualPhysicalReads="0" ActualReadAheads="0" ActualLobLogicalReads="0" ActualLobPhysicalReads="0" ActualLobReadAheads="0" ActualEndOfScans="0" ActualExecutions="0" ActualExecutionMode="Row"></RunTimeCountersPerThread><RunTimeCountersPerThread Thread="5" ActualRows="0" Batches="0" ActualElapsedms="0" ActualCPUms="0" ActualScans="0" ActualLogicalReads="0" ActualPhysicalReads="0" ActualReadAheads="0" ActualLobLogicalReads="0" ActualLobPhysicalReads="0" ActualLobReadAheads="0" ActualEndOfScans="0" ActualExecutions="0" ActualExecutionMode="Row"></RunTimeCountersPerThread><RunTimeCountersPerThread Thread="4" ActualRows="0" Batches="0" ActualElapsedms="0" ActualCPUms="0" ActualScans="0" ActualLogicalReads="0" ActualPhysicalReads="0" ActualReadAheads="0" ActualLobLogicalReads="0" ActualLobPhysicalReads="0" ActualLobReadAheads="0" ActualEndOfScans="0" ActualExecutions="0" ActualExecutionMode="Row"></RunTimeCountersPerThread><RunTimeCountersPerThread Thread="3" ActualRows="0" Batches="0" ActualElapsedms="0" ActualCPUms="0" ActualScans="0" ActualLogicalReads="0" ActualPhysicalReads="0" ActualReadAheads="0" ActualLobLogicalReads="0" ActualLobPhysicalReads="0" ActualLobReadAheads="0" ActualEndOfScans="0" ActualExecutions="0" ActualExecutionMode="Row"></RunTimeCountersPerThread><RunTimeCountersPerThread Thread="2" ActualRows="3" Batches="0" ActualElapsedms="0" ActualCPUms="0" ActualScans="0" ActualLogicalReads="6" ActualPhysicalReads="0" ActualReadAheads="0" ActualLobLogicalReads="0" ActualLobPhysicalReads="0" ActualLobReadAheads="0" ActualRowsRead="3" ActualEndOfScans="0" ActualExecutions="3" ActualExecutionMode="Row"></RunTimeCountersPerThread><RunTimeCountersPerThread Thread="1" ActualRows="0" Batches="0" ActualElapsedms="0" ActualCPUms="0" ActualScans="0" ActualLogicalReads="0" ActualPhysicalReads="0" ActualReadAheads="0" ActualLobLogicalReads="0" ActualLobPhysicalReads="0" ActualLobReadAheads="0" ActualEndOfScans="0" ActualExecutions="0" ActualExecutionMode="Row"></RunTimeCountersPerThread><RunTimeCountersPerThread Thread="0" ActualRows="0" Batches="0" ActualElapsedms="0" ActualCPUms="0" ActualScans="0" ActualLogicalReads="0" ActualPhysicalReads="0" ActualReadAheads="0" ActualLobLogicalReads="0" ActualLobPhysicalReads="0" ActualLobReadAheads="0" ActualEndOfScans="0" ActualExecutions="0" ActualExecutionMode="Row"></RunTimeCountersPerThread></RunTimeInformation><IndexScan Ordered="1" ScanDirection="FORWARD" ForcedIndex="0" ForceSeek="0" ForceScan="0" NoExpandHint="0" Storage="RowStore"><DefinedValues><DefinedValue><ColumnReference Database="[tpch]" Schema="[dbo]" Table="[nation]" Alias="[n2]" Column="N_RegionKey"></ColumnReference></DefinedValue></DefinedValues><Object Database="[tpch]" Schema="[dbo]" Table="[nation]" Index="[PK__nation__BD377952AE350C6C]" Alias="[n2]" TableReferenceId="2" IndexKind="Clustered" Storage="RowStore"></Object><SeekPredicates><SeekPredicateNew><SeekKeys><Prefix ScanType="EQ"><RangeColumns><ColumnReference Database="[tpch]" Schema="[dbo]" Table="[nation]" Alias="[n2]" Column="N_NationKey"></ColumnReference></RangeColumns><RangeExpressions><ScalarOperator ScalarString="[tpch].[dbo].[customer].[C_NationKey] as [c2].[C_NationKey]"><Identifier><ColumnReference Database="[tpch]" Schema="[dbo]" Table="[customer]" Alias="[c2]" Column="C_NationKey"></ColumnReference></Identifier></ScalarOperator></RangeExpressions></Prefix></SeekKeys></SeekPredicateNew></SeekPredicates></IndexScan></RelOp></NestedLoops></RelOp></StreamAggregate></RelOp><Predicate><ScalarOperator ScalarString="CASE WHEN [Expr1051]&gt;(1) THEN (0) ELSE NULL END"><IF><Condition><ScalarOperator><Compare CompareOp="GT"><ScalarOperator><Identifier><ColumnReference Column="Expr1051"></ColumnReference></Identifier></ScalarOperator><ScalarOperator><Const ConstValue="(1)"></Const></ScalarOperator></Compare></ScalarOperator></Condition><Then><ScalarOperator><Const ConstValue="(0)"></Const></ScalarOperator></Then><Else><ScalarOperator><Const ConstValue="NULL"></Const></ScalarOperator></Else></IF></ScalarOperator></Predicate></Assert></RelOp><RelOp NodeId="64" PhysicalOp="Assert" LogicalOp="Assert" EstimateRows="1" EstimateIO="0" EstimateCPU="4.8e-07" AvgRowSize="11" EstimatedTotalSubtreeCost="16.8826" Parallel="1" EstimateRebinds="3765" EstimateRewinds="4" EstimatedExecutionMode="Row"><OutputList><ColumnReference Column="Expr1050"></ColumnReference></OutputList><RunTimeInformation><RunTimeCountersPerThread Thread="12" ActualRows="0" Batches="0" ActualElapsedms="0" ActualCPUms="0" ActualEndOfScans="0" ActualExecutions="0" ActualExecutionMode="Row"></RunTimeCountersPerThread><RunTimeCountersPerThread Thread="11" ActualRows="0" Batches="0" ActualElapsedms="0" ActualCPUms="0" ActualEndOfScans="0" ActualExecutions="0" ActualExecutionMode="Row"></RunTimeCountersPerThread><RunTimeCountersPerThread Thread="10" ActualRows="0" Batches="0" ActualElapsedms="0" ActualCPUms="0" ActualEndOfScans="0" ActualExecutions="0" ActualExecutionMode="Row"></RunTimeCountersPerThread><RunTimeCountersPerThread Thread="9" ActualRows="0" Batches="0" ActualElapsedms="0" ActualCPUms="0" ActualEndOfScans="0" ActualExecutions="0" ActualExecutionMode="Row"></RunTimeCountersPerThread><RunTimeCountersPerThread Thread="8" ActualRows="0" Batches="0" ActualElapsedms="0" ActualCPUms="0" ActualEndOfScans="0" ActualExecutions="0" ActualExecutionMode="Row"></RunTimeCountersPerThread><RunTimeCountersPerThread Thread="7" ActualRows="0" Batches="0" ActualElapsedms="0" ActualCPUms="0" ActualEndOfScans="0" ActualExecutions="0" ActualExecutionMode="Row"></RunTimeCountersPerThread><RunTimeCountersPerThread Thread="6" ActualRows="0" Batches="0" ActualElapsedms="0" ActualCPUms="0" ActualEndOfScans="0" ActualExecutions="0" ActualExecutionMode="Row"></RunTimeCountersPerThread><RunTimeCountersPerThread Thread="5" ActualRows="0" Batches="0" ActualElapsedms="0" ActualCPUms="0" ActualEndOfScans="0" ActualExecutions="0" ActualExecutionMode="Row"></RunTimeCountersPerThread><RunTimeCountersPerThread Thread="4" ActualRows="0" Batches="0" ActualElapsedms="0" ActualCPUms="0" ActualEndOfScans="0" ActualExecutions="0" ActualExecutionMode="Row"></RunTimeCountersPerThread><RunTimeCountersPerThread Thread="3" ActualRows="0" Batches="0" ActualElapsedms="0" ActualCPUms="0" ActualEndOfScans="0" ActualExecutions="0" ActualExecutionMode="Row"></RunTimeCountersPerThread><RunTimeCountersPerThread Thread="2" ActualRows="3" Batches="0" ActualElapsedms="0" ActualCPUms="0" ActualEndOfScans="0" ActualExecutions="3" ActualExecutionMode="Row"></RunTimeCountersPerThread><RunTimeCountersPerThread Thread="1" ActualRows="0" Batches="0" ActualElapsedms="0" ActualCPUms="0" ActualEndOfScans="0" ActualExecutions="0" ActualExecutionMode="Row"></RunTimeCountersPerThread><RunTimeCountersPerThread Thread="0" ActualRows="0" Batches="0" ActualElapsedms="0" ActualCPUms="0" ActualEndOfScans="0" ActualExecutions="0" ActualExecutionMode="Row"></RunTimeCountersPerThread></RunTimeInformation><Assert StartupExpression="0"><RelOp NodeId="65" PhysicalOp="Stream Aggregate" LogicalOp="Aggregate" EstimateRows="1" EstimateIO="0" EstimateCPU="1.1e-06" AvgRowSize="19" EstimatedTotalSubtreeCost="16.8808" Parallel="1" EstimateRebinds="3765" EstimateRewinds="4" EstimatedExecutionMode="Row"><OutputList><ColumnReference Column="Expr1049"></ColumnReference><ColumnReference Column="Expr1050"></ColumnReference></OutputList><RunTimeInformation><RunTimeCountersPerThread Thread="12" ActualRows="0" Batches="0" ActualElapsedms="0" ActualCPUms="0" ActualEndOfScans="0" ActualExecutions="0" ActualExecutionMode="Row"></RunTimeCountersPerThread><RunTimeCountersPerThread Thread="11" ActualRows="0" Batches="0" ActualElapsedms="0" ActualCPUms="0" ActualEndOfScans="0" ActualExecutions="0" ActualExecutionMode="Row"></RunTimeCountersPerThread><RunTimeCountersPerThread Thread="10" ActualRows="0" Batches="0" ActualElapsedms="0" ActualCPUms="0" ActualEndOfScans="0" ActualExecutions="0" ActualExecutionMode="Row"></RunTimeCountersPerThread><RunTimeCountersPerThread Thread="9" ActualRows="0" Batches="0" ActualElapsedms="0" ActualCPUms="0" ActualEndOfScans="0" ActualExecutions="0" ActualExecutionMode="Row"></RunTimeCountersPerThread><RunTimeCountersPerThread Thread="8" ActualRows="0" Batches="0" ActualElapsedms="0" ActualCPUms="0" ActualEndOfScans="0" ActualExecutions="0" ActualExecutionMode="Row"></RunTimeCountersPerThread><RunTimeCountersPerThread Thread="7" ActualRows="0" Batches="0" ActualElapsedms="0" ActualCPUms="0" ActualEndOfScans="0" ActualExecutions="0" ActualExecutionMode="Row"></RunTimeCountersPerThread><RunTimeCountersPerThread Thread="6" ActualRows="0" Batches="0" ActualElapsedms="0" ActualCPUms="0" ActualEndOfScans="0" ActualExecutions="0" ActualExecutionMode="Row"></RunTimeCountersPerThread><RunTimeCountersPerThread Thread="5" ActualRows="0" Batches="0" ActualElapsedms="0" ActualCPUms="0" ActualEndOfScans="0" ActualExecutions="0" ActualExecutionMode="Row"></RunTimeCountersPerThread><RunTimeCountersPerThread Thread="4" ActualRows="0" Batches="0" ActualElapsedms="0" ActualCPUms="0" ActualEndOfScans="0" ActualExecutions="0" ActualExecutionMode="Row"></RunTimeCountersPerThread><RunTimeCountersPerThread Thread="3" ActualRows="0" Batches="0" ActualElapsedms="0" ActualCPUms="0" ActualEndOfScans="0" ActualExecutions="0" ActualExecutionMode="Row"></RunTimeCountersPerThread><RunTimeCountersPerThread Thread="2" ActualRows="3" Batches="0" ActualElapsedms="0" ActualCPUms="0" ActualEndOfScans="0" ActualExecutions="3" ActualExecutionMode="Row"></RunTimeCountersPerThread><RunTimeCountersPerThread Thread="1" ActualRows="0" Batches="0" ActualElapsedms="0" ActualCPUms="0" ActualEndOfScans="0" ActualExecutions="0" ActualExecutionMode="Row"></RunTimeCountersPerThread><RunTimeCountersPerThread Thread="0" ActualRows="0" Batches="0" ActualElapsedms="0" ActualCPUms="0" ActualEndOfScans="0" ActualExecutions="0" ActualExecutionMode="Row"></RunTimeCountersPerThread></RunTimeInformation><StreamAggregate><DefinedValues><DefinedValue><ColumnReference Column="Expr1049"></ColumnReference><ScalarOperator ScalarString="Count(*)"><Aggregate AggType="countstar" Distinct="0"></Aggregate></ScalarOperator></DefinedValue><DefinedValue><ColumnReference Column="Expr1050"></ColumnReference><ScalarOperator ScalarString="ANY([tpch].[dbo].[nation].[N_RegionKey] as [n].[N_RegionKey])"><Aggregate Distinct="0" AggType="ANY"><ScalarOperator><Identifier><ColumnReference Database="[tpch]" Schema="[dbo]" Table="[nation]" Alias="[n]" Column="N_RegionKey"></ColumnReference></Identifier></ScalarOperator></Aggregate></ScalarOperator></DefinedValue></DefinedValues><RelOp NodeId="66" PhysicalOp="Nested Loops" LogicalOp="Inner Join" EstimateRows="1" EstimateIO="0" EstimateCPU="4.18e-06" AvgRowSize="11" EstimatedTotalSubtreeCost="16.8766" Parallel="1" EstimateRebinds="3765" EstimateRewinds="4" EstimatedExecutionMode="Row"><OutputList><ColumnReference Database="[tpch]" Schema="[dbo]" Table="[nation]" Alias="[n]" Column="N_RegionKey"></ColumnReference></OutputList><RunTimeInformation><RunTimeCountersPerThread Thread="12" ActualRows="0" Batches="0" ActualElapsedms="0" ActualCPUms="0" ActualEndOfScans="0" ActualExecutions="0" ActualExecutionMode="Row"></RunTimeCountersPerThread><RunTimeCountersPerThread Thread="11" ActualRows="0" Batches="0" ActualElapsedms="0" ActualCPUms="0" ActualEndOfScans="0" ActualExecutions="0" ActualExecutionMode="Row"></RunTimeCountersPerThread><RunTimeCountersPerThread Thread="10" ActualRows="0" Batches="0" ActualElapsedms="0" ActualCPUms="0" ActualEndOfScans="0" ActualExecutions="0" ActualExecutionMode="Row"></RunTimeCountersPerThread><RunTimeCountersPerThread Thread="9" ActualRows="0" Batches="0" ActualElapsedms="0" ActualCPUms="0" ActualEndOfScans="0" ActualExecutions="0" ActualExecutionMode="Row"></RunTimeCountersPerThread><RunTimeCountersPerThread Thread="8" ActualRows="0" Batches="0" ActualElapsedms="0" ActualCPUms="0" ActualEndOfScans="0" ActualExecutions="0" ActualExecutionMode="Row"></RunTimeCountersPerThread><RunTimeCountersPerThread Thread="7" ActualRows="0" Batches="0" ActualElapsedms="0" ActualCPUms="0" ActualEndOfScans="0" ActualExecutions="0" ActualExecutionMode="Row"></RunTimeCountersPerThread><RunTimeCountersPerThread Thread="6" ActualRows="0" Batches="0" ActualElapsedms="0" ActualCPUms="0" ActualEndOfScans="0" ActualExecutions="0" ActualExecutionMode="Row"></RunTimeCountersPerThread><RunTimeCountersPerThread Thread="5" ActualRows="0" Batches="0" ActualElapsedms="0" ActualCPUms="0" ActualEndOfScans="0" ActualExecutions="0" ActualExecutionMode="Row"></RunTimeCountersPerThread><RunTimeCountersPerThread Thread="4" ActualRows="0" Batches="0" ActualElapsedms="0" ActualCPUms="0" ActualEndOfScans="0" ActualExecutions="0" ActualExecutionMode="Row"></RunTimeCountersPerThread><RunTimeCountersPerThread Thread="3" ActualRows="0" Batches="0" ActualElapsedms="0" ActualCPUms="0" ActualEndOfScans="0" ActualExecutions="0" ActualExecutionMode="Row"></RunTimeCountersPerThread><RunTimeCountersPerThread Thread="2" ActualRows="3" Batches="0" ActualElapsedms="0" ActualCPUms="0" ActualEndOfScans="3" ActualExecutions="3" ActualExecutionMode="Row"></RunTimeCountersPerThread><RunTimeCountersPerThread Thread="1" ActualRows="0" Batches="0" ActualElapsedms="0" ActualCPUms="0" ActualEndOfScans="0" ActualExecutions="0" ActualExecutionMode="Row"></RunTimeCountersPerThread><RunTimeCountersPerThread Thread="0" ActualRows="0" Batches="0" ActualElapsedms="0" ActualCPUms="0" ActualEndOfScans="0" ActualExecutions="0" ActualExecutionMode="Row"></RunTimeCountersPerThread></RunTimeInformation><NestedLoops Optimized="0"><OuterReferences><ColumnReference Database="[tpch]" Schema="[dbo]" Table="[customer]" Alias="[c]" Column="C_NationKey"></ColumnReference></OuterReferences><RelOp NodeId="67" PhysicalOp="Nested Loops" LogicalOp="Inner Join" EstimateRows="1" EstimateIO="0" EstimateCPU="4.18e-06" AvgRowSize="11" EstimatedTotalSubtreeCost="16.2617" Parallel="1" EstimateRebinds="3765" EstimateRewinds="4" EstimatedExecutionMode="Row"><OutputList><ColumnReference Database="[tpch]" Schema="[dbo]" Table="[customer]" Alias="[c]" Column="C_NationKey"></ColumnReference></OutputList><RunTimeInformation><RunTimeCountersPerThread Thread="12" ActualRows="0" Batches="0" ActualElapsedms="0" ActualCPUms="0" ActualEndOfScans="0" ActualExecutions="0" ActualExecutionMode="Row"></RunTimeCountersPerThread><RunTimeCountersPerThread Thread="11" ActualRows="0" Batches="0" ActualElapsedms="0" ActualCPUms="0" ActualEndOfScans="0" ActualExecutions="0" ActualExecutionMode="Row"></RunTimeCountersPerThread><RunTimeCountersPerThread Thread="10" ActualRows="0" Batches="0" ActualElapsedms="0" ActualCPUms="0" ActualEndOfScans="0" ActualExecutions="0" ActualExecutionMode="Row"></RunTimeCountersPerThread><RunTimeCountersPerThread Thread="9" ActualRows="0" Batches="0" ActualElapsedms="0" ActualCPUms="0" ActualEndOfScans="0" ActualExecutions="0" ActualExecutionMode="Row"></RunTimeCountersPerThread><RunTimeCountersPerThread Thread="8" ActualRows="0" Batches="0" ActualElapsedms="0" ActualCPUms="0" ActualEndOfScans="0" ActualExecutions="0" ActualExecutionMode="Row"></RunTimeCountersPerThread><RunTimeCountersPerThread Thread="7" ActualRows="0" Batches="0" ActualElapsedms="0" ActualCPUms="0" ActualEndOfScans="0" ActualExecutions="0" ActualExecutionMode="Row"></RunTimeCountersPerThread><RunTimeCountersPerThread Thread="6" ActualRows="0" Batches="0" ActualElapsedms="0" ActualCPUms="0" ActualEndOfScans="0" ActualExecutions="0" ActualExecutionMode="Row"></RunTimeCountersPerThread><RunTimeCountersPerThread Thread="5" ActualRows="0" Batches="0" ActualElapsedms="0" ActualCPUms="0" ActualEndOfScans="0" ActualExecutions="0" ActualExecutionMode="Row"></RunTimeCountersPerThread><RunTimeCountersPerThread Thread="4" ActualRows="0" Batches="0" ActualElapsedms="0" ActualCPUms="0" ActualEndOfScans="0" ActualExecutions="0" ActualExecutionMode="Row"></RunTimeCountersPerThread><RunTimeCountersPerThread Thread="3" ActualRows="0" Batches="0" ActualElapsedms="0" ActualCPUms="0" ActualEndOfScans="0" ActualExecutions="0" ActualExecutionMode="Row"></RunTimeCountersPerThread><RunTimeCountersPerThread Thread="2" ActualRows="3" Batches="0" ActualElapsedms="0" ActualCPUms="0" ActualEndOfScans="3" ActualExecutions="3" ActualExecutionMode="Row"></RunTimeCountersPerThread><RunTimeCountersPerThread Thread="1" ActualRows="0" Batches="0" ActualElapsedms="0" ActualCPUms="0" ActualEndOfScans="0" ActualExecutions="0" ActualExecutionMode="Row"></RunTimeCountersPerThread><RunTimeCountersPerThread Thread="0" ActualRows="0" Batches="0" ActualElapsedms="0" ActualCPUms="0" ActualEndOfScans="0" ActualExecutions="0" ActualExecutionMode="Row"></RunTimeCountersPerThread></RunTimeInformation><NestedLoops Optimized="0"><OuterReferences><ColumnReference Database="[tpch]" Schema="[dbo]" Table="[orders]" Alias="[o]" Column="O_CustKey"></ColumnReference></OuterReferences><RelOp NodeId="68" PhysicalOp="Clustered Index Seek" LogicalOp="Clustered Index Seek" EstimateRows="1" EstimatedRowsRead="1" EstimateIO="0.003125" EstimateCPU="0.0001581" AvgRowSize="11" EstimatedTotalSubtreeCost="9.43036" TableCardinality="1.5e+06" Parallel="1" EstimateRebinds="3765" EstimateRewinds="4" EstimatedExecutionMode="Row"><OutputList><ColumnReference Database="[tpch]" Schema="[dbo]" Table="[orders]" Alias="[o]" Column="O_CustKey"></ColumnReference></OutputList><RunTimeInformation><RunTimeCountersPerThread Thread="12" ActualRows="0" Batches="0" ActualElapsedms="0" ActualCPUms="0" ActualScans="0" ActualLogicalReads="0" ActualPhysicalReads="0" ActualReadAheads="0" ActualLobLogicalReads="0" ActualLobPhysicalReads="0" ActualLobReadAheads="0" ActualEndOfScans="0" ActualExecutions="0" ActualExecutionMode="Row"></RunTimeCountersPerThread><RunTimeCountersPerThread Thread="11" ActualRows="0" Batches="0" ActualElapsedms="0" ActualCPUms="0" ActualScans="0" ActualLogicalReads="0" ActualPhysicalReads="0" ActualReadAheads="0" ActualLobLogicalReads="0" ActualLobPhysicalReads="0" ActualLobReadAheads="0" ActualEndOfScans="0" ActualExecutions="0" ActualExecutionMode="Row"></RunTimeCountersPerThread><RunTimeCountersPerThread Thread="10" ActualRows="0" Batches="0" ActualElapsedms="0" ActualCPUms="0" ActualScans="0" ActualLogicalReads="0" ActualPhysicalReads="0" ActualReadAheads="0" ActualLobLogicalReads="0" ActualLobPhysicalReads="0" ActualLobReadAheads="0" ActualEndOfScans="0" ActualExecutions="0" ActualExecutionMode="Row"></RunTimeCountersPerThread><RunTimeCountersPerThread Thread="9" ActualRows="0" Batches="0" ActualElapsedms="0" ActualCPUms="0" ActualScans="0" ActualLogicalReads="0" ActualPhysicalReads="0" ActualReadAheads="0" ActualLobLogicalReads="0" ActualLobPhysicalReads="0" ActualLobReadAheads="0" ActualEndOfScans="0" ActualExecutions="0" ActualExecutionMode="Row"></RunTimeCountersPerThread><RunTimeCountersPerThread Thread="8" ActualRows="0" Batches="0" ActualElapsedms="0" ActualCPUms="0" ActualScans="0" ActualLogicalReads="0" ActualPhysicalReads="0" ActualReadAheads="0" ActualLobLogicalReads="0" ActualLobPhysicalReads="0" ActualLobReadAheads="0" ActualEndOfScans="0" ActualExecutions="0" ActualExecutionMode="Row"></RunTimeCountersPerThread><RunTimeCountersPerThread Thread="7" ActualRows="0" Batches="0" ActualElapsedms="0" ActualCPUms="0" ActualScans="0" ActualLogicalReads="0" ActualPhysicalReads="0" ActualReadAheads="0" ActualLobLogicalReads="0" ActualLobPhysicalReads="0" ActualLobReadAheads="0" ActualEndOfScans="0" ActualExecutions="0" ActualExecutionMode="Row"></RunTimeCountersPerThread><RunTimeCountersPerThread Thread="6" ActualRows="0" Batches="0" ActualElapsedms="0" ActualCPUms="0" ActualScans="0" ActualLogicalReads="0" ActualPhysicalReads="0" ActualReadAheads="0" ActualLobLogicalReads="0" ActualLobPhysicalReads="0" ActualLobReadAheads="0" ActualEndOfScans="0" ActualExecutions="0" ActualExecutionMode="Row"></RunTimeCountersPerThread><RunTimeCountersPerThread Thread="5" ActualRows="0" Batches="0" ActualElapsedms="0" ActualCPUms="0" ActualScans="0" ActualLogicalReads="0" ActualPhysicalReads="0" ActualReadAheads="0" ActualLobLogicalReads="0" ActualLobPhysicalReads="0" ActualLobReadAheads="0" ActualEndOfScans="0" ActualExecutions="0" ActualExecutionMode="Row"></RunTimeCountersPerThread><RunTimeCountersPerThread Thread="4" ActualRows="0" Batches="0" ActualElapsedms="0" ActualCPUms="0" ActualScans="0" ActualLogicalReads="0" ActualPhysicalReads="0" ActualReadAheads="0" ActualLobLogicalReads="0" ActualLobPhysicalReads="0" ActualLobReadAheads="0" ActualEndOfScans="0" ActualExecutions="0" ActualExecutionMode="Row"></RunTimeCountersPerThread><RunTimeCountersPerThread Thread="3" ActualRows="0" Batches="0" ActualElapsedms="0" ActualCPUms="0" ActualScans="0" ActualLogicalReads="0" ActualPhysicalReads="0" ActualReadAheads="0" ActualLobLogicalReads="0" ActualLobPhysicalReads="0" ActualLobReadAheads="0" ActualEndOfScans="0" ActualExecutions="0" ActualExecutionMode="Row"></RunTimeCountersPerThread><RunTimeCountersPerThread Thread="2" ActualRows="3" Batches="0" ActualElapsedms="0" ActualCPUms="0" ActualScans="0" ActualLogicalReads="9" ActualPhysicalReads="0" ActualReadAheads="0" ActualLobLogicalReads="0" ActualLobPhysicalReads="0" ActualLobReadAheads="0" ActualRowsRead="3" ActualEndOfScans="3" ActualExecutions="3" ActualExecutionMode="Row"></RunTimeCountersPerThread><RunTimeCountersPerThread Thread="1" ActualRows="0" Batches="0" ActualElapsedms="0" ActualCPUms="0" ActualScans="0" ActualLogicalReads="0" ActualPhysicalReads="0" ActualReadAheads="0" ActualLobLogicalReads="0" ActualLobPhysicalReads="0" ActualLobReadAheads="0" ActualEndOfScans="0" ActualExecutions="0" ActualExecutionMode="Row"></RunTimeCountersPerThread><RunTimeCountersPerThread Thread="0" ActualRows="0" Batches="0" ActualElapsedms="0" ActualCPUms="0" ActualScans="0" ActualLogicalReads="0" ActualPhysicalReads="0" ActualReadAheads="0" ActualLobLogicalReads="0" ActualLobPhysicalReads="0" ActualLobReadAheads="0" ActualEndOfScans="0" ActualExecutions="0" ActualExecutionMode="Row"></RunTimeCountersPerThread></RunTimeInformation><IndexScan Ordered="1" ScanDirection="FORWARD" ForcedIndex="0" ForceSeek="0" ForceScan="0" NoExpandHint="0" Storage="RowStore"><DefinedValues><DefinedValue><ColumnReference Database="[tpch]" Schema="[dbo]" Table="[orders]" Alias="[o]" Column="O_CustKey"></ColumnReference></DefinedValue></DefinedValues><Object Database="[tpch]" Schema="[dbo]" Table="[orders]" Index="[PK__orders__0F8A1252147E7971]" Alias="[o]" TableReferenceId="3" IndexKind="Clustered" Storage="RowStore"></Object><SeekPredicates><SeekPredicateNew><SeekKeys><Prefix ScanType="EQ"><RangeColumns><ColumnReference Database="[tpch]" Schema="[dbo]" Table="[orders]" Alias="[o]" Column="O_OrderKey"></ColumnReference></RangeColumns><RangeExpressions><ScalarOperator ScalarString="CONVERT_IMPLICIT(bigint,[tpch].[dbo].[lineitem].[L_OrderKey] as [l2].[L_OrderKey],0)"><Convert DataType="bigint" Style="0" Implicit="1"><ScalarOperator><Identifier><ColumnReference Database="[tpch]" Schema="[dbo]" Table="[lineitem]" Alias="[l2]" Column="L_OrderKey"></ColumnReference></Identifier></ScalarOperator></Convert></ScalarOperator></RangeExpressions></Prefix></SeekKeys></SeekPredicateNew></SeekPredicates></IndexScan></RelOp><RelOp NodeId="69" PhysicalOp="Clustered Index Seek" LogicalOp="Clustered Index Seek" EstimateRows="1" EstimatedRowsRead="1" EstimateIO="0.003125" EstimateCPU="0.0001581" AvgRowSize="11" EstimatedTotalSubtreeCost="6.81559" TableCardinality="150000" Parallel="1" EstimateRebinds="3765" EstimateRewinds="4" EstimatedExecutionMode="Row"><OutputList><ColumnReference Database="[tpch]" Schema="[dbo]" Table="[customer]" Alias="[c]" Column="C_NationKey"></ColumnReference></OutputList><RunTimeInformation><RunTimeCountersPerThread Thread="12" ActualRows="0" Batches="0" ActualElapsedms="0" ActualCPUms="0" ActualScans="0" ActualLogicalReads="0" ActualPhysicalReads="0" ActualReadAheads="0" ActualLobLogicalReads="0" ActualLobPhysicalReads="0" ActualLobReadAheads="0" ActualEndOfScans="0" ActualExecutions="0" ActualExecutionMode="Row"></RunTimeCountersPerThread><RunTimeCountersPerThread Thread="11" ActualRows="0" Batches="0" ActualElapsedms="0" ActualCPUms="0" ActualScans="0" ActualLogicalReads="0" ActualPhysicalReads="0" ActualReadAheads="0" ActualLobLogicalReads="0" ActualLobPhysicalReads="0" ActualLobReadAheads="0" ActualEndOfScans="0" ActualExecutions="0" ActualExecutionMode="Row"></RunTimeCountersPerThread><RunTimeCountersPerThread Thread="10" ActualRows="0" Batches="0" ActualElapsedms="0" ActualCPUms="0" ActualScans="0" ActualLogicalReads="0" ActualPhysicalReads="0" ActualReadAheads="0" ActualLobLogicalReads="0" ActualLobPhysicalReads="0" ActualLobReadAheads="0" ActualEndOfScans="0" ActualExecutions="0" ActualExecutionMode="Row"></RunTimeCountersPerThread><RunTimeCountersPerThread Thread="9" ActualRows="0" Batches="0" ActualElapsedms="0" ActualCPUms="0" ActualScans="0" ActualLogicalReads="0" ActualPhysicalReads="0" ActualReadAheads="0" ActualLobLogicalReads="0" ActualLobPhysicalReads="0" ActualLobReadAheads="0" ActualEndOfScans="0" ActualExecutions="0" ActualExecutionMode="Row"></RunTimeCountersPerThread><RunTimeCountersPerThread Thread="8" ActualRows="0" Batches="0" ActualElapsedms="0" ActualCPUms="0" ActualScans="0" ActualLogicalReads="0" ActualPhysicalReads="0" ActualReadAheads="0" ActualLobLogicalReads="0" ActualLobPhysicalReads="0" ActualLobReadAheads="0" ActualEndOfScans="0" ActualExecutions="0" ActualExecutionMode="Row"></RunTimeCountersPerThread><RunTimeCountersPerThread Thread="7" ActualRows="0" Batches="0" ActualElapsedms="0" ActualCPUms="0" ActualScans="0" ActualLogicalReads="0" ActualPhysicalReads="0" ActualReadAheads="0" ActualLobLogicalReads="0" ActualLobPhysicalReads="0" ActualLobReadAheads="0" ActualEndOfScans="0" ActualExecutions="0" ActualExecutionMode="Row"></RunTimeCountersPerThread><RunTimeCountersPerThread Thread="6" ActualRows="0" Batches="0" ActualElapsedms="0" ActualCPUms="0" ActualScans="0" ActualLogicalReads="0" ActualPhysicalReads="0" ActualReadAheads="0" ActualLobLogicalReads="0" ActualLobPhysicalReads="0" ActualLobReadAheads="0" ActualEndOfScans="0" ActualExecutions="0" ActualExecutionMode="Row"></RunTimeCountersPerThread><RunTimeCountersPerThread Thread="5" ActualRows="0" Batches="0" ActualElapsedms="0" ActualCPUms="0" ActualScans="0" ActualLogicalReads="0" ActualPhysicalReads="0" ActualReadAheads="0" ActualLobLogicalReads="0" ActualLobPhysicalReads="0" ActualLobReadAheads="0" ActualEndOfScans="0" ActualExecutions="0" ActualExecutionMode="Row"></RunTimeCountersPerThread><RunTimeCountersPerThread Thread="4" ActualRows="0" Batches="0" ActualElapsedms="0" ActualCPUms="0" ActualScans="0" ActualLogicalReads="0" ActualPhysicalReads="0" ActualReadAheads="0" ActualLobLogicalReads="0" ActualLobPhysicalReads="0" ActualLobReadAheads="0" ActualEndOfScans="0" ActualExecutions="0" ActualExecutionMode="Row"></RunTimeCountersPerThread><RunTimeCountersPerThread Thread="3" ActualRows="0" Batches="0" ActualElapsedms="0" ActualCPUms="0" ActualScans="0" ActualLogicalReads="0" ActualPhysicalReads="0" ActualReadAheads="0" ActualLobLogicalReads="0" ActualLobPhysicalReads="0" ActualLobReadAheads="0" ActualEndOfScans="0" ActualExecutions="0" ActualExecutionMode="Row"></RunTimeCountersPerThread><RunTimeCountersPerThread Thread="2" ActualRows="3" Batches="0" ActualElapsedms="0" ActualCPUms="0" ActualScans="0" ActualLogicalReads="9" ActualPhysicalReads="0" ActualReadAheads="0" ActualLobLogicalReads="0" ActualLobPhysicalReads="0" ActualLobReadAheads="0" ActualRowsRead="3" ActualEndOfScans="0" ActualExecutions="3" ActualExecutionMode="Row"></RunTimeCountersPerThread><RunTimeCountersPerThread Thread="1" ActualRows="0" Batches="0" ActualElapsedms="0" ActualCPUms="0" ActualScans="0" ActualLogicalReads="0" ActualPhysicalReads="0" ActualReadAheads="0" ActualLobLogicalReads="0" ActualLobPhysicalReads="0" ActualLobReadAheads="0" ActualEndOfScans="0" ActualExecutions="0" ActualExecutionMode="Row"></RunTimeCountersPerThread><RunTimeCountersPerThread Thread="0" ActualRows="0" Batches="0" ActualElapsedms="0" ActualCPUms="0" ActualScans="0" ActualLogicalReads="0" ActualPhysicalReads="0" ActualReadAheads="0" ActualLobLogicalReads="0" ActualLobPhysicalReads="0" ActualLobReadAheads="0" ActualEndOfScans="0" ActualExecutions="0" ActualExecutionMode="Row"></RunTimeCountersPerThread></RunTimeInformation><IndexScan Ordered="1" ScanDirection="FORWARD" ForcedIndex="0" ForceSeek="0" ForceScan="0" NoExpandHint="0" Storage="RowStore"><DefinedValues><DefinedValue><ColumnReference Database="[tpch]" Schema="[dbo]" Table="[customer]" Alias="[c]" Column="C_NationKey"></ColumnReference></DefinedValue></DefinedValues><Object Database="[tpch]" Schema="[dbo]" Table="[customer]" Index="[PK__customer__48695B7174053BCB]" Alias="[c]" TableReferenceId="2" IndexKind="Clustered" Storage="RowStore"></Object><SeekPredicates><SeekPredicateNew><SeekKeys><Prefix ScanType="EQ"><RangeColumns><ColumnReference Database="[tpch]" Schema="[dbo]" Table="[customer]" Alias="[c]" Column="C_CustKey"></ColumnReference></RangeColumns><RangeExpressions><ScalarOperator ScalarString="[tpch].[dbo].[orders].[O_CustKey] as [o].[O_CustKey]"><Identifier><ColumnReference Database="[tpch]" Schema="[dbo]" Table="[orders]" Alias="[o]" Column="O_CustKey"></ColumnReference></Identifier></ScalarOperator></RangeExpressions></Prefix></SeekKeys></SeekPredicateNew></SeekPredicates></IndexScan></RelOp></NestedLoops></RelOp><RelOp NodeId="70" PhysicalOp="Clustered Index Seek" LogicalOp="Clustered Index Seek" EstimateRows="1" EstimatedRowsRead="1" EstimateIO="0.003125" EstimateCPU="0.0001581" AvgRowSize="11" EstimatedTotalSubtreeCost="0.599162" TableCardinality="25" Parallel="1" EstimateRebinds="3765" EstimateRewinds="4" EstimatedExecutionMode="Row"><OutputList><ColumnReference Database="[tpch]" Schema="[dbo]" Table="[nation]" Alias="[n]" Column="N_RegionKey"></ColumnReference></OutputList><RunTimeInformation><RunTimeCountersPerThread Thread="12" ActualRows="0" Batches="0" ActualElapsedms="0" ActualCPUms="0" ActualScans="0" ActualLogicalReads="0" ActualPhysicalReads="0" ActualReadAheads="0" ActualLobLogicalReads="0" ActualLobPhysicalReads="0" ActualLobReadAheads="0" ActualEndOfScans="0" ActualExecutions="0" ActualExecutionMode="Row"></RunTimeCountersPerThread><RunTimeCountersPerThread Thread="11" ActualRows="0" Batches="0" ActualElapsedms="0" ActualCPUms="0" ActualScans="0" ActualLogicalReads="0" ActualPhysicalReads="0" ActualReadAheads="0" ActualLobLogicalReads="0" ActualLobPhysicalReads="0" ActualLobReadAheads="0" ActualEndOfScans="0" ActualExecutions="0" ActualExecutionMode="Row"></RunTimeCountersPerThread><RunTimeCountersPerThread Thread="10" ActualRows="0" Batches="0" ActualElapsedms="0" ActualCPUms="0" ActualScans="0" ActualLogicalReads="0" ActualPhysicalReads="0" ActualReadAheads="0" ActualLobLogicalReads="0" ActualLobPhysicalReads="0" ActualLobReadAheads="0" ActualEndOfScans="0" ActualExecutions="0" ActualExecutionMode="Row"></RunTimeCountersPerThread><RunTimeCountersPerThread Thread="9" ActualRows="0" Batches="0" ActualElapsedms="0" ActualCPUms="0" ActualScans="0" ActualLogicalReads="0" ActualPhysicalReads="0" ActualReadAheads="0" ActualLobLogicalReads="0" ActualLobPhysicalReads="0" ActualLobReadAheads="0" ActualEndOfScans="0" ActualExecutions="0" ActualExecutionMode="Row"></RunTimeCountersPerThread><RunTimeCountersPerThread Thread="8" ActualRows="0" Batches="0" ActualElapsedms="0" ActualCPUms="0" ActualScans="0" ActualLogicalReads="0" ActualPhysicalReads="0" ActualReadAheads="0" ActualLobLogicalReads="0" ActualLobPhysicalReads="0" ActualLobReadAheads="0" ActualEndOfScans="0" ActualExecutions="0" ActualExecutionMode="Row"></RunTimeCountersPerThread><RunTimeCountersPerThread Thread="7" ActualRows="0" Batches="0" ActualElapsedms="0" ActualCPUms="0" ActualScans="0" ActualLogicalReads="0" ActualPhysicalReads="0" ActualReadAheads="0" ActualLobLogicalReads="0" ActualLobPhysicalReads="0" ActualLobReadAheads="0" ActualEndOfScans="0" ActualExecutions="0" ActualExecutionMode="Row"></RunTimeCountersPerThread><RunTimeCountersPerThread Thread="6" ActualRows="0" Batches="0" ActualElapsedms="0" ActualCPUms="0" ActualScans="0" ActualLogicalReads="0" ActualPhysicalReads="0" ActualReadAheads="0" ActualLobLogicalReads="0" ActualLobPhysicalReads="0" ActualLobReadAheads="0" ActualEndOfScans="0" ActualExecutions="0" ActualExecutionMode="Row"></RunTimeCountersPerThread><RunTimeCountersPerThread Thread="5" ActualRows="0" Batches="0" ActualElapsedms="0" ActualCPUms="0" ActualScans="0" ActualLogicalReads="0" ActualPhysicalReads="0" ActualReadAheads="0" ActualLobLogicalReads="0" ActualLobPhysicalReads="0" ActualLobReadAheads="0" ActualEndOfScans="0" ActualExecutions="0" ActualExecutionMode="Row"></RunTimeCountersPerThread><RunTimeCountersPerThread Thread="4" ActualRows="0" Batches="0" ActualElapsedms="0" ActualCPUms="0" ActualScans="0" ActualLogicalReads="0" ActualPhysicalReads="0" ActualReadAheads="0" ActualLobLogicalReads="0" ActualLobPhysicalReads="0" ActualLobReadAheads="0" ActualEndOfScans="0" ActualExecutions="0" ActualExecutionMode="Row"></RunTimeCountersPerThread><RunTimeCountersPerThread Thread="3" ActualRows="0" Batches="0" ActualElapsedms="0" ActualCPUms="0" ActualScans="0" ActualLogicalReads="0" ActualPhysicalReads="0" ActualReadAheads="0" ActualLobLogicalReads="0" ActualLobPhysicalReads="0" ActualLobReadAheads="0" ActualEndOfScans="0" ActualExecutions="0" ActualExecutionMode="Row"></RunTimeCountersPerThread><RunTimeCountersPerThread Thread="2" ActualRows="3" Batches="0" ActualElapsedms="0" ActualCPUms="0" ActualScans="0" ActualLogicalReads="6" ActualPhysicalReads="0" ActualReadAheads="0" ActualLobLogicalReads="0" ActualLobPhysicalReads="0" ActualLobReadAheads="0" ActualRowsRead="3" ActualEndOfScans="0" ActualExecutions="3" ActualExecutionMode="Row"></RunTimeCountersPerThread><RunTimeCountersPerThread Thread="1" ActualRows="0" Batches="0" ActualElapsedms="0" ActualCPUms="0" ActualScans="0" ActualLogicalReads="0" ActualPhysicalReads="0" ActualReadAheads="0" ActualLobLogicalReads="0" ActualLobPhysicalReads="0" ActualLobReadAheads="0" ActualEndOfScans="0" ActualExecutions="0" ActualExecutionMode="Row"></RunTimeCountersPerThread><RunTimeCountersPerThread Thread="0" ActualRows="0" Batches="0" ActualElapsedms="0" ActualCPUms="0" ActualScans="0" ActualLogicalReads="0" ActualPhysicalReads="0" ActualReadAheads="0" ActualLobLogicalReads="0" ActualLobPhysicalReads="0" ActualLobReadAheads="0" ActualEndOfScans="0" ActualExecutions="0" ActualExecutionMode="Row"></RunTimeCountersPerThread></RunTimeInformation><IndexScan Ordered="1" ScanDirection="FORWARD" ForcedIndex="0" ForceSeek="0" ForceScan="0" NoExpandHint="0" Storage="RowStore"><DefinedValues><DefinedValue><ColumnReference Database="[tpch]" Schema="[dbo]" Table="[nation]" Alias="[n]" Column="N_RegionKey"></ColumnReference></DefinedValue></DefinedValues><Object Database="[tpch]" Schema="[dbo]" Table="[nation]" Index="[PK__nation__BD377952AE350C6C]" Alias="[n]" TableReferenceId="3" IndexKind="Clustered" Storage="RowStore"></Object><SeekPredicates><SeekPredicateNew><SeekKeys><Prefix ScanType="EQ"><RangeColumns><ColumnReference Database="[tpch]" Schema="[dbo]" Table="[nation]" Alias="[n]" Column="N_NationKey"></ColumnReference></RangeColumns><RangeExpressions><ScalarOperator ScalarString="[tpch].[dbo].[customer].[C_NationKey] as [c].[C_NationKey]"><Identifier><ColumnReference Database="[tpch]" Schema="[dbo]" Table="[customer]" Alias="[c]" Column="C_NationKey"></ColumnReference></Identifier></ScalarOperator></RangeExpressions></Prefix></SeekKeys></SeekPredicateNew></SeekPredicates></IndexScan></RelOp></NestedLoops></RelOp></StreamAggregate></RelOp><Predicate><ScalarOperator ScalarString="CASE WHEN [Expr1049]&gt;(1) THEN (0) ELSE NULL END"><IF><Condition><ScalarOperator><Compare CompareOp="GT"><ScalarOperator><Identifier><ColumnReference Column="Expr1049"></ColumnReference></Identifier></ScalarOperator><ScalarOperator><Const ConstValue="(1)"></Const></ScalarOperator></Compare></ScalarOperator></Condition><Then><ScalarOperator><Const ConstValue="(0)"></Const></ScalarOperator></Then><Else><ScalarOperator><Const ConstValue="NULL"></Const></ScalarOperator></Else></IF></ScalarOperator></Predicate></Assert></RelOp></NestedLoops></RelOp><RelOp NodeId="71" PhysicalOp="Filter" LogicalOp="Filter" EstimateRows="1" EstimateIO="0" EstimateCPU="8.8e-07" AvgRowSize="9" EstimatedTotalSubtreeCost="10.0832" Parallel="1" EstimateRebinds="3765" EstimateRewinds="4" EstimatedExecutionMode="Row"><OutputList></OutputList><RunTimeInformation><RunTimeCountersPerThread Thread="12" ActualRows="0" Batches="0" ActualElapsedms="0" ActualCPUms="0" ActualEndOfScans="0" ActualExecutions="0" ActualExecutionMode="Row"></RunTimeCountersPerThread><RunTimeCountersPerThread Thread="11" ActualRows="0" Batches="0" ActualElapsedms="0" ActualCPUms="0" ActualEndOfScans="0" ActualExecutions="0" ActualExecutionMode="Row"></RunTimeCountersPerThread><RunTimeCountersPerThread Thread="10" ActualRows="0" Batches="0" ActualElapsedms="0" ActualCPUms="0" ActualEndOfScans="0" ActualExecutions="0" ActualExecutionMode="Row"></RunTimeCountersPerThread><RunTimeCountersPerThread Thread="9" ActualRows="0" Batches="0" ActualElapsedms="0" ActualCPUms="0" ActualEndOfScans="0" ActualExecutions="0" ActualExecutionMode="Row"></RunTimeCountersPerThread><RunTimeCountersPerThread Thread="8" ActualRows="0" Batches="0" ActualElapsedms="0" ActualCPUms="0" ActualEndOfScans="0" ActualExecutions="0" ActualExecutionMode="Row"></RunTimeCountersPerThread><RunTimeCountersPerThread Thread="7" ActualRows="0" Batches="0" ActualElapsedms="0" ActualCPUms="0" ActualEndOfScans="0" ActualExecutions="0" ActualExecutionMode="Row"></RunTimeCountersPerThread><RunTimeCountersPerThread Thread="6" ActualRows="0" Batches="0" ActualElapsedms="0" ActualCPUms="0" ActualEndOfScans="0" ActualExecutions="0" ActualExecutionMode="Row"></RunTimeCountersPerThread><RunTimeCountersPerThread Thread="5" ActualRows="0" Batches="0" ActualElapsedms="0" ActualCPUms="0" ActualEndOfScans="0" ActualExecutions="0" ActualExecutionMode="Row"></RunTimeCountersPerThread><RunTimeCountersPerThread Thread="4" ActualRows="0" Batches="0" ActualElapsedms="0" ActualCPUms="0" ActualEndOfScans="0" ActualExecutions="0" ActualExecutionMode="Row"></RunTimeCountersPerThread><RunTimeCountersPerThread Thread="3" ActualRows="0" Batches="0" ActualElapsedms="0" ActualCPUms="0" ActualEndOfScans="0" ActualExecutions="0" ActualExecutionMode="Row"></RunTimeCountersPerThread><RunTimeCountersPerThread Thread="2" ActualRows="0" Batches="0" ActualElapsedms="0" ActualCPUms="0" ActualEndOfScans="3" ActualExecutions="3" ActualExecutionMode="Row"></RunTimeCountersPerThread><RunTimeCountersPerThread Thread="1" ActualRows="0" Batches="0" ActualElapsedms="0" ActualCPUms="0" ActualEndOfScans="0" ActualExecutions="0" ActualExecutionMode="Row"></RunTimeCountersPerThread><RunTimeCountersPerThread Thread="0" ActualRows="0" Batches="0" ActualElapsedms="0" ActualCPUms="0" ActualEndOfScans="0" ActualExecutions="0" ActualExecutionMode="Row"></RunTimeCountersPerThread></RunTimeInformation><Filter StartupExpression="0"><RelOp NodeId="72" PhysicalOp="Compute Scalar" LogicalOp="Compute Scalar" EstimateRows="1" EstimateIO="0" EstimateCPU="0" AvgRowSize="11" EstimatedTotalSubtreeCost="10.0799" Parallel="1" EstimateRebinds="3765" EstimateRewinds="4" EstimatedExecutionMode="Row"><OutputList><ColumnReference Column="Expr1017"></ColumnReference></OutputList><ComputeScalar><DefinedValues><DefinedValue><ColumnReference Column="Expr1017"></ColumnReference><ScalarOperator ScalarString="CASE WHEN [Expr1250]=(0) THEN NULL ELSE [Expr1251] END"><IF><Condition><ScalarOperator><Compare CompareOp="EQ"><ScalarOperator><Identifier><ColumnReference Column="Expr1250"></ColumnReference></Identifier></ScalarOperator><ScalarOperator><Const ConstValue="(0)"></Const></ScalarOperator></Compare></ScalarOperator></Condition><Then><ScalarOperator><Const ConstValue="NULL"></Const></ScalarOperator></Then><Else><ScalarOperator><Identifier><ColumnReference Column="Expr1251"></ColumnReference></Identifier></ScalarOperator></Else></IF></ScalarOperator></DefinedValue></DefinedValues><RelOp NodeId="73" PhysicalOp="Stream Aggregate" LogicalOp="Aggregate" EstimateRows="1" EstimateIO="0" EstimateCPU="1.85036e-05" AvgRowSize="11" EstimatedTotalSubtreeCost="10.0799" Parallel="1" EstimateRebinds="3765" EstimateRewinds="4" EstimatedExecutionMode="Row"><OutputList><ColumnReference Column="Expr1250"></ColumnReference><ColumnReference Column="Expr1251"></ColumnReference></OutputList><RunTimeInformation><RunTimeCountersPerThread Thread="12" ActualRows="0" Batches="0" ActualElapsedms="0" ActualCPUms="0" ActualEndOfScans="0" ActualExecutions="0" ActualExecutionMode="Row"></RunTimeCountersPerThread><RunTimeCountersPerThread Thread="11" ActualRows="0" Batches="0" ActualElapsedms="0" ActualCPUms="0" ActualEndOfScans="0" ActualExecutions="0" ActualExecutionMode="Row"></RunTimeCountersPerThread><RunTimeCountersPerThread Thread="10" ActualRows="0" Batches="0" ActualElapsedms="0" ActualCPUms="0" ActualEndOfScans="0" ActualExecutions="0" ActualExecutionMode="Row"></RunTimeCountersPerThread><RunTimeCountersPerThread Thread="9" ActualRows="0" Batches="0" ActualElapsedms="0" ActualCPUms="0" ActualEndOfScans="0" ActualExecutions="0" ActualExecutionMode="Row"></RunTimeCountersPerThread><RunTimeCountersPerThread Thread="8" ActualRows="0" Batches="0" ActualElapsedms="0" ActualCPUms="0" ActualEndOfScans="0" ActualExecutions="0" ActualExecutionMode="Row"></RunTimeCountersPerThread><RunTimeCountersPerThread Thread="7" ActualRows="0" Batches="0" ActualElapsedms="0" ActualCPUms="0" ActualEndOfScans="0" ActualExecutions="0" ActualExecutionMode="Row"></RunTimeCountersPerThread><RunTimeCountersPerThread Thread="6" ActualRows="0" Batches="0" ActualElapsedms="0" ActualCPUms="0" ActualEndOfScans="0" ActualExecutions="0" ActualExecutionMode="Row"></RunTimeCountersPerThread><RunTimeCountersPerThread Thread="5" ActualRows="0" Batches="0" ActualElapsedms="0" ActualCPUms="0" ActualEndOfScans="0" ActualExecutions="0" ActualExecutionMode="Row"></RunTimeCountersPerThread><RunTimeCountersPerThread Thread="4" ActualRows="0" Batches="0" ActualElapsedms="0" ActualCPUms="0" ActualEndOfScans="0" ActualExecutions="0" ActualExecutionMode="Row"></RunTimeCountersPerThread><RunTimeCountersPerThread Thread="3" ActualRows="0" Batches="0" ActualElapsedms="0" ActualCPUms="0" ActualEndOfScans="0" ActualExecutions="0" ActualExecutionMode="Row"></RunTimeCountersPerThread><RunTimeCountersPerThread Thread="2" ActualRows="3" Batches="0" ActualElapsedms="0" ActualCPUms="0" ActualEndOfScans="3" ActualExecutions="3" ActualExecutionMode="Row"></RunTimeCountersPerThread><RunTimeCountersPerThread Thread="1" ActualRows="0" Batches="0" ActualElapsedms="0" ActualCPUms="0" ActualEndOfScans="0" ActualExecutions="0" ActualExecutionMode="Row"></RunTimeCountersPerThread><RunTimeCountersPerThread Thread="0" ActualRows="0" Batches="0" ActualElapsedms="0" ActualCPUms="0" ActualEndOfScans="0" ActualExecutions="0" ActualExecutionMode="Row"></RunTimeCountersPerThread></RunTimeInformation><StreamAggregate><DefinedValues><DefinedValue><ColumnReference Column="Expr1250"></ColumnReference><ScalarOperator ScalarString="COUNT_BIG([tpch].[dbo].[lineitem].[L_Quantity] as [l2].[L_Quantity])"><Aggregate Distinct="0" AggType="COUNT_BIG"><ScalarOperator><Identifier><ColumnReference Database="[tpch]" Schema="[dbo]" Table="[lineitem]" Alias="[l2]" Column="L_Quantity"></ColumnReference></Identifier></ScalarOperator></Aggregate></ScalarOperator></DefinedValue><DefinedValue><ColumnReference Column="Expr1251"></ColumnReference><ScalarOperator ScalarString="SUM([tpch].[dbo].[lineitem].[L_Quantity] as [l2].[L_Quantity])"><Aggregate Distinct="0" AggType="SUM"><ScalarOperator><Identifier><ColumnReference Database="[tpch]" Schema="[dbo]" Table="[lineitem]" Alias="[l2]" Column="L_Quantity"></ColumnReference></Identifier></ScalarOperator></Aggregate></ScalarOperator></DefinedValue></DefinedValues><RelOp NodeId="74" PhysicalOp="Index Seek" LogicalOp="Index Seek" EstimateRows="30.0061" EstimatedRowsRead="30.0061" EstimateIO="0.003125" EstimateCPU="0.000190007" AvgRowSize="11" EstimatedTotalSubtreeCost="10.0102" TableCardinality="6.00122e+06" Parallel="1" EstimateRebinds="3765" EstimateRewinds="4" EstimatedExecutionMode="Row"><OutputList><ColumnReference Database="[tpch]" Schema="[dbo]" Table="[lineitem]" Alias="[l2]" Column="L_Quantity"></ColumnReference></OutputList><RunTimeInformation><RunTimeCountersPerThread Thread="12" ActualRows="0" Batches="0" ActualElapsedms="0" ActualCPUms="0" ActualScans="0" ActualLogicalReads="0" ActualPhysicalReads="0" ActualReadAheads="0" ActualLobLogicalReads="0" ActualLobPhysicalReads="0" ActualLobReadAheads="0" ActualEndOfScans="0" ActualExecutions="0" ActualExecutionMode="Row"></RunTimeCountersPerThread><RunTimeCountersPerThread Thread="11" ActualRows="0" Batches="0" ActualElapsedms="0" ActualCPUms="0" ActualScans="0" ActualLogicalReads="0" ActualPhysicalReads="0" ActualReadAheads="0" ActualLobLogicalReads="0" ActualLobPhysicalReads="0" ActualLobReadAheads="0" ActualEndOfScans="0" ActualExecutions="0" ActualExecutionMode="Row"></RunTimeCountersPerThread><RunTimeCountersPerThread Thread="10" ActualRows="0" Batches="0" ActualElapsedms="0" ActualCPUms="0" ActualScans="0" ActualLogicalReads="0" ActualPhysicalReads="0" ActualReadAheads="0" ActualLobLogicalReads="0" ActualLobPhysicalReads="0" ActualLobReadAheads="0" ActualEndOfScans="0" ActualExecutions="0" ActualExecutionMode="Row"></RunTimeCountersPerThread><RunTimeCountersPerThread Thread="9" ActualRows="0" Batches="0" ActualElapsedms="0" ActualCPUms="0" ActualScans="0" ActualLogicalReads="0" ActualPhysicalReads="0" ActualReadAheads="0" ActualLobLogicalReads="0" ActualLobPhysicalReads="0" ActualLobReadAheads="0" ActualEndOfScans="0" ActualExecutions="0" ActualExecutionMode="Row"></RunTimeCountersPerThread><RunTimeCountersPerThread Thread="8" ActualRows="0" Batches="0" ActualElapsedms="0" ActualCPUms="0" ActualScans="0" ActualLogicalReads="0" ActualPhysicalReads="0" ActualReadAheads="0" ActualLobLogicalReads="0" ActualLobPhysicalReads="0" ActualLobReadAheads="0" ActualEndOfScans="0" ActualExecutions="0" ActualExecutionMode="Row"></RunTimeCountersPerThread><RunTimeCountersPerThread Thread="7" ActualRows="0" Batches="0" ActualElapsedms="0" ActualCPUms="0" ActualScans="0" ActualLogicalReads="0" ActualPhysicalReads="0" ActualReadAheads="0" ActualLobLogicalReads="0" ActualLobPhysicalReads="0" ActualLobReadAheads="0" ActualEndOfScans="0" ActualExecutions="0" ActualExecutionMode="Row"></RunTimeCountersPerThread><RunTimeCountersPerThread Thread="6" ActualRows="0" Batches="0" ActualElapsedms="0" ActualCPUms="0" ActualScans="0" ActualLogicalReads="0" ActualPhysicalReads="0" ActualReadAheads="0" ActualLobLogicalReads="0" ActualLobPhysicalReads="0" ActualLobReadAheads="0" ActualEndOfScans="0" ActualExecutions="0" ActualExecutionMode="Row"></RunTimeCountersPerThread><RunTimeCountersPerThread Thread="5" ActualRows="0" Batches="0" ActualElapsedms="0" ActualCPUms="0" ActualScans="0" ActualLogicalReads="0" ActualPhysicalReads="0" ActualReadAheads="0" ActualLobLogicalReads="0" ActualLobPhysicalReads="0" ActualLobReadAheads="0" ActualEndOfScans="0" ActualExecutions="0" ActualExecutionMode="Row"></RunTimeCountersPerThread><RunTimeCountersPerThread Thread="4" ActualRows="0" Batches="0" ActualElapsedms="0" ActualCPUms="0" ActualScans="0" ActualLogicalReads="0" ActualPhysicalReads="0" ActualReadAheads="0" ActualLobLogicalReads="0" ActualLobPhysicalReads="0" ActualLobReadAheads="0" ActualEndOfScans="0" ActualExecutions="0" ActualExecutionMode="Row"></RunTimeCountersPerThread><RunTimeCountersPerThread Thread="3" ActualRows="0" Batches="0" ActualElapsedms="0" ActualCPUms="0" ActualScans="0" ActualLogicalReads="0" ActualPhysicalReads="0" ActualReadAheads="0" ActualLobLogicalReads="0" ActualLobPhysicalReads="0" ActualLobReadAheads="0" ActualEndOfScans="0" ActualExecutions="0" ActualExecutionMode="Row"></RunTimeCountersPerThread><RunTimeCountersPerThread Thread="2" ActualRows="96" Batches="0" ActualElapsedms="0" ActualCPUms="0" ActualScans="3" ActualLogicalReads="17" ActualPhysicalReads="0" ActualReadAheads="0" ActualLobLogicalReads="0" ActualLobPhysicalReads="0" ActualLobReadAheads="0" ActualRowsRead="96" ActualEndOfScans="3" ActualExecutions="3" ActualExecutionMode="Row"></RunTimeCountersPerThread><RunTimeCountersPerThread Thread="1" ActualRows="0" Batches="0" ActualElapsedms="0" ActualCPUms="0" ActualScans="0" ActualLogicalReads="0" ActualPhysicalReads="0" ActualReadAheads="0" ActualLobLogicalReads="0" ActualLobPhysicalReads="0" ActualLobReadAheads="0" ActualEndOfScans="0" ActualExecutions="0" ActualExecutionMode="Row"></RunTimeCountersPerThread><RunTimeCountersPerThread Thread="0" ActualRows="0" Batches="0" ActualElapsedms="0" ActualCPUms="0" ActualScans="0" ActualLogicalReads="0" ActualPhysicalReads="0" ActualReadAheads="0" ActualLobLogicalReads="0" ActualLobPhysicalReads="0" ActualLobReadAheads="0" ActualEndOfScans="0" ActualExecutions="0" ActualExecutionMode="Row"></RunTimeCountersPerThread></RunTimeInformation><IndexScan Ordered="1" ScanDirection="FORWARD" ForcedIndex="0" ForceSeek="0" ForceScan="0" NoExpandHint="0" Storage="RowStore"><DefinedValues><DefinedValue><ColumnReference Database="[tpch]" Schema="[dbo]" Table="[lineitem]" Alias="[l2]" Column="L_Quantity"></ColumnReference></DefinedValue></DefinedValues><Object Database="[tpch]" Schema="[dbo]" Table="[lineitem]" Index="[p16_idx]" Alias="[l2]" TableReferenceId="3" IndexKind="NonClustered" Storage="RowStore"></Object><SeekPredicates><SeekPredicateNew><SeekKeys><Prefix ScanType="EQ"><RangeColumns><ColumnReference Database="[tpch]" Schema="[dbo]" Table="[lineitem]" Alias="[l2]" Column="L_PartKey"></ColumnReference></RangeColumns><RangeExpressions><ScalarOperator ScalarString="CONVERT_IMPLICIT(bigint,[tpch].[dbo].[lineitem].[L_PartKey] as [l2].[L_PartKey],0)"><Convert DataType="bigint" Style="0" Implicit="1"><ScalarOperator><Identifier><ColumnReference Database="[tpch]" Schema="[dbo]" Table="[lineitem]" Alias="[l2]" Column="L_PartKey"></ColumnReference></Identifier></ScalarOperator></Convert></ScalarOperator></RangeExpressions></Prefix></SeekKeys></SeekPredicateNew></SeekPredicates></IndexScan></RelOp></StreamAggregate></RelOp></ComputeScalar></RelOp><Predicate><ScalarOperator ScalarString="CONVERT_IMPLICIT(numeric(12,1),[tpch].[dbo].[lineitem].[L_Quantity] as [l2].[L_Quantity],0)&gt;=(0.2)*CONVERT_IMPLICIT(numeric(10,0),[Expr1017],0)"><Compare CompareOp="GE"><ScalarOperator><Convert DataType="numeric" Precision="12" Scale="1" Style="0" Implicit="1"><ScalarOperator><Identifier><ColumnReference Database="[tpch]" Schema="[dbo]" Table="[lineitem]" Alias="[l2]" Column="L_Quantity"></ColumnReference></Identifier></ScalarOperator></Convert></ScalarOperator><ScalarOperator><Arithmetic Operation="MULT"><ScalarOperator><Const ConstValue="(0.2)"></Const></ScalarOperator><ScalarOperator><Convert DataType="numeric" Precision="10" Scale="0" Style="0" Implicit="1"><ScalarOperator><Identifier><ColumnReference Column="Expr1017"></ColumnReference></Identifier></ScalarOperator></Convert></ScalarOperator></Arithmetic></ScalarOperator></Compare></ScalarOperator></Predicate></Filter></RelOp></NestedLoops></RelOp></Concat></RelOp></NestedLoops></RelOp></RowCountSpool></RelOp></NestedLoops></RelOp><RelOp NodeId="75" PhysicalOp="Row Count Spool" LogicalOp="Lazy Spool" EstimateRows="2.13437" EstimateRowsWithoutRowGoal="2.13437" EstimateIO="0" EstimateCPU="0.000100213" AvgRowSize="9" EstimatedTotalSubtreeCost="4.31372" Parallel="1" EstimateRebinds="2169.56" EstimateRewinds="32814.3" EstimatedExecutionMode="Row"><OutputList></OutputList><RunTimeInformation><RunTimeCountersPerThread Thread="12" ActualRows="0" Batches="0" ActualElapsedms="0" ActualCPUms="0" ActualRebinds="0" ActualRewinds="0" ActualEndOfScans="0" ActualExecutions="0" ActualExecutionMode="Row"></RunTimeCountersPerThread><RunTimeCountersPerThread Thread="11" ActualRows="0" Batches="0" ActualElapsedms="0" ActualCPUms="0" ActualRebinds="0" ActualRewinds="0" ActualEndOfScans="0" ActualExecutions="0" ActualExecutionMode="Row"></RunTimeCountersPerThread><RunTimeCountersPerThread Thread="10" ActualRows="0" Batches="0" ActualElapsedms="0" ActualCPUms="0" ActualRebinds="0" ActualRewinds="0" ActualEndOfScans="0" ActualExecutions="0" ActualExecutionMode="Row"></RunTimeCountersPerThread><RunTimeCountersPerThread Thread="9" ActualRows="0" Batches="0" ActualElapsedms="0" ActualCPUms="0" ActualRebinds="0" ActualRewinds="0" ActualEndOfScans="0" ActualExecutions="0" ActualExecutionMode="Row"></RunTimeCountersPerThread><RunTimeCountersPerThread Thread="8" ActualRows="0" Batches="0" ActualElapsedms="0" ActualCPUms="0" ActualRebinds="0" ActualRewinds="0" ActualEndOfScans="0" ActualExecutions="0" ActualExecutionMode="Row"></RunTimeCountersPerThread><RunTimeCountersPerThread Thread="7" ActualRows="0" Batches="0" ActualElapsedms="0" ActualCPUms="0" ActualRebinds="0" ActualRewinds="0" ActualEndOfScans="0" ActualExecutions="0" ActualExecutionMode="Row"></RunTimeCountersPerThread><RunTimeCountersPerThread Thread="6" ActualRows="0" Batches="0" ActualElapsedms="0" ActualCPUms="0" ActualRebinds="0" ActualRewinds="0" ActualEndOfScans="0" ActualExecutions="0" ActualExecutionMode="Row"></RunTimeCountersPerThread><RunTimeCountersPerThread Thread="5" ActualRows="0" Batches="0" ActualElapsedms="0" ActualCPUms="0" ActualRebinds="0" ActualRewinds="0" ActualEndOfScans="0" ActualExecutions="0" ActualExecutionMode="Row"></RunTimeCountersPerThread><RunTimeCountersPerThread Thread="4" ActualRows="0" Batches="0" ActualElapsedms="0" ActualCPUms="0" ActualRebinds="0" ActualRewinds="0" ActualEndOfScans="0" ActualExecutions="0" ActualExecutionMode="Row"></RunTimeCountersPerThread><RunTimeCountersPerThread Thread="3" ActualRows="0" Batches="0" ActualElapsedms="0" ActualCPUms="0" ActualRebinds="0" ActualRewinds="0" ActualEndOfScans="0" ActualExecutions="0" ActualExecutionMode="Row"></RunTimeCountersPerThread><RunTimeCountersPerThread Thread="2" ActualRows="0" Batches="0" ActualElapsedms="0" ActualCPUms="0" ActualRebinds="0" ActualRewinds="0" ActualEndOfScans="0" ActualExecutions="0" ActualExecutionMode="Row"></RunTimeCountersPerThread><RunTimeCountersPerThread Thread="1" ActualRows="0" Batches="0" ActualElapsedms="0" ActualCPUms="0" ActualRebinds="0" ActualRewinds="0" ActualEndOfScans="0" ActualExecutions="0" ActualExecutionMode="Row"></RunTimeCountersPerThread><RunTimeCountersPerThread Thread="0" ActualRows="0" Batches="0" ActualElapsedms="0" ActualCPUms="0" ActualRebinds="0" ActualRewinds="0" ActualEndOfScans="0" ActualExecutions="0" ActualExecutionMode="Row"></RunTimeCountersPerThread></RunTimeInformation><RowCountSpool><RelOp NodeId="76" PhysicalOp="Nested Loops" LogicalOp="Left Semi Join" EstimateRows="2.13437" EstimateRowsWithoutRowGoal="2.13437" EstimateIO="0" EstimateCPU="8.92166e-06" AvgRowSize="9" EstimatedTotalSubtreeCost="0.807769" Parallel="1" EstimateRebinds="2169.56" EstimateRewinds="0" EstimatedExecutionMode="Row"><OutputList></OutputList><RunTimeInformation><RunTimeCountersPerThread Thread="12" ActualRows="0" Batches="0" ActualElapsedms="0" ActualCPUms="0" ActualEndOfScans="0" ActualExecutions="0" ActualExecutionMode="Row"></RunTimeCountersPerThread><RunTimeCountersPerThread Thread="11" ActualRows="0" Batches="0" ActualElapsedms="0" ActualCPUms="0" ActualEndOfScans="0" ActualExecutions="0" ActualExecutionMode="Row"></RunTimeCountersPerThread><RunTimeCountersPerThread Thread="10" ActualRows="0" Batches="0" ActualElapsedms="0" ActualCPUms="0" ActualEndOfScans="0" ActualExecutions="0" ActualExecutionMode="Row"></RunTimeCountersPerThread><RunTimeCountersPerThread Thread="9" ActualRows="0" Batches="0" ActualElapsedms="0" ActualCPUms="0" ActualEndOfScans="0" ActualExecutions="0" ActualExecutionMode="Row"></RunTimeCountersPerThread><RunTimeCountersPerThread Thread="8" ActualRows="0" Batches="0" ActualElapsedms="0" ActualCPUms="0" ActualEndOfScans="0" ActualExecutions="0" ActualExecutionMode="Row"></RunTimeCountersPerThread><RunTimeCountersPerThread Thread="7" ActualRows="0" Batches="0" ActualElapsedms="0" ActualCPUms="0" ActualEndOfScans="0" ActualExecutions="0" ActualExecutionMode="Row"></RunTimeCountersPerThread><RunTimeCountersPerThread Thread="6" ActualRows="0" Batches="0" ActualElapsedms="0" ActualCPUms="0" ActualEndOfScans="0" ActualExecutions="0" ActualExecutionMode="Row"></RunTimeCountersPerThread><RunTimeCountersPerThread Thread="5" ActualRows="0" Batches="0" ActualElapsedms="0" ActualCPUms="0" ActualEndOfScans="0" ActualExecutions="0" ActualExecutionMode="Row"></RunTimeCountersPerThread><RunTimeCountersPerThread Thread="4" ActualRows="0" Batches="0" ActualElapsedms="0" ActualCPUms="0" ActualEndOfScans="0" ActualExecutions="0" ActualExecutionMode="Row"></RunTimeCountersPerThread><RunTimeCountersPerThread Thread="3" ActualRows="0" Batches="0" ActualElapsedms="0" ActualCPUms="0" ActualEndOfScans="0" ActualExecutions="0" ActualExecutionMode="Row"></RunTimeCountersPerThread><RunTimeCountersPerThread Thread="2" ActualRows="0" Batches="0" ActualElapsedms="0" ActualCPUms="0" ActualEndOfScans="0" ActualExecutions="0" ActualExecutionMode="Row"></RunTimeCountersPerThread><RunTimeCountersPerThread Thread="1" ActualRows="0" Batches="0" ActualElapsedms="0" ActualCPUms="0" ActualEndOfScans="0" ActualExecutions="0" ActualExecutionMode="Row"></RunTimeCountersPerThread><RunTimeCountersPerThread Thread="0" ActualRows="0" Batches="0" ActualElapsedms="0" ActualCPUms="0" ActualEndOfScans="0" ActualExecutions="0" ActualExecutionMode="Row"></RunTimeCountersPerThread></RunTimeInformation><NestedLoops Optimized="0"><OuterReferences><ColumnReference Database="[tpch]" Schema="[dbo]" Table="[lineitem]" Alias="[l3]" Column="L_OrderKey"></ColumnReference><ColumnReference Database="[tpch]" Schema="[dbo]" Table="[lineitem]" Alias="[l3]" Column="L_PartKey"></ColumnReference><ColumnReference Database="[tpch]" Schema="[dbo]" Table="[lineitem]" Alias="[l3]" Column="L_Quantity"></ColumnReference></OuterReferences><RelOp NodeId="77" PhysicalOp="Clustered Index Seek" LogicalOp="Clustered Index Seek" EstimateRows="2.13437" EstimateRowsWithoutRowGoal="2.13437" EstimatedRowsRead="4.00081" EstimateIO="0.003125" EstimateCPU="0.000161401" AvgRowSize="39" EstimatedTotalSubtreeCost="0.770895" TableCardinality="6.00122e+06" Parallel="1" EstimateRebinds="2169.56" EstimateRewinds="0" EstimatedExecutionMode="Row"><OutputList><ColumnReference Database="[tpch]" Schema="[dbo]" Table="[lineitem]" Alias="[l3]" Column="L_OrderKey"></ColumnReference><ColumnReference Database="[tpch]" Schema="[dbo]" Table="[lineitem]" Alias="[l3]" Column="L_PartKey"></ColumnReference><ColumnReference Database="[tpch]" Schema="[dbo]" Table="[lineitem]" Alias="[l3]" Column="L_Quantity"></ColumnReference></OutputList><RunTimeInformation><RunTimeCountersPerThread Thread="12" ActualRows="0" Batches="0" ActualElapsedms="0" ActualCPUms="0" ActualScans="0" ActualLogicalReads="0" ActualPhysicalReads="0" ActualReadAheads="0" ActualLobLogicalReads="0" ActualLobPhysicalReads="0" ActualLobReadAheads="0" ActualEndOfScans="0" ActualExecutions="0" ActualExecutionMode="Row"></RunTimeCountersPerThread><RunTimeCountersPerThread Thread="11" ActualRows="0" Batches="0" ActualElapsedms="0" ActualCPUms="0" ActualScans="0" ActualLogicalReads="0" ActualPhysicalReads="0" ActualReadAheads="0" ActualLobLogicalReads="0" ActualLobPhysicalReads="0" ActualLobReadAheads="0" ActualEndOfScans="0" ActualExecutions="0" ActualExecutionMode="Row"></RunTimeCountersPerThread><RunTimeCountersPerThread Thread="10" ActualRows="0" Batches="0" ActualElapsedms="0" ActualCPUms="0" ActualScans="0" ActualLogicalReads="0" ActualPhysicalReads="0" ActualReadAheads="0" ActualLobLogicalReads="0" ActualLobPhysicalReads="0" ActualLobReadAheads="0" ActualEndOfScans="0" ActualExecutions="0" ActualExecutionMode="Row"></RunTimeCountersPerThread><RunTimeCountersPerThread Thread="9" ActualRows="0" Batches="0" ActualElapsedms="0" ActualCPUms="0" ActualScans="0" ActualLogicalReads="0" ActualPhysicalReads="0" ActualReadAheads="0" ActualLobLogicalReads="0" ActualLobPhysicalReads="0" ActualLobReadAheads="0" ActualEndOfScans="0" ActualExecutions="0" ActualExecutionMode="Row"></RunTimeCountersPerThread><RunTimeCountersPerThread Thread="8" ActualRows="0" Batches="0" ActualElapsedms="0" ActualCPUms="0" ActualScans="0" ActualLogicalReads="0" ActualPhysicalReads="0" ActualReadAheads="0" ActualLobLogicalReads="0" ActualLobPhysicalReads="0" ActualLobReadAheads="0" ActualEndOfScans="0" ActualExecutions="0" ActualExecutionMode="Row"></RunTimeCountersPerThread><RunTimeCountersPerThread Thread="7" ActualRows="0" Batches="0" ActualElapsedms="0" ActualCPUms="0" ActualScans="0" ActualLogicalReads="0" ActualPhysicalReads="0" ActualReadAheads="0" ActualLobLogicalReads="0" ActualLobPhysicalReads="0" ActualLobReadAheads="0" ActualEndOfScans="0" ActualExecutions="0" ActualExecutionMode="Row"></RunTimeCountersPerThread><RunTimeCountersPerThread Thread="6" ActualRows="0" Batches="0" ActualElapsedms="0" ActualCPUms="0" ActualScans="0" ActualLogicalReads="0" ActualPhysicalReads="0" ActualReadAheads="0" ActualLobLogicalReads="0" ActualLobPhysicalReads="0" ActualLobReadAheads="0" ActualEndOfScans="0" ActualExecutions="0" ActualExecutionMode="Row"></RunTimeCountersPerThread><RunTimeCountersPerThread Thread="5" ActualRows="0" Batches="0" ActualElapsedms="0" ActualCPUms="0" ActualScans="0" ActualLogicalReads="0" ActualPhysicalReads="0" ActualReadAheads="0" ActualLobLogicalReads="0" ActualLobPhysicalReads="0" ActualLobReadAheads="0" ActualEndOfScans="0" ActualExecutions="0" ActualExecutionMode="Row"></RunTimeCountersPerThread><RunTimeCountersPerThread Thread="4" ActualRows="0" Batches="0" ActualElapsedms="0" ActualCPUms="0" ActualScans="0" ActualLogicalReads="0" ActualPhysicalReads="0" ActualReadAheads="0" ActualLobLogicalReads="0" ActualLobPhysicalReads="0" ActualLobReadAheads="0" ActualEndOfScans="0" ActualExecutions="0" ActualExecutionMode="Row"></RunTimeCountersPerThread><RunTimeCountersPerThread Thread="3" ActualRows="0" Batches="0" ActualElapsedms="0" ActualCPUms="0" ActualScans="0" ActualLogicalReads="0" ActualPhysicalReads="0" ActualReadAheads="0" ActualLobLogicalReads="0" ActualLobPhysicalReads="0" ActualLobReadAheads="0" ActualEndOfScans="0" ActualExecutions="0" ActualExecutionMode="Row"></RunTimeCountersPerThread><RunTimeCountersPerThread Thread="2" ActualRows="0" Batches="0" ActualElapsedms="0" ActualCPUms="0" ActualScans="0" ActualLogicalReads="0" ActualPhysicalReads="0" ActualReadAheads="0" ActualLobLogicalReads="0" ActualLobPhysicalReads="0" ActualLobReadAheads="0" ActualEndOfScans="0" ActualExecutions="0" ActualExecutionMode="Row"></RunTimeCountersPerThread><RunTimeCountersPerThread Thread="1" ActualRows="0" Batches="0" ActualElapsedms="0" ActualCPUms="0" ActualScans="0" ActualLogicalReads="0" ActualPhysicalReads="0" ActualReadAheads="0" ActualLobLogicalReads="0" ActualLobPhysicalReads="0" ActualLobReadAheads="0" ActualEndOfScans="0" ActualExecutions="0" ActualExecutionMode="Row"></RunTimeCountersPerThread><RunTimeCountersPerThread Thread="0" ActualRows="0" Batches="0" ActualElapsedms="0" ActualCPUms="0" ActualScans="0" ActualLogicalReads="0" ActualPhysicalReads="0" ActualReadAheads="0" ActualLobLogicalReads="0" ActualLobPhysicalReads="0" ActualLobReadAheads="0" ActualEndOfScans="0" ActualExecutions="0" ActualExecutionMode="Row"></RunTimeCountersPerThread></RunTimeInformation><IndexScan Ordered="1" ScanDirection="FORWARD" ForcedIndex="0" ForceSeek="0" ForceScan="0" NoExpandHint="0" Storage="RowStore"><DefinedValues><DefinedValue><ColumnReference Database="[tpch]" Schema="[dbo]" Table="[lineitem]" Alias="[l3]" Column="L_OrderKey"></ColumnReference></DefinedValue><DefinedValue><ColumnReference Database="[tpch]" Schema="[dbo]" Table="[lineitem]" Alias="[l3]" Column="L_PartKey"></ColumnReference></DefinedValue><DefinedValue><ColumnReference Database="[tpch]" Schema="[dbo]" Table="[lineitem]" Alias="[l3]" Column="L_Quantity"></ColumnReference></DefinedValue></DefinedValues><Object Database="[tpch]" Schema="[dbo]" Table="[lineitem]" Index="[PK__lineitem__2B16504EA5720AF2]" Alias="[l3]" IndexKind="Clustered" Storage="RowStore"></Object><SeekPredicates><SeekPredicateNew><SeekKeys><Prefix ScanType="EQ"><RangeColumns><ColumnReference Database="[tpch]" Schema="[dbo]" Table="[lineitem]" Alias="[l3]" Column="L_OrderKey"></ColumnReference></RangeColumns><RangeExpressions><ScalarOperator ScalarString="[tpch].[dbo].[lineitem].[L_OrderKey] as [l1].[L_OrderKey]"><Identifier><ColumnReference Database="[tpch]" Schema="[dbo]" Table="[lineitem]" Alias="[l1]" Column="L_OrderKey"></ColumnReference></Identifier></ScalarOperator></RangeExpressions></Prefix></SeekKeys></SeekPredicateNew></SeekPredicates><Predicate><ScalarOperator ScalarString="[tpch].[dbo].[lineitem].[L_ReceiptDate] as [l3].[L_ReceiptDate]&gt;[tpch].[dbo].[lineitem].[L_CommitDate] as [l3].[L_CommitDate] AND ([tpch].[dbo].[lineitem].[L_SuppKey] as [l3].[L_SuppKey]&lt;[tpch].[dbo].[lineitem].[L_SuppKey] as [l1].[L_SuppKey] OR [tpch].[dbo].[lineitem].[L_SuppKey] as [l3].[L_SuppKey]&gt;[tpch].[dbo].[lineitem].[L_SuppKey] as [l1].[L_SuppKey])"><Logical Operation="AND"><ScalarOperator><Compare CompareOp="GT"><ScalarOperator><Identifier><ColumnReference Database="[tpch]" Schema="[dbo]" Table="[lineitem]" Alias="[l3]" Column="L_ReceiptDate"></ColumnReference></Identifier></ScalarOperator><ScalarOperator><Identifier><ColumnReference Database="[tpch]" Schema="[dbo]" Table="[lineitem]" Alias="[l3]" Column="L_CommitDate"></ColumnReference></Identifier></ScalarOperator></Compare></ScalarOperator><ScalarOperator><Logical Operation="OR"><ScalarOperator><Compare CompareOp="LT"><ScalarOperator><Identifier><ColumnReference Database="[tpch]" Schema="[dbo]" Table="[lineitem]" Alias="[l3]" Column="L_SuppKey"></ColumnReference></Identifier></ScalarOperator><ScalarOperator><Identifier><ColumnReference Database="[tpch]" Schema="[dbo]" Table="[lineitem]" Alias="[l1]" Column="L_SuppKey"></ColumnReference></Identifier></ScalarOperator></Compare></ScalarOperator><ScalarOperator><Compare CompareOp="GT"><ScalarOperator><Identifier><ColumnReference Database="[tpch]" Schema="[dbo]" Table="[lineitem]" Alias="[l3]" Column="L_SuppKey"></ColumnReference></Identifier></ScalarOperator><ScalarOperator><Identifier><ColumnReference Database="[tpch]" Schema="[dbo]" Table="[lineitem]" Alias="[l1]" Column="L_SuppKey"></ColumnReference></Identifier></ScalarOperator></Compare></ScalarOperator></Logical></ScalarOperator></Logical></ScalarOperator></Predicate></IndexScan></RelOp><RelOp NodeId="78" PhysicalOp="Concatenation" LogicalOp="Concatenation" EstimateRows="1" EstimateRowsWithoutRowGoal="2" EstimateIO="0" EstimateCPU="2e-07" AvgRowSize="9" EstimatedTotalSubtreeCost="0.00639328" Parallel="1" EstimateRebinds="4631.77" EstimateRewinds="0" EstimatedExecutionMode="Row"><OutputList></OutputList><RunTimeInformation><RunTimeCountersPerThread Thread="12" ActualRows="0" Batches="0" ActualElapsedms="0" ActualCPUms="0" ActualEndOfScans="0" ActualExecutions="0" ActualExecutionMode="Row"></RunTimeCountersPerThread><RunTimeCountersPerThread Thread="11" ActualRows="0" Batches="0" ActualElapsedms="0" ActualCPUms="0" ActualEndOfScans="0" ActualExecutions="0" ActualExecutionMode="Row"></RunTimeCountersPerThread><RunTimeCountersPerThread Thread="10" ActualRows="0" Batches="0" ActualElapsedms="0" ActualCPUms="0" ActualEndOfScans="0" ActualExecutions="0" ActualExecutionMode="Row"></RunTimeCountersPerThread><RunTimeCountersPerThread Thread="9" ActualRows="0" Batches="0" ActualElapsedms="0" ActualCPUms="0" ActualEndOfScans="0" ActualExecutions="0" ActualExecutionMode="Row"></RunTimeCountersPerThread><RunTimeCountersPerThread Thread="8" ActualRows="0" Batches="0" ActualElapsedms="0" ActualCPUms="0" ActualEndOfScans="0" ActualExecutions="0" ActualExecutionMode="Row"></RunTimeCountersPerThread><RunTimeCountersPerThread Thread="7" ActualRows="0" Batches="0" ActualElapsedms="0" ActualCPUms="0" ActualEndOfScans="0" ActualExecutions="0" ActualExecutionMode="Row"></RunTimeCountersPerThread><RunTimeCountersPerThread Thread="6" ActualRows="0" Batches="0" ActualElapsedms="0" ActualCPUms="0" ActualEndOfScans="0" ActualExecutions="0" ActualExecutionMode="Row"></RunTimeCountersPerThread><RunTimeCountersPerThread Thread="5" ActualRows="0" Batches="0" ActualElapsedms="0" ActualCPUms="0" ActualEndOfScans="0" ActualExecutions="0" ActualExecutionMode="Row"></RunTimeCountersPerThread><RunTimeCountersPerThread Thread="4" ActualRows="0" Batches="0" ActualElapsedms="0" ActualCPUms="0" ActualEndOfScans="0" ActualExecutions="0" ActualExecutionMode="Row"></RunTimeCountersPerThread><RunTimeCountersPerThread Thread="3" ActualRows="0" Batches="0" ActualElapsedms="0" ActualCPUms="0" ActualEndOfScans="0" ActualExecutions="0" ActualExecutionMode="Row"></RunTimeCountersPerThread><RunTimeCountersPerThread Thread="2" ActualRows="0" Batches="0" ActualElapsedms="0" ActualCPUms="0" ActualEndOfScans="0" ActualExecutions="0" ActualExecutionMode="Row"></RunTimeCountersPerThread><RunTimeCountersPerThread Thread="1" ActualRows="0" Batches="0" ActualElapsedms="0" ActualCPUms="0" ActualEndOfScans="0" ActualExecutions="0" ActualExecutionMode="Row"></RunTimeCountersPerThread><RunTimeCountersPerThread Thread="0" ActualRows="0" Batches="0" ActualElapsedms="0" ActualCPUms="0" ActualEndOfScans="0" ActualExecutions="0" ActualExecutionMode="Row"></RunTimeCountersPerThread></RunTimeInformation><Concat><DefinedValues></DefinedValues><RelOp NodeId="79" PhysicalOp="Filter" LogicalOp="Filter" EstimateRows="1" EstimateIO="0" EstimateCPU="2.8e-07" AvgRowSize="9" EstimatedTotalSubtreeCost="0.00593011" Parallel="1" EstimateRebinds="0" EstimateRewinds="4631.77" EstimatedExecutionMode="Row"><OutputList></OutputList><RunTimeInformation><RunTimeCountersPerThread Thread="12" ActualRows="0" Batches="0" ActualElapsedms="0" ActualCPUms="0" ActualRebinds="0" ActualRewinds="0" ActualEndOfScans="0" ActualExecutions="0" ActualExecutionMode="Row"></RunTimeCountersPerThread><RunTimeCountersPerThread Thread="11" ActualRows="0" Batches="0" ActualElapsedms="0" ActualCPUms="0" ActualRebinds="0" ActualRewinds="0" ActualEndOfScans="0" ActualExecutions="0" ActualExecutionMode="Row"></RunTimeCountersPerThread><RunTimeCountersPerThread Thread="10" ActualRows="0" Batches="0" ActualElapsedms="0" ActualCPUms="0" ActualRebinds="0" ActualRewinds="0" ActualEndOfScans="0" ActualExecutions="0" ActualExecutionMode="Row"></RunTimeCountersPerThread><RunTimeCountersPerThread Thread="9" ActualRows="0" Batches="0" ActualElapsedms="0" ActualCPUms="0" ActualRebinds="0" ActualRewinds="0" ActualEndOfScans="0" ActualExecutions="0" ActualExecutionMode="Row"></RunTimeCountersPerThread><RunTimeCountersPerThread Thread="8" ActualRows="0" Batches="0" ActualElapsedms="0" ActualCPUms="0" ActualRebinds="0" ActualRewinds="0" ActualEndOfScans="0" ActualExecutions="0" ActualExecutionMode="Row"></RunTimeCountersPerThread><RunTimeCountersPerThread Thread="7" ActualRows="0" Batches="0" ActualElapsedms="0" ActualCPUms="0" ActualRebinds="0" ActualRewinds="0" ActualEndOfScans="0" ActualExecutions="0" ActualExecutionMode="Row"></RunTimeCountersPerThread><RunTimeCountersPerThread Thread="6" ActualRows="0" Batches="0" ActualElapsedms="0" ActualCPUms="0" ActualRebinds="0" ActualRewinds="0" ActualEndOfScans="0" ActualExecutions="0" ActualExecutionMode="Row"></RunTimeCountersPerThread><RunTimeCountersPerThread Thread="5" ActualRows="0" Batches="0" ActualElapsedms="0" ActualCPUms="0" ActualRebinds="0" ActualRewinds="0" ActualEndOfScans="0" ActualExecutions="0" ActualExecutionMode="Row"></RunTimeCountersPerThread><RunTimeCountersPerThread Thread="4" ActualRows="0" Batches="0" ActualElapsedms="0" ActualCPUms="0" ActualRebinds="0" ActualRewinds="0" ActualEndOfScans="0" ActualExecutions="0" ActualExecutionMode="Row"></RunTimeCountersPerThread><RunTimeCountersPerThread Thread="3" ActualRows="0" Batches="0" ActualElapsedms="0" ActualCPUms="0" ActualRebinds="0" ActualRewinds="0" ActualEndOfScans="0" ActualExecutions="0" ActualExecutionMode="Row"></RunTimeCountersPerThread><RunTimeCountersPerThread Thread="2" ActualRows="0" Batches="0" ActualElapsedms="0" ActualCPUms="0" ActualRebinds="0" ActualRewinds="0" ActualEndOfScans="0" ActualExecutions="0" ActualExecutionMode="Row"></RunTimeCountersPerThread><RunTimeCountersPerThread Thread="1" ActualRows="0" Batches="0" ActualElapsedms="0" ActualCPUms="0" ActualRebinds="0" ActualRewinds="0" ActualEndOfScans="0" ActualExecutions="0" ActualExecutionMode="Row"></RunTimeCountersPerThread><RunTimeCountersPerThread Thread="0" ActualRows="0" Batches="0" ActualElapsedms="0" ActualCPUms="0" ActualRebinds="0" ActualRewinds="0" ActualEndOfScans="0" ActualExecutions="0" ActualExecutionMode="Row"></RunTimeCountersPerThread></RunTimeInformation><Filter StartupExpression="1"><RelOp NodeId="80" PhysicalOp="Constant Scan" LogicalOp="Constant Scan" EstimateRows="1" EstimateIO="0" EstimateCPU="1.157e-06" AvgRowSize="9" EstimatedTotalSubtreeCost="0.00377016" Parallel="1" EstimateRebinds="0" EstimateRewinds="3769" EstimatedExecutionMode="Row"><OutputList></OutputList><RunTimeInformation><RunTimeCountersPerThread Thread="12" ActualRows="0" Batches="0" ActualElapsedms="0" ActualCPUms="0" ActualEndOfScans="0" ActualExecutions="0" ActualExecutionMode="Row"></RunTimeCountersPerThread><RunTimeCountersPerThread Thread="11" ActualRows="0" Batches="0" ActualElapsedms="0" ActualCPUms="0" ActualEndOfScans="0" ActualExecutions="0" ActualExecutionMode="Row"></RunTimeCountersPerThread><RunTimeCountersPerThread Thread="10" ActualRows="0" Batches="0" ActualElapsedms="0" ActualCPUms="0" ActualEndOfScans="0" ActualExecutions="0" ActualExecutionMode="Row"></RunTimeCountersPerThread><RunTimeCountersPerThread Thread="9" ActualRows="0" Batches="0" ActualElapsedms="0" ActualCPUms="0" ActualEndOfScans="0" ActualExecutions="0" ActualExecutionMode="Row"></RunTimeCountersPerThread><RunTimeCountersPerThread Thread="8" ActualRows="0" Batches="0" ActualElapsedms="0" ActualCPUms="0" ActualEndOfScans="0" ActualExecutions="0" ActualExecutionMode="Row"></RunTimeCountersPerThread><RunTimeCountersPerThread Thread="7" ActualRows="0" Batches="0" ActualElapsedms="0" ActualCPUms="0" ActualEndOfScans="0" ActualExecutions="0" ActualExecutionMode="Row"></RunTimeCountersPerThread><RunTimeCountersPerThread Thread="6" ActualRows="0" Batches="0" ActualElapsedms="0" ActualCPUms="0" ActualEndOfScans="0" ActualExecutions="0" ActualExecutionMode="Row"></RunTimeCountersPerThread><RunTimeCountersPerThread Thread="5" ActualRows="0" Batches="0" ActualElapsedms="0" ActualCPUms="0" ActualEndOfScans="0" ActualExecutions="0" ActualExecutionMode="Row"></RunTimeCountersPerThread><RunTimeCountersPerThread Thread="4" ActualRows="0" Batches="0" ActualElapsedms="0" ActualCPUms="0" ActualEndOfScans="0" ActualExecutions="0" ActualExecutionMode="Row"></RunTimeCountersPerThread><RunTimeCountersPerThread Thread="3" ActualRows="0" Batches="0" ActualElapsedms="0" ActualCPUms="0" ActualEndOfScans="0" ActualExecutions="0" ActualExecutionMode="Row"></RunTimeCountersPerThread><RunTimeCountersPerThread Thread="2" ActualRows="0" Batches="0" ActualElapsedms="0" ActualCPUms="0" ActualEndOfScans="0" ActualExecutions="0" ActualExecutionMode="Row"></RunTimeCountersPerThread><RunTimeCountersPerThread Thread="1" ActualRows="0" Batches="0" ActualElapsedms="0" ActualCPUms="0" ActualEndOfScans="0" ActualExecutions="0" ActualExecutionMode="Row"></RunTimeCountersPerThread><RunTimeCountersPerThread Thread="0" ActualRows="0" Batches="0" ActualElapsedms="0" ActualCPUms="0" ActualEndOfScans="0" ActualExecutions="0" ActualExecutionMode="Row"></RunTimeCountersPerThread></RunTimeInformation><ConstantScan></ConstantScan></RelOp><Predicate><ScalarOperator ScalarString="user_name()=N&apos;user3&apos;"><Identifier><ColumnReference Column="ConstExpr1044"><ScalarOperator><Compare CompareOp="EQ"><ScalarOperator><Intrinsic FunctionName="user_name"><ScalarOperator><Const ConstValue=""></Const></ScalarOperator></Intrinsic></ScalarOperator><ScalarOperator><Const ConstValue="N&apos;user3&apos;"></Const></ScalarOperator></Compare></ScalarOperator></ColumnReference></Identifier></ScalarOperator></Predicate></Filter></RelOp><RelOp NodeId="81" PhysicalOp="Nested Loops" LogicalOp="Inner Join" EstimateRows="1" EstimateIO="0" EstimateCPU="4.18e-06" AvgRowSize="9" EstimatedTotalSubtreeCost="28.4678" Parallel="1" EstimateRebinds="4631.77" EstimateRewinds="0" EstimatedExecutionMode="Row"><OutputList></OutputList><RunTimeInformation><RunTimeCountersPerThread Thread="12" ActualRows="0" Batches="0" ActualElapsedms="0" ActualCPUms="0" ActualEndOfScans="0" ActualExecutions="0" ActualExecutionMode="Row"></RunTimeCountersPerThread><RunTimeCountersPerThread Thread="11" ActualRows="0" Batches="0" ActualElapsedms="0" ActualCPUms="0" ActualEndOfScans="0" ActualExecutions="0" ActualExecutionMode="Row"></RunTimeCountersPerThread><RunTimeCountersPerThread Thread="10" ActualRows="0" Batches="0" ActualElapsedms="0" ActualCPUms="0" ActualEndOfScans="0" ActualExecutions="0" ActualExecutionMode="Row"></RunTimeCountersPerThread><RunTimeCountersPerThread Thread="9" ActualRows="0" Batches="0" ActualElapsedms="0" ActualCPUms="0" ActualEndOfScans="0" ActualExecutions="0" ActualExecutionMode="Row"></RunTimeCountersPerThread><RunTimeCountersPerThread Thread="8" ActualRows="0" Batches="0" ActualElapsedms="0" ActualCPUms="0" ActualEndOfScans="0" ActualExecutions="0" ActualExecutionMode="Row"></RunTimeCountersPerThread><RunTimeCountersPerThread Thread="7" ActualRows="0" Batches="0" ActualElapsedms="0" ActualCPUms="0" ActualEndOfScans="0" ActualExecutions="0" ActualExecutionMode="Row"></RunTimeCountersPerThread><RunTimeCountersPerThread Thread="6" ActualRows="0" Batches="0" ActualElapsedms="0" ActualCPUms="0" ActualEndOfScans="0" ActualExecutions="0" ActualExecutionMode="Row"></RunTimeCountersPerThread><RunTimeCountersPerThread Thread="5" ActualRows="0" Batches="0" ActualElapsedms="0" ActualCPUms="0" ActualEndOfScans="0" ActualExecutions="0" ActualExecutionMode="Row"></RunTimeCountersPerThread><RunTimeCountersPerThread Thread="4" ActualRows="0" Batches="0" ActualElapsedms="0" ActualCPUms="0" ActualEndOfScans="0" ActualExecutions="0" ActualExecutionMode="Row"></RunTimeCountersPerThread><RunTimeCountersPerThread Thread="3" ActualRows="0" Batches="0" ActualElapsedms="0" ActualCPUms="0" ActualEndOfScans="0" ActualExecutions="0" ActualExecutionMode="Row"></RunTimeCountersPerThread><RunTimeCountersPerThread Thread="2" ActualRows="0" Batches="0" ActualElapsedms="0" ActualCPUms="0" ActualEndOfScans="0" ActualExecutions="0" ActualExecutionMode="Row"></RunTimeCountersPerThread><RunTimeCountersPerThread Thread="1" ActualRows="0" Batches="0" ActualElapsedms="0" ActualCPUms="0" ActualEndOfScans="0" ActualExecutions="0" ActualExecutionMode="Row"></RunTimeCountersPerThread><RunTimeCountersPerThread Thread="0" ActualRows="0" Batches="0" ActualElapsedms="0" ActualCPUms="0" ActualEndOfScans="0" ActualExecutions="0" ActualExecutionMode="Row"></RunTimeCountersPerThread></RunTimeInformation><NestedLoops Optimized="0"><Predicate><ScalarOperator ScalarString="[Expr1056]=[Expr1054]"><Compare CompareOp="EQ"><ScalarOperator><Identifier><ColumnReference Column="Expr1056"></ColumnReference></Identifier></ScalarOperator><ScalarOperator><Identifier><ColumnReference Column="Expr1054"></ColumnReference></Identifier></ScalarOperator></Compare></ScalarOperator></Predicate><RelOp NodeId="82" PhysicalOp="Nested Loops" LogicalOp="Inner Join" EstimateRows="1" EstimateIO="0" EstimateCPU="4.18e-06" AvgRowSize="11" EstimatedTotalSubtreeCost="11.5086" Parallel="1" EstimateRebinds="4631.77" EstimateRewinds="0" EstimatedExecutionMode="Row"><OutputList><ColumnReference Column="Expr1056"></ColumnReference></OutputList><RunTimeInformation><RunTimeCountersPerThread Thread="12" ActualRows="0" Batches="0" ActualElapsedms="0" ActualCPUms="0" ActualEndOfScans="0" ActualExecutions="0" ActualExecutionMode="Row"></RunTimeCountersPerThread><RunTimeCountersPerThread Thread="11" ActualRows="0" Batches="0" ActualElapsedms="0" ActualCPUms="0" ActualEndOfScans="0" ActualExecutions="0" ActualExecutionMode="Row"></RunTimeCountersPerThread><RunTimeCountersPerThread Thread="10" ActualRows="0" Batches="0" ActualElapsedms="0" ActualCPUms="0" ActualEndOfScans="0" ActualExecutions="0" ActualExecutionMode="Row"></RunTimeCountersPerThread><RunTimeCountersPerThread Thread="9" ActualRows="0" Batches="0" ActualElapsedms="0" ActualCPUms="0" ActualEndOfScans="0" ActualExecutions="0" ActualExecutionMode="Row"></RunTimeCountersPerThread><RunTimeCountersPerThread Thread="8" ActualRows="0" Batches="0" ActualElapsedms="0" ActualCPUms="0" ActualEndOfScans="0" ActualExecutions="0" ActualExecutionMode="Row"></RunTimeCountersPerThread><RunTimeCountersPerThread Thread="7" ActualRows="0" Batches="0" ActualElapsedms="0" ActualCPUms="0" ActualEndOfScans="0" ActualExecutions="0" ActualExecutionMode="Row"></RunTimeCountersPerThread><RunTimeCountersPerThread Thread="6" ActualRows="0" Batches="0" ActualElapsedms="0" ActualCPUms="0" ActualEndOfScans="0" ActualExecutions="0" ActualExecutionMode="Row"></RunTimeCountersPerThread><RunTimeCountersPerThread Thread="5" ActualRows="0" Batches="0" ActualElapsedms="0" ActualCPUms="0" ActualEndOfScans="0" ActualExecutions="0" ActualExecutionMode="Row"></RunTimeCountersPerThread><RunTimeCountersPerThread Thread="4" ActualRows="0" Batches="0" ActualElapsedms="0" ActualCPUms="0" ActualEndOfScans="0" ActualExecutions="0" ActualExecutionMode="Row"></RunTimeCountersPerThread><RunTimeCountersPerThread Thread="3" ActualRows="0" Batches="0" ActualElapsedms="0" ActualCPUms="0" ActualEndOfScans="0" ActualExecutions="0" ActualExecutionMode="Row"></RunTimeCountersPerThread><RunTimeCountersPerThread Thread="2" ActualRows="0" Batches="0" ActualElapsedms="0" ActualCPUms="0" ActualEndOfScans="0" ActualExecutions="0" ActualExecutionMode="Row"></RunTimeCountersPerThread><RunTimeCountersPerThread Thread="1" ActualRows="0" Batches="0" ActualElapsedms="0" ActualCPUms="0" ActualEndOfScans="0" ActualExecutions="0" ActualExecutionMode="Row"></RunTimeCountersPerThread><RunTimeCountersPerThread Thread="0" ActualRows="0" Batches="0" ActualElapsedms="0" ActualCPUms="0" ActualEndOfScans="0" ActualExecutions="0" ActualExecutionMode="Row"></RunTimeCountersPerThread></RunTimeInformation><NestedLoops Optimized="0"><RelOp NodeId="83" PhysicalOp="Filter" LogicalOp="Filter" EstimateRows="1" EstimateIO="0" EstimateCPU="8.8e-07" AvgRowSize="9" EstimatedTotalSubtreeCost="9.99138" Parallel="1" EstimateRebinds="4631.77" EstimateRewinds="0" EstimatedExecutionMode="Row"><OutputList></OutputList><RunTimeInformation><RunTimeCountersPerThread Thread="12" ActualRows="0" Batches="0" ActualElapsedms="0" ActualCPUms="0" ActualEndOfScans="0" ActualExecutions="0" ActualExecutionMode="Row"></RunTimeCountersPerThread><RunTimeCountersPerThread Thread="11" ActualRows="0" Batches="0" ActualElapsedms="0" ActualCPUms="0" ActualEndOfScans="0" ActualExecutions="0" ActualExecutionMode="Row"></RunTimeCountersPerThread><RunTimeCountersPerThread Thread="10" ActualRows="0" Batches="0" ActualElapsedms="0" ActualCPUms="0" ActualEndOfScans="0" ActualExecutions="0" ActualExecutionMode="Row"></RunTimeCountersPerThread><RunTimeCountersPerThread Thread="9" ActualRows="0" Batches="0" ActualElapsedms="0" ActualCPUms="0" ActualEndOfScans="0" ActualExecutions="0" ActualExecutionMode="Row"></RunTimeCountersPerThread><RunTimeCountersPerThread Thread="8" ActualRows="0" Batches="0" ActualElapsedms="0" ActualCPUms="0" ActualEndOfScans="0" ActualExecutions="0" ActualExecutionMode="Row"></RunTimeCountersPerThread><RunTimeCountersPerThread Thread="7" ActualRows="0" Batches="0" ActualElapsedms="0" ActualCPUms="0" ActualEndOfScans="0" ActualExecutions="0" ActualExecutionMode="Row"></RunTimeCountersPerThread><RunTimeCountersPerThread Thread="6" ActualRows="0" Batches="0" ActualElapsedms="0" ActualCPUms="0" ActualEndOfScans="0" ActualExecutions="0" ActualExecutionMode="Row"></RunTimeCountersPerThread><RunTimeCountersPerThread Thread="5" ActualRows="0" Batches="0" ActualElapsedms="0" ActualCPUms="0" ActualEndOfScans="0" ActualExecutions="0" ActualExecutionMode="Row"></RunTimeCountersPerThread><RunTimeCountersPerThread Thread="4" ActualRows="0" Batches="0" ActualElapsedms="0" ActualCPUms="0" ActualEndOfScans="0" ActualExecutions="0" ActualExecutionMode="Row"></RunTimeCountersPerThread><RunTimeCountersPerThread Thread="3" ActualRows="0" Batches="0" ActualElapsedms="0" ActualCPUms="0" ActualEndOfScans="0" ActualExecutions="0" ActualExecutionMode="Row"></RunTimeCountersPerThread><RunTimeCountersPerThread Thread="2" ActualRows="0" Batches="0" ActualElapsedms="0" ActualCPUms="0" ActualEndOfScans="0" ActualExecutions="0" ActualExecutionMode="Row"></RunTimeCountersPerThread><RunTimeCountersPerThread Thread="1" ActualRows="0" Batches="0" ActualElapsedms="0" ActualCPUms="0" ActualEndOfScans="0" ActualExecutions="0" ActualExecutionMode="Row"></RunTimeCountersPerThread><RunTimeCountersPerThread Thread="0" ActualRows="0" Batches="0" ActualElapsedms="0" ActualCPUms="0" ActualEndOfScans="0" ActualExecutions="0" ActualExecutionMode="Row"></RunTimeCountersPerThread></RunTimeInformation><Filter StartupExpression="0"><RelOp NodeId="84" PhysicalOp="Compute Scalar" LogicalOp="Compute Scalar" EstimateRows="1" EstimateIO="0" EstimateCPU="0" AvgRowSize="11" EstimatedTotalSubtreeCost="9.9873" Parallel="1" EstimateRebinds="4631.77" EstimateRewinds="0" EstimatedExecutionMode="Row"><OutputList><ColumnReference Column="Expr1030"></ColumnReference></OutputList><ComputeScalar><DefinedValues><DefinedValue><ColumnReference Column="Expr1030"></ColumnReference><ScalarOperator ScalarString="CASE WHEN [Expr1252]=(0) THEN NULL ELSE [Expr1253] END"><IF><Condition><ScalarOperator><Compare CompareOp="EQ"><ScalarOperator><Identifier><ColumnReference Column="Expr1252"></ColumnReference></Identifier></ScalarOperator><ScalarOperator><Const ConstValue="(0)"></Const></ScalarOperator></Compare></ScalarOperator></Condition><Then><ScalarOperator><Const ConstValue="NULL"></Const></ScalarOperator></Then><Else><ScalarOperator><Identifier><ColumnReference Column="Expr1253"></ColumnReference></Identifier></ScalarOperator></Else></IF></ScalarOperator></DefinedValue></DefinedValues><RelOp NodeId="85" PhysicalOp="Stream Aggregate" LogicalOp="Aggregate" EstimateRows="1" EstimateIO="0" EstimateCPU="1.85036e-05" AvgRowSize="11" EstimatedTotalSubtreeCost="9.9873" Parallel="1" EstimateRebinds="4631.77" EstimateRewinds="0" EstimatedExecutionMode="Row"><OutputList><ColumnReference Column="Expr1252"></ColumnReference><ColumnReference Column="Expr1253"></ColumnReference></OutputList><RunTimeInformation><RunTimeCountersPerThread Thread="12" ActualRows="0" Batches="0" ActualElapsedms="0" ActualCPUms="0" ActualEndOfScans="0" ActualExecutions="0" ActualExecutionMode="Row"></RunTimeCountersPerThread><RunTimeCountersPerThread Thread="11" ActualRows="0" Batches="0" ActualElapsedms="0" ActualCPUms="0" ActualEndOfScans="0" ActualExecutions="0" ActualExecutionMode="Row"></RunTimeCountersPerThread><RunTimeCountersPerThread Thread="10" ActualRows="0" Batches="0" ActualElapsedms="0" ActualCPUms="0" ActualEndOfScans="0" ActualExecutions="0" ActualExecutionMode="Row"></RunTimeCountersPerThread><RunTimeCountersPerThread Thread="9" ActualRows="0" Batches="0" ActualElapsedms="0" ActualCPUms="0" ActualEndOfScans="0" ActualExecutions="0" ActualExecutionMode="Row"></RunTimeCountersPerThread><RunTimeCountersPerThread Thread="8" ActualRows="0" Batches="0" ActualElapsedms="0" ActualCPUms="0" ActualEndOfScans="0" ActualExecutions="0" ActualExecutionMode="Row"></RunTimeCountersPerThread><RunTimeCountersPerThread Thread="7" ActualRows="0" Batches="0" ActualElapsedms="0" ActualCPUms="0" ActualEndOfScans="0" ActualExecutions="0" ActualExecutionMode="Row"></RunTimeCountersPerThread><RunTimeCountersPerThread Thread="6" ActualRows="0" Batches="0" ActualElapsedms="0" ActualCPUms="0" ActualEndOfScans="0" ActualExecutions="0" ActualExecutionMode="Row"></RunTimeCountersPerThread><RunTimeCountersPerThread Thread="5" ActualRows="0" Batches="0" ActualElapsedms="0" ActualCPUms="0" ActualEndOfScans="0" ActualExecutions="0" ActualExecutionMode="Row"></RunTimeCountersPerThread><RunTimeCountersPerThread Thread="4" ActualRows="0" Batches="0" ActualElapsedms="0" ActualCPUms="0" ActualEndOfScans="0" ActualExecutions="0" ActualExecutionMode="Row"></RunTimeCountersPerThread><RunTimeCountersPerThread Thread="3" ActualRows="0" Batches="0" ActualElapsedms="0" ActualCPUms="0" ActualEndOfScans="0" ActualExecutions="0" ActualExecutionMode="Row"></RunTimeCountersPerThread><RunTimeCountersPerThread Thread="2" ActualRows="0" Batches="0" ActualElapsedms="0" ActualCPUms="0" ActualEndOfScans="0" ActualExecutions="0" ActualExecutionMode="Row"></RunTimeCountersPerThread><RunTimeCountersPerThread Thread="1" ActualRows="0" Batches="0" ActualElapsedms="0" ActualCPUms="0" ActualEndOfScans="0" ActualExecutions="0" ActualExecutionMode="Row"></RunTimeCountersPerThread><RunTimeCountersPerThread Thread="0" ActualRows="0" Batches="0" ActualElapsedms="0" ActualCPUms="0" ActualEndOfScans="0" ActualExecutions="0" ActualExecutionMode="Row"></RunTimeCountersPerThread></RunTimeInformation><StreamAggregate><DefinedValues><DefinedValue><ColumnReference Column="Expr1252"></ColumnReference><ScalarOperator ScalarString="COUNT_BIG([tpch].[dbo].[lineitem].[L_Quantity] as [l2].[L_Quantity])"><Aggregate Distinct="0" AggType="COUNT_BIG"><ScalarOperator><Identifier><ColumnReference Database="[tpch]" Schema="[dbo]" Table="[lineitem]" Alias="[l2]" Column="L_Quantity"></ColumnReference></Identifier></ScalarOperator></Aggregate></ScalarOperator></DefinedValue><DefinedValue><ColumnReference Column="Expr1253"></ColumnReference><ScalarOperator ScalarString="SUM([tpch].[dbo].[lineitem].[L_Quantity] as [l2].[L_Quantity])"><Aggregate Distinct="0" AggType="SUM"><ScalarOperator><Identifier><ColumnReference Database="[tpch]" Schema="[dbo]" Table="[lineitem]" Alias="[l2]" Column="L_Quantity"></ColumnReference></Identifier></ScalarOperator></Aggregate></ScalarOperator></DefinedValue></DefinedValues><RelOp NodeId="86" PhysicalOp="Index Seek" LogicalOp="Index Seek" EstimateRows="30.0061" EstimatedRowsRead="30.0061" EstimateIO="0.003125" EstimateCPU="0.000190007" AvgRowSize="11" EstimatedTotalSubtreeCost="9.90158" TableCardinality="6.00122e+06" Parallel="1" EstimateRebinds="4631.77" EstimateRewinds="0" EstimatedExecutionMode="Row"><OutputList><ColumnReference Database="[tpch]" Schema="[dbo]" Table="[lineitem]" Alias="[l2]" Column="L_Quantity"></ColumnReference></OutputList><RunTimeInformation><RunTimeCountersPerThread Thread="12" ActualRows="0" Batches="0" ActualElapsedms="0" ActualCPUms="0" ActualScans="0" ActualLogicalReads="0" ActualPhysicalReads="0" ActualReadAheads="0" ActualLobLogicalReads="0" ActualLobPhysicalReads="0" ActualLobReadAheads="0" ActualEndOfScans="0" ActualExecutions="0" ActualExecutionMode="Row"></RunTimeCountersPerThread><RunTimeCountersPerThread Thread="11" ActualRows="0" Batches="0" ActualElapsedms="0" ActualCPUms="0" ActualScans="0" ActualLogicalReads="0" ActualPhysicalReads="0" ActualReadAheads="0" ActualLobLogicalReads="0" ActualLobPhysicalReads="0" ActualLobReadAheads="0" ActualEndOfScans="0" ActualExecutions="0" ActualExecutionMode="Row"></RunTimeCountersPerThread><RunTimeCountersPerThread Thread="10" ActualRows="0" Batches="0" ActualElapsedms="0" ActualCPUms="0" ActualScans="0" ActualLogicalReads="0" ActualPhysicalReads="0" ActualReadAheads="0" ActualLobLogicalReads="0" ActualLobPhysicalReads="0" ActualLobReadAheads="0" ActualEndOfScans="0" ActualExecutions="0" ActualExecutionMode="Row"></RunTimeCountersPerThread><RunTimeCountersPerThread Thread="9" ActualRows="0" Batches="0" ActualElapsedms="0" ActualCPUms="0" ActualScans="0" ActualLogicalReads="0" ActualPhysicalReads="0" ActualReadAheads="0" ActualLobLogicalReads="0" ActualLobPhysicalReads="0" ActualLobReadAheads="0" ActualEndOfScans="0" ActualExecutions="0" ActualExecutionMode="Row"></RunTimeCountersPerThread><RunTimeCountersPerThread Thread="8" ActualRows="0" Batches="0" ActualElapsedms="0" ActualCPUms="0" ActualScans="0" ActualLogicalReads="0" ActualPhysicalReads="0" ActualReadAheads="0" ActualLobLogicalReads="0" ActualLobPhysicalReads="0" ActualLobReadAheads="0" ActualEndOfScans="0" ActualExecutions="0" ActualExecutionMode="Row"></RunTimeCountersPerThread><RunTimeCountersPerThread Thread="7" ActualRows="0" Batches="0" ActualElapsedms="0" ActualCPUms="0" ActualScans="0" ActualLogicalReads="0" ActualPhysicalReads="0" ActualReadAheads="0" ActualLobLogicalReads="0" ActualLobPhysicalReads="0" ActualLobReadAheads="0" ActualEndOfScans="0" ActualExecutions="0" ActualExecutionMode="Row"></RunTimeCountersPerThread><RunTimeCountersPerThread Thread="6" ActualRows="0" Batches="0" ActualElapsedms="0" ActualCPUms="0" ActualScans="0" ActualLogicalReads="0" ActualPhysicalReads="0" ActualReadAheads="0" ActualLobLogicalReads="0" ActualLobPhysicalReads="0" ActualLobReadAheads="0" ActualEndOfScans="0" ActualExecutions="0" ActualExecutionMode="Row"></RunTimeCountersPerThread><RunTimeCountersPerThread Thread="5" ActualRows="0" Batches="0" ActualElapsedms="0" ActualCPUms="0" ActualScans="0" ActualLogicalReads="0" ActualPhysicalReads="0" ActualReadAheads="0" ActualLobLogicalReads="0" ActualLobPhysicalReads="0" ActualLobReadAheads="0" ActualEndOfScans="0" ActualExecutions="0" ActualExecutionMode="Row"></RunTimeCountersPerThread><RunTimeCountersPerThread Thread="4" ActualRows="0" Batches="0" ActualElapsedms="0" ActualCPUms="0" ActualScans="0" ActualLogicalReads="0" ActualPhysicalReads="0" ActualReadAheads="0" ActualLobLogicalReads="0" ActualLobPhysicalReads="0" ActualLobReadAheads="0" ActualEndOfScans="0" ActualExecutions="0" ActualExecutionMode="Row"></RunTimeCountersPerThread><RunTimeCountersPerThread Thread="3" ActualRows="0" Batches="0" ActualElapsedms="0" ActualCPUms="0" ActualScans="0" ActualLogicalReads="0" ActualPhysicalReads="0" ActualReadAheads="0" ActualLobLogicalReads="0" ActualLobPhysicalReads="0" ActualLobReadAheads="0" ActualEndOfScans="0" ActualExecutions="0" ActualExecutionMode="Row"></RunTimeCountersPerThread><RunTimeCountersPerThread Thread="2" ActualRows="0" Batches="0" ActualElapsedms="0" ActualCPUms="0" ActualScans="0" ActualLogicalReads="0" ActualPhysicalReads="0" ActualReadAheads="0" ActualLobLogicalReads="0" ActualLobPhysicalReads="0" ActualLobReadAheads="0" ActualEndOfScans="0" ActualExecutions="0" ActualExecutionMode="Row"></RunTimeCountersPerThread><RunTimeCountersPerThread Thread="1" ActualRows="0" Batches="0" ActualElapsedms="0" ActualCPUms="0" ActualScans="0" ActualLogicalReads="0" ActualPhysicalReads="0" ActualReadAheads="0" ActualLobLogicalReads="0" ActualLobPhysicalReads="0" ActualLobReadAheads="0" ActualEndOfScans="0" ActualExecutions="0" ActualExecutionMode="Row"></RunTimeCountersPerThread><RunTimeCountersPerThread Thread="0" ActualRows="0" Batches="0" ActualElapsedms="0" ActualCPUms="0" ActualScans="0" ActualLogicalReads="0" ActualPhysicalReads="0" ActualReadAheads="0" ActualLobLogicalReads="0" ActualLobPhysicalReads="0" ActualLobReadAheads="0" ActualEndOfScans="0" ActualExecutions="0" ActualExecutionMode="Row"></RunTimeCountersPerThread></RunTimeInformation><IndexScan Ordered="1" ScanDirection="FORWARD" ForcedIndex="0" ForceSeek="0" ForceScan="0" NoExpandHint="0" Storage="RowStore"><DefinedValues><DefinedValue><ColumnReference Database="[tpch]" Schema="[dbo]" Table="[lineitem]" Alias="[l2]" Column="L_Quantity"></ColumnReference></DefinedValue></DefinedValues><Object Database="[tpch]" Schema="[dbo]" Table="[lineitem]" Index="[p16_idx]" Alias="[l2]" TableReferenceId="4" IndexKind="NonClustered" Storage="RowStore"></Object><SeekPredicates><SeekPredicateNew><SeekKeys><Prefix ScanType="EQ"><RangeColumns><ColumnReference Database="[tpch]" Schema="[dbo]" Table="[lineitem]" Alias="[l2]" Column="L_PartKey"></ColumnReference></RangeColumns><RangeExpressions><ScalarOperator ScalarString="CONVERT_IMPLICIT(bigint,[tpch].[dbo].[lineitem].[L_PartKey] as [l3].[L_PartKey],0)"><Convert DataType="bigint" Style="0" Implicit="1"><ScalarOperator><Identifier><ColumnReference Database="[tpch]" Schema="[dbo]" Table="[lineitem]" Alias="[l3]" Column="L_PartKey"></ColumnReference></Identifier></ScalarOperator></Convert></ScalarOperator></RangeExpressions></Prefix></SeekKeys></SeekPredicateNew></SeekPredicates></IndexScan></RelOp></StreamAggregate></RelOp></ComputeScalar></RelOp><Predicate><ScalarOperator ScalarString="CONVERT_IMPLICIT(numeric(12,1),[tpch].[dbo].[lineitem].[L_Quantity] as [l3].[L_Quantity],0)&gt;=(0.2)*CONVERT_IMPLICIT(numeric(10,0),[Expr1030],0)"><Compare CompareOp="GE"><ScalarOperator><Convert DataType="numeric" Precision="12" Scale="1" Style="0" Implicit="1"><ScalarOperator><Identifier><ColumnReference Database="[tpch]" Schema="[dbo]" Table="[lineitem]" Alias="[l3]" Column="L_Quantity"></ColumnReference></Identifier></ScalarOperator></Convert></ScalarOperator><ScalarOperator><Arithmetic Operation="MULT"><ScalarOperator><Const ConstValue="(0.2)"></Const></ScalarOperator><ScalarOperator><Convert DataType="numeric" Precision="10" Scale="0" Style="0" Implicit="1"><ScalarOperator><Identifier><ColumnReference Column="Expr1030"></ColumnReference></Identifier></ScalarOperator></Convert></ScalarOperator></Arithmetic></ScalarOperator></Compare></ScalarOperator></Predicate></Filter></RelOp><RelOp NodeId="87" PhysicalOp="Assert" LogicalOp="Assert" EstimateRows="1" EstimateIO="0" EstimateCPU="4.8e-07" AvgRowSize="11" EstimatedTotalSubtreeCost="1.49782" Parallel="1" EstimateRebinds="0" EstimateRewinds="4631.77" EstimatedExecutionMode="Row"><OutputList><ColumnReference Column="Expr1056"></ColumnReference></OutputList><RunTimeInformation><RunTimeCountersPerThread Thread="12" ActualRows="0" Batches="0" ActualElapsedms="0" ActualCPUms="0" ActualEndOfScans="0" ActualExecutions="0" ActualExecutionMode="Row"></RunTimeCountersPerThread><RunTimeCountersPerThread Thread="11" ActualRows="0" Batches="0" ActualElapsedms="0" ActualCPUms="0" ActualEndOfScans="0" ActualExecutions="0" ActualExecutionMode="Row"></RunTimeCountersPerThread><RunTimeCountersPerThread Thread="10" ActualRows="0" Batches="0" ActualElapsedms="0" ActualCPUms="0" ActualEndOfScans="0" ActualExecutions="0" ActualExecutionMode="Row"></RunTimeCountersPerThread><RunTimeCountersPerThread Thread="9" ActualRows="0" Batches="0" ActualElapsedms="0" ActualCPUms="0" ActualEndOfScans="0" ActualExecutions="0" ActualExecutionMode="Row"></RunTimeCountersPerThread><RunTimeCountersPerThread Thread="8" ActualRows="0" Batches="0" ActualElapsedms="0" ActualCPUms="0" ActualEndOfScans="0" ActualExecutions="0" ActualExecutionMode="Row"></RunTimeCountersPerThread><RunTimeCountersPerThread Thread="7" ActualRows="0" Batches="0" ActualElapsedms="0" ActualCPUms="0" ActualEndOfScans="0" ActualExecutions="0" ActualExecutionMode="Row"></RunTimeCountersPerThread><RunTimeCountersPerThread Thread="6" ActualRows="0" Batches="0" ActualElapsedms="0" ActualCPUms="0" ActualEndOfScans="0" ActualExecutions="0" ActualExecutionMode="Row"></RunTimeCountersPerThread><RunTimeCountersPerThread Thread="5" ActualRows="0" Batches="0" ActualElapsedms="0" ActualCPUms="0" ActualEndOfScans="0" ActualExecutions="0" ActualExecutionMode="Row"></RunTimeCountersPerThread><RunTimeCountersPerThread Thread="4" ActualRows="0" Batches="0" ActualElapsedms="0" ActualCPUms="0" ActualEndOfScans="0" ActualExecutions="0" ActualExecutionMode="Row"></RunTimeCountersPerThread><RunTimeCountersPerThread Thread="3" ActualRows="0" Batches="0" ActualElapsedms="0" ActualCPUms="0" ActualEndOfScans="0" ActualExecutions="0" ActualExecutionMode="Row"></RunTimeCountersPerThread><RunTimeCountersPerThread Thread="2" ActualRows="0" Batches="0" ActualElapsedms="0" ActualCPUms="0" ActualEndOfScans="0" ActualExecutions="0" ActualExecutionMode="Row"></RunTimeCountersPerThread><RunTimeCountersPerThread Thread="1" ActualRows="0" Batches="0" ActualElapsedms="0" ActualCPUms="0" ActualEndOfScans="0" ActualExecutions="0" ActualExecutionMode="Row"></RunTimeCountersPerThread><RunTimeCountersPerThread Thread="0" ActualRows="0" Batches="0" ActualElapsedms="0" ActualCPUms="0" ActualEndOfScans="0" ActualExecutions="0" ActualExecutionMode="Row"></RunTimeCountersPerThread></RunTimeInformation><Assert StartupExpression="0"><RelOp NodeId="88" PhysicalOp="Stream Aggregate" LogicalOp="Aggregate" EstimateRows="1" EstimateIO="0" EstimateCPU="1.1e-06" AvgRowSize="19" EstimatedTotalSubtreeCost="1.49559" Parallel="1" EstimateRebinds="0" EstimateRewinds="4631.77" EstimatedExecutionMode="Row"><OutputList><ColumnReference Column="Expr1055"></ColumnReference><ColumnReference Column="Expr1056"></ColumnReference></OutputList><RunTimeInformation><RunTimeCountersPerThread Thread="12" ActualRows="0" Batches="0" ActualElapsedms="0" ActualCPUms="0" ActualEndOfScans="0" ActualExecutions="0" ActualExecutionMode="Row"></RunTimeCountersPerThread><RunTimeCountersPerThread Thread="11" ActualRows="0" Batches="0" ActualElapsedms="0" ActualCPUms="0" ActualEndOfScans="0" ActualExecutions="0" ActualExecutionMode="Row"></RunTimeCountersPerThread><RunTimeCountersPerThread Thread="10" ActualRows="0" Batches="0" ActualElapsedms="0" ActualCPUms="0" ActualEndOfScans="0" ActualExecutions="0" ActualExecutionMode="Row"></RunTimeCountersPerThread><RunTimeCountersPerThread Thread="9" ActualRows="0" Batches="0" ActualElapsedms="0" ActualCPUms="0" ActualEndOfScans="0" ActualExecutions="0" ActualExecutionMode="Row"></RunTimeCountersPerThread><RunTimeCountersPerThread Thread="8" ActualRows="0" Batches="0" ActualElapsedms="0" ActualCPUms="0" ActualEndOfScans="0" ActualExecutions="0" ActualExecutionMode="Row"></RunTimeCountersPerThread><RunTimeCountersPerThread Thread="7" ActualRows="0" Batches="0" ActualElapsedms="0" ActualCPUms="0" ActualEndOfScans="0" ActualExecutions="0" ActualExecutionMode="Row"></RunTimeCountersPerThread><RunTimeCountersPerThread Thread="6" ActualRows="0" Batches="0" ActualElapsedms="0" ActualCPUms="0" ActualEndOfScans="0" ActualExecutions="0" ActualExecutionMode="Row"></RunTimeCountersPerThread><RunTimeCountersPerThread Thread="5" ActualRows="0" Batches="0" ActualElapsedms="0" ActualCPUms="0" ActualEndOfScans="0" ActualExecutions="0" ActualExecutionMode="Row"></RunTimeCountersPerThread><RunTimeCountersPerThread Thread="4" ActualRows="0" Batches="0" ActualElapsedms="0" ActualCPUms="0" ActualEndOfScans="0" ActualExecutions="0" ActualExecutionMode="Row"></RunTimeCountersPerThread><RunTimeCountersPerThread Thread="3" ActualRows="0" Batches="0" ActualElapsedms="0" ActualCPUms="0" ActualEndOfScans="0" ActualExecutions="0" ActualExecutionMode="Row"></RunTimeCountersPerThread><RunTimeCountersPerThread Thread="2" ActualRows="0" Batches="0" ActualElapsedms="0" ActualCPUms="0" ActualEndOfScans="0" ActualExecutions="0" ActualExecutionMode="Row"></RunTimeCountersPerThread><RunTimeCountersPerThread Thread="1" ActualRows="0" Batches="0" ActualElapsedms="0" ActualCPUms="0" ActualEndOfScans="0" ActualExecutions="0" ActualExecutionMode="Row"></RunTimeCountersPerThread><RunTimeCountersPerThread Thread="0" ActualRows="0" Batches="0" ActualElapsedms="0" ActualCPUms="0" ActualEndOfScans="0" ActualExecutions="0" ActualExecutionMode="Row"></RunTimeCountersPerThread></RunTimeInformation><StreamAggregate><DefinedValues><DefinedValue><ColumnReference Column="Expr1055"></ColumnReference><ScalarOperator ScalarString="Count(*)"><Aggregate AggType="countstar" Distinct="0"></Aggregate></ScalarOperator></DefinedValue><DefinedValue><ColumnReference Column="Expr1056"></ColumnReference><ScalarOperator ScalarString="ANY([tpch].[dbo].[nation].[N_RegionKey] as [n2].[N_RegionKey])"><Aggregate Distinct="0" AggType="ANY"><ScalarOperator><Identifier><ColumnReference Database="[tpch]" Schema="[dbo]" Table="[nation]" Alias="[n2]" Column="N_RegionKey"></ColumnReference></Identifier></ScalarOperator></Aggregate></ScalarOperator></DefinedValue></DefinedValues><RelOp NodeId="89" PhysicalOp="Nested Loops" LogicalOp="Inner Join" EstimateRows="1" EstimateIO="0" EstimateCPU="4.18e-06" AvgRowSize="11" EstimatedTotalSubtreeCost="1.4905" Parallel="1" EstimateRebinds="0" EstimateRewinds="4631.77" EstimatedExecutionMode="Row"><OutputList><ColumnReference Database="[tpch]" Schema="[dbo]" Table="[nation]" Alias="[n2]" Column="N_RegionKey"></ColumnReference></OutputList><RunTimeInformation><RunTimeCountersPerThread Thread="12" ActualRows="0" Batches="0" ActualElapsedms="0" ActualCPUms="0" ActualEndOfScans="0" ActualExecutions="0" ActualExecutionMode="Row"></RunTimeCountersPerThread><RunTimeCountersPerThread Thread="11" ActualRows="0" Batches="0" ActualElapsedms="0" ActualCPUms="0" ActualEndOfScans="0" ActualExecutions="0" ActualExecutionMode="Row"></RunTimeCountersPerThread><RunTimeCountersPerThread Thread="10" ActualRows="0" Batches="0" ActualElapsedms="0" ActualCPUms="0" ActualEndOfScans="0" ActualExecutions="0" ActualExecutionMode="Row"></RunTimeCountersPerThread><RunTimeCountersPerThread Thread="9" ActualRows="0" Batches="0" ActualElapsedms="0" ActualCPUms="0" ActualEndOfScans="0" ActualExecutions="0" ActualExecutionMode="Row"></RunTimeCountersPerThread><RunTimeCountersPerThread Thread="8" ActualRows="0" Batches="0" ActualElapsedms="0" ActualCPUms="0" ActualEndOfScans="0" ActualExecutions="0" ActualExecutionMode="Row"></RunTimeCountersPerThread><RunTimeCountersPerThread Thread="7" ActualRows="0" Batches="0" ActualElapsedms="0" ActualCPUms="0" ActualEndOfScans="0" ActualExecutions="0" ActualExecutionMode="Row"></RunTimeCountersPerThread><RunTimeCountersPerThread Thread="6" ActualRows="0" Batches="0" ActualElapsedms="0" ActualCPUms="0" ActualEndOfScans="0" ActualExecutions="0" ActualExecutionMode="Row"></RunTimeCountersPerThread><RunTimeCountersPerThread Thread="5" ActualRows="0" Batches="0" ActualElapsedms="0" ActualCPUms="0" ActualEndOfScans="0" ActualExecutions="0" ActualExecutionMode="Row"></RunTimeCountersPerThread><RunTimeCountersPerThread Thread="4" ActualRows="0" Batches="0" ActualElapsedms="0" ActualCPUms="0" ActualEndOfScans="0" ActualExecutions="0" ActualExecutionMode="Row"></RunTimeCountersPerThread><RunTimeCountersPerThread Thread="3" ActualRows="0" Batches="0" ActualElapsedms="0" ActualCPUms="0" ActualEndOfScans="0" ActualExecutions="0" ActualExecutionMode="Row"></RunTimeCountersPerThread><RunTimeCountersPerThread Thread="2" ActualRows="0" Batches="0" ActualElapsedms="0" ActualCPUms="0" ActualEndOfScans="0" ActualExecutions="0" ActualExecutionMode="Row"></RunTimeCountersPerThread><RunTimeCountersPerThread Thread="1" ActualRows="0" Batches="0" ActualElapsedms="0" ActualCPUms="0" ActualEndOfScans="0" ActualExecutions="0" ActualExecutionMode="Row"></RunTimeCountersPerThread><RunTimeCountersPerThread Thread="0" ActualRows="0" Batches="0" ActualElapsedms="0" ActualCPUms="0" ActualEndOfScans="0" ActualExecutions="0" ActualExecutionMode="Row"></RunTimeCountersPerThread></RunTimeInformation><NestedLoops Optimized="0"><OuterReferences><ColumnReference Database="[tpch]" Schema="[dbo]" Table="[customer]" Alias="[c2]" Column="C_NationKey"></ColumnReference></OuterReferences><RelOp NodeId="90" PhysicalOp="Clustered Index Seek" LogicalOp="Clustered Index Seek" EstimateRows="1" EstimatedRowsRead="1" EstimateIO="0.003125" EstimateCPU="0.0001581" AvgRowSize="11" EstimatedTotalSubtreeCost="0.735566" TableCardinality="150000" Parallel="1" EstimateRebinds="0" EstimateRewinds="4631.77" EstimatedExecutionMode="Row"><OutputList><ColumnReference Database="[tpch]" Schema="[dbo]" Table="[customer]" Alias="[c2]" Column="C_NationKey"></ColumnReference></OutputList><RunTimeInformation><RunTimeCountersPerThread Thread="12" ActualRows="0" Batches="0" ActualElapsedms="0" ActualCPUms="0" ActualScans="0" ActualLogicalReads="0" ActualPhysicalReads="0" ActualReadAheads="0" ActualLobLogicalReads="0" ActualLobPhysicalReads="0" ActualLobReadAheads="0" ActualEndOfScans="0" ActualExecutions="0" ActualExecutionMode="Row"></RunTimeCountersPerThread><RunTimeCountersPerThread Thread="11" ActualRows="0" Batches="0" ActualElapsedms="0" ActualCPUms="0" ActualScans="0" ActualLogicalReads="0" ActualPhysicalReads="0" ActualReadAheads="0" ActualLobLogicalReads="0" ActualLobPhysicalReads="0" ActualLobReadAheads="0" ActualEndOfScans="0" ActualExecutions="0" ActualExecutionMode="Row"></RunTimeCountersPerThread><RunTimeCountersPerThread Thread="10" ActualRows="0" Batches="0" ActualElapsedms="0" ActualCPUms="0" ActualScans="0" ActualLogicalReads="0" ActualPhysicalReads="0" ActualReadAheads="0" ActualLobLogicalReads="0" ActualLobPhysicalReads="0" ActualLobReadAheads="0" ActualEndOfScans="0" ActualExecutions="0" ActualExecutionMode="Row"></RunTimeCountersPerThread><RunTimeCountersPerThread Thread="9" ActualRows="0" Batches="0" ActualElapsedms="0" ActualCPUms="0" ActualScans="0" ActualLogicalReads="0" ActualPhysicalReads="0" ActualReadAheads="0" ActualLobLogicalReads="0" ActualLobPhysicalReads="0" ActualLobReadAheads="0" ActualEndOfScans="0" ActualExecutions="0" ActualExecutionMode="Row"></RunTimeCountersPerThread><RunTimeCountersPerThread Thread="8" ActualRows="0" Batches="0" ActualElapsedms="0" ActualCPUms="0" ActualScans="0" ActualLogicalReads="0" ActualPhysicalReads="0" ActualReadAheads="0" ActualLobLogicalReads="0" ActualLobPhysicalReads="0" ActualLobReadAheads="0" ActualEndOfScans="0" ActualExecutions="0" ActualExecutionMode="Row"></RunTimeCountersPerThread><RunTimeCountersPerThread Thread="7" ActualRows="0" Batches="0" ActualElapsedms="0" ActualCPUms="0" ActualScans="0" ActualLogicalReads="0" ActualPhysicalReads="0" ActualReadAheads="0" ActualLobLogicalReads="0" ActualLobPhysicalReads="0" ActualLobReadAheads="0" ActualEndOfScans="0" ActualExecutions="0" ActualExecutionMode="Row"></RunTimeCountersPerThread><RunTimeCountersPerThread Thread="6" ActualRows="0" Batches="0" ActualElapsedms="0" ActualCPUms="0" ActualScans="0" ActualLogicalReads="0" ActualPhysicalReads="0" ActualReadAheads="0" ActualLobLogicalReads="0" ActualLobPhysicalReads="0" ActualLobReadAheads="0" ActualEndOfScans="0" ActualExecutions="0" ActualExecutionMode="Row"></RunTimeCountersPerThread><RunTimeCountersPerThread Thread="5" ActualRows="0" Batches="0" ActualElapsedms="0" ActualCPUms="0" ActualScans="0" ActualLogicalReads="0" ActualPhysicalReads="0" ActualReadAheads="0" ActualLobLogicalReads="0" ActualLobPhysicalReads="0" ActualLobReadAheads="0" ActualEndOfScans="0" ActualExecutions="0" ActualExecutionMode="Row"></RunTimeCountersPerThread><RunTimeCountersPerThread Thread="4" ActualRows="0" Batches="0" ActualElapsedms="0" ActualCPUms="0" ActualScans="0" ActualLogicalReads="0" ActualPhysicalReads="0" ActualReadAheads="0" ActualLobLogicalReads="0" ActualLobPhysicalReads="0" ActualLobReadAheads="0" ActualEndOfScans="0" ActualExecutions="0" ActualExecutionMode="Row"></RunTimeCountersPerThread><RunTimeCountersPerThread Thread="3" ActualRows="0" Batches="0" ActualElapsedms="0" ActualCPUms="0" ActualScans="0" ActualLogicalReads="0" ActualPhysicalReads="0" ActualReadAheads="0" ActualLobLogicalReads="0" ActualLobPhysicalReads="0" ActualLobReadAheads="0" ActualEndOfScans="0" ActualExecutions="0" ActualExecutionMode="Row"></RunTimeCountersPerThread><RunTimeCountersPerThread Thread="2" ActualRows="0" Batches="0" ActualElapsedms="0" ActualCPUms="0" ActualScans="0" ActualLogicalReads="0" ActualPhysicalReads="0" ActualReadAheads="0" ActualLobLogicalReads="0" ActualLobPhysicalReads="0" ActualLobReadAheads="0" ActualEndOfScans="0" ActualExecutions="0" ActualExecutionMode="Row"></RunTimeCountersPerThread><RunTimeCountersPerThread Thread="1" ActualRows="0" Batches="0" ActualElapsedms="0" ActualCPUms="0" ActualScans="0" ActualLogicalReads="0" ActualPhysicalReads="0" ActualReadAheads="0" ActualLobLogicalReads="0" ActualLobPhysicalReads="0" ActualLobReadAheads="0" ActualEndOfScans="0" ActualExecutions="0" ActualExecutionMode="Row"></RunTimeCountersPerThread><RunTimeCountersPerThread Thread="0" ActualRows="0" Batches="0" ActualElapsedms="0" ActualCPUms="0" ActualScans="0" ActualLogicalReads="0" ActualPhysicalReads="0" ActualReadAheads="0" ActualLobLogicalReads="0" ActualLobPhysicalReads="0" ActualLobReadAheads="0" ActualEndOfScans="0" ActualExecutions="0" ActualExecutionMode="Row"></RunTimeCountersPerThread></RunTimeInformation><IndexScan Ordered="1" ScanDirection="FORWARD" ForcedIndex="0" ForceSeek="0" ForceScan="0" NoExpandHint="0" Storage="RowStore"><DefinedValues><DefinedValue><ColumnReference Database="[tpch]" Schema="[dbo]" Table="[customer]" Alias="[c2]" Column="C_NationKey"></ColumnReference></DefinedValue></DefinedValues><Object Database="[tpch]" Schema="[dbo]" Table="[customer]" Index="[PK__customer__48695B7174053BCB]" Alias="[c2]" TableReferenceId="3" IndexKind="Clustered" Storage="RowStore"></Object><SeekPredicates><SeekPredicateNew><SeekKeys><Prefix ScanType="EQ"><RangeColumns><ColumnReference Database="[tpch]" Schema="[dbo]" Table="[customer]" Alias="[c2]" Column="C_CustKey"></ColumnReference></RangeColumns><RangeExpressions><ScalarOperator ScalarString="(1111)"><Const ConstValue="(1111)"></Const></ScalarOperator></RangeExpressions></Prefix></SeekKeys></SeekPredicateNew></SeekPredicates></IndexScan></RelOp><RelOp NodeId="91" PhysicalOp="Clustered Index Seek" LogicalOp="Clustered Index Seek" EstimateRows="1" EstimatedRowsRead="1" EstimateIO="0.003125" EstimateCPU="0.0001581" AvgRowSize="11" EstimatedTotalSubtreeCost="0.735566" TableCardinality="25" Parallel="1" EstimateRebinds="0" EstimateRewinds="4631.77" EstimatedExecutionMode="Row"><OutputList><ColumnReference Database="[tpch]" Schema="[dbo]" Table="[nation]" Alias="[n2]" Column="N_RegionKey"></ColumnReference></OutputList><RunTimeInformation><RunTimeCountersPerThread Thread="12" ActualRows="0" Batches="0" ActualElapsedms="0" ActualCPUms="0" ActualScans="0" ActualLogicalReads="0" ActualPhysicalReads="0" ActualReadAheads="0" ActualLobLogicalReads="0" ActualLobPhysicalReads="0" ActualLobReadAheads="0" ActualEndOfScans="0" ActualExecutions="0" ActualExecutionMode="Row"></RunTimeCountersPerThread><RunTimeCountersPerThread Thread="11" ActualRows="0" Batches="0" ActualElapsedms="0" ActualCPUms="0" ActualScans="0" ActualLogicalReads="0" ActualPhysicalReads="0" ActualReadAheads="0" ActualLobLogicalReads="0" ActualLobPhysicalReads="0" ActualLobReadAheads="0" ActualEndOfScans="0" ActualExecutions="0" ActualExecutionMode="Row"></RunTimeCountersPerThread><RunTimeCountersPerThread Thread="10" ActualRows="0" Batches="0" ActualElapsedms="0" ActualCPUms="0" ActualScans="0" ActualLogicalReads="0" ActualPhysicalReads="0" ActualReadAheads="0" ActualLobLogicalReads="0" ActualLobPhysicalReads="0" ActualLobReadAheads="0" ActualEndOfScans="0" ActualExecutions="0" ActualExecutionMode="Row"></RunTimeCountersPerThread><RunTimeCountersPerThread Thread="9" ActualRows="0" Batches="0" ActualElapsedms="0" ActualCPUms="0" ActualScans="0" ActualLogicalReads="0" ActualPhysicalReads="0" ActualReadAheads="0" ActualLobLogicalReads="0" ActualLobPhysicalReads="0" ActualLobReadAheads="0" ActualEndOfScans="0" ActualExecutions="0" ActualExecutionMode="Row"></RunTimeCountersPerThread><RunTimeCountersPerThread Thread="8" ActualRows="0" Batches="0" ActualElapsedms="0" ActualCPUms="0" ActualScans="0" ActualLogicalReads="0" ActualPhysicalReads="0" ActualReadAheads="0" ActualLobLogicalReads="0" ActualLobPhysicalReads="0" ActualLobReadAheads="0" ActualEndOfScans="0" ActualExecutions="0" ActualExecutionMode="Row"></RunTimeCountersPerThread><RunTimeCountersPerThread Thread="7" ActualRows="0" Batches="0" ActualElapsedms="0" ActualCPUms="0" ActualScans="0" ActualLogicalReads="0" ActualPhysicalReads="0" ActualReadAheads="0" ActualLobLogicalReads="0" ActualLobPhysicalReads="0" ActualLobReadAheads="0" ActualEndOfScans="0" ActualExecutions="0" ActualExecutionMode="Row"></RunTimeCountersPerThread><RunTimeCountersPerThread Thread="6" ActualRows="0" Batches="0" ActualElapsedms="0" ActualCPUms="0" ActualScans="0" ActualLogicalReads="0" ActualPhysicalReads="0" ActualReadAheads="0" ActualLobLogicalReads="0" ActualLobPhysicalReads="0" ActualLobReadAheads="0" ActualEndOfScans="0" ActualExecutions="0" ActualExecutionMode="Row"></RunTimeCountersPerThread><RunTimeCountersPerThread Thread="5" ActualRows="0" Batches="0" ActualElapsedms="0" ActualCPUms="0" ActualScans="0" ActualLogicalReads="0" ActualPhysicalReads="0" ActualReadAheads="0" ActualLobLogicalReads="0" ActualLobPhysicalReads="0" ActualLobReadAheads="0" ActualEndOfScans="0" ActualExecutions="0" ActualExecutionMode="Row"></RunTimeCountersPerThread><RunTimeCountersPerThread Thread="4" ActualRows="0" Batches="0" ActualElapsedms="0" ActualCPUms="0" ActualScans="0" ActualLogicalReads="0" ActualPhysicalReads="0" ActualReadAheads="0" ActualLobLogicalReads="0" ActualLobPhysicalReads="0" ActualLobReadAheads="0" ActualEndOfScans="0" ActualExecutions="0" ActualExecutionMode="Row"></RunTimeCountersPerThread><RunTimeCountersPerThread Thread="3" ActualRows="0" Batches="0" ActualElapsedms="0" ActualCPUms="0" ActualScans="0" ActualLogicalReads="0" ActualPhysicalReads="0" ActualReadAheads="0" ActualLobLogicalReads="0" ActualLobPhysicalReads="0" ActualLobReadAheads="0" ActualEndOfScans="0" ActualExecutions="0" ActualExecutionMode="Row"></RunTimeCountersPerThread><RunTimeCountersPerThread Thread="2" ActualRows="0" Batches="0" ActualElapsedms="0" ActualCPUms="0" ActualScans="0" ActualLogicalReads="0" ActualPhysicalReads="0" ActualReadAheads="0" ActualLobLogicalReads="0" ActualLobPhysicalReads="0" ActualLobReadAheads="0" ActualEndOfScans="0" ActualExecutions="0" ActualExecutionMode="Row"></RunTimeCountersPerThread><RunTimeCountersPerThread Thread="1" ActualRows="0" Batches="0" ActualElapsedms="0" ActualCPUms="0" ActualScans="0" ActualLogicalReads="0" ActualPhysicalReads="0" ActualReadAheads="0" ActualLobLogicalReads="0" ActualLobPhysicalReads="0" ActualLobReadAheads="0" ActualEndOfScans="0" ActualExecutions="0" ActualExecutionMode="Row"></RunTimeCountersPerThread><RunTimeCountersPerThread Thread="0" ActualRows="0" Batches="0" ActualElapsedms="0" ActualCPUms="0" ActualScans="0" ActualLogicalReads="0" ActualPhysicalReads="0" ActualReadAheads="0" ActualLobLogicalReads="0" ActualLobPhysicalReads="0" ActualLobReadAheads="0" ActualEndOfScans="0" ActualExecutions="0" ActualExecutionMode="Row"></RunTimeCountersPerThread></RunTimeInformation><IndexScan Ordered="1" ScanDirection="FORWARD" ForcedIndex="0" ForceSeek="0" ForceScan="0" NoExpandHint="0" Storage="RowStore"><DefinedValues><DefinedValue><ColumnReference Database="[tpch]" Schema="[dbo]" Table="[nation]" Alias="[n2]" Column="N_RegionKey"></ColumnReference></DefinedValue></DefinedValues><Object Database="[tpch]" Schema="[dbo]" Table="[nation]" Index="[PK__nation__BD377952AE350C6C]" Alias="[n2]" TableReferenceId="3" IndexKind="Clustered" Storage="RowStore"></Object><SeekPredicates><SeekPredicateNew><SeekKeys><Prefix ScanType="EQ"><RangeColumns><ColumnReference Database="[tpch]" Schema="[dbo]" Table="[nation]" Alias="[n2]" Column="N_NationKey"></ColumnReference></RangeColumns><RangeExpressions><ScalarOperator ScalarString="[tpch].[dbo].[customer].[C_NationKey] as [c2].[C_NationKey]"><Identifier><ColumnReference Database="[tpch]" Schema="[dbo]" Table="[customer]" Alias="[c2]" Column="C_NationKey"></ColumnReference></Identifier></ScalarOperator></RangeExpressions></Prefix></SeekKeys></SeekPredicateNew></SeekPredicates></IndexScan></RelOp></NestedLoops></RelOp></StreamAggregate></RelOp><Predicate><ScalarOperator ScalarString="CASE WHEN [Expr1055]&gt;(1) THEN (0) ELSE NULL END"><IF><Condition><ScalarOperator><Compare CompareOp="GT"><ScalarOperator><Identifier><ColumnReference Column="Expr1055"></ColumnReference></Identifier></ScalarOperator><ScalarOperator><Const ConstValue="(1)"></Const></ScalarOperator></Compare></ScalarOperator></Condition><Then><ScalarOperator><Const ConstValue="(0)"></Const></ScalarOperator></Then><Else><ScalarOperator><Const ConstValue="NULL"></Const></ScalarOperator></Else></IF></ScalarOperator></Predicate></Assert></RelOp></NestedLoops></RelOp><RelOp NodeId="92" PhysicalOp="Assert" LogicalOp="Assert" EstimateRows="1" EstimateIO="0" EstimateCPU="4.8e-07" AvgRowSize="11" EstimatedTotalSubtreeCost="16.9385" Parallel="1" EstimateRebinds="4631.77" EstimateRewinds="0" EstimatedExecutionMode="Row"><OutputList><ColumnReference Column="Expr1054"></ColumnReference></OutputList><RunTimeInformation><RunTimeCountersPerThread Thread="12" ActualRows="0" Batches="0" ActualElapsedms="0" ActualCPUms="0" ActualEndOfScans="0" ActualExecutions="0" ActualExecutionMode="Row"></RunTimeCountersPerThread><RunTimeCountersPerThread Thread="11" ActualRows="0" Batches="0" ActualElapsedms="0" ActualCPUms="0" ActualEndOfScans="0" ActualExecutions="0" ActualExecutionMode="Row"></RunTimeCountersPerThread><RunTimeCountersPerThread Thread="10" ActualRows="0" Batches="0" ActualElapsedms="0" ActualCPUms="0" ActualEndOfScans="0" ActualExecutions="0" ActualExecutionMode="Row"></RunTimeCountersPerThread><RunTimeCountersPerThread Thread="9" ActualRows="0" Batches="0" ActualElapsedms="0" ActualCPUms="0" ActualEndOfScans="0" ActualExecutions="0" ActualExecutionMode="Row"></RunTimeCountersPerThread><RunTimeCountersPerThread Thread="8" ActualRows="0" Batches="0" ActualElapsedms="0" ActualCPUms="0" ActualEndOfScans="0" ActualExecutions="0" ActualExecutionMode="Row"></RunTimeCountersPerThread><RunTimeCountersPerThread Thread="7" ActualRows="0" Batches="0" ActualElapsedms="0" ActualCPUms="0" ActualEndOfScans="0" ActualExecutions="0" ActualExecutionMode="Row"></RunTimeCountersPerThread><RunTimeCountersPerThread Thread="6" ActualRows="0" Batches="0" ActualElapsedms="0" ActualCPUms="0" ActualEndOfScans="0" ActualExecutions="0" ActualExecutionMode="Row"></RunTimeCountersPerThread><RunTimeCountersPerThread Thread="5" ActualRows="0" Batches="0" ActualElapsedms="0" ActualCPUms="0" ActualEndOfScans="0" ActualExecutions="0" ActualExecutionMode="Row"></RunTimeCountersPerThread><RunTimeCountersPerThread Thread="4" ActualRows="0" Batches="0" ActualElapsedms="0" ActualCPUms="0" ActualEndOfScans="0" ActualExecutions="0" ActualExecutionMode="Row"></RunTimeCountersPerThread><RunTimeCountersPerThread Thread="3" ActualRows="0" Batches="0" ActualElapsedms="0" ActualCPUms="0" ActualEndOfScans="0" ActualExecutions="0" ActualExecutionMode="Row"></RunTimeCountersPerThread><RunTimeCountersPerThread Thread="2" ActualRows="0" Batches="0" ActualElapsedms="0" ActualCPUms="0" ActualEndOfScans="0" ActualExecutions="0" ActualExecutionMode="Row"></RunTimeCountersPerThread><RunTimeCountersPerThread Thread="1" ActualRows="0" Batches="0" ActualElapsedms="0" ActualCPUms="0" ActualEndOfScans="0" ActualExecutions="0" ActualExecutionMode="Row"></RunTimeCountersPerThread><RunTimeCountersPerThread Thread="0" ActualRows="0" Batches="0" ActualElapsedms="0" ActualCPUms="0" ActualEndOfScans="0" ActualExecutions="0" ActualExecutionMode="Row"></RunTimeCountersPerThread></RunTimeInformation><Assert StartupExpression="0"><RelOp NodeId="93" PhysicalOp="Stream Aggregate" LogicalOp="Aggregate" EstimateRows="1" EstimateIO="0" EstimateCPU="1.1e-06" AvgRowSize="19" EstimatedTotalSubtreeCost="16.9363" Parallel="1" EstimateRebinds="4631.77" EstimateRewinds="0" EstimatedExecutionMode="Row"><OutputList><ColumnReference Column="Expr1053"></ColumnReference><ColumnReference Column="Expr1054"></ColumnReference></OutputList><RunTimeInformation><RunTimeCountersPerThread Thread="12" ActualRows="0" Batches="0" ActualElapsedms="0" ActualCPUms="0" ActualEndOfScans="0" ActualExecutions="0" ActualExecutionMode="Row"></RunTimeCountersPerThread><RunTimeCountersPerThread Thread="11" ActualRows="0" Batches="0" ActualElapsedms="0" ActualCPUms="0" ActualEndOfScans="0" ActualExecutions="0" ActualExecutionMode="Row"></RunTimeCountersPerThread><RunTimeCountersPerThread Thread="10" ActualRows="0" Batches="0" ActualElapsedms="0" ActualCPUms="0" ActualEndOfScans="0" ActualExecutions="0" ActualExecutionMode="Row"></RunTimeCountersPerThread><RunTimeCountersPerThread Thread="9" ActualRows="0" Batches="0" ActualElapsedms="0" ActualCPUms="0" ActualEndOfScans="0" ActualExecutions="0" ActualExecutionMode="Row"></RunTimeCountersPerThread><RunTimeCountersPerThread Thread="8" ActualRows="0" Batches="0" ActualElapsedms="0" ActualCPUms="0" ActualEndOfScans="0" ActualExecutions="0" ActualExecutionMode="Row"></RunTimeCountersPerThread><RunTimeCountersPerThread Thread="7" ActualRows="0" Batches="0" ActualElapsedms="0" ActualCPUms="0" ActualEndOfScans="0" ActualExecutions="0" ActualExecutionMode="Row"></RunTimeCountersPerThread><RunTimeCountersPerThread Thread="6" ActualRows="0" Batches="0" ActualElapsedms="0" ActualCPUms="0" ActualEndOfScans="0" ActualExecutions="0" ActualExecutionMode="Row"></RunTimeCountersPerThread><RunTimeCountersPerThread Thread="5" ActualRows="0" Batches="0" ActualElapsedms="0" ActualCPUms="0" ActualEndOfScans="0" ActualExecutions="0" ActualExecutionMode="Row"></RunTimeCountersPerThread><RunTimeCountersPerThread Thread="4" ActualRows="0" Batches="0" ActualElapsedms="0" ActualCPUms="0" ActualEndOfScans="0" ActualExecutions="0" ActualExecutionMode="Row"></RunTimeCountersPerThread><RunTimeCountersPerThread Thread="3" ActualRows="0" Batches="0" ActualElapsedms="0" ActualCPUms="0" ActualEndOfScans="0" ActualExecutions="0" ActualExecutionMode="Row"></RunTimeCountersPerThread><RunTimeCountersPerThread Thread="2" ActualRows="0" Batches="0" ActualElapsedms="0" ActualCPUms="0" ActualEndOfScans="0" ActualExecutions="0" ActualExecutionMode="Row"></RunTimeCountersPerThread><RunTimeCountersPerThread Thread="1" ActualRows="0" Batches="0" ActualElapsedms="0" ActualCPUms="0" ActualEndOfScans="0" ActualExecutions="0" ActualExecutionMode="Row"></RunTimeCountersPerThread><RunTimeCountersPerThread Thread="0" ActualRows="0" Batches="0" ActualElapsedms="0" ActualCPUms="0" ActualEndOfScans="0" ActualExecutions="0" ActualExecutionMode="Row"></RunTimeCountersPerThread></RunTimeInformation><StreamAggregate><DefinedValues><DefinedValue><ColumnReference Column="Expr1053"></ColumnReference><ScalarOperator ScalarString="Count(*)"><Aggregate AggType="countstar" Distinct="0"></Aggregate></ScalarOperator></DefinedValue><DefinedValue><ColumnReference Column="Expr1054"></ColumnReference><ScalarOperator ScalarString="ANY([tpch].[dbo].[nation].[N_RegionKey] as [n].[N_RegionKey])"><Aggregate Distinct="0" AggType="ANY"><ScalarOperator><Identifier><ColumnReference Database="[tpch]" Schema="[dbo]" Table="[nation]" Alias="[n]" Column="N_RegionKey"></ColumnReference></Identifier></ScalarOperator></Aggregate></ScalarOperator></DefinedValue></DefinedValues><RelOp NodeId="94" PhysicalOp="Nested Loops" LogicalOp="Inner Join" EstimateRows="1" EstimateIO="0" EstimateCPU="4.18e-06" AvgRowSize="11" EstimatedTotalSubtreeCost="16.9312" Parallel="1" EstimateRebinds="4631.77" EstimateRewinds="0" EstimatedExecutionMode="Row"><OutputList><ColumnReference Database="[tpch]" Schema="[dbo]" Table="[nation]" Alias="[n]" Column="N_RegionKey"></ColumnReference></OutputList><RunTimeInformation><RunTimeCountersPerThread Thread="12" ActualRows="0" Batches="0" ActualElapsedms="0" ActualCPUms="0" ActualEndOfScans="0" ActualExecutions="0" ActualExecutionMode="Row"></RunTimeCountersPerThread><RunTimeCountersPerThread Thread="11" ActualRows="0" Batches="0" ActualElapsedms="0" ActualCPUms="0" ActualEndOfScans="0" ActualExecutions="0" ActualExecutionMode="Row"></RunTimeCountersPerThread><RunTimeCountersPerThread Thread="10" ActualRows="0" Batches="0" ActualElapsedms="0" ActualCPUms="0" ActualEndOfScans="0" ActualExecutions="0" ActualExecutionMode="Row"></RunTimeCountersPerThread><RunTimeCountersPerThread Thread="9" ActualRows="0" Batches="0" ActualElapsedms="0" ActualCPUms="0" ActualEndOfScans="0" ActualExecutions="0" ActualExecutionMode="Row"></RunTimeCountersPerThread><RunTimeCountersPerThread Thread="8" ActualRows="0" Batches="0" ActualElapsedms="0" ActualCPUms="0" ActualEndOfScans="0" ActualExecutions="0" ActualExecutionMode="Row"></RunTimeCountersPerThread><RunTimeCountersPerThread Thread="7" ActualRows="0" Batches="0" ActualElapsedms="0" ActualCPUms="0" ActualEndOfScans="0" ActualExecutions="0" ActualExecutionMode="Row"></RunTimeCountersPerThread><RunTimeCountersPerThread Thread="6" ActualRows="0" Batches="0" ActualElapsedms="0" ActualCPUms="0" ActualEndOfScans="0" ActualExecutions="0" ActualExecutionMode="Row"></RunTimeCountersPerThread><RunTimeCountersPerThread Thread="5" ActualRows="0" Batches="0" ActualElapsedms="0" ActualCPUms="0" ActualEndOfScans="0" ActualExecutions="0" ActualExecutionMode="Row"></RunTimeCountersPerThread><RunTimeCountersPerThread Thread="4" ActualRows="0" Batches="0" ActualElapsedms="0" ActualCPUms="0" ActualEndOfScans="0" ActualExecutions="0" ActualExecutionMode="Row"></RunTimeCountersPerThread><RunTimeCountersPerThread Thread="3" ActualRows="0" Batches="0" ActualElapsedms="0" ActualCPUms="0" ActualEndOfScans="0" ActualExecutions="0" ActualExecutionMode="Row"></RunTimeCountersPerThread><RunTimeCountersPerThread Thread="2" ActualRows="0" Batches="0" ActualElapsedms="0" ActualCPUms="0" ActualEndOfScans="0" ActualExecutions="0" ActualExecutionMode="Row"></RunTimeCountersPerThread><RunTimeCountersPerThread Thread="1" ActualRows="0" Batches="0" ActualElapsedms="0" ActualCPUms="0" ActualEndOfScans="0" ActualExecutions="0" ActualExecutionMode="Row"></RunTimeCountersPerThread><RunTimeCountersPerThread Thread="0" ActualRows="0" Batches="0" ActualElapsedms="0" ActualCPUms="0" ActualEndOfScans="0" ActualExecutions="0" ActualExecutionMode="Row"></RunTimeCountersPerThread></RunTimeInformation><NestedLoops Optimized="0"><OuterReferences><ColumnReference Database="[tpch]" Schema="[dbo]" Table="[customer]" Alias="[c]" Column="C_NationKey"></ColumnReference></OuterReferences><RelOp NodeId="95" PhysicalOp="Nested Loops" LogicalOp="Inner Join" EstimateRows="1" EstimateIO="0" EstimateCPU="4.18e-06" AvgRowSize="11" EstimatedTotalSubtreeCost="16.1762" Parallel="1" EstimateRebinds="4631.77" EstimateRewinds="0" EstimatedExecutionMode="Row"><OutputList><ColumnReference Database="[tpch]" Schema="[dbo]" Table="[customer]" Alias="[c]" Column="C_NationKey"></ColumnReference></OutputList><RunTimeInformation><RunTimeCountersPerThread Thread="12" ActualRows="0" Batches="0" ActualElapsedms="0" ActualCPUms="0" ActualEndOfScans="0" ActualExecutions="0" ActualExecutionMode="Row"></RunTimeCountersPerThread><RunTimeCountersPerThread Thread="11" ActualRows="0" Batches="0" ActualElapsedms="0" ActualCPUms="0" ActualEndOfScans="0" ActualExecutions="0" ActualExecutionMode="Row"></RunTimeCountersPerThread><RunTimeCountersPerThread Thread="10" ActualRows="0" Batches="0" ActualElapsedms="0" ActualCPUms="0" ActualEndOfScans="0" ActualExecutions="0" ActualExecutionMode="Row"></RunTimeCountersPerThread><RunTimeCountersPerThread Thread="9" ActualRows="0" Batches="0" ActualElapsedms="0" ActualCPUms="0" ActualEndOfScans="0" ActualExecutions="0" ActualExecutionMode="Row"></RunTimeCountersPerThread><RunTimeCountersPerThread Thread="8" ActualRows="0" Batches="0" ActualElapsedms="0" ActualCPUms="0" ActualEndOfScans="0" ActualExecutions="0" ActualExecutionMode="Row"></RunTimeCountersPerThread><RunTimeCountersPerThread Thread="7" ActualRows="0" Batches="0" ActualElapsedms="0" ActualCPUms="0" ActualEndOfScans="0" ActualExecutions="0" ActualExecutionMode="Row"></RunTimeCountersPerThread><RunTimeCountersPerThread Thread="6" ActualRows="0" Batches="0" ActualElapsedms="0" ActualCPUms="0" ActualEndOfScans="0" ActualExecutions="0" ActualExecutionMode="Row"></RunTimeCountersPerThread><RunTimeCountersPerThread Thread="5" ActualRows="0" Batches="0" ActualElapsedms="0" ActualCPUms="0" ActualEndOfScans="0" ActualExecutions="0" ActualExecutionMode="Row"></RunTimeCountersPerThread><RunTimeCountersPerThread Thread="4" ActualRows="0" Batches="0" ActualElapsedms="0" ActualCPUms="0" ActualEndOfScans="0" ActualExecutions="0" ActualExecutionMode="Row"></RunTimeCountersPerThread><RunTimeCountersPerThread Thread="3" ActualRows="0" Batches="0" ActualElapsedms="0" ActualCPUms="0" ActualEndOfScans="0" ActualExecutions="0" ActualExecutionMode="Row"></RunTimeCountersPerThread><RunTimeCountersPerThread Thread="2" ActualRows="0" Batches="0" ActualElapsedms="0" ActualCPUms="0" ActualEndOfScans="0" ActualExecutions="0" ActualExecutionMode="Row"></RunTimeCountersPerThread><RunTimeCountersPerThread Thread="1" ActualRows="0" Batches="0" ActualElapsedms="0" ActualCPUms="0" ActualEndOfScans="0" ActualExecutions="0" ActualExecutionMode="Row"></RunTimeCountersPerThread><RunTimeCountersPerThread Thread="0" ActualRows="0" Batches="0" ActualElapsedms="0" ActualCPUms="0" ActualEndOfScans="0" ActualExecutions="0" ActualExecutionMode="Row"></RunTimeCountersPerThread></RunTimeInformation><NestedLoops Optimized="0"><OuterReferences><ColumnReference Database="[tpch]" Schema="[dbo]" Table="[orders]" Alias="[o]" Column="O_CustKey"></ColumnReference></OuterReferences><RelOp NodeId="96" PhysicalOp="Clustered Index Seek" LogicalOp="Clustered Index Seek" EstimateRows="1" EstimatedRowsRead="1" EstimateIO="0.003125" EstimateCPU="0.0001581" AvgRowSize="11" EstimatedTotalSubtreeCost="9.32049" TableCardinality="1.5e+06" Parallel="1" EstimateRebinds="4631.77" EstimateRewinds="0" EstimatedExecutionMode="Row"><OutputList><ColumnReference Database="[tpch]" Schema="[dbo]" Table="[orders]" Alias="[o]" Column="O_CustKey"></ColumnReference></OutputList><RunTimeInformation><RunTimeCountersPerThread Thread="12" ActualRows="0" Batches="0" ActualElapsedms="0" ActualCPUms="0" ActualScans="0" ActualLogicalReads="0" ActualPhysicalReads="0" ActualReadAheads="0" ActualLobLogicalReads="0" ActualLobPhysicalReads="0" ActualLobReadAheads="0" ActualEndOfScans="0" ActualExecutions="0" ActualExecutionMode="Row"></RunTimeCountersPerThread><RunTimeCountersPerThread Thread="11" ActualRows="0" Batches="0" ActualElapsedms="0" ActualCPUms="0" ActualScans="0" ActualLogicalReads="0" ActualPhysicalReads="0" ActualReadAheads="0" ActualLobLogicalReads="0" ActualLobPhysicalReads="0" ActualLobReadAheads="0" ActualEndOfScans="0" ActualExecutions="0" ActualExecutionMode="Row"></RunTimeCountersPerThread><RunTimeCountersPerThread Thread="10" ActualRows="0" Batches="0" ActualElapsedms="0" ActualCPUms="0" ActualScans="0" ActualLogicalReads="0" ActualPhysicalReads="0" ActualReadAheads="0" ActualLobLogicalReads="0" ActualLobPhysicalReads="0" ActualLobReadAheads="0" ActualEndOfScans="0" ActualExecutions="0" ActualExecutionMode="Row"></RunTimeCountersPerThread><RunTimeCountersPerThread Thread="9" ActualRows="0" Batches="0" ActualElapsedms="0" ActualCPUms="0" ActualScans="0" ActualLogicalReads="0" ActualPhysicalReads="0" ActualReadAheads="0" ActualLobLogicalReads="0" ActualLobPhysicalReads="0" ActualLobReadAheads="0" ActualEndOfScans="0" ActualExecutions="0" ActualExecutionMode="Row"></RunTimeCountersPerThread><RunTimeCountersPerThread Thread="8" ActualRows="0" Batches="0" ActualElapsedms="0" ActualCPUms="0" ActualScans="0" ActualLogicalReads="0" ActualPhysicalReads="0" ActualReadAheads="0" ActualLobLogicalReads="0" ActualLobPhysicalReads="0" ActualLobReadAheads="0" ActualEndOfScans="0" ActualExecutions="0" ActualExecutionMode="Row"></RunTimeCountersPerThread><RunTimeCountersPerThread Thread="7" ActualRows="0" Batches="0" ActualElapsedms="0" ActualCPUms="0" ActualScans="0" ActualLogicalReads="0" ActualPhysicalReads="0" ActualReadAheads="0" ActualLobLogicalReads="0" ActualLobPhysicalReads="0" ActualLobReadAheads="0" ActualEndOfScans="0" ActualExecutions="0" ActualExecutionMode="Row"></RunTimeCountersPerThread><RunTimeCountersPerThread Thread="6" ActualRows="0" Batches="0" ActualElapsedms="0" ActualCPUms="0" ActualScans="0" ActualLogicalReads="0" ActualPhysicalReads="0" ActualReadAheads="0" ActualLobLogicalReads="0" ActualLobPhysicalReads="0" ActualLobReadAheads="0" ActualEndOfScans="0" ActualExecutions="0" ActualExecutionMode="Row"></RunTimeCountersPerThread><RunTimeCountersPerThread Thread="5" ActualRows="0" Batches="0" ActualElapsedms="0" ActualCPUms="0" ActualScans="0" ActualLogicalReads="0" ActualPhysicalReads="0" ActualReadAheads="0" ActualLobLogicalReads="0" ActualLobPhysicalReads="0" ActualLobReadAheads="0" ActualEndOfScans="0" ActualExecutions="0" ActualExecutionMode="Row"></RunTimeCountersPerThread><RunTimeCountersPerThread Thread="4" ActualRows="0" Batches="0" ActualElapsedms="0" ActualCPUms="0" ActualScans="0" ActualLogicalReads="0" ActualPhysicalReads="0" ActualReadAheads="0" ActualLobLogicalReads="0" ActualLobPhysicalReads="0" ActualLobReadAheads="0" ActualEndOfScans="0" ActualExecutions="0" ActualExecutionMode="Row"></RunTimeCountersPerThread><RunTimeCountersPerThread Thread="3" ActualRows="0" Batches="0" ActualElapsedms="0" ActualCPUms="0" ActualScans="0" ActualLogicalReads="0" ActualPhysicalReads="0" ActualReadAheads="0" ActualLobLogicalReads="0" ActualLobPhysicalReads="0" ActualLobReadAheads="0" ActualEndOfScans="0" ActualExecutions="0" ActualExecutionMode="Row"></RunTimeCountersPerThread><RunTimeCountersPerThread Thread="2" ActualRows="0" Batches="0" ActualElapsedms="0" ActualCPUms="0" ActualScans="0" ActualLogicalReads="0" ActualPhysicalReads="0" ActualReadAheads="0" ActualLobLogicalReads="0" ActualLobPhysicalReads="0" ActualLobReadAheads="0" ActualEndOfScans="0" ActualExecutions="0" ActualExecutionMode="Row"></RunTimeCountersPerThread><RunTimeCountersPerThread Thread="1" ActualRows="0" Batches="0" ActualElapsedms="0" ActualCPUms="0" ActualScans="0" ActualLogicalReads="0" ActualPhysicalReads="0" ActualReadAheads="0" ActualLobLogicalReads="0" ActualLobPhysicalReads="0" ActualLobReadAheads="0" ActualEndOfScans="0" ActualExecutions="0" ActualExecutionMode="Row"></RunTimeCountersPerThread><RunTimeCountersPerThread Thread="0" ActualRows="0" Batches="0" ActualElapsedms="0" ActualCPUms="0" ActualScans="0" ActualLogicalReads="0" ActualPhysicalReads="0" ActualReadAheads="0" ActualLobLogicalReads="0" ActualLobPhysicalReads="0" ActualLobReadAheads="0" ActualEndOfScans="0" ActualExecutions="0" ActualExecutionMode="Row"></RunTimeCountersPerThread></RunTimeInformation><IndexScan Ordered="1" ScanDirection="FORWARD" ForcedIndex="0" ForceSeek="0" ForceScan="0" NoExpandHint="0" Storage="RowStore"><DefinedValues><DefinedValue><ColumnReference Database="[tpch]" Schema="[dbo]" Table="[orders]" Alias="[o]" Column="O_CustKey"></ColumnReference></DefinedValue></DefinedValues><Object Database="[tpch]" Schema="[dbo]" Table="[orders]" Index="[PK__orders__0F8A1252147E7971]" Alias="[o]" TableReferenceId="4" IndexKind="Clustered" Storage="RowStore"></Object><SeekPredicates><SeekPredicateNew><SeekKeys><Prefix ScanType="EQ"><RangeColumns><ColumnReference Database="[tpch]" Schema="[dbo]" Table="[orders]" Alias="[o]" Column="O_OrderKey"></ColumnReference></RangeColumns><RangeExpressions><ScalarOperator ScalarString="CONVERT_IMPLICIT(bigint,[tpch].[dbo].[lineitem].[L_OrderKey] as [l3].[L_OrderKey],0)"><Convert DataType="bigint" Style="0" Implicit="1"><ScalarOperator><Identifier><ColumnReference Database="[tpch]" Schema="[dbo]" Table="[lineitem]" Alias="[l3]" Column="L_OrderKey"></ColumnReference></Identifier></ScalarOperator></Convert></ScalarOperator></RangeExpressions></Prefix></SeekKeys></SeekPredicateNew></SeekPredicates></IndexScan></RelOp><RelOp NodeId="97" PhysicalOp="Clustered Index Seek" LogicalOp="Clustered Index Seek" EstimateRows="1" EstimatedRowsRead="1" EstimateIO="0.003125" EstimateCPU="0.0001581" AvgRowSize="11" EstimatedTotalSubtreeCost="6.83638" TableCardinality="150000" Parallel="1" EstimateRebinds="4631.77" EstimateRewinds="0" EstimatedExecutionMode="Row"><OutputList><ColumnReference Database="[tpch]" Schema="[dbo]" Table="[customer]" Alias="[c]" Column="C_NationKey"></ColumnReference></OutputList><RunTimeInformation><RunTimeCountersPerThread Thread="12" ActualRows="0" Batches="0" ActualElapsedms="0" ActualCPUms="0" ActualScans="0" ActualLogicalReads="0" ActualPhysicalReads="0" ActualReadAheads="0" ActualLobLogicalReads="0" ActualLobPhysicalReads="0" ActualLobReadAheads="0" ActualEndOfScans="0" ActualExecutions="0" ActualExecutionMode="Row"></RunTimeCountersPerThread><RunTimeCountersPerThread Thread="11" ActualRows="0" Batches="0" ActualElapsedms="0" ActualCPUms="0" ActualScans="0" ActualLogicalReads="0" ActualPhysicalReads="0" ActualReadAheads="0" ActualLobLogicalReads="0" ActualLobPhysicalReads="0" ActualLobReadAheads="0" ActualEndOfScans="0" ActualExecutions="0" ActualExecutionMode="Row"></RunTimeCountersPerThread><RunTimeCountersPerThread Thread="10" ActualRows="0" Batches="0" ActualElapsedms="0" ActualCPUms="0" ActualScans="0" ActualLogicalReads="0" ActualPhysicalReads="0" ActualReadAheads="0" ActualLobLogicalReads="0" ActualLobPhysicalReads="0" ActualLobReadAheads="0" ActualEndOfScans="0" ActualExecutions="0" ActualExecutionMode="Row"></RunTimeCountersPerThread><RunTimeCountersPerThread Thread="9" ActualRows="0" Batches="0" ActualElapsedms="0" ActualCPUms="0" ActualScans="0" ActualLogicalReads="0" ActualPhysicalReads="0" ActualReadAheads="0" ActualLobLogicalReads="0" ActualLobPhysicalReads="0" ActualLobReadAheads="0" ActualEndOfScans="0" ActualExecutions="0" ActualExecutionMode="Row"></RunTimeCountersPerThread><RunTimeCountersPerThread Thread="8" ActualRows="0" Batches="0" ActualElapsedms="0" ActualCPUms="0" ActualScans="0" ActualLogicalReads="0" ActualPhysicalReads="0" ActualReadAheads="0" ActualLobLogicalReads="0" ActualLobPhysicalReads="0" ActualLobReadAheads="0" ActualEndOfScans="0" ActualExecutions="0" ActualExecutionMode="Row"></RunTimeCountersPerThread><RunTimeCountersPerThread Thread="7" ActualRows="0" Batches="0" ActualElapsedms="0" ActualCPUms="0" ActualScans="0" ActualLogicalReads="0" ActualPhysicalReads="0" ActualReadAheads="0" ActualLobLogicalReads="0" ActualLobPhysicalReads="0" ActualLobReadAheads="0" ActualEndOfScans="0" ActualExecutions="0" ActualExecutionMode="Row"></RunTimeCountersPerThread><RunTimeCountersPerThread Thread="6" ActualRows="0" Batches="0" ActualElapsedms="0" ActualCPUms="0" ActualScans="0" ActualLogicalReads="0" ActualPhysicalReads="0" ActualReadAheads="0" ActualLobLogicalReads="0" ActualLobPhysicalReads="0" ActualLobReadAheads="0" ActualEndOfScans="0" ActualExecutions="0" ActualExecutionMode="Row"></RunTimeCountersPerThread><RunTimeCountersPerThread Thread="5" ActualRows="0" Batches="0" ActualElapsedms="0" ActualCPUms="0" ActualScans="0" ActualLogicalReads="0" ActualPhysicalReads="0" ActualReadAheads="0" ActualLobLogicalReads="0" ActualLobPhysicalReads="0" ActualLobReadAheads="0" ActualEndOfScans="0" ActualExecutions="0" ActualExecutionMode="Row"></RunTimeCountersPerThread><RunTimeCountersPerThread Thread="4" ActualRows="0" Batches="0" ActualElapsedms="0" ActualCPUms="0" ActualScans="0" ActualLogicalReads="0" ActualPhysicalReads="0" ActualReadAheads="0" ActualLobLogicalReads="0" ActualLobPhysicalReads="0" ActualLobReadAheads="0" ActualEndOfScans="0" ActualExecutions="0" ActualExecutionMode="Row"></RunTimeCountersPerThread><RunTimeCountersPerThread Thread="3" ActualRows="0" Batches="0" ActualElapsedms="0" ActualCPUms="0" ActualScans="0" ActualLogicalReads="0" ActualPhysicalReads="0" ActualReadAheads="0" ActualLobLogicalReads="0" ActualLobPhysicalReads="0" ActualLobReadAheads="0" ActualEndOfScans="0" ActualExecutions="0" ActualExecutionMode="Row"></RunTimeCountersPerThread><RunTimeCountersPerThread Thread="2" ActualRows="0" Batches="0" ActualElapsedms="0" ActualCPUms="0" ActualScans="0" ActualLogicalReads="0" ActualPhysicalReads="0" ActualReadAheads="0" ActualLobLogicalReads="0" ActualLobPhysicalReads="0" ActualLobReadAheads="0" ActualEndOfScans="0" ActualExecutions="0" ActualExecutionMode="Row"></RunTimeCountersPerThread><RunTimeCountersPerThread Thread="1" ActualRows="0" Batches="0" ActualElapsedms="0" ActualCPUms="0" ActualScans="0" ActualLogicalReads="0" ActualPhysicalReads="0" ActualReadAheads="0" ActualLobLogicalReads="0" ActualLobPhysicalReads="0" ActualLobReadAheads="0" ActualEndOfScans="0" ActualExecutions="0" ActualExecutionMode="Row"></RunTimeCountersPerThread><RunTimeCountersPerThread Thread="0" ActualRows="0" Batches="0" ActualElapsedms="0" ActualCPUms="0" ActualScans="0" ActualLogicalReads="0" ActualPhysicalReads="0" ActualReadAheads="0" ActualLobLogicalReads="0" ActualLobPhysicalReads="0" ActualLobReadAheads="0" ActualEndOfScans="0" ActualExecutions="0" ActualExecutionMode="Row"></RunTimeCountersPerThread></RunTimeInformation><IndexScan Ordered="1" ScanDirection="FORWARD" ForcedIndex="0" ForceSeek="0" ForceScan="0" NoExpandHint="0" Storage="RowStore"><DefinedValues><DefinedValue><ColumnReference Database="[tpch]" Schema="[dbo]" Table="[customer]" Alias="[c]" Column="C_NationKey"></ColumnReference></DefinedValue></DefinedValues><Object Database="[tpch]" Schema="[dbo]" Table="[customer]" Index="[PK__customer__48695B7174053BCB]" Alias="[c]" TableReferenceId="3" IndexKind="Clustered" Storage="RowStore"></Object><SeekPredicates><SeekPredicateNew><SeekKeys><Prefix ScanType="EQ"><RangeColumns><ColumnReference Database="[tpch]" Schema="[dbo]" Table="[customer]" Alias="[c]" Column="C_CustKey"></ColumnReference></RangeColumns><RangeExpressions><ScalarOperator ScalarString="[tpch].[dbo].[orders].[O_CustKey] as [o].[O_CustKey]"><Identifier><ColumnReference Database="[tpch]" Schema="[dbo]" Table="[orders]" Alias="[o]" Column="O_CustKey"></ColumnReference></Identifier></ScalarOperator></RangeExpressions></Prefix></SeekKeys></SeekPredicateNew></SeekPredicates></IndexScan></RelOp></NestedLoops></RelOp><RelOp NodeId="98" PhysicalOp="Clustered Index Seek" LogicalOp="Clustered Index Seek" EstimateRows="1" EstimatedRowsRead="1" EstimateIO="0.003125" EstimateCPU="0.0001581" AvgRowSize="11" EstimatedTotalSubtreeCost="0.735566" TableCardinality="25" Parallel="1" EstimateRebinds="4631.77" EstimateRewinds="0" EstimatedExecutionMode="Row"><OutputList><ColumnReference Database="[tpch]" Schema="[dbo]" Table="[nation]" Alias="[n]" Column="N_RegionKey"></ColumnReference></OutputList><RunTimeInformation><RunTimeCountersPerThread Thread="12" ActualRows="0" Batches="0" ActualElapsedms="0" ActualCPUms="0" ActualScans="0" ActualLogicalReads="0" ActualPhysicalReads="0" ActualReadAheads="0" ActualLobLogicalReads="0" ActualLobPhysicalReads="0" ActualLobReadAheads="0" ActualEndOfScans="0" ActualExecutions="0" ActualExecutionMode="Row"></RunTimeCountersPerThread><RunTimeCountersPerThread Thread="11" ActualRows="0" Batches="0" ActualElapsedms="0" ActualCPUms="0" ActualScans="0" ActualLogicalReads="0" ActualPhysicalReads="0" ActualReadAheads="0" ActualLobLogicalReads="0" ActualLobPhysicalReads="0" ActualLobReadAheads="0" ActualEndOfScans="0" ActualExecutions="0" ActualExecutionMode="Row"></RunTimeCountersPerThread><RunTimeCountersPerThread Thread="10" ActualRows="0" Batches="0" ActualElapsedms="0" ActualCPUms="0" ActualScans="0" ActualLogicalReads="0" ActualPhysicalReads="0" ActualReadAheads="0" ActualLobLogicalReads="0" ActualLobPhysicalReads="0" ActualLobReadAheads="0" ActualEndOfScans="0" ActualExecutions="0" ActualExecutionMode="Row"></RunTimeCountersPerThread><RunTimeCountersPerThread Thread="9" ActualRows="0" Batches="0" ActualElapsedms="0" ActualCPUms="0" ActualScans="0" ActualLogicalReads="0" ActualPhysicalReads="0" ActualReadAheads="0" ActualLobLogicalReads="0" ActualLobPhysicalReads="0" ActualLobReadAheads="0" ActualEndOfScans="0" ActualExecutions="0" ActualExecutionMode="Row"></RunTimeCountersPerThread><RunTimeCountersPerThread Thread="8" ActualRows="0" Batches="0" ActualElapsedms="0" ActualCPUms="0" ActualScans="0" ActualLogicalReads="0" ActualPhysicalReads="0" ActualReadAheads="0" ActualLobLogicalReads="0" ActualLobPhysicalReads="0" ActualLobReadAheads="0" ActualEndOfScans="0" ActualExecutions="0" ActualExecutionMode="Row"></RunTimeCountersPerThread><RunTimeCountersPerThread Thread="7" ActualRows="0" Batches="0" ActualElapsedms="0" ActualCPUms="0" ActualScans="0" ActualLogicalReads="0" ActualPhysicalReads="0" ActualReadAheads="0" ActualLobLogicalReads="0" ActualLobPhysicalReads="0" ActualLobReadAheads="0" ActualEndOfScans="0" ActualExecutions="0" ActualExecutionMode="Row"></RunTimeCountersPerThread><RunTimeCountersPerThread Thread="6" ActualRows="0" Batches="0" ActualElapsedms="0" ActualCPUms="0" ActualScans="0" ActualLogicalReads="0" ActualPhysicalReads="0" ActualReadAheads="0" ActualLobLogicalReads="0" ActualLobPhysicalReads="0" ActualLobReadAheads="0" ActualEndOfScans="0" ActualExecutions="0" ActualExecutionMode="Row"></RunTimeCountersPerThread><RunTimeCountersPerThread Thread="5" ActualRows="0" Batches="0" ActualElapsedms="0" ActualCPUms="0" ActualScans="0" ActualLogicalReads="0" ActualPhysicalReads="0" ActualReadAheads="0" ActualLobLogicalReads="0" ActualLobPhysicalReads="0" ActualLobReadAheads="0" ActualEndOfScans="0" ActualExecutions="0" ActualExecutionMode="Row"></RunTimeCountersPerThread><RunTimeCountersPerThread Thread="4" ActualRows="0" Batches="0" ActualElapsedms="0" ActualCPUms="0" ActualScans="0" ActualLogicalReads="0" ActualPhysicalReads="0" ActualReadAheads="0" ActualLobLogicalReads="0" ActualLobPhysicalReads="0" ActualLobReadAheads="0" ActualEndOfScans="0" ActualExecutions="0" ActualExecutionMode="Row"></RunTimeCountersPerThread><RunTimeCountersPerThread Thread="3" ActualRows="0" Batches="0" ActualElapsedms="0" ActualCPUms="0" ActualScans="0" ActualLogicalReads="0" ActualPhysicalReads="0" ActualReadAheads="0" ActualLobLogicalReads="0" ActualLobPhysicalReads="0" ActualLobReadAheads="0" ActualEndOfScans="0" ActualExecutions="0" ActualExecutionMode="Row"></RunTimeCountersPerThread><RunTimeCountersPerThread Thread="2" ActualRows="0" Batches="0" ActualElapsedms="0" ActualCPUms="0" ActualScans="0" ActualLogicalReads="0" ActualPhysicalReads="0" ActualReadAheads="0" ActualLobLogicalReads="0" ActualLobPhysicalReads="0" ActualLobReadAheads="0" ActualEndOfScans="0" ActualExecutions="0" ActualExecutionMode="Row"></RunTimeCountersPerThread><RunTimeCountersPerThread Thread="1" ActualRows="0" Batches="0" ActualElapsedms="0" ActualCPUms="0" ActualScans="0" ActualLogicalReads="0" ActualPhysicalReads="0" ActualReadAheads="0" ActualLobLogicalReads="0" ActualLobPhysicalReads="0" ActualLobReadAheads="0" ActualEndOfScans="0" ActualExecutions="0" ActualExecutionMode="Row"></RunTimeCountersPerThread><RunTimeCountersPerThread Thread="0" ActualRows="0" Batches="0" ActualElapsedms="0" ActualCPUms="0" ActualScans="0" ActualLogicalReads="0" ActualPhysicalReads="0" ActualReadAheads="0" ActualLobLogicalReads="0" ActualLobPhysicalReads="0" ActualLobReadAheads="0" ActualEndOfScans="0" ActualExecutions="0" ActualExecutionMode="Row"></RunTimeCountersPerThread></RunTimeInformation><IndexScan Ordered="1" ScanDirection="FORWARD" ForcedIndex="0" ForceSeek="0" ForceScan="0" NoExpandHint="0" Storage="RowStore"><DefinedValues><DefinedValue><ColumnReference Database="[tpch]" Schema="[dbo]" Table="[nation]" Alias="[n]" Column="N_RegionKey"></ColumnReference></DefinedValue></DefinedValues><Object Database="[tpch]" Schema="[dbo]" Table="[nation]" Index="[PK__nation__BD377952AE350C6C]" Alias="[n]" TableReferenceId="4" IndexKind="Clustered" Storage="RowStore"></Object><SeekPredicates><SeekPredicateNew><SeekKeys><Prefix ScanType="EQ"><RangeColumns><ColumnReference Database="[tpch]" Schema="[dbo]" Table="[nation]" Alias="[n]" Column="N_NationKey"></ColumnReference></RangeColumns><RangeExpressions><ScalarOperator ScalarString="[tpch].[dbo].[customer].[C_NationKey] as [c].[C_NationKey]"><Identifier><ColumnReference Database="[tpch]" Schema="[dbo]" Table="[customer]" Alias="[c]" Column="C_NationKey"></ColumnReference></Identifier></ScalarOperator></RangeExpressions></Prefix></SeekKeys></SeekPredicateNew></SeekPredicates></IndexScan></RelOp></NestedLoops></RelOp></StreamAggregate></RelOp><Predicate><ScalarOperator ScalarString="CASE WHEN [Expr1053]&gt;(1) THEN (0) ELSE NULL END"><IF><Condition><ScalarOperator><Compare CompareOp="GT"><ScalarOperator><Identifier><ColumnReference Column="Expr1053"></ColumnReference></Identifier></ScalarOperator><ScalarOperator><Const ConstValue="(1)"></Const></ScalarOperator></Compare></ScalarOperator></Condition><Then><ScalarOperator><Const ConstValue="(0)"></Const></ScalarOperator></Then><Else><ScalarOperator><Const ConstValue="NULL"></Const></ScalarOperator></Else></IF></ScalarOperator></Predicate></Assert></RelOp></NestedLoops></RelOp></Concat></RelOp></NestedLoops></RelOp></RowCountSpool></RelOp></NestedLoops></RelOp></Hash></RelOp></ComputeScalar></RelOp></Sort></RelOp></Parallelism></RelOp></QueryPlan></StmtSimple></Statements></Batch></BatchSequence></ShowPlanXML>